=== RUN   TestReplicate
--- PASS: TestReplicate (0.00s)
=== RUN   TestGenerateCorpus
--- PASS: TestGenerateCorpus (0.00s)
=== RUN   FuzzABI
=== RUN   FuzzABI/00262a58c16304065ee41872c2b8786ded057d79
=== RUN   FuzzABI/00784977420c5f24746be264304182c824baef4c
=== RUN   FuzzABI/0091ac7c94b29def0c32eb13d9b24112b7079d52
=== RUN   FuzzABI/00a93a4e807481410976fe4756509305c2f44471
=== RUN   FuzzABI/00b9cc0bf1c104d6a63c9b78344541b39f2ac902
=== RUN   FuzzABI/011f34e306ced5ebd38395792d93f8cab14c19d2
=== RUN   FuzzABI/01f918fc1871d5f2f541092c8393cdad101f311f
=== RUN   FuzzABI/0352d4d22310b94ccb103d8a4b11c1cbb0706352
=== RUN   FuzzABI/037bb2451d0b23759529e119e40bde2cd64548fe
=== RUN   FuzzABI/038268d9a2c7293fb053703bd4c46c49ff290f99
=== RUN   FuzzABI/03a59601e070bb5a4be7f8a9e55f5ea4c399db83
=== RUN   FuzzABI/03afc90af6f1390e571e0335da325323d1d36971
=== RUN   FuzzABI/03e7cdc7d70408e2b349d7c083bbd88fac39158c
=== RUN   FuzzABI/04840fcb1b691d96ae95896e46652c7b5aa55b7b
=== RUN   FuzzABI/05f90f51a48121cb54d9e99246d051d2b5986623
=== RUN   FuzzABI/0697800b8f1a877f94900d441609eb496e76610d
=== RUN   FuzzABI/07568c8719927416e5704334a5d5395c4fa127c0
=== RUN   FuzzABI/07b78345c08cde9e7f6be237950339be50cc0d60
=== RUN   FuzzABI/0966b6cffdb3a634fbdadba6b9b62c2340d51e25
=== RUN   FuzzABI/0ab6134bd47b1a75839898311b26a176d3dfb350
=== RUN   FuzzABI/0b2815a4201cd60774be3009b72441ff4a311605
=== RUN   FuzzABI/0b590a9f51e06b330f0126898c5bfa10c1dfaaef
=== RUN   FuzzABI/0bc38b47dd094c43eaa0401dbeba7ee007eebaea
=== RUN   FuzzABI/0c67801277b07013c3910a644496f8591db14fff
=== RUN   FuzzABI/0ce93509b5b8d485fed1befafc594e1ab9ebb035
=== RUN   FuzzABI/0e8479f747c4a080e8ba3da97dc8a7224315e614
=== RUN   FuzzABI/0f275ba3a848ec940dc4e64262e24dfd3df1940d
=== RUN   FuzzABI/1311ab1c7bbb5d61949247cf0fd3ac892aefc2b9
=== RUN   FuzzABI/132c79eb735f8ce2816a755c6fe3ebf5dc456ac3
=== RUN   FuzzABI/13dc760295b8448c75cd8b26b4d6f47140b323c2
=== RUN   FuzzABI/1401a851ba0e1e11d7eaa45ada9ebee2c7fabdcf
=== RUN   FuzzABI/15ff5d48ece1c789712b881cedd80defe3087491
=== RUN   FuzzABI/162695de3f06449377f5610adbfccf87c57a77cf
=== RUN   FuzzABI/16d29f436847f48e8bb731e6f117d9caba6be048
=== RUN   FuzzABI/182e9ca06d4e9d94c2a6fdacaf373d1eb323090b
=== RUN   FuzzABI/18c3ca2f7cf05c20f5695e563b129f498b85c5a5
=== RUN   FuzzABI/19589583aebbfa09d6599a0a33fca3bd5a275142
=== RUN   FuzzABI/19a6a7011512602abc675060228049c0bfb2cf7c
=== RUN   FuzzABI/19d5ca337a5d9d2ffa2b9547e2a809514b56f781
=== RUN   FuzzABI/1a82665b2911f6ac791974c6c66d9e890a85e869
=== RUN   FuzzABI/1ad6d63bf5ba4323a7d5593d70de8ae1653d1815
=== RUN   FuzzABI/1ad71167e18cd29632e2ba60a9902caefe0a7b72
=== RUN   FuzzABI/1be3ff925849f49b30f433a5d5807c71c5adb2ab
=== RUN   FuzzABI/1e388660ef4b279910bd20e7cc6f696e56e186f7
=== RUN   FuzzABI/1eb50c16a8dae5e2793552c2cb0cb549e4894b81
=== RUN   FuzzABI/1ec1c6ba1ccc13f136e11816a5712c91c4d6ae77
=== RUN   FuzzABI/1edff6ea530fc87a3aa08b7fbbbc6836835639e7
=== RUN   FuzzABI/1f6e0f993a48b2bff9a596fdffb4fabcd7657a4e
=== RUN   FuzzABI/1fb1786a3c603febc182f57eca81ce4ccd1d152d
=== RUN   FuzzABI/21399cefccec527a92c65efb1af9a8947a32fbcb
=== RUN   FuzzABI/21cfd5475b6654ba3f819568f830bfb9bd685712
=== RUN   FuzzABI/21e96f759850f35c7742caed5a11c3280f7bcb04
=== RUN   FuzzABI/22ce1ab298f3d3bbf3c9e76ca38d66a8d04134f2
=== RUN   FuzzABI/22dd17d99abca7cb3e54dd3f9f8073ce3c0fabe1
=== RUN   FuzzABI/240db6f721ac4d1e55853601b4cda94866c5498c
=== RUN   FuzzABI/246ea3d702ec26b60aae7de913443af9a41b4d88
=== RUN   FuzzABI/24e17cf0dd63045f80c3c629da1a2318bf86fdbd
=== RUN   FuzzABI/25131b47abf5c16ebee3cd3bfb742df4ac125fc2
=== RUN   FuzzABI/25da7e87c8ea9b828a0b08d04d8a1d0b4075ae20
=== RUN   FuzzABI/25eb7e9fac7bf97ede035e3070b806da5d857711
=== RUN   FuzzABI/27242b57997faaf34e2c589bd878561aec0c4c52
=== RUN   FuzzABI/273a6f3ea80a6d6cf49e291b0c6d2aed0f82306d
=== RUN   FuzzABI/27c15ebf0f2d988dc682e98132e55781e78f3ce2
=== RUN   FuzzABI/2837a74f95855ea3ae3c7559d03afeac7056fcee
=== RUN   FuzzABI/28ed3a797da3c48c309a4ef792147f3c56cfec40
=== RUN   FuzzABI/296f65ea99f7e47eacafc0b015780324fef7cab3
=== RUN   FuzzABI/29b414fedf8859fa03517fe21c842abe003315a8
=== RUN   FuzzABI/29f03323e2db1c9da0cf5034f78697bbff526689
=== RUN   FuzzABI/29fcbb99bb0e8cfbe189c0045222c0b5331123a7
=== RUN   FuzzABI/2a78aca396c34ad1a8605821e4aa546eefee48d5
=== RUN   FuzzABI/2baf7df6277de9aa320a310305620f55fddb0966
=== RUN   FuzzABI/2d5440f3efde9f17741adf65de6eb0555e055ea4
=== RUN   FuzzABI/2f388e8d3dbb8f7e30575c981d3dc6dd4fa6527d
=== RUN   FuzzABI/2f5be94d1fa973595cf73ea8147a189074bd802f
=== RUN   FuzzABI/309b40a65b3e57c4e5a1487a867b4e399e48833f
=== RUN   FuzzABI/30ba0e580993418546cb555df4c2f0905fca0342
=== RUN   FuzzABI/319e5466cf5f4628346d3b7838dfb538ef4061db
=== RUN   FuzzABI/31f196a3480464a1a1e376ad9de6172b2f5dc2d2
=== RUN   FuzzABI/321409e412220891f558fcd8394e1d886d8f52ba
=== RUN   FuzzABI/328b7fdf3c25bcc501c121b0fd1558b08f20d4b9
=== RUN   FuzzABI/3384b897dc9eb11b72a4949537bc5735fbae6067
=== RUN   FuzzABI/33f99eb9cb67e1049b41e6754a45b0d7010c105c
=== RUN   FuzzABI/347a6902d690af5bfeee762f27c72d9a03e07fb8
=== RUN   FuzzABI/3501d49881e176d7c8c5ea22609ff4f97542a773
=== RUN   FuzzABI/35c4ee78a6459831be49c261002c19d6c0f16d7d
=== RUN   FuzzABI/364c226590292b88988fb5bf10428035ffeba8ff
=== RUN   FuzzABI/36a7e58016b8175aa356dcb8ef469bd94c89489f
=== RUN   FuzzABI/36e552f7bc2386edb74e35e4c89054dbe89db785
=== RUN   FuzzABI/36ec7896b161b81a2f42be3a15f271ceb0d561fd
=== RUN   FuzzABI/3777bd9f80395c1f5c4729dbca3dd157fdd9cbcc
=== RUN   FuzzABI/39fbe827362f1579cb23502c19613b3be3291ef8
=== RUN   FuzzABI/3a3d0fcf52b00998ab0740b19274150b0148fde5
=== RUN   FuzzABI/3b701fc5ab9d30baf9b026207292a652632d0a80
=== RUN   FuzzABI/3b98e905d6e7ea4e83162e6b482c7589372e6a1b
=== RUN   FuzzABI/3d6cbbf680324b695a79181518e872ba97c920c8
=== RUN   FuzzABI/3db7b594136c373693abf7abbc0285d066968ea6
=== RUN   FuzzABI/40e562745e2cc9673ee1561770c5eb8e40c1e124
=== RUN   FuzzABI/4164fb422f5cdbf02555ae94facf2d434b7dba36
=== RUN   FuzzABI/416b76c454460221dd9767609880704fa00fa64b
=== RUN   FuzzABI/416c917aa10eda8b38d6f8917da84b293abd0721
=== RUN   FuzzABI/428950f5a9b3a2bd71f574122797dd862aed4e72
=== RUN   FuzzABI/4295829cfe45ded45c9f7730ed4ae60f0817210f
=== RUN   FuzzABI/42ba31a00f84330898b68ef3ca48f12aef89c682
=== RUN   FuzzABI/42bfda1a09557e94c3bd0c7510af090503babb75
=== RUN   FuzzABI/42de25ba61cb8606a0bc381bdf311d80efe7d76e
=== RUN   FuzzABI/4343fd926c231b5b6d7b427f45f017bd62f7382c
=== RUN   FuzzABI/43f73e72a02329df20e058e742148c7e63cc829b
=== RUN   FuzzABI/463035172a1c615d17293be15439ee0eaee29b32
=== RUN   FuzzABI/4af021d76ba6036cafb83f1a40be554c0f8f7c2a
=== RUN   FuzzABI/4b3b244aa6a85ca88465319f8be2d20fa2de6603
=== RUN   FuzzABI/4bf19bfafc0ec2bae701adfc56f697ae09f7e603
=== RUN   FuzzABI/4de6789d1039b5b395791531259932460d3e4328
=== RUN   FuzzABI/4f2b0f279027ddaa070ddcc9492be47443090651
=== RUN   FuzzABI/51cc8de6ff4c097539053e40ea0a18f8994bf042
=== RUN   FuzzABI/5237bc974d7c857f7de4a2ad254ef8245f3c9c99
=== RUN   FuzzABI/5344f2889356cc3e758c96ded21f745a81b245bd
=== RUN   FuzzABI/53dd16d4a5cf0f6fdf9bc75a6421b47668f35947
=== RUN   FuzzABI/551ef0da4cf213069537e1e03fb151d748432ef0
=== RUN   FuzzABI/55a667b7b07865615f025d0bb199df61768b805b
=== RUN   FuzzABI/5979dbd3751a765e997587ee5763ae1efb9c895d
=== RUN   FuzzABI/59a51f2b84450358799fe4a9e995033b875d91ac
=== RUN   FuzzABI/5acf5b8ae9939560905b3178cdbca11aac6e0425
=== RUN   FuzzABI/5b253fd80a1846f754390620c69fd6595c097f13
=== RUN   FuzzABI/5c10fd5b12a730cb789ae9f704584bb11be417ae
=== RUN   FuzzABI/5c2408c3626eb27350dd3288f8ce31cbdbcd5c46
=== RUN   FuzzABI/5cb5b0fc531248f51d7ce404f132c5ee139274a7
=== RUN   FuzzABI/5d14bca1b0ab17384713e31a95590b22b2586b09
=== RUN   FuzzABI/605ae4f56633b8e52f0abfc13f89d862d25f1888
=== RUN   FuzzABI/6141f6577a2974f5b73db5ddf84525c6cacefe6c
=== RUN   FuzzABI/615734eb5477f35652dd2cb0c29fec091b13a981
=== RUN   FuzzABI/6212b386559b622e0044ae5eeda5beb35cedee7c
=== RUN   FuzzABI/631baeb5ba5d45724c5f5aa8da594f7bff4107e8
=== RUN   FuzzABI/63bdecbe87f3069353b0c2297c979b04073dcb73
=== RUN   FuzzABI/63e7e4780c4dd734baee0c5d7c6c4a5ec650c5c0
=== RUN   FuzzABI/65745639619cd00a7c1574a2a13a2b3a899cb5ac
=== RUN   FuzzABI/6602dccb974cc3d3447d541cb8ff8125d8623d4e
=== RUN   FuzzABI/66a952dd1db236093eb904c55808bd16832a0e22
=== RUN   FuzzABI/66c187fc64e72d37e516c4456e0df720372dd9ef
=== RUN   FuzzABI/68201b66888036ba493437387d55174fa20253b7
=== RUN   FuzzABI/698c23f8828ad5571aeda71d138f74b7288c2742
=== RUN   FuzzABI/6c1530190707774a65b6af8d59d7ed09c34c831b
=== RUN   FuzzABI/6cbb5cc0f26c0a537ad7da8ffa7d445b66b7ff6f
=== RUN   FuzzABI/6d7c97b1f20881e534cb7a96f6ab24a6947ffdbc
=== RUN   FuzzABI/6e5e478e1974d82fc66384c789682e2b5443c652
=== RUN   FuzzABI/6ff3e427cb63574f590eea54fc604acce282faff
=== RUN   FuzzABI/708c54fa7ff02a841983f3b84825054bf1b18f91
=== RUN   FuzzABI/714679578cacb2309d24ec74a56173e2f72224d7
=== RUN   FuzzABI/7149cd12d08c6da304bfbe281e8f184bbc07eb31
=== RUN   FuzzABI/71853c6197a6a7f222db0f1978c7cb232b87c5ee
=== RUN   FuzzABI/71e7634eb3049712ccd5fe64bb61e30935013cf5
=== RUN   FuzzABI/73348fc9a79f346ceb4229564d9e838bdef096fa
=== RUN   FuzzABI/736cddfe6658a991be5bb856046f0065699d209a
=== RUN   FuzzABI/73a417020df8c0bdd17d123e03ead537108aa700
=== RUN   FuzzABI/73b9790383993c71ccae3e6c61c6b652c8978dee
=== RUN   FuzzABI/73f1fbd18a7da403590950f959be6dd6a7e33f1e
=== RUN   FuzzABI/74c7f5313f52a8107a7dd7ddba35586ce6dee963
=== RUN   FuzzABI/760cddb4215ece2cfdaa7cfe8270e9c562a14420
=== RUN   FuzzABI/76666109b95c6e2be52b9e432b00d0cac243834d
=== RUN   FuzzABI/76bde29bfa0c39a5752bbd7b4f010b81307cb7dc
=== RUN   FuzzABI/76eae5456e60851e16a27b304b4fb579f4e6664d
=== RUN   FuzzABI/7712c614316a7ecac432dec136b942d5dce8a4e2
=== RUN   FuzzABI/7741476fce76390a9bdf33639ab2a55a33244e06
=== RUN   FuzzABI/779f857f8b8e4d89708ddfbcdfa7c435d78b4b34
=== RUN   FuzzABI/78663147ee11be31657dd9390ed78b13e7d466d7
=== RUN   FuzzABI/7a1777c785207cb735ecb3e9c7db301f95a4dc79
=== RUN   FuzzABI/7aabd77268350f1b363b96969c999fc2d6fb62a7
=== RUN   FuzzABI/7b075689e93324a0505f71bbeab973dc3a83cf63
=== RUN   FuzzABI/7b5fadee2413d3e35c7a1a30eb1e27065919e969
=== RUN   FuzzABI/7bd4258f4c8b099a33cd20ff2d44254982cb660d
=== RUN   FuzzABI/7be4918205bde98f29598878bb076780ddd96946
=== RUN   FuzzABI/7be60650314546806ec0e690f571222b5bea5035
=== RUN   FuzzABI/7c0bfe398a10e92d82261c94273aa49d8abc8215
=== RUN   FuzzABI/7c2785643ec5bc95ef2cc2d9b520257e03322d77
=== RUN   FuzzABI/7ca5facaa36fbddd9b92f740e133dfa9134387e7
=== RUN   FuzzABI/7caf96a28de8ba2ac0bc8313baf11b690b90e9fc
=== RUN   FuzzABI/7d3747d386889c48942a6c29ce5f98234a9caf07
=== RUN   FuzzABI/7d932091a7b29319b8ab1f8aa3c74b44359b1ee3
=== RUN   FuzzABI/7dce062d98ac9be234b6424b72aff32bd3448cc3
=== RUN   FuzzABI/7df8c75e1d161348ea7bd1f889c7814c5ff04b50
=== RUN   FuzzABI/7e445509b68ef2233dbecdfc6a97e4ea07837ea6
=== RUN   FuzzABI/80568fbce3156f5947c95475a9d982126be81745
=== RUN   FuzzABI/8105e7bfae8744f81bd7aa03d3b5276b27c5a05a
=== RUN   FuzzABI/81d9cfcc885861c8cdc0158e5fa71e576208948c
=== RUN   FuzzABI/832ab2fe1d588ef2e829004e6a922452f11f6dd8
=== RUN   FuzzABI/835592223d10b492f62d58a6c1c03bfaef0a2fc0
=== RUN   FuzzABI/83eb9859fbd81fd5f832488cfcde1ffb0c44cd28
=== RUN   FuzzABI/844ad6fdb2e13803faf8d3f3f4357724e9085e24
=== RUN   FuzzABI/8456db2ac33680f1896b1f36622bebe74041dce4
=== RUN   FuzzABI/846ad24038d3fba49c70dca3b0806c645f5c6828
=== RUN   FuzzABI/848f015ea304d77bb6cdd0e617fdeca24c8d3968
=== RUN   FuzzABI/850e7f0a34b2f188a96f6af15d3813c8dd457c88
=== RUN   FuzzABI/85caa10d8eea5538c08cf8d5fc0ded0281163312
=== RUN   FuzzABI/8656b8179a711edafa41d07f16c3f11b179acaf9
=== RUN   FuzzABI/86ce8322a036ea0090eddc0c51cb98edc8a772e2
=== RUN   FuzzABI/86f36dd6797168ec3a98b2d16bfff1c49e9dc185
=== RUN   FuzzABI/86f4dfc6d5b061064e702afeba4e7020898ce872
=== RUN   FuzzABI/879fd3c515881e2f112ec42694d2d1f62edd504b
=== RUN   FuzzABI/87f7144e3d968e21271ef6a25e6c5ae58c0e2f2b
=== RUN   FuzzABI/881e61542ff58b15d1f03b51a0422b762b11e448
=== RUN   FuzzABI/88c9d9849c05c51a603ea0e6f5cab634c071ac97
=== RUN   FuzzABI/8a5a0eebe0d8503ab805ddb576e663b6b832936d
=== RUN   FuzzABI/8a5d42dcbb9f30a0d0da424e9a6390302a52046b
=== RUN   FuzzABI/8bd13de54974a6052de89dcc31e2d5ac3aa1dd2b
=== RUN   FuzzABI/8c7e3a715a60e7b8f0177c91ed7b2b1782ac20e5
=== RUN   FuzzABI/8d33e6d893c53e493aa449ad88432c5f79824c2b
=== RUN   FuzzABI/8e6e8704804c6ef21ec5076f5ffc616c2abdea83
=== RUN   FuzzABI/8f112952d8ec8c06ee561d8f9076e559381f5948
=== RUN   FuzzABI/8fa5964dea0dc5f26dadee56550720125de1a2f8
=== RUN   FuzzABI/8fb1af707b6eadeaf9ff2b9eee55031228251154
=== RUN   FuzzABI/9021c5061c617f9ed3ef5f81d1f0748dd3ba2bdc
=== RUN   FuzzABI/9069ca78e7450a285173431b3e52c5c25299e473
=== RUN   FuzzABI/90784ab182bfb163638450e5c27296b5092f946a
=== RUN   FuzzABI/9182d0c5cb8091de73713e0a9d8c0ba04685e170
=== RUN   FuzzABI/9354a9bd2bf7f0c429b66b73946c9024456b4b1f
=== RUN   FuzzABI/9508881d4620f4e31514f55e477d4585bd3ff411
=== RUN   FuzzABI/9657a5dd70a9ad7e0244e369b4c271eeb5f673a1
=== RUN   FuzzABI/9834cdf3a9e9e7467a81d1335936fa5329429aae
=== RUN   FuzzABI/98c18b25d7df08587259b344109c72ebee1f2941
=== RUN   FuzzABI/98daf7d3507a12e6675c93eea537d2fa2a27c32b
=== RUN   FuzzABI/9a8a09e1a19f6fa17ebf90efd427a58acfbbb918
=== RUN   FuzzABI/9b4b0712ac2669cb9b528406adae516db5e5d5de
=== RUN   FuzzABI/9c35cc9ecfa8459dea0147897afccf4a0e6e9587
=== RUN   FuzzABI/9c9420c7cfc346bb54f7ac93e76a56ffc26dacd7
=== RUN   FuzzABI/9d92a7311c77794bad46cf77627a398ec5b4ae64
=== RUN   FuzzABI/9ecbcf2c9df2b916321e9aabb906d9f5f3c1ec4d
=== RUN   FuzzABI/9ff46137b688bde45a98527b0f6983f5741e9a91
=== RUN   FuzzABI/a054368e4b08034e1b6a6756adbbba99bda9c391
=== RUN   FuzzABI/a0600e1f7b66757ff5c301db1b3e74723edb484e
=== RUN   FuzzABI/a074160f7f09663765e8f254decffde60fb0e0f2
=== RUN   FuzzABI/a08541b401c4fb96d55221d6a5cc77754d93f162
=== RUN   FuzzABI/a25bdfe52f614ff01037a4f0362466215107ac84
=== RUN   FuzzABI/a2c85bfb34d09316aafaa7e65ab9ecf7f9180647
=== RUN   FuzzABI/a2cce93402f2c18a4784dfc2095102c266ee7a1a
=== RUN   FuzzABI/a3021b9b51f3c1e7258ce6121c4e2ee83a76bcf0
=== RUN   FuzzABI/a4a2bc781c90732dbb549b1a85b13b90bb07b35b
=== RUN   FuzzABI/a4a9a0e0dddbe76f9f3ca730dab7cd551c77f865
=== RUN   FuzzABI/a4ad57c16fa4c73f7b7871e4e780b31dce5e69c4
=== RUN   FuzzABI/a57f31638b5fe6ef3655abbb99fa89de8a83ddde
=== RUN   FuzzABI/a5e8736ead7cc9d1e799596b0412a53aecaf6996
=== RUN   FuzzABI/a6d2bd40299ae44665a246befd31825f5e63f2a2
=== RUN   FuzzABI/a7ce3aa0f1ad20698319f273d74c9e2dd7439c02
=== RUN   FuzzABI/a8c071193e0c7f715d346fb94f9714e8e18ee291
=== RUN   FuzzABI/a94a8b0022338a2749ba74a02041dee3cbbb5241
=== RUN   FuzzABI/a9fb544243b87189cb6b6dbfe17329e422a2bfee
=== RUN   FuzzABI/aa9056c32141844ef0c435b5bf6a3df70a316058
=== RUN   FuzzABI/ab1fa0da43dc035eaafaf745a8de5c0c2751e465
=== RUN   FuzzABI/ac4f88fe91fe8e356634244c31231e868f450351
=== RUN   FuzzABI/acd992799442ec14b3097cbe008f2d577b236867
=== RUN   FuzzABI/ae1bf552f6f6970f5afb656f22805cc3f7f59e84
=== RUN   FuzzABI/ae66f2817711003015ef12699827370cd428b558
=== RUN   FuzzABI/afc2b9c5d60b56169707eb360fb9adefa4550aba
=== RUN   FuzzABI/b1dcb8276ad4e9c71e3975c8fb5034a1fa2eaa27
=== RUN   FuzzABI/b1fa3b38599624d7bcbafa76088d75d436ea1972
=== RUN   FuzzABI/b25c8fb4228825e2a224d7a9b840a45cd5cc9cfe
=== RUN   FuzzABI/b34437daf0500a4c896a7f180a679d3740e165e4
=== RUN   FuzzABI/b43e6279e3558e10829ff158fb53a4744b5f6f00
=== RUN   FuzzABI/b4ea4e790e53458b847c83510346cb2b4eacf9e2
=== RUN   FuzzABI/b5968c5b3243f7eca13764318bc138c716c4ab28
=== RUN   FuzzABI/b5a0dbe50671ef471fe2c0bc7f42911e719c6b42
=== RUN   FuzzABI/b65bcf20fc8c42f88e44431d821cefb6a33fc4ec
=== RUN   FuzzABI/b6980a5c846ea845e8aeac66263c0d93751d623e
=== RUN   FuzzABI/b6d8a7265dc6547ed4e9987aa0a54765de8aa928
=== RUN   FuzzABI/b6fb175effc324c930689b7d00e368ce581210d0
=== RUN   FuzzABI/b7196ecce3bae1ca08b07abf89f105082395fa45
=== RUN   FuzzABI/b7f58b48a4d7a9ed7881cecf5ca4bf4e64776328
=== RUN   FuzzABI/b9b45bcdec0e79e266f0e247a48011a4d96ace89
=== RUN   FuzzABI/ba0d4f1d2f4033644087cc36edc42871e91f225e
=== RUN   FuzzABI/baea8eebc8f6dfc295cc148bb9885552cd5629ae
=== RUN   FuzzABI/bb7f1f472e89e7797994567f051a4537e2fd3300
=== RUN   FuzzABI/bbb3778d06668285b2d1268f09d3d2b5dabe15cc
=== RUN   FuzzABI/bbbe10fd71a45106788115f7c8077306e6b41a63
=== RUN   FuzzABI/bc984c5920e4650163e619d49c81ed80983f6115
=== RUN   FuzzABI/bceb3d89dbb143861e8e2dbd347fd8b346766880
=== RUN   FuzzABI/bcfb41338aae81f4744d34d934153338327a1cfc
=== RUN   FuzzABI/bd576f551ab1bff0ab12b7674673f6e17c7fd549
=== RUN   FuzzABI/be604803c9b9bbc786d34e5e462cdf200641f570
=== RUN   FuzzABI/be683b79213f106619e4991bddb1f3ac1ff6ad6d
=== RUN   FuzzABI/bec6a2e9da2024e552f2769d4c81ef76c2764058
=== RUN   FuzzABI/bee31d9a88e15683b8c97705b9a4a5192996fa54
=== RUN   FuzzABI/bef54b26fbd9e1c56bc83331fe2ea006d8ab7d6f
=== RUN   FuzzABI/bf11f686f3a9b5c6a3cd0dffd5d1ccf0b0d2e65d
=== RUN   FuzzABI/bf36e491c9939ba98e50db76df80e385a7feb481
=== RUN   FuzzABI/bfa208e14b3f88183079437951b3803a7ddd64e2
=== RUN   FuzzABI/c0cf98732d5f639439d661402903526ed6f8f957
=== RUN   FuzzABI/c1efcbea67054c934b967c0338ad7ecf9eb94566
=== RUN   FuzzABI/c22dd12bf177c2a916962ed49fb7ca751443fa79
=== RUN   FuzzABI/c282778507d342aa9c2b4633cd83227dd1d9a3f4
=== RUN   FuzzABI/c561d1d9ec47de85ac8469d05e964b9bf75af2e9
=== RUN   FuzzABI/c5c2e9ab4ef0d73c0083a24f6c941e4c2041c588
=== RUN   FuzzABI/c66139938e6c917eeb46e28b3f861adf89a23385
=== RUN   FuzzABI/c6cba62822a819689a44b9c43f8a4189a666c391
=== RUN   FuzzABI/c6ffc214865403a1915d1724a39811ff9be6d62c
=== RUN   FuzzABI/c7536a2a43e79b7257f82d20efe623e6f84ebcb3
=== RUN   FuzzABI/c7971ec56177e9dcba25415d69f871abba5da4b2
=== RUN   FuzzABI/c848e21cb7afc6ba1667d4b05915f12f91079d68
=== RUN   FuzzABI/c8af0e6d2c8d09cf7bca0df08f4bd2f8ee69da8c
=== RUN   FuzzABI/c962fa0d62d326fa0d7d8f76a5b81e795d15ee85
=== RUN   FuzzABI/c9a11a6df9d5105a12db5a62b64d0ac8d7793f4c
=== RUN   FuzzABI/caa29dd8ad289d48cea02e04916c50c864ab0852
=== RUN   FuzzABI/caa6502ec30bb61854567f2977d8cbd68d325572
=== RUN   FuzzABI/cb0cd86961c3a65b2507206854f21d65afa1ad49
=== RUN   FuzzABI/cba96d6ad36301c6b7f20421531b6cf123526e80
=== RUN   FuzzABI/cc2b1102e2902449990389b0c87a9b039cd077a0
=== RUN   FuzzABI/cc658e4b4a7a694579a214b36d7ac6582a772a09
=== RUN   FuzzABI/cce3043d1d317a6ac2ba0e6c1ff0529a57b83709
=== RUN   FuzzABI/ce650e3709b12747ad7b1a89ad32b1f42a1fac76
=== RUN   FuzzABI/cea4c77f84b0cf45395a19404b7d2bf2e9975508
=== RUN   FuzzABI/cea61c90dc844ed784ed76fe10f92de05d68f7a3
=== RUN   FuzzABI/cfd58e78f525b7783476187ce35b8eff9cc88caa
=== RUN   FuzzABI/cfef48361a9d0781adf7f645a2aa422d9e127b59
=== RUN   FuzzABI/d08e10e83789d3de83f625c491d5f158a2283ed0
=== RUN   FuzzABI/d0ba291dc372ce50176befe44b2aff8c15de62af
=== RUN   FuzzABI/d0e55191323d3886f5f2905c9d0dc40a4d9d4206
=== RUN   FuzzABI/d153e8c4b3852ad03e0ef27c47f38c436f75d981
=== RUN   FuzzABI/d25a02a783110fb650701ae89eaccd3887e9aec7
=== RUN   FuzzABI/d320b315e3c59cb380740723b616f85579127c9d
=== RUN   FuzzABI/d418aff646fcb67ba1f8efdef6df195f46e29d2a
=== RUN   FuzzABI/d47b4cb417c0efbab7a01e53ded1ce1b7ca3fc0d
=== RUN   FuzzABI/d4a399fb8e12a93e53a1354884482191f070d83c
=== RUN   FuzzABI/d640a3ac9b6afcc4c264c68295a5003955e76fbb
=== RUN   FuzzABI/d64d1b6ae67aac0679991478f8765349ea22661f
=== RUN   FuzzABI/d6a4c4f71d355854661acdfa831300b4856f193a
=== RUN   FuzzABI/d6a67bc2d072cb2927935cb0038b0c0459487dd5
=== RUN   FuzzABI/d6a93c996ae2351269998af8a1c1cb63c504f291
=== RUN   FuzzABI/d6f936cfbd48ebdcb0d6211cabbc29d89117712a
=== RUN   FuzzABI/d76d6d0c05817151e074bbc9f5c4b237589b7b46
=== RUN   FuzzABI/d8eae26d34777172520f278cb041a991b053e55b
=== RUN   FuzzABI/d96a09faf6d27a60437205b2305626b73e1eff4b
=== RUN   FuzzABI/d97c3967dbdb9c537c1b0f568704cf4153a633ad
=== RUN   FuzzABI/d99be2cef4fc25dafb6cd978e93366377c77a23c
=== RUN   FuzzABI/d9b261c7d020f0049407a0e2248db9c379dc17af
=== RUN   FuzzABI/dcc0bd6f48575865d1f427ccbd806dc0c95b7276
=== RUN   FuzzABI/dd174acd7d17d102e0fd8ab985b6811f435d3b9c
=== RUN   FuzzABI/dd9f3ce188e73db9f92d6f120cd5b1ec46965dfb
=== RUN   FuzzABI/dda42ff06cbef3a6ea0c33cea4c9495ff7e96a4f
=== RUN   FuzzABI/ddd47cc3855d94186fe17757caa8f8e8a3afecc2
=== RUN   FuzzABI/de3ee54a7b39fbf2bf209178eeb32bbaee7103ad
=== RUN   FuzzABI/dfded34c5af31720fb5192dc3b9f016a3948f39e
=== RUN   FuzzABI/e0c72e10fa5fa8fe64cd8935c2cece8c120a4ba2
=== RUN   FuzzABI/e0ea1d99fe82cefda7572a325a8a0d7fff9bc55c
=== RUN   FuzzABI/e1d3c828174d9be5495a68d352c838138b2421f7
=== RUN   FuzzABI/e26a1feb14a6c14f0c12e7f8f82cc005dac9cd7f
=== RUN   FuzzABI/e4602902a923f92045c7cc869f93a1a133564ba8
=== RUN   FuzzABI/e4b312be6c4a116b4556cdca15e36bc7f7c6dc10
=== RUN   FuzzABI/e5a5b4309d3905a82291c66c519bb7ca6222d164
=== RUN   FuzzABI/e62ecd6fe822b7ab69a3c56745d46d7ba7019bc3
=== RUN   FuzzABI/e795578081b91dbb9e197de2f36b205cd13213bb
=== RUN   FuzzABI/e8065ec30c3c7a44df3d36c6adfd4f89bbe66a94
=== RUN   FuzzABI/e919710e72e12fcb6338ed4f4713c32d211a0109
=== RUN   FuzzABI/e992bf0715eaadde90612cd31be54e11a4b7520f
=== RUN   FuzzABI/e9a8ca68868453f6bb5f0c7187eda4b45b04bb7a
=== RUN   FuzzABI/e9f6d148084a6e9296f923697365a6ab3ecb549d
=== RUN   FuzzABI/ebd98b4e39ea8a3cd3b96e0bad970707da8d4575
=== RUN   FuzzABI/eeedad0eea9172d302878ff9601092dc914eed33
=== RUN   FuzzABI/ef65a114cce777e81ee0f32c2e05ec22744c1202
=== RUN   FuzzABI/ef8584181b451dc776d341b514fdea709c10b5fd
=== RUN   FuzzABI/f00142d996341845c8c79c64a3a33f3fa59b7179
=== RUN   FuzzABI/f016184db63065194a495181dbc140b6b70ac13f
=== RUN   FuzzABI/f0340e0d476c7328e156d9fd4b8af804711e84ad
=== RUN   FuzzABI/f09ff55958030adf68605b501e417167b742fc46
=== RUN   FuzzABI/f0c54e1a029c63a37ca9b9f82d16d380e6b0b852
=== RUN   FuzzABI/f1092666849f9be006391ff2172d4c09bf70e1ae
=== RUN   FuzzABI/f16fe89c4c9e6be212af72380e756e39a943f0a4
=== RUN   FuzzABI/f191a243a7715f7e1acf51d5c690096e1b4858dc
=== RUN   FuzzABI/f1bf1dc6eb85690315917554830300ee2e5acda9
=== RUN   FuzzABI/f21f207730510cc895701b02f3ca49475cd6238e
=== RUN   FuzzABI/f281c077857ca94a412854e0a83d77862d986e19
=== RUN   FuzzABI/f298b8f04da4cbbb65f9a58d387ab0e0b4539b5d
=== RUN   FuzzABI/f35ebbe0f826d66d5f7285fbeefb671cb977f6a3
=== RUN   FuzzABI/f3df1853adb7fab0812fb45c647a913d251a8fc0
=== RUN   FuzzABI/f3f7a9a911255179bba3e8f25e5eb022f5e613da
=== RUN   FuzzABI/f4273f832fe4c0a2a797fbd23aa7c9a26f3ef056
=== RUN   FuzzABI/f4742486d1ee52855a510789df20c91a83e66dc2
=== RUN   FuzzABI/f4949fa20067c6f7f365981494c065b27845357e
=== RUN   FuzzABI/f4cd4f29f06b44cdc3512497ceee1ff364efe4ca
=== RUN   FuzzABI/f4fed2401d38e7436df92951695d0fe680fa89e3
=== RUN   FuzzABI/f5acbf5d59e205e34c7073252edc6fc3a04fb77c
=== RUN   FuzzABI/f5b9bde71edf30d6bebcd506376cc7413adc5145
=== RUN   FuzzABI/f5bb3f58dd5aa860c2193e0dce030db8e8a3b900
=== RUN   FuzzABI/f62df4ac24289e2161970dcf71f492911150fa19
=== RUN   FuzzABI/f64e46fe2324fc9a5709f8215d0831d718b87876
=== RUN   FuzzABI/f69e6228e60d903666fc152af94f8433153e70b1
=== RUN   FuzzABI/f7df92b2a979ce265f0b2d33c33cdbc99e8da041
=== RUN   FuzzABI/f802ca4190f89c13614b28ff83d72f7ea21907bb
=== RUN   FuzzABI/f823cb0b373d043dabb37c337b79ce5ff40853b2
=== RUN   FuzzABI/f84f62e94c01572ad5a4b674fe9d612d3cb8eb9f
=== RUN   FuzzABI/f896699efdbecbe34336a4c803b8872b824ae115
=== RUN   FuzzABI/f8c334ef1973de0d51b5a912028d7fe277fbb990
=== RUN   FuzzABI/f98ee26843e50df24a5b7e48e9a7a2b58e668309
=== RUN   FuzzABI/fa372dd05f11f7ee2dd3e16c9b3d839c92518fed
=== RUN   FuzzABI/fb2fb4ab4f578e9b09ed1b25a51dd4d619eb7b56
=== RUN   FuzzABI/fc14d552b0bc2069cc41ca6578850f2557b5bdea
=== RUN   FuzzABI/fc5b4db4d3b1d2a89d51c7572fa7d54b37899fd6
=== RUN   FuzzABI/fc754796e527ee0f029df4ceef1c5d9031ffbce5
=== RUN   FuzzABI/fcd5f26f04b4d1195015af76a1acc1da2f4b6ccf
=== RUN   FuzzABI/fe0f76853ceac75047db39dc525f38544559d026
=== RUN   FuzzABI/ff45ed3d7c7ca229fe02df5063919ffe778659d9
=== RUN   FuzzABI/ff573cafd21192b4c31d50d3d832b6fd8dcbd065
=== RUN   FuzzABI/ff87004dba86579d3b4f0a6b8f7f2ccc7445bf8d
--- PASS: FuzzABI (0.09s)
    --- PASS: FuzzABI/00262a58c16304065ee41872c2b8786ded057d79 (0.00s)
    --- PASS: FuzzABI/00784977420c5f24746be264304182c824baef4c (0.00s)
    --- PASS: FuzzABI/0091ac7c94b29def0c32eb13d9b24112b7079d52 (0.00s)
    --- PASS: FuzzABI/00a93a4e807481410976fe4756509305c2f44471 (0.00s)
    --- PASS: FuzzABI/00b9cc0bf1c104d6a63c9b78344541b39f2ac902 (0.00s)
    --- PASS: FuzzABI/011f34e306ced5ebd38395792d93f8cab14c19d2 (0.00s)
    --- PASS: FuzzABI/01f918fc1871d5f2f541092c8393cdad101f311f (0.00s)
    --- PASS: FuzzABI/0352d4d22310b94ccb103d8a4b11c1cbb0706352 (0.00s)
    --- PASS: FuzzABI/037bb2451d0b23759529e119e40bde2cd64548fe (0.00s)
    --- PASS: FuzzABI/038268d9a2c7293fb053703bd4c46c49ff290f99 (0.00s)
    --- PASS: FuzzABI/03a59601e070bb5a4be7f8a9e55f5ea4c399db83 (0.00s)
    --- PASS: FuzzABI/03afc90af6f1390e571e0335da325323d1d36971 (0.00s)
    --- PASS: FuzzABI/03e7cdc7d70408e2b349d7c083bbd88fac39158c (0.00s)
    --- PASS: FuzzABI/04840fcb1b691d96ae95896e46652c7b5aa55b7b (0.00s)
    --- PASS: FuzzABI/05f90f51a48121cb54d9e99246d051d2b5986623 (0.00s)
    --- PASS: FuzzABI/0697800b8f1a877f94900d441609eb496e76610d (0.00s)
    --- PASS: FuzzABI/07568c8719927416e5704334a5d5395c4fa127c0 (0.00s)
    --- PASS: FuzzABI/07b78345c08cde9e7f6be237950339be50cc0d60 (0.00s)
    --- PASS: FuzzABI/0966b6cffdb3a634fbdadba6b9b62c2340d51e25 (0.00s)
    --- PASS: FuzzABI/0ab6134bd47b1a75839898311b26a176d3dfb350 (0.00s)
    --- PASS: FuzzABI/0b2815a4201cd60774be3009b72441ff4a311605 (0.00s)
    --- PASS: FuzzABI/0b590a9f51e06b330f0126898c5bfa10c1dfaaef (0.00s)
    --- PASS: FuzzABI/0bc38b47dd094c43eaa0401dbeba7ee007eebaea (0.00s)
    --- PASS: FuzzABI/0c67801277b07013c3910a644496f8591db14fff (0.00s)
    --- PASS: FuzzABI/0ce93509b5b8d485fed1befafc594e1ab9ebb035 (0.00s)
    --- PASS: FuzzABI/0e8479f747c4a080e8ba3da97dc8a7224315e614 (0.00s)
    --- PASS: FuzzABI/0f275ba3a848ec940dc4e64262e24dfd3df1940d (0.00s)
    --- PASS: FuzzABI/1311ab1c7bbb5d61949247cf0fd3ac892aefc2b9 (0.00s)
    --- PASS: FuzzABI/132c79eb735f8ce2816a755c6fe3ebf5dc456ac3 (0.00s)
    --- PASS: FuzzABI/13dc760295b8448c75cd8b26b4d6f47140b323c2 (0.00s)
    --- PASS: FuzzABI/1401a851ba0e1e11d7eaa45ada9ebee2c7fabdcf (0.00s)
    --- PASS: FuzzABI/15ff5d48ece1c789712b881cedd80defe3087491 (0.00s)
    --- PASS: FuzzABI/162695de3f06449377f5610adbfccf87c57a77cf (0.00s)
    --- PASS: FuzzABI/16d29f436847f48e8bb731e6f117d9caba6be048 (0.00s)
    --- PASS: FuzzABI/182e9ca06d4e9d94c2a6fdacaf373d1eb323090b (0.00s)
    --- PASS: FuzzABI/18c3ca2f7cf05c20f5695e563b129f498b85c5a5 (0.00s)
    --- PASS: FuzzABI/19589583aebbfa09d6599a0a33fca3bd5a275142 (0.00s)
    --- PASS: FuzzABI/19a6a7011512602abc675060228049c0bfb2cf7c (0.00s)
    --- PASS: FuzzABI/19d5ca337a5d9d2ffa2b9547e2a809514b56f781 (0.00s)
    --- PASS: FuzzABI/1a82665b2911f6ac791974c6c66d9e890a85e869 (0.00s)
    --- PASS: FuzzABI/1ad6d63bf5ba4323a7d5593d70de8ae1653d1815 (0.00s)
    --- PASS: FuzzABI/1ad71167e18cd29632e2ba60a9902caefe0a7b72 (0.00s)
    --- PASS: FuzzABI/1be3ff925849f49b30f433a5d5807c71c5adb2ab (0.00s)
    --- PASS: FuzzABI/1e388660ef4b279910bd20e7cc6f696e56e186f7 (0.00s)
    --- PASS: FuzzABI/1eb50c16a8dae5e2793552c2cb0cb549e4894b81 (0.00s)
    --- PASS: FuzzABI/1ec1c6ba1ccc13f136e11816a5712c91c4d6ae77 (0.00s)
    --- PASS: FuzzABI/1edff6ea530fc87a3aa08b7fbbbc6836835639e7 (0.00s)
    --- PASS: FuzzABI/1f6e0f993a48b2bff9a596fdffb4fabcd7657a4e (0.00s)
    --- PASS: FuzzABI/1fb1786a3c603febc182f57eca81ce4ccd1d152d (0.00s)
    --- PASS: FuzzABI/21399cefccec527a92c65efb1af9a8947a32fbcb (0.00s)
    --- PASS: FuzzABI/21cfd5475b6654ba3f819568f830bfb9bd685712 (0.00s)
    --- PASS: FuzzABI/21e96f759850f35c7742caed5a11c3280f7bcb04 (0.00s)
    --- PASS: FuzzABI/22ce1ab298f3d3bbf3c9e76ca38d66a8d04134f2 (0.00s)
    --- PASS: FuzzABI/22dd17d99abca7cb3e54dd3f9f8073ce3c0fabe1 (0.00s)
    --- PASS: FuzzABI/240db6f721ac4d1e55853601b4cda94866c5498c (0.00s)
    --- PASS: FuzzABI/246ea3d702ec26b60aae7de913443af9a41b4d88 (0.00s)
    --- PASS: FuzzABI/24e17cf0dd63045f80c3c629da1a2318bf86fdbd (0.00s)
    --- PASS: FuzzABI/25131b47abf5c16ebee3cd3bfb742df4ac125fc2 (0.00s)
    --- PASS: FuzzABI/25da7e87c8ea9b828a0b08d04d8a1d0b4075ae20 (0.00s)
    --- PASS: FuzzABI/25eb7e9fac7bf97ede035e3070b806da5d857711 (0.00s)
    --- PASS: FuzzABI/27242b57997faaf34e2c589bd878561aec0c4c52 (0.00s)
    --- PASS: FuzzABI/273a6f3ea80a6d6cf49e291b0c6d2aed0f82306d (0.00s)
    --- PASS: FuzzABI/27c15ebf0f2d988dc682e98132e55781e78f3ce2 (0.00s)
    --- PASS: FuzzABI/2837a74f95855ea3ae3c7559d03afeac7056fcee (0.00s)
    --- PASS: FuzzABI/28ed3a797da3c48c309a4ef792147f3c56cfec40 (0.00s)
    --- PASS: FuzzABI/296f65ea99f7e47eacafc0b015780324fef7cab3 (0.00s)
    --- PASS: FuzzABI/29b414fedf8859fa03517fe21c842abe003315a8 (0.00s)
    --- PASS: FuzzABI/29f03323e2db1c9da0cf5034f78697bbff526689 (0.00s)
    --- PASS: FuzzABI/29fcbb99bb0e8cfbe189c0045222c0b5331123a7 (0.00s)
    --- PASS: FuzzABI/2a78aca396c34ad1a8605821e4aa546eefee48d5 (0.00s)
    --- PASS: FuzzABI/2baf7df6277de9aa320a310305620f55fddb0966 (0.00s)
    --- PASS: FuzzABI/2d5440f3efde9f17741adf65de6eb0555e055ea4 (0.00s)
    --- PASS: FuzzABI/2f388e8d3dbb8f7e30575c981d3dc6dd4fa6527d (0.00s)
    --- PASS: FuzzABI/2f5be94d1fa973595cf73ea8147a189074bd802f (0.00s)
    --- PASS: FuzzABI/309b40a65b3e57c4e5a1487a867b4e399e48833f (0.00s)
    --- PASS: FuzzABI/30ba0e580993418546cb555df4c2f0905fca0342 (0.00s)
    --- PASS: FuzzABI/319e5466cf5f4628346d3b7838dfb538ef4061db (0.00s)
    --- PASS: FuzzABI/31f196a3480464a1a1e376ad9de6172b2f5dc2d2 (0.00s)
    --- PASS: FuzzABI/321409e412220891f558fcd8394e1d886d8f52ba (0.00s)
    --- PASS: FuzzABI/328b7fdf3c25bcc501c121b0fd1558b08f20d4b9 (0.00s)
    --- PASS: FuzzABI/3384b897dc9eb11b72a4949537bc5735fbae6067 (0.00s)
    --- PASS: FuzzABI/33f99eb9cb67e1049b41e6754a45b0d7010c105c (0.00s)
    --- PASS: FuzzABI/347a6902d690af5bfeee762f27c72d9a03e07fb8 (0.00s)
    --- PASS: FuzzABI/3501d49881e176d7c8c5ea22609ff4f97542a773 (0.00s)
    --- PASS: FuzzABI/35c4ee78a6459831be49c261002c19d6c0f16d7d (0.00s)
    --- PASS: FuzzABI/364c226590292b88988fb5bf10428035ffeba8ff (0.00s)
    --- PASS: FuzzABI/36a7e58016b8175aa356dcb8ef469bd94c89489f (0.00s)
    --- PASS: FuzzABI/36e552f7bc2386edb74e35e4c89054dbe89db785 (0.00s)
    --- PASS: FuzzABI/36ec7896b161b81a2f42be3a15f271ceb0d561fd (0.00s)
    --- PASS: FuzzABI/3777bd9f80395c1f5c4729dbca3dd157fdd9cbcc (0.00s)
    --- PASS: FuzzABI/39fbe827362f1579cb23502c19613b3be3291ef8 (0.00s)
    --- PASS: FuzzABI/3a3d0fcf52b00998ab0740b19274150b0148fde5 (0.00s)
    --- PASS: FuzzABI/3b701fc5ab9d30baf9b026207292a652632d0a80 (0.00s)
    --- PASS: FuzzABI/3b98e905d6e7ea4e83162e6b482c7589372e6a1b (0.00s)
    --- PASS: FuzzABI/3d6cbbf680324b695a79181518e872ba97c920c8 (0.00s)
    --- PASS: FuzzABI/3db7b594136c373693abf7abbc0285d066968ea6 (0.00s)
    --- PASS: FuzzABI/40e562745e2cc9673ee1561770c5eb8e40c1e124 (0.00s)
    --- PASS: FuzzABI/4164fb422f5cdbf02555ae94facf2d434b7dba36 (0.00s)
    --- PASS: FuzzABI/416b76c454460221dd9767609880704fa00fa64b (0.00s)
    --- PASS: FuzzABI/416c917aa10eda8b38d6f8917da84b293abd0721 (0.00s)
    --- PASS: FuzzABI/428950f5a9b3a2bd71f574122797dd862aed4e72 (0.00s)
    --- PASS: FuzzABI/4295829cfe45ded45c9f7730ed4ae60f0817210f (0.00s)
    --- PASS: FuzzABI/42ba31a00f84330898b68ef3ca48f12aef89c682 (0.00s)
    --- PASS: FuzzABI/42bfda1a09557e94c3bd0c7510af090503babb75 (0.00s)
    --- PASS: FuzzABI/42de25ba61cb8606a0bc381bdf311d80efe7d76e (0.00s)
    --- PASS: FuzzABI/4343fd926c231b5b6d7b427f45f017bd62f7382c (0.00s)
    --- PASS: FuzzABI/43f73e72a02329df20e058e742148c7e63cc829b (0.00s)
    --- PASS: FuzzABI/463035172a1c615d17293be15439ee0eaee29b32 (0.00s)
    --- PASS: FuzzABI/4af021d76ba6036cafb83f1a40be554c0f8f7c2a (0.00s)
    --- PASS: FuzzABI/4b3b244aa6a85ca88465319f8be2d20fa2de6603 (0.00s)
    --- PASS: FuzzABI/4bf19bfafc0ec2bae701adfc56f697ae09f7e603 (0.00s)
    --- PASS: FuzzABI/4de6789d1039b5b395791531259932460d3e4328 (0.00s)
    --- PASS: FuzzABI/4f2b0f279027ddaa070ddcc9492be47443090651 (0.00s)
    --- PASS: FuzzABI/51cc8de6ff4c097539053e40ea0a18f8994bf042 (0.00s)
    --- PASS: FuzzABI/5237bc974d7c857f7de4a2ad254ef8245f3c9c99 (0.00s)
    --- PASS: FuzzABI/5344f2889356cc3e758c96ded21f745a81b245bd (0.00s)
    --- PASS: FuzzABI/53dd16d4a5cf0f6fdf9bc75a6421b47668f35947 (0.00s)
    --- PASS: FuzzABI/551ef0da4cf213069537e1e03fb151d748432ef0 (0.00s)
    --- PASS: FuzzABI/55a667b7b07865615f025d0bb199df61768b805b (0.00s)
    --- PASS: FuzzABI/5979dbd3751a765e997587ee5763ae1efb9c895d (0.00s)
    --- PASS: FuzzABI/59a51f2b84450358799fe4a9e995033b875d91ac (0.00s)
    --- PASS: FuzzABI/5acf5b8ae9939560905b3178cdbca11aac6e0425 (0.00s)
    --- PASS: FuzzABI/5b253fd80a1846f754390620c69fd6595c097f13 (0.00s)
    --- PASS: FuzzABI/5c10fd5b12a730cb789ae9f704584bb11be417ae (0.00s)
    --- PASS: FuzzABI/5c2408c3626eb27350dd3288f8ce31cbdbcd5c46 (0.00s)
    --- PASS: FuzzABI/5cb5b0fc531248f51d7ce404f132c5ee139274a7 (0.00s)
    --- PASS: FuzzABI/5d14bca1b0ab17384713e31a95590b22b2586b09 (0.00s)
    --- PASS: FuzzABI/605ae4f56633b8e52f0abfc13f89d862d25f1888 (0.00s)
    --- PASS: FuzzABI/6141f6577a2974f5b73db5ddf84525c6cacefe6c (0.00s)
    --- PASS: FuzzABI/615734eb5477f35652dd2cb0c29fec091b13a981 (0.00s)
    --- PASS: FuzzABI/6212b386559b622e0044ae5eeda5beb35cedee7c (0.00s)
    --- PASS: FuzzABI/631baeb5ba5d45724c5f5aa8da594f7bff4107e8 (0.00s)
    --- PASS: FuzzABI/63bdecbe87f3069353b0c2297c979b04073dcb73 (0.00s)
    --- PASS: FuzzABI/63e7e4780c4dd734baee0c5d7c6c4a5ec650c5c0 (0.00s)
    --- PASS: FuzzABI/65745639619cd00a7c1574a2a13a2b3a899cb5ac (0.00s)
    --- PASS: FuzzABI/6602dccb974cc3d3447d541cb8ff8125d8623d4e (0.00s)
    --- PASS: FuzzABI/66a952dd1db236093eb904c55808bd16832a0e22 (0.00s)
    --- PASS: FuzzABI/66c187fc64e72d37e516c4456e0df720372dd9ef (0.00s)
    --- PASS: FuzzABI/68201b66888036ba493437387d55174fa20253b7 (0.00s)
    --- PASS: FuzzABI/698c23f8828ad5571aeda71d138f74b7288c2742 (0.00s)
    --- PASS: FuzzABI/6c1530190707774a65b6af8d59d7ed09c34c831b (0.00s)
    --- PASS: FuzzABI/6cbb5cc0f26c0a537ad7da8ffa7d445b66b7ff6f (0.00s)
    --- PASS: FuzzABI/6d7c97b1f20881e534cb7a96f6ab24a6947ffdbc (0.00s)
    --- PASS: FuzzABI/6e5e478e1974d82fc66384c789682e2b5443c652 (0.00s)
    --- PASS: FuzzABI/6ff3e427cb63574f590eea54fc604acce282faff (0.00s)
    --- PASS: FuzzABI/708c54fa7ff02a841983f3b84825054bf1b18f91 (0.00s)
    --- PASS: FuzzABI/714679578cacb2309d24ec74a56173e2f72224d7 (0.00s)
    --- PASS: FuzzABI/7149cd12d08c6da304bfbe281e8f184bbc07eb31 (0.00s)
    --- PASS: FuzzABI/71853c6197a6a7f222db0f1978c7cb232b87c5ee (0.00s)
    --- PASS: FuzzABI/71e7634eb3049712ccd5fe64bb61e30935013cf5 (0.00s)
    --- PASS: FuzzABI/73348fc9a79f346ceb4229564d9e838bdef096fa (0.00s)
    --- PASS: FuzzABI/736cddfe6658a991be5bb856046f0065699d209a (0.00s)
    --- PASS: FuzzABI/73a417020df8c0bdd17d123e03ead537108aa700 (0.00s)
    --- PASS: FuzzABI/73b9790383993c71ccae3e6c61c6b652c8978dee (0.00s)
    --- PASS: FuzzABI/73f1fbd18a7da403590950f959be6dd6a7e33f1e (0.00s)
    --- PASS: FuzzABI/74c7f5313f52a8107a7dd7ddba35586ce6dee963 (0.00s)
    --- PASS: FuzzABI/760cddb4215ece2cfdaa7cfe8270e9c562a14420 (0.00s)
    --- PASS: FuzzABI/76666109b95c6e2be52b9e432b00d0cac243834d (0.00s)
    --- PASS: FuzzABI/76bde29bfa0c39a5752bbd7b4f010b81307cb7dc (0.00s)
    --- PASS: FuzzABI/76eae5456e60851e16a27b304b4fb579f4e6664d (0.00s)
    --- PASS: FuzzABI/7712c614316a7ecac432dec136b942d5dce8a4e2 (0.00s)
    --- PASS: FuzzABI/7741476fce76390a9bdf33639ab2a55a33244e06 (0.00s)
    --- PASS: FuzzABI/779f857f8b8e4d89708ddfbcdfa7c435d78b4b34 (0.00s)
    --- PASS: FuzzABI/78663147ee11be31657dd9390ed78b13e7d466d7 (0.00s)
    --- PASS: FuzzABI/7a1777c785207cb735ecb3e9c7db301f95a4dc79 (0.00s)
    --- PASS: FuzzABI/7aabd77268350f1b363b96969c999fc2d6fb62a7 (0.00s)
    --- PASS: FuzzABI/7b075689e93324a0505f71bbeab973dc3a83cf63 (0.00s)
    --- PASS: FuzzABI/7b5fadee2413d3e35c7a1a30eb1e27065919e969 (0.00s)
    --- PASS: FuzzABI/7bd4258f4c8b099a33cd20ff2d44254982cb660d (0.00s)
    --- PASS: FuzzABI/7be4918205bde98f29598878bb076780ddd96946 (0.00s)
    --- PASS: FuzzABI/7be60650314546806ec0e690f571222b5bea5035 (0.00s)
    --- PASS: FuzzABI/7c0bfe398a10e92d82261c94273aa49d8abc8215 (0.00s)
    --- PASS: FuzzABI/7c2785643ec5bc95ef2cc2d9b520257e03322d77 (0.00s)
    --- PASS: FuzzABI/7ca5facaa36fbddd9b92f740e133dfa9134387e7 (0.00s)
    --- PASS: FuzzABI/7caf96a28de8ba2ac0bc8313baf11b690b90e9fc (0.00s)
    --- PASS: FuzzABI/7d3747d386889c48942a6c29ce5f98234a9caf07 (0.00s)
    --- PASS: FuzzABI/7d932091a7b29319b8ab1f8aa3c74b44359b1ee3 (0.00s)
    --- PASS: FuzzABI/7dce062d98ac9be234b6424b72aff32bd3448cc3 (0.00s)
    --- PASS: FuzzABI/7df8c75e1d161348ea7bd1f889c7814c5ff04b50 (0.00s)
    --- PASS: FuzzABI/7e445509b68ef2233dbecdfc6a97e4ea07837ea6 (0.00s)
    --- PASS: FuzzABI/80568fbce3156f5947c95475a9d982126be81745 (0.00s)
    --- PASS: FuzzABI/8105e7bfae8744f81bd7aa03d3b5276b27c5a05a (0.00s)
    --- PASS: FuzzABI/81d9cfcc885861c8cdc0158e5fa71e576208948c (0.00s)
    --- PASS: FuzzABI/832ab2fe1d588ef2e829004e6a922452f11f6dd8 (0.00s)
    --- PASS: FuzzABI/835592223d10b492f62d58a6c1c03bfaef0a2fc0 (0.00s)
    --- PASS: FuzzABI/83eb9859fbd81fd5f832488cfcde1ffb0c44cd28 (0.00s)
    --- PASS: FuzzABI/844ad6fdb2e13803faf8d3f3f4357724e9085e24 (0.00s)
    --- PASS: FuzzABI/8456db2ac33680f1896b1f36622bebe74041dce4 (0.00s)
    --- PASS: FuzzABI/846ad24038d3fba49c70dca3b0806c645f5c6828 (0.00s)
    --- PASS: FuzzABI/848f015ea304d77bb6cdd0e617fdeca24c8d3968 (0.00s)
    --- PASS: FuzzABI/850e7f0a34b2f188a96f6af15d3813c8dd457c88 (0.00s)
    --- PASS: FuzzABI/85caa10d8eea5538c08cf8d5fc0ded0281163312 (0.00s)
    --- PASS: FuzzABI/8656b8179a711edafa41d07f16c3f11b179acaf9 (0.00s)
    --- PASS: FuzzABI/86ce8322a036ea0090eddc0c51cb98edc8a772e2 (0.00s)
    --- PASS: FuzzABI/86f36dd6797168ec3a98b2d16bfff1c49e9dc185 (0.00s)
    --- PASS: FuzzABI/86f4dfc6d5b061064e702afeba4e7020898ce872 (0.00s)
    --- PASS: FuzzABI/879fd3c515881e2f112ec42694d2d1f62edd504b (0.00s)
    --- PASS: FuzzABI/87f7144e3d968e21271ef6a25e6c5ae58c0e2f2b (0.00s)
    --- PASS: FuzzABI/881e61542ff58b15d1f03b51a0422b762b11e448 (0.00s)
    --- PASS: FuzzABI/88c9d9849c05c51a603ea0e6f5cab634c071ac97 (0.00s)
    --- PASS: FuzzABI/8a5a0eebe0d8503ab805ddb576e663b6b832936d (0.00s)
    --- PASS: FuzzABI/8a5d42dcbb9f30a0d0da424e9a6390302a52046b (0.00s)
    --- PASS: FuzzABI/8bd13de54974a6052de89dcc31e2d5ac3aa1dd2b (0.00s)
    --- PASS: FuzzABI/8c7e3a715a60e7b8f0177c91ed7b2b1782ac20e5 (0.00s)
    --- PASS: FuzzABI/8d33e6d893c53e493aa449ad88432c5f79824c2b (0.00s)
    --- PASS: FuzzABI/8e6e8704804c6ef21ec5076f5ffc616c2abdea83 (0.00s)
    --- PASS: FuzzABI/8f112952d8ec8c06ee561d8f9076e559381f5948 (0.00s)
    --- PASS: FuzzABI/8fa5964dea0dc5f26dadee56550720125de1a2f8 (0.00s)
    --- PASS: FuzzABI/8fb1af707b6eadeaf9ff2b9eee55031228251154 (0.00s)
    --- PASS: FuzzABI/9021c5061c617f9ed3ef5f81d1f0748dd3ba2bdc (0.00s)
    --- PASS: FuzzABI/9069ca78e7450a285173431b3e52c5c25299e473 (0.00s)
    --- PASS: FuzzABI/90784ab182bfb163638450e5c27296b5092f946a (0.00s)
    --- PASS: FuzzABI/9182d0c5cb8091de73713e0a9d8c0ba04685e170 (0.00s)
    --- PASS: FuzzABI/9354a9bd2bf7f0c429b66b73946c9024456b4b1f (0.00s)
    --- PASS: FuzzABI/9508881d4620f4e31514f55e477d4585bd3ff411 (0.00s)
    --- PASS: FuzzABI/9657a5dd70a9ad7e0244e369b4c271eeb5f673a1 (0.00s)
    --- PASS: FuzzABI/9834cdf3a9e9e7467a81d1335936fa5329429aae (0.00s)
    --- PASS: FuzzABI/98c18b25d7df08587259b344109c72ebee1f2941 (0.00s)
    --- PASS: FuzzABI/98daf7d3507a12e6675c93eea537d2fa2a27c32b (0.00s)
    --- PASS: FuzzABI/9a8a09e1a19f6fa17ebf90efd427a58acfbbb918 (0.00s)
    --- PASS: FuzzABI/9b4b0712ac2669cb9b528406adae516db5e5d5de (0.00s)
    --- PASS: FuzzABI/9c35cc9ecfa8459dea0147897afccf4a0e6e9587 (0.00s)
    --- PASS: FuzzABI/9c9420c7cfc346bb54f7ac93e76a56ffc26dacd7 (0.00s)
    --- PASS: FuzzABI/9d92a7311c77794bad46cf77627a398ec5b4ae64 (0.00s)
    --- PASS: FuzzABI/9ecbcf2c9df2b916321e9aabb906d9f5f3c1ec4d (0.00s)
    --- PASS: FuzzABI/9ff46137b688bde45a98527b0f6983f5741e9a91 (0.00s)
    --- PASS: FuzzABI/a054368e4b08034e1b6a6756adbbba99bda9c391 (0.00s)
    --- PASS: FuzzABI/a0600e1f7b66757ff5c301db1b3e74723edb484e (0.00s)
    --- PASS: FuzzABI/a074160f7f09663765e8f254decffde60fb0e0f2 (0.00s)
    --- PASS: FuzzABI/a08541b401c4fb96d55221d6a5cc77754d93f162 (0.00s)
    --- PASS: FuzzABI/a25bdfe52f614ff01037a4f0362466215107ac84 (0.00s)
    --- PASS: FuzzABI/a2c85bfb34d09316aafaa7e65ab9ecf7f9180647 (0.00s)
    --- PASS: FuzzABI/a2cce93402f2c18a4784dfc2095102c266ee7a1a (0.00s)
    --- PASS: FuzzABI/a3021b9b51f3c1e7258ce6121c4e2ee83a76bcf0 (0.00s)
    --- PASS: FuzzABI/a4a2bc781c90732dbb549b1a85b13b90bb07b35b (0.00s)
    --- PASS: FuzzABI/a4a9a0e0dddbe76f9f3ca730dab7cd551c77f865 (0.00s)
    --- PASS: FuzzABI/a4ad57c16fa4c73f7b7871e4e780b31dce5e69c4 (0.00s)
    --- PASS: FuzzABI/a57f31638b5fe6ef3655abbb99fa89de8a83ddde (0.00s)
    --- PASS: FuzzABI/a5e8736ead7cc9d1e799596b0412a53aecaf6996 (0.00s)
    --- PASS: FuzzABI/a6d2bd40299ae44665a246befd31825f5e63f2a2 (0.00s)
    --- PASS: FuzzABI/a7ce3aa0f1ad20698319f273d74c9e2dd7439c02 (0.00s)
    --- PASS: FuzzABI/a8c071193e0c7f715d346fb94f9714e8e18ee291 (0.00s)
    --- PASS: FuzzABI/a94a8b0022338a2749ba74a02041dee3cbbb5241 (0.00s)
    --- PASS: FuzzABI/a9fb544243b87189cb6b6dbfe17329e422a2bfee (0.00s)
    --- PASS: FuzzABI/aa9056c32141844ef0c435b5bf6a3df70a316058 (0.00s)
    --- PASS: FuzzABI/ab1fa0da43dc035eaafaf745a8de5c0c2751e465 (0.00s)
    --- PASS: FuzzABI/ac4f88fe91fe8e356634244c31231e868f450351 (0.00s)
    --- PASS: FuzzABI/acd992799442ec14b3097cbe008f2d577b236867 (0.00s)
    --- PASS: FuzzABI/ae1bf552f6f6970f5afb656f22805cc3f7f59e84 (0.00s)
    --- PASS: FuzzABI/ae66f2817711003015ef12699827370cd428b558 (0.00s)
    --- PASS: FuzzABI/afc2b9c5d60b56169707eb360fb9adefa4550aba (0.00s)
    --- PASS: FuzzABI/b1dcb8276ad4e9c71e3975c8fb5034a1fa2eaa27 (0.00s)
    --- PASS: FuzzABI/b1fa3b38599624d7bcbafa76088d75d436ea1972 (0.00s)
    --- PASS: FuzzABI/b25c8fb4228825e2a224d7a9b840a45cd5cc9cfe (0.00s)
    --- PASS: FuzzABI/b34437daf0500a4c896a7f180a679d3740e165e4 (0.00s)
    --- PASS: FuzzABI/b43e6279e3558e10829ff158fb53a4744b5f6f00 (0.00s)
    --- PASS: FuzzABI/b4ea4e790e53458b847c83510346cb2b4eacf9e2 (0.00s)
    --- PASS: FuzzABI/b5968c5b3243f7eca13764318bc138c716c4ab28 (0.00s)
    --- PASS: FuzzABI/b5a0dbe50671ef471fe2c0bc7f42911e719c6b42 (0.00s)
    --- PASS: FuzzABI/b65bcf20fc8c42f88e44431d821cefb6a33fc4ec (0.00s)
    --- PASS: FuzzABI/b6980a5c846ea845e8aeac66263c0d93751d623e (0.00s)
    --- PASS: FuzzABI/b6d8a7265dc6547ed4e9987aa0a54765de8aa928 (0.00s)
    --- PASS: FuzzABI/b6fb175effc324c930689b7d00e368ce581210d0 (0.00s)
    --- PASS: FuzzABI/b7196ecce3bae1ca08b07abf89f105082395fa45 (0.00s)
    --- PASS: FuzzABI/b7f58b48a4d7a9ed7881cecf5ca4bf4e64776328 (0.00s)
    --- PASS: FuzzABI/b9b45bcdec0e79e266f0e247a48011a4d96ace89 (0.00s)
    --- PASS: FuzzABI/ba0d4f1d2f4033644087cc36edc42871e91f225e (0.00s)
    --- PASS: FuzzABI/baea8eebc8f6dfc295cc148bb9885552cd5629ae (0.00s)
    --- PASS: FuzzABI/bb7f1f472e89e7797994567f051a4537e2fd3300 (0.00s)
    --- PASS: FuzzABI/bbb3778d06668285b2d1268f09d3d2b5dabe15cc (0.00s)
    --- PASS: FuzzABI/bbbe10fd71a45106788115f7c8077306e6b41a63 (0.00s)
    --- PASS: FuzzABI/bc984c5920e4650163e619d49c81ed80983f6115 (0.00s)
    --- PASS: FuzzABI/bceb3d89dbb143861e8e2dbd347fd8b346766880 (0.00s)
    --- PASS: FuzzABI/bcfb41338aae81f4744d34d934153338327a1cfc (0.00s)
    --- PASS: FuzzABI/bd576f551ab1bff0ab12b7674673f6e17c7fd549 (0.00s)
    --- PASS: FuzzABI/be604803c9b9bbc786d34e5e462cdf200641f570 (0.00s)
    --- PASS: FuzzABI/be683b79213f106619e4991bddb1f3ac1ff6ad6d (0.00s)
    --- PASS: FuzzABI/bec6a2e9da2024e552f2769d4c81ef76c2764058 (0.00s)
    --- PASS: FuzzABI/bee31d9a88e15683b8c97705b9a4a5192996fa54 (0.00s)
    --- PASS: FuzzABI/bef54b26fbd9e1c56bc83331fe2ea006d8ab7d6f (0.00s)
    --- PASS: FuzzABI/bf11f686f3a9b5c6a3cd0dffd5d1ccf0b0d2e65d (0.00s)
    --- PASS: FuzzABI/bf36e491c9939ba98e50db76df80e385a7feb481 (0.00s)
    --- PASS: FuzzABI/bfa208e14b3f88183079437951b3803a7ddd64e2 (0.00s)
    --- PASS: FuzzABI/c0cf98732d5f639439d661402903526ed6f8f957 (0.00s)
    --- PASS: FuzzABI/c1efcbea67054c934b967c0338ad7ecf9eb94566 (0.00s)
    --- PASS: FuzzABI/c22dd12bf177c2a916962ed49fb7ca751443fa79 (0.00s)
    --- PASS: FuzzABI/c282778507d342aa9c2b4633cd83227dd1d9a3f4 (0.00s)
    --- PASS: FuzzABI/c561d1d9ec47de85ac8469d05e964b9bf75af2e9 (0.00s)
    --- PASS: FuzzABI/c5c2e9ab4ef0d73c0083a24f6c941e4c2041c588 (0.00s)
    --- PASS: FuzzABI/c66139938e6c917eeb46e28b3f861adf89a23385 (0.00s)
    --- PASS: FuzzABI/c6cba62822a819689a44b9c43f8a4189a666c391 (0.00s)
    --- PASS: FuzzABI/c6ffc214865403a1915d1724a39811ff9be6d62c (0.00s)
    --- PASS: FuzzABI/c7536a2a43e79b7257f82d20efe623e6f84ebcb3 (0.00s)
    --- PASS: FuzzABI/c7971ec56177e9dcba25415d69f871abba5da4b2 (0.00s)
    --- PASS: FuzzABI/c848e21cb7afc6ba1667d4b05915f12f91079d68 (0.00s)
    --- PASS: FuzzABI/c8af0e6d2c8d09cf7bca0df08f4bd2f8ee69da8c (0.00s)
    --- PASS: FuzzABI/c962fa0d62d326fa0d7d8f76a5b81e795d15ee85 (0.00s)
    --- PASS: FuzzABI/c9a11a6df9d5105a12db5a62b64d0ac8d7793f4c (0.00s)
    --- PASS: FuzzABI/caa29dd8ad289d48cea02e04916c50c864ab0852 (0.00s)
    --- PASS: FuzzABI/caa6502ec30bb61854567f2977d8cbd68d325572 (0.00s)
    --- PASS: FuzzABI/cb0cd86961c3a65b2507206854f21d65afa1ad49 (0.00s)
    --- PASS: FuzzABI/cba96d6ad36301c6b7f20421531b6cf123526e80 (0.00s)
    --- PASS: FuzzABI/cc2b1102e2902449990389b0c87a9b039cd077a0 (0.00s)
    --- PASS: FuzzABI/cc658e4b4a7a694579a214b36d7ac6582a772a09 (0.00s)
    --- PASS: FuzzABI/cce3043d1d317a6ac2ba0e6c1ff0529a57b83709 (0.00s)
    --- PASS: FuzzABI/ce650e3709b12747ad7b1a89ad32b1f42a1fac76 (0.00s)
    --- PASS: FuzzABI/cea4c77f84b0cf45395a19404b7d2bf2e9975508 (0.00s)
    --- PASS: FuzzABI/cea61c90dc844ed784ed76fe10f92de05d68f7a3 (0.00s)
    --- PASS: FuzzABI/cfd58e78f525b7783476187ce35b8eff9cc88caa (0.00s)
    --- PASS: FuzzABI/cfef48361a9d0781adf7f645a2aa422d9e127b59 (0.00s)
    --- PASS: FuzzABI/d08e10e83789d3de83f625c491d5f158a2283ed0 (0.00s)
    --- PASS: FuzzABI/d0ba291dc372ce50176befe44b2aff8c15de62af (0.00s)
    --- PASS: FuzzABI/d0e55191323d3886f5f2905c9d0dc40a4d9d4206 (0.00s)
    --- PASS: FuzzABI/d153e8c4b3852ad03e0ef27c47f38c436f75d981 (0.00s)
    --- PASS: FuzzABI/d25a02a783110fb650701ae89eaccd3887e9aec7 (0.00s)
    --- PASS: FuzzABI/d320b315e3c59cb380740723b616f85579127c9d (0.00s)
    --- PASS: FuzzABI/d418aff646fcb67ba1f8efdef6df195f46e29d2a (0.00s)
    --- PASS: FuzzABI/d47b4cb417c0efbab7a01e53ded1ce1b7ca3fc0d (0.00s)
    --- PASS: FuzzABI/d4a399fb8e12a93e53a1354884482191f070d83c (0.00s)
    --- PASS: FuzzABI/d640a3ac9b6afcc4c264c68295a5003955e76fbb (0.00s)
    --- PASS: FuzzABI/d64d1b6ae67aac0679991478f8765349ea22661f (0.00s)
    --- PASS: FuzzABI/d6a4c4f71d355854661acdfa831300b4856f193a (0.00s)
    --- PASS: FuzzABI/d6a67bc2d072cb2927935cb0038b0c0459487dd5 (0.00s)
    --- PASS: FuzzABI/d6a93c996ae2351269998af8a1c1cb63c504f291 (0.00s)
    --- PASS: FuzzABI/d6f936cfbd48ebdcb0d6211cabbc29d89117712a (0.00s)
    --- PASS: FuzzABI/d76d6d0c05817151e074bbc9f5c4b237589b7b46 (0.00s)
    --- PASS: FuzzABI/d8eae26d34777172520f278cb041a991b053e55b (0.00s)
    --- PASS: FuzzABI/d96a09faf6d27a60437205b2305626b73e1eff4b (0.00s)
    --- PASS: FuzzABI/d97c3967dbdb9c537c1b0f568704cf4153a633ad (0.00s)
    --- PASS: FuzzABI/d99be2cef4fc25dafb6cd978e93366377c77a23c (0.00s)
    --- PASS: FuzzABI/d9b261c7d020f0049407a0e2248db9c379dc17af (0.00s)
    --- PASS: FuzzABI/dcc0bd6f48575865d1f427ccbd806dc0c95b7276 (0.00s)
    --- PASS: FuzzABI/dd174acd7d17d102e0fd8ab985b6811f435d3b9c (0.00s)
    --- PASS: FuzzABI/dd9f3ce188e73db9f92d6f120cd5b1ec46965dfb (0.00s)
    --- PASS: FuzzABI/dda42ff06cbef3a6ea0c33cea4c9495ff7e96a4f (0.00s)
    --- PASS: FuzzABI/ddd47cc3855d94186fe17757caa8f8e8a3afecc2 (0.00s)
    --- PASS: FuzzABI/de3ee54a7b39fbf2bf209178eeb32bbaee7103ad (0.00s)
    --- PASS: FuzzABI/dfded34c5af31720fb5192dc3b9f016a3948f39e (0.00s)
    --- PASS: FuzzABI/e0c72e10fa5fa8fe64cd8935c2cece8c120a4ba2 (0.00s)
    --- PASS: FuzzABI/e0ea1d99fe82cefda7572a325a8a0d7fff9bc55c (0.00s)
    --- PASS: FuzzABI/e1d3c828174d9be5495a68d352c838138b2421f7 (0.00s)
    --- PASS: FuzzABI/e26a1feb14a6c14f0c12e7f8f82cc005dac9cd7f (0.00s)
    --- PASS: FuzzABI/e4602902a923f92045c7cc869f93a1a133564ba8 (0.00s)
    --- PASS: FuzzABI/e4b312be6c4a116b4556cdca15e36bc7f7c6dc10 (0.00s)
    --- PASS: FuzzABI/e5a5b4309d3905a82291c66c519bb7ca6222d164 (0.00s)
    --- PASS: FuzzABI/e62ecd6fe822b7ab69a3c56745d46d7ba7019bc3 (0.00s)
    --- PASS: FuzzABI/e795578081b91dbb9e197de2f36b205cd13213bb (0.00s)
    --- PASS: FuzzABI/e8065ec30c3c7a44df3d36c6adfd4f89bbe66a94 (0.00s)
    --- PASS: FuzzABI/e919710e72e12fcb6338ed4f4713c32d211a0109 (0.00s)
    --- PASS: FuzzABI/e992bf0715eaadde90612cd31be54e11a4b7520f (0.00s)
    --- PASS: FuzzABI/e9a8ca68868453f6bb5f0c7187eda4b45b04bb7a (0.00s)
    --- PASS: FuzzABI/e9f6d148084a6e9296f923697365a6ab3ecb549d (0.00s)
    --- PASS: FuzzABI/ebd98b4e39ea8a3cd3b96e0bad970707da8d4575 (0.00s)
    --- PASS: FuzzABI/eeedad0eea9172d302878ff9601092dc914eed33 (0.00s)
    --- PASS: FuzzABI/ef65a114cce777e81ee0f32c2e05ec22744c1202 (0.00s)
    --- PASS: FuzzABI/ef8584181b451dc776d341b514fdea709c10b5fd (0.00s)
    --- PASS: FuzzABI/f00142d996341845c8c79c64a3a33f3fa59b7179 (0.00s)
    --- PASS: FuzzABI/f016184db63065194a495181dbc140b6b70ac13f (0.00s)
    --- PASS: FuzzABI/f0340e0d476c7328e156d9fd4b8af804711e84ad (0.00s)
    --- PASS: FuzzABI/f09ff55958030adf68605b501e417167b742fc46 (0.00s)
    --- PASS: FuzzABI/f0c54e1a029c63a37ca9b9f82d16d380e6b0b852 (0.00s)
    --- PASS: FuzzABI/f1092666849f9be006391ff2172d4c09bf70e1ae (0.00s)
    --- PASS: FuzzABI/f16fe89c4c9e6be212af72380e756e39a943f0a4 (0.00s)
    --- PASS: FuzzABI/f191a243a7715f7e1acf51d5c690096e1b4858dc (0.00s)
    --- PASS: FuzzABI/f1bf1dc6eb85690315917554830300ee2e5acda9 (0.00s)
    --- PASS: FuzzABI/f21f207730510cc895701b02f3ca49475cd6238e (0.00s)
    --- PASS: FuzzABI/f281c077857ca94a412854e0a83d77862d986e19 (0.00s)
    --- PASS: FuzzABI/f298b8f04da4cbbb65f9a58d387ab0e0b4539b5d (0.00s)
    --- PASS: FuzzABI/f35ebbe0f826d66d5f7285fbeefb671cb977f6a3 (0.00s)
    --- PASS: FuzzABI/f3df1853adb7fab0812fb45c647a913d251a8fc0 (0.00s)
    --- PASS: FuzzABI/f3f7a9a911255179bba3e8f25e5eb022f5e613da (0.00s)
    --- PASS: FuzzABI/f4273f832fe4c0a2a797fbd23aa7c9a26f3ef056 (0.00s)
    --- PASS: FuzzABI/f4742486d1ee52855a510789df20c91a83e66dc2 (0.00s)
    --- PASS: FuzzABI/f4949fa20067c6f7f365981494c065b27845357e (0.00s)
    --- PASS: FuzzABI/f4cd4f29f06b44cdc3512497ceee1ff364efe4ca (0.00s)
    --- PASS: FuzzABI/f4fed2401d38e7436df92951695d0fe680fa89e3 (0.00s)
    --- PASS: FuzzABI/f5acbf5d59e205e34c7073252edc6fc3a04fb77c (0.00s)
    --- PASS: FuzzABI/f5b9bde71edf30d6bebcd506376cc7413adc5145 (0.00s)
    --- PASS: FuzzABI/f5bb3f58dd5aa860c2193e0dce030db8e8a3b900 (0.00s)
    --- PASS: FuzzABI/f62df4ac24289e2161970dcf71f492911150fa19 (0.00s)
    --- PASS: FuzzABI/f64e46fe2324fc9a5709f8215d0831d718b87876 (0.00s)
    --- PASS: FuzzABI/f69e6228e60d903666fc152af94f8433153e70b1 (0.00s)
    --- PASS: FuzzABI/f7df92b2a979ce265f0b2d33c33cdbc99e8da041 (0.00s)
    --- PASS: FuzzABI/f802ca4190f89c13614b28ff83d72f7ea21907bb (0.00s)
    --- PASS: FuzzABI/f823cb0b373d043dabb37c337b79ce5ff40853b2 (0.00s)
    --- PASS: FuzzABI/f84f62e94c01572ad5a4b674fe9d612d3cb8eb9f (0.00s)
    --- PASS: FuzzABI/f896699efdbecbe34336a4c803b8872b824ae115 (0.00s)
    --- PASS: FuzzABI/f8c334ef1973de0d51b5a912028d7fe277fbb990 (0.00s)
    --- PASS: FuzzABI/f98ee26843e50df24a5b7e48e9a7a2b58e668309 (0.00s)
    --- PASS: FuzzABI/fa372dd05f11f7ee2dd3e16c9b3d839c92518fed (0.00s)
    --- PASS: FuzzABI/fb2fb4ab4f578e9b09ed1b25a51dd4d619eb7b56 (0.00s)
    --- PASS: FuzzABI/fc14d552b0bc2069cc41ca6578850f2557b5bdea (0.00s)
    --- PASS: FuzzABI/fc5b4db4d3b1d2a89d51c7572fa7d54b37899fd6 (0.00s)
    --- PASS: FuzzABI/fc754796e527ee0f029df4ceef1c5d9031ffbce5 (0.00s)
    --- PASS: FuzzABI/fcd5f26f04b4d1195015af76a1acc1da2f4b6ccf (0.00s)
    --- PASS: FuzzABI/fe0f76853ceac75047db39dc525f38544559d026 (0.00s)
    --- PASS: FuzzABI/ff45ed3d7c7ca229fe02df5063919ffe778659d9 (0.00s)
    --- PASS: FuzzABI/ff573cafd21192b4c31d50d3d832b6fd8dcbd065 (0.00s)
    --- PASS: FuzzABI/ff87004dba86579d3b4f0a6b8f7f2ccc7445bf8d (0.00s)
PASS
coverage: 83.3% of statements
ok  	github.com/morph-l2/go-ethereum/tests/fuzzers/abi	0.105s	coverage: 83.3% of statements
