mode: set
github.com/morph-l2/go-ethereum/tests/fuzzers/bls12381/bls12381_fuzz.go:38.44,41.16 3 1
github.com/morph-l2/go-ethereum/tests/fuzzers/bls12381/bls12381_fuzz.go:41.16,43.3 1 1
github.com/morph-l2/go-ethereum/tests/fuzzers/bls12381/bls12381_fuzz.go:44.2,46.39 3 1
github.com/morph-l2/go-ethereum/tests/fuzzers/bls12381/bls12381_fuzz.go:46.39,47.101 1 0
github.com/morph-l2/go-ethereum/tests/fuzzers/bls12381/bls12381_fuzz.go:49.2,49.10 1 1
github.com/morph-l2/go-ethereum/tests/fuzzers/bls12381/bls12381_fuzz.go:52.44,55.16 3 1
github.com/morph-l2/go-ethereum/tests/fuzzers/bls12381/bls12381_fuzz.go:55.16,57.3 1 1
github.com/morph-l2/go-ethereum/tests/fuzzers/bls12381/bls12381_fuzz.go:58.2,60.39 3 1
github.com/morph-l2/go-ethereum/tests/fuzzers/bls12381/bls12381_fuzz.go:60.39,61.101 1 0
github.com/morph-l2/go-ethereum/tests/fuzzers/bls12381/bls12381_fuzz.go:63.2,63.10 1 1
github.com/morph-l2/go-ethereum/tests/fuzzers/bls12381/bls12381_fuzz.go:66.40,71.16 3 1
github.com/morph-l2/go-ethereum/tests/fuzzers/bls12381/bls12381_fuzz.go:71.16,73.3 1 1
github.com/morph-l2/go-ethereum/tests/fuzzers/bls12381/bls12381_fuzz.go:76.2,77.16 2 1
github.com/morph-l2/go-ethereum/tests/fuzzers/bls12381/bls12381_fuzz.go:77.16,79.3 1 1
github.com/morph-l2/go-ethereum/tests/fuzzers/bls12381/bls12381_fuzz.go:82.2,83.16 2 1
github.com/morph-l2/go-ethereum/tests/fuzzers/bls12381/bls12381_fuzz.go:83.16,84.66 1 0
github.com/morph-l2/go-ethereum/tests/fuzzers/bls12381/bls12381_fuzz.go:88.2,91.44 4 1
github.com/morph-l2/go-ethereum/tests/fuzzers/bls12381/bls12381_fuzz.go:91.44,92.40 1 0
github.com/morph-l2/go-ethereum/tests/fuzzers/bls12381/bls12381_fuzz.go:95.2,95.10 1 1
github.com/morph-l2/go-ethereum/tests/fuzzers/bls12381/bls12381_fuzz.go:98.36,120.2 15 1
github.com/morph-l2/go-ethereum/tests/fuzzers/bls12381/bls12381_fuzz.go:122.38,127.16 3 1
github.com/morph-l2/go-ethereum/tests/fuzzers/bls12381/bls12381_fuzz.go:127.16,129.3 1 1
github.com/morph-l2/go-ethereum/tests/fuzzers/bls12381/bls12381_fuzz.go:132.2,133.16 2 1
github.com/morph-l2/go-ethereum/tests/fuzzers/bls12381/bls12381_fuzz.go:133.16,135.3 1 1
github.com/morph-l2/go-ethereum/tests/fuzzers/bls12381/bls12381_fuzz.go:138.2,143.51 5 1
github.com/morph-l2/go-ethereum/tests/fuzzers/bls12381/bls12381_fuzz.go:143.51,144.51 1 0
github.com/morph-l2/go-ethereum/tests/fuzzers/bls12381/bls12381_fuzz.go:147.2,147.10 1 1
github.com/morph-l2/go-ethereum/tests/fuzzers/bls12381/bls12381_fuzz.go:150.38,155.16 3 1
github.com/morph-l2/go-ethereum/tests/fuzzers/bls12381/bls12381_fuzz.go:155.16,157.3 1 1
github.com/morph-l2/go-ethereum/tests/fuzzers/bls12381/bls12381_fuzz.go:160.2,161.16 2 1
github.com/morph-l2/go-ethereum/tests/fuzzers/bls12381/bls12381_fuzz.go:161.16,163.3 1 1
github.com/morph-l2/go-ethereum/tests/fuzzers/bls12381/bls12381_fuzz.go:166.2,171.51 5 1
github.com/morph-l2/go-ethereum/tests/fuzzers/bls12381/bls12381_fuzz.go:171.51,172.51 1 0
github.com/morph-l2/go-ethereum/tests/fuzzers/bls12381/bls12381_fuzz.go:175.2,175.10 1 1
github.com/morph-l2/go-ethereum/tests/fuzzers/bls12381/bls12381_fuzz.go:178.43,187.26 2 1
github.com/morph-l2/go-ethereum/tests/fuzzers/bls12381/bls12381_fuzz.go:187.26,190.17 2 1
github.com/morph-l2/go-ethereum/tests/fuzzers/bls12381/bls12381_fuzz.go:190.17,191.9 1 1
github.com/morph-l2/go-ethereum/tests/fuzzers/bls12381/bls12381_fuzz.go:194.3,195.17 2 1
github.com/morph-l2/go-ethereum/tests/fuzzers/bls12381/bls12381_fuzz.go:195.17,196.9 1 1
github.com/morph-l2/go-ethereum/tests/fuzzers/bls12381/bls12381_fuzz.go:199.3,205.39 6 1
github.com/morph-l2/go-ethereum/tests/fuzzers/bls12381/bls12381_fuzz.go:208.2,208.69 1 1
github.com/morph-l2/go-ethereum/tests/fuzzers/bls12381/bls12381_fuzz.go:208.69,210.3 1 1
github.com/morph-l2/go-ethereum/tests/fuzzers/bls12381/bls12381_fuzz.go:213.2,217.57 4 1
github.com/morph-l2/go-ethereum/tests/fuzzers/bls12381/bls12381_fuzz.go:217.57,218.44 1 0
github.com/morph-l2/go-ethereum/tests/fuzzers/bls12381/bls12381_fuzz.go:222.2,223.58 2 1
github.com/morph-l2/go-ethereum/tests/fuzzers/bls12381/bls12381_fuzz.go:223.58,224.56 1 0
github.com/morph-l2/go-ethereum/tests/fuzzers/bls12381/bls12381_fuzz.go:226.2,226.10 1 1
github.com/morph-l2/go-ethereum/tests/fuzzers/bls12381/bls12381_fuzz.go:229.43,238.26 2 1
github.com/morph-l2/go-ethereum/tests/fuzzers/bls12381/bls12381_fuzz.go:238.26,241.17 2 1
github.com/morph-l2/go-ethereum/tests/fuzzers/bls12381/bls12381_fuzz.go:241.17,242.9 1 1
github.com/morph-l2/go-ethereum/tests/fuzzers/bls12381/bls12381_fuzz.go:245.3,246.17 2 1
github.com/morph-l2/go-ethereum/tests/fuzzers/bls12381/bls12381_fuzz.go:246.17,247.9 1 1
github.com/morph-l2/go-ethereum/tests/fuzzers/bls12381/bls12381_fuzz.go:250.3,256.39 6 1
github.com/morph-l2/go-ethereum/tests/fuzzers/bls12381/bls12381_fuzz.go:259.2,259.69 1 1
github.com/morph-l2/go-ethereum/tests/fuzzers/bls12381/bls12381_fuzz.go:259.69,261.3 1 1
github.com/morph-l2/go-ethereum/tests/fuzzers/bls12381/bls12381_fuzz.go:264.2,268.57 4 1
github.com/morph-l2/go-ethereum/tests/fuzzers/bls12381/bls12381_fuzz.go:268.57,269.44 1 0
github.com/morph-l2/go-ethereum/tests/fuzzers/bls12381/bls12381_fuzz.go:273.2,274.58 2 1
github.com/morph-l2/go-ethereum/tests/fuzzers/bls12381/bls12381_fuzz.go:274.58,275.56 1 0
github.com/morph-l2/go-ethereum/tests/fuzzers/bls12381/bls12381_fuzz.go:277.2,277.10 1 1
github.com/morph-l2/go-ethereum/tests/fuzzers/bls12381/bls12381_fuzz.go:280.76,283.16 2 1
github.com/morph-l2/go-ethereum/tests/fuzzers/bls12381/bls12381_fuzz.go:283.16,285.3 1 1
github.com/morph-l2/go-ethereum/tests/fuzzers/bls12381/bls12381_fuzz.go:288.2,297.36 8 1
github.com/morph-l2/go-ethereum/tests/fuzzers/bls12381/bls12381_fuzz.go:297.36,298.103 1 0
github.com/morph-l2/go-ethereum/tests/fuzzers/bls12381/bls12381_fuzz.go:301.2,301.20 1 1
github.com/morph-l2/go-ethereum/tests/fuzzers/bls12381/bls12381_fuzz.go:304.76,307.16 2 1
github.com/morph-l2/go-ethereum/tests/fuzzers/bls12381/bls12381_fuzz.go:307.16,309.3 1 1
github.com/morph-l2/go-ethereum/tests/fuzzers/bls12381/bls12381_fuzz.go:312.2,321.43 7 1
github.com/morph-l2/go-ethereum/tests/fuzzers/bls12381/bls12381_fuzz.go:321.43,322.48 1 0
github.com/morph-l2/go-ethereum/tests/fuzzers/bls12381/bls12381_fuzz.go:325.2,325.20 1 1
github.com/morph-l2/go-ethereum/tests/fuzzers/bls12381/bls12381_fuzz.go:328.70,329.6 1 1
github.com/morph-l2/go-ethereum/tests/fuzzers/bls12381/bls12381_fuzz.go:329.6,331.33 2 1
github.com/morph-l2/go-ethereum/tests/fuzzers/bls12381/bls12381_fuzz.go:331.33,333.4 1 1
github.com/morph-l2/go-ethereum/tests/fuzzers/bls12381/bls12381_fuzz.go:338.80,340.31 2 1
github.com/morph-l2/go-ethereum/tests/fuzzers/bls12381/bls12381_fuzz.go:340.31,346.3 5 1
github.com/morph-l2/go-ethereum/tests/fuzzers/bls12381/bls12381_fuzz.go:347.2,347.12 1 1
github.com/morph-l2/go-ethereum/tests/fuzzers/bls12381/bls12381_fuzz.go:351.80,353.31 2 1
github.com/morph-l2/go-ethereum/tests/fuzzers/bls12381/bls12381_fuzz.go:353.31,359.3 5 1
github.com/morph-l2/go-ethereum/tests/fuzzers/bls12381/bls12381_fuzz.go:360.2,360.12 1 1
github.com/morph-l2/go-ethereum/tests/fuzzers/bls12381/precompile_fuzzer.go:37.45,38.12 1 1
github.com/morph-l2/go-ethereum/tests/fuzzers/bls12381/precompile_fuzzer.go:39.16,40.25 1 1
github.com/morph-l2/go-ethereum/tests/fuzzers/bls12381/precompile_fuzzer.go:41.21,42.27 1 1
github.com/morph-l2/go-ethereum/tests/fuzzers/bls12381/precompile_fuzzer.go:43.16,44.25 1 1
github.com/morph-l2/go-ethereum/tests/fuzzers/bls12381/precompile_fuzzer.go:45.21,46.27 1 1
github.com/morph-l2/go-ethereum/tests/fuzzers/bls12381/precompile_fuzzer.go:47.18,48.27 1 1
github.com/morph-l2/go-ethereum/tests/fuzzers/bls12381/precompile_fuzzer.go:49.16,50.24 1 1
github.com/morph-l2/go-ethereum/tests/fuzzers/bls12381/precompile_fuzzer.go:51.16,52.25 1 1
github.com/morph-l2/go-ethereum/tests/fuzzers/bls12381/precompile_fuzzer.go:54.2,54.27 1 0
github.com/morph-l2/go-ethereum/tests/fuzzers/bls12381/precompile_fuzzer.go:66.37,70.32 3 1
github.com/morph-l2/go-ethereum/tests/fuzzers/bls12381/precompile_fuzzer.go:70.32,72.3 1 1
github.com/morph-l2/go-ethereum/tests/fuzzers/bls12381/precompile_fuzzer.go:74.2,74.24 1 1
github.com/morph-l2/go-ethereum/tests/fuzzers/bls12381/precompile_fuzzer.go:74.24,76.3 1 0
github.com/morph-l2/go-ethereum/tests/fuzzers/bls12381/precompile_fuzzer.go:77.2,80.29 4 1
github.com/morph-l2/go-ethereum/tests/fuzzers/bls12381/precompile_fuzzer.go:80.29,81.81 1 0
github.com/morph-l2/go-ethereum/tests/fuzzers/bls12381/precompile_fuzzer.go:83.2,83.16 1 1
github.com/morph-l2/go-ethereum/tests/fuzzers/bls12381/precompile_fuzzer.go:83.16,85.3 1 1
github.com/morph-l2/go-ethereum/tests/fuzzers/bls12381/precompile_fuzzer.go:86.2,86.10 1 0
