=== RUN   FuzzDifficulty
=== RUN   FuzzDifficulty/000c19a592af7c495dee36773d63320107309daa
=== RUN   FuzzDifficulty/01e4100e83fb009849c683cc5c60df7f819d5edd
=== RUN   FuzzDifficulty/02122928f42a05ee0c4baa79a7a94d859326957d
=== RUN   FuzzDifficulty/022b4fb0e6d843b9395c33d3cbaaf3050eba9ecc
=== RUN   FuzzDifficulty/030bda853c80fa1bf485666e31345bc8b84cb614
=== RUN   FuzzDifficulty/04ea52f7a42768900e83c1e9caec7bbdfc134b85
=== RUN   FuzzDifficulty/0533824fe6ad22c3ceca0460a883bab9b0d3a4d6
=== RUN   FuzzDifficulty/0786d5a53e38e4aa9b66f8093f572dc313bb2c9e
=== RUN   FuzzDifficulty/078f36e0e64769919e28ec4310bd9bb96ed2d4d4
=== RUN   FuzzDifficulty/084c543b9589f3557211def70901fecd832423c4
=== RUN   FuzzDifficulty/0a20043a4893848d4e38e032781bf827025f016b
=== RUN   FuzzDifficulty/0d18e77b76738c5a9f34641f8c0f1611fb5b057b
=== RUN   FuzzDifficulty/0dd95d9743fb8e256b93baba72f1ce44a92ca802
=== RUN   FuzzDifficulty/0e6a6c414fdf7a20b12b97049e9dd5cac3129cef
=== RUN   FuzzDifficulty/10128f0acc5fe7891f1a47090f962fc2e1e6d333
=== RUN   FuzzDifficulty/104aa1998bf7288c761de621f55f93f05945cb86
=== RUN   FuzzDifficulty/118a32d62d85f518af7a9c8061f44037c9b54844
=== RUN   FuzzDifficulty/160cef0c8e5e262014d83d011938572c8db6021e
=== RUN   FuzzDifficulty/1a47e3fe40fa70767051710ffbb4c3d6f0cf507a
=== RUN   FuzzDifficulty/1acde6d62cf6702b18e9e300fdda5979226118af
=== RUN   FuzzDifficulty/1c29f77565399a49af0fe03442c5629ce2b9e48b
=== RUN   FuzzDifficulty/1c3a713ffc14ee0066ed5915ba5406868a01881d
=== RUN   FuzzDifficulty/1e37233bc18a17b3d4ea59c1573e470d9940d66e
=== RUN   FuzzDifficulty/1ee7f502f8c92ab081f4cbfab728cadc06c4cd29
=== RUN   FuzzDifficulty/1f96b58fff6dfaf3884032f7659dded47666d028
=== RUN   FuzzDifficulty/2154b3b045d92ca8112d100d28f779918ff3e9c4
=== RUN   FuzzDifficulty/2244c0fda360f554b1c372711fe03321e36683db
=== RUN   FuzzDifficulty/22ba192ed55cdbff1776c839b03144ce7f0c2515
=== RUN   FuzzDifficulty/25415c26ed60c5fc3648afab004c7b248b593f5d
=== RUN   FuzzDifficulty/293a358446cbf25c1d9db487adbc844716a1b5c5
=== RUN   FuzzDifficulty/299b257de0457c2c06befaed40f7a79551d720f6
=== RUN   FuzzDifficulty/2c0d1ae1932d324eeb5b6dfcff72cc1a655feec5
=== RUN   FuzzDifficulty/2db2b06e3718919082f23bc32d3999871ba48358
=== RUN   FuzzDifficulty/2eed273d016dc5ae4fb3b062bb87024d653a8e55
=== RUN   FuzzDifficulty/3112cdffb654cee8ee76cfe42dfbf720cc07ad79
=== RUN   FuzzDifficulty/320b2abb78d21a0815c3c233a21a5a94c919fa18
=== RUN   FuzzDifficulty/344d1b73f403d86eaedaa56e23d54a9c8f55a0b4
=== RUN   FuzzDifficulty/349ebbf323641a42296f283a367fd7346ec5a1bd
=== RUN   FuzzDifficulty/359b71b83f87c2b86bb4bd1590f373f89821ed0e
=== RUN   FuzzDifficulty/3c0217d833dc98eb887a9457e15993a498e1805d
=== RUN   FuzzDifficulty/3c05c7d5770216659b402882bbe3107eb082a21f
=== RUN   FuzzDifficulty/411b23f785bd16df8eaf190242c9c1b5c1af181e
=== RUN   FuzzDifficulty/4184e12212ab942f36d1758a7bdee581801d0992
=== RUN   FuzzDifficulty/41fa521688e1eaf63aff5c873be9ecef8e4d4642
=== RUN   FuzzDifficulty/465d19149c7983c20e10d60092f28516991d77c2
=== RUN   FuzzDifficulty/47b0e532495374e003b5f0803bbe00e9f17b9512
=== RUN   FuzzDifficulty/484ddbf229dde84bb465ed1f8fc610c089f3eaff
=== RUN   FuzzDifficulty/494e9b0ad1af096fc0ce01bfdec6997f1e08a5cd
=== RUN   FuzzDifficulty/4e10ff15f1494a540dc4332fedb4a6b65fd363c9
=== RUN   FuzzDifficulty/5246767699d8bc4c1d6fb5729cd5309935e75c92
=== RUN   FuzzDifficulty/536b638566d6dae974030408290894c529cf1972
=== RUN   FuzzDifficulty/5523f2ec71420644708284c57c3dcee6164bd38b
=== RUN   FuzzDifficulty/55c3bda3c6de785783e9c4b1745d567d13241f84
=== RUN   FuzzDifficulty/55c68756ef246f3c921a6605f4a766044663a67b
=== RUN   FuzzDifficulty/59905eca9ce76787cfe4c29929b0c8ff4b8cd3bc
=== RUN   FuzzDifficulty/5ab40007c67c2ec73405b8605e899519e555a2d2
=== RUN   FuzzDifficulty/5b2e30aba2a912814252892f0aacd888ec70e44d
=== RUN   FuzzDifficulty/5b69d65ef174687c47c4eef753c5f273864e0115
=== RUN   FuzzDifficulty/5b81566c5e075b5b848970b00b433da762f3410c
=== RUN   FuzzDifficulty/5cc8701ab9307d547b29dda74313119436efed53
=== RUN   FuzzDifficulty/5d86fbce193ae5fa53c38a03066ccfd489a8b754
=== RUN   FuzzDifficulty/5e42ce6049c619a9b87ef966df08f085ab27c2d0
=== RUN   FuzzDifficulty/5e4dac1f35927ce33ae98b7e6a703e7b25bdee53
=== RUN   FuzzDifficulty/5e955a44cc18376da80a2bc7d4ff8deebed0f0e2
=== RUN   FuzzDifficulty/5ec37be82ad0d44f2d1996b1b8a74ef7340d9855
=== RUN   FuzzDifficulty/5fcf0f5eba63be2adb16e755bce7b3309af08304
=== RUN   FuzzDifficulty/5fea4bbed7f26032d94f848842638b1d5851016b
=== RUN   FuzzDifficulty/627c3277d82ffd5dee4649c573cbbe51d6e66adc
=== RUN   FuzzDifficulty/628b6224c3590a2fa808b9f0eb4903a48b46dc4a
=== RUN   FuzzDifficulty/63224fdb460f5a0e97e1a1c6a1a85c31160e8556
=== RUN   FuzzDifficulty/64f2f3f5fc9ce7f0be6bed3fd1c4b3bee5b5bb29
=== RUN   FuzzDifficulty/69ef87a4adf61f4ddb7a9f6af2757e540e01f412
=== RUN   FuzzDifficulty/6a214215797fe2cb4f12ad35298956659a8228e9
=== RUN   FuzzDifficulty/6b74c88c5173b324b2d42880fa962e470d83b4e9
=== RUN   FuzzDifficulty/6c967267001b0f74a1689192623cb6be4faef9f9
=== RUN   FuzzDifficulty/6d09a14b02e15297a9a65ff7e0b172a1d8ccc965
=== RUN   FuzzDifficulty/6db5711fd5d86a5412bf1f6ed6c5b42505d785ef
=== RUN   FuzzDifficulty/6f733ec33eeeadbce0849def19e3027ae9924f4f
=== RUN   FuzzDifficulty/708a524baf0262a7ab6f88fca5918f3ef3f6d052
=== RUN   FuzzDifficulty/716d9b3f6bdbe628a837d5a083c2a809aed6f947
=== RUN   FuzzDifficulty/737408239ee577abfb7b1bdbcd132ebb13ef2280
=== RUN   FuzzDifficulty/73b74736664ad85828ce1be2e29fb4a68d24402b
=== RUN   FuzzDifficulty/74b4762b40d6377e78a9ee6c51e43a5049ee93b6
=== RUN   FuzzDifficulty/754b370242b9d8ebab3b31829fa42ce9c0fa90e6
=== RUN   FuzzDifficulty/75c0f41eb5ed37c317ac63a1674f70ddde1cbbb4
=== RUN   FuzzDifficulty/75e86f88699a32eea73e0c8447001f2ac42487a2
=== RUN   FuzzDifficulty/7735430c0b89dce28aa000df4f7964efd540c3f0
=== RUN   FuzzDifficulty/774e6a979489881d43d415aff7bf7f7946e9e84a
=== RUN   FuzzDifficulty/775e91f950c048a44b9dca32a8f07f7257586941
=== RUN   FuzzDifficulty/7bf351f299b6322929dbad0f26c6f5792271b38e
=== RUN   FuzzDifficulty/7c0ab4c771ae75c52548dc84c30fb454081030cd
=== RUN   FuzzDifficulty/7c24e54c857ea0fdb70ed4d2b2f01aa011b63a30
=== RUN   FuzzDifficulty/7ca3f8118f065a6e71d9c07a0d958e90442e779a
=== RUN   FuzzDifficulty/7dc99ddf4b457816ef160f5a7c01ceab2c900b0d
=== RUN   FuzzDifficulty/7edfabe81b7ff544c96698e0d36d23d9f540646e
=== RUN   FuzzDifficulty/7fa59a92834636a1f64f4af8c29823df04a45b5c
=== RUN   FuzzDifficulty/7facec6e44afcab49440f7f48549e1c90da9246f
=== RUN   FuzzDifficulty/82c454ba6668129f7264a0aadb7aa565a59eeadd
=== RUN   FuzzDifficulty/82f6795972f3ad00d6a05746a5f7580cf27462cc
=== RUN   FuzzDifficulty/8471f4a994160b528c87f5a2496c3085ed70f1db
=== RUN   FuzzDifficulty/85d6344b09d6e1af42bc2e4c4665f86f662d430a
=== RUN   FuzzDifficulty/86292136d5f3147a4b8859448de4d1308ee94853
=== RUN   FuzzDifficulty/86a0896b3ad4dc0ac9bc66ed2ca27d42e911f479
=== RUN   FuzzDifficulty/86b01dd48fd3201a5fda8243ab9ada28c9df7882
=== RUN   FuzzDifficulty/870b1f6183b55bc22228f6b1d61c37ddaf277c8b
=== RUN   FuzzDifficulty/883f97677678c95311c6d577bdb8d4e25d6ff1d0
=== RUN   FuzzDifficulty/89b3d6375ab4d6d85d4d5eae2a7c96672aaef8cc
=== RUN   FuzzDifficulty/89e18b98c7ae08ed7e9bc796ec83ddb1bc36be51
=== RUN   FuzzDifficulty/8a2132d9f8258a7dfa423a5fde7f12739c04c7bd
=== RUN   FuzzDifficulty/8cbe57553fe9877e5ff497577a3ff18037baddd3
=== RUN   FuzzDifficulty/8d5a0aa5a82d94aa2cf05e27f935c8a2b4448c85
=== RUN   FuzzDifficulty/9069ca78e7450a285173431b3e52c5c25299e473
=== RUN   FuzzDifficulty/90740d4cb03fa8d7b0ff286f2067cf0fa5d49477
=== RUN   FuzzDifficulty/90ff41289407feb6088d826fceffb344b961f629
=== RUN   FuzzDifficulty/91291fad5e24d415b4f61bf4d3c5b4a6474e99f2
=== RUN   FuzzDifficulty/9886dda2bc30941319284dba664d5ebb2b745578
=== RUN   FuzzDifficulty/98ffd769d5966a61b78dc34d745a528d884bb6c9
=== RUN   FuzzDifficulty/99813a34dc19696dd5d9125ad39a605c67a5957c
=== RUN   FuzzDifficulty/9984998fe306a4f76b406d9ff233a82ba69ff74e
=== RUN   FuzzDifficulty/99f5a6016d3d5bf8cc8609f1acc2608c8786756a
=== RUN   FuzzDifficulty/9b10c2d5523dd9c3b543e619546a9f1d059fee0b
=== RUN   FuzzDifficulty/9b6ea8bd304106e258cdb79d1a327033155d30d9
=== RUN   FuzzDifficulty/9b7294d4c8eb11c09976d63d9b0b7e528ab23961
=== RUN   FuzzDifficulty/9befd49bfe184e64b6cd74699914ceff427b3d47
=== RUN   FuzzDifficulty/9d65ebb675a127f7cc8938631d64c850fc3ae2f6
=== RUN   FuzzDifficulty/9dbe233ec99b7d4539da13c963943e7f5aec57e4
=== RUN   FuzzDifficulty/9e23dc133b97e836b022c45465d8b90064ec0a6a
=== RUN   FuzzDifficulty/a01c4ed1662b011f1ca130747d11f6cc38bf1b52
=== RUN   FuzzDifficulty/a102e8b1bfd86fac303c7f1520d3ff3f3f83b2ec
=== RUN   FuzzDifficulty/a4b2c6354a67a78a89af466276cfdbaf1306652d
=== RUN   FuzzDifficulty/a4be6f68304edfe709b5ba6a80ce55f4456c78fc
=== RUN   FuzzDifficulty/a5021bb4bf7fd1e4f98bdb8ee07ab68182d50c6a
=== RUN   FuzzDifficulty/a624e9ef6fe1e6908ac94659d542b9f2e4e52b9d
=== RUN   FuzzDifficulty/a6c01818b193d226175a77660c7859b7d889408c
=== RUN   FuzzDifficulty/a709bda7ed924326f479876c3c58b7b65306f469
=== RUN   FuzzDifficulty/a8f393906ce9f1b3606637f3beea0e4693878aa4
=== RUN   FuzzDifficulty/a9635a2497e6539d535bfe1b6be4c215adad92da
=== RUN   FuzzDifficulty/a97694f7406ac00bde463761ce385779c9bfe1c4
=== RUN   FuzzDifficulty/ac63aa8d00d0f061dd995e6de1030e590ead9911
=== RUN   FuzzDifficulty/ac8ad5f24cd9fdd713c5846862298d5d2015d2df
=== RUN   FuzzDifficulty/ad77fad67f426cb083c13ee172df476455145df6
=== RUN   FuzzDifficulty/ae3d502005f52fffac33a4a2e82744087e5e60b1
=== RUN   FuzzDifficulty/ae8ff00b52bb7a7e43a3a5070310efc738d1af6b
=== RUN   FuzzDifficulty/aeb69c4e1346357fe9778b094c065c56f7371d23
=== RUN   FuzzDifficulty/af2877617162ea18cf4286b9800be852da0f621f
=== RUN   FuzzDifficulty/af5dcf0ac2c644bcd654c8469541805654389745
=== RUN   FuzzDifficulty/b1a11e16fda5cd28d9a2a95cbedf5f12b4c19f8a
=== RUN   FuzzDifficulty/b1b72cd1c20b00356db7ef36b1bcfe0e9642038d
=== RUN   FuzzDifficulty/b562234332949de0b0a15de5acbe4170611676a1
=== RUN   FuzzDifficulty/b621f30298dcd5373751e6b91bb0fe06fcbba90c
=== RUN   FuzzDifficulty/b68059f782e3522e1be4bb5a9cc07899ada6ff78
=== RUN   FuzzDifficulty/b6934a1d6a9c889b365829073362c596a9b8e40d
=== RUN   FuzzDifficulty/b8428a59fbd7fa98a54b22318f8b3f238fd5ba74
=== RUN   FuzzDifficulty/b89d27d7ad975d5456b72e1f1b1bf1b445559beb
=== RUN   FuzzDifficulty/bab32f5a59691fb65354c40bff504da59bcc054c
=== RUN   FuzzDifficulty/bd690122db3ed97c56435e83b2cc401e0d085dea
=== RUN   FuzzDifficulty/be177c3c47d7ea0c1af371004db9ca74695e7016
=== RUN   FuzzDifficulty/bf93c6bb4552f6d3385811919230aa6b034fea1b
=== RUN   FuzzDifficulty/c02f138109fb63ee9f4ff4ed48fcf0a5d23f3c9d
=== RUN   FuzzDifficulty/c2a8b77c7ee6d83ff856182d92fdc5fdfbfc1c27
=== RUN   FuzzDifficulty/c2c6d609f56b9c8585b479dbc038275f9ca902b9
=== RUN   FuzzDifficulty/c410892bcbb5a6e5dcb8294891dd10a4c2bcfc46
=== RUN   FuzzDifficulty/c581b834841af86a2e37f38b7edc84ba577260ce
=== RUN   FuzzDifficulty/c60fdbe34b583f5560df726b78327ce0a3fbcb54
=== RUN   FuzzDifficulty/c66567c2492209fe8d4ac84a9db6704c57f6fdf3
=== RUN   FuzzDifficulty/c69bb9ce4f90a8dd81fcfbbe5f2b9a40ece4620a
=== RUN   FuzzDifficulty/c83369639a3875150ddb151b76cced3a70dd7511
=== RUN   FuzzDifficulty/c8d16da34c35125f5b2b7096cf724a0c06d6419d
=== RUN   FuzzDifficulty/ca2a3e55ffa63b0a0d95bbeb95512c034bde7a0e
=== RUN   FuzzDifficulty/ca4201be75616d228fb431ea42493a528e96729f
=== RUN   FuzzDifficulty/cc629d77c23b6457e540aec06c0294a135150b53
=== RUN   FuzzDifficulty/ccae150a5267d1cc7d99841d30f7ca8f3d896f6f
=== RUN   FuzzDifficulty/ccd6d99ab7ead3a33e1a53e4adc074eef7e4d1cc
=== RUN   FuzzDifficulty/cdb592c8c270b29913eefa405783226899e80ca0
=== RUN   FuzzDifficulty/cdcc803efd581b01b6ad47547364653037ccd326
=== RUN   FuzzDifficulty/ce7f0ceee26796b9e77c5069b50147e504aaea44
=== RUN   FuzzDifficulty/cee1b9329eb880752950b4d8ed2d04316ce33c17
=== RUN   FuzzDifficulty/cf5c2ad69b99380f7ebb6a03526e76057b055b60
=== RUN   FuzzDifficulty/d06af8ef7df3092e62159382f1379f0cc2cb106f
=== RUN   FuzzDifficulty/d08f88df745fa7950b104e4a707a31cfce7b5841
=== RUN   FuzzDifficulty/d1423f981b9512a04a617083b2c8c90f14437250
=== RUN   FuzzDifficulty/d53e774b4ab706957e02fc20cb2279304932a06f
=== RUN   FuzzDifficulty/d5b90f6a51d4eb62736023bda40926d505943f9c
=== RUN   FuzzDifficulty/da6004f7a0d8963e747d69c5e5c0ed580dd9180a
=== RUN   FuzzDifficulty/da66180699cf86a08be25d9bf73d22d048382d17
=== RUN   FuzzDifficulty/de36dd6237f999737114548d8a2f162b10522c20
=== RUN   FuzzDifficulty/e34e3566d1a3843246e075eef949d29fe75c86e1
=== RUN   FuzzDifficulty/e40e90122913e88554b2e4fd394cca5b3c50c82d
=== RUN   FuzzDifficulty/e491ceb7d516b76f201aca384bb0ed4974d7b091
=== RUN   FuzzDifficulty/e4d6769c6d732048c8df72cd048b40c1b66d7e38
=== RUN   FuzzDifficulty/e5065cd3271061844e410a0dfe34c5d1e49e9087
=== RUN   FuzzDifficulty/e67835ed068b740b37286928ee9a260500c9f1e6
=== RUN   FuzzDifficulty/e73dc904301f3eb9c9f97776055281899151ce5e
=== RUN   FuzzDifficulty/e841e9a05e797e1012289a68dcb10b58956fb5fb
=== RUN   FuzzDifficulty/eb02558b3eb04cea0220166649172192b1592254
=== RUN   FuzzDifficulty/eb6a49128e086c06605a34e8316b9ec5672f4221
=== RUN   FuzzDifficulty/ed21a2cb2fb655adab8449acc5bf9547acc5b9cb
=== RUN   FuzzDifficulty/ed4f3244d8b8d7bc719b8a3155f9035edf5cc61e
=== RUN   FuzzDifficulty/ee5ecfe4dee27fe998787baa1ce7d9c6ba920077
=== RUN   FuzzDifficulty/f02512b6957c8e8deec649ab5f3ad8982bb06a75
=== RUN   FuzzDifficulty/f07fb2ce8a130af58aa2e104f3d77294c4769d11
=== RUN   FuzzDifficulty/f144812eeb97556f16cc8c83391592be76fc9ac0
=== RUN   FuzzDifficulty/f4489f441616a8ebab7f737a20ed4d22cf3d77bd
=== RUN   FuzzDifficulty/f48a9cdeeca60a40daac20f32f813800e3b33dca
=== RUN   FuzzDifficulty/f787978f380748b5fbece7e5a90c2deb28ed027f
=== RUN   FuzzDifficulty/f78c5bfb434b99850ca61bc9fffff3c82a231ece
=== RUN   FuzzDifficulty/fb544941e674b7fb3c4a932ccd2528bed814d68e
=== RUN   FuzzDifficulty/fee286e40e020f1cb14a8f5d65c73bcbbbbe5158
=== RUN   FuzzDifficulty/ff55b51847daaba8eaead16c35cec29127d1bef8
--- PASS: FuzzDifficulty (0.01s)
    --- PASS: FuzzDifficulty/000c19a592af7c495dee36773d63320107309daa (0.00s)
    --- PASS: FuzzDifficulty/01e4100e83fb009849c683cc5c60df7f819d5edd (0.00s)
    --- PASS: FuzzDifficulty/02122928f42a05ee0c4baa79a7a94d859326957d (0.00s)
    --- PASS: FuzzDifficulty/022b4fb0e6d843b9395c33d3cbaaf3050eba9ecc (0.00s)
    --- PASS: FuzzDifficulty/030bda853c80fa1bf485666e31345bc8b84cb614 (0.00s)
    --- PASS: FuzzDifficulty/04ea52f7a42768900e83c1e9caec7bbdfc134b85 (0.00s)
    --- PASS: FuzzDifficulty/0533824fe6ad22c3ceca0460a883bab9b0d3a4d6 (0.00s)
    --- PASS: FuzzDifficulty/0786d5a53e38e4aa9b66f8093f572dc313bb2c9e (0.00s)
    --- PASS: FuzzDifficulty/078f36e0e64769919e28ec4310bd9bb96ed2d4d4 (0.00s)
    --- PASS: FuzzDifficulty/084c543b9589f3557211def70901fecd832423c4 (0.00s)
    --- PASS: FuzzDifficulty/0a20043a4893848d4e38e032781bf827025f016b (0.00s)
    --- PASS: FuzzDifficulty/0d18e77b76738c5a9f34641f8c0f1611fb5b057b (0.00s)
    --- PASS: FuzzDifficulty/0dd95d9743fb8e256b93baba72f1ce44a92ca802 (0.00s)
    --- PASS: FuzzDifficulty/0e6a6c414fdf7a20b12b97049e9dd5cac3129cef (0.00s)
    --- PASS: FuzzDifficulty/10128f0acc5fe7891f1a47090f962fc2e1e6d333 (0.00s)
    --- PASS: FuzzDifficulty/104aa1998bf7288c761de621f55f93f05945cb86 (0.00s)
    --- PASS: FuzzDifficulty/118a32d62d85f518af7a9c8061f44037c9b54844 (0.00s)
    --- PASS: FuzzDifficulty/160cef0c8e5e262014d83d011938572c8db6021e (0.00s)
    --- PASS: FuzzDifficulty/1a47e3fe40fa70767051710ffbb4c3d6f0cf507a (0.00s)
    --- PASS: FuzzDifficulty/1acde6d62cf6702b18e9e300fdda5979226118af (0.00s)
    --- PASS: FuzzDifficulty/1c29f77565399a49af0fe03442c5629ce2b9e48b (0.00s)
    --- PASS: FuzzDifficulty/1c3a713ffc14ee0066ed5915ba5406868a01881d (0.00s)
    --- PASS: FuzzDifficulty/1e37233bc18a17b3d4ea59c1573e470d9940d66e (0.00s)
    --- PASS: FuzzDifficulty/1ee7f502f8c92ab081f4cbfab728cadc06c4cd29 (0.00s)
    --- PASS: FuzzDifficulty/1f96b58fff6dfaf3884032f7659dded47666d028 (0.00s)
    --- PASS: FuzzDifficulty/2154b3b045d92ca8112d100d28f779918ff3e9c4 (0.00s)
    --- PASS: FuzzDifficulty/2244c0fda360f554b1c372711fe03321e36683db (0.00s)
    --- PASS: FuzzDifficulty/22ba192ed55cdbff1776c839b03144ce7f0c2515 (0.00s)
    --- PASS: FuzzDifficulty/25415c26ed60c5fc3648afab004c7b248b593f5d (0.00s)
    --- PASS: FuzzDifficulty/293a358446cbf25c1d9db487adbc844716a1b5c5 (0.00s)
    --- PASS: FuzzDifficulty/299b257de0457c2c06befaed40f7a79551d720f6 (0.00s)
    --- PASS: FuzzDifficulty/2c0d1ae1932d324eeb5b6dfcff72cc1a655feec5 (0.00s)
    --- PASS: FuzzDifficulty/2db2b06e3718919082f23bc32d3999871ba48358 (0.00s)
    --- PASS: FuzzDifficulty/2eed273d016dc5ae4fb3b062bb87024d653a8e55 (0.00s)
    --- PASS: FuzzDifficulty/3112cdffb654cee8ee76cfe42dfbf720cc07ad79 (0.00s)
    --- PASS: FuzzDifficulty/320b2abb78d21a0815c3c233a21a5a94c919fa18 (0.00s)
    --- PASS: FuzzDifficulty/344d1b73f403d86eaedaa56e23d54a9c8f55a0b4 (0.00s)
    --- PASS: FuzzDifficulty/349ebbf323641a42296f283a367fd7346ec5a1bd (0.00s)
    --- PASS: FuzzDifficulty/359b71b83f87c2b86bb4bd1590f373f89821ed0e (0.00s)
    --- PASS: FuzzDifficulty/3c0217d833dc98eb887a9457e15993a498e1805d (0.00s)
    --- PASS: FuzzDifficulty/3c05c7d5770216659b402882bbe3107eb082a21f (0.00s)
    --- PASS: FuzzDifficulty/411b23f785bd16df8eaf190242c9c1b5c1af181e (0.00s)
    --- PASS: FuzzDifficulty/4184e12212ab942f36d1758a7bdee581801d0992 (0.00s)
    --- PASS: FuzzDifficulty/41fa521688e1eaf63aff5c873be9ecef8e4d4642 (0.00s)
    --- PASS: FuzzDifficulty/465d19149c7983c20e10d60092f28516991d77c2 (0.00s)
    --- PASS: FuzzDifficulty/47b0e532495374e003b5f0803bbe00e9f17b9512 (0.00s)
    --- PASS: FuzzDifficulty/484ddbf229dde84bb465ed1f8fc610c089f3eaff (0.00s)
    --- PASS: FuzzDifficulty/494e9b0ad1af096fc0ce01bfdec6997f1e08a5cd (0.00s)
    --- PASS: FuzzDifficulty/4e10ff15f1494a540dc4332fedb4a6b65fd363c9 (0.00s)
    --- PASS: FuzzDifficulty/5246767699d8bc4c1d6fb5729cd5309935e75c92 (0.00s)
    --- PASS: FuzzDifficulty/536b638566d6dae974030408290894c529cf1972 (0.00s)
    --- PASS: FuzzDifficulty/5523f2ec71420644708284c57c3dcee6164bd38b (0.00s)
    --- PASS: FuzzDifficulty/55c3bda3c6de785783e9c4b1745d567d13241f84 (0.00s)
    --- PASS: FuzzDifficulty/55c68756ef246f3c921a6605f4a766044663a67b (0.00s)
    --- PASS: FuzzDifficulty/59905eca9ce76787cfe4c29929b0c8ff4b8cd3bc (0.00s)
    --- PASS: FuzzDifficulty/5ab40007c67c2ec73405b8605e899519e555a2d2 (0.00s)
    --- PASS: FuzzDifficulty/5b2e30aba2a912814252892f0aacd888ec70e44d (0.00s)
    --- PASS: FuzzDifficulty/5b69d65ef174687c47c4eef753c5f273864e0115 (0.00s)
    --- PASS: FuzzDifficulty/5b81566c5e075b5b848970b00b433da762f3410c (0.00s)
    --- PASS: FuzzDifficulty/5cc8701ab9307d547b29dda74313119436efed53 (0.00s)
    --- PASS: FuzzDifficulty/5d86fbce193ae5fa53c38a03066ccfd489a8b754 (0.00s)
    --- PASS: FuzzDifficulty/5e42ce6049c619a9b87ef966df08f085ab27c2d0 (0.00s)
    --- PASS: FuzzDifficulty/5e4dac1f35927ce33ae98b7e6a703e7b25bdee53 (0.00s)
    --- PASS: FuzzDifficulty/5e955a44cc18376da80a2bc7d4ff8deebed0f0e2 (0.00s)
    --- PASS: FuzzDifficulty/5ec37be82ad0d44f2d1996b1b8a74ef7340d9855 (0.00s)
    --- PASS: FuzzDifficulty/5fcf0f5eba63be2adb16e755bce7b3309af08304 (0.00s)
    --- PASS: FuzzDifficulty/5fea4bbed7f26032d94f848842638b1d5851016b (0.00s)
    --- PASS: FuzzDifficulty/627c3277d82ffd5dee4649c573cbbe51d6e66adc (0.00s)
    --- PASS: FuzzDifficulty/628b6224c3590a2fa808b9f0eb4903a48b46dc4a (0.00s)
    --- PASS: FuzzDifficulty/63224fdb460f5a0e97e1a1c6a1a85c31160e8556 (0.00s)
    --- PASS: FuzzDifficulty/64f2f3f5fc9ce7f0be6bed3fd1c4b3bee5b5bb29 (0.00s)
    --- PASS: FuzzDifficulty/69ef87a4adf61f4ddb7a9f6af2757e540e01f412 (0.00s)
    --- PASS: FuzzDifficulty/6a214215797fe2cb4f12ad35298956659a8228e9 (0.00s)
    --- PASS: FuzzDifficulty/6b74c88c5173b324b2d42880fa962e470d83b4e9 (0.00s)
    --- PASS: FuzzDifficulty/6c967267001b0f74a1689192623cb6be4faef9f9 (0.00s)
    --- PASS: FuzzDifficulty/6d09a14b02e15297a9a65ff7e0b172a1d8ccc965 (0.00s)
    --- PASS: FuzzDifficulty/6db5711fd5d86a5412bf1f6ed6c5b42505d785ef (0.00s)
    --- PASS: FuzzDifficulty/6f733ec33eeeadbce0849def19e3027ae9924f4f (0.00s)
    --- PASS: FuzzDifficulty/708a524baf0262a7ab6f88fca5918f3ef3f6d052 (0.00s)
    --- PASS: FuzzDifficulty/716d9b3f6bdbe628a837d5a083c2a809aed6f947 (0.00s)
    --- PASS: FuzzDifficulty/737408239ee577abfb7b1bdbcd132ebb13ef2280 (0.00s)
    --- PASS: FuzzDifficulty/73b74736664ad85828ce1be2e29fb4a68d24402b (0.00s)
    --- PASS: FuzzDifficulty/74b4762b40d6377e78a9ee6c51e43a5049ee93b6 (0.00s)
    --- PASS: FuzzDifficulty/754b370242b9d8ebab3b31829fa42ce9c0fa90e6 (0.00s)
    --- PASS: FuzzDifficulty/75c0f41eb5ed37c317ac63a1674f70ddde1cbbb4 (0.00s)
    --- PASS: FuzzDifficulty/75e86f88699a32eea73e0c8447001f2ac42487a2 (0.00s)
    --- PASS: FuzzDifficulty/7735430c0b89dce28aa000df4f7964efd540c3f0 (0.00s)
    --- PASS: FuzzDifficulty/774e6a979489881d43d415aff7bf7f7946e9e84a (0.00s)
    --- PASS: FuzzDifficulty/775e91f950c048a44b9dca32a8f07f7257586941 (0.00s)
    --- PASS: FuzzDifficulty/7bf351f299b6322929dbad0f26c6f5792271b38e (0.00s)
    --- PASS: FuzzDifficulty/7c0ab4c771ae75c52548dc84c30fb454081030cd (0.00s)
    --- PASS: FuzzDifficulty/7c24e54c857ea0fdb70ed4d2b2f01aa011b63a30 (0.00s)
    --- PASS: FuzzDifficulty/7ca3f8118f065a6e71d9c07a0d958e90442e779a (0.00s)
    --- PASS: FuzzDifficulty/7dc99ddf4b457816ef160f5a7c01ceab2c900b0d (0.00s)
    --- PASS: FuzzDifficulty/7edfabe81b7ff544c96698e0d36d23d9f540646e (0.00s)
    --- PASS: FuzzDifficulty/7fa59a92834636a1f64f4af8c29823df04a45b5c (0.00s)
    --- PASS: FuzzDifficulty/7facec6e44afcab49440f7f48549e1c90da9246f (0.00s)
    --- PASS: FuzzDifficulty/82c454ba6668129f7264a0aadb7aa565a59eeadd (0.00s)
    --- PASS: FuzzDifficulty/82f6795972f3ad00d6a05746a5f7580cf27462cc (0.00s)
    --- PASS: FuzzDifficulty/8471f4a994160b528c87f5a2496c3085ed70f1db (0.00s)
    --- PASS: FuzzDifficulty/85d6344b09d6e1af42bc2e4c4665f86f662d430a (0.00s)
    --- PASS: FuzzDifficulty/86292136d5f3147a4b8859448de4d1308ee94853 (0.00s)
    --- PASS: FuzzDifficulty/86a0896b3ad4dc0ac9bc66ed2ca27d42e911f479 (0.00s)
    --- PASS: FuzzDifficulty/86b01dd48fd3201a5fda8243ab9ada28c9df7882 (0.00s)
    --- PASS: FuzzDifficulty/870b1f6183b55bc22228f6b1d61c37ddaf277c8b (0.00s)
    --- PASS: FuzzDifficulty/883f97677678c95311c6d577bdb8d4e25d6ff1d0 (0.00s)
    --- PASS: FuzzDifficulty/89b3d6375ab4d6d85d4d5eae2a7c96672aaef8cc (0.00s)
    --- PASS: FuzzDifficulty/89e18b98c7ae08ed7e9bc796ec83ddb1bc36be51 (0.00s)
    --- PASS: FuzzDifficulty/8a2132d9f8258a7dfa423a5fde7f12739c04c7bd (0.00s)
    --- PASS: FuzzDifficulty/8cbe57553fe9877e5ff497577a3ff18037baddd3 (0.00s)
    --- PASS: FuzzDifficulty/8d5a0aa5a82d94aa2cf05e27f935c8a2b4448c85 (0.00s)
    --- PASS: FuzzDifficulty/9069ca78e7450a285173431b3e52c5c25299e473 (0.00s)
    --- PASS: FuzzDifficulty/90740d4cb03fa8d7b0ff286f2067cf0fa5d49477 (0.00s)
    --- PASS: FuzzDifficulty/90ff41289407feb6088d826fceffb344b961f629 (0.00s)
    --- PASS: FuzzDifficulty/91291fad5e24d415b4f61bf4d3c5b4a6474e99f2 (0.00s)
    --- PASS: FuzzDifficulty/9886dda2bc30941319284dba664d5ebb2b745578 (0.00s)
    --- PASS: FuzzDifficulty/98ffd769d5966a61b78dc34d745a528d884bb6c9 (0.00s)
    --- PASS: FuzzDifficulty/99813a34dc19696dd5d9125ad39a605c67a5957c (0.00s)
    --- PASS: FuzzDifficulty/9984998fe306a4f76b406d9ff233a82ba69ff74e (0.00s)
    --- PASS: FuzzDifficulty/99f5a6016d3d5bf8cc8609f1acc2608c8786756a (0.00s)
    --- PASS: FuzzDifficulty/9b10c2d5523dd9c3b543e619546a9f1d059fee0b (0.00s)
    --- PASS: FuzzDifficulty/9b6ea8bd304106e258cdb79d1a327033155d30d9 (0.00s)
    --- PASS: FuzzDifficulty/9b7294d4c8eb11c09976d63d9b0b7e528ab23961 (0.00s)
    --- PASS: FuzzDifficulty/9befd49bfe184e64b6cd74699914ceff427b3d47 (0.00s)
    --- PASS: FuzzDifficulty/9d65ebb675a127f7cc8938631d64c850fc3ae2f6 (0.00s)
    --- PASS: FuzzDifficulty/9dbe233ec99b7d4539da13c963943e7f5aec57e4 (0.00s)
    --- PASS: FuzzDifficulty/9e23dc133b97e836b022c45465d8b90064ec0a6a (0.00s)
    --- PASS: FuzzDifficulty/a01c4ed1662b011f1ca130747d11f6cc38bf1b52 (0.00s)
    --- PASS: FuzzDifficulty/a102e8b1bfd86fac303c7f1520d3ff3f3f83b2ec (0.00s)
    --- PASS: FuzzDifficulty/a4b2c6354a67a78a89af466276cfdbaf1306652d (0.00s)
    --- PASS: FuzzDifficulty/a4be6f68304edfe709b5ba6a80ce55f4456c78fc (0.00s)
    --- PASS: FuzzDifficulty/a5021bb4bf7fd1e4f98bdb8ee07ab68182d50c6a (0.00s)
    --- PASS: FuzzDifficulty/a624e9ef6fe1e6908ac94659d542b9f2e4e52b9d (0.00s)
    --- PASS: FuzzDifficulty/a6c01818b193d226175a77660c7859b7d889408c (0.00s)
    --- PASS: FuzzDifficulty/a709bda7ed924326f479876c3c58b7b65306f469 (0.00s)
    --- PASS: FuzzDifficulty/a8f393906ce9f1b3606637f3beea0e4693878aa4 (0.00s)
    --- PASS: FuzzDifficulty/a9635a2497e6539d535bfe1b6be4c215adad92da (0.00s)
    --- PASS: FuzzDifficulty/a97694f7406ac00bde463761ce385779c9bfe1c4 (0.00s)
    --- PASS: FuzzDifficulty/ac63aa8d00d0f061dd995e6de1030e590ead9911 (0.00s)
    --- PASS: FuzzDifficulty/ac8ad5f24cd9fdd713c5846862298d5d2015d2df (0.00s)
    --- PASS: FuzzDifficulty/ad77fad67f426cb083c13ee172df476455145df6 (0.00s)
    --- PASS: FuzzDifficulty/ae3d502005f52fffac33a4a2e82744087e5e60b1 (0.00s)
    --- PASS: FuzzDifficulty/ae8ff00b52bb7a7e43a3a5070310efc738d1af6b (0.00s)
    --- PASS: FuzzDifficulty/aeb69c4e1346357fe9778b094c065c56f7371d23 (0.00s)
    --- PASS: FuzzDifficulty/af2877617162ea18cf4286b9800be852da0f621f (0.00s)
    --- PASS: FuzzDifficulty/af5dcf0ac2c644bcd654c8469541805654389745 (0.00s)
    --- PASS: FuzzDifficulty/b1a11e16fda5cd28d9a2a95cbedf5f12b4c19f8a (0.00s)
    --- PASS: FuzzDifficulty/b1b72cd1c20b00356db7ef36b1bcfe0e9642038d (0.00s)
    --- PASS: FuzzDifficulty/b562234332949de0b0a15de5acbe4170611676a1 (0.00s)
    --- PASS: FuzzDifficulty/b621f30298dcd5373751e6b91bb0fe06fcbba90c (0.00s)
    --- PASS: FuzzDifficulty/b68059f782e3522e1be4bb5a9cc07899ada6ff78 (0.00s)
    --- PASS: FuzzDifficulty/b6934a1d6a9c889b365829073362c596a9b8e40d (0.00s)
    --- PASS: FuzzDifficulty/b8428a59fbd7fa98a54b22318f8b3f238fd5ba74 (0.00s)
    --- PASS: FuzzDifficulty/b89d27d7ad975d5456b72e1f1b1bf1b445559beb (0.00s)
    --- PASS: FuzzDifficulty/bab32f5a59691fb65354c40bff504da59bcc054c (0.00s)
    --- PASS: FuzzDifficulty/bd690122db3ed97c56435e83b2cc401e0d085dea (0.00s)
    --- PASS: FuzzDifficulty/be177c3c47d7ea0c1af371004db9ca74695e7016 (0.00s)
    --- PASS: FuzzDifficulty/bf93c6bb4552f6d3385811919230aa6b034fea1b (0.00s)
    --- PASS: FuzzDifficulty/c02f138109fb63ee9f4ff4ed48fcf0a5d23f3c9d (0.00s)
    --- PASS: FuzzDifficulty/c2a8b77c7ee6d83ff856182d92fdc5fdfbfc1c27 (0.00s)
    --- PASS: FuzzDifficulty/c2c6d609f56b9c8585b479dbc038275f9ca902b9 (0.00s)
    --- PASS: FuzzDifficulty/c410892bcbb5a6e5dcb8294891dd10a4c2bcfc46 (0.00s)
    --- PASS: FuzzDifficulty/c581b834841af86a2e37f38b7edc84ba577260ce (0.00s)
    --- PASS: FuzzDifficulty/c60fdbe34b583f5560df726b78327ce0a3fbcb54 (0.00s)
    --- PASS: FuzzDifficulty/c66567c2492209fe8d4ac84a9db6704c57f6fdf3 (0.00s)
    --- PASS: FuzzDifficulty/c69bb9ce4f90a8dd81fcfbbe5f2b9a40ece4620a (0.00s)
    --- PASS: FuzzDifficulty/c83369639a3875150ddb151b76cced3a70dd7511 (0.00s)
    --- PASS: FuzzDifficulty/c8d16da34c35125f5b2b7096cf724a0c06d6419d (0.00s)
    --- PASS: FuzzDifficulty/ca2a3e55ffa63b0a0d95bbeb95512c034bde7a0e (0.00s)
    --- PASS: FuzzDifficulty/ca4201be75616d228fb431ea42493a528e96729f (0.00s)
    --- PASS: FuzzDifficulty/cc629d77c23b6457e540aec06c0294a135150b53 (0.00s)
    --- PASS: FuzzDifficulty/ccae150a5267d1cc7d99841d30f7ca8f3d896f6f (0.00s)
    --- PASS: FuzzDifficulty/ccd6d99ab7ead3a33e1a53e4adc074eef7e4d1cc (0.00s)
    --- PASS: FuzzDifficulty/cdb592c8c270b29913eefa405783226899e80ca0 (0.00s)
    --- PASS: FuzzDifficulty/cdcc803efd581b01b6ad47547364653037ccd326 (0.00s)
    --- PASS: FuzzDifficulty/ce7f0ceee26796b9e77c5069b50147e504aaea44 (0.00s)
    --- PASS: FuzzDifficulty/cee1b9329eb880752950b4d8ed2d04316ce33c17 (0.00s)
    --- PASS: FuzzDifficulty/cf5c2ad69b99380f7ebb6a03526e76057b055b60 (0.00s)
    --- PASS: FuzzDifficulty/d06af8ef7df3092e62159382f1379f0cc2cb106f (0.00s)
    --- PASS: FuzzDifficulty/d08f88df745fa7950b104e4a707a31cfce7b5841 (0.00s)
    --- PASS: FuzzDifficulty/d1423f981b9512a04a617083b2c8c90f14437250 (0.00s)
    --- PASS: FuzzDifficulty/d53e774b4ab706957e02fc20cb2279304932a06f (0.00s)
    --- PASS: FuzzDifficulty/d5b90f6a51d4eb62736023bda40926d505943f9c (0.00s)
    --- PASS: FuzzDifficulty/da6004f7a0d8963e747d69c5e5c0ed580dd9180a (0.00s)
    --- PASS: FuzzDifficulty/da66180699cf86a08be25d9bf73d22d048382d17 (0.00s)
    --- PASS: FuzzDifficulty/de36dd6237f999737114548d8a2f162b10522c20 (0.00s)
    --- PASS: FuzzDifficulty/e34e3566d1a3843246e075eef949d29fe75c86e1 (0.00s)
    --- PASS: FuzzDifficulty/e40e90122913e88554b2e4fd394cca5b3c50c82d (0.00s)
    --- PASS: FuzzDifficulty/e491ceb7d516b76f201aca384bb0ed4974d7b091 (0.00s)
    --- PASS: FuzzDifficulty/e4d6769c6d732048c8df72cd048b40c1b66d7e38 (0.00s)
    --- PASS: FuzzDifficulty/e5065cd3271061844e410a0dfe34c5d1e49e9087 (0.00s)
    --- PASS: FuzzDifficulty/e67835ed068b740b37286928ee9a260500c9f1e6 (0.00s)
    --- PASS: FuzzDifficulty/e73dc904301f3eb9c9f97776055281899151ce5e (0.00s)
    --- PASS: FuzzDifficulty/e841e9a05e797e1012289a68dcb10b58956fb5fb (0.00s)
    --- PASS: FuzzDifficulty/eb02558b3eb04cea0220166649172192b1592254 (0.00s)
    --- PASS: FuzzDifficulty/eb6a49128e086c06605a34e8316b9ec5672f4221 (0.00s)
    --- PASS: FuzzDifficulty/ed21a2cb2fb655adab8449acc5bf9547acc5b9cb (0.00s)
    --- PASS: FuzzDifficulty/ed4f3244d8b8d7bc719b8a3155f9035edf5cc61e (0.00s)
    --- PASS: FuzzDifficulty/ee5ecfe4dee27fe998787baa1ce7d9c6ba920077 (0.00s)
    --- PASS: FuzzDifficulty/f02512b6957c8e8deec649ab5f3ad8982bb06a75 (0.00s)
    --- PASS: FuzzDifficulty/f07fb2ce8a130af58aa2e104f3d77294c4769d11 (0.00s)
    --- PASS: FuzzDifficulty/f144812eeb97556f16cc8c83391592be76fc9ac0 (0.00s)
    --- PASS: FuzzDifficulty/f4489f441616a8ebab7f737a20ed4d22cf3d77bd (0.00s)
    --- PASS: FuzzDifficulty/f48a9cdeeca60a40daac20f32f813800e3b33dca (0.00s)
    --- PASS: FuzzDifficulty/f787978f380748b5fbece7e5a90c2deb28ed027f (0.00s)
    --- PASS: FuzzDifficulty/f78c5bfb434b99850ca61bc9fffff3c82a231ece (0.00s)
    --- PASS: FuzzDifficulty/fb544941e674b7fb3c4a932ccd2528bed814d68e (0.00s)
    --- PASS: FuzzDifficulty/fee286e40e020f1cb14a8f5d65c73bcbbbbe5158 (0.00s)
    --- PASS: FuzzDifficulty/ff55b51847daaba8eaead16c35cec29127d1bef8 (0.00s)
PASS
coverage: 95.7% of statements
ok  	github.com/morph-l2/go-ethereum/tests/fuzzers/difficulty	0.051s	coverage: 95.7% of statements
	github.com/morph-l2/go-ethereum/tests/fuzzers/difficulty/debug		coverage: 0.0% of statements
