mode: set
github.com/morph-l2/go-ethereum/tests/fuzzers/rangeproof/debug/main.go:27.13,28.23 1 0
github.com/morph-l2/go-ethereum/tests/fuzzers/rangeproof/debug/main.go:28.23,33.3 4 0
github.com/morph-l2/go-ethereum/tests/fuzzers/rangeproof/debug/main.go:34.2,36.16 3 0
github.com/morph-l2/go-ethereum/tests/fuzzers/rangeproof/debug/main.go:36.16,39.3 2 0
github.com/morph-l2/go-ethereum/tests/fuzzers/rangeproof/debug/main.go:40.2,40.23 1 0
github.com/morph-l2/go-ethereum/tests/fuzzers/rangeproof/rangeproof-fuzzer.go:38.41,38.58 1 1
github.com/morph-l2/go-ethereum/tests/fuzzers/rangeproof/rangeproof-fuzzer.go:39.41,39.85 1 1
github.com/morph-l2/go-ethereum/tests/fuzzers/rangeproof/rangeproof-fuzzer.go:40.41,40.68 1 1
github.com/morph-l2/go-ethereum/tests/fuzzers/rangeproof/rangeproof-fuzzer.go:47.42,49.43 2 1
github.com/morph-l2/go-ethereum/tests/fuzzers/rangeproof/rangeproof-fuzzer.go:49.43,51.3 1 1
github.com/morph-l2/go-ethereum/tests/fuzzers/rangeproof/rangeproof-fuzzer.go:52.2,52.10 1 1
github.com/morph-l2/go-ethereum/tests/fuzzers/rangeproof/rangeproof-fuzzer.go:55.35,57.70 2 1
github.com/morph-l2/go-ethereum/tests/fuzzers/rangeproof/rangeproof-fuzzer.go:57.70,59.3 1 1
github.com/morph-l2/go-ethereum/tests/fuzzers/rangeproof/rangeproof-fuzzer.go:60.2,60.10 1 1
github.com/morph-l2/go-ethereum/tests/fuzzers/rangeproof/rangeproof-fuzzer.go:63.65,69.40 4 1
github.com/morph-l2/go-ethereum/tests/fuzzers/rangeproof/rangeproof-fuzzer.go:69.40,76.3 6 1
github.com/morph-l2/go-ethereum/tests/fuzzers/rangeproof/rangeproof-fuzzer.go:77.2,77.17 1 1
github.com/morph-l2/go-ethereum/tests/fuzzers/rangeproof/rangeproof-fuzzer.go:77.17,79.3 1 0
github.com/morph-l2/go-ethereum/tests/fuzzers/rangeproof/rangeproof-fuzzer.go:81.2,81.25 1 1
github.com/morph-l2/go-ethereum/tests/fuzzers/rangeproof/rangeproof-fuzzer.go:81.25,87.18 6 1
github.com/morph-l2/go-ethereum/tests/fuzzers/rangeproof/rangeproof-fuzzer.go:87.18,89.4 1 1
github.com/morph-l2/go-ethereum/tests/fuzzers/rangeproof/rangeproof-fuzzer.go:91.2,91.19 1 1
github.com/morph-l2/go-ethereum/tests/fuzzers/rangeproof/rangeproof-fuzzer.go:94.29,97.17 3 1
github.com/morph-l2/go-ethereum/tests/fuzzers/rangeproof/rangeproof-fuzzer.go:97.17,99.3 1 1
github.com/morph-l2/go-ethereum/tests/fuzzers/rangeproof/rangeproof-fuzzer.go:100.2,101.26 2 1
github.com/morph-l2/go-ethereum/tests/fuzzers/rangeproof/rangeproof-fuzzer.go:101.26,103.3 1 1
github.com/morph-l2/go-ethereum/tests/fuzzers/rangeproof/rangeproof-fuzzer.go:104.2,104.23 1 1
github.com/morph-l2/go-ethereum/tests/fuzzers/rangeproof/rangeproof-fuzzer.go:104.23,106.3 1 1
github.com/morph-l2/go-ethereum/tests/fuzzers/rangeproof/rangeproof-fuzzer.go:107.2,110.6 3 1
github.com/morph-l2/go-ethereum/tests/fuzzers/rangeproof/rangeproof-fuzzer.go:110.6,116.18 6 1
github.com/morph-l2/go-ethereum/tests/fuzzers/rangeproof/rangeproof-fuzzer.go:116.18,117.9 1 1
github.com/morph-l2/go-ethereum/tests/fuzzers/rangeproof/rangeproof-fuzzer.go:119.3,120.62 2 1
github.com/morph-l2/go-ethereum/tests/fuzzers/rangeproof/rangeproof-fuzzer.go:120.62,121.64 1 0
github.com/morph-l2/go-ethereum/tests/fuzzers/rangeproof/rangeproof-fuzzer.go:123.3,123.62 1 1
github.com/morph-l2/go-ethereum/tests/fuzzers/rangeproof/rangeproof-fuzzer.go:123.62,124.63 1 0
github.com/morph-l2/go-ethereum/tests/fuzzers/rangeproof/rangeproof-fuzzer.go:126.3,128.32 3 1
github.com/morph-l2/go-ethereum/tests/fuzzers/rangeproof/rangeproof-fuzzer.go:128.32,131.4 2 1
github.com/morph-l2/go-ethereum/tests/fuzzers/rangeproof/rangeproof-fuzzer.go:132.3,132.21 1 1
github.com/morph-l2/go-ethereum/tests/fuzzers/rangeproof/rangeproof-fuzzer.go:132.21,134.4 1 1
github.com/morph-l2/go-ethereum/tests/fuzzers/rangeproof/rangeproof-fuzzer.go:135.3,137.19 3 1
github.com/morph-l2/go-ethereum/tests/fuzzers/rangeproof/rangeproof-fuzzer.go:138.10,140.43 1 1
github.com/morph-l2/go-ethereum/tests/fuzzers/rangeproof/rangeproof-fuzzer.go:141.10,143.43 1 1
github.com/morph-l2/go-ethereum/tests/fuzzers/rangeproof/rangeproof-fuzzer.go:144.10,148.50 3 1
github.com/morph-l2/go-ethereum/tests/fuzzers/rangeproof/rangeproof-fuzzer.go:149.10,154.59 4 1
github.com/morph-l2/go-ethereum/tests/fuzzers/rangeproof/rangeproof-fuzzer.go:155.10,157.31 1 1
github.com/morph-l2/go-ethereum/tests/fuzzers/rangeproof/rangeproof-fuzzer.go:158.10,160.31 1 1
github.com/morph-l2/go-ethereum/tests/fuzzers/rangeproof/rangeproof-fuzzer.go:168.3,168.18 1 1
github.com/morph-l2/go-ethereum/tests/fuzzers/rangeproof/rangeproof-fuzzer.go:168.18,169.9 1 1
github.com/morph-l2/go-ethereum/tests/fuzzers/rangeproof/rangeproof-fuzzer.go:171.3,174.17 3 1
github.com/morph-l2/go-ethereum/tests/fuzzers/rangeproof/rangeproof-fuzzer.go:174.17,175.15 1 1
github.com/morph-l2/go-ethereum/tests/fuzzers/rangeproof/rangeproof-fuzzer.go:175.15,176.43 1 0
github.com/morph-l2/go-ethereum/tests/fuzzers/rangeproof/rangeproof-fuzzer.go:180.2,180.11 1 1
github.com/morph-l2/go-ethereum/tests/fuzzers/rangeproof/rangeproof-fuzzer.go:191.29,192.22 1 1
github.com/morph-l2/go-ethereum/tests/fuzzers/rangeproof/rangeproof-fuzzer.go:192.22,194.3 1 1
github.com/morph-l2/go-ethereum/tests/fuzzers/rangeproof/rangeproof-fuzzer.go:195.2,200.17 3 1
