=== RUN   FuzzRlp
=== RUN   FuzzRlp/0010d655c73df0c62470042047d06a7a36f963ab
=== RUN   FuzzRlp/00d5ccec4dd4f530d8c921e6a37dd89fe5149ff6
=== RUN   FuzzRlp/013fdabfe01671c1d9b2ff6e217fea798257dd3a
=== RUN   FuzzRlp/027d31ef4faf67d627684a3205cadf91b9b7979f
=== RUN   FuzzRlp/02986df75f69befa9e73f3db2419e248753affc7
=== RUN   FuzzRlp/02dc72e54479560246951b2faf06414e897c7568
=== RUN   FuzzRlp/042a158a51f2d6d55dbd101ae4f57bdf450f7a2a
=== RUN   FuzzRlp/044127546a0eb67b2fbdd47b53bba36b35d7f6f9
=== RUN   FuzzRlp/049d599a0997e0677ec1ec1734a6e654dbb8b8b9
=== RUN   FuzzRlp/05086ad9dc765b2c9464d83ec0f87f6f3007982c
=== RUN   FuzzRlp/0618b19e448aa5ba3d59b07aa45497b99bcc8157
=== RUN   FuzzRlp/06961f4bc3294a36eab3a82054e304712b2c88f3
=== RUN   FuzzRlp/069f3e055fc2eeb2a8ad28501aa2779ba8a16e48
=== RUN   FuzzRlp/06af94e7873134ccbc90d449269384cbf656ab4c
=== RUN   FuzzRlp/07c9bc959a3f26d4e3e184ceb6bf201b960627ed
=== RUN   FuzzRlp/08c789f548f99e76e3653d58e9a6b288eb01f4d6
=== RUN   FuzzRlp/09409e093846d4e66a008ab0d24d54c08cf722e3
=== RUN   FuzzRlp/094c97412067859f720aba7fa4bb14d15d7367c9
=== RUN   FuzzRlp/0a1c2567b213f7f9b7e295220295b80a6f96f3c7
=== RUN   FuzzRlp/0a5f1ff2aaf6980acd4a656c158b2e938f9090ba
=== RUN   FuzzRlp/0a6ecbf461163a3c1a463b33ad30f660e9df70db
=== RUN   FuzzRlp/0aae7292b4228e48f4b964aeea560a4e1e5ee111
=== RUN   FuzzRlp/0c1b2d20ea366e3747a684c0663420e4b936ee79
=== RUN   FuzzRlp/0c61308fe2acfb63ed152b4398a97996e1fdf573
=== RUN   FuzzRlp/11141ac10cc620f0c7ac9170b6e19cdd16d597c8
=== RUN   FuzzRlp/115758c21623c5cb3554afc261436195c3449711
=== RUN   FuzzRlp/11dc2488aff2ae50a70baaedb012574ff5c90a2f
=== RUN   FuzzRlp/12ecbb93e5db00f595c9789f316f5b74934c3362
=== RUN   FuzzRlp/1356f2ecdc17bbf65622295a6479b790a35a5527
=== RUN   FuzzRlp/137a291e75889b60af08ccd6d02c1d6e8abd2f72
=== RUN   FuzzRlp/13a2b97e2a3a066fbe4f160f0b43dbf6015b258f
=== RUN   FuzzRlp/13a604229de055758fab2e2880ffe274876b0cd9
=== RUN   FuzzRlp/14155b8df71debf063f47573f96fe5603eea891b
=== RUN   FuzzRlp/1415cae88fb30aff72cbb3b1bb374025ea148e1e
=== RUN   FuzzRlp/1554efd24ca655ff55df7e289c171cda4cefc155
=== RUN   FuzzRlp/156e48e64115038c1e2758e9086e8c1267931648
=== RUN   FuzzRlp/15828c3a981b295ae93396df7c2f4da65d3c3f35
=== RUN   FuzzRlp/15c98111b4e2671415a068d038fe5c03abd1350b
=== RUN   FuzzRlp/15e5e51733df33966ed5d95b23efb2d67e215a6f
=== RUN   FuzzRlp/17e33132b2b089c7f84de75220f144be908f7f0f
=== RUN   FuzzRlp/180faebbd9dd89a3946503b5dfc5be6c04c37f92
=== RUN   FuzzRlp/1854dde2c8079c63d008361e908e8b8c8992579e
=== RUN   FuzzRlp/18bd369e3e5243f649b56af761ecf7be6f32a059
=== RUN   FuzzRlp/18f88935ac7f2110b7462d8dc24e1a111e78d4bb
=== RUN   FuzzRlp/1914ebb49b3bba7087e75f6acaa9a2953d6ece2c
=== RUN   FuzzRlp/198ec1e9cba74b301f09bd80cb5f571ceea2a225
=== RUN   FuzzRlp/1a0b7e30419e291ea19715de43891f9e793a5d09
=== RUN   FuzzRlp/1a1d9001e414b323c66d62404b45cdbbdf7ea236
=== RUN   FuzzRlp/1a2ffce4eb2b848921f37d25033b61c0bde9ebfb
=== RUN   FuzzRlp/1b5c6f3a91e15afdedaddfc2a409db3c011b51c5
=== RUN   FuzzRlp/1d1877ff47b632e9d6a5959391b44268104c8cad
=== RUN   FuzzRlp/1e4ba08995a01d9c439f6238b3a821ef37623af5
=== RUN   FuzzRlp/201581aa50cde7618f37d355364076b937f0c175
=== RUN   FuzzRlp/205db3cd5ed62802ac09f680bf2be15298c44002
=== RUN   FuzzRlp/20d93d3d97035f1f0ac30475e8262a48205c2e0b
=== RUN   FuzzRlp/2122ee14b4e419cb4ab73ff8133d168ea55ecc69
=== RUN   FuzzRlp/214160be2828d6257fa56204cfb6d9fa0843ea95
=== RUN   FuzzRlp/21e5cfd14914c4922d5dbc9269637170f5d040c0
=== RUN   FuzzRlp/22ba2a216eec83f5678c01f7dd0aaee985ca383a
=== RUN   FuzzRlp/22d8d52c8dbf4093cf0f31f8638563903b5070f0
=== RUN   FuzzRlp/231b54ce1e6419127ec34ae78f181ea940c479f2
=== RUN   FuzzRlp/2407e6efff06b9a94c162f4b9fc1a22fd26467e6
=== RUN   FuzzRlp/24b33ae2b1e84e397247ab28d5dfbf66f66059ee
=== RUN   FuzzRlp/24f1bae1ec5e8a910321cba574dd3d35085b6408
=== RUN   FuzzRlp/251a5bdaf54f95074c06379d6e1f639349fafbee
=== RUN   FuzzRlp/25290d37d73e63f3b6d35fd7155effae9a51cea6
=== RUN   FuzzRlp/258f3ed65574b16365bcf8777f22262c6dc1cc90
=== RUN   FuzzRlp/25eeaff42f6ee6ebac55edecee7744d7e8ce94f6
=== RUN   FuzzRlp/281b8c8807376313e6181b063bcc86498552ada9
=== RUN   FuzzRlp/28628e1f7f20ccb6b5984037a5a9ff41021d278f
=== RUN   FuzzRlp/28647931043200b7639914ec0299b4b5cf081498
=== RUN   FuzzRlp/28b8e94e098c9ea714550540bc193d8a54d75a54
=== RUN   FuzzRlp/2adb636c3109ccf25ef63f709d9a6c36521530d2
=== RUN   FuzzRlp/2b3988da646fa943881786c043cc2546b6e60714
=== RUN   FuzzRlp/2b5bc50b87639a43840364d4a550f9ecaa1f8de6
=== RUN   FuzzRlp/2b5bee37714b90896662333729de60ea21cccacb
=== RUN   FuzzRlp/2b66c4e7af16f224bc78e1ad988eae660a5ecd51
=== RUN   FuzzRlp/2b66feed931e950bbcd9e7836adf89a718e1b9d5
=== RUN   FuzzRlp/2bba729016a34bb6f0983cd9d059b05b4f04592a
=== RUN   FuzzRlp/2dcb8815e72db5c27a69301f72467885babf0632
=== RUN   FuzzRlp/2e7118d76c77052030f72b0c1bf95d2f5252ac21
=== RUN   FuzzRlp/2ed6734dc118ffe0e72ae56723e596d9adbd6b83
=== RUN   FuzzRlp/2eff28a83a23ccefcc0b4cbc66aab3e6f1c04c10
=== RUN   FuzzRlp/2f47d0a85dc2548c148d349791c416448ac012ad
=== RUN   FuzzRlp/2f789959af0241c79da4c973b3b1a0c2a80c7b6e
=== RUN   FuzzRlp/2ffce26a5a58e1303d9e81b732cf5af486e77662
=== RUN   FuzzRlp/3021a7f28b22c98e5a548972de14fe831f5b2881
=== RUN   FuzzRlp/3078f9b7e85c7ee7fccf9e7e0b58bc970be147da
=== RUN   FuzzRlp/30d303115a4b6d33cee1548db22556cbd7dcfbf8
=== RUN   FuzzRlp/30e9b6fbc6a1945df34a5a45692d63fe1694a103
=== RUN   FuzzRlp/30fed1a59687c37eecb7b0728cbb5c4417c33d1c
=== RUN   FuzzRlp/32053a56f1e1a7e12c678b232e7d3442212fcb10
=== RUN   FuzzRlp/3220a0f61c92fa37ed5187cf0da6887c60408d83
=== RUN   FuzzRlp/33283793135aff6ea11c4e5c8bf20bfe3dcba7d8
=== RUN   FuzzRlp/335e5ea950335142ac6439a06c253269a3d577c7
=== RUN   FuzzRlp/337bee6c82be2017c636cd8c3419ddc3dea95aa1
=== RUN   FuzzRlp/33a7ee418f0284b3228f27ef689359715cba89f2
=== RUN   FuzzRlp/33b3a8789b96b9deeed14557f9f56a0b16252e66
=== RUN   FuzzRlp/359b256a309cb729ac7934838a0b3179c1a70206
=== RUN   FuzzRlp/35c0bec786c347e6a2b1be3828862ef488e91c99
=== RUN   FuzzRlp/361c9f9864b2c284306a14a4edad991a748f7aa5
=== RUN   FuzzRlp/372f9eb614cba6527279993c6b48714dedde1c92
=== RUN   FuzzRlp/38d0352bd1f2dd6873b13dcf6ff8735a40866c26
=== RUN   FuzzRlp/399816554cc27490ca278ad5af80c94ef1772e5f
=== RUN   FuzzRlp/39ae6502ca03ea3dc90325a0ccb53eb23922f325
=== RUN   FuzzRlp/39b258e058b9ba99a2aa6bf2ec4ab9b676ccd488
=== RUN   FuzzRlp/39ce1e96756bc3c99f1ee2d37693caa41096de40
=== RUN   FuzzRlp/3a18a31d9b888a5c3a812569a8cc86ebfbcb4d6e
=== RUN   FuzzRlp/3a4ee30d2c1d26bf21276885aad778f65a05f36f
=== RUN   FuzzRlp/3afe29d302900601a02f271f2a5d573d1ec9f31e
=== RUN   FuzzRlp/3b12dd3d2ab09a0a022633d68fb6910d4ad404d9
=== RUN   FuzzRlp/3b3c0749745274e77331dc4d0e185b60d37ac812
=== RUN   FuzzRlp/3b9c297ed4f6f622519f3c8e606c9b4e3ba78520
=== RUN   FuzzRlp/3c673c237514e2e0476ef8051e5739edc6b83a2c
=== RUN   FuzzRlp/3d8358b212d45f797d47c27612519689e29b6753
=== RUN   FuzzRlp/3de0d8209fece14d59a5c530a34f6b972016e807
=== RUN   FuzzRlp/3e42e0bbfe056869cc4e99bbdb0a3679f4e9f5cf
=== RUN   FuzzRlp/3f25cd360978b11edb4fe8061a6e6748b4b7fe0b
=== RUN   FuzzRlp/3fac2bac2fc5d4a1c5a79157799b1b8b3544be2e
=== RUN   FuzzRlp/40101cb9f3faa8d86716aad9df9a59b3e605630d
=== RUN   FuzzRlp/406e94a0fb93c5905f34411496ba9daedc8c1c88
=== RUN   FuzzRlp/40799a88a6b333b95923c6cb37e32a3da4dbcf2f
=== RUN   FuzzRlp/40add233dd8d7560023258872d9fd89d3c4f7b77
=== RUN   FuzzRlp/40cb925daed1a22422247026eeb5a55a00a8cb87
=== RUN   FuzzRlp/4148548fdb064cfe0a104edf9f2f0db776c65b5d
=== RUN   FuzzRlp/41868436535a4b22f2aba2879c1d879c2df0614d
=== RUN   FuzzRlp/41a93125719a0c366f463e46dd146b07436b0ec5
=== RUN   FuzzRlp/43986ff044d8f484c29817011599083f2b0a327b
=== RUN   FuzzRlp/454ecb2026f6ea2aea5f07c43ee87500e84b2bd8
=== RUN   FuzzRlp/455fd4afdf55e13f2b35371d85a9c781703e31ba
=== RUN   FuzzRlp/466c5c7bb5c4aca46aca88be4b34b7a5fe6ddb2d
=== RUN   FuzzRlp/4692764315ede18f589880bc1da432ca4edd1a08
=== RUN   FuzzRlp/46d0ce32d244c3a45a659c52c2b64f7dce8d9604
=== RUN   FuzzRlp/476bf7df41757f8c8ceb4358daf89eb52a003400
=== RUN   FuzzRlp/4808a377a028a74bdb523669eceedc8b2b574802
=== RUN   FuzzRlp/48c1dd96330f6992f11e26c9ab64cfdd06e96413
=== RUN   FuzzRlp/48dd9504edbdea156acd31b33d62b2371e263685
=== RUN   FuzzRlp/48e09ae93ea6644c6b5f90dbd0ae73daec978316
=== RUN   FuzzRlp/491ddd980037f95435cc7cd81efdd604bba0902b
=== RUN   FuzzRlp/499c7400b62d2e949d6f1787ba4b39e802e5be28
=== RUN   FuzzRlp/49bf6e4c80b87f7b3f49d28843914ff85e15e64b
=== RUN   FuzzRlp/4b881abc31c67c581e693f549f61815542d13e38
=== RUN   FuzzRlp/4b981bbca5e00977bba94d366f882b525cfd80e8
=== RUN   FuzzRlp/4cb968375e273816c9fff44a80541a589e7f0c82
=== RUN   FuzzRlp/4cebbddc0928bd09743e9347888e3dad9b83d42d
=== RUN   FuzzRlp/4cf1312f0d5773df098f94a2ee197b1bb178a6a2
=== RUN   FuzzRlp/4d86b60f95b4325d83b1215cbe428caa3508244e
=== RUN   FuzzRlp/4dca8ae6f8b990612a7c7e1398f24f5e86ef6ce8
=== RUN   FuzzRlp/4dce038485669342cb21a95c31eb4fd2524b1e65
=== RUN   FuzzRlp/4e422de59ef966c044be17dac59c456ac4aef055
=== RUN   FuzzRlp/4eb5caf4a4975339e3ce7ee4880e9c19433ba2ec
=== RUN   FuzzRlp/4ec8bc5d8bfd9080930c4c1fe7104cfe24796f58
=== RUN   FuzzRlp/4fba637a9bed99173620294443d57f9b32c6be6a
=== RUN   FuzzRlp/50e04b6c7735d61a22d6556a92c908d9da1bc80f
=== RUN   FuzzRlp/5149e3c3a3aa11f67c8ad1b651ec11ddf7328d09
=== RUN   FuzzRlp/51c72230852536daad60c75223253b38479e93c2
=== RUN   FuzzRlp/52a2ab536fd522de20736104f4f4f80ffcbb614f
=== RUN   FuzzRlp/52a95a6539616ba2ffdfde2bc53419f131fe0d27
=== RUN   FuzzRlp/52bccd20e3745ccee151b31962ba2372997ccc8d
=== RUN   FuzzRlp/52c5fd0756761adf39e8f4eb6d3fe4cda783af4f
=== RUN   FuzzRlp/5370548ec321a745c9e29a12f87b3be670a33ba0
=== RUN   FuzzRlp/53d8b85c20a1254f2d576ffb9f50bcea7d044865
=== RUN   FuzzRlp/55bdb4aa1be8d65f8ee4587ca2f37ec491f1c6cb
=== RUN   FuzzRlp/55c47e52127f7a052f5e2a39f5ec998d0eef2936
=== RUN   FuzzRlp/56206a9c09064f95ddb61417d09999ee8d3094b8
=== RUN   FuzzRlp/581492de6a5b0bcc683fa53985ac05ccdf6e516e
=== RUN   FuzzRlp/5827da15e227994e99916081f2a09ea0b0be04ed
=== RUN   FuzzRlp/59a45090b49ae0f5908302cb23dc5900c555f2b9
=== RUN   FuzzRlp/5a55b6e4a7ef233e68de0e522a60cb8c2fd932dd
=== RUN   FuzzRlp/5a5a9da8b46dff2633b7fd5a27d8740edb7a07fe
=== RUN   FuzzRlp/5adab9e577ce18ce8699f5dcdecc37b9f054e79a
=== RUN   FuzzRlp/5b0573fd32fac6da0b622876574b59e4d1d2a980
=== RUN   FuzzRlp/5e8d26fbca3ae752730748c01706e73e54dc968c
=== RUN   FuzzRlp/5ed6e8760a2924703db8cf9954be172e33668949
=== RUN   FuzzRlp/5f02c061a8a17c2e6bcb5955eb4c4aaf7d4888e4
=== RUN   FuzzRlp/5f36fce62f2c928642382a4f37ff15478d477ed2
=== RUN   FuzzRlp/604f67cdd89bbd8d928e57ac747e6842ec2d7120
=== RUN   FuzzRlp/606e7f43cf6bbd4dd8804d7d6a4b13e67f937f44
=== RUN   FuzzRlp/60c4c01d5ae562af88ba3ff8ba41be0c4bdccf28
=== RUN   FuzzRlp/60cc36aa0cae0100fd2aad69c9366830662f56c7
=== RUN   FuzzRlp/613cc60d9c4813cd0d8cfcfd4a3377710b072ca7
=== RUN   FuzzRlp/6140b2c26d03d61614516f65131092c4a9cb7997
=== RUN   FuzzRlp/61c3d03b8385e0ef8da4ec78e8624bebaf3e048f
=== RUN   FuzzRlp/62159665af358b171257e35a65bc88a18e88471e
=== RUN   FuzzRlp/628c28c7c2fd5f56f87ee3ff30cad2995af8a309
=== RUN   FuzzRlp/6292f90c7e08362ea191298b9b39a5e2276d9d5f
=== RUN   FuzzRlp/630628095022ba16df96327cacfcb1cece7be6ab
=== RUN   FuzzRlp/63223db17d9fb87d87b97c3ad7b9c4f8e8ec7ff2
=== RUN   FuzzRlp/632abdbf76b33e2a52184bba3343a42c90a0ccfc
=== RUN   FuzzRlp/63c13aefef1e6bfd8956e10a2485a2d912c539bd
=== RUN   FuzzRlp/63cbe7139f0fe4cae413072423a97d6c0fb8701a
=== RUN   FuzzRlp/63fbbc62b434e9ef55723b6815d8954d8ebeeb73
=== RUN   FuzzRlp/6414828d1e40d27b03269611e5954073ea7c09b4
=== RUN   FuzzRlp/64c8af4c5b8d40f638ad956a225d4f21a33c2009
=== RUN   FuzzRlp/650f574dd114052c858cc3015a9ff20cf1d78aa7
=== RUN   FuzzRlp/651c8989f4ec2d9ae27ad615b8edaf94d2d9f9cb
=== RUN   FuzzRlp/653ac56b515fd3d8af5ac55054b9642084a4e561
=== RUN   FuzzRlp/670a0029d26de44ff30fbea09fd869aaef75a292
=== RUN   FuzzRlp/679141bb62e5a6cb2118aa16177e7cdcc34d90cc
=== RUN   FuzzRlp/679cbf80e992638ca867ca2e6895d3f0f7a9d6c5
=== RUN   FuzzRlp/691c812983161a0f25426d916adb2acb48711c16
=== RUN   FuzzRlp/697fcac368444cb792be2ed3fe3c449e94c803dc
=== RUN   FuzzRlp/69904c9cad2ea0fe1ee3fe4d1fb2aef96b7e6b5b
=== RUN   FuzzRlp/6a3a6019d4972e214dbb27d7c9761ecbe65e8870
=== RUN   FuzzRlp/6a5b7c2d21ee2e3732c95a3cfdee3b2f56cc2366
=== RUN   FuzzRlp/6a7f2ad30b41830829560f13ba6ff771b468c566
=== RUN   FuzzRlp/6b364cc14063d7a0d1daf258fee3929ff2dbdaf0
=== RUN   FuzzRlp/6b3b311b8a53b28c634e0a429f8f3ffb1557d1a9
=== RUN   FuzzRlp/6b5c9e13e91e91555661ac51a245fd9820c6587e
=== RUN   FuzzRlp/6bd04acc6633e1ff5b4382a60428d532bdb770e6
=== RUN   FuzzRlp/6c7fb8d6790374cd15939f92725646da49f9d14a
=== RUN   FuzzRlp/6cf2a17daf771864b0bd230d6e2d493dfee7273b
=== RUN   FuzzRlp/6cf751afdd29a79f143e0fce7be93c6822d6a7b1
=== RUN   FuzzRlp/6f901780c2cd2eeaa472406e9e71de025473de1d
=== RUN   FuzzRlp/70fee8a611e510a99eca2e0aeb0f00a03433ac10
=== RUN   FuzzRlp/71d21aefe6e49b61283e291d209e1c30d8dbeb18
=== RUN   FuzzRlp/72b6d5267d91a09ba7f667a54a783d57f692a318
=== RUN   FuzzRlp/72bba9d34724e778c2b28cb825577a691a0addf5
=== RUN   FuzzRlp/72e598dd59750746f29ea86880f69e61bc7c2af1
=== RUN   FuzzRlp/734c335447cb781eb65ea014bde2c9bcf228b489
=== RUN   FuzzRlp/73572dd673b9ae920f9b4b5fd7a051833709e9c8
=== RUN   FuzzRlp/7414a9e86e03f98ebdaae858e7120ae2b05a4a55
=== RUN   FuzzRlp/7425c0ed93d4f858e18ed6c0e23479f932f52c3b
=== RUN   FuzzRlp/757759a40d58b61be023f147c10c281be52888f1
=== RUN   FuzzRlp/758c571741600c029841e99f1bc0d24a4103339c
=== RUN   FuzzRlp/76f1953b4a410556015deaedd1784d2bf0cd0be1
=== RUN   FuzzRlp/780ca75de8f8884c5cb46a65a4784ab1fee7388c
=== RUN   FuzzRlp/78214c516b3fe3878d6519ae11d3c7735fa1d335
=== RUN   FuzzRlp/7913c5d566ab4aa87db597eb85c6e54d8ef94d29
=== RUN   FuzzRlp/7b89947afd90cdd55e67407af6fce396ba6d75e9
=== RUN   FuzzRlp/7bc78b8bc32d564ebc8112f7d93b88c4cfdfdd7f
=== RUN   FuzzRlp/7c4ff944f469668f56e9373d0170a24877a88d92
=== RUN   FuzzRlp/7cc9b1ae014f6b5c8e3d3d299f36e07116817e9f
=== RUN   FuzzRlp/7d122e53102bc4dc08c297dc3642296f54c552ab
=== RUN   FuzzRlp/7d23ca2a8e3c32f9eaba409c8d47c3b85bae5469
=== RUN   FuzzRlp/7db8f2c55b810d76b538bf3c8af84d66db3b5ee1
=== RUN   FuzzRlp/7eb500b0322a45d66c175e9ac1188a19ddb08f8c
=== RUN   FuzzRlp/7f04e1e8b8ce95a8ae6f5672b68cf431e4bb9483
=== RUN   FuzzRlp/7f9d885a06c7fdb8a857b524c44a324b742a3caa
=== RUN   FuzzRlp/7fca612846b8d70a574e170f15abbd162c0fa082
=== RUN   FuzzRlp/7ff4f4e17d931b9bace971307bbfb68b3402b001
=== RUN   FuzzRlp/816bca3e51774cf21985f3fa15dd38344543a2f0
=== RUN   FuzzRlp/817ed4ca66baba1b02c53cd888a143fc8a41b641
=== RUN   FuzzRlp/81af98af5f6d0626211da6f11b4b872d95c25199
=== RUN   FuzzRlp/81c734e4947793c8eae0340488a6b3ec91cf511d
=== RUN   FuzzRlp/82e53a71fa4f101d56ba1a487136f40ea7fa27f2
=== RUN   FuzzRlp/82ebb3c2f91786f8729b92caafcb8a43a1e83374
=== RUN   FuzzRlp/847ea8612bc0e99a410b7b4857f9c274f23fc282
=== RUN   FuzzRlp/84f76ff468f647f5d673a77ac7277e1a7dc4b9b3
=== RUN   FuzzRlp/8680acf1bc300fa7b00718313652909fb6183c0e
=== RUN   FuzzRlp/86bc799a63541243fde4e7d5c876704ca30d6b47
=== RUN   FuzzRlp/86c8281070273c2e5d3c9c1776307b19c9fe3b8e
=== RUN   FuzzRlp/871ca70ca4880203a790cd249589be8b4ed1f57a
=== RUN   FuzzRlp/87231a4ddbb41bbee3f61022e81e40eed151554c
=== RUN   FuzzRlp/8755b8a5f75bf4016c418bea6d2c4538b7fe5048
=== RUN   FuzzRlp/87e86393c38b9862d0fcaa00c6be8a4f5f3390fe
=== RUN   FuzzRlp/882d8908847f5ace950a857c5d3cd968d9427125
=== RUN   FuzzRlp/886f916ee261e9c3322544c9fc7392ef85958218
=== RUN   FuzzRlp/889ba44d99c8f43899aee655802a6eb3786c6dd5
=== RUN   FuzzRlp/8a6131c88440af3212aa687a376287730d317ace
=== RUN   FuzzRlp/8a7f6981ae6f7cadc66a72ae49280d9d7d4f6212
=== RUN   FuzzRlp/8baf9bab938bac6c9b7a8f3f1c76472238d078c6
=== RUN   FuzzRlp/8c45af0df6384eb64d22263689ec5066a8338c94
=== RUN   FuzzRlp/8c87c3bf457e8f6bbbd927d47f4f40e63008d16c
=== RUN   FuzzRlp/8cb46b821ccf60a2a6a8e2265eae74793847023a
=== RUN   FuzzRlp/8d333407e83d3a7b61940f4b7e8df0370fb4a149
=== RUN   FuzzRlp/8d45562615a78e27770012f44f01da792dd4024e
=== RUN   FuzzRlp/8d95ad6632d4823d970c67de219a62a923ce77c1
=== RUN   FuzzRlp/8e58d6f29dc56bbf546a1a91ce1edb198512f1c9
=== RUN   FuzzRlp/8eff7a3af66deef210a48a87229d70dc80682992
=== RUN   FuzzRlp/8fcbeb2d6c50ad20f3c196ab9459e2ce0ee067a3
=== RUN   FuzzRlp/8ff1528ab1d4acdd34d530556af12eac82706bee
=== RUN   FuzzRlp/9069ca78e7450a285173431b3e52c5c25299e473
=== RUN   FuzzRlp/90a3759778a88cef38ccb23273c82f1dc7d4ea60
=== RUN   FuzzRlp/90f9cf5aef0e6495c7306c9d47f78191694f8570
=== RUN   FuzzRlp/924b33c314acacbcfcd2c7e23c4adc13c00f6e4f
=== RUN   FuzzRlp/9296e5b0d468fd24a2662854b5e6c51bec648afd
=== RUN   FuzzRlp/929be6bcfe62c79ed887137adaca892b33977106
=== RUN   FuzzRlp/937763838ca083bf04196ce404307e66e90bf212
=== RUN   FuzzRlp/93b8330b616cdc5b41f88eb80f0c4b94cb5cb5d4
=== RUN   FuzzRlp/93cff4015ec763a0be61b76408641ae6e4d5be97
=== RUN   FuzzRlp/93fb9e4ffc6b377d1aa712b30c3d930a1da93d8b
=== RUN   FuzzRlp/9433866171751173889ca79cc9150320b4debf87
=== RUN   FuzzRlp/9504f81f0e0ef1a4dece0473040e93272ee607b9
=== RUN   FuzzRlp/95083da631c311878a16552b670d495bafe195c6
=== RUN   FuzzRlp/953cbda50e1509402f2a8040c57d78c0d7603785
=== RUN   FuzzRlp/95636bdd100589611c9da493fb84897f29312d4d
=== RUN   FuzzRlp/95f1ea99c95109bac3c12213855cb4350a9e379d
=== RUN   FuzzRlp/961822277e29cf7eed00c95258f80b6a780494d3
=== RUN   FuzzRlp/966bf06266888f04e8e91022f0783f38fcabd018
=== RUN   FuzzRlp/9751633afc48127466e61239df42d1fcff9edb6f
=== RUN   FuzzRlp/97907bb5ed50970c3c43149bf45fec7a1f90b45e
=== RUN   FuzzRlp/981c6abec0c0f489245cf56180268d0a199af3cd
=== RUN   FuzzRlp/9865d067b036022ac4b2c3a3ab06be4276858371
=== RUN   FuzzRlp/98d91d97b15fa85de108980b580bba51b7569846
=== RUN   FuzzRlp/9947bee7b57b55936c7c34ce03b04c4594f6b5bc
=== RUN   FuzzRlp/99c37084131577cf6d5f65132b3a436dc56ed797
=== RUN   FuzzRlp/9ae1c1aef5564aadb821b199e166bde519c2b424
=== RUN   FuzzRlp/9afd3ddd7fd87edf8c36bccc301fc6c217614e66
=== RUN   FuzzRlp/9b61df4e4618463609222771b3f74d4e38bf2cb6
=== RUN   FuzzRlp/9b880d2908797ca7442d9c5781cf6da471b9a50d
=== RUN   FuzzRlp/9c29bccb2f03c1e3f837f39c89c333e5d03631d9
=== RUN   FuzzRlp/9d9dc861a81cc92b7bbb9b1daff94052fe449e57
=== RUN   FuzzRlp/9f3ad0d5d7088f8f761d6fcceee31bbc413f3a89
=== RUN   FuzzRlp/9f9f32fad240816d9a9c0c20dd713911cc68a081
=== RUN   FuzzRlp/9faa86f9cafc1b0329b489f98d7a7b84bd01da79
=== RUN   FuzzRlp/9fb843cbc872cbfca40149b5f6debb47ece9825a
=== RUN   FuzzRlp/a10d81ad519ae5a022d97e32734e2311034ef2d3
=== RUN   FuzzRlp/a1e7d29cdeb8273187cd42749dc58ab1666f210b
=== RUN   FuzzRlp/a2b78b7221b002f346555aae16cc6b09b93c3892
=== RUN   FuzzRlp/a2dfaa6ed00880a8a7748d07b878864e01e1fa4b
=== RUN   FuzzRlp/a4332e715f09a68ddd85967bb5a6f2a2e33836ec
=== RUN   FuzzRlp/a5025e6481417638abca7bc3aa2ce3c2de617b8f
=== RUN   FuzzRlp/a56799acd13cc0b7eb1f4da14d49daa15aa6d5d0
=== RUN   FuzzRlp/a5f42790398f2317e0d2b76cd5a50b246a03b30e
=== RUN   FuzzRlp/a642c1090640275a91ef6e13d4930b7074a94578
=== RUN   FuzzRlp/a69c5a1b24f506c33ba24080dddc3dfc214a887e
=== RUN   FuzzRlp/a717122d5787c6bd0022f9af24c96c353f0beeb0
=== RUN   FuzzRlp/a74c1ebe4ba0d4b91790f724770c2c68fd5eac3d
=== RUN   FuzzRlp/a84735c1c94bd100e70543b726b92778c0c86636
=== RUN   FuzzRlp/a85d9a80e99c68127fa0455638832e47bcb41596
=== RUN   FuzzRlp/a87b2afc1c58a7cc8e0d23aa3c291d826c708916
=== RUN   FuzzRlp/a96ca397e86ea1bbc83f8daa79878b965589b575
=== RUN   FuzzRlp/a9acdf2b920798f875a55e94f5a8bba37f460aff
=== RUN   FuzzRlp/aa451f306850cdcb58824f49b11dd27e1e0ff283
=== RUN   FuzzRlp/aacd8a06c49865c5233ce79fced15b09417545a7
=== RUN   FuzzRlp/aae0b3f6b1ac61a79e391e557c7ee74b0afe39fa
=== RUN   FuzzRlp/aae1d60d16c6ac2d4ddbcc8a4ee6f991ae169671
=== RUN   FuzzRlp/ab1cd2aa603828dc45cf6776d297094859d86bfb
=== RUN   FuzzRlp/ac673aee1e902a76783d1479bef44fa0cbbb4304
=== RUN   FuzzRlp/ad8c493776ae34a54e85707139f6d8fd13403ade
=== RUN   FuzzRlp/adc83b19e793491b1c6ea0fd8b46cd9f32e592fc
=== RUN   FuzzRlp/ae08d2efb19ddea3f8a44d5de359f203d8898b7b
=== RUN   FuzzRlp/ae1be1b8d7d9d91cec35236265e0ee3cea237df8
=== RUN   FuzzRlp/aeb8c656392067b148550e98e08fd82702000ae3
=== RUN   FuzzRlp/aecabde3194d2bf27e6c09b44151ed19560fdd26
=== RUN   FuzzRlp/aecf22a9a91348b971eed9b15ccae387046cd24f
=== RUN   FuzzRlp/b08396d552613dc89529932657908baeb7f2473c
=== RUN   FuzzRlp/b24acd145ad285b9914e26958d84880b3de95cf3
=== RUN   FuzzRlp/b26d16192bfd4e86f474ab297e9917db738c5be3
=== RUN   FuzzRlp/b2bb96b3a4a2ed6201d4bd35bde596b1d26c52a6
=== RUN   FuzzRlp/b3f7a776d5587abd74371b9578b99be6e9bb2087
=== RUN   FuzzRlp/b431a1092054302f700d149b3ebccd98604283ca
=== RUN   FuzzRlp/b5bdcb7519c1bde25e666aa2da1abce75f5de31e
=== RUN   FuzzRlp/b62fb991cc9dff34d75e07a3952f08582dd64e38
=== RUN   FuzzRlp/b66cfed4736ea5b15e9980e4b5afebdb3d6614cf
=== RUN   FuzzRlp/b686a11572827c2304d536adca2f4b0096750143
=== RUN   FuzzRlp/b6cab64e9a4dfd36cde0d6594a0f468e6c8cf7ce
=== RUN   FuzzRlp/b90b720e90dd95042a27fd3e3c0466db216f169c
=== RUN   FuzzRlp/b91f7776ad8e528ccbf2da190ffc14446482d547
=== RUN   FuzzRlp/baa3f21fd11f478f079758733a5a87e6ff5aa932
=== RUN   FuzzRlp/bb556c75affa3bccf38dd11651fe34d830b91194
=== RUN   FuzzRlp/bc28c53a37ababe1177333f932023c99e7ad3811
=== RUN   FuzzRlp/bd26d291e5999ad5b2ecef01bd53f64fafba8789
=== RUN   FuzzRlp/be82f2b482477379a0aacb3510fb09d2ecf724df
=== RUN   FuzzRlp/be926d231fdf7fb68c1c4e503491d4602d6f59e0
=== RUN   FuzzRlp/bf2db6a9346a122a8b9f05e004bc0e0e7970972e
=== RUN   FuzzRlp/bf79e6649755b4f9e4fcba325ea83e991d5f16f9
=== RUN   FuzzRlp/c01d52d9e75cad0cc316938f70d5ea648cd0be0a
=== RUN   FuzzRlp/c06c2d04b705d7be26b5dc3e31eefb1d79660f5f
=== RUN   FuzzRlp/c07d035ef693be09e14cc01599179db5b1884977
=== RUN   FuzzRlp/c24e8d770c512ee99719792e0a31cbbdb7c5af51
=== RUN   FuzzRlp/c2c2803d6d55282906a4c500a4754bd61c38fe5c
=== RUN   FuzzRlp/c337cbf9a122ce9869645fb3010e2bf58f7e6da1
=== RUN   FuzzRlp/c37981fc3c2405c8d15b10dea77a60021831d6e7
=== RUN   FuzzRlp/c4ee4bad6cf2612a6c05152a6d91cdfb7c08fe4c
=== RUN   FuzzRlp/c5ba3fc17a4bfbc030200cc92643db14db034fa9
=== RUN   FuzzRlp/c60e81d559c54360fe893899b47e8b7f191c1b83
=== RUN   FuzzRlp/c6f3e1d8f9867bba0152a26fcb28f9e3da387ce4
=== RUN   FuzzRlp/c789c2263a3de6f4cfeb6eb7eca9eca610b0e29f
=== RUN   FuzzRlp/c793e1e1e38b75ffb0ad9c692b946bf5f3920b0b
=== RUN   FuzzRlp/c87d975711e4928b6ae4120c0f1920debea9cadc
=== RUN   FuzzRlp/c9c85cd80e2b2926b8dd16500e3e3c5103513d5e
=== RUN   FuzzRlp/cd3f876d6b1f6ccd4ec6965606f2646c762fc665
=== RUN   FuzzRlp/cdfd7b4a75700e049e56493ba529d9aff2ecc6e0
=== RUN   FuzzRlp/d02af875ce0063231905fba00a21a03e8ee90586
=== RUN   FuzzRlp/d04899dc761bc85c8d2d7581ef127f3308888fbd
=== RUN   FuzzRlp/d1f7496b8ab75750f35f5825eb3eec98fba0da43
=== RUN   FuzzRlp/d2b0b5d65d0fc2da756455f219a2ddfef8b60076
=== RUN   FuzzRlp/d4459ce257ece26b1a2f30d5f682a6e8d68b5300
=== RUN   FuzzRlp/d4c42a87461464279e1952d19e7dff4ebc38e1c6
=== RUN   FuzzRlp/d56b3e912942efc97483af6585f3b1feb565ec97
=== RUN   FuzzRlp/d6105c63cdf43c5aa6735d154da588133a21907e
=== RUN   FuzzRlp/d660c02ed8dfe94ced7444a6005c51c0a21aca53
=== RUN   FuzzRlp/d6a4792dec9511002b4a41e5c5bcd6aadd633911
=== RUN   FuzzRlp/d6c7db0af5509874c7423841280a3b3aaad5d4ee
=== RUN   FuzzRlp/d6cb5c4f7f71d61f03e10122c5c3b43a0f055ddb
=== RUN   FuzzRlp/d6e9e627e5581c1bbdcbaf13c70c65b1c7709003
=== RUN   FuzzRlp/d7e4adcd88797eac0a28babde8062a4aa7ead7bd
=== RUN   FuzzRlp/d8c022faf025362bfc2852c263bd77f410474057
=== RUN   FuzzRlp/d97b1b8642d1bacf59fa55807a13c40edc59bbf2
=== RUN   FuzzRlp/da7ed57466efe4ec6d9eb2d3526c05941d463da9
=== RUN   FuzzRlp/da8dac8b52fa635003181fec9c6aff6ddc1076a9
=== RUN   FuzzRlp/dbd59e755944153f0c31095a484febf7e110d2fe
=== RUN   FuzzRlp/dc90cf9e6830d18e37520fe81ee6cb4e3b151f1f
=== RUN   FuzzRlp/dcebf4b93308fd91962cda16dced57dac014da8a
=== RUN   FuzzRlp/de1180c9e6bcdce34c701e70f8a647a61902c00f
=== RUN   FuzzRlp/deb11aed07a126f3227dd02a71c429945be9b444
=== RUN   FuzzRlp/def7f6ac23cf98d6e4bfdc7fd2e42b4d7f3dd363
=== RUN   FuzzRlp/df284e0f8c1cb5140261667635d1a1f985402bf3
=== RUN   FuzzRlp/dfc3f80f8f1da3a349ca53b639a5704516ffc673
=== RUN   FuzzRlp/e00671a08546c19cedde66252059188b6d528346
=== RUN   FuzzRlp/e092a42b5723126ffe84aa52cd192bebde90f5dc
=== RUN   FuzzRlp/e0ff7fbcfe26d4571db3c4f7f4ffc5e014b8e855
=== RUN   FuzzRlp/e1b0f07051dacd9be7d8b68a107c2f77cd4a80a9
=== RUN   FuzzRlp/e1e27ac50ea9953a0c6df4c9d8942b81ccf33cb6
=== RUN   FuzzRlp/e23f178b28d1ab7f5b11da9010ada841ec357cfb
=== RUN   FuzzRlp/e262319a56e23041c6c5804dccdd6ce8ce066039
=== RUN   FuzzRlp/e28f8ecd2baee51c72cd1022d80b0a54d0338308
=== RUN   FuzzRlp/e2eb0501abe27cb15d91c50770c62175efa0cea4
=== RUN   FuzzRlp/e393d3208b774ae3416ceb8fcd6fc9efe485802e
=== RUN   FuzzRlp/e4300f4fdd18f209ca082e3e7658bd3cf6747ca2
=== RUN   FuzzRlp/e52203028809a841366445959715e85d6862ed25
=== RUN   FuzzRlp/e599f7743a69b82dc677c0dad3b28b29e10e2fe4
=== RUN   FuzzRlp/e99b4f0215ea613efe7e950ab80daacf01aac525
=== RUN   FuzzRlp/eaffebaf886c92c2009940e076a988df6090a4c7
=== RUN   FuzzRlp/ed65c031736786497d51ef8bad0b437cf7a1e443
=== RUN   FuzzRlp/ed8a15959e6e12919995c08b0522bc48332dd0f8
=== RUN   FuzzRlp/ee35b357982bbb88d5afc36f5ee491f66d055eda
=== RUN   FuzzRlp/eebd0eee043486eadd51603bec9facc18e1d3496
=== RUN   FuzzRlp/ef7502a5163243a8224749c9b439d791767f7429
=== RUN   FuzzRlp/efdaf5bb1ad730a950f5313fc086c0c78611e03e
=== RUN   FuzzRlp/f202ff5580047d4a3cf6f9aa8249c40d23005834
=== RUN   FuzzRlp/f2560499c8c36cd97969ea56496f1ed21eae4b92
=== RUN   FuzzRlp/f28dd4eb3e8a8e579eef544a172313df45156713
=== RUN   FuzzRlp/f3553431052f5a4589f4b3b4c9d5583f5b6c314a
=== RUN   FuzzRlp/f386469188b92f1fc694b1c28cb998c9ebef0b50
=== RUN   FuzzRlp/f3901691c536a58287da5afab3a2426be42fc0ef
=== RUN   FuzzRlp/f3fb0b7451f78f922e1a15a1723d90c61661226a
=== RUN   FuzzRlp/f40e23633a42730ada45e862cf5d0fcfc935fba2
=== RUN   FuzzRlp/f4f6c3aeb25b14d0e6d317f84cc5e7b6058a0453
=== RUN   FuzzRlp/f66093aa34d08297f508e2ba35707764c600d29e
=== RUN   FuzzRlp/f6b88b8d1bf26e6d3ac0ce062cc417aa0d0e6ead
=== RUN   FuzzRlp/f7acd4a0db948af2ca02ec4268177171b90f4c25
=== RUN   FuzzRlp/f7ea732c75cb8d47c66a8dc5e92db0b9c6a4b242
=== RUN   FuzzRlp/f827fad5ed1cacd5c4dca5ae6db60bb7e3b2dadd
=== RUN   FuzzRlp/f903b8506cf6542544121ec0690d00a71d09a7b4
=== RUN   FuzzRlp/f93ff8c2b0e94ef7d18f7e2e3111a21dab896da9
=== RUN   FuzzRlp/f9a33e418219304dda8315010ee6355f7da92ee8
=== RUN   FuzzRlp/f9f7a0f786a0dae97fcb68252ad333a81d28f0c4
=== RUN   FuzzRlp/fae23505bc529f3bc4e21cb4f7ff41b467a07f75
=== RUN   FuzzRlp/fb4bc8040611b1daa8bb4e7f1ceb72f9ddef65f2
=== RUN   FuzzRlp/fb4cef4f28d07b3a00030de8d2faebd1f6fa2a9d
=== RUN   FuzzRlp/fc23ef29fddca6ea293e3946e743ad2225fac8eb
=== RUN   FuzzRlp/fc4d72f10d84fad810e36420622fe45f4beecfce
=== RUN   FuzzRlp/fcd901aeff02aecc1d8b4907a003dcc95be226bb
=== RUN   FuzzRlp/fcfb0ccd6279765c8b92d37e3ef9e297719bbafb
=== RUN   FuzzRlp/fd352bb6abe0fd8fcc412136f7a9b01885e48693
=== RUN   FuzzRlp/fd51801d49749140a1efa2e5fb165ba9c122938c
=== RUN   FuzzRlp/fdd3a6b4455e87ec81bf0703756b6d712d008839
=== RUN   FuzzRlp/fdf99eb686ead7dfc4d07aa2574aeb37857362db
=== RUN   FuzzRlp/fe3a060861fe7cce9a5f2b54356c953bff2567ef
=== RUN   FuzzRlp/fe86cc41c2f11422c9a5e80559745029844db655
--- PASS: FuzzRlp (0.03s)
    --- PASS: FuzzRlp/0010d655c73df0c62470042047d06a7a36f963ab (0.00s)
    --- PASS: FuzzRlp/00d5ccec4dd4f530d8c921e6a37dd89fe5149ff6 (0.00s)
    --- PASS: FuzzRlp/013fdabfe01671c1d9b2ff6e217fea798257dd3a (0.00s)
    --- PASS: FuzzRlp/027d31ef4faf67d627684a3205cadf91b9b7979f (0.00s)
    --- PASS: FuzzRlp/02986df75f69befa9e73f3db2419e248753affc7 (0.00s)
    --- PASS: FuzzRlp/02dc72e54479560246951b2faf06414e897c7568 (0.00s)
    --- PASS: FuzzRlp/042a158a51f2d6d55dbd101ae4f57bdf450f7a2a (0.00s)
    --- PASS: FuzzRlp/044127546a0eb67b2fbdd47b53bba36b35d7f6f9 (0.00s)
    --- PASS: FuzzRlp/049d599a0997e0677ec1ec1734a6e654dbb8b8b9 (0.00s)
    --- PASS: FuzzRlp/05086ad9dc765b2c9464d83ec0f87f6f3007982c (0.00s)
    --- PASS: FuzzRlp/0618b19e448aa5ba3d59b07aa45497b99bcc8157 (0.00s)
    --- PASS: FuzzRlp/06961f4bc3294a36eab3a82054e304712b2c88f3 (0.00s)
    --- PASS: FuzzRlp/069f3e055fc2eeb2a8ad28501aa2779ba8a16e48 (0.00s)
    --- PASS: FuzzRlp/06af94e7873134ccbc90d449269384cbf656ab4c (0.00s)
    --- PASS: FuzzRlp/07c9bc959a3f26d4e3e184ceb6bf201b960627ed (0.00s)
    --- PASS: FuzzRlp/08c789f548f99e76e3653d58e9a6b288eb01f4d6 (0.00s)
    --- PASS: FuzzRlp/09409e093846d4e66a008ab0d24d54c08cf722e3 (0.00s)
    --- PASS: FuzzRlp/094c97412067859f720aba7fa4bb14d15d7367c9 (0.00s)
    --- PASS: FuzzRlp/0a1c2567b213f7f9b7e295220295b80a6f96f3c7 (0.00s)
    --- PASS: FuzzRlp/0a5f1ff2aaf6980acd4a656c158b2e938f9090ba (0.00s)
    --- PASS: FuzzRlp/0a6ecbf461163a3c1a463b33ad30f660e9df70db (0.00s)
    --- PASS: FuzzRlp/0aae7292b4228e48f4b964aeea560a4e1e5ee111 (0.00s)
    --- PASS: FuzzRlp/0c1b2d20ea366e3747a684c0663420e4b936ee79 (0.00s)
    --- PASS: FuzzRlp/0c61308fe2acfb63ed152b4398a97996e1fdf573 (0.00s)
    --- PASS: FuzzRlp/11141ac10cc620f0c7ac9170b6e19cdd16d597c8 (0.00s)
    --- PASS: FuzzRlp/115758c21623c5cb3554afc261436195c3449711 (0.00s)
    --- PASS: FuzzRlp/11dc2488aff2ae50a70baaedb012574ff5c90a2f (0.00s)
    --- PASS: FuzzRlp/12ecbb93e5db00f595c9789f316f5b74934c3362 (0.00s)
    --- PASS: FuzzRlp/1356f2ecdc17bbf65622295a6479b790a35a5527 (0.00s)
    --- PASS: FuzzRlp/137a291e75889b60af08ccd6d02c1d6e8abd2f72 (0.00s)
    --- PASS: FuzzRlp/13a2b97e2a3a066fbe4f160f0b43dbf6015b258f (0.00s)
    --- PASS: FuzzRlp/13a604229de055758fab2e2880ffe274876b0cd9 (0.00s)
    --- PASS: FuzzRlp/14155b8df71debf063f47573f96fe5603eea891b (0.00s)
    --- PASS: FuzzRlp/1415cae88fb30aff72cbb3b1bb374025ea148e1e (0.00s)
    --- PASS: FuzzRlp/1554efd24ca655ff55df7e289c171cda4cefc155 (0.00s)
    --- PASS: FuzzRlp/156e48e64115038c1e2758e9086e8c1267931648 (0.00s)
    --- PASS: FuzzRlp/15828c3a981b295ae93396df7c2f4da65d3c3f35 (0.00s)
    --- PASS: FuzzRlp/15c98111b4e2671415a068d038fe5c03abd1350b (0.00s)
    --- PASS: FuzzRlp/15e5e51733df33966ed5d95b23efb2d67e215a6f (0.00s)
    --- PASS: FuzzRlp/17e33132b2b089c7f84de75220f144be908f7f0f (0.00s)
    --- PASS: FuzzRlp/180faebbd9dd89a3946503b5dfc5be6c04c37f92 (0.00s)
    --- PASS: FuzzRlp/1854dde2c8079c63d008361e908e8b8c8992579e (0.00s)
    --- PASS: FuzzRlp/18bd369e3e5243f649b56af761ecf7be6f32a059 (0.00s)
    --- PASS: FuzzRlp/18f88935ac7f2110b7462d8dc24e1a111e78d4bb (0.00s)
    --- PASS: FuzzRlp/1914ebb49b3bba7087e75f6acaa9a2953d6ece2c (0.00s)
    --- PASS: FuzzRlp/198ec1e9cba74b301f09bd80cb5f571ceea2a225 (0.00s)
    --- PASS: FuzzRlp/1a0b7e30419e291ea19715de43891f9e793a5d09 (0.00s)
    --- PASS: FuzzRlp/1a1d9001e414b323c66d62404b45cdbbdf7ea236 (0.00s)
    --- PASS: FuzzRlp/1a2ffce4eb2b848921f37d25033b61c0bde9ebfb (0.00s)
    --- PASS: FuzzRlp/1b5c6f3a91e15afdedaddfc2a409db3c011b51c5 (0.00s)
    --- PASS: FuzzRlp/1d1877ff47b632e9d6a5959391b44268104c8cad (0.00s)
    --- PASS: FuzzRlp/1e4ba08995a01d9c439f6238b3a821ef37623af5 (0.00s)
    --- PASS: FuzzRlp/201581aa50cde7618f37d355364076b937f0c175 (0.00s)
    --- PASS: FuzzRlp/205db3cd5ed62802ac09f680bf2be15298c44002 (0.00s)
    --- PASS: FuzzRlp/20d93d3d97035f1f0ac30475e8262a48205c2e0b (0.00s)
    --- PASS: FuzzRlp/2122ee14b4e419cb4ab73ff8133d168ea55ecc69 (0.00s)
    --- PASS: FuzzRlp/214160be2828d6257fa56204cfb6d9fa0843ea95 (0.00s)
    --- PASS: FuzzRlp/21e5cfd14914c4922d5dbc9269637170f5d040c0 (0.00s)
    --- PASS: FuzzRlp/22ba2a216eec83f5678c01f7dd0aaee985ca383a (0.00s)
    --- PASS: FuzzRlp/22d8d52c8dbf4093cf0f31f8638563903b5070f0 (0.00s)
    --- PASS: FuzzRlp/231b54ce1e6419127ec34ae78f181ea940c479f2 (0.00s)
    --- PASS: FuzzRlp/2407e6efff06b9a94c162f4b9fc1a22fd26467e6 (0.00s)
    --- PASS: FuzzRlp/24b33ae2b1e84e397247ab28d5dfbf66f66059ee (0.00s)
    --- PASS: FuzzRlp/24f1bae1ec5e8a910321cba574dd3d35085b6408 (0.00s)
    --- PASS: FuzzRlp/251a5bdaf54f95074c06379d6e1f639349fafbee (0.00s)
    --- PASS: FuzzRlp/25290d37d73e63f3b6d35fd7155effae9a51cea6 (0.00s)
    --- PASS: FuzzRlp/258f3ed65574b16365bcf8777f22262c6dc1cc90 (0.00s)
    --- PASS: FuzzRlp/25eeaff42f6ee6ebac55edecee7744d7e8ce94f6 (0.00s)
    --- PASS: FuzzRlp/281b8c8807376313e6181b063bcc86498552ada9 (0.00s)
    --- PASS: FuzzRlp/28628e1f7f20ccb6b5984037a5a9ff41021d278f (0.00s)
    --- PASS: FuzzRlp/28647931043200b7639914ec0299b4b5cf081498 (0.00s)
    --- PASS: FuzzRlp/28b8e94e098c9ea714550540bc193d8a54d75a54 (0.00s)
    --- PASS: FuzzRlp/2adb636c3109ccf25ef63f709d9a6c36521530d2 (0.00s)
    --- PASS: FuzzRlp/2b3988da646fa943881786c043cc2546b6e60714 (0.00s)
    --- PASS: FuzzRlp/2b5bc50b87639a43840364d4a550f9ecaa1f8de6 (0.00s)
    --- PASS: FuzzRlp/2b5bee37714b90896662333729de60ea21cccacb (0.00s)
    --- PASS: FuzzRlp/2b66c4e7af16f224bc78e1ad988eae660a5ecd51 (0.00s)
    --- PASS: FuzzRlp/2b66feed931e950bbcd9e7836adf89a718e1b9d5 (0.00s)
    --- PASS: FuzzRlp/2bba729016a34bb6f0983cd9d059b05b4f04592a (0.00s)
    --- PASS: FuzzRlp/2dcb8815e72db5c27a69301f72467885babf0632 (0.00s)
    --- PASS: FuzzRlp/2e7118d76c77052030f72b0c1bf95d2f5252ac21 (0.00s)
    --- PASS: FuzzRlp/2ed6734dc118ffe0e72ae56723e596d9adbd6b83 (0.00s)
    --- PASS: FuzzRlp/2eff28a83a23ccefcc0b4cbc66aab3e6f1c04c10 (0.00s)
    --- PASS: FuzzRlp/2f47d0a85dc2548c148d349791c416448ac012ad (0.00s)
    --- PASS: FuzzRlp/2f789959af0241c79da4c973b3b1a0c2a80c7b6e (0.00s)
    --- PASS: FuzzRlp/2ffce26a5a58e1303d9e81b732cf5af486e77662 (0.00s)
    --- PASS: FuzzRlp/3021a7f28b22c98e5a548972de14fe831f5b2881 (0.00s)
    --- PASS: FuzzRlp/3078f9b7e85c7ee7fccf9e7e0b58bc970be147da (0.00s)
    --- PASS: FuzzRlp/30d303115a4b6d33cee1548db22556cbd7dcfbf8 (0.00s)
    --- PASS: FuzzRlp/30e9b6fbc6a1945df34a5a45692d63fe1694a103 (0.00s)
    --- PASS: FuzzRlp/30fed1a59687c37eecb7b0728cbb5c4417c33d1c (0.00s)
    --- PASS: FuzzRlp/32053a56f1e1a7e12c678b232e7d3442212fcb10 (0.00s)
    --- PASS: FuzzRlp/3220a0f61c92fa37ed5187cf0da6887c60408d83 (0.00s)
    --- PASS: FuzzRlp/33283793135aff6ea11c4e5c8bf20bfe3dcba7d8 (0.00s)
    --- PASS: FuzzRlp/335e5ea950335142ac6439a06c253269a3d577c7 (0.00s)
    --- PASS: FuzzRlp/337bee6c82be2017c636cd8c3419ddc3dea95aa1 (0.00s)
    --- PASS: FuzzRlp/33a7ee418f0284b3228f27ef689359715cba89f2 (0.00s)
    --- PASS: FuzzRlp/33b3a8789b96b9deeed14557f9f56a0b16252e66 (0.00s)
    --- PASS: FuzzRlp/359b256a309cb729ac7934838a0b3179c1a70206 (0.00s)
    --- PASS: FuzzRlp/35c0bec786c347e6a2b1be3828862ef488e91c99 (0.00s)
    --- PASS: FuzzRlp/361c9f9864b2c284306a14a4edad991a748f7aa5 (0.00s)
    --- PASS: FuzzRlp/372f9eb614cba6527279993c6b48714dedde1c92 (0.00s)
    --- PASS: FuzzRlp/38d0352bd1f2dd6873b13dcf6ff8735a40866c26 (0.00s)
    --- PASS: FuzzRlp/399816554cc27490ca278ad5af80c94ef1772e5f (0.00s)
    --- PASS: FuzzRlp/39ae6502ca03ea3dc90325a0ccb53eb23922f325 (0.00s)
    --- PASS: FuzzRlp/39b258e058b9ba99a2aa6bf2ec4ab9b676ccd488 (0.00s)
    --- PASS: FuzzRlp/39ce1e96756bc3c99f1ee2d37693caa41096de40 (0.00s)
    --- PASS: FuzzRlp/3a18a31d9b888a5c3a812569a8cc86ebfbcb4d6e (0.00s)
    --- PASS: FuzzRlp/3a4ee30d2c1d26bf21276885aad778f65a05f36f (0.00s)
    --- PASS: FuzzRlp/3afe29d302900601a02f271f2a5d573d1ec9f31e (0.00s)
    --- PASS: FuzzRlp/3b12dd3d2ab09a0a022633d68fb6910d4ad404d9 (0.00s)
    --- PASS: FuzzRlp/3b3c0749745274e77331dc4d0e185b60d37ac812 (0.00s)
    --- PASS: FuzzRlp/3b9c297ed4f6f622519f3c8e606c9b4e3ba78520 (0.00s)
    --- PASS: FuzzRlp/3c673c237514e2e0476ef8051e5739edc6b83a2c (0.00s)
    --- PASS: FuzzRlp/3d8358b212d45f797d47c27612519689e29b6753 (0.00s)
    --- PASS: FuzzRlp/3de0d8209fece14d59a5c530a34f6b972016e807 (0.00s)
    --- PASS: FuzzRlp/3e42e0bbfe056869cc4e99bbdb0a3679f4e9f5cf (0.00s)
    --- PASS: FuzzRlp/3f25cd360978b11edb4fe8061a6e6748b4b7fe0b (0.00s)
    --- PASS: FuzzRlp/3fac2bac2fc5d4a1c5a79157799b1b8b3544be2e (0.00s)
    --- PASS: FuzzRlp/40101cb9f3faa8d86716aad9df9a59b3e605630d (0.00s)
    --- PASS: FuzzRlp/406e94a0fb93c5905f34411496ba9daedc8c1c88 (0.00s)
    --- PASS: FuzzRlp/40799a88a6b333b95923c6cb37e32a3da4dbcf2f (0.00s)
    --- PASS: FuzzRlp/40add233dd8d7560023258872d9fd89d3c4f7b77 (0.00s)
    --- PASS: FuzzRlp/40cb925daed1a22422247026eeb5a55a00a8cb87 (0.00s)
    --- PASS: FuzzRlp/4148548fdb064cfe0a104edf9f2f0db776c65b5d (0.00s)
    --- PASS: FuzzRlp/41868436535a4b22f2aba2879c1d879c2df0614d (0.00s)
    --- PASS: FuzzRlp/41a93125719a0c366f463e46dd146b07436b0ec5 (0.00s)
    --- PASS: FuzzRlp/43986ff044d8f484c29817011599083f2b0a327b (0.00s)
    --- PASS: FuzzRlp/454ecb2026f6ea2aea5f07c43ee87500e84b2bd8 (0.00s)
    --- PASS: FuzzRlp/455fd4afdf55e13f2b35371d85a9c781703e31ba (0.00s)
    --- PASS: FuzzRlp/466c5c7bb5c4aca46aca88be4b34b7a5fe6ddb2d (0.00s)
    --- PASS: FuzzRlp/4692764315ede18f589880bc1da432ca4edd1a08 (0.00s)
    --- PASS: FuzzRlp/46d0ce32d244c3a45a659c52c2b64f7dce8d9604 (0.00s)
    --- PASS: FuzzRlp/476bf7df41757f8c8ceb4358daf89eb52a003400 (0.00s)
    --- PASS: FuzzRlp/4808a377a028a74bdb523669eceedc8b2b574802 (0.00s)
    --- PASS: FuzzRlp/48c1dd96330f6992f11e26c9ab64cfdd06e96413 (0.00s)
    --- PASS: FuzzRlp/48dd9504edbdea156acd31b33d62b2371e263685 (0.00s)
    --- PASS: FuzzRlp/48e09ae93ea6644c6b5f90dbd0ae73daec978316 (0.00s)
    --- PASS: FuzzRlp/491ddd980037f95435cc7cd81efdd604bba0902b (0.00s)
    --- PASS: FuzzRlp/499c7400b62d2e949d6f1787ba4b39e802e5be28 (0.00s)
    --- PASS: FuzzRlp/49bf6e4c80b87f7b3f49d28843914ff85e15e64b (0.00s)
    --- PASS: FuzzRlp/4b881abc31c67c581e693f549f61815542d13e38 (0.00s)
    --- PASS: FuzzRlp/4b981bbca5e00977bba94d366f882b525cfd80e8 (0.00s)
    --- PASS: FuzzRlp/4cb968375e273816c9fff44a80541a589e7f0c82 (0.00s)
    --- PASS: FuzzRlp/4cebbddc0928bd09743e9347888e3dad9b83d42d (0.00s)
    --- PASS: FuzzRlp/4cf1312f0d5773df098f94a2ee197b1bb178a6a2 (0.00s)
    --- PASS: FuzzRlp/4d86b60f95b4325d83b1215cbe428caa3508244e (0.00s)
    --- PASS: FuzzRlp/4dca8ae6f8b990612a7c7e1398f24f5e86ef6ce8 (0.00s)
    --- PASS: FuzzRlp/4dce038485669342cb21a95c31eb4fd2524b1e65 (0.00s)
    --- PASS: FuzzRlp/4e422de59ef966c044be17dac59c456ac4aef055 (0.00s)
    --- PASS: FuzzRlp/4eb5caf4a4975339e3ce7ee4880e9c19433ba2ec (0.00s)
    --- PASS: FuzzRlp/4ec8bc5d8bfd9080930c4c1fe7104cfe24796f58 (0.00s)
    --- PASS: FuzzRlp/4fba637a9bed99173620294443d57f9b32c6be6a (0.00s)
    --- PASS: FuzzRlp/50e04b6c7735d61a22d6556a92c908d9da1bc80f (0.00s)
    --- PASS: FuzzRlp/5149e3c3a3aa11f67c8ad1b651ec11ddf7328d09 (0.00s)
    --- PASS: FuzzRlp/51c72230852536daad60c75223253b38479e93c2 (0.00s)
    --- PASS: FuzzRlp/52a2ab536fd522de20736104f4f4f80ffcbb614f (0.00s)
    --- PASS: FuzzRlp/52a95a6539616ba2ffdfde2bc53419f131fe0d27 (0.00s)
    --- PASS: FuzzRlp/52bccd20e3745ccee151b31962ba2372997ccc8d (0.00s)
    --- PASS: FuzzRlp/52c5fd0756761adf39e8f4eb6d3fe4cda783af4f (0.00s)
    --- PASS: FuzzRlp/5370548ec321a745c9e29a12f87b3be670a33ba0 (0.00s)
    --- PASS: FuzzRlp/53d8b85c20a1254f2d576ffb9f50bcea7d044865 (0.00s)
    --- PASS: FuzzRlp/55bdb4aa1be8d65f8ee4587ca2f37ec491f1c6cb (0.00s)
    --- PASS: FuzzRlp/55c47e52127f7a052f5e2a39f5ec998d0eef2936 (0.00s)
    --- PASS: FuzzRlp/56206a9c09064f95ddb61417d09999ee8d3094b8 (0.00s)
    --- PASS: FuzzRlp/581492de6a5b0bcc683fa53985ac05ccdf6e516e (0.00s)
    --- PASS: FuzzRlp/5827da15e227994e99916081f2a09ea0b0be04ed (0.00s)
    --- PASS: FuzzRlp/59a45090b49ae0f5908302cb23dc5900c555f2b9 (0.00s)
    --- PASS: FuzzRlp/5a55b6e4a7ef233e68de0e522a60cb8c2fd932dd (0.00s)
    --- PASS: FuzzRlp/5a5a9da8b46dff2633b7fd5a27d8740edb7a07fe (0.00s)
    --- PASS: FuzzRlp/5adab9e577ce18ce8699f5dcdecc37b9f054e79a (0.00s)
    --- PASS: FuzzRlp/5b0573fd32fac6da0b622876574b59e4d1d2a980 (0.00s)
    --- PASS: FuzzRlp/5e8d26fbca3ae752730748c01706e73e54dc968c (0.00s)
    --- PASS: FuzzRlp/5ed6e8760a2924703db8cf9954be172e33668949 (0.00s)
    --- PASS: FuzzRlp/5f02c061a8a17c2e6bcb5955eb4c4aaf7d4888e4 (0.00s)
    --- PASS: FuzzRlp/5f36fce62f2c928642382a4f37ff15478d477ed2 (0.00s)
    --- PASS: FuzzRlp/604f67cdd89bbd8d928e57ac747e6842ec2d7120 (0.00s)
    --- PASS: FuzzRlp/606e7f43cf6bbd4dd8804d7d6a4b13e67f937f44 (0.00s)
    --- PASS: FuzzRlp/60c4c01d5ae562af88ba3ff8ba41be0c4bdccf28 (0.00s)
    --- PASS: FuzzRlp/60cc36aa0cae0100fd2aad69c9366830662f56c7 (0.00s)
    --- PASS: FuzzRlp/613cc60d9c4813cd0d8cfcfd4a3377710b072ca7 (0.00s)
    --- PASS: FuzzRlp/6140b2c26d03d61614516f65131092c4a9cb7997 (0.00s)
    --- PASS: FuzzRlp/61c3d03b8385e0ef8da4ec78e8624bebaf3e048f (0.00s)
    --- PASS: FuzzRlp/62159665af358b171257e35a65bc88a18e88471e (0.00s)
    --- PASS: FuzzRlp/628c28c7c2fd5f56f87ee3ff30cad2995af8a309 (0.00s)
    --- PASS: FuzzRlp/6292f90c7e08362ea191298b9b39a5e2276d9d5f (0.00s)
    --- PASS: FuzzRlp/630628095022ba16df96327cacfcb1cece7be6ab (0.00s)
    --- PASS: FuzzRlp/63223db17d9fb87d87b97c3ad7b9c4f8e8ec7ff2 (0.00s)
    --- PASS: FuzzRlp/632abdbf76b33e2a52184bba3343a42c90a0ccfc (0.00s)
    --- PASS: FuzzRlp/63c13aefef1e6bfd8956e10a2485a2d912c539bd (0.00s)
    --- PASS: FuzzRlp/63cbe7139f0fe4cae413072423a97d6c0fb8701a (0.00s)
    --- PASS: FuzzRlp/63fbbc62b434e9ef55723b6815d8954d8ebeeb73 (0.00s)
    --- PASS: FuzzRlp/6414828d1e40d27b03269611e5954073ea7c09b4 (0.00s)
    --- PASS: FuzzRlp/64c8af4c5b8d40f638ad956a225d4f21a33c2009 (0.00s)
    --- PASS: FuzzRlp/650f574dd114052c858cc3015a9ff20cf1d78aa7 (0.00s)
    --- PASS: FuzzRlp/651c8989f4ec2d9ae27ad615b8edaf94d2d9f9cb (0.00s)
    --- PASS: FuzzRlp/653ac56b515fd3d8af5ac55054b9642084a4e561 (0.00s)
    --- PASS: FuzzRlp/670a0029d26de44ff30fbea09fd869aaef75a292 (0.00s)
    --- PASS: FuzzRlp/679141bb62e5a6cb2118aa16177e7cdcc34d90cc (0.00s)
    --- PASS: FuzzRlp/679cbf80e992638ca867ca2e6895d3f0f7a9d6c5 (0.00s)
    --- PASS: FuzzRlp/691c812983161a0f25426d916adb2acb48711c16 (0.00s)
    --- PASS: FuzzRlp/697fcac368444cb792be2ed3fe3c449e94c803dc (0.00s)
    --- PASS: FuzzRlp/69904c9cad2ea0fe1ee3fe4d1fb2aef96b7e6b5b (0.00s)
    --- PASS: FuzzRlp/6a3a6019d4972e214dbb27d7c9761ecbe65e8870 (0.00s)
    --- PASS: FuzzRlp/6a5b7c2d21ee2e3732c95a3cfdee3b2f56cc2366 (0.00s)
    --- PASS: FuzzRlp/6a7f2ad30b41830829560f13ba6ff771b468c566 (0.00s)
    --- PASS: FuzzRlp/6b364cc14063d7a0d1daf258fee3929ff2dbdaf0 (0.00s)
    --- PASS: FuzzRlp/6b3b311b8a53b28c634e0a429f8f3ffb1557d1a9 (0.00s)
    --- PASS: FuzzRlp/6b5c9e13e91e91555661ac51a245fd9820c6587e (0.00s)
    --- PASS: FuzzRlp/6bd04acc6633e1ff5b4382a60428d532bdb770e6 (0.00s)
    --- PASS: FuzzRlp/6c7fb8d6790374cd15939f92725646da49f9d14a (0.00s)
    --- PASS: FuzzRlp/6cf2a17daf771864b0bd230d6e2d493dfee7273b (0.00s)
    --- PASS: FuzzRlp/6cf751afdd29a79f143e0fce7be93c6822d6a7b1 (0.00s)
    --- PASS: FuzzRlp/6f901780c2cd2eeaa472406e9e71de025473de1d (0.00s)
    --- PASS: FuzzRlp/70fee8a611e510a99eca2e0aeb0f00a03433ac10 (0.00s)
    --- PASS: FuzzRlp/71d21aefe6e49b61283e291d209e1c30d8dbeb18 (0.00s)
    --- PASS: FuzzRlp/72b6d5267d91a09ba7f667a54a783d57f692a318 (0.00s)
    --- PASS: FuzzRlp/72bba9d34724e778c2b28cb825577a691a0addf5 (0.00s)
    --- PASS: FuzzRlp/72e598dd59750746f29ea86880f69e61bc7c2af1 (0.00s)
    --- PASS: FuzzRlp/734c335447cb781eb65ea014bde2c9bcf228b489 (0.00s)
    --- PASS: FuzzRlp/73572dd673b9ae920f9b4b5fd7a051833709e9c8 (0.00s)
    --- PASS: FuzzRlp/7414a9e86e03f98ebdaae858e7120ae2b05a4a55 (0.00s)
    --- PASS: FuzzRlp/7425c0ed93d4f858e18ed6c0e23479f932f52c3b (0.00s)
    --- PASS: FuzzRlp/757759a40d58b61be023f147c10c281be52888f1 (0.00s)
    --- PASS: FuzzRlp/758c571741600c029841e99f1bc0d24a4103339c (0.00s)
    --- PASS: FuzzRlp/76f1953b4a410556015deaedd1784d2bf0cd0be1 (0.00s)
    --- PASS: FuzzRlp/780ca75de8f8884c5cb46a65a4784ab1fee7388c (0.00s)
    --- PASS: FuzzRlp/78214c516b3fe3878d6519ae11d3c7735fa1d335 (0.00s)
    --- PASS: FuzzRlp/7913c5d566ab4aa87db597eb85c6e54d8ef94d29 (0.00s)
    --- PASS: FuzzRlp/7b89947afd90cdd55e67407af6fce396ba6d75e9 (0.00s)
    --- PASS: FuzzRlp/7bc78b8bc32d564ebc8112f7d93b88c4cfdfdd7f (0.00s)
    --- PASS: FuzzRlp/7c4ff944f469668f56e9373d0170a24877a88d92 (0.00s)
    --- PASS: FuzzRlp/7cc9b1ae014f6b5c8e3d3d299f36e07116817e9f (0.00s)
    --- PASS: FuzzRlp/7d122e53102bc4dc08c297dc3642296f54c552ab (0.00s)
    --- PASS: FuzzRlp/7d23ca2a8e3c32f9eaba409c8d47c3b85bae5469 (0.00s)
    --- PASS: FuzzRlp/7db8f2c55b810d76b538bf3c8af84d66db3b5ee1 (0.00s)
    --- PASS: FuzzRlp/7eb500b0322a45d66c175e9ac1188a19ddb08f8c (0.00s)
    --- PASS: FuzzRlp/7f04e1e8b8ce95a8ae6f5672b68cf431e4bb9483 (0.00s)
    --- PASS: FuzzRlp/7f9d885a06c7fdb8a857b524c44a324b742a3caa (0.00s)
    --- PASS: FuzzRlp/7fca612846b8d70a574e170f15abbd162c0fa082 (0.00s)
    --- PASS: FuzzRlp/7ff4f4e17d931b9bace971307bbfb68b3402b001 (0.00s)
    --- PASS: FuzzRlp/816bca3e51774cf21985f3fa15dd38344543a2f0 (0.00s)
    --- PASS: FuzzRlp/817ed4ca66baba1b02c53cd888a143fc8a41b641 (0.00s)
    --- PASS: FuzzRlp/81af98af5f6d0626211da6f11b4b872d95c25199 (0.00s)
    --- PASS: FuzzRlp/81c734e4947793c8eae0340488a6b3ec91cf511d (0.00s)
    --- PASS: FuzzRlp/82e53a71fa4f101d56ba1a487136f40ea7fa27f2 (0.00s)
    --- PASS: FuzzRlp/82ebb3c2f91786f8729b92caafcb8a43a1e83374 (0.00s)
    --- PASS: FuzzRlp/847ea8612bc0e99a410b7b4857f9c274f23fc282 (0.00s)
    --- PASS: FuzzRlp/84f76ff468f647f5d673a77ac7277e1a7dc4b9b3 (0.00s)
    --- PASS: FuzzRlp/8680acf1bc300fa7b00718313652909fb6183c0e (0.00s)
    --- PASS: FuzzRlp/86bc799a63541243fde4e7d5c876704ca30d6b47 (0.00s)
    --- PASS: FuzzRlp/86c8281070273c2e5d3c9c1776307b19c9fe3b8e (0.00s)
    --- PASS: FuzzRlp/871ca70ca4880203a790cd249589be8b4ed1f57a (0.00s)
    --- PASS: FuzzRlp/87231a4ddbb41bbee3f61022e81e40eed151554c (0.00s)
    --- PASS: FuzzRlp/8755b8a5f75bf4016c418bea6d2c4538b7fe5048 (0.00s)
    --- PASS: FuzzRlp/87e86393c38b9862d0fcaa00c6be8a4f5f3390fe (0.00s)
    --- PASS: FuzzRlp/882d8908847f5ace950a857c5d3cd968d9427125 (0.00s)
    --- PASS: FuzzRlp/886f916ee261e9c3322544c9fc7392ef85958218 (0.00s)
    --- PASS: FuzzRlp/889ba44d99c8f43899aee655802a6eb3786c6dd5 (0.00s)
    --- PASS: FuzzRlp/8a6131c88440af3212aa687a376287730d317ace (0.00s)
    --- PASS: FuzzRlp/8a7f6981ae6f7cadc66a72ae49280d9d7d4f6212 (0.00s)
    --- PASS: FuzzRlp/8baf9bab938bac6c9b7a8f3f1c76472238d078c6 (0.00s)
    --- PASS: FuzzRlp/8c45af0df6384eb64d22263689ec5066a8338c94 (0.00s)
    --- PASS: FuzzRlp/8c87c3bf457e8f6bbbd927d47f4f40e63008d16c (0.00s)
    --- PASS: FuzzRlp/8cb46b821ccf60a2a6a8e2265eae74793847023a (0.00s)
    --- PASS: FuzzRlp/8d333407e83d3a7b61940f4b7e8df0370fb4a149 (0.00s)
    --- PASS: FuzzRlp/8d45562615a78e27770012f44f01da792dd4024e (0.00s)
    --- PASS: FuzzRlp/8d95ad6632d4823d970c67de219a62a923ce77c1 (0.00s)
    --- PASS: FuzzRlp/8e58d6f29dc56bbf546a1a91ce1edb198512f1c9 (0.00s)
    --- PASS: FuzzRlp/8eff7a3af66deef210a48a87229d70dc80682992 (0.00s)
    --- PASS: FuzzRlp/8fcbeb2d6c50ad20f3c196ab9459e2ce0ee067a3 (0.00s)
    --- PASS: FuzzRlp/8ff1528ab1d4acdd34d530556af12eac82706bee (0.00s)
    --- PASS: FuzzRlp/9069ca78e7450a285173431b3e52c5c25299e473 (0.00s)
    --- PASS: FuzzRlp/90a3759778a88cef38ccb23273c82f1dc7d4ea60 (0.00s)
    --- PASS: FuzzRlp/90f9cf5aef0e6495c7306c9d47f78191694f8570 (0.00s)
    --- PASS: FuzzRlp/924b33c314acacbcfcd2c7e23c4adc13c00f6e4f (0.00s)
    --- PASS: FuzzRlp/9296e5b0d468fd24a2662854b5e6c51bec648afd (0.00s)
    --- PASS: FuzzRlp/929be6bcfe62c79ed887137adaca892b33977106 (0.00s)
    --- PASS: FuzzRlp/937763838ca083bf04196ce404307e66e90bf212 (0.00s)
    --- PASS: FuzzRlp/93b8330b616cdc5b41f88eb80f0c4b94cb5cb5d4 (0.00s)
    --- PASS: FuzzRlp/93cff4015ec763a0be61b76408641ae6e4d5be97 (0.00s)
    --- PASS: FuzzRlp/93fb9e4ffc6b377d1aa712b30c3d930a1da93d8b (0.00s)
    --- PASS: FuzzRlp/9433866171751173889ca79cc9150320b4debf87 (0.00s)
    --- PASS: FuzzRlp/9504f81f0e0ef1a4dece0473040e93272ee607b9 (0.00s)
    --- PASS: FuzzRlp/95083da631c311878a16552b670d495bafe195c6 (0.00s)
    --- PASS: FuzzRlp/953cbda50e1509402f2a8040c57d78c0d7603785 (0.00s)
    --- PASS: FuzzRlp/95636bdd100589611c9da493fb84897f29312d4d (0.00s)
    --- PASS: FuzzRlp/95f1ea99c95109bac3c12213855cb4350a9e379d (0.00s)
    --- PASS: FuzzRlp/961822277e29cf7eed00c95258f80b6a780494d3 (0.00s)
    --- PASS: FuzzRlp/966bf06266888f04e8e91022f0783f38fcabd018 (0.00s)
    --- PASS: FuzzRlp/9751633afc48127466e61239df42d1fcff9edb6f (0.00s)
    --- PASS: FuzzRlp/97907bb5ed50970c3c43149bf45fec7a1f90b45e (0.00s)
    --- PASS: FuzzRlp/981c6abec0c0f489245cf56180268d0a199af3cd (0.00s)
    --- PASS: FuzzRlp/9865d067b036022ac4b2c3a3ab06be4276858371 (0.00s)
    --- PASS: FuzzRlp/98d91d97b15fa85de108980b580bba51b7569846 (0.00s)
    --- PASS: FuzzRlp/9947bee7b57b55936c7c34ce03b04c4594f6b5bc (0.00s)
    --- PASS: FuzzRlp/99c37084131577cf6d5f65132b3a436dc56ed797 (0.00s)
    --- PASS: FuzzRlp/9ae1c1aef5564aadb821b199e166bde519c2b424 (0.00s)
    --- PASS: FuzzRlp/9afd3ddd7fd87edf8c36bccc301fc6c217614e66 (0.00s)
    --- PASS: FuzzRlp/9b61df4e4618463609222771b3f74d4e38bf2cb6 (0.00s)
    --- PASS: FuzzRlp/9b880d2908797ca7442d9c5781cf6da471b9a50d (0.00s)
    --- PASS: FuzzRlp/9c29bccb2f03c1e3f837f39c89c333e5d03631d9 (0.00s)
    --- PASS: FuzzRlp/9d9dc861a81cc92b7bbb9b1daff94052fe449e57 (0.00s)
    --- PASS: FuzzRlp/9f3ad0d5d7088f8f761d6fcceee31bbc413f3a89 (0.00s)
    --- PASS: FuzzRlp/9f9f32fad240816d9a9c0c20dd713911cc68a081 (0.00s)
    --- PASS: FuzzRlp/9faa86f9cafc1b0329b489f98d7a7b84bd01da79 (0.00s)
    --- PASS: FuzzRlp/9fb843cbc872cbfca40149b5f6debb47ece9825a (0.00s)
    --- PASS: FuzzRlp/a10d81ad519ae5a022d97e32734e2311034ef2d3 (0.00s)
    --- PASS: FuzzRlp/a1e7d29cdeb8273187cd42749dc58ab1666f210b (0.00s)
    --- PASS: FuzzRlp/a2b78b7221b002f346555aae16cc6b09b93c3892 (0.00s)
    --- PASS: FuzzRlp/a2dfaa6ed00880a8a7748d07b878864e01e1fa4b (0.00s)
    --- PASS: FuzzRlp/a4332e715f09a68ddd85967bb5a6f2a2e33836ec (0.00s)
    --- PASS: FuzzRlp/a5025e6481417638abca7bc3aa2ce3c2de617b8f (0.00s)
    --- PASS: FuzzRlp/a56799acd13cc0b7eb1f4da14d49daa15aa6d5d0 (0.00s)
    --- PASS: FuzzRlp/a5f42790398f2317e0d2b76cd5a50b246a03b30e (0.00s)
    --- PASS: FuzzRlp/a642c1090640275a91ef6e13d4930b7074a94578 (0.00s)
    --- PASS: FuzzRlp/a69c5a1b24f506c33ba24080dddc3dfc214a887e (0.00s)
    --- PASS: FuzzRlp/a717122d5787c6bd0022f9af24c96c353f0beeb0 (0.00s)
    --- PASS: FuzzRlp/a74c1ebe4ba0d4b91790f724770c2c68fd5eac3d (0.00s)
    --- PASS: FuzzRlp/a84735c1c94bd100e70543b726b92778c0c86636 (0.00s)
    --- PASS: FuzzRlp/a85d9a80e99c68127fa0455638832e47bcb41596 (0.00s)
    --- PASS: FuzzRlp/a87b2afc1c58a7cc8e0d23aa3c291d826c708916 (0.00s)
    --- PASS: FuzzRlp/a96ca397e86ea1bbc83f8daa79878b965589b575 (0.00s)
    --- PASS: FuzzRlp/a9acdf2b920798f875a55e94f5a8bba37f460aff (0.00s)
    --- PASS: FuzzRlp/aa451f306850cdcb58824f49b11dd27e1e0ff283 (0.00s)
    --- PASS: FuzzRlp/aacd8a06c49865c5233ce79fced15b09417545a7 (0.00s)
    --- PASS: FuzzRlp/aae0b3f6b1ac61a79e391e557c7ee74b0afe39fa (0.00s)
    --- PASS: FuzzRlp/aae1d60d16c6ac2d4ddbcc8a4ee6f991ae169671 (0.00s)
    --- PASS: FuzzRlp/ab1cd2aa603828dc45cf6776d297094859d86bfb (0.00s)
    --- PASS: FuzzRlp/ac673aee1e902a76783d1479bef44fa0cbbb4304 (0.00s)
    --- PASS: FuzzRlp/ad8c493776ae34a54e85707139f6d8fd13403ade (0.00s)
    --- PASS: FuzzRlp/adc83b19e793491b1c6ea0fd8b46cd9f32e592fc (0.00s)
    --- PASS: FuzzRlp/ae08d2efb19ddea3f8a44d5de359f203d8898b7b (0.00s)
    --- PASS: FuzzRlp/ae1be1b8d7d9d91cec35236265e0ee3cea237df8 (0.00s)
    --- PASS: FuzzRlp/aeb8c656392067b148550e98e08fd82702000ae3 (0.00s)
    --- PASS: FuzzRlp/aecabde3194d2bf27e6c09b44151ed19560fdd26 (0.00s)
    --- PASS: FuzzRlp/aecf22a9a91348b971eed9b15ccae387046cd24f (0.00s)
    --- PASS: FuzzRlp/b08396d552613dc89529932657908baeb7f2473c (0.00s)
    --- PASS: FuzzRlp/b24acd145ad285b9914e26958d84880b3de95cf3 (0.00s)
    --- PASS: FuzzRlp/b26d16192bfd4e86f474ab297e9917db738c5be3 (0.00s)
    --- PASS: FuzzRlp/b2bb96b3a4a2ed6201d4bd35bde596b1d26c52a6 (0.00s)
    --- PASS: FuzzRlp/b3f7a776d5587abd74371b9578b99be6e9bb2087 (0.00s)
    --- PASS: FuzzRlp/b431a1092054302f700d149b3ebccd98604283ca (0.00s)
    --- PASS: FuzzRlp/b5bdcb7519c1bde25e666aa2da1abce75f5de31e (0.00s)
    --- PASS: FuzzRlp/b62fb991cc9dff34d75e07a3952f08582dd64e38 (0.00s)
    --- PASS: FuzzRlp/b66cfed4736ea5b15e9980e4b5afebdb3d6614cf (0.00s)
    --- PASS: FuzzRlp/b686a11572827c2304d536adca2f4b0096750143 (0.00s)
    --- PASS: FuzzRlp/b6cab64e9a4dfd36cde0d6594a0f468e6c8cf7ce (0.00s)
    --- PASS: FuzzRlp/b90b720e90dd95042a27fd3e3c0466db216f169c (0.00s)
    --- PASS: FuzzRlp/b91f7776ad8e528ccbf2da190ffc14446482d547 (0.00s)
    --- PASS: FuzzRlp/baa3f21fd11f478f079758733a5a87e6ff5aa932 (0.00s)
    --- PASS: FuzzRlp/bb556c75affa3bccf38dd11651fe34d830b91194 (0.00s)
    --- PASS: FuzzRlp/bc28c53a37ababe1177333f932023c99e7ad3811 (0.00s)
    --- PASS: FuzzRlp/bd26d291e5999ad5b2ecef01bd53f64fafba8789 (0.00s)
    --- PASS: FuzzRlp/be82f2b482477379a0aacb3510fb09d2ecf724df (0.00s)
    --- PASS: FuzzRlp/be926d231fdf7fb68c1c4e503491d4602d6f59e0 (0.00s)
    --- PASS: FuzzRlp/bf2db6a9346a122a8b9f05e004bc0e0e7970972e (0.00s)
    --- PASS: FuzzRlp/bf79e6649755b4f9e4fcba325ea83e991d5f16f9 (0.00s)
    --- PASS: FuzzRlp/c01d52d9e75cad0cc316938f70d5ea648cd0be0a (0.00s)
    --- PASS: FuzzRlp/c06c2d04b705d7be26b5dc3e31eefb1d79660f5f (0.00s)
    --- PASS: FuzzRlp/c07d035ef693be09e14cc01599179db5b1884977 (0.00s)
    --- PASS: FuzzRlp/c24e8d770c512ee99719792e0a31cbbdb7c5af51 (0.00s)
    --- PASS: FuzzRlp/c2c2803d6d55282906a4c500a4754bd61c38fe5c (0.00s)
    --- PASS: FuzzRlp/c337cbf9a122ce9869645fb3010e2bf58f7e6da1 (0.00s)
    --- PASS: FuzzRlp/c37981fc3c2405c8d15b10dea77a60021831d6e7 (0.00s)
    --- PASS: FuzzRlp/c4ee4bad6cf2612a6c05152a6d91cdfb7c08fe4c (0.00s)
    --- PASS: FuzzRlp/c5ba3fc17a4bfbc030200cc92643db14db034fa9 (0.00s)
    --- PASS: FuzzRlp/c60e81d559c54360fe893899b47e8b7f191c1b83 (0.00s)
    --- PASS: FuzzRlp/c6f3e1d8f9867bba0152a26fcb28f9e3da387ce4 (0.00s)
    --- PASS: FuzzRlp/c789c2263a3de6f4cfeb6eb7eca9eca610b0e29f (0.00s)
    --- PASS: FuzzRlp/c793e1e1e38b75ffb0ad9c692b946bf5f3920b0b (0.00s)
    --- PASS: FuzzRlp/c87d975711e4928b6ae4120c0f1920debea9cadc (0.00s)
    --- PASS: FuzzRlp/c9c85cd80e2b2926b8dd16500e3e3c5103513d5e (0.00s)
    --- PASS: FuzzRlp/cd3f876d6b1f6ccd4ec6965606f2646c762fc665 (0.00s)
    --- PASS: FuzzRlp/cdfd7b4a75700e049e56493ba529d9aff2ecc6e0 (0.00s)
    --- PASS: FuzzRlp/d02af875ce0063231905fba00a21a03e8ee90586 (0.00s)
    --- PASS: FuzzRlp/d04899dc761bc85c8d2d7581ef127f3308888fbd (0.00s)
    --- PASS: FuzzRlp/d1f7496b8ab75750f35f5825eb3eec98fba0da43 (0.00s)
    --- PASS: FuzzRlp/d2b0b5d65d0fc2da756455f219a2ddfef8b60076 (0.00s)
    --- PASS: FuzzRlp/d4459ce257ece26b1a2f30d5f682a6e8d68b5300 (0.00s)
    --- PASS: FuzzRlp/d4c42a87461464279e1952d19e7dff4ebc38e1c6 (0.00s)
    --- PASS: FuzzRlp/d56b3e912942efc97483af6585f3b1feb565ec97 (0.00s)
    --- PASS: FuzzRlp/d6105c63cdf43c5aa6735d154da588133a21907e (0.00s)
    --- PASS: FuzzRlp/d660c02ed8dfe94ced7444a6005c51c0a21aca53 (0.00s)
    --- PASS: FuzzRlp/d6a4792dec9511002b4a41e5c5bcd6aadd633911 (0.00s)
    --- PASS: FuzzRlp/d6c7db0af5509874c7423841280a3b3aaad5d4ee (0.00s)
    --- PASS: FuzzRlp/d6cb5c4f7f71d61f03e10122c5c3b43a0f055ddb (0.00s)
    --- PASS: FuzzRlp/d6e9e627e5581c1bbdcbaf13c70c65b1c7709003 (0.00s)
    --- PASS: FuzzRlp/d7e4adcd88797eac0a28babde8062a4aa7ead7bd (0.00s)
    --- PASS: FuzzRlp/d8c022faf025362bfc2852c263bd77f410474057 (0.00s)
    --- PASS: FuzzRlp/d97b1b8642d1bacf59fa55807a13c40edc59bbf2 (0.00s)
    --- PASS: FuzzRlp/da7ed57466efe4ec6d9eb2d3526c05941d463da9 (0.00s)
    --- PASS: FuzzRlp/da8dac8b52fa635003181fec9c6aff6ddc1076a9 (0.00s)
    --- PASS: FuzzRlp/dbd59e755944153f0c31095a484febf7e110d2fe (0.00s)
    --- PASS: FuzzRlp/dc90cf9e6830d18e37520fe81ee6cb4e3b151f1f (0.00s)
    --- PASS: FuzzRlp/dcebf4b93308fd91962cda16dced57dac014da8a (0.00s)
    --- PASS: FuzzRlp/de1180c9e6bcdce34c701e70f8a647a61902c00f (0.00s)
    --- PASS: FuzzRlp/deb11aed07a126f3227dd02a71c429945be9b444 (0.00s)
    --- PASS: FuzzRlp/def7f6ac23cf98d6e4bfdc7fd2e42b4d7f3dd363 (0.00s)
    --- PASS: FuzzRlp/df284e0f8c1cb5140261667635d1a1f985402bf3 (0.00s)
    --- PASS: FuzzRlp/dfc3f80f8f1da3a349ca53b639a5704516ffc673 (0.00s)
    --- PASS: FuzzRlp/e00671a08546c19cedde66252059188b6d528346 (0.00s)
    --- PASS: FuzzRlp/e092a42b5723126ffe84aa52cd192bebde90f5dc (0.00s)
    --- PASS: FuzzRlp/e0ff7fbcfe26d4571db3c4f7f4ffc5e014b8e855 (0.00s)
    --- PASS: FuzzRlp/e1b0f07051dacd9be7d8b68a107c2f77cd4a80a9 (0.00s)
    --- PASS: FuzzRlp/e1e27ac50ea9953a0c6df4c9d8942b81ccf33cb6 (0.00s)
    --- PASS: FuzzRlp/e23f178b28d1ab7f5b11da9010ada841ec357cfb (0.00s)
    --- PASS: FuzzRlp/e262319a56e23041c6c5804dccdd6ce8ce066039 (0.00s)
    --- PASS: FuzzRlp/e28f8ecd2baee51c72cd1022d80b0a54d0338308 (0.00s)
    --- PASS: FuzzRlp/e2eb0501abe27cb15d91c50770c62175efa0cea4 (0.00s)
    --- PASS: FuzzRlp/e393d3208b774ae3416ceb8fcd6fc9efe485802e (0.00s)
    --- PASS: FuzzRlp/e4300f4fdd18f209ca082e3e7658bd3cf6747ca2 (0.00s)
    --- PASS: FuzzRlp/e52203028809a841366445959715e85d6862ed25 (0.00s)
    --- PASS: FuzzRlp/e599f7743a69b82dc677c0dad3b28b29e10e2fe4 (0.00s)
    --- PASS: FuzzRlp/e99b4f0215ea613efe7e950ab80daacf01aac525 (0.00s)
    --- PASS: FuzzRlp/eaffebaf886c92c2009940e076a988df6090a4c7 (0.00s)
    --- PASS: FuzzRlp/ed65c031736786497d51ef8bad0b437cf7a1e443 (0.00s)
    --- PASS: FuzzRlp/ed8a15959e6e12919995c08b0522bc48332dd0f8 (0.00s)
    --- PASS: FuzzRlp/ee35b357982bbb88d5afc36f5ee491f66d055eda (0.00s)
    --- PASS: FuzzRlp/eebd0eee043486eadd51603bec9facc18e1d3496 (0.00s)
    --- PASS: FuzzRlp/ef7502a5163243a8224749c9b439d791767f7429 (0.00s)
    --- PASS: FuzzRlp/efdaf5bb1ad730a950f5313fc086c0c78611e03e (0.00s)
    --- PASS: FuzzRlp/f202ff5580047d4a3cf6f9aa8249c40d23005834 (0.00s)
    --- PASS: FuzzRlp/f2560499c8c36cd97969ea56496f1ed21eae4b92 (0.00s)
    --- PASS: FuzzRlp/f28dd4eb3e8a8e579eef544a172313df45156713 (0.00s)
    --- PASS: FuzzRlp/f3553431052f5a4589f4b3b4c9d5583f5b6c314a (0.00s)
    --- PASS: FuzzRlp/f386469188b92f1fc694b1c28cb998c9ebef0b50 (0.00s)
    --- PASS: FuzzRlp/f3901691c536a58287da5afab3a2426be42fc0ef (0.00s)
    --- PASS: FuzzRlp/f3fb0b7451f78f922e1a15a1723d90c61661226a (0.00s)
    --- PASS: FuzzRlp/f40e23633a42730ada45e862cf5d0fcfc935fba2 (0.00s)
    --- PASS: FuzzRlp/f4f6c3aeb25b14d0e6d317f84cc5e7b6058a0453 (0.00s)
    --- PASS: FuzzRlp/f66093aa34d08297f508e2ba35707764c600d29e (0.00s)
    --- PASS: FuzzRlp/f6b88b8d1bf26e6d3ac0ce062cc417aa0d0e6ead (0.00s)
    --- PASS: FuzzRlp/f7acd4a0db948af2ca02ec4268177171b90f4c25 (0.00s)
    --- PASS: FuzzRlp/f7ea732c75cb8d47c66a8dc5e92db0b9c6a4b242 (0.00s)
    --- PASS: FuzzRlp/f827fad5ed1cacd5c4dca5ae6db60bb7e3b2dadd (0.00s)
    --- PASS: FuzzRlp/f903b8506cf6542544121ec0690d00a71d09a7b4 (0.00s)
    --- PASS: FuzzRlp/f93ff8c2b0e94ef7d18f7e2e3111a21dab896da9 (0.00s)
    --- PASS: FuzzRlp/f9a33e418219304dda8315010ee6355f7da92ee8 (0.00s)
    --- PASS: FuzzRlp/f9f7a0f786a0dae97fcb68252ad333a81d28f0c4 (0.00s)
    --- PASS: FuzzRlp/fae23505bc529f3bc4e21cb4f7ff41b467a07f75 (0.00s)
    --- PASS: FuzzRlp/fb4bc8040611b1daa8bb4e7f1ceb72f9ddef65f2 (0.00s)
    --- PASS: FuzzRlp/fb4cef4f28d07b3a00030de8d2faebd1f6fa2a9d (0.00s)
    --- PASS: FuzzRlp/fc23ef29fddca6ea293e3946e743ad2225fac8eb (0.00s)
    --- PASS: FuzzRlp/fc4d72f10d84fad810e36420622fe45f4beecfce (0.00s)
    --- PASS: FuzzRlp/fcd901aeff02aecc1d8b4907a003dcc95be226bb (0.00s)
    --- PASS: FuzzRlp/fcfb0ccd6279765c8b92d37e3ef9e297719bbafb (0.00s)
    --- PASS: FuzzRlp/fd352bb6abe0fd8fcc412136f7a9b01885e48693 (0.00s)
    --- PASS: FuzzRlp/fd51801d49749140a1efa2e5fb165ba9c122938c (0.00s)
    --- PASS: FuzzRlp/fdd3a6b4455e87ec81bf0703756b6d712d008839 (0.00s)
    --- PASS: FuzzRlp/fdf99eb686ead7dfc4d07aa2574aeb37857362db (0.00s)
    --- PASS: FuzzRlp/fe3a060861fe7cce9a5f2b54356c953bff2567ef (0.00s)
    --- PASS: FuzzRlp/fe86cc41c2f11422c9a5e80559745029844db655 (0.00s)
PASS
coverage: 93.6% of statements
ok  	github.com/morph-l2/go-ethereum/tests/fuzzers/rlp	0.046s	coverage: 93.6% of statements
