=== RUN   TestFuzzer
--- PASS: TestFuzzer (0.01s)
=== RUN   FuzzSecp256k1
=== RUN   FuzzSecp256k1/0018bbe0c4df8598aafca519e61963219e82b7fc
=== RUN   FuzzSecp256k1/003913654f8144068a97998144985e912bc11ae8
=== RUN   FuzzSecp256k1/00ff1e5b54f168634a891acefa76486eb0f09172
=== RUN   FuzzSecp256k1/03ad717116f2f5cadfd2ea7bb531999bae22f89d
=== RUN   FuzzSecp256k1/047d03427a45fbc81cf081825707864093c8bfe8
=== RUN   FuzzSecp256k1/048da94f047d06b03da821351ac734b075b80cbe
=== RUN   FuzzSecp256k1/04c3c3dc58a3de18bd969e970911b5165ca09ea9
=== RUN   FuzzSecp256k1/04eaa84193647bda412aadfe4fcfd0c2c8753fa8
=== RUN   FuzzSecp256k1/0553f7adfa63e24c06d195ba625a613316090275
=== RUN   FuzzSecp256k1/0699e16be7537eb37ee98814e4330b801722c6c1
=== RUN   FuzzSecp256k1/06ae3b10169b208d6d57fd07bc12507fbdb1b193
=== RUN   FuzzSecp256k1/06e6975c993f5ed78de4578aa92034073398bc8f
=== RUN   FuzzSecp256k1/096796033fc972d7d140f37764d6d18c5d6113ee
=== RUN   FuzzSecp256k1/0acbf41d71d900374b44b0ad4f727a83b6de3b2c
=== RUN   FuzzSecp256k1/0b612e4b93be86d67694fab2e1f5023d0ef89c18
=== RUN   FuzzSecp256k1/0c0d558babb0e66c06a986784134c9c0bd8ff2ce
=== RUN   FuzzSecp256k1/0d65b1a44a3724a2438c5e347f784f44a15850b6
=== RUN   FuzzSecp256k1/0f6c2b76ba23f64bd9911b51876160d5ab68410b
=== RUN   FuzzSecp256k1/10208c3e243cb73cbe59ae86a07f7f9361f880fd
=== RUN   FuzzSecp256k1/119a70fb6bf94486d02112d63d1c46c590fff57f
=== RUN   FuzzSecp256k1/11e0a7b54ebcb34c288ea69f2a8368273fbee31c
=== RUN   FuzzSecp256k1/13b770d966ab2f3326ca087f9e941a1f4eca4278
=== RUN   FuzzSecp256k1/1432cd37a146350719dc53bf9a3babf6d4d7c350
=== RUN   FuzzSecp256k1/14e95210e52943e8c671284b611dfbe399ec4ed5
=== RUN   FuzzSecp256k1/15a2dc534f4e82e7bc18eb01bc0744cf1c88ec95
=== RUN   FuzzSecp256k1/165c3c22c1b434d2be949fd30f428bfcbd6f3e62
=== RUN   FuzzSecp256k1/1674275f5bade543d386275c537015fceca4b6a0
=== RUN   FuzzSecp256k1/17c37799c3868f8a004fad5406ad5af17c1e5aa7
=== RUN   FuzzSecp256k1/1bfdf6491da04666ba1423612c28182ac12eb4ea
=== RUN   FuzzSecp256k1/1c2e515e69c412545a68c2a753ab911b12a1209c
=== RUN   FuzzSecp256k1/1c983debdb3c0a465bab33bec0c36404cfae045c
=== RUN   FuzzSecp256k1/1ccd3b684a481078cac5cf0d398c1b460d06e91c
=== RUN   FuzzSecp256k1/1e5ffa158c60c34b58fa6f9d9eec2111bed77d95
=== RUN   FuzzSecp256k1/217c8727c70e5c54f09c8da302e5c053009cd9ec
=== RUN   FuzzSecp256k1/21a5d664abb85a5f32baa732181eae621bdca231
=== RUN   FuzzSecp256k1/21d9fe1eeceec9580c3c32393edba22e4a89b94b
=== RUN   FuzzSecp256k1/22143077635b1515e16588f68aeb934982b65f70
=== RUN   FuzzSecp256k1/22b1391945587e02de2129ae5ee163dc9fa15ade
=== RUN   FuzzSecp256k1/241ab8af643ce41be66332a9024c4c92cd7ff04e
=== RUN   FuzzSecp256k1/2543ae717f7ef86d3068dbe1200da2b7f815bc6b
=== RUN   FuzzSecp256k1/25c74e471faf9f7c2278d4eb8705aa472f4d8bed
=== RUN   FuzzSecp256k1/2618ac32e8391c4846f2c609800ae555e7cf5a7d
=== RUN   FuzzSecp256k1/2689029dd2179a635566e7bbb9e345994bbc669c
=== RUN   FuzzSecp256k1/26aa5f71cc5eab03facbc3909bf83413781b54c5
=== RUN   FuzzSecp256k1/276b39cab879f110b26ce8db11f4ac57546f493c
=== RUN   FuzzSecp256k1/29033d5c93f097ebf72fe7749642021a4bf81bd8
=== RUN   FuzzSecp256k1/2bb631f14329b91b4c061694f96258932ed0b9b3
=== RUN   FuzzSecp256k1/2d823e400febe23e034a437faa54a61aa8cdfebc
=== RUN   FuzzSecp256k1/2d86ababaf5885c846edb33fee1228e806a28745
=== RUN   FuzzSecp256k1/2dca0cbc7fba9b944e5d22ed2a444ca5a977102f
=== RUN   FuzzSecp256k1/2ed3ce0129a65472a50d8ed6f9e08b4d993799fc
=== RUN   FuzzSecp256k1/2f4e9abe5b5119a3fa8aa0b11135121e1d702cee
=== RUN   FuzzSecp256k1/2f9a2b88f9ee05f72f0db449439b68be46516151
=== RUN   FuzzSecp256k1/30d31977f7b5b79e5685c11d2d734fdd09d812e0
=== RUN   FuzzSecp256k1/310bf4de15c711e5c75e211d56c88ac3cd0dfc32
=== RUN   FuzzSecp256k1/31b70cf9a2ebdd90ff48b55392bdf6bb183f5aa1
=== RUN   FuzzSecp256k1/3317e1df52a15cb69a6ab14a2775a3a6fd1eccfa
=== RUN   FuzzSecp256k1/33a751c0191522f5e53eee8e39c456b893f9396a
=== RUN   FuzzSecp256k1/35439d8c60e24b8416a6c367b0d08269ffb76b25
=== RUN   FuzzSecp256k1/3664f6a4b8850370dc732e144de735759777c397
=== RUN   FuzzSecp256k1/38e6c30b90d686fb7147fa509724296c45304b5f
=== RUN   FuzzSecp256k1/39aa04cdd311ea9a6a27013c1217aa8239664b1e
=== RUN   FuzzSecp256k1/3ca6fb46aca28af9b38d0eee68d0503f7ceface8
=== RUN   FuzzSecp256k1/3d2ed4359854759d09828d3ac110591304ff4a42
=== RUN   FuzzSecp256k1/3ddf4c31c632e9e6fd882047d657e87d4640c209
=== RUN   FuzzSecp256k1/3e4ae2a372600d2a2b72d3475b4593689e544308
=== RUN   FuzzSecp256k1/3f2e60240bfabed6723cc68df326b95edf623dd5
=== RUN   FuzzSecp256k1/404894083039aa1dfff319fe68fe6db104c5bb1f
=== RUN   FuzzSecp256k1/4091cb013744d46a3e32878350094bb4e20fe5d0
=== RUN   FuzzSecp256k1/41b2532b6cb3f6a502b5882b375da4333f8ce96a
=== RUN   FuzzSecp256k1/42a5835f5e5cf4b5abf64b5e85d924aa0d1884a5
=== RUN   FuzzSecp256k1/442530af8e6df1ef93b24a27efa751fbc08664a0
=== RUN   FuzzSecp256k1/44f0f44c72a3ab8e494a73c0c4997ba8b8140969
=== RUN   FuzzSecp256k1/46aeb7b8e0cc6635735e1772f00b40cba6a0c5c0
=== RUN   FuzzSecp256k1/48c675e9c49402ad1093c68f258da57f3b29a37a
=== RUN   FuzzSecp256k1/48e2b07e3a20f29fad145eaa058a0ba926c0f891
=== RUN   FuzzSecp256k1/4b6164b37c2720e87f7a4c89ef075a93bdd521d4
=== RUN   FuzzSecp256k1/5121ba2a60dfb01f50ee0297c957459a63c41808
=== RUN   FuzzSecp256k1/512637a41e9371073e8612ccda4f0d78be092dfc
=== RUN   FuzzSecp256k1/52c70265c53e5b838aa48a786d3549e496aae756
=== RUN   FuzzSecp256k1/53f3e67368cdc00d0d0c9b97994d14579c040015
=== RUN   FuzzSecp256k1/54d2d6dabdc136a7b39b049c7b7422c5181b575c
=== RUN   FuzzSecp256k1/561339a2e8608d30689b0df06ed273685b48a3ae
=== RUN   FuzzSecp256k1/56b2e689fb0786a214b22e40acac55a4fd8a0428
=== RUN   FuzzSecp256k1/58336bf6853629013510c629f0f54377a7b11b09
=== RUN   FuzzSecp256k1/5882c75387fdd9addef9fb5bc7cead95db58c2c1
=== RUN   FuzzSecp256k1/58c25136545648692cdee1ccc3289be75c84551f
=== RUN   FuzzSecp256k1/58e715a1eed27ee42109bf30521387348ebcafe4
=== RUN   FuzzSecp256k1/5aa0dcd774be452dfaff616331e39496fec8528c
=== RUN   FuzzSecp256k1/5bdee0aa938d54a78b809d8a9fdb5cc7830dbaf0
=== RUN   FuzzSecp256k1/5cbe6eb3252c412d868a6da25c3d20922c7212de
=== RUN   FuzzSecp256k1/627d596b5ad6ab8c63885cac8af3b2fdd7a3b95b
=== RUN   FuzzSecp256k1/6281e31a1cc4ba8a0f4146d0d231e8275f263545
=== RUN   FuzzSecp256k1/62e3141c9e17e12d9412f68869589f48315f4c0b
=== RUN   FuzzSecp256k1/631c1b53715ca7902ed4a006b09e25bbc6ac0487
=== RUN   FuzzSecp256k1/6378ee53d3ac8bd9ac49c848288f7e2e135c8e41
=== RUN   FuzzSecp256k1/63fa18a965eeb8d365ed5db3957050dc5764f4f4
=== RUN   FuzzSecp256k1/6504e9d5cec7bc20877b6a6d8809301c8001fcd2
=== RUN   FuzzSecp256k1/6560fabc73190843783505c10af71d4620816ac1
=== RUN   FuzzSecp256k1/6750dd1eb0446a86162c34468928c6546fe87d81
=== RUN   FuzzSecp256k1/67c8ee849b2dd67d1d1ab6cee70bc65444f0a7b7
=== RUN   FuzzSecp256k1/68ee0c5ef650aac27eedd1a500a2dc3c2d33a156
=== RUN   FuzzSecp256k1/6ca6e0e6f3b30ac0f909b5487929afeb40856069
=== RUN   FuzzSecp256k1/6ce3053de33d7f2e62bc320a556346d79168955e
=== RUN   FuzzSecp256k1/6cf30536f2d38592e5f9f9f598dad01b6a7ce49a
=== RUN   FuzzSecp256k1/6f30ca37574bc737f3dca991860f46ebddcff2a3
=== RUN   FuzzSecp256k1/703243d10ca00b5033cc1ec7043c4a2343a598a2
=== RUN   FuzzSecp256k1/70f5462c8258f9adf505837ad1fa1757a14e66e9
=== RUN   FuzzSecp256k1/71853c6197a6a7f222db0f1978c7cb232b87c5ee
=== RUN   FuzzSecp256k1/73bf044dcd93880da62a3ff1db309177694b5a77
=== RUN   FuzzSecp256k1/744f60a3295b7c50c3d4c685804ba4e551cd6f35
=== RUN   FuzzSecp256k1/745834efad70e133c67f406d04f41f921fdec4cf
=== RUN   FuzzSecp256k1/75c19942fa931c70e1f5ea199427106858e100f8
=== RUN   FuzzSecp256k1/75f4fec872899b35962c6ebd097af91d85173683
=== RUN   FuzzSecp256k1/7600f4737990880da95d1e76983bbbf5769851b1
=== RUN   FuzzSecp256k1/765beee6c793a72bb858afc57c452936784fa1a0
=== RUN   FuzzSecp256k1/76b7390330cbaa4a9051fe3557b46416c0d9e2a1
=== RUN   FuzzSecp256k1/78480d9a9ff0c4ef6e50c3eb09f2dddc4a62cb08
=== RUN   FuzzSecp256k1/79fd1cb6f541b76c3777a864b7e87c42a123553d
=== RUN   FuzzSecp256k1/7a8e77197bc9360b7cf5f253a1b0a078393c5e1d
=== RUN   FuzzSecp256k1/7ab65001070836af73adc60fb03357ee3ef4e0e3
=== RUN   FuzzSecp256k1/7dd6c2ed1828bacee6522317f6f7440ddb08ebcd
=== RUN   FuzzSecp256k1/7e3a123d584e16ecea76138e6e84955398111bb5
=== RUN   FuzzSecp256k1/7e5584313fa51ab6ed40743447856c4acf694499
=== RUN   FuzzSecp256k1/7f12c4f6c2c07f789b1629e5ece5b12bca61365e
=== RUN   FuzzSecp256k1/805da2cfba923afd80fce433ee4f9d48fa4ca80d
=== RUN   FuzzSecp256k1/81063a0277357f59c20a8f98273d766cb33073fd
=== RUN   FuzzSecp256k1/828e15130e3f0f6c70aa65e1dcebd5498f8733a9
=== RUN   FuzzSecp256k1/845ec94fd27978f2a9fb8d1f0d5c6fb892438a46
=== RUN   FuzzSecp256k1/867d87ba8c5610a3c309a32a867eb86023674a5f
=== RUN   FuzzSecp256k1/8680633fa1773da3935de8b02a1cfc78729ad4cb
=== RUN   FuzzSecp256k1/87a6cd5b4a1de0f1fc29d34bf610b3c50fb4a597
=== RUN   FuzzSecp256k1/87bb609dccad7c2722e474e5c9fdcdb91bef8d61
=== RUN   FuzzSecp256k1/8bf149131fdb5c0e58d4d65e88178f41a7635d9a
=== RUN   FuzzSecp256k1/8eb850378727e4d14dd36a84cd4f203b97abef6a
=== RUN   FuzzSecp256k1/8f86ea07a11a31320cec53ecee4d6cd349645e8a
=== RUN   FuzzSecp256k1/9009a93c4bc6ba29db8037c4b3bd69b6b16ce36b
=== RUN   FuzzSecp256k1/9069ca78e7450a285173431b3e52c5c25299e473
=== RUN   FuzzSecp256k1/92a31273dd8b79d06213f80e8fa13ada6746b497
=== RUN   FuzzSecp256k1/945c0a179f8ab84038d904dc1bcf3b92361d87f2
=== RUN   FuzzSecp256k1/94b28eab29ed1b81a58ce8cab11ab52bc0853c0d
=== RUN   FuzzSecp256k1/96995e531f2ce74474ea4e64bbc140fe283d1f65
=== RUN   FuzzSecp256k1/985f242ba739596d775a48190b254d7cb58b9baa
=== RUN   FuzzSecp256k1/99cfb00c6ecedba81b9281819e293e2d9d890830
=== RUN   FuzzSecp256k1/9a60251a5323ea2fa5b04e219c081377f24d5259
=== RUN   FuzzSecp256k1/9bc3378f22d574aaa1df68f7b6b013e15142a199
=== RUN   FuzzSecp256k1/9dcd1552d0546fcee3c58f03e404735eb16b7552
=== RUN   FuzzSecp256k1/9e3a2999b2385b9aac8848ac9c073791a8f63b40
=== RUN   FuzzSecp256k1/9fd15737f266a31fec1add73f15a639246621639
=== RUN   FuzzSecp256k1/a00d1cff3dc9b6ebb5dc19fda6197c28f1df380e
=== RUN   FuzzSecp256k1/a12210e299a259d396ddf50b03d2f0df370f02c3
=== RUN   FuzzSecp256k1/a39a56f61f46ebd314374db98f9032eaf8843bd8
=== RUN   FuzzSecp256k1/a56d1745c62278b1ed6af2a0b674ec3c0722ac81
=== RUN   FuzzSecp256k1/a5d5aaa8d06b896fd1523c0efc0786d1ea21230a
=== RUN   FuzzSecp256k1/a5eef84b726281a294b273a1377eaa8f74293c14
=== RUN   FuzzSecp256k1/a628d42802d4e8aa6219a2371cfcc61bf8557086
=== RUN   FuzzSecp256k1/a6d1f6c282f18b689eb17878419814a45a3c5b88
=== RUN   FuzzSecp256k1/a6f2cc81c7a92720ae1842f2ecc18d58a5b76aab
=== RUN   FuzzSecp256k1/a782ae9470a9995b2147f438736acb260db41669
=== RUN   FuzzSecp256k1/a9fc0ca75ee7e424b9502cc02d4ed207acc43197
=== RUN   FuzzSecp256k1/aa70427a43eb6d7f0142501bb2b7914a259fb967
=== RUN   FuzzSecp256k1/aaabe8e1058378ec08a5dab3e2b762a7ff8a85c4
=== RUN   FuzzSecp256k1/aad89acfb9f65ec792d8fcdae10dd6633e0aa4d8
=== RUN   FuzzSecp256k1/adaa3c136cb480bcf1b549ef562e08482ad198bb
=== RUN   FuzzSecp256k1/adb61c4983ceb0e9104d6c3ae623deecc93c48e0
=== RUN   FuzzSecp256k1/adc83b19e793491b1c6ea0fd8b46cd9f32e592fc
=== RUN   FuzzSecp256k1/ae717a95fa6fab66b2fba6c83d3b1b54f3234ac3
=== RUN   FuzzSecp256k1/ae99711c0fb087791d827fd61af8f249ccf5d610
=== RUN   FuzzSecp256k1/aef0e6e8f8ba41f920da14a837746bdce3f38556
=== RUN   FuzzSecp256k1/b2623a2ad14c1af802be7905553597ba5bd6a07e
=== RUN   FuzzSecp256k1/b285c192d316c08b1bed530906a935cbeb80a2ec
=== RUN   FuzzSecp256k1/b333119560b62a8181d0cf40054c376e893a0c2d
=== RUN   FuzzSecp256k1/b363d8e3aa2f3e53d0518a49dcaa56aad6c6eae2
=== RUN   FuzzSecp256k1/b4e9c97630941ac04afaaa0a4e932b03ea3f7d6d
=== RUN   FuzzSecp256k1/b58d0d3e85c6fba78d569822d6b03f988bc26c91
=== RUN   FuzzSecp256k1/b70c8c33ebab137757813cdb69cc127de06cfa95
=== RUN   FuzzSecp256k1/ba21aaefaf9ccd44d7e9fd0a80d02cf8e3731f9d
=== RUN   FuzzSecp256k1/bada59ab95e460a3a81a136554e45753d44fdb3f
=== RUN   FuzzSecp256k1/bb298d6e187a32ad530e05ae7355915060fc9da9
=== RUN   FuzzSecp256k1/bc406d4901bd2a4cc5378667f80e81ef7f9a695a
=== RUN   FuzzSecp256k1/bff69579028c737e52176fdb4d2d6f813c1ce8ec
=== RUN   FuzzSecp256k1/c18f6735c53ce006d549caf58d5eaded54660d82
=== RUN   FuzzSecp256k1/c43b7dc9df1bd0f993d74cc262f316f241a6ac85
=== RUN   FuzzSecp256k1/c71e9ef9214d8180fa01340eef6c091d42aee8ac
=== RUN   FuzzSecp256k1/c89e80ae9f85091b049b271dffb7719c56313eec
=== RUN   FuzzSecp256k1/cd6f8a532cbeaac6531f3e0a31e1ab3f748c71e4
=== RUN   FuzzSecp256k1/ce39a35080fe5d0d55ae532f3f4279994b17e800
=== RUN   FuzzSecp256k1/d0543a69edb00638fea990d6a1f83d36e90214e3
=== RUN   FuzzSecp256k1/d0cfc59dd3ab6713e5c041fbee285ad2ed077d0d
=== RUN   FuzzSecp256k1/d1cf0ada2408ec4eeb6a79d290d282bd5523c352
=== RUN   FuzzSecp256k1/d200aea702fca8a4def6beff6e621f5ed3570da8
=== RUN   FuzzSecp256k1/d2c148dffcbc723410477683bb5d473f64a4011b
=== RUN   FuzzSecp256k1/d67282f0e9533909e48d16aa0ccb3e408c15f3f2
=== RUN   FuzzSecp256k1/d68b74afdbe0baeda83a6f7fc3b54997c8680059
=== RUN   FuzzSecp256k1/d83ac18b44eb64c8b7a06705f7c8a74d4ce1c372
=== RUN   FuzzSecp256k1/d9a2faec73ddc005667b406e6d6f822da44b72f5
=== RUN   FuzzSecp256k1/da1740775ee3e3b938cdf63ee1ae31188a09e5d6
=== RUN   FuzzSecp256k1/daab2b567a8b47a9bed6176626da770b3b2ffb80
=== RUN   FuzzSecp256k1/dc870f22324650d016f08026d26dd0c5d3fec790
=== RUN   FuzzSecp256k1/de21ad7d5152c588a2ab76c6670d34776550b0fe
=== RUN   FuzzSecp256k1/df0171e08b5acd0321efbd73b79fbf5e6ca10410
=== RUN   FuzzSecp256k1/e13a971c475a5a4b18d21784db920fa828345a6f
=== RUN   FuzzSecp256k1/e3e32233c4859a1a971a7c40356e499e5842f23d
=== RUN   FuzzSecp256k1/e529a5aa6cbfad9511922c5808bad6068553458c
=== RUN   FuzzSecp256k1/e618e77638d3ecaece120731f99a8fa79204bcec
=== RUN   FuzzSecp256k1/e7b4802700bf4b5f56a5f6eee99b0b9c421b1fa5
=== RUN   FuzzSecp256k1/e842304a095ff48a5cf948738dfdf5a70a4b4021
=== RUN   FuzzSecp256k1/e8c9fda53758f49dfff8e71997116e40b4ec76df
=== RUN   FuzzSecp256k1/e931cb6c911c80ca119bde239d220c1f6580d3ba
=== RUN   FuzzSecp256k1/ea96c8c8ab82411f16c53b79eb1d578eff5254d6
=== RUN   FuzzSecp256k1/eb0b3c4ccd64477fa2a54906e9e96bf8fc42951f
=== RUN   FuzzSecp256k1/ec1541ad87c83989dbc694d855572c16e086338a
=== RUN   FuzzSecp256k1/eca41acb1823462205d594a60b16df8faaa531be
=== RUN   FuzzSecp256k1/ed4cd4dab937c56d4db443f9948af0130a345573
=== RUN   FuzzSecp256k1/f0a5dbbe8bdf7f6e21954f8c7a5b3bc3110b0ab5
=== RUN   FuzzSecp256k1/f1b460a961642e4d4aff22832511adabae5aa837
=== RUN   FuzzSecp256k1/f25ba698cd0956dce84a59502bd4c01dfdd596a3
=== RUN   FuzzSecp256k1/f266167f932d41a55d34b52825585d6671c46e7a
=== RUN   FuzzSecp256k1/f3a0d81efa6e7ce02b4b58d5e602c4994eb1a6e8
=== RUN   FuzzSecp256k1/f5185ef3f8debe6c32de48524860c71bf28b556f
=== RUN   FuzzSecp256k1/f5a1719b6664f942806b5655a9a2aca1ef33075e
=== RUN   FuzzSecp256k1/f707088f35aec07bf9b7db947034ad832e01c190
=== RUN   FuzzSecp256k1/f8ae109cbd01842c6a9562e629c9b890008ed017
=== RUN   FuzzSecp256k1/fda673b89a7e00bc2c4a7ac9259795b3857c0ab7
=== RUN   FuzzSecp256k1/fe7430adc339f6d7297e8b13c6ffc748bdba8915
=== RUN   FuzzSecp256k1/ff124e30298b2aa5acf5292b420eb3a62d354d16
--- PASS: FuzzSecp256k1 (0.04s)
    --- PASS: FuzzSecp256k1/0018bbe0c4df8598aafca519e61963219e82b7fc (0.00s)
    --- PASS: FuzzSecp256k1/003913654f8144068a97998144985e912bc11ae8 (0.00s)
    --- PASS: FuzzSecp256k1/00ff1e5b54f168634a891acefa76486eb0f09172 (0.00s)
    --- PASS: FuzzSecp256k1/03ad717116f2f5cadfd2ea7bb531999bae22f89d (0.00s)
    --- PASS: FuzzSecp256k1/047d03427a45fbc81cf081825707864093c8bfe8 (0.00s)
    --- PASS: FuzzSecp256k1/048da94f047d06b03da821351ac734b075b80cbe (0.00s)
    --- PASS: FuzzSecp256k1/04c3c3dc58a3de18bd969e970911b5165ca09ea9 (0.00s)
    --- PASS: FuzzSecp256k1/04eaa84193647bda412aadfe4fcfd0c2c8753fa8 (0.00s)
    --- PASS: FuzzSecp256k1/0553f7adfa63e24c06d195ba625a613316090275 (0.00s)
    --- PASS: FuzzSecp256k1/0699e16be7537eb37ee98814e4330b801722c6c1 (0.00s)
    --- PASS: FuzzSecp256k1/06ae3b10169b208d6d57fd07bc12507fbdb1b193 (0.00s)
    --- PASS: FuzzSecp256k1/06e6975c993f5ed78de4578aa92034073398bc8f (0.00s)
    --- PASS: FuzzSecp256k1/096796033fc972d7d140f37764d6d18c5d6113ee (0.00s)
    --- PASS: FuzzSecp256k1/0acbf41d71d900374b44b0ad4f727a83b6de3b2c (0.00s)
    --- PASS: FuzzSecp256k1/0b612e4b93be86d67694fab2e1f5023d0ef89c18 (0.00s)
    --- PASS: FuzzSecp256k1/0c0d558babb0e66c06a986784134c9c0bd8ff2ce (0.00s)
    --- PASS: FuzzSecp256k1/0d65b1a44a3724a2438c5e347f784f44a15850b6 (0.00s)
    --- PASS: FuzzSecp256k1/0f6c2b76ba23f64bd9911b51876160d5ab68410b (0.00s)
    --- PASS: FuzzSecp256k1/10208c3e243cb73cbe59ae86a07f7f9361f880fd (0.00s)
    --- PASS: FuzzSecp256k1/119a70fb6bf94486d02112d63d1c46c590fff57f (0.00s)
    --- PASS: FuzzSecp256k1/11e0a7b54ebcb34c288ea69f2a8368273fbee31c (0.00s)
    --- PASS: FuzzSecp256k1/13b770d966ab2f3326ca087f9e941a1f4eca4278 (0.00s)
    --- PASS: FuzzSecp256k1/1432cd37a146350719dc53bf9a3babf6d4d7c350 (0.00s)
    --- PASS: FuzzSecp256k1/14e95210e52943e8c671284b611dfbe399ec4ed5 (0.00s)
    --- PASS: FuzzSecp256k1/15a2dc534f4e82e7bc18eb01bc0744cf1c88ec95 (0.00s)
    --- PASS: FuzzSecp256k1/165c3c22c1b434d2be949fd30f428bfcbd6f3e62 (0.00s)
    --- PASS: FuzzSecp256k1/1674275f5bade543d386275c537015fceca4b6a0 (0.00s)
    --- PASS: FuzzSecp256k1/17c37799c3868f8a004fad5406ad5af17c1e5aa7 (0.00s)
    --- PASS: FuzzSecp256k1/1bfdf6491da04666ba1423612c28182ac12eb4ea (0.00s)
    --- PASS: FuzzSecp256k1/1c2e515e69c412545a68c2a753ab911b12a1209c (0.00s)
    --- PASS: FuzzSecp256k1/1c983debdb3c0a465bab33bec0c36404cfae045c (0.00s)
    --- PASS: FuzzSecp256k1/1ccd3b684a481078cac5cf0d398c1b460d06e91c (0.00s)
    --- PASS: FuzzSecp256k1/1e5ffa158c60c34b58fa6f9d9eec2111bed77d95 (0.00s)
    --- PASS: FuzzSecp256k1/217c8727c70e5c54f09c8da302e5c053009cd9ec (0.00s)
    --- PASS: FuzzSecp256k1/21a5d664abb85a5f32baa732181eae621bdca231 (0.00s)
    --- PASS: FuzzSecp256k1/21d9fe1eeceec9580c3c32393edba22e4a89b94b (0.00s)
    --- PASS: FuzzSecp256k1/22143077635b1515e16588f68aeb934982b65f70 (0.00s)
    --- PASS: FuzzSecp256k1/22b1391945587e02de2129ae5ee163dc9fa15ade (0.00s)
    --- PASS: FuzzSecp256k1/241ab8af643ce41be66332a9024c4c92cd7ff04e (0.00s)
    --- PASS: FuzzSecp256k1/2543ae717f7ef86d3068dbe1200da2b7f815bc6b (0.00s)
    --- PASS: FuzzSecp256k1/25c74e471faf9f7c2278d4eb8705aa472f4d8bed (0.00s)
    --- PASS: FuzzSecp256k1/2618ac32e8391c4846f2c609800ae555e7cf5a7d (0.00s)
    --- PASS: FuzzSecp256k1/2689029dd2179a635566e7bbb9e345994bbc669c (0.00s)
    --- PASS: FuzzSecp256k1/26aa5f71cc5eab03facbc3909bf83413781b54c5 (0.00s)
    --- PASS: FuzzSecp256k1/276b39cab879f110b26ce8db11f4ac57546f493c (0.00s)
    --- PASS: FuzzSecp256k1/29033d5c93f097ebf72fe7749642021a4bf81bd8 (0.00s)
    --- PASS: FuzzSecp256k1/2bb631f14329b91b4c061694f96258932ed0b9b3 (0.00s)
    --- PASS: FuzzSecp256k1/2d823e400febe23e034a437faa54a61aa8cdfebc (0.00s)
    --- PASS: FuzzSecp256k1/2d86ababaf5885c846edb33fee1228e806a28745 (0.00s)
    --- PASS: FuzzSecp256k1/2dca0cbc7fba9b944e5d22ed2a444ca5a977102f (0.00s)
    --- PASS: FuzzSecp256k1/2ed3ce0129a65472a50d8ed6f9e08b4d993799fc (0.00s)
    --- PASS: FuzzSecp256k1/2f4e9abe5b5119a3fa8aa0b11135121e1d702cee (0.00s)
    --- PASS: FuzzSecp256k1/2f9a2b88f9ee05f72f0db449439b68be46516151 (0.00s)
    --- PASS: FuzzSecp256k1/30d31977f7b5b79e5685c11d2d734fdd09d812e0 (0.00s)
    --- PASS: FuzzSecp256k1/310bf4de15c711e5c75e211d56c88ac3cd0dfc32 (0.00s)
    --- PASS: FuzzSecp256k1/31b70cf9a2ebdd90ff48b55392bdf6bb183f5aa1 (0.00s)
    --- PASS: FuzzSecp256k1/3317e1df52a15cb69a6ab14a2775a3a6fd1eccfa (0.00s)
    --- PASS: FuzzSecp256k1/33a751c0191522f5e53eee8e39c456b893f9396a (0.00s)
    --- PASS: FuzzSecp256k1/35439d8c60e24b8416a6c367b0d08269ffb76b25 (0.00s)
    --- PASS: FuzzSecp256k1/3664f6a4b8850370dc732e144de735759777c397 (0.00s)
    --- PASS: FuzzSecp256k1/38e6c30b90d686fb7147fa509724296c45304b5f (0.00s)
    --- PASS: FuzzSecp256k1/39aa04cdd311ea9a6a27013c1217aa8239664b1e (0.00s)
    --- PASS: FuzzSecp256k1/3ca6fb46aca28af9b38d0eee68d0503f7ceface8 (0.00s)
    --- PASS: FuzzSecp256k1/3d2ed4359854759d09828d3ac110591304ff4a42 (0.00s)
    --- PASS: FuzzSecp256k1/3ddf4c31c632e9e6fd882047d657e87d4640c209 (0.00s)
    --- PASS: FuzzSecp256k1/3e4ae2a372600d2a2b72d3475b4593689e544308 (0.00s)
    --- PASS: FuzzSecp256k1/3f2e60240bfabed6723cc68df326b95edf623dd5 (0.00s)
    --- PASS: FuzzSecp256k1/404894083039aa1dfff319fe68fe6db104c5bb1f (0.00s)
    --- PASS: FuzzSecp256k1/4091cb013744d46a3e32878350094bb4e20fe5d0 (0.00s)
    --- PASS: FuzzSecp256k1/41b2532b6cb3f6a502b5882b375da4333f8ce96a (0.00s)
    --- PASS: FuzzSecp256k1/42a5835f5e5cf4b5abf64b5e85d924aa0d1884a5 (0.00s)
    --- PASS: FuzzSecp256k1/442530af8e6df1ef93b24a27efa751fbc08664a0 (0.00s)
    --- PASS: FuzzSecp256k1/44f0f44c72a3ab8e494a73c0c4997ba8b8140969 (0.00s)
    --- PASS: FuzzSecp256k1/46aeb7b8e0cc6635735e1772f00b40cba6a0c5c0 (0.00s)
    --- PASS: FuzzSecp256k1/48c675e9c49402ad1093c68f258da57f3b29a37a (0.00s)
    --- PASS: FuzzSecp256k1/48e2b07e3a20f29fad145eaa058a0ba926c0f891 (0.00s)
    --- PASS: FuzzSecp256k1/4b6164b37c2720e87f7a4c89ef075a93bdd521d4 (0.00s)
    --- PASS: FuzzSecp256k1/5121ba2a60dfb01f50ee0297c957459a63c41808 (0.00s)
    --- PASS: FuzzSecp256k1/512637a41e9371073e8612ccda4f0d78be092dfc (0.00s)
    --- PASS: FuzzSecp256k1/52c70265c53e5b838aa48a786d3549e496aae756 (0.00s)
    --- PASS: FuzzSecp256k1/53f3e67368cdc00d0d0c9b97994d14579c040015 (0.00s)
    --- PASS: FuzzSecp256k1/54d2d6dabdc136a7b39b049c7b7422c5181b575c (0.00s)
    --- PASS: FuzzSecp256k1/561339a2e8608d30689b0df06ed273685b48a3ae (0.00s)
    --- PASS: FuzzSecp256k1/56b2e689fb0786a214b22e40acac55a4fd8a0428 (0.00s)
    --- PASS: FuzzSecp256k1/58336bf6853629013510c629f0f54377a7b11b09 (0.00s)
    --- PASS: FuzzSecp256k1/5882c75387fdd9addef9fb5bc7cead95db58c2c1 (0.00s)
    --- PASS: FuzzSecp256k1/58c25136545648692cdee1ccc3289be75c84551f (0.00s)
    --- PASS: FuzzSecp256k1/58e715a1eed27ee42109bf30521387348ebcafe4 (0.00s)
    --- PASS: FuzzSecp256k1/5aa0dcd774be452dfaff616331e39496fec8528c (0.00s)
    --- PASS: FuzzSecp256k1/5bdee0aa938d54a78b809d8a9fdb5cc7830dbaf0 (0.00s)
    --- PASS: FuzzSecp256k1/5cbe6eb3252c412d868a6da25c3d20922c7212de (0.00s)
    --- PASS: FuzzSecp256k1/627d596b5ad6ab8c63885cac8af3b2fdd7a3b95b (0.00s)
    --- PASS: FuzzSecp256k1/6281e31a1cc4ba8a0f4146d0d231e8275f263545 (0.00s)
    --- PASS: FuzzSecp256k1/62e3141c9e17e12d9412f68869589f48315f4c0b (0.00s)
    --- PASS: FuzzSecp256k1/631c1b53715ca7902ed4a006b09e25bbc6ac0487 (0.00s)
    --- PASS: FuzzSecp256k1/6378ee53d3ac8bd9ac49c848288f7e2e135c8e41 (0.00s)
    --- PASS: FuzzSecp256k1/63fa18a965eeb8d365ed5db3957050dc5764f4f4 (0.00s)
    --- PASS: FuzzSecp256k1/6504e9d5cec7bc20877b6a6d8809301c8001fcd2 (0.00s)
    --- PASS: FuzzSecp256k1/6560fabc73190843783505c10af71d4620816ac1 (0.00s)
    --- PASS: FuzzSecp256k1/6750dd1eb0446a86162c34468928c6546fe87d81 (0.00s)
    --- PASS: FuzzSecp256k1/67c8ee849b2dd67d1d1ab6cee70bc65444f0a7b7 (0.00s)
    --- PASS: FuzzSecp256k1/68ee0c5ef650aac27eedd1a500a2dc3c2d33a156 (0.00s)
    --- PASS: FuzzSecp256k1/6ca6e0e6f3b30ac0f909b5487929afeb40856069 (0.00s)
    --- PASS: FuzzSecp256k1/6ce3053de33d7f2e62bc320a556346d79168955e (0.00s)
    --- PASS: FuzzSecp256k1/6cf30536f2d38592e5f9f9f598dad01b6a7ce49a (0.00s)
    --- PASS: FuzzSecp256k1/6f30ca37574bc737f3dca991860f46ebddcff2a3 (0.00s)
    --- PASS: FuzzSecp256k1/703243d10ca00b5033cc1ec7043c4a2343a598a2 (0.00s)
    --- PASS: FuzzSecp256k1/70f5462c8258f9adf505837ad1fa1757a14e66e9 (0.00s)
    --- PASS: FuzzSecp256k1/71853c6197a6a7f222db0f1978c7cb232b87c5ee (0.00s)
    --- PASS: FuzzSecp256k1/73bf044dcd93880da62a3ff1db309177694b5a77 (0.00s)
    --- PASS: FuzzSecp256k1/744f60a3295b7c50c3d4c685804ba4e551cd6f35 (0.00s)
    --- PASS: FuzzSecp256k1/745834efad70e133c67f406d04f41f921fdec4cf (0.00s)
    --- PASS: FuzzSecp256k1/75c19942fa931c70e1f5ea199427106858e100f8 (0.00s)
    --- PASS: FuzzSecp256k1/75f4fec872899b35962c6ebd097af91d85173683 (0.00s)
    --- PASS: FuzzSecp256k1/7600f4737990880da95d1e76983bbbf5769851b1 (0.00s)
    --- PASS: FuzzSecp256k1/765beee6c793a72bb858afc57c452936784fa1a0 (0.00s)
    --- PASS: FuzzSecp256k1/76b7390330cbaa4a9051fe3557b46416c0d9e2a1 (0.00s)
    --- PASS: FuzzSecp256k1/78480d9a9ff0c4ef6e50c3eb09f2dddc4a62cb08 (0.00s)
    --- PASS: FuzzSecp256k1/79fd1cb6f541b76c3777a864b7e87c42a123553d (0.00s)
    --- PASS: FuzzSecp256k1/7a8e77197bc9360b7cf5f253a1b0a078393c5e1d (0.00s)
    --- PASS: FuzzSecp256k1/7ab65001070836af73adc60fb03357ee3ef4e0e3 (0.00s)
    --- PASS: FuzzSecp256k1/7dd6c2ed1828bacee6522317f6f7440ddb08ebcd (0.00s)
    --- PASS: FuzzSecp256k1/7e3a123d584e16ecea76138e6e84955398111bb5 (0.00s)
    --- PASS: FuzzSecp256k1/7e5584313fa51ab6ed40743447856c4acf694499 (0.00s)
    --- PASS: FuzzSecp256k1/7f12c4f6c2c07f789b1629e5ece5b12bca61365e (0.00s)
    --- PASS: FuzzSecp256k1/805da2cfba923afd80fce433ee4f9d48fa4ca80d (0.00s)
    --- PASS: FuzzSecp256k1/81063a0277357f59c20a8f98273d766cb33073fd (0.00s)
    --- PASS: FuzzSecp256k1/828e15130e3f0f6c70aa65e1dcebd5498f8733a9 (0.00s)
    --- PASS: FuzzSecp256k1/845ec94fd27978f2a9fb8d1f0d5c6fb892438a46 (0.00s)
    --- PASS: FuzzSecp256k1/867d87ba8c5610a3c309a32a867eb86023674a5f (0.00s)
    --- PASS: FuzzSecp256k1/8680633fa1773da3935de8b02a1cfc78729ad4cb (0.00s)
    --- PASS: FuzzSecp256k1/87a6cd5b4a1de0f1fc29d34bf610b3c50fb4a597 (0.00s)
    --- PASS: FuzzSecp256k1/87bb609dccad7c2722e474e5c9fdcdb91bef8d61 (0.00s)
    --- PASS: FuzzSecp256k1/8bf149131fdb5c0e58d4d65e88178f41a7635d9a (0.00s)
    --- PASS: FuzzSecp256k1/8eb850378727e4d14dd36a84cd4f203b97abef6a (0.00s)
    --- PASS: FuzzSecp256k1/8f86ea07a11a31320cec53ecee4d6cd349645e8a (0.00s)
    --- PASS: FuzzSecp256k1/9009a93c4bc6ba29db8037c4b3bd69b6b16ce36b (0.00s)
    --- PASS: FuzzSecp256k1/9069ca78e7450a285173431b3e52c5c25299e473 (0.00s)
    --- PASS: FuzzSecp256k1/92a31273dd8b79d06213f80e8fa13ada6746b497 (0.00s)
    --- PASS: FuzzSecp256k1/945c0a179f8ab84038d904dc1bcf3b92361d87f2 (0.00s)
    --- PASS: FuzzSecp256k1/94b28eab29ed1b81a58ce8cab11ab52bc0853c0d (0.00s)
    --- PASS: FuzzSecp256k1/96995e531f2ce74474ea4e64bbc140fe283d1f65 (0.00s)
    --- PASS: FuzzSecp256k1/985f242ba739596d775a48190b254d7cb58b9baa (0.00s)
    --- PASS: FuzzSecp256k1/99cfb00c6ecedba81b9281819e293e2d9d890830 (0.00s)
    --- PASS: FuzzSecp256k1/9a60251a5323ea2fa5b04e219c081377f24d5259 (0.00s)
    --- PASS: FuzzSecp256k1/9bc3378f22d574aaa1df68f7b6b013e15142a199 (0.00s)
    --- PASS: FuzzSecp256k1/9dcd1552d0546fcee3c58f03e404735eb16b7552 (0.00s)
    --- PASS: FuzzSecp256k1/9e3a2999b2385b9aac8848ac9c073791a8f63b40 (0.00s)
    --- PASS: FuzzSecp256k1/9fd15737f266a31fec1add73f15a639246621639 (0.00s)
    --- PASS: FuzzSecp256k1/a00d1cff3dc9b6ebb5dc19fda6197c28f1df380e (0.00s)
    --- PASS: FuzzSecp256k1/a12210e299a259d396ddf50b03d2f0df370f02c3 (0.00s)
    --- PASS: FuzzSecp256k1/a39a56f61f46ebd314374db98f9032eaf8843bd8 (0.00s)
    --- PASS: FuzzSecp256k1/a56d1745c62278b1ed6af2a0b674ec3c0722ac81 (0.00s)
    --- PASS: FuzzSecp256k1/a5d5aaa8d06b896fd1523c0efc0786d1ea21230a (0.00s)
    --- PASS: FuzzSecp256k1/a5eef84b726281a294b273a1377eaa8f74293c14 (0.00s)
    --- PASS: FuzzSecp256k1/a628d42802d4e8aa6219a2371cfcc61bf8557086 (0.00s)
    --- PASS: FuzzSecp256k1/a6d1f6c282f18b689eb17878419814a45a3c5b88 (0.00s)
    --- PASS: FuzzSecp256k1/a6f2cc81c7a92720ae1842f2ecc18d58a5b76aab (0.00s)
    --- PASS: FuzzSecp256k1/a782ae9470a9995b2147f438736acb260db41669 (0.00s)
    --- PASS: FuzzSecp256k1/a9fc0ca75ee7e424b9502cc02d4ed207acc43197 (0.00s)
    --- PASS: FuzzSecp256k1/aa70427a43eb6d7f0142501bb2b7914a259fb967 (0.00s)
    --- PASS: FuzzSecp256k1/aaabe8e1058378ec08a5dab3e2b762a7ff8a85c4 (0.00s)
    --- PASS: FuzzSecp256k1/aad89acfb9f65ec792d8fcdae10dd6633e0aa4d8 (0.00s)
    --- PASS: FuzzSecp256k1/adaa3c136cb480bcf1b549ef562e08482ad198bb (0.00s)
    --- PASS: FuzzSecp256k1/adb61c4983ceb0e9104d6c3ae623deecc93c48e0 (0.00s)
    --- PASS: FuzzSecp256k1/adc83b19e793491b1c6ea0fd8b46cd9f32e592fc (0.00s)
    --- PASS: FuzzSecp256k1/ae717a95fa6fab66b2fba6c83d3b1b54f3234ac3 (0.00s)
    --- PASS: FuzzSecp256k1/ae99711c0fb087791d827fd61af8f249ccf5d610 (0.00s)
    --- PASS: FuzzSecp256k1/aef0e6e8f8ba41f920da14a837746bdce3f38556 (0.00s)
    --- PASS: FuzzSecp256k1/b2623a2ad14c1af802be7905553597ba5bd6a07e (0.00s)
    --- PASS: FuzzSecp256k1/b285c192d316c08b1bed530906a935cbeb80a2ec (0.00s)
    --- PASS: FuzzSecp256k1/b333119560b62a8181d0cf40054c376e893a0c2d (0.00s)
    --- PASS: FuzzSecp256k1/b363d8e3aa2f3e53d0518a49dcaa56aad6c6eae2 (0.00s)
    --- PASS: FuzzSecp256k1/b4e9c97630941ac04afaaa0a4e932b03ea3f7d6d (0.00s)
    --- PASS: FuzzSecp256k1/b58d0d3e85c6fba78d569822d6b03f988bc26c91 (0.00s)
    --- PASS: FuzzSecp256k1/b70c8c33ebab137757813cdb69cc127de06cfa95 (0.00s)
    --- PASS: FuzzSecp256k1/ba21aaefaf9ccd44d7e9fd0a80d02cf8e3731f9d (0.00s)
    --- PASS: FuzzSecp256k1/bada59ab95e460a3a81a136554e45753d44fdb3f (0.00s)
    --- PASS: FuzzSecp256k1/bb298d6e187a32ad530e05ae7355915060fc9da9 (0.00s)
    --- PASS: FuzzSecp256k1/bc406d4901bd2a4cc5378667f80e81ef7f9a695a (0.00s)
    --- PASS: FuzzSecp256k1/bff69579028c737e52176fdb4d2d6f813c1ce8ec (0.00s)
    --- PASS: FuzzSecp256k1/c18f6735c53ce006d549caf58d5eaded54660d82 (0.00s)
    --- PASS: FuzzSecp256k1/c43b7dc9df1bd0f993d74cc262f316f241a6ac85 (0.00s)
    --- PASS: FuzzSecp256k1/c71e9ef9214d8180fa01340eef6c091d42aee8ac (0.00s)
    --- PASS: FuzzSecp256k1/c89e80ae9f85091b049b271dffb7719c56313eec (0.00s)
    --- PASS: FuzzSecp256k1/cd6f8a532cbeaac6531f3e0a31e1ab3f748c71e4 (0.00s)
    --- PASS: FuzzSecp256k1/ce39a35080fe5d0d55ae532f3f4279994b17e800 (0.00s)
    --- PASS: FuzzSecp256k1/d0543a69edb00638fea990d6a1f83d36e90214e3 (0.00s)
    --- PASS: FuzzSecp256k1/d0cfc59dd3ab6713e5c041fbee285ad2ed077d0d (0.00s)
    --- PASS: FuzzSecp256k1/d1cf0ada2408ec4eeb6a79d290d282bd5523c352 (0.00s)
    --- PASS: FuzzSecp256k1/d200aea702fca8a4def6beff6e621f5ed3570da8 (0.00s)
    --- PASS: FuzzSecp256k1/d2c148dffcbc723410477683bb5d473f64a4011b (0.00s)
    --- PASS: FuzzSecp256k1/d67282f0e9533909e48d16aa0ccb3e408c15f3f2 (0.00s)
    --- PASS: FuzzSecp256k1/d68b74afdbe0baeda83a6f7fc3b54997c8680059 (0.00s)
    --- PASS: FuzzSecp256k1/d83ac18b44eb64c8b7a06705f7c8a74d4ce1c372 (0.00s)
    --- PASS: FuzzSecp256k1/d9a2faec73ddc005667b406e6d6f822da44b72f5 (0.00s)
    --- PASS: FuzzSecp256k1/da1740775ee3e3b938cdf63ee1ae31188a09e5d6 (0.00s)
    --- PASS: FuzzSecp256k1/daab2b567a8b47a9bed6176626da770b3b2ffb80 (0.00s)
    --- PASS: FuzzSecp256k1/dc870f22324650d016f08026d26dd0c5d3fec790 (0.00s)
    --- PASS: FuzzSecp256k1/de21ad7d5152c588a2ab76c6670d34776550b0fe (0.00s)
    --- PASS: FuzzSecp256k1/df0171e08b5acd0321efbd73b79fbf5e6ca10410 (0.00s)
    --- PASS: FuzzSecp256k1/e13a971c475a5a4b18d21784db920fa828345a6f (0.00s)
    --- PASS: FuzzSecp256k1/e3e32233c4859a1a971a7c40356e499e5842f23d (0.00s)
    --- PASS: FuzzSecp256k1/e529a5aa6cbfad9511922c5808bad6068553458c (0.00s)
    --- PASS: FuzzSecp256k1/e618e77638d3ecaece120731f99a8fa79204bcec (0.00s)
    --- PASS: FuzzSecp256k1/e7b4802700bf4b5f56a5f6eee99b0b9c421b1fa5 (0.00s)
    --- PASS: FuzzSecp256k1/e842304a095ff48a5cf948738dfdf5a70a4b4021 (0.00s)
    --- PASS: FuzzSecp256k1/e8c9fda53758f49dfff8e71997116e40b4ec76df (0.00s)
    --- PASS: FuzzSecp256k1/e931cb6c911c80ca119bde239d220c1f6580d3ba (0.00s)
    --- PASS: FuzzSecp256k1/ea96c8c8ab82411f16c53b79eb1d578eff5254d6 (0.00s)
    --- PASS: FuzzSecp256k1/eb0b3c4ccd64477fa2a54906e9e96bf8fc42951f (0.00s)
    --- PASS: FuzzSecp256k1/ec1541ad87c83989dbc694d855572c16e086338a (0.00s)
    --- PASS: FuzzSecp256k1/eca41acb1823462205d594a60b16df8faaa531be (0.00s)
    --- PASS: FuzzSecp256k1/ed4cd4dab937c56d4db443f9948af0130a345573 (0.00s)
    --- PASS: FuzzSecp256k1/f0a5dbbe8bdf7f6e21954f8c7a5b3bc3110b0ab5 (0.00s)
    --- PASS: FuzzSecp256k1/f1b460a961642e4d4aff22832511adabae5aa837 (0.00s)
    --- PASS: FuzzSecp256k1/f25ba698cd0956dce84a59502bd4c01dfdd596a3 (0.00s)
    --- PASS: FuzzSecp256k1/f266167f932d41a55d34b52825585d6671c46e7a (0.00s)
    --- PASS: FuzzSecp256k1/f3a0d81efa6e7ce02b4b58d5e602c4994eb1a6e8 (0.00s)
    --- PASS: FuzzSecp256k1/f5185ef3f8debe6c32de48524860c71bf28b556f (0.00s)
    --- PASS: FuzzSecp256k1/f5a1719b6664f942806b5655a9a2aca1ef33075e (0.00s)
    --- PASS: FuzzSecp256k1/f707088f35aec07bf9b7db947034ad832e01c190 (0.00s)
    --- PASS: FuzzSecp256k1/f8ae109cbd01842c6a9562e629c9b890008ed017 (0.00s)
    --- PASS: FuzzSecp256k1/fda673b89a7e00bc2c4a7ac9259795b3857c0ab7 (0.00s)
    --- PASS: FuzzSecp256k1/fe7430adc339f6d7297e8b13c6ffc748bdba8915 (0.00s)
    --- PASS: FuzzSecp256k1/ff124e30298b2aa5acf5292b420eb3a62d354d16 (0.00s)
PASS
coverage: 81.8% of statements
ok  	github.com/morph-l2/go-ethereum/tests/fuzzers/secp256k1	0.060s	coverage: 81.8% of statements
