=== RUN   FuzzStacktrie
=== RUN   FuzzStacktrie/005b7367afb442ffb3398cf91f9276505f44f0be
=== RUN   FuzzStacktrie/00d4bbc137a78e2581378b8f2af42e770b686330
=== RUN   FuzzStacktrie/042c7c06a472ae40ca0a68993adba986829948b5
=== RUN   FuzzStacktrie/056babb1e6eb19532dd24a8f9a03c02340872a9f
=== RUN   FuzzStacktrie/05cdfece5ed2c7004bb4e11b69f8553e626c4a77
=== RUN   FuzzStacktrie/063112cf2573e53bb1ce1a9c41f0aa3d2b91fcd7
=== RUN   FuzzStacktrie/06473f762a4667018a0f70b5f726f1c5357fdca1
=== RUN   FuzzStacktrie/064fc3280adcf01b1b5660bc1aadd903083c9648
=== RUN   FuzzStacktrie/0691f63e8ea73be023f3ff1fc6eae806ebac2145
=== RUN   FuzzStacktrie/06b49e2fdded19f51997ecd951542e5a7bcea4b0
=== RUN   FuzzStacktrie/06d85b5caf6bccab182964f8005d83457f476fd9
=== RUN   FuzzStacktrie/087717635b71423112e4d25b64520e465124af76
=== RUN   FuzzStacktrie/0963d9713888216f4dde06100a7e8efbbf5e2b69
=== RUN   FuzzStacktrie/0994ca42f8d629f02333936b93da9d4589cbc6b0
=== RUN   FuzzStacktrie/09c17802813f32edbc0372d6a92b245d4602ffbf
=== RUN   FuzzStacktrie/0a1223b6dc762dcb0fdbeb6bcb4d7cb24efb5875
=== RUN   FuzzStacktrie/0a3dc88f3499112169885e74d554086b1cd94174
=== RUN   FuzzStacktrie/0aa6c2d5b233febb922558ce45999fdb20795a0e
=== RUN   FuzzStacktrie/0aae4fe81f05f1d084ab5684e1fb30ec31c18fdf
=== RUN   FuzzStacktrie/0afcfde6ae9259c294cbb8ea6e151604ba321b1e
=== RUN   FuzzStacktrie/0aff095288f355469128a0e01d6e01e0eee33b89
=== RUN   FuzzStacktrie/0b9deaaa87654f8bf91351992f20bc62edab5c36
=== RUN   FuzzStacktrie/0dcabaab4fc4102806254ed324e282adeb123cb4
=== RUN   FuzzStacktrie/0e6effeec4fdc3ee0e5e9552fc4d45810572bddf
=== RUN   FuzzStacktrie/0efe80d42d541c670a37047fd6b9c944ecca7cad
=== RUN   FuzzStacktrie/0f7136447e166d2e09e5931ba8660b4ff6ae3d34
=== RUN   FuzzStacktrie/10fad42c60707d3ec658919feef138d80ef55677
=== RUN   FuzzStacktrie/11af32b6d80d4e1c3daf980953f2307c4cc07a86
=== RUN   FuzzStacktrie/1201903b12b4973a92f728cfcf46d4b962b62a1f
=== RUN   FuzzStacktrie/1436d9569f625dce2f273c90cc6d0d632c3d8201
=== RUN   FuzzStacktrie/15ba8ce56457f1bf837102290d09c704f1c205b8
=== RUN   FuzzStacktrie/16dba5ca04e4f2662b57698c0a667788e58700a5
=== RUN   FuzzStacktrie/181340349257f71c6911f0ad2c955086f3310bfe
=== RUN   FuzzStacktrie/185ba6ef3a2392666b692af26a40fbf40554b5b9
=== RUN   FuzzStacktrie/1a6a8621e8210f1affedc9a9956942047b438b83
=== RUN   FuzzStacktrie/1c6763f56a90090fae890b34519660346e5e8a11
=== RUN   FuzzStacktrie/1ca215079fe97846cb3a998cc3f0a1dcfa5e8bd4
=== RUN   FuzzStacktrie/1ca3579d6c1b882f5c1f1d8ed043b1de09acb3cc
=== RUN   FuzzStacktrie/1cca7ce7a368b2074a0dda26c95c915dbad35c32
=== RUN   FuzzStacktrie/1ebc3b0919b797ff9a19435d21ae6f819b03bbf6
=== RUN   FuzzStacktrie/1f06edd8eeff60c906806f28f7aca7cea33df63c
=== RUN   FuzzStacktrie/1face9705c98c2eeb4f2f403989547b938b64151
=== RUN   FuzzStacktrie/1fe64b2f685dd58c40b6bc8d6b61ce91e43d1b05
=== RUN   FuzzStacktrie/20bb49f1e4ae1efae8617e2c4b7c9690cce09548
=== RUN   FuzzStacktrie/2237d62eb74e1d52b475052b9d376591d893c7fc
=== RUN   FuzzStacktrie/233bb13b36e88ecec62b181de6aae8a69fffc8a8
=== RUN   FuzzStacktrie/23e7f695dd6438d40abf17f367e61a5527fab3b6
=== RUN   FuzzStacktrie/24d932bf36de35a3da4594da686b1133ccc3777a
=== RUN   FuzzStacktrie/24f6a40ed4925d57395262a36c24f20d9e65d94a
=== RUN   FuzzStacktrie/250b687ee1a56a74fabd25c0448e323af4bf77f1
=== RUN   FuzzStacktrie/250ba0697fbc8e33737b93102b057e77c6df3722
=== RUN   FuzzStacktrie/26610501955c250445420e858d64a77fba072334
=== RUN   FuzzStacktrie/268a1a8e0ecad74b56efcca0e0f907389b28b235
=== RUN   FuzzStacktrie/27089d2bd777c2e3ff5d57770aa3d822133ea56d
=== RUN   FuzzStacktrie/2843bf92229280940f84652241f66c4b2367c0f9
=== RUN   FuzzStacktrie/29d623b1c2e045228e00637f68eff50ea77d265e
=== RUN   FuzzStacktrie/2a472596cb259d25b0916298ab239792984fc92d
=== RUN   FuzzStacktrie/2b1efb056d978da904cd6b3dc4e5955f61777595
=== RUN   FuzzStacktrie/2d973759995c36d219d861031761c6d44463c4bf
=== RUN   FuzzStacktrie/2ea554272aec5978d16d3ff2e50f2b2efa87f137
=== RUN   FuzzStacktrie/30ca0c65cf1487050784f38a674b3d890732630e
=== RUN   FuzzStacktrie/30f0b5f4efaa543fe7ba5ce7f1ca34eb3cc77c77
=== RUN   FuzzStacktrie/31f8c28d48e424a4def7fa500cf551dc210f9831
=== RUN   FuzzStacktrie/33cb7c88dbc99df2509cc84d0f812d322fbeceb9
=== RUN   FuzzStacktrie/34ba31fc5d78b7a4946b766d5bbebe24527f86f0
=== RUN   FuzzStacktrie/34dea97344b6f7519aa529eae120ca0e89f5c768
=== RUN   FuzzStacktrie/3603183889f97a5c17e14b44398f64286bf9d111
=== RUN   FuzzStacktrie/361a12a87650e7770c8fe3935d9d3762930a6e6c
=== RUN   FuzzStacktrie/3823fe6a790e9a5df230ad4b6e0a3bc98b43b0c9
=== RUN   FuzzStacktrie/38ff354974194c44704a16135dcf768b2310ae7b
=== RUN   FuzzStacktrie/3a2768ad3fce8d2d3d458d59900078ba75baf770
=== RUN   FuzzStacktrie/3b1c164dfb62d8d9fbdf885c77cf7b9f0f085634
=== RUN   FuzzStacktrie/3ca8902297645192b1aff20f7933a89ee620cc1b
=== RUN   FuzzStacktrie/3e1065d1a29a188d1c452248062d0e97628d8cb7
=== RUN   FuzzStacktrie/3e804210b3ce273782606ee24ffc7e5c9a8f095f
=== RUN   FuzzStacktrie/3eb55f109f070c79b3a13200c0b8e57b89623561
=== RUN   FuzzStacktrie/3f6164c73b7ae9eb67db20a8e32537345287e71a
=== RUN   FuzzStacktrie/3f61f2e210607970d88e923c6dc12e9b8b02da18
=== RUN   FuzzStacktrie/3fa1235b8512f02a0f1c1b164dd41366c20b0644
=== RUN   FuzzStacktrie/4092533de715755ff76a1a194893fd172fb859f5
=== RUN   FuzzStacktrie/40f35ea395868106407cd700c948e8bbf6ac8852
=== RUN   FuzzStacktrie/4165b512c5e7293952024f8782c0cf39c24752d2
=== RUN   FuzzStacktrie/41eb53037bbb3c9c23472734f63d6eb90947eb64
=== RUN   FuzzStacktrie/42827e04299ca9402d63b9065d88c3fe8a9ad4e8
=== RUN   FuzzStacktrie/42f77534d0c030b5af00f9996eec610a782c6c5f
=== RUN   FuzzStacktrie/4338d4ec1c0710e0c059abdd438e2c67ce89d918
=== RUN   FuzzStacktrie/450d3c4bfe3ad57444081e00d325620c18d0803d
=== RUN   FuzzStacktrie/462ea98628a6fb50717703a5c775c43424b8938e
=== RUN   FuzzStacktrie/4646f77e63dadb7b1881db96dd622c9f509b9011
=== RUN   FuzzStacktrie/4674d69aea77c2119bd202e1ce8931cb844803c0
=== RUN   FuzzStacktrie/4727478189334c51ed94e1a4a79ab040477b3178
=== RUN   FuzzStacktrie/47d2efbea7f932897ea4ea970a8b74608c3ed3c5
=== RUN   FuzzStacktrie/48a430d2709b5fb099d2c2feb2fcdc27c43e1539
=== RUN   FuzzStacktrie/49518b630e76b41d294cc056c235b293feda013d
=== RUN   FuzzStacktrie/4a6f4eeffaa36ae073dfdb0bcfd0d85e3633149c
=== RUN   FuzzStacktrie/4a7e3ce4a0f80154fcefe4a832a85004c2066428
=== RUN   FuzzStacktrie/4a8f45df55f812b10230c3f2b9a998d7b5264886
=== RUN   FuzzStacktrie/4aed1cf4ac007fc6c92454afc60e41c1b6a3b187
=== RUN   FuzzStacktrie/4beee4c10b3113dbcdb665062be52b7dc03d2e75
=== RUN   FuzzStacktrie/4c631a018aba877fa70ac8f6cdef80f5f2449515
=== RUN   FuzzStacktrie/4de0dee5ff5a7d303d6f5b9c77a96a838d7d4e41
=== RUN   FuzzStacktrie/4e0155914a3a2ba1b26f4b6d39fc509bf764eab1
=== RUN   FuzzStacktrie/4e76bab038e2fee9cdc997d378fe8795d354d0de
=== RUN   FuzzStacktrie/4f612e842d5434ab3cdb2bb0a285e954a72c0a73
=== RUN   FuzzStacktrie/506ad861e8e2efdbf09e9215fb976a136f8256ce
=== RUN   FuzzStacktrie/52080755317ac1f728030ffbe3b351de0ddeb41a
=== RUN   FuzzStacktrie/52ae79705556e287ce98e7e145688967872e31be
=== RUN   FuzzStacktrie/534315c95d17fddf8f9c53a5e75a8194efdf538d
=== RUN   FuzzStacktrie/544d8bac571034efc1359bf1f6fe8be013ddb6d0
=== RUN   FuzzStacktrie/55676bd068feaf71e4cdcc498862fb7d25e1422f
=== RUN   FuzzStacktrie/56085de1688a141f82d2dbbbc885b161cae19979
=== RUN   FuzzStacktrie/589acb4fc3dcccca649867cc2f9367c2661c07c2
=== RUN   FuzzStacktrie/58bb3fb66e6c950f2b881ed71f011d928275f027
=== RUN   FuzzStacktrie/58f0dc748d3d810c74bf91c4d1a742c00db1def3
=== RUN   FuzzStacktrie/58f3f1ab38b862bad99cc094cb42194e696c7c6a
=== RUN   FuzzStacktrie/5be303227d5d186e2b648f264e5169309fed508e
=== RUN   FuzzStacktrie/5d2f881932ceec54ddee8b00d35cbfaf7d948699
=== RUN   FuzzStacktrie/5e442596acfa62b22e5f2a22da31d140add74cd1
=== RUN   FuzzStacktrie/5e45a1fd76283d49492db4bd2d4060b6b13a4f2a
=== RUN   FuzzStacktrie/5e95d06f2512f9dd37fa12c9ab4d8046b77fb266
=== RUN   FuzzStacktrie/5f183104ba0d94c1ac2099d35e403d6a601ecb90
=== RUN   FuzzStacktrie/603913141cc7bd4c031ce1d7582d3d26513677ef
=== RUN   FuzzStacktrie/609cc6de21a5591417c971a072c382e9960185fa
=== RUN   FuzzStacktrie/6163b57b016143968632546d255e0cee64828352
=== RUN   FuzzStacktrie/618742a46ff4238a589987b48857a9c189496251
=== RUN   FuzzStacktrie/61a92f642b2cf58f20bb1d706e4bb371e95857fb
=== RUN   FuzzStacktrie/61ecadfcb69079761f2c538fec10210e4bcba127
=== RUN   FuzzStacktrie/634461fd406b3c2c43f8d31875156a7f3a41e903
=== RUN   FuzzStacktrie/63bd48681e20c3602b9c32797a4168b617b640f2
=== RUN   FuzzStacktrie/63c2f19661d16816fe76873ebd32232797004d95
=== RUN   FuzzStacktrie/63d4fee1cf9c366c5711ae3f62675471ab2a4396
=== RUN   FuzzStacktrie/64c7b98bbf66f5073d7858a3f944ec620040456b
=== RUN   FuzzStacktrie/65d1d219345f8804918810bf6de57594c7b1df93
=== RUN   FuzzStacktrie/66254b9d2b1028ba8ea7fd549193dcccca9cc42f
=== RUN   FuzzStacktrie/669884b55cf1065835ab02a7fd3794a6febea688
=== RUN   FuzzStacktrie/66d9c3bdac68d596aa5d0466fcf04ac4ca1ef23f
=== RUN   FuzzStacktrie/67c0a334886641e3f27eb1694255148a99da88d7
=== RUN   FuzzStacktrie/67e6223d8e5c4e1adcaa6efaafc51819090259b5
=== RUN   FuzzStacktrie/68f07499af1820a502fe7c8a2bfc8a66e88a2536
=== RUN   FuzzStacktrie/690629b32a6baf6c9e3de0b64912b08caa80b903
=== RUN   FuzzStacktrie/6914c487d8f559732088f1a10074cc6d91ad5193
=== RUN   FuzzStacktrie/699b39bde72d9ae8682d72a0ed318dbf8e892673
=== RUN   FuzzStacktrie/69d47955a6c09a9f802978284fcd7db627710f24
=== RUN   FuzzStacktrie/6ac813fa5c344c422acb16c31ceb1930fa8a477c
=== RUN   FuzzStacktrie/6ae9ff47714af8052eaaac55094c0821baac378e
=== RUN   FuzzStacktrie/6c8b2de7255fc92cdbe0607938aa14f01bc8e6c8
=== RUN   FuzzStacktrie/6f0511d67c9948484ee4005498e7da9494e72646
=== RUN   FuzzStacktrie/70127d9cc2856d51db97118ae9118ed36484f34d
=== RUN   FuzzStacktrie/70f56b6716224563027b7923ecb8e082a347599a
=== RUN   FuzzStacktrie/7351d9f20b8ce5e69856619db42a1a69e953cf22
=== RUN   FuzzStacktrie/7508444960adcb8c4f023d137b492cd35ca19b95
=== RUN   FuzzStacktrie/7534f8417d55108d7a497c30177b9eed631ffa72
=== RUN   FuzzStacktrie/760054049d9dfad8dbacb5d11d60889735015867
=== RUN   FuzzStacktrie/76697f7cf6d72ade534a3b259c0a13cf6f3b8cf0
=== RUN   FuzzStacktrie/777a889824d1137ece799fb341303659116e9a29
=== RUN   FuzzStacktrie/79b3ebfe707f86651d9fd2ae690a841dbe844881
=== RUN   FuzzStacktrie/7ad6570ca6d2b3b11063bd209e4d85aa9324671b
=== RUN   FuzzStacktrie/7b1e9081965d9fdcae713f0f5b025dce7626f434
=== RUN   FuzzStacktrie/7b724afd8f96bb82535d0418b3beaf514c9fcb17
=== RUN   FuzzStacktrie/7b80fee0272e8ab09062e8e71aec39be46c01f92
=== RUN   FuzzStacktrie/7bde05c06424707c7f689708275a633a929c4c09
=== RUN   FuzzStacktrie/7d24031b4b7b0493a9bfb91bac96848c3110d1a4
=== RUN   FuzzStacktrie/7d6ddc0cb63c3278e34531f5b7ac00a412182e77
=== RUN   FuzzStacktrie/7e9a4b36d5c8e5a0fb9feeeda95353e7f77e39a3
=== RUN   FuzzStacktrie/7f01171aa734567d1f574311e874c6d1957f786a
=== RUN   FuzzStacktrie/7f081effd25f421d8044c88f5db6f4f7e71ca8cd
=== RUN   FuzzStacktrie/8090dfa9f78c7599dcf603638410bb861bba4c10
=== RUN   FuzzStacktrie/80e479cf290b2cbfeb98f0ebc2d6347457679b2e
=== RUN   FuzzStacktrie/8205258bb44f4d7f4ccc20f68a5c97f20d586987
=== RUN   FuzzStacktrie/82785d4b632bc3215e6464b9ba3b48a60681f97a
=== RUN   FuzzStacktrie/83936338f883968ffdf28ec4836584a36b40f12f
=== RUN   FuzzStacktrie/85e0d50192f99a52f284fb0e93cde565d9606ae4
=== RUN   FuzzStacktrie/86dc2ab5ed1acc660b9a7dc03da23ea8314c8ccc
=== RUN   FuzzStacktrie/87a9f7e4532d1aeb8ac2ed5c384060f82e845576
=== RUN   FuzzStacktrie/88202da7be1c2ba54e14b94bdecc3c17e2bc321b
=== RUN   FuzzStacktrie/883fabb5f6fef55571ca5f519ca3c16f47245c29
=== RUN   FuzzStacktrie/89583d5a7dea488854cebafd5ff14edf717033c6
=== RUN   FuzzStacktrie/89670f97e5e4861d42e8f2f37009240a78977d00
=== RUN   FuzzStacktrie/897ab61ad855a07b7455d2354ce964a4fbce1bd6
=== RUN   FuzzStacktrie/898d79a902e0596299c38669e2b5d8cd2a79559c
=== RUN   FuzzStacktrie/8b872f117563371901c764aaef801e6e3ab65f10
=== RUN   FuzzStacktrie/8ba050697ccf81c302ffaba4bc2b08350f8a6073
=== RUN   FuzzStacktrie/8c7216bf610e16d4b8b1ecb64cf18f8c5c4c4f16
=== RUN   FuzzStacktrie/8cf935ad7c734f0e72f31e931938951daa7689e6
=== RUN   FuzzStacktrie/8d522e07bd6ea36c8bd68f4d78cbd402f312d0b0
=== RUN   FuzzStacktrie/8e073375ee047fd4fc10c170ecd468795f7fa8d7
=== RUN   FuzzStacktrie/8e6b8d26876a9ca2f72275dadad78a718183a0c5
=== RUN   FuzzStacktrie/8ec1434760e47bd1a83c8d9a2274ec7c99ee0beb
=== RUN   FuzzStacktrie/8efbb9c04c87add2d9552e9f68c7660a3f1ee7d7
=== RUN   FuzzStacktrie/8f27084b6294ddbe28dbcbf98f798730e8a79289
=== RUN   FuzzStacktrie/8f34e3ca142ca0d72beffe8da79131594e1c16e5
=== RUN   FuzzStacktrie/8fb4c0160b49eaca6f26717c8946a84d72325c8d
=== RUN   FuzzStacktrie/90681561f930e97563331ec18075b8bd75179104
=== RUN   FuzzStacktrie/9069ca78e7450a285173431b3e52c5c25299e473
=== RUN   FuzzStacktrie/91e64191d9a591809135c28633b6ea09fc014117
=== RUN   FuzzStacktrie/9221cf4ccad4edb142e7c624c3aab3da55522867
=== RUN   FuzzStacktrie/92d360e614f02af4c613d90227c5e42b82c770f5
=== RUN   FuzzStacktrie/934a17c024aa23ce41d61a5c85b7551a4e2c52d6
=== RUN   FuzzStacktrie/9443efbd84e40d1ab847670b46651a13a925eddd
=== RUN   FuzzStacktrie/950dde4b3e3fde3ce5974414c5bb99c17dfbf067
=== RUN   FuzzStacktrie/95495201db8e23dbf894d0dc6610d52ee915a67d
=== RUN   FuzzStacktrie/959d021463a670e4b9ff7aad83ac4021eb4667e6
=== RUN   FuzzStacktrie/95e407ec29fd954744be54b83fb068ad2b344b5e
=== RUN   FuzzStacktrie/960570c19198162f0d20ff76f971da78bf04ebe8
=== RUN   FuzzStacktrie/973d27b44d9d3e59f2d4295351e3f6f78ed2d2c7
=== RUN   FuzzStacktrie/97b08915e4bdb58c458e8524550adc4a03f83307
=== RUN   FuzzStacktrie/97df402ec6552597b3ac2a02143ef96f845ec84f
=== RUN   FuzzStacktrie/9a117129c2277910b2ab6f6c005d63e6762fcb45
=== RUN   FuzzStacktrie/9a2afde2264886608660f94d27977b41dac3ee70
=== RUN   FuzzStacktrie/9b64b94882a6121fcab2b990839b004caae4846a
=== RUN   FuzzStacktrie/9d35522f3f283121932d79faa5339d25ba56201e
=== RUN   FuzzStacktrie/9e245135bc3435368b9a929e541e2f751c57eff9
=== RUN   FuzzStacktrie/9e6c7967c0cf3010627bf3a2bbd60df237f6b661
=== RUN   FuzzStacktrie/9e92e00b596cff0b4be03c15866f5ec3b5871b03
=== RUN   FuzzStacktrie/9ea548d844d8feb48e67f7c98fa58da15f660efa
=== RUN   FuzzStacktrie/9f0dd9b75a228b96dfeba7a07c695ebe805bfe8e
=== RUN   FuzzStacktrie/9f695c67464513896dc2541cfe6bf135d0f42f1c
=== RUN   FuzzStacktrie/a11973649c7882044628eb55a669be978b06f130
=== RUN   FuzzStacktrie/a18a5618e69dd8a63217f6ff65537cc720be40d7
=== RUN   FuzzStacktrie/a1f043f2f0b8c90f0dbc1c597e477b056d4d9a4c
=== RUN   FuzzStacktrie/a23981222f168f6020ca5639d85044051a634cdc
=== RUN   FuzzStacktrie/a23fb0aa44f5f92fd5fea56ebafe8903dbc4e50b
=== RUN   FuzzStacktrie/a2460a227fca08432d90f20572a8f1ea6041d6e9
=== RUN   FuzzStacktrie/a292333db2d19d714ae7adfe794043942cbf94fc
=== RUN   FuzzStacktrie/a2c76de75d1d6e0ad8e943ef1403c767654bbf75
=== RUN   FuzzStacktrie/a2dd22d9d74fde8a50cfdfc374fa881a4cfc138c
=== RUN   FuzzStacktrie/a2e97cb00171442277a395dc7f0e2349e69ab0ac
=== RUN   FuzzStacktrie/a3087b895705e580aa7d5226ead016d804cc9c22
=== RUN   FuzzStacktrie/a4709b933720b39e9d106510b0d8e48716f5b73d
=== RUN   FuzzStacktrie/a587bb93fbb3a52a70738bad38bc6c32e578b4b9
=== RUN   FuzzStacktrie/a5cec1e51de3acd15b7a452e27d48f9b7c4e60ce
=== RUN   FuzzStacktrie/a73351d20e05d2c0fe18f1fe5a537e2d2cb4b95b
=== RUN   FuzzStacktrie/a75cd1a655961a84385885afd1520aacb192a3cc
=== RUN   FuzzStacktrie/a77d5286e49fbefa99a53fb1d33a2672d0a820d6
=== RUN   FuzzStacktrie/a852aaab997b489b4a37ab8bcee40a6bf97f1d2f
=== RUN   FuzzStacktrie/a8f20c0136871d7a8b3bc39679ff0304d36c2b53
=== RUN   FuzzStacktrie/a98707b5bc6b76bd477d9fb68db7a85307a2e90f
=== RUN   FuzzStacktrie/ab5c6bc39fa5d44a13faf430fa8d66133d1bd09b
=== RUN   FuzzStacktrie/ac6661cff45b9c2fa57ab022c5da71cc2cec7f0c
=== RUN   FuzzStacktrie/ac739e76c7db8282baf0c5f38961097ab014a5fa
=== RUN   FuzzStacktrie/acc4e892d7db7f77322f6de9f412765986922db9
=== RUN   FuzzStacktrie/adc83b19e793491b1c6ea0fd8b46cd9f32e592fc
=== RUN   FuzzStacktrie/add8b3599d5450f959c8b8bd962dc57443acdd25
=== RUN   FuzzStacktrie/ae4ab25be2cafe78229bca87c1c1ddb49aa020f1
=== RUN   FuzzStacktrie/aeb3ff4dcf908a0454303f1c731912d1f9fdea1b
=== RUN   FuzzStacktrie/b03f82bf21ce82adf254c7bd3db6e606c28e08e6
=== RUN   FuzzStacktrie/b073c86d2d3f663e3a6bc3341bde3f0a0db48b20
=== RUN   FuzzStacktrie/b0d3e7475d257dc15a50c235b108025c59eeb1a5
=== RUN   FuzzStacktrie/b0ddf9cdf1f7ac1b1b20eb57cccbfd8f40283434
=== RUN   FuzzStacktrie/b157559c120e012e3de59ad7f39c0e7b060a853b
=== RUN   FuzzStacktrie/b1903a62e7c788d494a0bb77fb9c56f1e0c01429
=== RUN   FuzzStacktrie/b194b376afb5474dbf6b551fa0832b54a9e39ac4
=== RUN   FuzzStacktrie/b1cc5acf581267a4ce4635d4b7abb817db4e904d
=== RUN   FuzzStacktrie/b281f0eef04d2845b5e7f494e779f842764271be
=== RUN   FuzzStacktrie/b328ce9dc148f50fc1ff73c9d2ca404bd9d9baa8
=== RUN   FuzzStacktrie/b692106ccfccd18a6649cee08bf3708ba7b010e1
=== RUN   FuzzStacktrie/b70fe58aa124ac1ce3371a0f6a3ce473b6a1991e
=== RUN   FuzzStacktrie/b725288b3e90a17f44e8cf1e2a2f3817cc00366c
=== RUN   FuzzStacktrie/b7632951871e973237400f5eaa9a80e6b0cd930f
=== RUN   FuzzStacktrie/b7743b69e86917f2248e0ffccef48699cbb1d5de
=== RUN   FuzzStacktrie/b8b5f1e3ccc09794e8ec934986fac9d99032976e
=== RUN   FuzzStacktrie/b90c5bb374cb6fcdc31e5ff83fb3defd6d8093bd
=== RUN   FuzzStacktrie/b9767c9a3ec065cdf5ef11a56bbd46e4138bb449
=== RUN   FuzzStacktrie/ba01747d2b3e808cfeef3b9c9f3b5f45f991d30d
=== RUN   FuzzStacktrie/bad166f38be19be3636d31c7c9f57e1b472936e4
=== RUN   FuzzStacktrie/bb43ff17ab6f8bc0bd02bc6eb220d5f596f4eda0
=== RUN   FuzzStacktrie/bc81357384a9e8a1101332f7d391ea43345b12f1
=== RUN   FuzzStacktrie/bc916ff6c90fe9ffbef95aa24726bec0c81d6961
=== RUN   FuzzStacktrie/bdf04dcc794c3ebd8a97a8f56a221e9dd9b6b432
=== RUN   FuzzStacktrie/be5d1b9a88a236110142144b2bb582c1ef42a142
=== RUN   FuzzStacktrie/bff0705bd7a10449aefcca0397a3ffa002e00664
=== RUN   FuzzStacktrie/c08eb9ed03233799994dc8e00c11089307534b71
=== RUN   FuzzStacktrie/c0ff2e9dfcbe2d3a5565a58360fa0355a0c6a865
=== RUN   FuzzStacktrie/c13fa830a1df82e2f1ef2f1ee9d74203b28711fe
=== RUN   FuzzStacktrie/c151088ff84c612a11ea833a0810007fcafad513
=== RUN   FuzzStacktrie/c17b4ee1b4aaa8cad890a33a1ff7aaa2174fe89f
=== RUN   FuzzStacktrie/c17d59f652db0699a9ac0fdbd0dd6ef03a9767ca
=== RUN   FuzzStacktrie/c1dfd96eea8cc2b62785275bca38ac261256e278
=== RUN   FuzzStacktrie/c2198377f910f522eb179e173359ce36216faca3
=== RUN   FuzzStacktrie/c27f07372a8a3aa4ee19ba1ae3dfb6686968e7c3
=== RUN   FuzzStacktrie/c2b718e2b3803a23c0102cbc8db2db908e7bca08
=== RUN   FuzzStacktrie/c386c45dfd8950e0bbd81f2a5e6236c19f08d98d
=== RUN   FuzzStacktrie/c56964f75ff60d43239a65b944d6efd0596ddbd4
=== RUN   FuzzStacktrie/c56b6646486d3d173b6768e07670d939389eb66f
=== RUN   FuzzStacktrie/c56c998179c62fbc6fee1daaf09f4933d576db5a
=== RUN   FuzzStacktrie/c7d2ee7102b19fd854acef5766b58f8be720a7cd
=== RUN   FuzzStacktrie/c84e65d0d8171583cca6e9a6160651b3eba81261
=== RUN   FuzzStacktrie/c911d3f61bf7f2eda0f05d446a553e1f40ca9fb2
=== RUN   FuzzStacktrie/c927faaa419fda7b3b6a5493be861fb526f8bab7
=== RUN   FuzzStacktrie/c96bdf1b5af97456f54cfb9eb0e5455a8715ab24
=== RUN   FuzzStacktrie/c974091c7fa7b1bbe7e22cfdd02cb45e432d19e2
=== RUN   FuzzStacktrie/c9df13ea46a3b19c3db94b637e0183c3a9888122
=== RUN   FuzzStacktrie/cb9ed385e2f5b67f09a573ea3b04c3272d7211a2
=== RUN   FuzzStacktrie/cc79bc13c6f718f6593fbd5e133bb4178771e9b9
=== RUN   FuzzStacktrie/cd320f4480aff96bd703d20a975ed99b807015f3
=== RUN   FuzzStacktrie/cdebdebe54369ab5afca6a238a9ca350d32b1816
=== RUN   FuzzStacktrie/ce18166b0d98d5b70966c5b612248a94ab8e3afb
=== RUN   FuzzStacktrie/ce424f62a7f0b655acb3b3d6fdadbb20972ce6ff
=== RUN   FuzzStacktrie/ce5f1137e02cb506c41024824295ac0f63e6ced6
=== RUN   FuzzStacktrie/ce7b86a162bc4daa0d29ea7c799426769348f7e7
=== RUN   FuzzStacktrie/cef9d44b5e75ae42f01ad21d7ecd2c6910032eef
=== RUN   FuzzStacktrie/cf08a60055216dafe4d4a094a90575e14018d6b2
=== RUN   FuzzStacktrie/cf2ad167665a67683ed600366be9dd03fae947f3
=== RUN   FuzzStacktrie/cf3aacf6992323b9367fbbfa262174660c5940e5
=== RUN   FuzzStacktrie/d018515071e53e5288be0426a14cb0bb538a3183
=== RUN   FuzzStacktrie/d13c6bab99a36e409ac4c6456db542aab77c166f
=== RUN   FuzzStacktrie/d16341e8c1d3a8ccd80fd3ea5f2b5427bf1769bc
=== RUN   FuzzStacktrie/d1ad03aeed0e888c3f938dc1e3f15a7033142421
=== RUN   FuzzStacktrie/d233e65a4bcfb7c61337263f1527cc23575f0a0f
=== RUN   FuzzStacktrie/d2a066ad69dfc834936b83095fbd617805985249
=== RUN   FuzzStacktrie/d2bf22844447f486faa1c07d58b0bbcc1aa0cf16
=== RUN   FuzzStacktrie/d2ee2483cbf53ef9ac2795bd01bc960c77f53275
=== RUN   FuzzStacktrie/d34a0c873686c0d9a47c87f2253bb948d36f61bb
=== RUN   FuzzStacktrie/d440eb8061e7d3a71dccca36fe91cba55c01040e
=== RUN   FuzzStacktrie/d72a4eca69e670540277730f4571b35bfe73fff8
=== RUN   FuzzStacktrie/d78f4f23f7458b015b2fdac0b4163ab8b5db6878
=== RUN   FuzzStacktrie/d7fac462f8979cfafc2ea4e82cd6d1c12bfabc3a
=== RUN   FuzzStacktrie/d85b26f5205e02fbff0024a81aafd199c81d292a
=== RUN   FuzzStacktrie/d871083b08c19606f733ff467f9124fd032c28c0
=== RUN   FuzzStacktrie/d91c8ddfb7a1abcc2eb0e73080720e6d59559ffe
=== RUN   FuzzStacktrie/d964628b28c7bfc1cc3f7b2d952cd0c510fb068a
=== RUN   FuzzStacktrie/d97851685651296c6362d4b79de3caf09b9ad1a0
=== RUN   FuzzStacktrie/d9b78d59ed1a5238e7b6bb148ad022cfc1eccc0e
=== RUN   FuzzStacktrie/da70fc9ea2463857437896696e52d431ca3541dc
=== RUN   FuzzStacktrie/da8bceb054fcda93907bbfab3229ab63322e4f6e
=== RUN   FuzzStacktrie/db30f094e446bef452da2cb6c730799fb259b40d
=== RUN   FuzzStacktrie/db688e2d2329022fc5f76ef6a200397cee2f1086
=== RUN   FuzzStacktrie/db6e75a7c5f50d3afe7e9623d31d4b8be1b86b0a
=== RUN   FuzzStacktrie/dbc4c1be95004fa954d30a7e192d8023d518c248
=== RUN   FuzzStacktrie/dbd43bbf32f2bb07a96274a3eccbab3753668a26
=== RUN   FuzzStacktrie/dcb9c87eaf2f82131ba9f4c526f2c70f17184d8d
=== RUN   FuzzStacktrie/df14ff1dcffbe12e929fbf585ea0c984135832e8
=== RUN   FuzzStacktrie/df504b4724fac3c54a19a9c4fb30cb6f1dd74f16
=== RUN   FuzzStacktrie/e01cdd64bd1322e0945a18fdb57eafe2a63479e9
=== RUN   FuzzStacktrie/e086573a4e6b97a000f0913b5570c8caf357b264
=== RUN   FuzzStacktrie/e136c39d53a7236b56dee91a488a80053ce9427b
=== RUN   FuzzStacktrie/e1a50ec8f578adf88b7c9ee4bd99473814b4b90e
=== RUN   FuzzStacktrie/e1d923d7cb6d5fcc3fc7de681c4d07328f7b4617
=== RUN   FuzzStacktrie/e1fb6019852a69d8bc03d2ad8adaa0190e598c92
=== RUN   FuzzStacktrie/e24f5ccd90191f0ad8a81da8ec0835fe88c09eb0
=== RUN   FuzzStacktrie/e360df11f815ff71135a4d6f1f3447a3b1b97317
=== RUN   FuzzStacktrie/e44d1e588a05e4e440080c2f5243f53b8d53a33b
=== RUN   FuzzStacktrie/e6fbe12f682c4c582dd30141455a649f1d4262a1
=== RUN   FuzzStacktrie/e78aac3ea01cba253cce2ac88169feff378dd6b2
=== RUN   FuzzStacktrie/e8718e3ceb9baa3f3b3955ad9877ed9114730513
=== RUN   FuzzStacktrie/e932b9b91b8d674dcf0189d58d08826809e02765
=== RUN   FuzzStacktrie/e948f8b9911edfda9353fc7b7eb1681afcb22c67
=== RUN   FuzzStacktrie/e9eae7d62f0a48b44a2dfc427067991d9037be29
=== RUN   FuzzStacktrie/ea3026ae07876698790b4e50126406ec3ad3f442
=== RUN   FuzzStacktrie/eb3d826dfa9d2dcb47dd415a574d24b3451b846d
=== RUN   FuzzStacktrie/eb53eea9391db92c3ba90cb18d68cd1159affad0
=== RUN   FuzzStacktrie/ec713c700f3c6ad0f698012ee6257c0cc66fa6d1
=== RUN   FuzzStacktrie/ee5d25ba5bbe01cfa3d563ee3fed226ac4688bf5
=== RUN   FuzzStacktrie/ee6e998a913c000128f7b1639d1690097636fe3e
=== RUN   FuzzStacktrie/ee7c7c1bf2e7c7b962dfef83759a678c616f4922
=== RUN   FuzzStacktrie/eed7736cbc939c8ce5872347a700b4b1ce2d50b6
=== RUN   FuzzStacktrie/eee99d3469ff091b203f151bd27c9a1675de2074
=== RUN   FuzzStacktrie/eeff9c7f40ac1ff9c58cc7c324f70a85a532e380
=== RUN   FuzzStacktrie/ef85c50c3dc3f3e92f767d8a2f9a0831b2289a23
=== RUN   FuzzStacktrie/f191a7d645c64ac48da9cfa25a341ca08957e645
=== RUN   FuzzStacktrie/f1d2f2e20ad520acda06aec48cd19dc6a9f7c4d7
=== RUN   FuzzStacktrie/f316c79c86f212af480bc3d0fb6d21d3f4242ffb
=== RUN   FuzzStacktrie/f3365907470ac01c5a2a0bd0d72194ac105eb9b3
=== RUN   FuzzStacktrie/f473b1cb905659eeb647834775f595f082d9a079
=== RUN   FuzzStacktrie/f480efc194c96fcdb8d7455abb72d273699f8999
=== RUN   FuzzStacktrie/f52b5eafc002e1792f24cb907a44d8ab189e15cf
=== RUN   FuzzStacktrie/f5a068755f357cf358f1c3697eca9201275399ec
=== RUN   FuzzStacktrie/f5e83b57ce0ddc601f42235b724881764efecc6f
=== RUN   FuzzStacktrie/f71e3812163f6a752f84893e42fc74ae36d48162
=== RUN   FuzzStacktrie/f7b51aaf9737b73e386003613de32b4a895aa696
=== RUN   FuzzStacktrie/f81a46280dbde193090bd7995544a547feb0d29e
=== RUN   FuzzStacktrie/f910d9333311619c979e2424128a2e34b0d527ca
=== RUN   FuzzStacktrie/f924f94b4b3c0255b87b6370de28ca1850ab7c76
=== RUN   FuzzStacktrie/f9b8100d4b6b354369930653f637746608a62824
=== RUN   FuzzStacktrie/fac0935a7e14aa8f5784ee353d989a5c5955067f
=== RUN   FuzzStacktrie/fb9ff698902ce57198ddb78dbc89c6ec97477319
=== RUN   FuzzStacktrie/fbe6c5b7be35be64df8bd5bc92752a0a8eee6781
=== RUN   FuzzStacktrie/fcb534ba4cb235089e32851ae1bb33811a67757a
=== RUN   FuzzStacktrie/fd05a8c18f1c0ecb52747ee5ea9310dc6c05b5c0
=== RUN   FuzzStacktrie/fd4fdb78f2cab6ef937740bcad37abcb382120ca
--- PASS: FuzzStacktrie (0.13s)
    --- PASS: FuzzStacktrie/005b7367afb442ffb3398cf91f9276505f44f0be (0.00s)
    --- PASS: FuzzStacktrie/00d4bbc137a78e2581378b8f2af42e770b686330 (0.00s)
    --- PASS: FuzzStacktrie/042c7c06a472ae40ca0a68993adba986829948b5 (0.00s)
    --- PASS: FuzzStacktrie/056babb1e6eb19532dd24a8f9a03c02340872a9f (0.00s)
    --- PASS: FuzzStacktrie/05cdfece5ed2c7004bb4e11b69f8553e626c4a77 (0.00s)
    --- PASS: FuzzStacktrie/063112cf2573e53bb1ce1a9c41f0aa3d2b91fcd7 (0.00s)
    --- PASS: FuzzStacktrie/06473f762a4667018a0f70b5f726f1c5357fdca1 (0.00s)
    --- PASS: FuzzStacktrie/064fc3280adcf01b1b5660bc1aadd903083c9648 (0.00s)
    --- PASS: FuzzStacktrie/0691f63e8ea73be023f3ff1fc6eae806ebac2145 (0.00s)
    --- PASS: FuzzStacktrie/06b49e2fdded19f51997ecd951542e5a7bcea4b0 (0.00s)
    --- PASS: FuzzStacktrie/06d85b5caf6bccab182964f8005d83457f476fd9 (0.00s)
    --- PASS: FuzzStacktrie/087717635b71423112e4d25b64520e465124af76 (0.00s)
    --- PASS: FuzzStacktrie/0963d9713888216f4dde06100a7e8efbbf5e2b69 (0.00s)
    --- PASS: FuzzStacktrie/0994ca42f8d629f02333936b93da9d4589cbc6b0 (0.00s)
    --- PASS: FuzzStacktrie/09c17802813f32edbc0372d6a92b245d4602ffbf (0.00s)
    --- PASS: FuzzStacktrie/0a1223b6dc762dcb0fdbeb6bcb4d7cb24efb5875 (0.00s)
    --- PASS: FuzzStacktrie/0a3dc88f3499112169885e74d554086b1cd94174 (0.00s)
    --- PASS: FuzzStacktrie/0aa6c2d5b233febb922558ce45999fdb20795a0e (0.00s)
    --- PASS: FuzzStacktrie/0aae4fe81f05f1d084ab5684e1fb30ec31c18fdf (0.00s)
    --- PASS: FuzzStacktrie/0afcfde6ae9259c294cbb8ea6e151604ba321b1e (0.00s)
    --- PASS: FuzzStacktrie/0aff095288f355469128a0e01d6e01e0eee33b89 (0.00s)
    --- PASS: FuzzStacktrie/0b9deaaa87654f8bf91351992f20bc62edab5c36 (0.00s)
    --- PASS: FuzzStacktrie/0dcabaab4fc4102806254ed324e282adeb123cb4 (0.00s)
    --- PASS: FuzzStacktrie/0e6effeec4fdc3ee0e5e9552fc4d45810572bddf (0.00s)
    --- PASS: FuzzStacktrie/0efe80d42d541c670a37047fd6b9c944ecca7cad (0.00s)
    --- PASS: FuzzStacktrie/0f7136447e166d2e09e5931ba8660b4ff6ae3d34 (0.00s)
    --- PASS: FuzzStacktrie/10fad42c60707d3ec658919feef138d80ef55677 (0.00s)
    --- PASS: FuzzStacktrie/11af32b6d80d4e1c3daf980953f2307c4cc07a86 (0.00s)
    --- PASS: FuzzStacktrie/1201903b12b4973a92f728cfcf46d4b962b62a1f (0.00s)
    --- PASS: FuzzStacktrie/1436d9569f625dce2f273c90cc6d0d632c3d8201 (0.00s)
    --- PASS: FuzzStacktrie/15ba8ce56457f1bf837102290d09c704f1c205b8 (0.00s)
    --- PASS: FuzzStacktrie/16dba5ca04e4f2662b57698c0a667788e58700a5 (0.00s)
    --- PASS: FuzzStacktrie/181340349257f71c6911f0ad2c955086f3310bfe (0.00s)
    --- PASS: FuzzStacktrie/185ba6ef3a2392666b692af26a40fbf40554b5b9 (0.00s)
    --- PASS: FuzzStacktrie/1a6a8621e8210f1affedc9a9956942047b438b83 (0.00s)
    --- PASS: FuzzStacktrie/1c6763f56a90090fae890b34519660346e5e8a11 (0.00s)
    --- PASS: FuzzStacktrie/1ca215079fe97846cb3a998cc3f0a1dcfa5e8bd4 (0.00s)
    --- PASS: FuzzStacktrie/1ca3579d6c1b882f5c1f1d8ed043b1de09acb3cc (0.00s)
    --- PASS: FuzzStacktrie/1cca7ce7a368b2074a0dda26c95c915dbad35c32 (0.00s)
    --- PASS: FuzzStacktrie/1ebc3b0919b797ff9a19435d21ae6f819b03bbf6 (0.00s)
    --- PASS: FuzzStacktrie/1f06edd8eeff60c906806f28f7aca7cea33df63c (0.00s)
    --- PASS: FuzzStacktrie/1face9705c98c2eeb4f2f403989547b938b64151 (0.00s)
    --- PASS: FuzzStacktrie/1fe64b2f685dd58c40b6bc8d6b61ce91e43d1b05 (0.00s)
    --- PASS: FuzzStacktrie/20bb49f1e4ae1efae8617e2c4b7c9690cce09548 (0.00s)
    --- PASS: FuzzStacktrie/2237d62eb74e1d52b475052b9d376591d893c7fc (0.00s)
    --- PASS: FuzzStacktrie/233bb13b36e88ecec62b181de6aae8a69fffc8a8 (0.00s)
    --- PASS: FuzzStacktrie/23e7f695dd6438d40abf17f367e61a5527fab3b6 (0.00s)
    --- PASS: FuzzStacktrie/24d932bf36de35a3da4594da686b1133ccc3777a (0.00s)
    --- PASS: FuzzStacktrie/24f6a40ed4925d57395262a36c24f20d9e65d94a (0.00s)
    --- PASS: FuzzStacktrie/250b687ee1a56a74fabd25c0448e323af4bf77f1 (0.00s)
    --- PASS: FuzzStacktrie/250ba0697fbc8e33737b93102b057e77c6df3722 (0.00s)
    --- PASS: FuzzStacktrie/26610501955c250445420e858d64a77fba072334 (0.00s)
    --- PASS: FuzzStacktrie/268a1a8e0ecad74b56efcca0e0f907389b28b235 (0.00s)
    --- PASS: FuzzStacktrie/27089d2bd777c2e3ff5d57770aa3d822133ea56d (0.00s)
    --- PASS: FuzzStacktrie/2843bf92229280940f84652241f66c4b2367c0f9 (0.00s)
    --- PASS: FuzzStacktrie/29d623b1c2e045228e00637f68eff50ea77d265e (0.00s)
    --- PASS: FuzzStacktrie/2a472596cb259d25b0916298ab239792984fc92d (0.00s)
    --- PASS: FuzzStacktrie/2b1efb056d978da904cd6b3dc4e5955f61777595 (0.00s)
    --- PASS: FuzzStacktrie/2d973759995c36d219d861031761c6d44463c4bf (0.00s)
    --- PASS: FuzzStacktrie/2ea554272aec5978d16d3ff2e50f2b2efa87f137 (0.00s)
    --- PASS: FuzzStacktrie/30ca0c65cf1487050784f38a674b3d890732630e (0.00s)
    --- PASS: FuzzStacktrie/30f0b5f4efaa543fe7ba5ce7f1ca34eb3cc77c77 (0.00s)
    --- PASS: FuzzStacktrie/31f8c28d48e424a4def7fa500cf551dc210f9831 (0.00s)
    --- PASS: FuzzStacktrie/33cb7c88dbc99df2509cc84d0f812d322fbeceb9 (0.00s)
    --- PASS: FuzzStacktrie/34ba31fc5d78b7a4946b766d5bbebe24527f86f0 (0.00s)
    --- PASS: FuzzStacktrie/34dea97344b6f7519aa529eae120ca0e89f5c768 (0.00s)
    --- PASS: FuzzStacktrie/3603183889f97a5c17e14b44398f64286bf9d111 (0.00s)
    --- PASS: FuzzStacktrie/361a12a87650e7770c8fe3935d9d3762930a6e6c (0.00s)
    --- PASS: FuzzStacktrie/3823fe6a790e9a5df230ad4b6e0a3bc98b43b0c9 (0.00s)
    --- PASS: FuzzStacktrie/38ff354974194c44704a16135dcf768b2310ae7b (0.00s)
    --- PASS: FuzzStacktrie/3a2768ad3fce8d2d3d458d59900078ba75baf770 (0.00s)
    --- PASS: FuzzStacktrie/3b1c164dfb62d8d9fbdf885c77cf7b9f0f085634 (0.00s)
    --- PASS: FuzzStacktrie/3ca8902297645192b1aff20f7933a89ee620cc1b (0.00s)
    --- PASS: FuzzStacktrie/3e1065d1a29a188d1c452248062d0e97628d8cb7 (0.00s)
    --- PASS: FuzzStacktrie/3e804210b3ce273782606ee24ffc7e5c9a8f095f (0.00s)
    --- PASS: FuzzStacktrie/3eb55f109f070c79b3a13200c0b8e57b89623561 (0.00s)
    --- PASS: FuzzStacktrie/3f6164c73b7ae9eb67db20a8e32537345287e71a (0.00s)
    --- PASS: FuzzStacktrie/3f61f2e210607970d88e923c6dc12e9b8b02da18 (0.00s)
    --- PASS: FuzzStacktrie/3fa1235b8512f02a0f1c1b164dd41366c20b0644 (0.00s)
    --- PASS: FuzzStacktrie/4092533de715755ff76a1a194893fd172fb859f5 (0.00s)
    --- PASS: FuzzStacktrie/40f35ea395868106407cd700c948e8bbf6ac8852 (0.00s)
    --- PASS: FuzzStacktrie/4165b512c5e7293952024f8782c0cf39c24752d2 (0.00s)
    --- PASS: FuzzStacktrie/41eb53037bbb3c9c23472734f63d6eb90947eb64 (0.00s)
    --- PASS: FuzzStacktrie/42827e04299ca9402d63b9065d88c3fe8a9ad4e8 (0.00s)
    --- PASS: FuzzStacktrie/42f77534d0c030b5af00f9996eec610a782c6c5f (0.00s)
    --- PASS: FuzzStacktrie/4338d4ec1c0710e0c059abdd438e2c67ce89d918 (0.00s)
    --- PASS: FuzzStacktrie/450d3c4bfe3ad57444081e00d325620c18d0803d (0.00s)
    --- PASS: FuzzStacktrie/462ea98628a6fb50717703a5c775c43424b8938e (0.00s)
    --- PASS: FuzzStacktrie/4646f77e63dadb7b1881db96dd622c9f509b9011 (0.00s)
    --- PASS: FuzzStacktrie/4674d69aea77c2119bd202e1ce8931cb844803c0 (0.00s)
    --- PASS: FuzzStacktrie/4727478189334c51ed94e1a4a79ab040477b3178 (0.00s)
    --- PASS: FuzzStacktrie/47d2efbea7f932897ea4ea970a8b74608c3ed3c5 (0.00s)
    --- PASS: FuzzStacktrie/48a430d2709b5fb099d2c2feb2fcdc27c43e1539 (0.00s)
    --- PASS: FuzzStacktrie/49518b630e76b41d294cc056c235b293feda013d (0.00s)
    --- PASS: FuzzStacktrie/4a6f4eeffaa36ae073dfdb0bcfd0d85e3633149c (0.00s)
    --- PASS: FuzzStacktrie/4a7e3ce4a0f80154fcefe4a832a85004c2066428 (0.00s)
    --- PASS: FuzzStacktrie/4a8f45df55f812b10230c3f2b9a998d7b5264886 (0.00s)
    --- PASS: FuzzStacktrie/4aed1cf4ac007fc6c92454afc60e41c1b6a3b187 (0.00s)
    --- PASS: FuzzStacktrie/4beee4c10b3113dbcdb665062be52b7dc03d2e75 (0.00s)
    --- PASS: FuzzStacktrie/4c631a018aba877fa70ac8f6cdef80f5f2449515 (0.00s)
    --- PASS: FuzzStacktrie/4de0dee5ff5a7d303d6f5b9c77a96a838d7d4e41 (0.00s)
    --- PASS: FuzzStacktrie/4e0155914a3a2ba1b26f4b6d39fc509bf764eab1 (0.00s)
    --- PASS: FuzzStacktrie/4e76bab038e2fee9cdc997d378fe8795d354d0de (0.00s)
    --- PASS: FuzzStacktrie/4f612e842d5434ab3cdb2bb0a285e954a72c0a73 (0.00s)
    --- PASS: FuzzStacktrie/506ad861e8e2efdbf09e9215fb976a136f8256ce (0.00s)
    --- PASS: FuzzStacktrie/52080755317ac1f728030ffbe3b351de0ddeb41a (0.00s)
    --- PASS: FuzzStacktrie/52ae79705556e287ce98e7e145688967872e31be (0.00s)
    --- PASS: FuzzStacktrie/534315c95d17fddf8f9c53a5e75a8194efdf538d (0.00s)
    --- PASS: FuzzStacktrie/544d8bac571034efc1359bf1f6fe8be013ddb6d0 (0.00s)
    --- PASS: FuzzStacktrie/55676bd068feaf71e4cdcc498862fb7d25e1422f (0.00s)
    --- PASS: FuzzStacktrie/56085de1688a141f82d2dbbbc885b161cae19979 (0.00s)
    --- PASS: FuzzStacktrie/589acb4fc3dcccca649867cc2f9367c2661c07c2 (0.00s)
    --- PASS: FuzzStacktrie/58bb3fb66e6c950f2b881ed71f011d928275f027 (0.00s)
    --- PASS: FuzzStacktrie/58f0dc748d3d810c74bf91c4d1a742c00db1def3 (0.00s)
    --- PASS: FuzzStacktrie/58f3f1ab38b862bad99cc094cb42194e696c7c6a (0.00s)
    --- PASS: FuzzStacktrie/5be303227d5d186e2b648f264e5169309fed508e (0.00s)
    --- PASS: FuzzStacktrie/5d2f881932ceec54ddee8b00d35cbfaf7d948699 (0.00s)
    --- PASS: FuzzStacktrie/5e442596acfa62b22e5f2a22da31d140add74cd1 (0.00s)
    --- PASS: FuzzStacktrie/5e45a1fd76283d49492db4bd2d4060b6b13a4f2a (0.00s)
    --- PASS: FuzzStacktrie/5e95d06f2512f9dd37fa12c9ab4d8046b77fb266 (0.00s)
    --- PASS: FuzzStacktrie/5f183104ba0d94c1ac2099d35e403d6a601ecb90 (0.00s)
    --- PASS: FuzzStacktrie/603913141cc7bd4c031ce1d7582d3d26513677ef (0.00s)
    --- PASS: FuzzStacktrie/609cc6de21a5591417c971a072c382e9960185fa (0.00s)
    --- PASS: FuzzStacktrie/6163b57b016143968632546d255e0cee64828352 (0.00s)
    --- PASS: FuzzStacktrie/618742a46ff4238a589987b48857a9c189496251 (0.00s)
    --- PASS: FuzzStacktrie/61a92f642b2cf58f20bb1d706e4bb371e95857fb (0.00s)
    --- PASS: FuzzStacktrie/61ecadfcb69079761f2c538fec10210e4bcba127 (0.00s)
    --- PASS: FuzzStacktrie/634461fd406b3c2c43f8d31875156a7f3a41e903 (0.00s)
    --- PASS: FuzzStacktrie/63bd48681e20c3602b9c32797a4168b617b640f2 (0.00s)
    --- PASS: FuzzStacktrie/63c2f19661d16816fe76873ebd32232797004d95 (0.00s)
    --- PASS: FuzzStacktrie/63d4fee1cf9c366c5711ae3f62675471ab2a4396 (0.00s)
    --- PASS: FuzzStacktrie/64c7b98bbf66f5073d7858a3f944ec620040456b (0.00s)
    --- PASS: FuzzStacktrie/65d1d219345f8804918810bf6de57594c7b1df93 (0.00s)
    --- PASS: FuzzStacktrie/66254b9d2b1028ba8ea7fd549193dcccca9cc42f (0.00s)
    --- PASS: FuzzStacktrie/669884b55cf1065835ab02a7fd3794a6febea688 (0.00s)
    --- PASS: FuzzStacktrie/66d9c3bdac68d596aa5d0466fcf04ac4ca1ef23f (0.00s)
    --- PASS: FuzzStacktrie/67c0a334886641e3f27eb1694255148a99da88d7 (0.00s)
    --- PASS: FuzzStacktrie/67e6223d8e5c4e1adcaa6efaafc51819090259b5 (0.00s)
    --- PASS: FuzzStacktrie/68f07499af1820a502fe7c8a2bfc8a66e88a2536 (0.00s)
    --- PASS: FuzzStacktrie/690629b32a6baf6c9e3de0b64912b08caa80b903 (0.00s)
    --- PASS: FuzzStacktrie/6914c487d8f559732088f1a10074cc6d91ad5193 (0.00s)
    --- PASS: FuzzStacktrie/699b39bde72d9ae8682d72a0ed318dbf8e892673 (0.00s)
    --- PASS: FuzzStacktrie/69d47955a6c09a9f802978284fcd7db627710f24 (0.00s)
    --- PASS: FuzzStacktrie/6ac813fa5c344c422acb16c31ceb1930fa8a477c (0.00s)
    --- PASS: FuzzStacktrie/6ae9ff47714af8052eaaac55094c0821baac378e (0.00s)
    --- PASS: FuzzStacktrie/6c8b2de7255fc92cdbe0607938aa14f01bc8e6c8 (0.00s)
    --- PASS: FuzzStacktrie/6f0511d67c9948484ee4005498e7da9494e72646 (0.00s)
    --- PASS: FuzzStacktrie/70127d9cc2856d51db97118ae9118ed36484f34d (0.00s)
    --- PASS: FuzzStacktrie/70f56b6716224563027b7923ecb8e082a347599a (0.00s)
    --- PASS: FuzzStacktrie/7351d9f20b8ce5e69856619db42a1a69e953cf22 (0.00s)
    --- PASS: FuzzStacktrie/7508444960adcb8c4f023d137b492cd35ca19b95 (0.00s)
    --- PASS: FuzzStacktrie/7534f8417d55108d7a497c30177b9eed631ffa72 (0.00s)
    --- PASS: FuzzStacktrie/760054049d9dfad8dbacb5d11d60889735015867 (0.00s)
    --- PASS: FuzzStacktrie/76697f7cf6d72ade534a3b259c0a13cf6f3b8cf0 (0.00s)
    --- PASS: FuzzStacktrie/777a889824d1137ece799fb341303659116e9a29 (0.00s)
    --- PASS: FuzzStacktrie/79b3ebfe707f86651d9fd2ae690a841dbe844881 (0.00s)
    --- PASS: FuzzStacktrie/7ad6570ca6d2b3b11063bd209e4d85aa9324671b (0.00s)
    --- PASS: FuzzStacktrie/7b1e9081965d9fdcae713f0f5b025dce7626f434 (0.00s)
    --- PASS: FuzzStacktrie/7b724afd8f96bb82535d0418b3beaf514c9fcb17 (0.00s)
    --- PASS: FuzzStacktrie/7b80fee0272e8ab09062e8e71aec39be46c01f92 (0.00s)
    --- PASS: FuzzStacktrie/7bde05c06424707c7f689708275a633a929c4c09 (0.00s)
    --- PASS: FuzzStacktrie/7d24031b4b7b0493a9bfb91bac96848c3110d1a4 (0.00s)
    --- PASS: FuzzStacktrie/7d6ddc0cb63c3278e34531f5b7ac00a412182e77 (0.00s)
    --- PASS: FuzzStacktrie/7e9a4b36d5c8e5a0fb9feeeda95353e7f77e39a3 (0.00s)
    --- PASS: FuzzStacktrie/7f01171aa734567d1f574311e874c6d1957f786a (0.00s)
    --- PASS: FuzzStacktrie/7f081effd25f421d8044c88f5db6f4f7e71ca8cd (0.00s)
    --- PASS: FuzzStacktrie/8090dfa9f78c7599dcf603638410bb861bba4c10 (0.00s)
    --- PASS: FuzzStacktrie/80e479cf290b2cbfeb98f0ebc2d6347457679b2e (0.00s)
    --- PASS: FuzzStacktrie/8205258bb44f4d7f4ccc20f68a5c97f20d586987 (0.00s)
    --- PASS: FuzzStacktrie/82785d4b632bc3215e6464b9ba3b48a60681f97a (0.00s)
    --- PASS: FuzzStacktrie/83936338f883968ffdf28ec4836584a36b40f12f (0.00s)
    --- PASS: FuzzStacktrie/85e0d50192f99a52f284fb0e93cde565d9606ae4 (0.00s)
    --- PASS: FuzzStacktrie/86dc2ab5ed1acc660b9a7dc03da23ea8314c8ccc (0.00s)
    --- PASS: FuzzStacktrie/87a9f7e4532d1aeb8ac2ed5c384060f82e845576 (0.00s)
    --- PASS: FuzzStacktrie/88202da7be1c2ba54e14b94bdecc3c17e2bc321b (0.00s)
    --- PASS: FuzzStacktrie/883fabb5f6fef55571ca5f519ca3c16f47245c29 (0.00s)
    --- PASS: FuzzStacktrie/89583d5a7dea488854cebafd5ff14edf717033c6 (0.00s)
    --- PASS: FuzzStacktrie/89670f97e5e4861d42e8f2f37009240a78977d00 (0.00s)
    --- PASS: FuzzStacktrie/897ab61ad855a07b7455d2354ce964a4fbce1bd6 (0.00s)
    --- PASS: FuzzStacktrie/898d79a902e0596299c38669e2b5d8cd2a79559c (0.00s)
    --- PASS: FuzzStacktrie/8b872f117563371901c764aaef801e6e3ab65f10 (0.00s)
    --- PASS: FuzzStacktrie/8ba050697ccf81c302ffaba4bc2b08350f8a6073 (0.00s)
    --- PASS: FuzzStacktrie/8c7216bf610e16d4b8b1ecb64cf18f8c5c4c4f16 (0.00s)
    --- PASS: FuzzStacktrie/8cf935ad7c734f0e72f31e931938951daa7689e6 (0.00s)
    --- PASS: FuzzStacktrie/8d522e07bd6ea36c8bd68f4d78cbd402f312d0b0 (0.00s)
    --- PASS: FuzzStacktrie/8e073375ee047fd4fc10c170ecd468795f7fa8d7 (0.00s)
    --- PASS: FuzzStacktrie/8e6b8d26876a9ca2f72275dadad78a718183a0c5 (0.00s)
    --- PASS: FuzzStacktrie/8ec1434760e47bd1a83c8d9a2274ec7c99ee0beb (0.00s)
    --- PASS: FuzzStacktrie/8efbb9c04c87add2d9552e9f68c7660a3f1ee7d7 (0.00s)
    --- PASS: FuzzStacktrie/8f27084b6294ddbe28dbcbf98f798730e8a79289 (0.00s)
    --- PASS: FuzzStacktrie/8f34e3ca142ca0d72beffe8da79131594e1c16e5 (0.00s)
    --- PASS: FuzzStacktrie/8fb4c0160b49eaca6f26717c8946a84d72325c8d (0.00s)
    --- PASS: FuzzStacktrie/90681561f930e97563331ec18075b8bd75179104 (0.00s)
    --- PASS: FuzzStacktrie/9069ca78e7450a285173431b3e52c5c25299e473 (0.00s)
    --- PASS: FuzzStacktrie/91e64191d9a591809135c28633b6ea09fc014117 (0.00s)
    --- PASS: FuzzStacktrie/9221cf4ccad4edb142e7c624c3aab3da55522867 (0.00s)
    --- PASS: FuzzStacktrie/92d360e614f02af4c613d90227c5e42b82c770f5 (0.00s)
    --- PASS: FuzzStacktrie/934a17c024aa23ce41d61a5c85b7551a4e2c52d6 (0.00s)
    --- PASS: FuzzStacktrie/9443efbd84e40d1ab847670b46651a13a925eddd (0.00s)
    --- PASS: FuzzStacktrie/950dde4b3e3fde3ce5974414c5bb99c17dfbf067 (0.00s)
    --- PASS: FuzzStacktrie/95495201db8e23dbf894d0dc6610d52ee915a67d (0.00s)
    --- PASS: FuzzStacktrie/959d021463a670e4b9ff7aad83ac4021eb4667e6 (0.00s)
    --- PASS: FuzzStacktrie/95e407ec29fd954744be54b83fb068ad2b344b5e (0.00s)
    --- PASS: FuzzStacktrie/960570c19198162f0d20ff76f971da78bf04ebe8 (0.00s)
    --- PASS: FuzzStacktrie/973d27b44d9d3e59f2d4295351e3f6f78ed2d2c7 (0.00s)
    --- PASS: FuzzStacktrie/97b08915e4bdb58c458e8524550adc4a03f83307 (0.00s)
    --- PASS: FuzzStacktrie/97df402ec6552597b3ac2a02143ef96f845ec84f (0.00s)
    --- PASS: FuzzStacktrie/9a117129c2277910b2ab6f6c005d63e6762fcb45 (0.00s)
    --- PASS: FuzzStacktrie/9a2afde2264886608660f94d27977b41dac3ee70 (0.00s)
    --- PASS: FuzzStacktrie/9b64b94882a6121fcab2b990839b004caae4846a (0.00s)
    --- PASS: FuzzStacktrie/9d35522f3f283121932d79faa5339d25ba56201e (0.00s)
    --- PASS: FuzzStacktrie/9e245135bc3435368b9a929e541e2f751c57eff9 (0.00s)
    --- PASS: FuzzStacktrie/9e6c7967c0cf3010627bf3a2bbd60df237f6b661 (0.00s)
    --- PASS: FuzzStacktrie/9e92e00b596cff0b4be03c15866f5ec3b5871b03 (0.00s)
    --- PASS: FuzzStacktrie/9ea548d844d8feb48e67f7c98fa58da15f660efa (0.00s)
    --- PASS: FuzzStacktrie/9f0dd9b75a228b96dfeba7a07c695ebe805bfe8e (0.00s)
    --- PASS: FuzzStacktrie/9f695c67464513896dc2541cfe6bf135d0f42f1c (0.00s)
    --- PASS: FuzzStacktrie/a11973649c7882044628eb55a669be978b06f130 (0.00s)
    --- PASS: FuzzStacktrie/a18a5618e69dd8a63217f6ff65537cc720be40d7 (0.00s)
    --- PASS: FuzzStacktrie/a1f043f2f0b8c90f0dbc1c597e477b056d4d9a4c (0.00s)
    --- PASS: FuzzStacktrie/a23981222f168f6020ca5639d85044051a634cdc (0.00s)
    --- PASS: FuzzStacktrie/a23fb0aa44f5f92fd5fea56ebafe8903dbc4e50b (0.00s)
    --- PASS: FuzzStacktrie/a2460a227fca08432d90f20572a8f1ea6041d6e9 (0.00s)
    --- PASS: FuzzStacktrie/a292333db2d19d714ae7adfe794043942cbf94fc (0.00s)
    --- PASS: FuzzStacktrie/a2c76de75d1d6e0ad8e943ef1403c767654bbf75 (0.00s)
    --- PASS: FuzzStacktrie/a2dd22d9d74fde8a50cfdfc374fa881a4cfc138c (0.00s)
    --- PASS: FuzzStacktrie/a2e97cb00171442277a395dc7f0e2349e69ab0ac (0.00s)
    --- PASS: FuzzStacktrie/a3087b895705e580aa7d5226ead016d804cc9c22 (0.00s)
    --- PASS: FuzzStacktrie/a4709b933720b39e9d106510b0d8e48716f5b73d (0.00s)
    --- PASS: FuzzStacktrie/a587bb93fbb3a52a70738bad38bc6c32e578b4b9 (0.00s)
    --- PASS: FuzzStacktrie/a5cec1e51de3acd15b7a452e27d48f9b7c4e60ce (0.00s)
    --- PASS: FuzzStacktrie/a73351d20e05d2c0fe18f1fe5a537e2d2cb4b95b (0.00s)
    --- PASS: FuzzStacktrie/a75cd1a655961a84385885afd1520aacb192a3cc (0.00s)
    --- PASS: FuzzStacktrie/a77d5286e49fbefa99a53fb1d33a2672d0a820d6 (0.00s)
    --- PASS: FuzzStacktrie/a852aaab997b489b4a37ab8bcee40a6bf97f1d2f (0.00s)
    --- PASS: FuzzStacktrie/a8f20c0136871d7a8b3bc39679ff0304d36c2b53 (0.00s)
    --- PASS: FuzzStacktrie/a98707b5bc6b76bd477d9fb68db7a85307a2e90f (0.00s)
    --- PASS: FuzzStacktrie/ab5c6bc39fa5d44a13faf430fa8d66133d1bd09b (0.00s)
    --- PASS: FuzzStacktrie/ac6661cff45b9c2fa57ab022c5da71cc2cec7f0c (0.00s)
    --- PASS: FuzzStacktrie/ac739e76c7db8282baf0c5f38961097ab014a5fa (0.00s)
    --- PASS: FuzzStacktrie/acc4e892d7db7f77322f6de9f412765986922db9 (0.00s)
    --- PASS: FuzzStacktrie/adc83b19e793491b1c6ea0fd8b46cd9f32e592fc (0.00s)
    --- PASS: FuzzStacktrie/add8b3599d5450f959c8b8bd962dc57443acdd25 (0.00s)
    --- PASS: FuzzStacktrie/ae4ab25be2cafe78229bca87c1c1ddb49aa020f1 (0.00s)
    --- PASS: FuzzStacktrie/aeb3ff4dcf908a0454303f1c731912d1f9fdea1b (0.00s)
    --- PASS: FuzzStacktrie/b03f82bf21ce82adf254c7bd3db6e606c28e08e6 (0.00s)
    --- PASS: FuzzStacktrie/b073c86d2d3f663e3a6bc3341bde3f0a0db48b20 (0.00s)
    --- PASS: FuzzStacktrie/b0d3e7475d257dc15a50c235b108025c59eeb1a5 (0.00s)
    --- PASS: FuzzStacktrie/b0ddf9cdf1f7ac1b1b20eb57cccbfd8f40283434 (0.00s)
    --- PASS: FuzzStacktrie/b157559c120e012e3de59ad7f39c0e7b060a853b (0.00s)
    --- PASS: FuzzStacktrie/b1903a62e7c788d494a0bb77fb9c56f1e0c01429 (0.00s)
    --- PASS: FuzzStacktrie/b194b376afb5474dbf6b551fa0832b54a9e39ac4 (0.00s)
    --- PASS: FuzzStacktrie/b1cc5acf581267a4ce4635d4b7abb817db4e904d (0.00s)
    --- PASS: FuzzStacktrie/b281f0eef04d2845b5e7f494e779f842764271be (0.00s)
    --- PASS: FuzzStacktrie/b328ce9dc148f50fc1ff73c9d2ca404bd9d9baa8 (0.00s)
    --- PASS: FuzzStacktrie/b692106ccfccd18a6649cee08bf3708ba7b010e1 (0.00s)
    --- PASS: FuzzStacktrie/b70fe58aa124ac1ce3371a0f6a3ce473b6a1991e (0.00s)
    --- PASS: FuzzStacktrie/b725288b3e90a17f44e8cf1e2a2f3817cc00366c (0.00s)
    --- PASS: FuzzStacktrie/b7632951871e973237400f5eaa9a80e6b0cd930f (0.00s)
    --- PASS: FuzzStacktrie/b7743b69e86917f2248e0ffccef48699cbb1d5de (0.00s)
    --- PASS: FuzzStacktrie/b8b5f1e3ccc09794e8ec934986fac9d99032976e (0.00s)
    --- PASS: FuzzStacktrie/b90c5bb374cb6fcdc31e5ff83fb3defd6d8093bd (0.00s)
    --- PASS: FuzzStacktrie/b9767c9a3ec065cdf5ef11a56bbd46e4138bb449 (0.00s)
    --- PASS: FuzzStacktrie/ba01747d2b3e808cfeef3b9c9f3b5f45f991d30d (0.00s)
    --- PASS: FuzzStacktrie/bad166f38be19be3636d31c7c9f57e1b472936e4 (0.00s)
    --- PASS: FuzzStacktrie/bb43ff17ab6f8bc0bd02bc6eb220d5f596f4eda0 (0.00s)
    --- PASS: FuzzStacktrie/bc81357384a9e8a1101332f7d391ea43345b12f1 (0.00s)
    --- PASS: FuzzStacktrie/bc916ff6c90fe9ffbef95aa24726bec0c81d6961 (0.00s)
    --- PASS: FuzzStacktrie/bdf04dcc794c3ebd8a97a8f56a221e9dd9b6b432 (0.00s)
    --- PASS: FuzzStacktrie/be5d1b9a88a236110142144b2bb582c1ef42a142 (0.00s)
    --- PASS: FuzzStacktrie/bff0705bd7a10449aefcca0397a3ffa002e00664 (0.00s)
    --- PASS: FuzzStacktrie/c08eb9ed03233799994dc8e00c11089307534b71 (0.00s)
    --- PASS: FuzzStacktrie/c0ff2e9dfcbe2d3a5565a58360fa0355a0c6a865 (0.00s)
    --- PASS: FuzzStacktrie/c13fa830a1df82e2f1ef2f1ee9d74203b28711fe (0.00s)
    --- PASS: FuzzStacktrie/c151088ff84c612a11ea833a0810007fcafad513 (0.00s)
    --- PASS: FuzzStacktrie/c17b4ee1b4aaa8cad890a33a1ff7aaa2174fe89f (0.00s)
    --- PASS: FuzzStacktrie/c17d59f652db0699a9ac0fdbd0dd6ef03a9767ca (0.00s)
    --- PASS: FuzzStacktrie/c1dfd96eea8cc2b62785275bca38ac261256e278 (0.00s)
    --- PASS: FuzzStacktrie/c2198377f910f522eb179e173359ce36216faca3 (0.00s)
    --- PASS: FuzzStacktrie/c27f07372a8a3aa4ee19ba1ae3dfb6686968e7c3 (0.00s)
    --- PASS: FuzzStacktrie/c2b718e2b3803a23c0102cbc8db2db908e7bca08 (0.00s)
    --- PASS: FuzzStacktrie/c386c45dfd8950e0bbd81f2a5e6236c19f08d98d (0.00s)
    --- PASS: FuzzStacktrie/c56964f75ff60d43239a65b944d6efd0596ddbd4 (0.00s)
    --- PASS: FuzzStacktrie/c56b6646486d3d173b6768e07670d939389eb66f (0.00s)
    --- PASS: FuzzStacktrie/c56c998179c62fbc6fee1daaf09f4933d576db5a (0.00s)
    --- PASS: FuzzStacktrie/c7d2ee7102b19fd854acef5766b58f8be720a7cd (0.00s)
    --- PASS: FuzzStacktrie/c84e65d0d8171583cca6e9a6160651b3eba81261 (0.00s)
    --- PASS: FuzzStacktrie/c911d3f61bf7f2eda0f05d446a553e1f40ca9fb2 (0.00s)
    --- PASS: FuzzStacktrie/c927faaa419fda7b3b6a5493be861fb526f8bab7 (0.00s)
    --- PASS: FuzzStacktrie/c96bdf1b5af97456f54cfb9eb0e5455a8715ab24 (0.00s)
    --- PASS: FuzzStacktrie/c974091c7fa7b1bbe7e22cfdd02cb45e432d19e2 (0.00s)
    --- PASS: FuzzStacktrie/c9df13ea46a3b19c3db94b637e0183c3a9888122 (0.00s)
    --- PASS: FuzzStacktrie/cb9ed385e2f5b67f09a573ea3b04c3272d7211a2 (0.00s)
    --- PASS: FuzzStacktrie/cc79bc13c6f718f6593fbd5e133bb4178771e9b9 (0.00s)
    --- PASS: FuzzStacktrie/cd320f4480aff96bd703d20a975ed99b807015f3 (0.00s)
    --- PASS: FuzzStacktrie/cdebdebe54369ab5afca6a238a9ca350d32b1816 (0.00s)
    --- PASS: FuzzStacktrie/ce18166b0d98d5b70966c5b612248a94ab8e3afb (0.00s)
    --- PASS: FuzzStacktrie/ce424f62a7f0b655acb3b3d6fdadbb20972ce6ff (0.00s)
    --- PASS: FuzzStacktrie/ce5f1137e02cb506c41024824295ac0f63e6ced6 (0.00s)
    --- PASS: FuzzStacktrie/ce7b86a162bc4daa0d29ea7c799426769348f7e7 (0.00s)
    --- PASS: FuzzStacktrie/cef9d44b5e75ae42f01ad21d7ecd2c6910032eef (0.00s)
    --- PASS: FuzzStacktrie/cf08a60055216dafe4d4a094a90575e14018d6b2 (0.00s)
    --- PASS: FuzzStacktrie/cf2ad167665a67683ed600366be9dd03fae947f3 (0.00s)
    --- PASS: FuzzStacktrie/cf3aacf6992323b9367fbbfa262174660c5940e5 (0.00s)
    --- PASS: FuzzStacktrie/d018515071e53e5288be0426a14cb0bb538a3183 (0.00s)
    --- PASS: FuzzStacktrie/d13c6bab99a36e409ac4c6456db542aab77c166f (0.00s)
    --- PASS: FuzzStacktrie/d16341e8c1d3a8ccd80fd3ea5f2b5427bf1769bc (0.00s)
    --- PASS: FuzzStacktrie/d1ad03aeed0e888c3f938dc1e3f15a7033142421 (0.00s)
    --- PASS: FuzzStacktrie/d233e65a4bcfb7c61337263f1527cc23575f0a0f (0.00s)
    --- PASS: FuzzStacktrie/d2a066ad69dfc834936b83095fbd617805985249 (0.00s)
    --- PASS: FuzzStacktrie/d2bf22844447f486faa1c07d58b0bbcc1aa0cf16 (0.00s)
    --- PASS: FuzzStacktrie/d2ee2483cbf53ef9ac2795bd01bc960c77f53275 (0.00s)
    --- PASS: FuzzStacktrie/d34a0c873686c0d9a47c87f2253bb948d36f61bb (0.00s)
    --- PASS: FuzzStacktrie/d440eb8061e7d3a71dccca36fe91cba55c01040e (0.00s)
    --- PASS: FuzzStacktrie/d72a4eca69e670540277730f4571b35bfe73fff8 (0.00s)
    --- PASS: FuzzStacktrie/d78f4f23f7458b015b2fdac0b4163ab8b5db6878 (0.00s)
    --- PASS: FuzzStacktrie/d7fac462f8979cfafc2ea4e82cd6d1c12bfabc3a (0.00s)
    --- PASS: FuzzStacktrie/d85b26f5205e02fbff0024a81aafd199c81d292a (0.00s)
    --- PASS: FuzzStacktrie/d871083b08c19606f733ff467f9124fd032c28c0 (0.00s)
    --- PASS: FuzzStacktrie/d91c8ddfb7a1abcc2eb0e73080720e6d59559ffe (0.00s)
    --- PASS: FuzzStacktrie/d964628b28c7bfc1cc3f7b2d952cd0c510fb068a (0.00s)
    --- PASS: FuzzStacktrie/d97851685651296c6362d4b79de3caf09b9ad1a0 (0.00s)
    --- PASS: FuzzStacktrie/d9b78d59ed1a5238e7b6bb148ad022cfc1eccc0e (0.00s)
    --- PASS: FuzzStacktrie/da70fc9ea2463857437896696e52d431ca3541dc (0.00s)
    --- PASS: FuzzStacktrie/da8bceb054fcda93907bbfab3229ab63322e4f6e (0.00s)
    --- PASS: FuzzStacktrie/db30f094e446bef452da2cb6c730799fb259b40d (0.00s)
    --- PASS: FuzzStacktrie/db688e2d2329022fc5f76ef6a200397cee2f1086 (0.00s)
    --- PASS: FuzzStacktrie/db6e75a7c5f50d3afe7e9623d31d4b8be1b86b0a (0.00s)
    --- PASS: FuzzStacktrie/dbc4c1be95004fa954d30a7e192d8023d518c248 (0.00s)
    --- PASS: FuzzStacktrie/dbd43bbf32f2bb07a96274a3eccbab3753668a26 (0.00s)
    --- PASS: FuzzStacktrie/dcb9c87eaf2f82131ba9f4c526f2c70f17184d8d (0.00s)
    --- PASS: FuzzStacktrie/df14ff1dcffbe12e929fbf585ea0c984135832e8 (0.00s)
    --- PASS: FuzzStacktrie/df504b4724fac3c54a19a9c4fb30cb6f1dd74f16 (0.00s)
    --- PASS: FuzzStacktrie/e01cdd64bd1322e0945a18fdb57eafe2a63479e9 (0.00s)
    --- PASS: FuzzStacktrie/e086573a4e6b97a000f0913b5570c8caf357b264 (0.00s)
    --- PASS: FuzzStacktrie/e136c39d53a7236b56dee91a488a80053ce9427b (0.00s)
    --- PASS: FuzzStacktrie/e1a50ec8f578adf88b7c9ee4bd99473814b4b90e (0.00s)
    --- PASS: FuzzStacktrie/e1d923d7cb6d5fcc3fc7de681c4d07328f7b4617 (0.00s)
    --- PASS: FuzzStacktrie/e1fb6019852a69d8bc03d2ad8adaa0190e598c92 (0.00s)
    --- PASS: FuzzStacktrie/e24f5ccd90191f0ad8a81da8ec0835fe88c09eb0 (0.00s)
    --- PASS: FuzzStacktrie/e360df11f815ff71135a4d6f1f3447a3b1b97317 (0.00s)
    --- PASS: FuzzStacktrie/e44d1e588a05e4e440080c2f5243f53b8d53a33b (0.00s)
    --- PASS: FuzzStacktrie/e6fbe12f682c4c582dd30141455a649f1d4262a1 (0.00s)
    --- PASS: FuzzStacktrie/e78aac3ea01cba253cce2ac88169feff378dd6b2 (0.00s)
    --- PASS: FuzzStacktrie/e8718e3ceb9baa3f3b3955ad9877ed9114730513 (0.00s)
    --- PASS: FuzzStacktrie/e932b9b91b8d674dcf0189d58d08826809e02765 (0.00s)
    --- PASS: FuzzStacktrie/e948f8b9911edfda9353fc7b7eb1681afcb22c67 (0.00s)
    --- PASS: FuzzStacktrie/e9eae7d62f0a48b44a2dfc427067991d9037be29 (0.00s)
    --- PASS: FuzzStacktrie/ea3026ae07876698790b4e50126406ec3ad3f442 (0.00s)
    --- PASS: FuzzStacktrie/eb3d826dfa9d2dcb47dd415a574d24b3451b846d (0.00s)
    --- PASS: FuzzStacktrie/eb53eea9391db92c3ba90cb18d68cd1159affad0 (0.00s)
    --- PASS: FuzzStacktrie/ec713c700f3c6ad0f698012ee6257c0cc66fa6d1 (0.00s)
    --- PASS: FuzzStacktrie/ee5d25ba5bbe01cfa3d563ee3fed226ac4688bf5 (0.00s)
    --- PASS: FuzzStacktrie/ee6e998a913c000128f7b1639d1690097636fe3e (0.00s)
    --- PASS: FuzzStacktrie/ee7c7c1bf2e7c7b962dfef83759a678c616f4922 (0.00s)
    --- PASS: FuzzStacktrie/eed7736cbc939c8ce5872347a700b4b1ce2d50b6 (0.00s)
    --- PASS: FuzzStacktrie/eee99d3469ff091b203f151bd27c9a1675de2074 (0.00s)
    --- PASS: FuzzStacktrie/eeff9c7f40ac1ff9c58cc7c324f70a85a532e380 (0.00s)
    --- PASS: FuzzStacktrie/ef85c50c3dc3f3e92f767d8a2f9a0831b2289a23 (0.00s)
    --- PASS: FuzzStacktrie/f191a7d645c64ac48da9cfa25a341ca08957e645 (0.00s)
    --- PASS: FuzzStacktrie/f1d2f2e20ad520acda06aec48cd19dc6a9f7c4d7 (0.00s)
    --- PASS: FuzzStacktrie/f316c79c86f212af480bc3d0fb6d21d3f4242ffb (0.00s)
    --- PASS: FuzzStacktrie/f3365907470ac01c5a2a0bd0d72194ac105eb9b3 (0.00s)
    --- PASS: FuzzStacktrie/f473b1cb905659eeb647834775f595f082d9a079 (0.00s)
    --- PASS: FuzzStacktrie/f480efc194c96fcdb8d7455abb72d273699f8999 (0.00s)
    --- PASS: FuzzStacktrie/f52b5eafc002e1792f24cb907a44d8ab189e15cf (0.00s)
    --- PASS: FuzzStacktrie/f5a068755f357cf358f1c3697eca9201275399ec (0.00s)
    --- PASS: FuzzStacktrie/f5e83b57ce0ddc601f42235b724881764efecc6f (0.00s)
    --- PASS: FuzzStacktrie/f71e3812163f6a752f84893e42fc74ae36d48162 (0.00s)
    --- PASS: FuzzStacktrie/f7b51aaf9737b73e386003613de32b4a895aa696 (0.00s)
    --- PASS: FuzzStacktrie/f81a46280dbde193090bd7995544a547feb0d29e (0.00s)
    --- PASS: FuzzStacktrie/f910d9333311619c979e2424128a2e34b0d527ca (0.00s)
    --- PASS: FuzzStacktrie/f924f94b4b3c0255b87b6370de28ca1850ab7c76 (0.00s)
    --- PASS: FuzzStacktrie/f9b8100d4b6b354369930653f637746608a62824 (0.00s)
    --- PASS: FuzzStacktrie/fac0935a7e14aa8f5784ee353d989a5c5955067f (0.00s)
    --- PASS: FuzzStacktrie/fb9ff698902ce57198ddb78dbc89c6ec97477319 (0.00s)
    --- PASS: FuzzStacktrie/fbe6c5b7be35be64df8bd5bc92752a0a8eee6781 (0.00s)
    --- PASS: FuzzStacktrie/fcb534ba4cb235089e32851ae1bb33811a67757a (0.00s)
    --- PASS: FuzzStacktrie/fd05a8c18f1c0ecb52747ee5ea9310dc6c05b5c0 (0.00s)
    --- PASS: FuzzStacktrie/fd4fdb78f2cab6ef937740bcad37abcb382120ca (0.00s)
PASS
coverage: 75.0% of statements
ok  	github.com/morph-l2/go-ethereum/tests/fuzzers/stacktrie	0.164s	coverage: 75.0% of statements
	github.com/morph-l2/go-ethereum/tests/fuzzers/stacktrie/debug		coverage: 0.0% of statements
