=== RUN   FuzzTrie
=== RUN   FuzzTrie/0055f3044f128ee5772165d4bf5c287327e62665
=== RUN   FuzzTrie/0094480f184a9553ccd085753cf934f223979750
=== RUN   FuzzTrie/00a48bc57dcd64957a9eef9ef0ee73d7ed785596
=== RUN   FuzzTrie/00ff74ab1e70be7f8d2a203921b5dfc8f270f43f
=== RUN   FuzzTrie/019207a9c9f96302dd42a7fe77bab51777aa91f7
=== RUN   FuzzTrie/01d12746244c78c232424a8499a625b057602fd0
=== RUN   FuzzTrie/02b64d93a874a23e3fdb6b7590ca9cbebc26a45b
=== RUN   FuzzTrie/034f5dec1da6b785dff8beac79da5d59bfa165b9
=== RUN   FuzzTrie/038ca250777ec88554d8ff5fcb1e20d0e9aea947
=== RUN   FuzzTrie/03d3dcde3cfdeec96d11e462535138d6822f9fd2
=== RUN   FuzzTrie/052bbedb6a05ed53fb1e8438dab5c1d7f21c4abd
=== RUN   FuzzTrie/060a40750357c3ab53b0d90327b04765b5c62ea4
=== RUN   FuzzTrie/06bcdf94b8c43ca77fbea7621d3fdf25f9709350
=== RUN   FuzzTrie/0823fc7aa11a18a3d3c10211aee538c547e4b99c
=== RUN   FuzzTrie/08248d206f49a05860f61cc5a235a841aa419d22
=== RUN   FuzzTrie/083e409842b9839a38b3d63470ab38f78403a888
=== RUN   FuzzTrie/0ab290674159eb2d10ea6c69c670ed78a2ba6277
=== RUN   FuzzTrie/0b8e2821278efe115add4cbf318d15ec53556488
=== RUN   FuzzTrie/0bc1f3531f322402ab2692960d32710f272a71dd
=== RUN   FuzzTrie/0bd6401b77d5b93810fa42531016598576f08028
=== RUN   FuzzTrie/0c450589eed8861ff445ed5673a59f0dc6153ce6
=== RUN   FuzzTrie/0c79798b8752014400893720fb958063fab5502a
=== RUN   FuzzTrie/0daea69217df17d676448b50e349176686455b57
=== RUN   FuzzTrie/0db72c8dce5dffb8f35e657544f675574e7f1b33
=== RUN   FuzzTrie/0e3b4a9c92ecb25824501650921352b5c0ed23d6
=== RUN   FuzzTrie/0e95fe8178c6ec88e1dfaf6e61427b98dffc525b
=== RUN   FuzzTrie/0f22a174201acbaf86a57f8336df44704d84cabe
=== RUN   FuzzTrie/0f9e762868f579935d798615e53410453b18d7b2
=== RUN   FuzzTrie/0ff687c6b6527686d15dd615e34950eaac50f046
=== RUN   FuzzTrie/102c607d3df73b403fa365d84967b6c963af538d
=== RUN   FuzzTrie/10bedc961a2ce913a0825ec6eef65fe8428eca11
=== RUN   FuzzTrie/10c26c6bed799c41114d425a91b01a0afef7dea5
=== RUN   FuzzTrie/118d89f9ff7460aa685fa0a2970a32b0af590f5a
=== RUN   FuzzTrie/11aa3e8785104a540dd13c321ebad3a5b173f0f5
=== RUN   FuzzTrie/1216aa524aef75e75aa9214fb78ad1ac3ba1e34b
=== RUN   FuzzTrie/14a17e2c386caacc00501ef875b85dcc7ef1b482
=== RUN   FuzzTrie/14ab4f4bee7c52eaef40c3ae547ec3d0967093af
=== RUN   FuzzTrie/1527b441145632ca28545b220e8686491ad7a212
=== RUN   FuzzTrie/1536f29174928d17ff7bbbd39e1dbb4f7a3a84d4
=== RUN   FuzzTrie/156884dbdb608c6766869b16ab016f58fc7d4bb6
=== RUN   FuzzTrie/15716befe3d7eb4c1d40fc29dcce5f26dcf71c7c
=== RUN   FuzzTrie/16a473a24c9ac27e50ad5f1fa9956e8a00b4b764
=== RUN   FuzzTrie/16c7f80216d48dce1df9c01aaaccc119f949d736
=== RUN   FuzzTrie/16f71c43e481039d54a68774cb0b9594ecf14f62
=== RUN   FuzzTrie/1741a6c59164633ebaa27ad810a53cc43b8ae3d8
=== RUN   FuzzTrie/1759bacb447c26e31d9e44599fcc05ec43793dda
=== RUN   FuzzTrie/176c9d103fa296b0334840376bb4a4a18945890c
=== RUN   FuzzTrie/1849441d1cfc29a546b90344e00c646d95b91b37
=== RUN   FuzzTrie/187fad62156429597f8c9c8665722b4ca40ce3f2
=== RUN   FuzzTrie/18b725e1c031b0477043802e98012ec629d0a1bb
=== RUN   FuzzTrie/18df443d05d235293a6f83de6ee36621dfd99252
=== RUN   FuzzTrie/1ac6e3958c1756d1da1832fea66f1232bd285186
=== RUN   FuzzTrie/1ad665d788f9298ff0df81fca805b6f980f62f1a
=== RUN   FuzzTrie/1bb68b95850230b36581c06238dfb7013b1ec134
=== RUN   FuzzTrie/1bc03d5e42d201e6c9c8d58381e30f73ef28f574
=== RUN   FuzzTrie/1be1d3140888ebbfef945628fdb962338fad8989
=== RUN   FuzzTrie/1be279d59421afeb35ae673a2bb077368e074e0f
=== RUN   FuzzTrie/1be797138a714c845f3b6401fb4aaed7c89f8a05
=== RUN   FuzzTrie/1d572f446deb98d776da1fd143a10a52d90c6024
=== RUN   FuzzTrie/1dcc05aa37bac7bd3b994aae535debb08b7d145a
=== RUN   FuzzTrie/1eab916a86a86bfaadb97d2de5c3235bdca4ef07
=== RUN   FuzzTrie/1ef0ab01fcc1aa3872e4ee1f77d50432c13e7492
=== RUN   FuzzTrie/1f4f944551886ffcbfd0f74d8df346b4d27c8828
=== RUN   FuzzTrie/1f7c4d7acce355afd03fe1cfc2b90c8e656d3e84
=== RUN   FuzzTrie/1faa6bedf2c5aa2f66a9b84cd24fd73f616b1369
=== RUN   FuzzTrie/21de6fd86ab34cbb7d7514ff8cb512ab6e28354c
=== RUN   FuzzTrie/220e2b7ad81b17324eaf2820f1d45d513801ac22
=== RUN   FuzzTrie/22396be06454422336ff1da1a81bbab73b13a6cb
=== RUN   FuzzTrie/22a61522cf5fd6048ce1e508404d323462714656
=== RUN   FuzzTrie/22cebcf13aac2d88be3987615de5bc4f94f10d8b
=== RUN   FuzzTrie/22cf5e09862a92f4eba3e1924136d222a2ae0101
=== RUN   FuzzTrie/238534dbec4e9854963ab8ddd93952ce9e11eca8
=== RUN   FuzzTrie/23f94de90a12fda561c4bb484a32269559bc0999
=== RUN   FuzzTrie/2416dc3f221815c55800396fd6b6d8071b615a38
=== RUN   FuzzTrie/24e0f920c8467ca94a9164ce3312162b85fd7b9a
=== RUN   FuzzTrie/24e72ae1bfec74d0cd532012eb5575ebd0978514
=== RUN   FuzzTrie/2556f0cbb046f297fd714f58caed45ea5c876e58
=== RUN   FuzzTrie/25dab72a7ef96d4e1f191c7ae11c6058be994bba
=== RUN   FuzzTrie/26f629c90af379dc3170386164e0296e9d0787eb
=== RUN   FuzzTrie/270d45cf6d10152f745a1505134fb58ac823cd28
=== RUN   FuzzTrie/28aa6cf2b552a2912d28ddabf6d5958d2073053e
=== RUN   FuzzTrie/299438d912e320d7cab632f70b0ae3b9f5192364
=== RUN   FuzzTrie/29d20e646b4fb6dfe5ccab100d5ba845fd07c03c
=== RUN   FuzzTrie/29ff608831a5b4aa4a1d0d74aa8d3f654038525d
=== RUN   FuzzTrie/2ac6e282378a5d6c92570920ac3a669a65dac102
=== RUN   FuzzTrie/2b9c68b73ad6a20b0b5224d073be189a45a229e3
=== RUN   FuzzTrie/2c066afc6876361513882f2148fafce7537976ce
=== RUN   FuzzTrie/2c2da4d7e4522d27302c986cd67d00fde2585393
=== RUN   FuzzTrie/2c4480348ac8d89bb60c0109f7cb6b2b91729a57
=== RUN   FuzzTrie/2cc826075ee6c4053cee1243034ba6eed6bb116c
=== RUN   FuzzTrie/2d631ebe5cd63dea0d58aaf773326ebdd833b053
=== RUN   FuzzTrie/2e14aa981dfb770e4b9231f17b786d4bd0141cb1
=== RUN   FuzzTrie/2f132d8252705fa9eb322dce84be9af5d3d444f2
=== RUN   FuzzTrie/2f20df5c3a77d2355c8c05adaac5b630cdfe64f5
=== RUN   FuzzTrie/2fe42ddb122c43d85e2c7f12682c7f1b425d13d5
=== RUN   FuzzTrie/307277af22b4a0f9078e6df37467d61eed303a3a
=== RUN   FuzzTrie/3089650de972e2221fa6607ba4c3f7529acb19c5
=== RUN   FuzzTrie/309daec3e09cc417199802f414db23536726ad51
=== RUN   FuzzTrie/30b73a6bef057cb7d7d5a47a44d3db09a1ffc11a
=== RUN   FuzzTrie/31ee1b9945e347dcb4ae0c5135c6ec61b7ee1754
=== RUN   FuzzTrie/32d4805230f84daa2286c604ab3828fb6602bf78
=== RUN   FuzzTrie/3305dd0eeeb7435c935b5e200081bfd2c450aaee
=== RUN   FuzzTrie/333b8c46a999edda8292796c3a5583955ec44c97
=== RUN   FuzzTrie/3357071e724ca087955dcd47cbd6d77b1fa10b31
=== RUN   FuzzTrie/344890ecd496e5cffc01fc1148ce76ceaf461222
=== RUN   FuzzTrie/346322af46a10a0a675e26455a2f8cab62b7870e
=== RUN   FuzzTrie/357a771b37275618ed0623491e1a6e31a2c4a6c9
=== RUN   FuzzTrie/359d52186c4482ed25d3e31ac45a385882a49ea8
=== RUN   FuzzTrie/3602622cf365fd27caeefe764d6d100a811852a1
=== RUN   FuzzTrie/37ef4a498976cb99378b6c4a5c801a30a6dc387e
=== RUN   FuzzTrie/3862917cfe9702f8af186b529454f826f71301c2
=== RUN   FuzzTrie/38a1fc5ddd649e7a8bcb52bad065a19236b5c8d4
=== RUN   FuzzTrie/3907bc24774ef4823d315237506684d9010f65cd
=== RUN   FuzzTrie/3a425623bd9861cbb47cc3a26216ae8643d14cbb
=== RUN   FuzzTrie/3aa305ffb38753a2c31249c982ccffe675966556
=== RUN   FuzzTrie/3ab0eb6debe5f9685d316328fa56262b24505758
=== RUN   FuzzTrie/3ac1c0b0c675c345b6573fdd994e89f11112a6c5
=== RUN   FuzzTrie/3b1d31698f67c70d509a2e7dae99d9a0bdafb580
=== RUN   FuzzTrie/3b6dba2053d45f694ba1f497ac71cce920b0e7e1
=== RUN   FuzzTrie/3c5eca3590062a68fbde683081ba58efe7cbd54d
=== RUN   FuzzTrie/3ccbea9e9dcee441a398f4020d4cff613c16c885
=== RUN   FuzzTrie/3e6700697b48665d3b738bec72ed671f0a3cab50
=== RUN   FuzzTrie/3e8af55b3f8812b1caa52a0a249b4491923c5d76
=== RUN   FuzzTrie/3edcfdc714de9facebe6218183354be70dccfb30
=== RUN   FuzzTrie/3f4a20a3c89171ac276fe58fc3367bfb604bd7f3
=== RUN   FuzzTrie/3fe01268a82adf6e0bf452cadd99443c1e2d9a76
=== RUN   FuzzTrie/400806178ce212af4434f14f437d8010c4719171
=== RUN   FuzzTrie/404c135af4d4072f57281affaf2444a6dddf2fe3
=== RUN   FuzzTrie/405474eaadbcd35b607743025f131dfb3b63c26b
=== RUN   FuzzTrie/41754673590fbb60b5c78e0520686a9ec1b86de2
=== RUN   FuzzTrie/41f3cf7aace23bb3f8bf8ebb87671ff7ff4a538a
=== RUN   FuzzTrie/41f583c266a0ca8701184731b773f712a8f75333
=== RUN   FuzzTrie/42721c36783ac90f7571b91042785aa7ae836565
=== RUN   FuzzTrie/429f492e6007be853b001b52d27cb99f97ed1402
=== RUN   FuzzTrie/43e91dba690db95c7b51e941deeffa849fc69c20
=== RUN   FuzzTrie/44a9a89bb639ad84eff797c864c7580f51e1a3c9
=== RUN   FuzzTrie/4541e75bfb7e0d39f62868830b603316955cb360
=== RUN   FuzzTrie/4625d6446a42a1035ffdf3dde80a205c615b8e55
=== RUN   FuzzTrie/465ecd4c8ca130f8ba06d111184662710a8ec63d
=== RUN   FuzzTrie/474eb616851d52b128e911564e94fb14a619bde9
=== RUN   FuzzTrie/47a5385225c195df854bd3b052077ff4c3dc5690
=== RUN   FuzzTrie/47d76856f06544dbb5d30a30945d48c0d510dd0f
=== RUN   FuzzTrie/491c6d684172660b5ae84676e4875ac329a96a7c
=== RUN   FuzzTrie/491f62862c89f4afc009946c05dcf9e2ff157b49
=== RUN   FuzzTrie/49fd6c92b2d6790499ea67e049bcbe67d4d3367e
=== RUN   FuzzTrie/4a6a4349f8ab8a1cf41bb0e5acec12e2c284c93c
=== RUN   FuzzTrie/4bb1ff7ddafc5fe9eaf8b6810a138e48b229fbf1
=== RUN   FuzzTrie/4c1b001d96fd9fd17723837088dc1a288d98b323
=== RUN   FuzzTrie/4c25c59559fb49d894fc929b49fc2b3a209d38c6
=== RUN   FuzzTrie/4c3c15829d0849523190d8f3ca0bed0ef0f0dd98
=== RUN   FuzzTrie/4c6f00cf9c738a7a01c55321ae87e8cbb5c72af1
=== RUN   FuzzTrie/4d152575e7a1481458ae3d295558690a65ba4e70
=== RUN   FuzzTrie/4e268853f2680809df477a5e10b3da92fbb9f123
=== RUN   FuzzTrie/4e9e0ccf2199b04ddbbbed542ea446871520a747
=== RUN   FuzzTrie/4ec7be9d09a4f0bb790aaf7eda5f6f899e23aed4
=== RUN   FuzzTrie/4f2a66735a3574f294f56a9188fcbbe73e1c50f2
=== RUN   FuzzTrie/4f734efe9ea123f33bb01225f375524fff324940
=== RUN   FuzzTrie/4f9197a880858c25d458f6b5d3fa34047b6acb4d
=== RUN   FuzzTrie/4fc9d2cb3e655dfcb7ee69fe434de0d8b7fbc3a3
=== RUN   FuzzTrie/508b7e898a874a8de8e401380414dc4738ae67d4
=== RUN   FuzzTrie/51e3c8e502c42f64141c051251b20ce58380c5de
=== RUN   FuzzTrie/525f8f50ff0daa0e31044a1aa7bad5d8d2f0394c
=== RUN   FuzzTrie/52801acc6905ee2f2aedbec555f9e103d6360282
=== RUN   FuzzTrie/53aaef80321168fe47eaa52bc5ab0455cfba666a
=== RUN   FuzzTrie/53ed0e5eab07128269575560d54d54ae1322f37e
=== RUN   FuzzTrie/545f3ffe2a6c2e94255bfea85817a2cf45380e8f
=== RUN   FuzzTrie/5463ca08519511a23a6978db4bc127d4cbdfa29c
=== RUN   FuzzTrie/547a4c4512efcfb8821f0d8a7ce0af36abca971f
=== RUN   FuzzTrie/547bf89032d43d9d7f28b952b60e34bab63420ea
=== RUN   FuzzTrie/54d2d26c25f0776cb417727c8e503e6189a82f93
=== RUN   FuzzTrie/55982acca2489814fbecc4b9edc1a74a42f1debb
=== RUN   FuzzTrie/56e56ef3ab2e69c41e1703e8fc06b2adc14f3b52
=== RUN   FuzzTrie/573292cfb9c2c05b697bec0950fe57ea48e460fe
=== RUN   FuzzTrie/588bee941db1c93e9a9e3a96ea73808f25b82d85
=== RUN   FuzzTrie/589cbc4b5a1b07206b6b603a32c48af089afc916
=== RUN   FuzzTrie/58af0499bc38202fe72c4f248bcba02b2af6b918
=== RUN   FuzzTrie/590ee9a31e0ea55b82a280cd1c2fbbf866f3242f
=== RUN   FuzzTrie/5928f3c0d2c11cc034e28d8789de117f35dceb19
=== RUN   FuzzTrie/5a15faf503c1c19e9f29cd160fd42c1e122253ef
=== RUN   FuzzTrie/5ac0fa10ca208f895dfc55fb5db5454fc577ced2
=== RUN   FuzzTrie/5b4fb484ea864c86ce91469d5d941f2ba1d0882a
=== RUN   FuzzTrie/5b583d1e36be14f92f89aaa5fb81f5773991c3fd
=== RUN   FuzzTrie/5bac3bbdfa89c985346ae6f55c7ffd63aed125de
=== RUN   FuzzTrie/5c2cb20cb7cb0d0adc6fb03439e0c6decfbe7939
=== RUN   FuzzTrie/5ce4101f787c4b9fa0a1844640122a5e8f08fa3b
=== RUN   FuzzTrie/5de17c69cb555622fd255af02c73dc3dd548f558
=== RUN   FuzzTrie/5effebb0d781c7c5c67beb8ca4f7914b5a2a057c
=== RUN   FuzzTrie/5f38763064c4b5363322e4ab84ad89a22458ca28
=== RUN   FuzzTrie/60c67ba97a7eedd1f5eee68075da9fe4a19748e3
=== RUN   FuzzTrie/612907b0b99ec5200a6e466b37c694d130c0c23d
=== RUN   FuzzTrie/6215536db5606bce553845791f5b439ed241e1d9
=== RUN   FuzzTrie/62508a6bd36089d14d059f942a58c99a55ea4e2f
=== RUN   FuzzTrie/62b4a7a7eea65eebc75bd870393aea7a660b6683
=== RUN   FuzzTrie/62be16525da5025e30a4d566e01d76aaba5cd4b3
=== RUN   FuzzTrie/630ff0df7b7759fc74883ccaa77db452bdbb5066
=== RUN   FuzzTrie/63aff8c62e12e410d3e9b0754c0e71770a39d79d
=== RUN   FuzzTrie/64301746d7904c561bce778e2debfb5a899928dd
=== RUN   FuzzTrie/646ac794c9a1737ee32adeedbf5ef20dd6565ca3
=== RUN   FuzzTrie/64927555d65d1347ac43fa6e33efe20e86dca4cc
=== RUN   FuzzTrie/64e82f3e6e4d5c7cbcea26cd8cd24b9579bb99e5
=== RUN   FuzzTrie/6507e74e01b5003419a5942ea85683e7ae1bd2db
=== RUN   FuzzTrie/655bd1ef32d311ffce000f93f047675ae12f3042
=== RUN   FuzzTrie/65c6da59daf1fc71d80acdc85c4605720a606e7b
=== RUN   FuzzTrie/6650c8eeec1c46507a22a0eaf263bc37057e3ba1
=== RUN   FuzzTrie/671c29548c320e4347d6bc5ad374ead0bbb4bcfb
=== RUN   FuzzTrie/6736f05eaff65ea6d0fca3125231268b0ecdc28b
=== RUN   FuzzTrie/67a0acdd783cdaa4a0038817742d6df2800d1c70
=== RUN   FuzzTrie/68704b78c63500cf5e63f22dbbd42fb2a3283105
=== RUN   FuzzTrie/689c146616b9828bae787584800ae799514f8ba1
=== RUN   FuzzTrie/6a7895b73d3310b59aab6b60d4051de9ab506884
=== RUN   FuzzTrie/6abcb7492ac3b67f339ab078e9f0135d92d5223d
=== RUN   FuzzTrie/6ae96001e34b14ddd21f432f93115cfc195f856f
=== RUN   FuzzTrie/6aee22586d404cdc02e34fca1be919b9d2fb8e71
=== RUN   FuzzTrie/6b45b0959468cd3abd4ef5186f7a3ef35c01b37d
=== RUN   FuzzTrie/6c5c8728558b81405e4bc389add369e726f0e86d
=== RUN   FuzzTrie/6c9e2da44223a52dd3ce427102428f56db0e1162
=== RUN   FuzzTrie/6e6198445e451411fbe070f61557a250fbdb8e21
=== RUN   FuzzTrie/6ee69b47b78ff68ef3d27ea4688f9cd3cfc74576
=== RUN   FuzzTrie/6f4ebe79e56add032e564d7d0d0f8eea6c3a5d39
=== RUN   FuzzTrie/6f6553c0ddd4a9b3bcdc872f984db483fa4b60e8
=== RUN   FuzzTrie/6fb040e351bf9d65138a977fab705202b2e5064a
=== RUN   FuzzTrie/708fb636da60529198752637f19907831ecb801c
=== RUN   FuzzTrie/70d601fc2f1a5acdc0baa8fe3b0c5a87bb132ee1
=== RUN   FuzzTrie/71bcb8220a801bde3430a09f9594649288552d8c
=== RUN   FuzzTrie/71c69e90bdb3e58424d2ddc78224f51c861b1416
=== RUN   FuzzTrie/737492230580668ec78a722211d237c802ec6715
=== RUN   FuzzTrie/737fdd3b33a570892754c08bc940f86e93aa043e
=== RUN   FuzzTrie/743529c831b2853c6c089748ace18ba5e73f6551
=== RUN   FuzzTrie/744d0b3f578d9b0c36fbb11ec123bc0cb86329a5
=== RUN   FuzzTrie/748e0768266fcb5cf89432a9fbca6d3ab4d86350
=== RUN   FuzzTrie/75e5438b941175987c4ecb2b65d4fc0505eaf18d
=== RUN   FuzzTrie/7601b305a17ed2227578f3111046819b396b7ab2
=== RUN   FuzzTrie/7603b5a1a17fe8cdc10e4c397a626e63b6bd95b5
=== RUN   FuzzTrie/76cf96c31224cd6307a6a46f03d1eff052187d30
=== RUN   FuzzTrie/76e59b462a6742e42027a6740053c7ba64aaa80c
=== RUN   FuzzTrie/76f821e0f90c9927767023e35033e0b10e5bbb76
=== RUN   FuzzTrie/77265e7256cd982492f8c4811666af2384098139
=== RUN   FuzzTrie/77583ba4e9f17565b20fe917c968d6e9f4ec8c01
=== RUN   FuzzTrie/787bea9919e13720cbc36e23c2ae37ba506e3354
=== RUN   FuzzTrie/789a8cde0a44f80d390e8c312569c42210a71c41
=== RUN   FuzzTrie/78d75f4f1a9ce22ccf4b0b6ac690978633d903b7
=== RUN   FuzzTrie/79b97087aeae046907df0926cfd918e58117bb50
=== RUN   FuzzTrie/79d1adaf9392a278007a8fa706f9e882241a4161
=== RUN   FuzzTrie/7a13492eac6fea4c7ef4600c71f1d5b6fbc26651
=== RUN   FuzzTrie/7a21c2c9a6f5ed9ee4e5b2a12bf42ff288b804fa
=== RUN   FuzzTrie/7aa9bc6ce7f15e4c3fc61eb65fa12ac43612bd04
=== RUN   FuzzTrie/7b6501aef40af31d998256297b61528fc525f0c7
=== RUN   FuzzTrie/7b71c009de65f929656ba6d3b6fe76c7158f8ae2
=== RUN   FuzzTrie/7c9ad4297078c63903d36c838836415d7a0267a0
=== RUN   FuzzTrie/7cb379b8464abae7188904626516f12e3abfede1
=== RUN   FuzzTrie/7d292ba7ec7f1125c3bd34d8e12f87bff06528ed
=== RUN   FuzzTrie/7d5e06aeee651dc16abb86f6b0323fe249188d6a
=== RUN   FuzzTrie/7de19beab7ac2b21c7f2cee4988efa2fd78a7120
=== RUN   FuzzTrie/7e5bc19fca615f4af959d3f86329db066bddebb5
=== RUN   FuzzTrie/7e7685caa5bf17f768de7bc87be0b635985012a5
=== RUN   FuzzTrie/7f35ab9f42b2ff6d18325bd7d68b157374719782
=== RUN   FuzzTrie/7f75829036d229de2e4f17771539edf4434412a9
=== RUN   FuzzTrie/7fe63db72d954c4c436efedeb6c3f578a109f10b
=== RUN   FuzzTrie/7ffa176d6756fd42e53e08b15ebe55eec1ac4031
=== RUN   FuzzTrie/803e75a4a84a8e64a0fecf752ce7e4f5b938b7ac
=== RUN   FuzzTrie/806eb44f407084d31eb79a9204e97d9346c7f0a9
=== RUN   FuzzTrie/807ff27a9ce90c8ffc29b3acb0757f7c5e538e3e
=== RUN   FuzzTrie/80d2ec32f5b7f14e79e594bf8fd09860ff0a5c52
=== RUN   FuzzTrie/80e3a76b7bcd870326dd1f25d5cbcd7dde09da25
=== RUN   FuzzTrie/812f93dfda7594f90e1a7a2b76101df7707d004e
=== RUN   FuzzTrie/813cb4d88098da6f20232743660fe9c771b25864
=== RUN   FuzzTrie/81755d20237827a69a4178449c3289333f95e2d0
=== RUN   FuzzTrie/81c4ee1efd514b2465acc5e6d4913cd49501e581
=== RUN   FuzzTrie/825d2f373ca0a79e9cf9262d7cf8a946002fda93
=== RUN   FuzzTrie/826cd840edf4512021fd5f96ce45ad836922bb50
=== RUN   FuzzTrie/838fc0f81ff3e180331d8cbc596acf2f7d2cc164
=== RUN   FuzzTrie/83a1f9dc64f42d8ac44a77e603b893ade3c04bd0
=== RUN   FuzzTrie/84c4d7df1da840a548cefcfb055f7ce4b9caa2a6
=== RUN   FuzzTrie/861be3614775c9afd780aa5cf6f9d9e2ccedbb31
=== RUN   FuzzTrie/8623c2ba5186f4da75197145d59445fc3606da16
=== RUN   FuzzTrie/862591750f08fb55d75bb5d193e1502526d22d90
=== RUN   FuzzTrie/8657737ac842c566e8c9b96cd00cb05c353e2349
=== RUN   FuzzTrie/866e6ffb666c44921e764b128b4a3aa15b71d1a2
=== RUN   FuzzTrie/86f051c12bb523f2652aedd992f5f249935f471e
=== RUN   FuzzTrie/870feabb494ee1f0f7353ec3c5ff5d2a417cc979
=== RUN   FuzzTrie/872737e68b939f0662d3acb3f073b4ffbbb43e3c
=== RUN   FuzzTrie/876366f091a25360ea05ed65a3e408fff9ea6f05
=== RUN   FuzzTrie/8766e0e2bd2bb31949bc71cf384035e15a1fd978
=== RUN   FuzzTrie/879903f2af64d1230562e9d38979d24c2fca7d24
=== RUN   FuzzTrie/87ba7455590123ce599e9ec17ed2e83b1e6710f7
=== RUN   FuzzTrie/87c08b5d89ec6ec450c82f8fe100633a0a525af5
=== RUN   FuzzTrie/87ca85cbb26f904210c2fe9ab4aec52df74808fa
=== RUN   FuzzTrie/87e4086f59b112bb02ad6a4d3366d9fb56351a8b
=== RUN   FuzzTrie/87fac71a8cb330514239d893640d6e9fbfa5cf62
=== RUN   FuzzTrie/88157dc59ecf596fddea13f36838c0655ba2adb5
=== RUN   FuzzTrie/8819ed61c104244ae7d2f779819973f8b0aacf78
=== RUN   FuzzTrie/884bdb04feb7a61da278be9a61fe5b99e9012d6d
=== RUN   FuzzTrie/885928a8651a78a6cf0cda83519acf389ce42940
=== RUN   FuzzTrie/8932b2b85ffefcb64626ff937d1a5286a7e262ce
=== RUN   FuzzTrie/8988d4912369e5a0c06d3c02c33e31ab95978bc7
=== RUN   FuzzTrie/8a1a7e91faad48304b2b131c5ad98e6ee9babfc9
=== RUN   FuzzTrie/8a378803b72dfabb18fd593e5257a41590d73350
=== RUN   FuzzTrie/8ad4632acb2352aba16c49f7abb8d754b3c8f8ad
=== RUN   FuzzTrie/8ae26814954451c1f92c515a6df2edeb1e0b8736
=== RUN   FuzzTrie/8b0e916eced6bb28c11cbdb714ff3e64dbb41e45
=== RUN   FuzzTrie/8bbe68f53c62e7ded058212fc9a2fd544405d232
=== RUN   FuzzTrie/8bee49f119328d452ee8f563ffacc35f81430266
=== RUN   FuzzTrie/8ccbfd4850b4c4a5df6205eac1f8008a93a9fa7c
=== RUN   FuzzTrie/8dab116e0a2f69b1bfce3c6b798def589c82b26f
=== RUN   FuzzTrie/8ec095a4a0a500447e566e87315607795a219be5
=== RUN   FuzzTrie/9017c0d90187d00b11d18c2235e25ddf17ded699
=== RUN   FuzzTrie/908799a25dc91399efc78136ba8a282d2b49f6a0
=== RUN   FuzzTrie/911bcadf1799c6e07638669c622891fb2bbaa325
=== RUN   FuzzTrie/915526e269ddcd5820cd23f2182d08e69b84ac5e
=== RUN   FuzzTrie/91728fdfb7ccc2935c5bb4e382183148df3bc730
=== RUN   FuzzTrie/9300c3339b1841af13970ffdbcccacf7baa7f091
=== RUN   FuzzTrie/931827e482580d64aa9831fd445fadb38c7a19d3
=== RUN   FuzzTrie/93b6901edee16a62c5e178f6f5273603a9cce4ec
=== RUN   FuzzTrie/945e2a1c0ce244b410294ae9c5199d0e89ca0b89
=== RUN   FuzzTrie/955305f840c4407b7bbe6555eef4039e470acf0d
=== RUN   FuzzTrie/9652df2ed5bfec05eb9c9903a9b4da0cfe35b602
=== RUN   FuzzTrie/97653bde6ebe020dc86dd59cd73e80dfbb36533e
=== RUN   FuzzTrie/97d30fec1ac039f12955fd0915da957a44542990
=== RUN   FuzzTrie/981310b1c0986945b7b2fad99f13c003c0b08d2f
=== RUN   FuzzTrie/992067de66234bd658cbbae76e2b1fd9c7274c73
=== RUN   FuzzTrie/996a234bcafdf17388d1b9a686c53372ec13c86e
=== RUN   FuzzTrie/99b553d28aa33cbe3e5205085b857f36e7074f69
=== RUN   FuzzTrie/9a0eccf3409ed5a73d00e633e6c527220b70a7e0
=== RUN   FuzzTrie/9b53233072fe03c24c2dafd8ea4ea05346c0e5b9
=== RUN   FuzzTrie/9b99ca5a82629d86760451e0e2748586c96b1d86
=== RUN   FuzzTrie/9b9aa44ec775a7cac2bad01c5b65e95ba71d8ccb
=== RUN   FuzzTrie/9baaf14174e4fc994461292f8fa9004afee0eba2
=== RUN   FuzzTrie/9d2b2c867d0a803b0f53aa4fa2987a52156d7569
=== RUN   FuzzTrie/9da2cfdaa6d369b7a015baf0a20048dc31eb9f0e
=== RUN   FuzzTrie/9e242a1526e57eb98fd4490f21ece90f6e682e9f
=== RUN   FuzzTrie/9ef1c7129281fc8cea345f6e04b689471489df21
=== RUN   FuzzTrie/9f53f6ab101ccc7c2e231ad3664962ce0cc4bf3b
=== RUN   FuzzTrie/a049d1c5ef58d02f37499521a5e5b25f37e705e0
=== RUN   FuzzTrie/a0f8ce71ee5832718e46acf86f4bec46c5dbd530
=== RUN   FuzzTrie/a16c719b9c71ee162687d61ba2e585d143c61a39
=== RUN   FuzzTrie/a20b275e5b5615ed91056b662948f84e14abb331
=== RUN   FuzzTrie/a20bbb5835bdd0b8db7fa0c95300ba335141e7a3
=== RUN   FuzzTrie/a2ef3403a71a0850a21ffec5d0341429573d1204
=== RUN   FuzzTrie/a309e0affd6ca31448b5a9302135891fa07700f2
=== RUN   FuzzTrie/a35286f39b31a36695fd4ef454559ad0cc0a263b
=== RUN   FuzzTrie/a3fa48fe63337d8657c7c1aa4a67f4c7aede9cfe
=== RUN   FuzzTrie/a4152afa2fbd597a01a9cb0efd0288ce78cd995f
=== RUN   FuzzTrie/a4db6fd3d7b8c642fac6e4e10cd95866fcf88767
=== RUN   FuzzTrie/a53eb9edd65cd935f624c6a4f9a9ea0915fa9990
=== RUN   FuzzTrie/a67c7b7ff60205df6d76d2a46bad05d5c49b73db
=== RUN   FuzzTrie/a6bc403d759442b2eb025734248c11e1817c36a8
=== RUN   FuzzTrie/a6bd80e178d85d7b27cbd1f19a12c39b76047fd5
=== RUN   FuzzTrie/a706bcfe28ea1092ae571e29390a88d0c7761d1a
=== RUN   FuzzTrie/a7074e7390eb44e124dea6883bc4e33257fe6f5e
=== RUN   FuzzTrie/a74f8f88696d05e043ea5a0fea326b76ce5ce5cb
=== RUN   FuzzTrie/a77f01a150c8d534406ba1d54d00af33d7372abd
=== RUN   FuzzTrie/a7bd3819a112e6acb5194b7a9b6366da8594ccb2
=== RUN   FuzzTrie/a8f15965347fff6261d0893907501e2f5aa4758b
=== RUN   FuzzTrie/a9a19b96be0833fd171b75239236d3df5a7a6215
=== RUN   FuzzTrie/a9bed75229c9deaca4f5c37cee9f4f8e4da24551
=== RUN   FuzzTrie/a9e6a07d2498509c967cefcce4afc29b1c757c03
=== RUN   FuzzTrie/a9e742bdf8170ee37803fd872307fc2d683381a1
=== RUN   FuzzTrie/aa385510b5929d59bdcaf21ba8ec3a4579f7a7c7
=== RUN   FuzzTrie/aa5f19c559bbe02673cc65390cb8365156ffe52b
=== RUN   FuzzTrie/ab1d66d494ecf33c6acfa072f007c4e03ecd7865
=== RUN   FuzzTrie/ab1e322a994a8d47627040bd5f78263714c4673b
=== RUN   FuzzTrie/ab65246f250edf42e10523368701a88ab22f88b9
=== RUN   FuzzTrie/ab960811726c4969c74803f6937e7353e612bb46
=== RUN   FuzzTrie/abbf516433baeaa3ddd4ab4982a005bc69aca13b
=== RUN   FuzzTrie/ac3fa598ed0b7c46f50628218c540196cc763561
=== RUN   FuzzTrie/aca2618e8c2aa8b5c507cbe88db8cafdb3710d0c
=== RUN   FuzzTrie/ad291ff1579f3c6182ca5034238b5d40de89b06f
=== RUN   FuzzTrie/ad96746a948c989b93e6770576d0e1195eb4816f
=== RUN   FuzzTrie/adc83b19e793491b1c6ea0fd8b46cd9f32e592fc
=== RUN   FuzzTrie/adead87153d3beff62b77d13d6ff7ae1f59453aa
=== RUN   FuzzTrie/b03bc35c9434bf80fda5c9609998a710d324c122
=== RUN   FuzzTrie/b04068b63e3b1b98c03f51ad3a8843f62c62e767
=== RUN   FuzzTrie/b09da401579d0639b772c97526ecc4d8168554a3
=== RUN   FuzzTrie/b119c058903a2095a260660342739b5d8f54dd07
=== RUN   FuzzTrie/b1b2a6145a5e8e4031d8bb963f72efb098c29f6e
=== RUN   FuzzTrie/b1c5cdae333e18b577d7fb8c7298207d01ada001
=== RUN   FuzzTrie/b1f7f902b0fbffe3ec975788992499185d8931f6
=== RUN   FuzzTrie/b239d55d7d57523b41a401e4d2bc011fc19670b6
=== RUN   FuzzTrie/b26ec870c59b40a1d03a36fffc144c96b14998ad
=== RUN   FuzzTrie/b2c3518e0996ce802cfcb18015240556fec36e60
=== RUN   FuzzTrie/b3092f086e1361fa3451b4bfaf63de378efd9860
=== RUN   FuzzTrie/b3cc33df5b66c8575aade3de6038346ef935371e
=== RUN   FuzzTrie/b4848bfeea730cd4f501129e0c6b5c3f13737cb8
=== RUN   FuzzTrie/b4db8c8bf0c95ff9061372dae5ca88bfdbd237e2
=== RUN   FuzzTrie/b5fed5ee92fd21bedc044ab840e80c453d846394
=== RUN   FuzzTrie/b703f86c51d8b37f744467d2e68e5f506c65ffc2
=== RUN   FuzzTrie/b72faac98d102d89733903c14d3a7854fcd11cda
=== RUN   FuzzTrie/b7c9a7bd728d4b93d76a8d0fff987faed009f688
=== RUN   FuzzTrie/b85872c58a1eff7765372026d4850e9e7ac70439
=== RUN   FuzzTrie/b8682265ca20b54f38fdc4d3454a028a36ef889d
=== RUN   FuzzTrie/b8b1c4f71e5dabf183079b328e290495dd1c333e
=== RUN   FuzzTrie/b934db928f5dae885e56233c5f611eb34e50954f
=== RUN   FuzzTrie/b95542a3a3463d9cab4a8a9e46f400829d5103c6
=== RUN   FuzzTrie/ba889c84b61f687ff72f2a341f183a96a6a524b7
=== RUN   FuzzTrie/bb2692b2552fcb76d82da5f89f7509493a672cda
=== RUN   FuzzTrie/bb2fac10cd03015321dd0d967b835ba654190333
=== RUN   FuzzTrie/bbd270c9c195df56515ec548208cf12352ac9cff
=== RUN   FuzzTrie/bc55b59bda2ae4971f6d40d52c8c8b24a89eb8a7
=== RUN   FuzzTrie/bc61ac4386d44e6ff0ca609bdc910e509fcdacec
=== RUN   FuzzTrie/bcc8d7473ceda71d8c17883a61deae5719e55eaf
=== RUN   FuzzTrie/bda233e08c6d52efc6179288ca27157f6c284247
=== RUN   FuzzTrie/be3ced41f2255e439a6735389239284b5af40b54
=== RUN   FuzzTrie/beed8e5d7092bc4275352ed9db310928b8846d86
=== RUN   FuzzTrie/bf2c62d4a5f2265ae666e014eb97b5ca7be849b4
=== RUN   FuzzTrie/bf9c9456a42ba089ad44cd410b6d154064d632cc
=== RUN   FuzzTrie/c039a2f6fe259c89b3e7a5abf86bed552bb710cb
=== RUN   FuzzTrie/c07da1292aa314769d2e1dc3f02a66238ce8bd65
=== RUN   FuzzTrie/c35eb3d2fc92b5714a8a3829d6f191d91b60fc6d
=== RUN   FuzzTrie/c37908363bac31ce04fd2960e409e6a828a1d321
=== RUN   FuzzTrie/c3ab62ccf5a7777adfc5d19434a98606acc6f0b5
=== RUN   FuzzTrie/c48b1882557126d3b0ba4dda0fdde52b3a412e59
=== RUN   FuzzTrie/c498b2e0d87a2435f8cb467250ea340c10b3be06
=== RUN   FuzzTrie/c5a3bd30675307df3b397b1856e588174e6836b0
=== RUN   FuzzTrie/c5bc942a35f81e26a2ae3810787e8a98d222601c
=== RUN   FuzzTrie/c61e9763302038a5ba8c5c8f430fe7d65eaff821
=== RUN   FuzzTrie/c66784a9db3d7984694f138b677e3ec9e7e32f94
=== RUN   FuzzTrie/c745bc0211a0626ee72e5a17f5d147748ee71913
=== RUN   FuzzTrie/c7e1b2d70736ca33cb6bd6a21f7c5bf27a987e9d
=== RUN   FuzzTrie/c820b06230ab6157dd554f9052034f75b933af94
=== RUN   FuzzTrie/c9e8f1c23c7e30df14956d5ff8c5d7e7e7cb0763
=== RUN   FuzzTrie/c9ef70a41498cc175871b18ffc015cf57bd2c5d2
=== RUN   FuzzTrie/c9f4f90f43bd9e0185d2a17087f4a50628c7b929
=== RUN   FuzzTrie/ca398638faa65cfbd9f6475b574d57419d27757f
=== RUN   FuzzTrie/cb6e606840c3808aa66224d29572bea2dbda3c4a
=== RUN   FuzzTrie/cb7abc4036a19842adb5237982a48d62d15ac9e1
=== RUN   FuzzTrie/cbca83a01b5d2aeadf272a6e3dae01a2f94e17eb
=== RUN   FuzzTrie/ccfcc43b8e67a45ead3c5b81299ec7ac68b746b2
=== RUN   FuzzTrie/cd115d5d0a8daf30ef5c5543610bff4b0142cffc
=== RUN   FuzzTrie/cd3a5320f835ad3f797d29a3da8768f690824ccf
=== RUN   FuzzTrie/ce1fc241e5df48ccd712e81a724607c11d39013b
=== RUN   FuzzTrie/ce3e32348c37614b1e7ded1543533c6c2f818c97
=== RUN   FuzzTrie/cfb62465219d216c634c68f8b8e814229aa55600
=== RUN   FuzzTrie/d00812d30ad98e7d3dc95343031c65963555ffa0
=== RUN   FuzzTrie/d09dd113b1c1e5286ae1a247d9040bd8d9ac07b2
=== RUN   FuzzTrie/d1447d1645aeaafe68bafd4838c37d8fcfc6afaf
=== RUN   FuzzTrie/d1927170deab3d025c56ead6576da2cbfcc89932
=== RUN   FuzzTrie/d2044de27004b42b26bd2428e2fd22667f462343
=== RUN   FuzzTrie/d2351aa3590ae429dc592f028801ec71610a2429
=== RUN   FuzzTrie/d291e113d34f1106756b0a4887c1e585bf29f30b
=== RUN   FuzzTrie/d30b6226d54728e19e461bb700ac98f8aab66e3d
=== RUN   FuzzTrie/d38ef1268d5c16d2db31e3691a5a48225b16435c
=== RUN   FuzzTrie/d62b63f52a9522c731a181a203f7bca06434e9e9
=== RUN   FuzzTrie/d6390554e80b1703d4288d70df66cb3f28e83313
=== RUN   FuzzTrie/d64bfae65092f40d92c6cba3ea95e85a00050d5d
=== RUN   FuzzTrie/d706fbe7cacfd74ccf276fa677f59a4000b3d1b7
=== RUN   FuzzTrie/d72b5020a08a1ec0d69d3ce35a0915dcb8cda47e
=== RUN   FuzzTrie/d74e7ec0e3260c544fe653197761626ee3802236
=== RUN   FuzzTrie/d7d79bae0f6eaa87892f36eb61b23cf45d593a6b
=== RUN   FuzzTrie/d7f6c2af665e7342a91bea3da93c9ce4a6627112
=== RUN   FuzzTrie/d8343bbb9a48ee2ae51f993514a4d8847e8d2903
=== RUN   FuzzTrie/d84c6f644b8282d8dc8f872509a0123b26555ae4
=== RUN   FuzzTrie/d888c70c1f4fde59ed6c264451bda52f203fd37a
=== RUN   FuzzTrie/d8b7de72f5273095696cbbe1be370be73361e8b7
=== RUN   FuzzTrie/da48d8cf8bddd68099e0a8bae97a4565b44ff5cc
=== RUN   FuzzTrie/dbeed8c0e1caa7355c3b8c43a6354709b94488d4
=== RUN   FuzzTrie/dc0c24291611dcefeff2ae89e29baf2b7905f36d
=== RUN   FuzzTrie/dc4729a81707e1bcbd27005fe91847cbbf5e4457
=== RUN   FuzzTrie/dd10f815a5b1133f233965ffc3af4a4a40093480
=== RUN   FuzzTrie/de5dc47316e89b74019ccbd308f6e8d78ab510ee
=== RUN   FuzzTrie/dff82a80c6e9b95461be4b0c06d961416e55ac2a
=== RUN   FuzzTrie/e0db656d5703d5ba486babc3f589da15ee4705b7
=== RUN   FuzzTrie/e3270ab29edd15b12b6b02575130513d2ee9ac7b
=== RUN   FuzzTrie/e34a30ec4551543ca05f963bfe3384ee092d8376
=== RUN   FuzzTrie/e399acc9096d2006cd275c46365fd751367e5029
=== RUN   FuzzTrie/e3d538ccdde9781d538096b9129f1eb93950ea3a
=== RUN   FuzzTrie/e43eac3ca7ae21930bdddc76cf7fa60d7aed8112
=== RUN   FuzzTrie/e489b349870274b530da8b35ba7edbd010175e99
=== RUN   FuzzTrie/e49d6f0ab622b4aaa8db6b76ff4e0d6bc29509ba
=== RUN   FuzzTrie/e4aeb4addedf998ef6af6bb40e2a015e907f3249
=== RUN   FuzzTrie/e50cd1826790c3ffc06c2d696fa0e4e31a8a5983
=== RUN   FuzzTrie/e6a576b3776a31f92844ad94c8f7433f0b6509b3
=== RUN   FuzzTrie/e6f981199ea47da6bc0166fa3df2d2e270d4dba0
=== RUN   FuzzTrie/e71d5f633cea79dc3a4716090ff0da06cb340086
=== RUN   FuzzTrie/e7bac64beed00ca7920dbe108b3620e8c57e6be6
=== RUN   FuzzTrie/e7ebd708bc4bed0f6657edc92deb0f903c1a1aa1
=== RUN   FuzzTrie/e911c5da3203675957bf2f14511ee8d35d199db7
=== RUN   FuzzTrie/ea1e0165f7878999faa595cee647c007e792139c
=== RUN   FuzzTrie/ea38a63b06c57bc53ffd593d2ea6e05672e28e86
=== RUN   FuzzTrie/ea3e65eb15a74af138fe80133db9fbe4960d91ed
=== RUN   FuzzTrie/eaa5ebaebbba8c01d0233fb1b050ef59c2f1f834
=== RUN   FuzzTrie/ead1ed86d60f3a7b044e33cf5827c9a0470c7306
=== RUN   FuzzTrie/ec0ae744cab516c87b9432ce8090067f68926dd6
=== RUN   FuzzTrie/ec73be25fb28e3247b9bbceb6296fa5206a682b0
=== RUN   FuzzTrie/ec7e890f0aa3087b34385004133a5deaa146974f
=== RUN   FuzzTrie/edbff630df4f410f13f890a22980fd89008ebbca
=== RUN   FuzzTrie/edc8304245b62eb4332be169f01b05a3815a0ccb
=== RUN   FuzzTrie/ede39b72afa3aff3980fb6de8d8ae09b60f120ae
=== RUN   FuzzTrie/ee55c770ca1d6d01650d6d3ab00565240c8098d2
=== RUN   FuzzTrie/ef4d11115ace632a5ee95848a268fbf811d9bf22
=== RUN   FuzzTrie/efcacf1912259241a39896624484ad5761f0dfc5
=== RUN   FuzzTrie/f0befaea13b5dc97579584bbaa922379b1504843
=== RUN   FuzzTrie/f1558180f980c001a94ba95c9987e6a99d762731
=== RUN   FuzzTrie/f27b3deec4c4a29bf4baa2e0788dadaf2318b3e4
=== RUN   FuzzTrie/f3dfe0572e54e4e297d1ab5727de7adb9c53ee63
=== RUN   FuzzTrie/f54fdece32b80be4c08135fb5726218dc37fcf94
=== RUN   FuzzTrie/f5928971641bece421939ea1bb1fe1ada8993bbf
=== RUN   FuzzTrie/f5b349cbdb2a4ec4a16e9a529b904b8230a8b5eb
=== RUN   FuzzTrie/f61e34441a1fa0e1954f04cb15afe5d472fb4236
=== RUN   FuzzTrie/f61fabf6f8d5fd881a3eac9223466f9aa22224e5
=== RUN   FuzzTrie/f62771f94b578f1cd05b341e8597ff4158c3ab73
=== RUN   FuzzTrie/f729677cfebb516217fbdbd2ab66890c68943fce
=== RUN   FuzzTrie/f783ac4fe6f593658c0d9f8e49d626b7870b00d1
=== RUN   FuzzTrie/f78ecb54cee772487c029166c10210882e475694
=== RUN   FuzzTrie/f91ae8cec679135f20310085e61470d8ddcdd3c2
=== RUN   FuzzTrie/f944e49333b476fd2694c813f21b4953e2de7a1e
=== RUN   FuzzTrie/f9ba4cd16e810e09d01da53f5239843e8fb5d158
=== RUN   FuzzTrie/fa54660d537c3a90093746340e871ed74dedd6a5
=== RUN   FuzzTrie/fb1b05226caa6c0b05ad503a8e6d8567bfaa1c0d
=== RUN   FuzzTrie/fb64e69c0adb2f610aa6b7c51948448b5bb73bde
=== RUN   FuzzTrie/fb7e0ef405a3ecdad2850de7f90621b55a61b056
=== RUN   FuzzTrie/fb822d02077d022a7c493b2b2e29f2154e6e94f0
=== RUN   FuzzTrie/fc830605e9c03d42d192ccbd9efed9ea13582fff
=== RUN   FuzzTrie/fdfbe689f70d70ea7a23994a0e84f8d9a2929b5d
=== RUN   FuzzTrie/fe1fb7cdd52cea6a11e285985c317a1dbd251467
=== RUN   FuzzTrie/fe6b60c21ad4664ee91dc19e0188397ede645963
=== RUN   FuzzTrie/fead6854a4fd33cf190e9aa93c8eefd450362967
=== RUN   FuzzTrie/ff23c155a9213bfd05424158f2eb8b935a877e1b
=== RUN   FuzzTrie/ffeeb6464d5a2a8313fcfef077b6523a68e1b350
--- PASS: FuzzTrie (0.72s)
    --- PASS: FuzzTrie/0055f3044f128ee5772165d4bf5c287327e62665 (0.00s)
    --- PASS: FuzzTrie/0094480f184a9553ccd085753cf934f223979750 (0.01s)
    --- PASS: FuzzTrie/00a48bc57dcd64957a9eef9ef0ee73d7ed785596 (0.00s)
    --- PASS: FuzzTrie/00ff74ab1e70be7f8d2a203921b5dfc8f270f43f (0.00s)
    --- PASS: FuzzTrie/019207a9c9f96302dd42a7fe77bab51777aa91f7 (0.00s)
    --- PASS: FuzzTrie/01d12746244c78c232424a8499a625b057602fd0 (0.00s)
    --- PASS: FuzzTrie/02b64d93a874a23e3fdb6b7590ca9cbebc26a45b (0.00s)
    --- PASS: FuzzTrie/034f5dec1da6b785dff8beac79da5d59bfa165b9 (0.00s)
    --- PASS: FuzzTrie/038ca250777ec88554d8ff5fcb1e20d0e9aea947 (0.00s)
    --- PASS: FuzzTrie/03d3dcde3cfdeec96d11e462535138d6822f9fd2 (0.00s)
    --- PASS: FuzzTrie/052bbedb6a05ed53fb1e8438dab5c1d7f21c4abd (0.02s)
    --- PASS: FuzzTrie/060a40750357c3ab53b0d90327b04765b5c62ea4 (0.00s)
    --- PASS: FuzzTrie/06bcdf94b8c43ca77fbea7621d3fdf25f9709350 (0.00s)
    --- PASS: FuzzTrie/0823fc7aa11a18a3d3c10211aee538c547e4b99c (0.00s)
    --- PASS: FuzzTrie/08248d206f49a05860f61cc5a235a841aa419d22 (0.00s)
    --- PASS: FuzzTrie/083e409842b9839a38b3d63470ab38f78403a888 (0.01s)
    --- PASS: FuzzTrie/0ab290674159eb2d10ea6c69c670ed78a2ba6277 (0.00s)
    --- PASS: FuzzTrie/0b8e2821278efe115add4cbf318d15ec53556488 (0.00s)
    --- PASS: FuzzTrie/0bc1f3531f322402ab2692960d32710f272a71dd (0.00s)
    --- PASS: FuzzTrie/0bd6401b77d5b93810fa42531016598576f08028 (0.00s)
    --- PASS: FuzzTrie/0c450589eed8861ff445ed5673a59f0dc6153ce6 (0.00s)
    --- PASS: FuzzTrie/0c79798b8752014400893720fb958063fab5502a (0.02s)
    --- PASS: FuzzTrie/0daea69217df17d676448b50e349176686455b57 (0.00s)
    --- PASS: FuzzTrie/0db72c8dce5dffb8f35e657544f675574e7f1b33 (0.00s)
    --- PASS: FuzzTrie/0e3b4a9c92ecb25824501650921352b5c0ed23d6 (0.00s)
    --- PASS: FuzzTrie/0e95fe8178c6ec88e1dfaf6e61427b98dffc525b (0.00s)
    --- PASS: FuzzTrie/0f22a174201acbaf86a57f8336df44704d84cabe (0.00s)
    --- PASS: FuzzTrie/0f9e762868f579935d798615e53410453b18d7b2 (0.00s)
    --- PASS: FuzzTrie/0ff687c6b6527686d15dd615e34950eaac50f046 (0.00s)
    --- PASS: FuzzTrie/102c607d3df73b403fa365d84967b6c963af538d (0.00s)
    --- PASS: FuzzTrie/10bedc961a2ce913a0825ec6eef65fe8428eca11 (0.00s)
    --- PASS: FuzzTrie/10c26c6bed799c41114d425a91b01a0afef7dea5 (0.00s)
    --- PASS: FuzzTrie/118d89f9ff7460aa685fa0a2970a32b0af590f5a (0.00s)
    --- PASS: FuzzTrie/11aa3e8785104a540dd13c321ebad3a5b173f0f5 (0.00s)
    --- PASS: FuzzTrie/1216aa524aef75e75aa9214fb78ad1ac3ba1e34b (0.00s)
    --- PASS: FuzzTrie/14a17e2c386caacc00501ef875b85dcc7ef1b482 (0.00s)
    --- PASS: FuzzTrie/14ab4f4bee7c52eaef40c3ae547ec3d0967093af (0.00s)
    --- PASS: FuzzTrie/1527b441145632ca28545b220e8686491ad7a212 (0.00s)
    --- PASS: FuzzTrie/1536f29174928d17ff7bbbd39e1dbb4f7a3a84d4 (0.01s)
    --- PASS: FuzzTrie/156884dbdb608c6766869b16ab016f58fc7d4bb6 (0.00s)
    --- PASS: FuzzTrie/15716befe3d7eb4c1d40fc29dcce5f26dcf71c7c (0.00s)
    --- PASS: FuzzTrie/16a473a24c9ac27e50ad5f1fa9956e8a00b4b764 (0.00s)
    --- PASS: FuzzTrie/16c7f80216d48dce1df9c01aaaccc119f949d736 (0.00s)
    --- PASS: FuzzTrie/16f71c43e481039d54a68774cb0b9594ecf14f62 (0.00s)
    --- PASS: FuzzTrie/1741a6c59164633ebaa27ad810a53cc43b8ae3d8 (0.00s)
    --- PASS: FuzzTrie/1759bacb447c26e31d9e44599fcc05ec43793dda (0.00s)
    --- PASS: FuzzTrie/176c9d103fa296b0334840376bb4a4a18945890c (0.00s)
    --- PASS: FuzzTrie/1849441d1cfc29a546b90344e00c646d95b91b37 (0.00s)
    --- PASS: FuzzTrie/187fad62156429597f8c9c8665722b4ca40ce3f2 (0.00s)
    --- PASS: FuzzTrie/18b725e1c031b0477043802e98012ec629d0a1bb (0.01s)
    --- PASS: FuzzTrie/18df443d05d235293a6f83de6ee36621dfd99252 (0.00s)
    --- PASS: FuzzTrie/1ac6e3958c1756d1da1832fea66f1232bd285186 (0.00s)
    --- PASS: FuzzTrie/1ad665d788f9298ff0df81fca805b6f980f62f1a (0.00s)
    --- PASS: FuzzTrie/1bb68b95850230b36581c06238dfb7013b1ec134 (0.00s)
    --- PASS: FuzzTrie/1bc03d5e42d201e6c9c8d58381e30f73ef28f574 (0.00s)
    --- PASS: FuzzTrie/1be1d3140888ebbfef945628fdb962338fad8989 (0.01s)
    --- PASS: FuzzTrie/1be279d59421afeb35ae673a2bb077368e074e0f (0.00s)
    --- PASS: FuzzTrie/1be797138a714c845f3b6401fb4aaed7c89f8a05 (0.00s)
    --- PASS: FuzzTrie/1d572f446deb98d776da1fd143a10a52d90c6024 (0.00s)
    --- PASS: FuzzTrie/1dcc05aa37bac7bd3b994aae535debb08b7d145a (0.00s)
    --- PASS: FuzzTrie/1eab916a86a86bfaadb97d2de5c3235bdca4ef07 (0.00s)
    --- PASS: FuzzTrie/1ef0ab01fcc1aa3872e4ee1f77d50432c13e7492 (0.00s)
    --- PASS: FuzzTrie/1f4f944551886ffcbfd0f74d8df346b4d27c8828 (0.00s)
    --- PASS: FuzzTrie/1f7c4d7acce355afd03fe1cfc2b90c8e656d3e84 (0.00s)
    --- PASS: FuzzTrie/1faa6bedf2c5aa2f66a9b84cd24fd73f616b1369 (0.00s)
    --- PASS: FuzzTrie/21de6fd86ab34cbb7d7514ff8cb512ab6e28354c (0.00s)
    --- PASS: FuzzTrie/220e2b7ad81b17324eaf2820f1d45d513801ac22 (0.00s)
    --- PASS: FuzzTrie/22396be06454422336ff1da1a81bbab73b13a6cb (0.00s)
    --- PASS: FuzzTrie/22a61522cf5fd6048ce1e508404d323462714656 (0.00s)
    --- PASS: FuzzTrie/22cebcf13aac2d88be3987615de5bc4f94f10d8b (0.00s)
    --- PASS: FuzzTrie/22cf5e09862a92f4eba3e1924136d222a2ae0101 (0.00s)
    --- PASS: FuzzTrie/238534dbec4e9854963ab8ddd93952ce9e11eca8 (0.00s)
    --- PASS: FuzzTrie/23f94de90a12fda561c4bb484a32269559bc0999 (0.00s)
    --- PASS: FuzzTrie/2416dc3f221815c55800396fd6b6d8071b615a38 (0.00s)
    --- PASS: FuzzTrie/24e0f920c8467ca94a9164ce3312162b85fd7b9a (0.00s)
    --- PASS: FuzzTrie/24e72ae1bfec74d0cd532012eb5575ebd0978514 (0.00s)
    --- PASS: FuzzTrie/2556f0cbb046f297fd714f58caed45ea5c876e58 (0.00s)
    --- PASS: FuzzTrie/25dab72a7ef96d4e1f191c7ae11c6058be994bba (0.02s)
    --- PASS: FuzzTrie/26f629c90af379dc3170386164e0296e9d0787eb (0.00s)
    --- PASS: FuzzTrie/270d45cf6d10152f745a1505134fb58ac823cd28 (0.02s)
    --- PASS: FuzzTrie/28aa6cf2b552a2912d28ddabf6d5958d2073053e (0.00s)
    --- PASS: FuzzTrie/299438d912e320d7cab632f70b0ae3b9f5192364 (0.00s)
    --- PASS: FuzzTrie/29d20e646b4fb6dfe5ccab100d5ba845fd07c03c (0.00s)
    --- PASS: FuzzTrie/29ff608831a5b4aa4a1d0d74aa8d3f654038525d (0.00s)
    --- PASS: FuzzTrie/2ac6e282378a5d6c92570920ac3a669a65dac102 (0.01s)
    --- PASS: FuzzTrie/2b9c68b73ad6a20b0b5224d073be189a45a229e3 (0.00s)
    --- PASS: FuzzTrie/2c066afc6876361513882f2148fafce7537976ce (0.00s)
    --- PASS: FuzzTrie/2c2da4d7e4522d27302c986cd67d00fde2585393 (0.00s)
    --- PASS: FuzzTrie/2c4480348ac8d89bb60c0109f7cb6b2b91729a57 (0.00s)
    --- PASS: FuzzTrie/2cc826075ee6c4053cee1243034ba6eed6bb116c (0.00s)
    --- PASS: FuzzTrie/2d631ebe5cd63dea0d58aaf773326ebdd833b053 (0.00s)
    --- PASS: FuzzTrie/2e14aa981dfb770e4b9231f17b786d4bd0141cb1 (0.00s)
    --- PASS: FuzzTrie/2f132d8252705fa9eb322dce84be9af5d3d444f2 (0.00s)
    --- PASS: FuzzTrie/2f20df5c3a77d2355c8c05adaac5b630cdfe64f5 (0.00s)
    --- PASS: FuzzTrie/2fe42ddb122c43d85e2c7f12682c7f1b425d13d5 (0.00s)
    --- PASS: FuzzTrie/307277af22b4a0f9078e6df37467d61eed303a3a (0.00s)
    --- PASS: FuzzTrie/3089650de972e2221fa6607ba4c3f7529acb19c5 (0.00s)
    --- PASS: FuzzTrie/309daec3e09cc417199802f414db23536726ad51 (0.00s)
    --- PASS: FuzzTrie/30b73a6bef057cb7d7d5a47a44d3db09a1ffc11a (0.00s)
    --- PASS: FuzzTrie/31ee1b9945e347dcb4ae0c5135c6ec61b7ee1754 (0.00s)
    --- PASS: FuzzTrie/32d4805230f84daa2286c604ab3828fb6602bf78 (0.00s)
    --- PASS: FuzzTrie/3305dd0eeeb7435c935b5e200081bfd2c450aaee (0.00s)
    --- PASS: FuzzTrie/333b8c46a999edda8292796c3a5583955ec44c97 (0.01s)
    --- PASS: FuzzTrie/3357071e724ca087955dcd47cbd6d77b1fa10b31 (0.00s)
    --- PASS: FuzzTrie/344890ecd496e5cffc01fc1148ce76ceaf461222 (0.00s)
    --- PASS: FuzzTrie/346322af46a10a0a675e26455a2f8cab62b7870e (0.00s)
    --- PASS: FuzzTrie/357a771b37275618ed0623491e1a6e31a2c4a6c9 (0.00s)
    --- PASS: FuzzTrie/359d52186c4482ed25d3e31ac45a385882a49ea8 (0.00s)
    --- PASS: FuzzTrie/3602622cf365fd27caeefe764d6d100a811852a1 (0.00s)
    --- PASS: FuzzTrie/37ef4a498976cb99378b6c4a5c801a30a6dc387e (0.00s)
    --- PASS: FuzzTrie/3862917cfe9702f8af186b529454f826f71301c2 (0.00s)
    --- PASS: FuzzTrie/38a1fc5ddd649e7a8bcb52bad065a19236b5c8d4 (0.00s)
    --- PASS: FuzzTrie/3907bc24774ef4823d315237506684d9010f65cd (0.00s)
    --- PASS: FuzzTrie/3a425623bd9861cbb47cc3a26216ae8643d14cbb (0.00s)
    --- PASS: FuzzTrie/3aa305ffb38753a2c31249c982ccffe675966556 (0.00s)
    --- PASS: FuzzTrie/3ab0eb6debe5f9685d316328fa56262b24505758 (0.00s)
    --- PASS: FuzzTrie/3ac1c0b0c675c345b6573fdd994e89f11112a6c5 (0.00s)
    --- PASS: FuzzTrie/3b1d31698f67c70d509a2e7dae99d9a0bdafb580 (0.00s)
    --- PASS: FuzzTrie/3b6dba2053d45f694ba1f497ac71cce920b0e7e1 (0.00s)
    --- PASS: FuzzTrie/3c5eca3590062a68fbde683081ba58efe7cbd54d (0.00s)
    --- PASS: FuzzTrie/3ccbea9e9dcee441a398f4020d4cff613c16c885 (0.00s)
    --- PASS: FuzzTrie/3e6700697b48665d3b738bec72ed671f0a3cab50 (0.00s)
    --- PASS: FuzzTrie/3e8af55b3f8812b1caa52a0a249b4491923c5d76 (0.00s)
    --- PASS: FuzzTrie/3edcfdc714de9facebe6218183354be70dccfb30 (0.00s)
    --- PASS: FuzzTrie/3f4a20a3c89171ac276fe58fc3367bfb604bd7f3 (0.00s)
    --- PASS: FuzzTrie/3fe01268a82adf6e0bf452cadd99443c1e2d9a76 (0.00s)
    --- PASS: FuzzTrie/400806178ce212af4434f14f437d8010c4719171 (0.03s)
    --- PASS: FuzzTrie/404c135af4d4072f57281affaf2444a6dddf2fe3 (0.00s)
    --- PASS: FuzzTrie/405474eaadbcd35b607743025f131dfb3b63c26b (0.00s)
    --- PASS: FuzzTrie/41754673590fbb60b5c78e0520686a9ec1b86de2 (0.00s)
    --- PASS: FuzzTrie/41f3cf7aace23bb3f8bf8ebb87671ff7ff4a538a (0.00s)
    --- PASS: FuzzTrie/41f583c266a0ca8701184731b773f712a8f75333 (0.00s)
    --- PASS: FuzzTrie/42721c36783ac90f7571b91042785aa7ae836565 (0.00s)
    --- PASS: FuzzTrie/429f492e6007be853b001b52d27cb99f97ed1402 (0.00s)
    --- PASS: FuzzTrie/43e91dba690db95c7b51e941deeffa849fc69c20 (0.00s)
    --- PASS: FuzzTrie/44a9a89bb639ad84eff797c864c7580f51e1a3c9 (0.00s)
    --- PASS: FuzzTrie/4541e75bfb7e0d39f62868830b603316955cb360 (0.00s)
    --- PASS: FuzzTrie/4625d6446a42a1035ffdf3dde80a205c615b8e55 (0.00s)
    --- PASS: FuzzTrie/465ecd4c8ca130f8ba06d111184662710a8ec63d (0.01s)
    --- PASS: FuzzTrie/474eb616851d52b128e911564e94fb14a619bde9 (0.00s)
    --- PASS: FuzzTrie/47a5385225c195df854bd3b052077ff4c3dc5690 (0.00s)
    --- PASS: FuzzTrie/47d76856f06544dbb5d30a30945d48c0d510dd0f (0.00s)
    --- PASS: FuzzTrie/491c6d684172660b5ae84676e4875ac329a96a7c (0.00s)
    --- PASS: FuzzTrie/491f62862c89f4afc009946c05dcf9e2ff157b49 (0.00s)
    --- PASS: FuzzTrie/49fd6c92b2d6790499ea67e049bcbe67d4d3367e (0.00s)
    --- PASS: FuzzTrie/4a6a4349f8ab8a1cf41bb0e5acec12e2c284c93c (0.00s)
    --- PASS: FuzzTrie/4bb1ff7ddafc5fe9eaf8b6810a138e48b229fbf1 (0.00s)
    --- PASS: FuzzTrie/4c1b001d96fd9fd17723837088dc1a288d98b323 (0.00s)
    --- PASS: FuzzTrie/4c25c59559fb49d894fc929b49fc2b3a209d38c6 (0.00s)
    --- PASS: FuzzTrie/4c3c15829d0849523190d8f3ca0bed0ef0f0dd98 (0.00s)
    --- PASS: FuzzTrie/4c6f00cf9c738a7a01c55321ae87e8cbb5c72af1 (0.00s)
    --- PASS: FuzzTrie/4d152575e7a1481458ae3d295558690a65ba4e70 (0.00s)
    --- PASS: FuzzTrie/4e268853f2680809df477a5e10b3da92fbb9f123 (0.00s)
    --- PASS: FuzzTrie/4e9e0ccf2199b04ddbbbed542ea446871520a747 (0.00s)
    --- PASS: FuzzTrie/4ec7be9d09a4f0bb790aaf7eda5f6f899e23aed4 (0.00s)
    --- PASS: FuzzTrie/4f2a66735a3574f294f56a9188fcbbe73e1c50f2 (0.00s)
    --- PASS: FuzzTrie/4f734efe9ea123f33bb01225f375524fff324940 (0.00s)
    --- PASS: FuzzTrie/4f9197a880858c25d458f6b5d3fa34047b6acb4d (0.00s)
    --- PASS: FuzzTrie/4fc9d2cb3e655dfcb7ee69fe434de0d8b7fbc3a3 (0.00s)
    --- PASS: FuzzTrie/508b7e898a874a8de8e401380414dc4738ae67d4 (0.00s)
    --- PASS: FuzzTrie/51e3c8e502c42f64141c051251b20ce58380c5de (0.00s)
    --- PASS: FuzzTrie/525f8f50ff0daa0e31044a1aa7bad5d8d2f0394c (0.00s)
    --- PASS: FuzzTrie/52801acc6905ee2f2aedbec555f9e103d6360282 (0.00s)
    --- PASS: FuzzTrie/53aaef80321168fe47eaa52bc5ab0455cfba666a (0.00s)
    --- PASS: FuzzTrie/53ed0e5eab07128269575560d54d54ae1322f37e (0.00s)
    --- PASS: FuzzTrie/545f3ffe2a6c2e94255bfea85817a2cf45380e8f (0.00s)
    --- PASS: FuzzTrie/5463ca08519511a23a6978db4bc127d4cbdfa29c (0.00s)
    --- PASS: FuzzTrie/547a4c4512efcfb8821f0d8a7ce0af36abca971f (0.00s)
    --- PASS: FuzzTrie/547bf89032d43d9d7f28b952b60e34bab63420ea (0.00s)
    --- PASS: FuzzTrie/54d2d26c25f0776cb417727c8e503e6189a82f93 (0.00s)
    --- PASS: FuzzTrie/55982acca2489814fbecc4b9edc1a74a42f1debb (0.00s)
    --- PASS: FuzzTrie/56e56ef3ab2e69c41e1703e8fc06b2adc14f3b52 (0.00s)
    --- PASS: FuzzTrie/573292cfb9c2c05b697bec0950fe57ea48e460fe (0.00s)
    --- PASS: FuzzTrie/588bee941db1c93e9a9e3a96ea73808f25b82d85 (0.00s)
    --- PASS: FuzzTrie/589cbc4b5a1b07206b6b603a32c48af089afc916 (0.00s)
    --- PASS: FuzzTrie/58af0499bc38202fe72c4f248bcba02b2af6b918 (0.00s)
    --- PASS: FuzzTrie/590ee9a31e0ea55b82a280cd1c2fbbf866f3242f (0.00s)
    --- PASS: FuzzTrie/5928f3c0d2c11cc034e28d8789de117f35dceb19 (0.00s)
    --- PASS: FuzzTrie/5a15faf503c1c19e9f29cd160fd42c1e122253ef (0.00s)
    --- PASS: FuzzTrie/5ac0fa10ca208f895dfc55fb5db5454fc577ced2 (0.00s)
    --- PASS: FuzzTrie/5b4fb484ea864c86ce91469d5d941f2ba1d0882a (0.00s)
    --- PASS: FuzzTrie/5b583d1e36be14f92f89aaa5fb81f5773991c3fd (0.00s)
    --- PASS: FuzzTrie/5bac3bbdfa89c985346ae6f55c7ffd63aed125de (0.00s)
    --- PASS: FuzzTrie/5c2cb20cb7cb0d0adc6fb03439e0c6decfbe7939 (0.00s)
    --- PASS: FuzzTrie/5ce4101f787c4b9fa0a1844640122a5e8f08fa3b (0.00s)
    --- PASS: FuzzTrie/5de17c69cb555622fd255af02c73dc3dd548f558 (0.00s)
    --- PASS: FuzzTrie/5effebb0d781c7c5c67beb8ca4f7914b5a2a057c (0.00s)
    --- PASS: FuzzTrie/5f38763064c4b5363322e4ab84ad89a22458ca28 (0.00s)
    --- PASS: FuzzTrie/60c67ba97a7eedd1f5eee68075da9fe4a19748e3 (0.00s)
    --- PASS: FuzzTrie/612907b0b99ec5200a6e466b37c694d130c0c23d (0.00s)
    --- PASS: FuzzTrie/6215536db5606bce553845791f5b439ed241e1d9 (0.00s)
    --- PASS: FuzzTrie/62508a6bd36089d14d059f942a58c99a55ea4e2f (0.01s)
    --- PASS: FuzzTrie/62b4a7a7eea65eebc75bd870393aea7a660b6683 (0.00s)
    --- PASS: FuzzTrie/62be16525da5025e30a4d566e01d76aaba5cd4b3 (0.00s)
    --- PASS: FuzzTrie/630ff0df7b7759fc74883ccaa77db452bdbb5066 (0.00s)
    --- PASS: FuzzTrie/63aff8c62e12e410d3e9b0754c0e71770a39d79d (0.00s)
    --- PASS: FuzzTrie/64301746d7904c561bce778e2debfb5a899928dd (0.00s)
    --- PASS: FuzzTrie/646ac794c9a1737ee32adeedbf5ef20dd6565ca3 (0.00s)
    --- PASS: FuzzTrie/64927555d65d1347ac43fa6e33efe20e86dca4cc (0.00s)
    --- PASS: FuzzTrie/64e82f3e6e4d5c7cbcea26cd8cd24b9579bb99e5 (0.00s)
    --- PASS: FuzzTrie/6507e74e01b5003419a5942ea85683e7ae1bd2db (0.00s)
    --- PASS: FuzzTrie/655bd1ef32d311ffce000f93f047675ae12f3042 (0.00s)
    --- PASS: FuzzTrie/65c6da59daf1fc71d80acdc85c4605720a606e7b (0.00s)
    --- PASS: FuzzTrie/6650c8eeec1c46507a22a0eaf263bc37057e3ba1 (0.01s)
    --- PASS: FuzzTrie/671c29548c320e4347d6bc5ad374ead0bbb4bcfb (0.00s)
    --- PASS: FuzzTrie/6736f05eaff65ea6d0fca3125231268b0ecdc28b (0.00s)
    --- PASS: FuzzTrie/67a0acdd783cdaa4a0038817742d6df2800d1c70 (0.00s)
    --- PASS: FuzzTrie/68704b78c63500cf5e63f22dbbd42fb2a3283105 (0.00s)
    --- PASS: FuzzTrie/689c146616b9828bae787584800ae799514f8ba1 (0.00s)
    --- PASS: FuzzTrie/6a7895b73d3310b59aab6b60d4051de9ab506884 (0.00s)
    --- PASS: FuzzTrie/6abcb7492ac3b67f339ab078e9f0135d92d5223d (0.00s)
    --- PASS: FuzzTrie/6ae96001e34b14ddd21f432f93115cfc195f856f (0.00s)
    --- PASS: FuzzTrie/6aee22586d404cdc02e34fca1be919b9d2fb8e71 (0.00s)
    --- PASS: FuzzTrie/6b45b0959468cd3abd4ef5186f7a3ef35c01b37d (0.00s)
    --- PASS: FuzzTrie/6c5c8728558b81405e4bc389add369e726f0e86d (0.00s)
    --- PASS: FuzzTrie/6c9e2da44223a52dd3ce427102428f56db0e1162 (0.00s)
    --- PASS: FuzzTrie/6e6198445e451411fbe070f61557a250fbdb8e21 (0.00s)
    --- PASS: FuzzTrie/6ee69b47b78ff68ef3d27ea4688f9cd3cfc74576 (0.00s)
    --- PASS: FuzzTrie/6f4ebe79e56add032e564d7d0d0f8eea6c3a5d39 (0.00s)
    --- PASS: FuzzTrie/6f6553c0ddd4a9b3bcdc872f984db483fa4b60e8 (0.00s)
    --- PASS: FuzzTrie/6fb040e351bf9d65138a977fab705202b2e5064a (0.00s)
    --- PASS: FuzzTrie/708fb636da60529198752637f19907831ecb801c (0.00s)
    --- PASS: FuzzTrie/70d601fc2f1a5acdc0baa8fe3b0c5a87bb132ee1 (0.00s)
    --- PASS: FuzzTrie/71bcb8220a801bde3430a09f9594649288552d8c (0.00s)
    --- PASS: FuzzTrie/71c69e90bdb3e58424d2ddc78224f51c861b1416 (0.00s)
    --- PASS: FuzzTrie/737492230580668ec78a722211d237c802ec6715 (0.00s)
    --- PASS: FuzzTrie/737fdd3b33a570892754c08bc940f86e93aa043e (0.00s)
    --- PASS: FuzzTrie/743529c831b2853c6c089748ace18ba5e73f6551 (0.00s)
    --- PASS: FuzzTrie/744d0b3f578d9b0c36fbb11ec123bc0cb86329a5 (0.00s)
    --- PASS: FuzzTrie/748e0768266fcb5cf89432a9fbca6d3ab4d86350 (0.00s)
    --- PASS: FuzzTrie/75e5438b941175987c4ecb2b65d4fc0505eaf18d (0.00s)
    --- PASS: FuzzTrie/7601b305a17ed2227578f3111046819b396b7ab2 (0.00s)
    --- PASS: FuzzTrie/7603b5a1a17fe8cdc10e4c397a626e63b6bd95b5 (0.00s)
    --- PASS: FuzzTrie/76cf96c31224cd6307a6a46f03d1eff052187d30 (0.00s)
    --- PASS: FuzzTrie/76e59b462a6742e42027a6740053c7ba64aaa80c (0.00s)
    --- PASS: FuzzTrie/76f821e0f90c9927767023e35033e0b10e5bbb76 (0.00s)
    --- PASS: FuzzTrie/77265e7256cd982492f8c4811666af2384098139 (0.00s)
    --- PASS: FuzzTrie/77583ba4e9f17565b20fe917c968d6e9f4ec8c01 (0.00s)
    --- PASS: FuzzTrie/787bea9919e13720cbc36e23c2ae37ba506e3354 (0.00s)
    --- PASS: FuzzTrie/789a8cde0a44f80d390e8c312569c42210a71c41 (0.01s)
    --- PASS: FuzzTrie/78d75f4f1a9ce22ccf4b0b6ac690978633d903b7 (0.00s)
    --- PASS: FuzzTrie/79b97087aeae046907df0926cfd918e58117bb50 (0.01s)
    --- PASS: FuzzTrie/79d1adaf9392a278007a8fa706f9e882241a4161 (0.00s)
    --- PASS: FuzzTrie/7a13492eac6fea4c7ef4600c71f1d5b6fbc26651 (0.00s)
    --- PASS: FuzzTrie/7a21c2c9a6f5ed9ee4e5b2a12bf42ff288b804fa (0.00s)
    --- PASS: FuzzTrie/7aa9bc6ce7f15e4c3fc61eb65fa12ac43612bd04 (0.00s)
    --- PASS: FuzzTrie/7b6501aef40af31d998256297b61528fc525f0c7 (0.00s)
    --- PASS: FuzzTrie/7b71c009de65f929656ba6d3b6fe76c7158f8ae2 (0.00s)
    --- PASS: FuzzTrie/7c9ad4297078c63903d36c838836415d7a0267a0 (0.00s)
    --- PASS: FuzzTrie/7cb379b8464abae7188904626516f12e3abfede1 (0.00s)
    --- PASS: FuzzTrie/7d292ba7ec7f1125c3bd34d8e12f87bff06528ed (0.00s)
    --- PASS: FuzzTrie/7d5e06aeee651dc16abb86f6b0323fe249188d6a (0.00s)
    --- PASS: FuzzTrie/7de19beab7ac2b21c7f2cee4988efa2fd78a7120 (0.00s)
    --- PASS: FuzzTrie/7e5bc19fca615f4af959d3f86329db066bddebb5 (0.00s)
    --- PASS: FuzzTrie/7e7685caa5bf17f768de7bc87be0b635985012a5 (0.00s)
    --- PASS: FuzzTrie/7f35ab9f42b2ff6d18325bd7d68b157374719782 (0.00s)
    --- PASS: FuzzTrie/7f75829036d229de2e4f17771539edf4434412a9 (0.00s)
    --- PASS: FuzzTrie/7fe63db72d954c4c436efedeb6c3f578a109f10b (0.00s)
    --- PASS: FuzzTrie/7ffa176d6756fd42e53e08b15ebe55eec1ac4031 (0.00s)
    --- PASS: FuzzTrie/803e75a4a84a8e64a0fecf752ce7e4f5b938b7ac (0.00s)
    --- PASS: FuzzTrie/806eb44f407084d31eb79a9204e97d9346c7f0a9 (0.00s)
    --- PASS: FuzzTrie/807ff27a9ce90c8ffc29b3acb0757f7c5e538e3e (0.00s)
    --- PASS: FuzzTrie/80d2ec32f5b7f14e79e594bf8fd09860ff0a5c52 (0.00s)
    --- PASS: FuzzTrie/80e3a76b7bcd870326dd1f25d5cbcd7dde09da25 (0.00s)
    --- PASS: FuzzTrie/812f93dfda7594f90e1a7a2b76101df7707d004e (0.00s)
    --- PASS: FuzzTrie/813cb4d88098da6f20232743660fe9c771b25864 (0.00s)
    --- PASS: FuzzTrie/81755d20237827a69a4178449c3289333f95e2d0 (0.00s)
    --- PASS: FuzzTrie/81c4ee1efd514b2465acc5e6d4913cd49501e581 (0.00s)
    --- PASS: FuzzTrie/825d2f373ca0a79e9cf9262d7cf8a946002fda93 (0.00s)
    --- PASS: FuzzTrie/826cd840edf4512021fd5f96ce45ad836922bb50 (0.00s)
    --- PASS: FuzzTrie/838fc0f81ff3e180331d8cbc596acf2f7d2cc164 (0.00s)
    --- PASS: FuzzTrie/83a1f9dc64f42d8ac44a77e603b893ade3c04bd0 (0.01s)
    --- PASS: FuzzTrie/84c4d7df1da840a548cefcfb055f7ce4b9caa2a6 (0.00s)
    --- PASS: FuzzTrie/861be3614775c9afd780aa5cf6f9d9e2ccedbb31 (0.00s)
    --- PASS: FuzzTrie/8623c2ba5186f4da75197145d59445fc3606da16 (0.00s)
    --- PASS: FuzzTrie/862591750f08fb55d75bb5d193e1502526d22d90 (0.00s)
    --- PASS: FuzzTrie/8657737ac842c566e8c9b96cd00cb05c353e2349 (0.00s)
    --- PASS: FuzzTrie/866e6ffb666c44921e764b128b4a3aa15b71d1a2 (0.00s)
    --- PASS: FuzzTrie/86f051c12bb523f2652aedd992f5f249935f471e (0.00s)
    --- PASS: FuzzTrie/870feabb494ee1f0f7353ec3c5ff5d2a417cc979 (0.00s)
    --- PASS: FuzzTrie/872737e68b939f0662d3acb3f073b4ffbbb43e3c (0.00s)
    --- PASS: FuzzTrie/876366f091a25360ea05ed65a3e408fff9ea6f05 (0.00s)
    --- PASS: FuzzTrie/8766e0e2bd2bb31949bc71cf384035e15a1fd978 (0.00s)
    --- PASS: FuzzTrie/879903f2af64d1230562e9d38979d24c2fca7d24 (0.00s)
    --- PASS: FuzzTrie/87ba7455590123ce599e9ec17ed2e83b1e6710f7 (0.00s)
    --- PASS: FuzzTrie/87c08b5d89ec6ec450c82f8fe100633a0a525af5 (0.00s)
    --- PASS: FuzzTrie/87ca85cbb26f904210c2fe9ab4aec52df74808fa (0.00s)
    --- PASS: FuzzTrie/87e4086f59b112bb02ad6a4d3366d9fb56351a8b (0.00s)
    --- PASS: FuzzTrie/87fac71a8cb330514239d893640d6e9fbfa5cf62 (0.00s)
    --- PASS: FuzzTrie/88157dc59ecf596fddea13f36838c0655ba2adb5 (0.03s)
    --- PASS: FuzzTrie/8819ed61c104244ae7d2f779819973f8b0aacf78 (0.00s)
    --- PASS: FuzzTrie/884bdb04feb7a61da278be9a61fe5b99e9012d6d (0.00s)
    --- PASS: FuzzTrie/885928a8651a78a6cf0cda83519acf389ce42940 (0.00s)
    --- PASS: FuzzTrie/8932b2b85ffefcb64626ff937d1a5286a7e262ce (0.00s)
    --- PASS: FuzzTrie/8988d4912369e5a0c06d3c02c33e31ab95978bc7 (0.00s)
    --- PASS: FuzzTrie/8a1a7e91faad48304b2b131c5ad98e6ee9babfc9 (0.00s)
    --- PASS: FuzzTrie/8a378803b72dfabb18fd593e5257a41590d73350 (0.00s)
    --- PASS: FuzzTrie/8ad4632acb2352aba16c49f7abb8d754b3c8f8ad (0.00s)
    --- PASS: FuzzTrie/8ae26814954451c1f92c515a6df2edeb1e0b8736 (0.01s)
    --- PASS: FuzzTrie/8b0e916eced6bb28c11cbdb714ff3e64dbb41e45 (0.02s)
    --- PASS: FuzzTrie/8bbe68f53c62e7ded058212fc9a2fd544405d232 (0.00s)
    --- PASS: FuzzTrie/8bee49f119328d452ee8f563ffacc35f81430266 (0.00s)
    --- PASS: FuzzTrie/8ccbfd4850b4c4a5df6205eac1f8008a93a9fa7c (0.00s)
    --- PASS: FuzzTrie/8dab116e0a2f69b1bfce3c6b798def589c82b26f (0.00s)
    --- PASS: FuzzTrie/8ec095a4a0a500447e566e87315607795a219be5 (0.00s)
    --- PASS: FuzzTrie/9017c0d90187d00b11d18c2235e25ddf17ded699 (0.00s)
    --- PASS: FuzzTrie/908799a25dc91399efc78136ba8a282d2b49f6a0 (0.00s)
    --- PASS: FuzzTrie/911bcadf1799c6e07638669c622891fb2bbaa325 (0.01s)
    --- PASS: FuzzTrie/915526e269ddcd5820cd23f2182d08e69b84ac5e (0.00s)
    --- PASS: FuzzTrie/91728fdfb7ccc2935c5bb4e382183148df3bc730 (0.00s)
    --- PASS: FuzzTrie/9300c3339b1841af13970ffdbcccacf7baa7f091 (0.00s)
    --- PASS: FuzzTrie/931827e482580d64aa9831fd445fadb38c7a19d3 (0.00s)
    --- PASS: FuzzTrie/93b6901edee16a62c5e178f6f5273603a9cce4ec (0.00s)
    --- PASS: FuzzTrie/945e2a1c0ce244b410294ae9c5199d0e89ca0b89 (0.00s)
    --- PASS: FuzzTrie/955305f840c4407b7bbe6555eef4039e470acf0d (0.00s)
    --- PASS: FuzzTrie/9652df2ed5bfec05eb9c9903a9b4da0cfe35b602 (0.00s)
    --- PASS: FuzzTrie/97653bde6ebe020dc86dd59cd73e80dfbb36533e (0.00s)
    --- PASS: FuzzTrie/97d30fec1ac039f12955fd0915da957a44542990 (0.00s)
    --- PASS: FuzzTrie/981310b1c0986945b7b2fad99f13c003c0b08d2f (0.00s)
    --- PASS: FuzzTrie/992067de66234bd658cbbae76e2b1fd9c7274c73 (0.00s)
    --- PASS: FuzzTrie/996a234bcafdf17388d1b9a686c53372ec13c86e (0.00s)
    --- PASS: FuzzTrie/99b553d28aa33cbe3e5205085b857f36e7074f69 (0.00s)
    --- PASS: FuzzTrie/9a0eccf3409ed5a73d00e633e6c527220b70a7e0 (0.00s)
    --- PASS: FuzzTrie/9b53233072fe03c24c2dafd8ea4ea05346c0e5b9 (0.00s)
    --- PASS: FuzzTrie/9b99ca5a82629d86760451e0e2748586c96b1d86 (0.00s)
    --- PASS: FuzzTrie/9b9aa44ec775a7cac2bad01c5b65e95ba71d8ccb (0.00s)
    --- PASS: FuzzTrie/9baaf14174e4fc994461292f8fa9004afee0eba2 (0.00s)
    --- PASS: FuzzTrie/9d2b2c867d0a803b0f53aa4fa2987a52156d7569 (0.00s)
    --- PASS: FuzzTrie/9da2cfdaa6d369b7a015baf0a20048dc31eb9f0e (0.00s)
    --- PASS: FuzzTrie/9e242a1526e57eb98fd4490f21ece90f6e682e9f (0.00s)
    --- PASS: FuzzTrie/9ef1c7129281fc8cea345f6e04b689471489df21 (0.00s)
    --- PASS: FuzzTrie/9f53f6ab101ccc7c2e231ad3664962ce0cc4bf3b (0.00s)
    --- PASS: FuzzTrie/a049d1c5ef58d02f37499521a5e5b25f37e705e0 (0.00s)
    --- PASS: FuzzTrie/a0f8ce71ee5832718e46acf86f4bec46c5dbd530 (0.00s)
    --- PASS: FuzzTrie/a16c719b9c71ee162687d61ba2e585d143c61a39 (0.00s)
    --- PASS: FuzzTrie/a20b275e5b5615ed91056b662948f84e14abb331 (0.00s)
    --- PASS: FuzzTrie/a20bbb5835bdd0b8db7fa0c95300ba335141e7a3 (0.00s)
    --- PASS: FuzzTrie/a2ef3403a71a0850a21ffec5d0341429573d1204 (0.00s)
    --- PASS: FuzzTrie/a309e0affd6ca31448b5a9302135891fa07700f2 (0.00s)
    --- PASS: FuzzTrie/a35286f39b31a36695fd4ef454559ad0cc0a263b (0.00s)
    --- PASS: FuzzTrie/a3fa48fe63337d8657c7c1aa4a67f4c7aede9cfe (0.00s)
    --- PASS: FuzzTrie/a4152afa2fbd597a01a9cb0efd0288ce78cd995f (0.00s)
    --- PASS: FuzzTrie/a4db6fd3d7b8c642fac6e4e10cd95866fcf88767 (0.00s)
    --- PASS: FuzzTrie/a53eb9edd65cd935f624c6a4f9a9ea0915fa9990 (0.00s)
    --- PASS: FuzzTrie/a67c7b7ff60205df6d76d2a46bad05d5c49b73db (0.00s)
    --- PASS: FuzzTrie/a6bc403d759442b2eb025734248c11e1817c36a8 (0.00s)
    --- PASS: FuzzTrie/a6bd80e178d85d7b27cbd1f19a12c39b76047fd5 (0.00s)
    --- PASS: FuzzTrie/a706bcfe28ea1092ae571e29390a88d0c7761d1a (0.00s)
    --- PASS: FuzzTrie/a7074e7390eb44e124dea6883bc4e33257fe6f5e (0.00s)
    --- PASS: FuzzTrie/a74f8f88696d05e043ea5a0fea326b76ce5ce5cb (0.00s)
    --- PASS: FuzzTrie/a77f01a150c8d534406ba1d54d00af33d7372abd (0.00s)
    --- PASS: FuzzTrie/a7bd3819a112e6acb5194b7a9b6366da8594ccb2 (0.00s)
    --- PASS: FuzzTrie/a8f15965347fff6261d0893907501e2f5aa4758b (0.00s)
    --- PASS: FuzzTrie/a9a19b96be0833fd171b75239236d3df5a7a6215 (0.00s)
    --- PASS: FuzzTrie/a9bed75229c9deaca4f5c37cee9f4f8e4da24551 (0.00s)
    --- PASS: FuzzTrie/a9e6a07d2498509c967cefcce4afc29b1c757c03 (0.00s)
    --- PASS: FuzzTrie/a9e742bdf8170ee37803fd872307fc2d683381a1 (0.00s)
    --- PASS: FuzzTrie/aa385510b5929d59bdcaf21ba8ec3a4579f7a7c7 (0.01s)
    --- PASS: FuzzTrie/aa5f19c559bbe02673cc65390cb8365156ffe52b (0.00s)
    --- PASS: FuzzTrie/ab1d66d494ecf33c6acfa072f007c4e03ecd7865 (0.01s)
    --- PASS: FuzzTrie/ab1e322a994a8d47627040bd5f78263714c4673b (0.00s)
    --- PASS: FuzzTrie/ab65246f250edf42e10523368701a88ab22f88b9 (0.00s)
    --- PASS: FuzzTrie/ab960811726c4969c74803f6937e7353e612bb46 (0.01s)
    --- PASS: FuzzTrie/abbf516433baeaa3ddd4ab4982a005bc69aca13b (0.00s)
    --- PASS: FuzzTrie/ac3fa598ed0b7c46f50628218c540196cc763561 (0.00s)
    --- PASS: FuzzTrie/aca2618e8c2aa8b5c507cbe88db8cafdb3710d0c (0.00s)
    --- PASS: FuzzTrie/ad291ff1579f3c6182ca5034238b5d40de89b06f (0.00s)
    --- PASS: FuzzTrie/ad96746a948c989b93e6770576d0e1195eb4816f (0.00s)
    --- PASS: FuzzTrie/adc83b19e793491b1c6ea0fd8b46cd9f32e592fc (0.00s)
    --- PASS: FuzzTrie/adead87153d3beff62b77d13d6ff7ae1f59453aa (0.02s)
    --- PASS: FuzzTrie/b03bc35c9434bf80fda5c9609998a710d324c122 (0.00s)
    --- PASS: FuzzTrie/b04068b63e3b1b98c03f51ad3a8843f62c62e767 (0.00s)
    --- PASS: FuzzTrie/b09da401579d0639b772c97526ecc4d8168554a3 (0.01s)
    --- PASS: FuzzTrie/b119c058903a2095a260660342739b5d8f54dd07 (0.00s)
    --- PASS: FuzzTrie/b1b2a6145a5e8e4031d8bb963f72efb098c29f6e (0.02s)
    --- PASS: FuzzTrie/b1c5cdae333e18b577d7fb8c7298207d01ada001 (0.00s)
    --- PASS: FuzzTrie/b1f7f902b0fbffe3ec975788992499185d8931f6 (0.00s)
    --- PASS: FuzzTrie/b239d55d7d57523b41a401e4d2bc011fc19670b6 (0.00s)
    --- PASS: FuzzTrie/b26ec870c59b40a1d03a36fffc144c96b14998ad (0.00s)
    --- PASS: FuzzTrie/b2c3518e0996ce802cfcb18015240556fec36e60 (0.00s)
    --- PASS: FuzzTrie/b3092f086e1361fa3451b4bfaf63de378efd9860 (0.00s)
    --- PASS: FuzzTrie/b3cc33df5b66c8575aade3de6038346ef935371e (0.00s)
    --- PASS: FuzzTrie/b4848bfeea730cd4f501129e0c6b5c3f13737cb8 (0.00s)
    --- PASS: FuzzTrie/b4db8c8bf0c95ff9061372dae5ca88bfdbd237e2 (0.03s)
    --- PASS: FuzzTrie/b5fed5ee92fd21bedc044ab840e80c453d846394 (0.00s)
    --- PASS: FuzzTrie/b703f86c51d8b37f744467d2e68e5f506c65ffc2 (0.00s)
    --- PASS: FuzzTrie/b72faac98d102d89733903c14d3a7854fcd11cda (0.00s)
    --- PASS: FuzzTrie/b7c9a7bd728d4b93d76a8d0fff987faed009f688 (0.00s)
    --- PASS: FuzzTrie/b85872c58a1eff7765372026d4850e9e7ac70439 (0.00s)
    --- PASS: FuzzTrie/b8682265ca20b54f38fdc4d3454a028a36ef889d (0.00s)
    --- PASS: FuzzTrie/b8b1c4f71e5dabf183079b328e290495dd1c333e (0.00s)
    --- PASS: FuzzTrie/b934db928f5dae885e56233c5f611eb34e50954f (0.00s)
    --- PASS: FuzzTrie/b95542a3a3463d9cab4a8a9e46f400829d5103c6 (0.00s)
    --- PASS: FuzzTrie/ba889c84b61f687ff72f2a341f183a96a6a524b7 (0.00s)
    --- PASS: FuzzTrie/bb2692b2552fcb76d82da5f89f7509493a672cda (0.00s)
    --- PASS: FuzzTrie/bb2fac10cd03015321dd0d967b835ba654190333 (0.00s)
    --- PASS: FuzzTrie/bbd270c9c195df56515ec548208cf12352ac9cff (0.00s)
    --- PASS: FuzzTrie/bc55b59bda2ae4971f6d40d52c8c8b24a89eb8a7 (0.00s)
    --- PASS: FuzzTrie/bc61ac4386d44e6ff0ca609bdc910e509fcdacec (0.00s)
    --- PASS: FuzzTrie/bcc8d7473ceda71d8c17883a61deae5719e55eaf (0.00s)
    --- PASS: FuzzTrie/bda233e08c6d52efc6179288ca27157f6c284247 (0.00s)
    --- PASS: FuzzTrie/be3ced41f2255e439a6735389239284b5af40b54 (0.00s)
    --- PASS: FuzzTrie/beed8e5d7092bc4275352ed9db310928b8846d86 (0.00s)
    --- PASS: FuzzTrie/bf2c62d4a5f2265ae666e014eb97b5ca7be849b4 (0.00s)
    --- PASS: FuzzTrie/bf9c9456a42ba089ad44cd410b6d154064d632cc (0.00s)
    --- PASS: FuzzTrie/c039a2f6fe259c89b3e7a5abf86bed552bb710cb (0.00s)
    --- PASS: FuzzTrie/c07da1292aa314769d2e1dc3f02a66238ce8bd65 (0.00s)
    --- PASS: FuzzTrie/c35eb3d2fc92b5714a8a3829d6f191d91b60fc6d (0.00s)
    --- PASS: FuzzTrie/c37908363bac31ce04fd2960e409e6a828a1d321 (0.00s)
    --- PASS: FuzzTrie/c3ab62ccf5a7777adfc5d19434a98606acc6f0b5 (0.00s)
    --- PASS: FuzzTrie/c48b1882557126d3b0ba4dda0fdde52b3a412e59 (0.00s)
    --- PASS: FuzzTrie/c498b2e0d87a2435f8cb467250ea340c10b3be06 (0.00s)
    --- PASS: FuzzTrie/c5a3bd30675307df3b397b1856e588174e6836b0 (0.00s)
    --- PASS: FuzzTrie/c5bc942a35f81e26a2ae3810787e8a98d222601c (0.00s)
    --- PASS: FuzzTrie/c61e9763302038a5ba8c5c8f430fe7d65eaff821 (0.00s)
    --- PASS: FuzzTrie/c66784a9db3d7984694f138b677e3ec9e7e32f94 (0.00s)
    --- PASS: FuzzTrie/c745bc0211a0626ee72e5a17f5d147748ee71913 (0.00s)
    --- PASS: FuzzTrie/c7e1b2d70736ca33cb6bd6a21f7c5bf27a987e9d (0.00s)
    --- PASS: FuzzTrie/c820b06230ab6157dd554f9052034f75b933af94 (0.00s)
    --- PASS: FuzzTrie/c9e8f1c23c7e30df14956d5ff8c5d7e7e7cb0763 (0.00s)
    --- PASS: FuzzTrie/c9ef70a41498cc175871b18ffc015cf57bd2c5d2 (0.00s)
    --- PASS: FuzzTrie/c9f4f90f43bd9e0185d2a17087f4a50628c7b929 (0.02s)
    --- PASS: FuzzTrie/ca398638faa65cfbd9f6475b574d57419d27757f (0.00s)
    --- PASS: FuzzTrie/cb6e606840c3808aa66224d29572bea2dbda3c4a (0.00s)
    --- PASS: FuzzTrie/cb7abc4036a19842adb5237982a48d62d15ac9e1 (0.00s)
    --- PASS: FuzzTrie/cbca83a01b5d2aeadf272a6e3dae01a2f94e17eb (0.00s)
    --- PASS: FuzzTrie/ccfcc43b8e67a45ead3c5b81299ec7ac68b746b2 (0.00s)
    --- PASS: FuzzTrie/cd115d5d0a8daf30ef5c5543610bff4b0142cffc (0.00s)
    --- PASS: FuzzTrie/cd3a5320f835ad3f797d29a3da8768f690824ccf (0.00s)
    --- PASS: FuzzTrie/ce1fc241e5df48ccd712e81a724607c11d39013b (0.00s)
    --- PASS: FuzzTrie/ce3e32348c37614b1e7ded1543533c6c2f818c97 (0.00s)
    --- PASS: FuzzTrie/cfb62465219d216c634c68f8b8e814229aa55600 (0.00s)
    --- PASS: FuzzTrie/d00812d30ad98e7d3dc95343031c65963555ffa0 (0.00s)
    --- PASS: FuzzTrie/d09dd113b1c1e5286ae1a247d9040bd8d9ac07b2 (0.00s)
    --- PASS: FuzzTrie/d1447d1645aeaafe68bafd4838c37d8fcfc6afaf (0.00s)
    --- PASS: FuzzTrie/d1927170deab3d025c56ead6576da2cbfcc89932 (0.00s)
    --- PASS: FuzzTrie/d2044de27004b42b26bd2428e2fd22667f462343 (0.01s)
    --- PASS: FuzzTrie/d2351aa3590ae429dc592f028801ec71610a2429 (0.00s)
    --- PASS: FuzzTrie/d291e113d34f1106756b0a4887c1e585bf29f30b (0.00s)
    --- PASS: FuzzTrie/d30b6226d54728e19e461bb700ac98f8aab66e3d (0.00s)
    --- PASS: FuzzTrie/d38ef1268d5c16d2db31e3691a5a48225b16435c (0.00s)
    --- PASS: FuzzTrie/d62b63f52a9522c731a181a203f7bca06434e9e9 (0.00s)
    --- PASS: FuzzTrie/d6390554e80b1703d4288d70df66cb3f28e83313 (0.01s)
    --- PASS: FuzzTrie/d64bfae65092f40d92c6cba3ea95e85a00050d5d (0.00s)
    --- PASS: FuzzTrie/d706fbe7cacfd74ccf276fa677f59a4000b3d1b7 (0.00s)
    --- PASS: FuzzTrie/d72b5020a08a1ec0d69d3ce35a0915dcb8cda47e (0.00s)
    --- PASS: FuzzTrie/d74e7ec0e3260c544fe653197761626ee3802236 (0.00s)
    --- PASS: FuzzTrie/d7d79bae0f6eaa87892f36eb61b23cf45d593a6b (0.00s)
    --- PASS: FuzzTrie/d7f6c2af665e7342a91bea3da93c9ce4a6627112 (0.02s)
    --- PASS: FuzzTrie/d8343bbb9a48ee2ae51f993514a4d8847e8d2903 (0.00s)
    --- PASS: FuzzTrie/d84c6f644b8282d8dc8f872509a0123b26555ae4 (0.00s)
    --- PASS: FuzzTrie/d888c70c1f4fde59ed6c264451bda52f203fd37a (0.00s)
    --- PASS: FuzzTrie/d8b7de72f5273095696cbbe1be370be73361e8b7 (0.00s)
    --- PASS: FuzzTrie/da48d8cf8bddd68099e0a8bae97a4565b44ff5cc (0.00s)
    --- PASS: FuzzTrie/dbeed8c0e1caa7355c3b8c43a6354709b94488d4 (0.00s)
    --- PASS: FuzzTrie/dc0c24291611dcefeff2ae89e29baf2b7905f36d (0.00s)
    --- PASS: FuzzTrie/dc4729a81707e1bcbd27005fe91847cbbf5e4457 (0.00s)
    --- PASS: FuzzTrie/dd10f815a5b1133f233965ffc3af4a4a40093480 (0.00s)
    --- PASS: FuzzTrie/de5dc47316e89b74019ccbd308f6e8d78ab510ee (0.00s)
    --- PASS: FuzzTrie/dff82a80c6e9b95461be4b0c06d961416e55ac2a (0.00s)
    --- PASS: FuzzTrie/e0db656d5703d5ba486babc3f589da15ee4705b7 (0.00s)
    --- PASS: FuzzTrie/e3270ab29edd15b12b6b02575130513d2ee9ac7b (0.00s)
    --- PASS: FuzzTrie/e34a30ec4551543ca05f963bfe3384ee092d8376 (0.00s)
    --- PASS: FuzzTrie/e399acc9096d2006cd275c46365fd751367e5029 (0.00s)
    --- PASS: FuzzTrie/e3d538ccdde9781d538096b9129f1eb93950ea3a (0.00s)
    --- PASS: FuzzTrie/e43eac3ca7ae21930bdddc76cf7fa60d7aed8112 (0.00s)
    --- PASS: FuzzTrie/e489b349870274b530da8b35ba7edbd010175e99 (0.00s)
    --- PASS: FuzzTrie/e49d6f0ab622b4aaa8db6b76ff4e0d6bc29509ba (0.00s)
    --- PASS: FuzzTrie/e4aeb4addedf998ef6af6bb40e2a015e907f3249 (0.00s)
    --- PASS: FuzzTrie/e50cd1826790c3ffc06c2d696fa0e4e31a8a5983 (0.00s)
    --- PASS: FuzzTrie/e6a576b3776a31f92844ad94c8f7433f0b6509b3 (0.00s)
    --- PASS: FuzzTrie/e6f981199ea47da6bc0166fa3df2d2e270d4dba0 (0.00s)
    --- PASS: FuzzTrie/e71d5f633cea79dc3a4716090ff0da06cb340086 (0.00s)
    --- PASS: FuzzTrie/e7bac64beed00ca7920dbe108b3620e8c57e6be6 (0.00s)
    --- PASS: FuzzTrie/e7ebd708bc4bed0f6657edc92deb0f903c1a1aa1 (0.00s)
    --- PASS: FuzzTrie/e911c5da3203675957bf2f14511ee8d35d199db7 (0.00s)
    --- PASS: FuzzTrie/ea1e0165f7878999faa595cee647c007e792139c (0.00s)
    --- PASS: FuzzTrie/ea38a63b06c57bc53ffd593d2ea6e05672e28e86 (0.00s)
    --- PASS: FuzzTrie/ea3e65eb15a74af138fe80133db9fbe4960d91ed (0.00s)
    --- PASS: FuzzTrie/eaa5ebaebbba8c01d0233fb1b050ef59c2f1f834 (0.00s)
    --- PASS: FuzzTrie/ead1ed86d60f3a7b044e33cf5827c9a0470c7306 (0.01s)
    --- PASS: FuzzTrie/ec0ae744cab516c87b9432ce8090067f68926dd6 (0.00s)
    --- PASS: FuzzTrie/ec73be25fb28e3247b9bbceb6296fa5206a682b0 (0.00s)
    --- PASS: FuzzTrie/ec7e890f0aa3087b34385004133a5deaa146974f (0.00s)
    --- PASS: FuzzTrie/edbff630df4f410f13f890a22980fd89008ebbca (0.00s)
    --- PASS: FuzzTrie/edc8304245b62eb4332be169f01b05a3815a0ccb (0.00s)
    --- PASS: FuzzTrie/ede39b72afa3aff3980fb6de8d8ae09b60f120ae (0.00s)
    --- PASS: FuzzTrie/ee55c770ca1d6d01650d6d3ab00565240c8098d2 (0.00s)
    --- PASS: FuzzTrie/ef4d11115ace632a5ee95848a268fbf811d9bf22 (0.01s)
    --- PASS: FuzzTrie/efcacf1912259241a39896624484ad5761f0dfc5 (0.00s)
    --- PASS: FuzzTrie/f0befaea13b5dc97579584bbaa922379b1504843 (0.00s)
    --- PASS: FuzzTrie/f1558180f980c001a94ba95c9987e6a99d762731 (0.00s)
    --- PASS: FuzzTrie/f27b3deec4c4a29bf4baa2e0788dadaf2318b3e4 (0.00s)
    --- PASS: FuzzTrie/f3dfe0572e54e4e297d1ab5727de7adb9c53ee63 (0.00s)
    --- PASS: FuzzTrie/f54fdece32b80be4c08135fb5726218dc37fcf94 (0.00s)
    --- PASS: FuzzTrie/f5928971641bece421939ea1bb1fe1ada8993bbf (0.00s)
    --- PASS: FuzzTrie/f5b349cbdb2a4ec4a16e9a529b904b8230a8b5eb (0.00s)
    --- PASS: FuzzTrie/f61e34441a1fa0e1954f04cb15afe5d472fb4236 (0.00s)
    --- PASS: FuzzTrie/f61fabf6f8d5fd881a3eac9223466f9aa22224e5 (0.00s)
    --- PASS: FuzzTrie/f62771f94b578f1cd05b341e8597ff4158c3ab73 (0.00s)
    --- PASS: FuzzTrie/f729677cfebb516217fbdbd2ab66890c68943fce (0.00s)
    --- PASS: FuzzTrie/f783ac4fe6f593658c0d9f8e49d626b7870b00d1 (0.00s)
    --- PASS: FuzzTrie/f78ecb54cee772487c029166c10210882e475694 (0.00s)
    --- PASS: FuzzTrie/f91ae8cec679135f20310085e61470d8ddcdd3c2 (0.00s)
    --- PASS: FuzzTrie/f944e49333b476fd2694c813f21b4953e2de7a1e (0.00s)
    --- PASS: FuzzTrie/f9ba4cd16e810e09d01da53f5239843e8fb5d158 (0.00s)
    --- PASS: FuzzTrie/fa54660d537c3a90093746340e871ed74dedd6a5 (0.00s)
    --- PASS: FuzzTrie/fb1b05226caa6c0b05ad503a8e6d8567bfaa1c0d (0.00s)
    --- PASS: FuzzTrie/fb64e69c0adb2f610aa6b7c51948448b5bb73bde (0.00s)
    --- PASS: FuzzTrie/fb7e0ef405a3ecdad2850de7f90621b55a61b056 (0.00s)
    --- PASS: FuzzTrie/fb822d02077d022a7c493b2b2e29f2154e6e94f0 (0.00s)
    --- PASS: FuzzTrie/fc830605e9c03d42d192ccbd9efed9ea13582fff (0.00s)
    --- PASS: FuzzTrie/fdfbe689f70d70ea7a23994a0e84f8d9a2929b5d (0.00s)
    --- PASS: FuzzTrie/fe1fb7cdd52cea6a11e285985c317a1dbd251467 (0.00s)
    --- PASS: FuzzTrie/fe6b60c21ad4664ee91dc19e0188397ede645963 (0.00s)
    --- PASS: FuzzTrie/fead6854a4fd33cf190e9aa93c8eefd450362967 (0.00s)
    --- PASS: FuzzTrie/ff23c155a9213bfd05424158f2eb8b935a877e1b (0.00s)
    --- PASS: FuzzTrie/ffeeb6464d5a2a8313fcfef077b6523a68e1b350 (0.00s)
PASS
coverage: 88.1% of statements
ok  	github.com/morph-l2/go-ethereum/tests/fuzzers/trie	0.758s	coverage: 88.1% of statements
