=== RUN   FuzzTxfetcher
=== RUN   FuzzTxfetcher/0034367d40bc4c58811fef63468924239b6db900
=== RUN   FuzzTxfetcher/00fb2efee08a70d964f0361a2764be2b16bfeddd
=== RUN   FuzzTxfetcher/010dd838e1c40a038083a6c07412051d3f5ea3e2
=== RUN   FuzzTxfetcher/016022a606f81522acff0495755c9a87b5c719cb
=== RUN   FuzzTxfetcher/016a2b8756bcbaa635257bd0850db397deea434b
=== RUN   FuzzTxfetcher/0217e7073d17c2786ceb2718fdab2ea6f9449a4b
=== RUN   FuzzTxfetcher/0233316e60b9ff1d366901d3af412c6b4532dfee
=== RUN   FuzzTxfetcher/026afd806803d7c323863cd9cc6bfd9202dd3841
=== RUN   FuzzTxfetcher/048f5079d862e532770be68a5a947cf0f60c3b08
=== RUN   FuzzTxfetcher/059d165cd5b672b566bfafa1f4bb472be81a4a2b
=== RUN   FuzzTxfetcher/05ecaf0c4ef70b652452fa94c33177a49eb5bf73
=== RUN   FuzzTxfetcher/06192830b3bab564daaaaa8365a60d930fde1e60
=== RUN   FuzzTxfetcher/06611361edfa6f9769231ee15545afb00ea20249
=== RUN   FuzzTxfetcher/067002c3e100635b464cd27051343a336bcf6ef6
=== RUN   FuzzTxfetcher/06e3ec1274ab644eb945a0f2f37838140afcb2aa
=== RUN   FuzzTxfetcher/07478029d9fd5e442ec1df32b734f21d338b74bc
=== RUN   FuzzTxfetcher/07cef6788d31e2e2ff62b2fda376453312b6d68c
=== RUN   FuzzTxfetcher/08a0fdda8d4494b4207cf6c002808107b1ff7263
=== RUN   FuzzTxfetcher/08b5e192baef349fc5d7460ad8728aa7461c8b60
=== RUN   FuzzTxfetcher/0956553073c74da7ef81ae13055703d4e3e916e3
=== RUN   FuzzTxfetcher/0a65df448bc91e900648e70614b15f320e6708d4
=== RUN   FuzzTxfetcher/0a84179f6b3a380310b58c492ffef8fa32fc1d36
=== RUN   FuzzTxfetcher/0a99afb14cffbe8ed7ff9be2f3fe87f58adb5b84
=== RUN   FuzzTxfetcher/0aa0ef5d8e86c9750ea8c4c894c18e17525d5d13
=== RUN   FuzzTxfetcher/0abdce4d0e45705ad8198e053a016767e9b9254a
=== RUN   FuzzTxfetcher/0ad743f1479a078004de864cd89bec57b38e1a6f
=== RUN   FuzzTxfetcher/0b79ca62291c9c09c404b0b8c9b190a4e5745940
=== RUN   FuzzTxfetcher/0babaa596203ec4490113d917d2c34e995480e59
=== RUN   FuzzTxfetcher/0c433dcabe99e160bfd73f7ac8383fe5cd85327f
=== RUN   FuzzTxfetcher/0c6a984cc7d72a9b51d0307c97d332c666b27618
=== RUN   FuzzTxfetcher/0ce55f9767ca397a1173b7f10157bcd6f6cb8bd4
=== RUN   FuzzTxfetcher/0d45cca825aedacdf662aef34acfa11103a04900
=== RUN   FuzzTxfetcher/0d678242c460590f18e82898ba5005244d13ddd3
=== RUN   FuzzTxfetcher/0d6b27fa065d5385e3e14cf916388fa58a1a4f56
=== RUN   FuzzTxfetcher/0e5e281cc91a6f95106b75bc73b4e6ffaf44739b
=== RUN   FuzzTxfetcher/0e61c2e984d90b59485fe12db8748e32401d57b2
=== RUN   FuzzTxfetcher/0eb16987769ec8733519abf302916814b033e029
=== RUN   FuzzTxfetcher/0eb61fd13482c1d12f165e79e9e160e7e4975a1f
=== RUN   FuzzTxfetcher/0f3f9f912bcad7f524d059e81d0abfe55659c8bb
=== RUN   FuzzTxfetcher/0f505e544804a759471221686a467fa163d49692
=== RUN   FuzzTxfetcher/0f6821ec7d4c14d1bc4d8e59507d6b24ff4da011
=== RUN   FuzzTxfetcher/0fc9e31c35e59b77dc2dc4673e0a6c5e2ca00d5b
=== RUN   FuzzTxfetcher/1012200d0559a0b76bd7be677d9ef44ef9b9a595
=== RUN   FuzzTxfetcher/109c89ae1195965c85442d511bdf5bdbc2b3ad40
=== RUN   FuzzTxfetcher/10a68356725a0920f2ec6ed4e95c472fee51191d
=== RUN   FuzzTxfetcher/1123bc6b05231150303313ea118285694808e89b
=== RUN   FuzzTxfetcher/1254dd696647bb217b54fdf03a410cff23519401
=== RUN   FuzzTxfetcher/12d440f9f316cd7d46f5bd746a2a6c630ae2b5ba
=== RUN   FuzzTxfetcher/1338a6c648c3078406739568f2c5d5e5a156ef07
=== RUN   FuzzTxfetcher/1446b2bdc4e877f361de56c167f3afe8baa933d9
=== RUN   FuzzTxfetcher/146e6ce4cf2bd1aed09deb5236fcfa2476d5fc6c
=== RUN   FuzzTxfetcher/1471b50232ffe7f0a52d4ea887ae363d6d9f74d4
=== RUN   FuzzTxfetcher/14758194c5f11f3a0d52cc4c6c431b291711db0b
=== RUN   FuzzTxfetcher/14e798fb1cc216bfc3b27bce13ba310817269902
=== RUN   FuzzTxfetcher/1586aec620be6ef8375469e43066d23d272d1ef8
=== RUN   FuzzTxfetcher/15d79ed63b5807330be8c77e056102302ddb8e85
=== RUN   FuzzTxfetcher/16f41575d1563f192a4f0ebe1479144c97325bea
=== RUN   FuzzTxfetcher/170f12f091e07bc285b3451bda3885a30f0aa668
=== RUN   FuzzTxfetcher/17c59b243d3fce6879efe17b4262feece92f8210
=== RUN   FuzzTxfetcher/17c99f428fcd161e67dd79e19502aacfe236bedf
=== RUN   FuzzTxfetcher/1810c11239ce0fd0476da8ffc051f88157b369c2
=== RUN   FuzzTxfetcher/18b585ffd5840753ed7c8d193a0ecb26517ae0e8
=== RUN   FuzzTxfetcher/18c543cb16af4ccc68eeb8ed61ad8865dff6c325
=== RUN   FuzzTxfetcher/190970331cb92cce03975116edcf542f77fc95e4
=== RUN   FuzzTxfetcher/19914cc3da5354a803459eb755902bed19c936c1
=== RUN   FuzzTxfetcher/19a46fd21994e70c563e6abf92d0e0967dd4d319
=== RUN   FuzzTxfetcher/19e49436b35283e29ca593db2cb9630761e5c4ef
=== RUN   FuzzTxfetcher/1b254ff227ff26f87035ae269be923ca463263f5
=== RUN   FuzzTxfetcher/1b3c02e7037c33eb4f771c80eefe28c19bf34526
=== RUN   FuzzTxfetcher/1bfeedd820f8563ca83501f355ac141518315412
=== RUN   FuzzTxfetcher/1c6d01d1f10a0237990b3cb2cea562960131f850
=== RUN   FuzzTxfetcher/1c7fe0593f4ef20da766d91e2be1dca0088f1702
=== RUN   FuzzTxfetcher/1d46bb2eafda82c3646d75f89bfff4639d079843
=== RUN   FuzzTxfetcher/1d7792ce23f66688e8dbb2eaf213c090741b5853
=== RUN   FuzzTxfetcher/1da3dadec688c42d9dcac9a92c024704231fd28d
=== RUN   FuzzTxfetcher/1dd079d55bb900b596946d14f9977615e8d37203
=== RUN   FuzzTxfetcher/1e3140e520872c7b7d615203196a1c1ff53681a7
=== RUN   FuzzTxfetcher/1e6037967eda9e5a81b38b8b77d64913ffd35d95
=== RUN   FuzzTxfetcher/1f05781c16e51a6e0b84b6441a57803b5cedece6
=== RUN   FuzzTxfetcher/1f145bfaf377a27e978134ede4d4029e1f6d8ac4
=== RUN   FuzzTxfetcher/1fc2daa70dee5dc71cff0d2202325aa45160263c
=== RUN   FuzzTxfetcher/20b79c13c0a2d2559fe1bb125f23fe060626a88f
=== RUN   FuzzTxfetcher/20c2b68b9217dc4f46c0299acbf458aed7ce319f
=== RUN   FuzzTxfetcher/21012cc071246469bef789c86b14d41ae8289a48
=== RUN   FuzzTxfetcher/21b28c184349dad03122f63638f472619e9336dc
=== RUN   FuzzTxfetcher/222d5c0e6b31504d2e790bf9f3fcb73111875446
=== RUN   FuzzTxfetcher/2269886cd3c3ee46e6499a6896e65f45902199b7
=== RUN   FuzzTxfetcher/22afb26202bbaa237a1a90d941126092bd0a0fa3
=== RUN   FuzzTxfetcher/232170ec0ce868c1065b2d7b21372c077b303849
=== RUN   FuzzTxfetcher/23ae7f049deb887bb7702b95d9e2647d42b7b1eb
=== RUN   FuzzTxfetcher/243908348a0b4a6d94842e31e4b14e2bc4858997
=== RUN   FuzzTxfetcher/254dbf5a5d54f7c0f59d2e7e3e8ce0fccce46529
=== RUN   FuzzTxfetcher/25650cb2a051af81cfb2c8d574364a4aee3fd46d
=== RUN   FuzzTxfetcher/256ccb08b77649892db1dd503bb2af5ddc99f74e
=== RUN   FuzzTxfetcher/25d749653e547aa7c16b77b2001a7da7b05187bf
=== RUN   FuzzTxfetcher/25f7b1a21b83e4f1f2c9df4b0b8549ffe63876c4
=== RUN   FuzzTxfetcher/25fa06bc82790ad864a377bfd811d05422011beb
=== RUN   FuzzTxfetcher/2642ceffdef802bd9d933e5c5afef4ed4fdb79e0
=== RUN   FuzzTxfetcher/2704a10213091f38f5cc295c5887cf9d8ca6b2b3
=== RUN   FuzzTxfetcher/27700d1d5d05b507834092da6675f4ba5016471a
=== RUN   FuzzTxfetcher/2798fa5070ece45b038a73c2e3def26b59a4e6af
=== RUN   FuzzTxfetcher/2818a31a8ffb28f97b87ba58dc779662355da394
=== RUN   FuzzTxfetcher/29b6526d5703b8d7e36e6b5f62eb43ecb23c1772
=== RUN   FuzzTxfetcher/29d1b3719b0294e6e5881b0c972e2a727126af7a
=== RUN   FuzzTxfetcher/2a560a5e06d8a1e08f43f6b4462d11172a6ae427
=== RUN   FuzzTxfetcher/2a6e3bcac5974510bec3763b61d67d26cba9bbee
=== RUN   FuzzTxfetcher/2aa7ddb8652c8610553a2ad40252af25c9553a3f
=== RUN   FuzzTxfetcher/2adab45ae36f3e390a2a4ec14e330d78f20990c4
=== RUN   FuzzTxfetcher/2ae76e075773fd95391e371a9b6a819859c74ca5
=== RUN   FuzzTxfetcher/2b33ab21b0f2dc86e60b87a2613f5bcf5efc3285
=== RUN   FuzzTxfetcher/2ba328da1dada4366fda578c97e7ae51259c6f0e
=== RUN   FuzzTxfetcher/2bd3bc846babb2504657fa8502ce5a422bf57aab
=== RUN   FuzzTxfetcher/2be8c5648449ec42fea147b5a608274ac72a6fbf
=== RUN   FuzzTxfetcher/2c3f75ca88b826937d55c894305dc0f9fad28cde
=== RUN   FuzzTxfetcher/2c6a2842ab1510b8d8ef48d50d55fc721a4765af
=== RUN   FuzzTxfetcher/2cae891a43983559118014ae659bab4549b0fe5d
=== RUN   FuzzTxfetcher/2ce2107ca8e6113af8fd9e6d8c1caade1b5d6792
=== RUN   FuzzTxfetcher/2cef71bc00025cd4f0d24f72197130c4e96f5ff1
=== RUN   FuzzTxfetcher/2ea5559d48d80f5fdeb5576e2844c87f7516dc02
=== RUN   FuzzTxfetcher/2ecff9014e2e50bc72b923f0545b0f378a78223f
=== RUN   FuzzTxfetcher/2f6a720c110f50b89eba3723d3ff8d9d1c6cf2af
=== RUN   FuzzTxfetcher/2f86dcf421e933b1d1c5477e2b225f1cd0fa6a32
=== RUN   FuzzTxfetcher/2f95dc3d06d9ad7c031d9d382fc6d66c43cd73a5
=== RUN   FuzzTxfetcher/300f8731c3b000be4246204c856673b060be4b84
=== RUN   FuzzTxfetcher/3035a119e88d1892b0e7cdf31493b14b0f58c467
=== RUN   FuzzTxfetcher/3085642dcb373b365b074108654bd074d06ed721
=== RUN   FuzzTxfetcher/30ca206e5b26c60791a10ea92780d0eb4573acda
=== RUN   FuzzTxfetcher/30d2988c6b18f8f6e75f20914d2a5f70c1e072f7
=== RUN   FuzzTxfetcher/30d4d9f9f26b50f96b5e0ac99ebe2a991f8ec264
=== RUN   FuzzTxfetcher/3228855954f3546ba5f84677f14ad36e2a87bc97
=== RUN   FuzzTxfetcher/3259aafbbc4108bb33824c36bf4cfce3705ccf7e
=== RUN   FuzzTxfetcher/328af104c461bad8d70680d0266b1e4314c93092
=== RUN   FuzzTxfetcher/33e037ebcad790a368afa1fa6a1012a0a73e7638
=== RUN   FuzzTxfetcher/344d6ffeb70053cde7ea330c82d9d1a3eb34f2bd
=== RUN   FuzzTxfetcher/3493efef2d131bb3198ed8b6159b8c502a107dfe
=== RUN   FuzzTxfetcher/34aef8e713b37ee7202270e0387e9dc55c4e7b82
=== RUN   FuzzTxfetcher/34dc072818114fdac45c7fb113bdd3406ff49b4d
=== RUN   FuzzTxfetcher/34de6c37f3eaf72f066fae24f2b75dbb92293362
=== RUN   FuzzTxfetcher/3512841b3280f5e209cde5b185e6fd8a36579659
=== RUN   FuzzTxfetcher/352b7759faaae5f4b1a1dc150e1070e0d1d741ce
=== RUN   FuzzTxfetcher/35302f334040c5c63c394fb15a6b6dbf78945369
=== RUN   FuzzTxfetcher/357be12ff0b7fcff06ce6c9e8af823b870b9c632
=== RUN   FuzzTxfetcher/358a943e7deceba02bb63720ff0aa8821cf641a2
=== RUN   FuzzTxfetcher/35a5c0affbceb7a285d2b14ad423322842e5945c
=== RUN   FuzzTxfetcher/35e937113cde7d5b3bfe303f926742b694f730b4
=== RUN   FuzzTxfetcher/3701632fde80a4cac92ee3998b4f353a57d0a3dd
=== RUN   FuzzTxfetcher/3855e252f33b1163bcbcf4c2b741236335222bcd
=== RUN   FuzzTxfetcher/389acd80f599db512c0bcaaeca2707153dbbae9e
=== RUN   FuzzTxfetcher/38cb554becae739c82bdff25aeaf96bcb645b622
=== RUN   FuzzTxfetcher/3984b91d4ae6df908955bfa16a740f5465245053
=== RUN   FuzzTxfetcher/39973f4e575abb129da5e3f043cc741ede12c3fb
=== RUN   FuzzTxfetcher/399f17287387177a3157068200c5614e0c473afe
=== RUN   FuzzTxfetcher/3a905c181ff3188cb1c89c56f9866c93950e648e
=== RUN   FuzzTxfetcher/3af936c71875f78470f1b8e944fddc5a694b6cc1
=== RUN   FuzzTxfetcher/3b091ef5c11a9d941cbba43d1417834b87077d48
=== RUN   FuzzTxfetcher/3b11c7ae227a80759ff914d1ea83c5e6e6b64166
=== RUN   FuzzTxfetcher/3b6cdbed79be658231d999ccd2692386891685d9
=== RUN   FuzzTxfetcher/3c404d0d06fa2b3e8b7e73f723841e5d8e1795ba
=== RUN   FuzzTxfetcher/3c7df769409dc8a10f47f7357e43b3f7a75a2fbb
=== RUN   FuzzTxfetcher/3c879ec318190a63011994d1fa0737fb0245b45b
=== RUN   FuzzTxfetcher/3d3766d2570f149d60d2125a4e29769e96e66a94
=== RUN   FuzzTxfetcher/3e9d894a7a2cc789ee51dee45e0e50ae73e705f6
=== RUN   FuzzTxfetcher/405059c7280d352f424929fb6d55785458b998e5
=== RUN   FuzzTxfetcher/40d8e587b3e24f8dcfc39b5290698df705b38e68
=== RUN   FuzzTxfetcher/40d8fe71c9abf53c16f032ef0c463b7ef077fbf0
=== RUN   FuzzTxfetcher/416f157ee22646c63ab6ac66f053a33bbcc4ec80
=== RUN   FuzzTxfetcher/41fdcea94847a8a99707019c6bb08499c95ceb24
=== RUN   FuzzTxfetcher/4374e8f16b87692aff266a8eac7b9408d72b4f6f
=== RUN   FuzzTxfetcher/44c902babdaed9bda3208d1adfe2d62f14e72ba4
=== RUN   FuzzTxfetcher/45b83e38b251916621026098a1b32ab28105ff9c
=== RUN   FuzzTxfetcher/45c961d4f09740abb6bfb9d8f1e118559cb96546
=== RUN   FuzzTxfetcher/45d10c68885314adc564d9cbc4116eb3153adf5c
=== RUN   FuzzTxfetcher/462a2077a3d344b007b1d6ad3fd56dd555101685
=== RUN   FuzzTxfetcher/4784652ffbc04154a2a8cd32c401c023e9f1cd11
=== RUN   FuzzTxfetcher/4881765061e98e897e67c9c5741fb548b2a8503a
=== RUN   FuzzTxfetcher/49324e0c4369131e8ab9b2745f610c7a29569ad2
=== RUN   FuzzTxfetcher/493f20cc2cf42047e809d3300db4302e9ddbd7b9
=== RUN   FuzzTxfetcher/49426363ace466149a733474ce1ae518c44abf44
=== RUN   FuzzTxfetcher/4942e0153304751a9496cb74e1299fb3c39e30be
=== RUN   FuzzTxfetcher/49674825cc3ebbc0c623057bba16a0eb99e0123e
=== RUN   FuzzTxfetcher/49ca646938ff8c035f42983d710e13c373a7fb5f
=== RUN   FuzzTxfetcher/4a8fba25e000fdf69e708f384651f84cf64dc364
=== RUN   FuzzTxfetcher/4aaae09c38dc7f3d8d13025a81dd28083008865f
=== RUN   FuzzTxfetcher/4b024cef5f1743228d057d21eacd22a637e600f9
=== RUN   FuzzTxfetcher/4b31284a6bc8f5d97983d5776848f84c5fb164d5
=== RUN   FuzzTxfetcher/4b9b655ad8a60df98136e65a13477d46d759e627
=== RUN   FuzzTxfetcher/4bc2b2d9c977bccdebbf33eb61e39670d9d2696d
=== RUN   FuzzTxfetcher/4cbe6a6b1bb235ee15f82cb3b4d524d0fdb866a3
=== RUN   FuzzTxfetcher/4cd5b98d8f612e33429770fac77371adb2d558f9
=== RUN   FuzzTxfetcher/4d1b622b14e02e9a7761da5c63e3fad5fd8734bb
=== RUN   FuzzTxfetcher/4d2ce12e8476cd4b0fc85d697aac7e4876ca328b
=== RUN   FuzzTxfetcher/4d2dc2d3f32f2616864728dc5fd000e50be2ca09
=== RUN   FuzzTxfetcher/4d5f645867a4c80184d1951dea59ea882919d3cb
=== RUN   FuzzTxfetcher/4e849262130a8938c7afe552527e1ee317a25289
=== RUN   FuzzTxfetcher/4f1311c5dc24c10096f8ece50997bd7ac64cb7fc
=== RUN   FuzzTxfetcher/4f39d4c19bc323a95241ef015b33faa0e7b5e6e4
=== RUN   FuzzTxfetcher/4f5941a252543542f986b29fb05f4e93004fa428
=== RUN   FuzzTxfetcher/50503f24586ba3190d813758c1d3d5d858b474d5
=== RUN   FuzzTxfetcher/507b6ce10eacfad6c596d4575d54effa8c4e71f9
=== RUN   FuzzTxfetcher/50d6ab323cab73907fb89f5ba10de1f6e4f108e3
=== RUN   FuzzTxfetcher/516cc860e050607159c36f21489efa16a99bc493
=== RUN   FuzzTxfetcher/51772ce7e60503a1c25742d3aa0c8d62de6778ce
=== RUN   FuzzTxfetcher/51a2d473f5c838ef5d4e05e494f9bf1342e2e06f
=== RUN   FuzzTxfetcher/51b814237969b98c11c86c3d9b7a63be86cf91e7
=== RUN   FuzzTxfetcher/51ba671629307f6bcc41c52baea182560d755319
=== RUN   FuzzTxfetcher/51e28e4972b0cf45fdf67445bec828a06a38d817
=== RUN   FuzzTxfetcher/52029a0ca2ca703fd1bdcd6b05c41d4d9a7a29ef
=== RUN   FuzzTxfetcher/520f9c6619cd43f0bb1b7e68b1b10649f7969ea1
=== RUN   FuzzTxfetcher/52233c5382f7e28c4410b60c31f34c67b999f9b1
=== RUN   FuzzTxfetcher/525ade01b896d1076f15b058e949def001f48c65
=== RUN   FuzzTxfetcher/525ecf0c27b987a5b1f2a4268230a1c593f32742
=== RUN   FuzzTxfetcher/52a5efdfe7ab54a7f1ec1abb7b7debcafe415851
=== RUN   FuzzTxfetcher/52bdce004f17a74338d442a4527a9868c552e7fd
=== RUN   FuzzTxfetcher/53085bfa1e29715b4331a192111f905c3719687d
=== RUN   FuzzTxfetcher/53dff3339d8c0f1ac56baa334e4524ed219b868c
=== RUN   FuzzTxfetcher/53ff3e11121f73bfda3680e969a70145ecde475e
=== RUN   FuzzTxfetcher/54445bcc4afe5159b1108db87869f35faa387c45
=== RUN   FuzzTxfetcher/5484c2d96fcbde030f786741b07fe5a0451773e4
=== RUN   FuzzTxfetcher/54d60238febcfa033a3c37a2a484a73e2cc7eaef
=== RUN   FuzzTxfetcher/551aedd5e2cb781c0ff6d846c160f91c408aa476
=== RUN   FuzzTxfetcher/5560f173fc09bd4d416ab40ff45d7e2f09aa3985
=== RUN   FuzzTxfetcher/55f33b4cbe3ef40c2b3a6bd9942f0b01dae200a8
=== RUN   FuzzTxfetcher/563165bab147415ca6ea49372f510313696478ae
=== RUN   FuzzTxfetcher/56e50a562bb9d90166673b0f0263bb9872929c48
=== RUN   FuzzTxfetcher/57a1fe77bd6a95cf2e698bb78ae12f425fb8df69
=== RUN   FuzzTxfetcher/57ac166fdaa6dcb8aa18409c1aa648b586b782d3
=== RUN   FuzzTxfetcher/57ce13bbba40df25cd0d223eb4e50db3376c96e9
=== RUN   FuzzTxfetcher/587a21bd99af3a265223f3760d81e6b57e5c406a
=== RUN   FuzzTxfetcher/58f9aeb95b5104bf30559a8a5c5c44f2dcd100c4
=== RUN   FuzzTxfetcher/59ae3afcc40ee2118178b368ab28c621e6e9a8b1
=== RUN   FuzzTxfetcher/5a26aac3a24939b16d258867d31e8a76a75d5310
=== RUN   FuzzTxfetcher/5b580497d43db77ed98911031c3040d4f9da007c
=== RUN   FuzzTxfetcher/5b75f0c9dd4b59ee23d5674541c6617cebba18b7
=== RUN   FuzzTxfetcher/5b7baac23d8febdc78406cd65487ac4b7a548e15
=== RUN   FuzzTxfetcher/5c0d1e51a8c045665e94e2968d33a9b47caf1801
=== RUN   FuzzTxfetcher/5cb242a454d0b0f5dd44482be70bdec5e7aa8d6b
=== RUN   FuzzTxfetcher/5ce771c482ff440d6513bc13b93d852d28f0e82e
=== RUN   FuzzTxfetcher/5d3bb0b65e35490fc96a9410676d5caa8f04a081
=== RUN   FuzzTxfetcher/5d3c9ca0d2f650fe9a96672c1c11854947baa9f8
=== RUN   FuzzTxfetcher/5d5d21aaf9f1f800201e0ace6087961617c6d4eb
=== RUN   FuzzTxfetcher/5e2c6f63453da828a58889d96c4eac7cd0423741
=== RUN   FuzzTxfetcher/5e72a7680ecf54aaa2a52311ade4cb7dcad8003c
=== RUN   FuzzTxfetcher/5f660f9b03d90f1e0c0da841f2ee1c952141b58e
=== RUN   FuzzTxfetcher/5f6713d05450a303a5499938b359f6a956d411fe
=== RUN   FuzzTxfetcher/5f87ae6338c2a59d0727f457da59d72903327031
=== RUN   FuzzTxfetcher/603d80ac352fff3e85d6b72a9139a0bb59ced0c1
=== RUN   FuzzTxfetcher/605ccee6f141133c5b631adac45734a1b49b82ee
=== RUN   FuzzTxfetcher/610a5bd4370244894e2ba74c1f1beb677f3c40f2
=== RUN   FuzzTxfetcher/630b95a5fa8663b7eabf4316ce29337604ad85e8
=== RUN   FuzzTxfetcher/6371b05d1341642a19ecbf26564b0a257cb5cba9
=== RUN   FuzzTxfetcher/637d43497f2c309d9ff63bab527da3e679617609
=== RUN   FuzzTxfetcher/640b0e7da1a9f172b012b042c9900539b94b791a
=== RUN   FuzzTxfetcher/642daced261a64e5b25fb937b4f005ac5cf3df5b
=== RUN   FuzzTxfetcher/64f21abc7d054b4c33fe044f7d2da21b03c818f2
=== RUN   FuzzTxfetcher/6511a35a3ee5349ad6faaae68cc5906bf7715eb8
=== RUN   FuzzTxfetcher/65229b61c1dfb0318393dbd0a3bc3bb49d8b2e0c
=== RUN   FuzzTxfetcher/6586d073dc37c72774916533288cd94e88d76709
=== RUN   FuzzTxfetcher/65ee1ede78c0e2fee8f3147634b9192531f371c8
=== RUN   FuzzTxfetcher/661b71ae034ccc2cb6a0b411f5e11eb5b7a16f54
=== RUN   FuzzTxfetcher/667d384512d4cb3b575da239c0da4252f077b5a2
=== RUN   FuzzTxfetcher/67cdbd5fa9fbf34c7ac3f806e9ce8cc5fa0cc7b0
=== RUN   FuzzTxfetcher/698512e9c1b1596361985d24d825fac9c99fd3ac
=== RUN   FuzzTxfetcher/69fa4be58d11427966c6aecbf2e83666d864d17f
=== RUN   FuzzTxfetcher/6a2b0d7533877a223b942c54b7ec98bfe914d8fc
=== RUN   FuzzTxfetcher/6acc5d02b76310adbeafb19658e89f5ddaa81b27
=== RUN   FuzzTxfetcher/6ba0879fb53c66ad1fbfd0eabd515a2a8b1dbf58
=== RUN   FuzzTxfetcher/6d11149cf32c592109256168649d56f80e2d07d0
=== RUN   FuzzTxfetcher/6da20ae56bacb910e9e52e66215f9976808ed60d
=== RUN   FuzzTxfetcher/6eddd39f7cfae6ef454ca2cf86bccdb75bcc57ca
=== RUN   FuzzTxfetcher/6eeeaa0654dba0394a0d73fb40d79ec9e2f9ed58
=== RUN   FuzzTxfetcher/6ffe7ef5a80690e80ff01192ff57d3331380ada1
=== RUN   FuzzTxfetcher/70360eda96febabf8b795d0924c5eaee72494076
=== RUN   FuzzTxfetcher/70b365837e718b4deb46f29a3a985f82fcf2eeb7
=== RUN   FuzzTxfetcher/7129658553b89ab66ff12f659d7648c0fb918852
=== RUN   FuzzTxfetcher/7172a3939bbf1aa7954eabaf1f080e025dcd0e26
=== RUN   FuzzTxfetcher/71a43c01fcc193dd0c896ee0dd02a9b260251bd1
=== RUN   FuzzTxfetcher/71e3e1ad297ee46bed81be3dd94df238536b2cd6
=== RUN   FuzzTxfetcher/721e1d26d0f745ce7abe65e5ddc278be0619e466
=== RUN   FuzzTxfetcher/722970fc8bff1c5382063c0dfd0da9241542765d
=== RUN   FuzzTxfetcher/7237c2ea41f7652db28dbe075e2a270862c56fcd
=== RUN   FuzzTxfetcher/72601cb08f962f0f7e87deaf02b6701074e266ee
=== RUN   FuzzTxfetcher/729543fe3ec0d50346f30c84432d62cbb6c86594
=== RUN   FuzzTxfetcher/7303ecbbae787a29f5577fdea63d0af41c85f01e
=== RUN   FuzzTxfetcher/7354cb00be93037d75b805b8d03304176f241ebb
=== RUN   FuzzTxfetcher/73a7d26e7e977c287467762593ddf4eca22d1d76
=== RUN   FuzzTxfetcher/73b2f9b3b2641b3bf81a43187358b4a9bb0962c3
=== RUN   FuzzTxfetcher/73d287c742b85b16a70f808a7edbf34093b4f322
=== RUN   FuzzTxfetcher/75ff503f871634c6662eb53504c25c1368a69a72
=== RUN   FuzzTxfetcher/760c805b9ecfa64611f4291032120040dd0c810b
=== RUN   FuzzTxfetcher/764702df5797ed6d2b0eb3b6256154a4578a543a
=== RUN   FuzzTxfetcher/773d84fbe3b909d5fa2bfd721dd854264ef9808d
=== RUN   FuzzTxfetcher/7766acce159e5da3e80970f1a1c06abe1c3e0977
=== RUN   FuzzTxfetcher/781a3908b83f8c5ba800a026555b90feeb48cb5e
=== RUN   FuzzTxfetcher/7848f5642b30051c2d204ef910609e3990ead4ac
=== RUN   FuzzTxfetcher/787d2569fa599cd04103fc656db92e1f3fc5125d
=== RUN   FuzzTxfetcher/78d36ce3dba070142f771207d2ae6331dd6ddf98
=== RUN   FuzzTxfetcher/7941c1ed7219728acb6670ffac2ddcb66bbd421b
=== RUN   FuzzTxfetcher/799be7c9db2842e12200ee2e78a56f0d06765e3f
=== RUN   FuzzTxfetcher/7bf83ee1084e3fee65d542db6f1de212acb72188
=== RUN   FuzzTxfetcher/7d2f43880d2281fc6cfee7eb176a126c11476675
=== RUN   FuzzTxfetcher/7da618400a2381f86dca0f5bcb034d4a30800a39
=== RUN   FuzzTxfetcher/7ea2d4680bd77290b57de39a82f87f840d6479b9
=== RUN   FuzzTxfetcher/7ea89679980df1b4f34534f821e2e4129c98be2d
=== RUN   FuzzTxfetcher/7f05f310116738b9a2e5f95c910dd2a1db615d5b
=== RUN   FuzzTxfetcher/7ff8518f8a6d99f11e474bf4d1b889a28dffb6f8
=== RUN   FuzzTxfetcher/81bbe88da1b8e0ad6cdd0e4aaac20fd9300503d0
=== RUN   FuzzTxfetcher/82b70848b49c335281e6f5e35f48085aa3ceebbb
=== RUN   FuzzTxfetcher/82c1a20680ce3eacb536d30e336c775f06e2790e
=== RUN   FuzzTxfetcher/82c82c626da171da17f8e6ce843817d5f3a1f503
=== RUN   FuzzTxfetcher/82f8aea747f6879d29fbb0bf6458e8025c12b330
=== RUN   FuzzTxfetcher/83335fff3ae6b48fe14951de7698690f5f4ab0af
=== RUN   FuzzTxfetcher/8365720ceffb5cac538f8ac124b161c5bb90a451
=== RUN   FuzzTxfetcher/83c92e4b39a161a4fc26baf43d035adeec44c357
=== RUN   FuzzTxfetcher/8487435728dbe1edad3651a5611bb37a83e007e6
=== RUN   FuzzTxfetcher/84f02fc660e26d1057dd6bdeb021fe1e804fb6eb
=== RUN   FuzzTxfetcher/85183befbb27ab7e12a3a0ed3af1e1892e1574f4
=== RUN   FuzzTxfetcher/854eef1dad84fc5bc34460208936d0a0ea762cec
=== RUN   FuzzTxfetcher/8591da755c09eae420c0816f3c9115763a3e3134
=== RUN   FuzzTxfetcher/85ad72de9f688fb446ad636da0c0c38fbd73ac3e
=== RUN   FuzzTxfetcher/86207f7a9a04d3b826ab6a7e30a8b34cc987848e
=== RUN   FuzzTxfetcher/8666e8f7ef7b34c4592e3d5f5edfb1aa7b045a96
=== RUN   FuzzTxfetcher/868b0d19571d1728f3a20f9aed01d2ddd046921d
=== RUN   FuzzTxfetcher/86aae030cd0b5ccb33088de67c805ebd6f848ccc
=== RUN   FuzzTxfetcher/86be95f887810a1b55527f99a804b40a58a1b5d7
=== RUN   FuzzTxfetcher/86f2558fb4e3d312d3e1f3a7c9d915eabdc149a2
=== RUN   FuzzTxfetcher/8716d5f1fdfd8b66b3de5a47dee6a82573806c1f
=== RUN   FuzzTxfetcher/87bff69b8c13d668bd4c97349e3a8db59fab2d2c
=== RUN   FuzzTxfetcher/88247b6a4edf8f7fd4286a903100e8956f9bbff7
=== RUN   FuzzTxfetcher/88853c50dc0e5fb2ae42b283c2b868071b81d483
=== RUN   FuzzTxfetcher/88955656de1dcc36a97c0ddad92197b171609b29
=== RUN   FuzzTxfetcher/88dadb5b8fe3dc4fae9db31ce7a4e11387ef7ea6
=== RUN   FuzzTxfetcher/896ac5c52017dde7cf39cc2ad44f2de5fdd36abb
=== RUN   FuzzTxfetcher/89fa99730e12410e1e096b90f72553fdaa86e26e
=== RUN   FuzzTxfetcher/8a0287e92afd03a3ab5d1631df3bb9b2a056287f
=== RUN   FuzzTxfetcher/8aef07141a48f566566e00698a82015168899dae
=== RUN   FuzzTxfetcher/8b7434f9c63772e21599d8ae7d7f5ee71643edb3
=== RUN   FuzzTxfetcher/8b7a653b0e560f888e9e50fdbe42bd5c6e04197a
=== RUN   FuzzTxfetcher/8c520e6244af0a76024bf6bd8527dd0d4d35d6d2
=== RUN   FuzzTxfetcher/8d56a50c0ca22936eab3d39eb3092b6ed54524c1
=== RUN   FuzzTxfetcher/8d5bdaf7264a4ab57f8f811608138652926283ac
=== RUN   FuzzTxfetcher/8d607bd1e51ca34cf8d54368e990f6a7098e7de0
=== RUN   FuzzTxfetcher/8da7b028f93c269f41159f03496ff1c0a9283f66
=== RUN   FuzzTxfetcher/8e7f03cc03dddefe91ad3a50d1bd5268dda0a41b
=== RUN   FuzzTxfetcher/9069ca78e7450a285173431b3e52c5c25299e473
=== RUN   FuzzTxfetcher/9113d09d5048c00de73fce9028c8234a83f9ec6b
=== RUN   FuzzTxfetcher/911595303a35e3ee621b7f9d343cf8e31ae9c921
=== RUN   FuzzTxfetcher/91659409956ac7654e0cee212d0d6e53de7f6878
=== RUN   FuzzTxfetcher/9238ac85cc3ab21ef5a32f12aef420f78c3df7f9
=== RUN   FuzzTxfetcher/92a6cd1658c3991a4caef75594af41bd978d0cab
=== RUN   FuzzTxfetcher/9447c2b06990091b8d29b0fbf80dfa57b740ce32
=== RUN   FuzzTxfetcher/951548053b49fc4e09ec4dcf5bbb6433e692d0d3
=== RUN   FuzzTxfetcher/963df1c95d119c53f0bb152d891bf34a9c5103ac
=== RUN   FuzzTxfetcher/96bf98ee6493eab1d2c10cddcbb9c34bd131a402
=== RUN   FuzzTxfetcher/9802151d21b989fe06ab9faae5034ae43cce3218
=== RUN   FuzzTxfetcher/98e376ca4de32319740913079aa606c5352b648d
=== RUN   FuzzTxfetcher/99fc89939eb66ac31787896d73af72499f208543
=== RUN   FuzzTxfetcher/9a5a6452a9464ae8d44b4a0f4adc163480ac4694
=== RUN   FuzzTxfetcher/9abfeea4d5ca2bd160fb5a5106c0a077cf171daa
=== RUN   FuzzTxfetcher/9b860e3ca592721b7a76dfaeb2c2bfbabb68df07
=== RUN   FuzzTxfetcher/9cbec63d6bd573b8bad833de0c203f17ff8dc47a
=== RUN   FuzzTxfetcher/9d02e17dcf95ff126f630a13abeeb8dbee3e27af
=== RUN   FuzzTxfetcher/9d5f06a82757e7b341fadc13bb359ba639f83df7
=== RUN   FuzzTxfetcher/9d5f3f02b8dd448ca5f1ad38fb5e2832ad3c4072
=== RUN   FuzzTxfetcher/9d9b7b443151f83d90c00b7b1b2a22dcf82e726c
=== RUN   FuzzTxfetcher/9e09b77e15866d563df57609e2db435fbb4fc0f8
=== RUN   FuzzTxfetcher/9e2ecff47cd45afdd2ba0905cf0ba1b7786cfd82
=== RUN   FuzzTxfetcher/9e749b0e5df79b4ce9e4b4e177e344044cec3467
=== RUN   FuzzTxfetcher/9ed719e604249ed9e73cda730163350300eb483c
=== RUN   FuzzTxfetcher/9f170b15262877706f41c77c09cea701a1db0c6a
=== RUN   FuzzTxfetcher/9f71f92226b817a7b96f524bb4bef12ea641e645
=== RUN   FuzzTxfetcher/9fad4634a9c5799536c05194e49057f48ce65b10
=== RUN   FuzzTxfetcher/a11920a5e9cb0c4683fbbf1c9293a64936debae9
=== RUN   FuzzTxfetcher/a128d81d67007d648ab86d54e5cbc92ff2dd4af8
=== RUN   FuzzTxfetcher/a13b5bf068d32ec9563f507ad050b5fbde073fd7
=== RUN   FuzzTxfetcher/a1f97b4d2f462bdb7796492b11e20b526f9246ac
=== RUN   FuzzTxfetcher/a2892c4090fb31345247cd854ede0aec10ffc60e
=== RUN   FuzzTxfetcher/a30512ff4ee6b977b899874c89a514bf223d24f5
=== RUN   FuzzTxfetcher/a3ff6066906edae8c5f079e836a478fc67fb9428
=== RUN   FuzzTxfetcher/a418c46545a06d8fc03b5e10f8214bbdecda1bb9
=== RUN   FuzzTxfetcher/a4267f3f0e91d43e8247aab5d7ba673b962d3b8c
=== RUN   FuzzTxfetcher/a4d2c34e9fe3615484abc22aaba916f628417b87
=== RUN   FuzzTxfetcher/a4fd80441058e33607f1156dd35d965daedbe723
=== RUN   FuzzTxfetcher/a50002f610d4b3335d5c9c497aa38aa3329d56f2
=== RUN   FuzzTxfetcher/a5b03b20ceee6efd5a6639a0f57c9c6e0658de5e
=== RUN   FuzzTxfetcher/a5ba473435571021778ac767a69aeadb90b90694
=== RUN   FuzzTxfetcher/a61a43cb8307ebb89b93da99448e1a5d07ad50f5
=== RUN   FuzzTxfetcher/a636ea0dfe0a661d00b0b00f2711aa894c39b0bf
=== RUN   FuzzTxfetcher/a732240f667ca797a5d0510234ea31068161feab
=== RUN   FuzzTxfetcher/a7aca0d8eaec7875114f8168c0de9c976ba89324
=== RUN   FuzzTxfetcher/a7aff6ff8905c11580ed18d8d9ab80181b5fe7eb
=== RUN   FuzzTxfetcher/a88134c44807b6b0babd6342010ed6f5f6d07dd6
=== RUN   FuzzTxfetcher/a8e7145ecd42d538885fb30dfe55252297c14155
=== RUN   FuzzTxfetcher/a94d3df2e50e8809c8a59b57fb799f5028ae3213
=== RUN   FuzzTxfetcher/a9a78bc21b5ba00be523453c8772fe0fab7bfad3
=== RUN   FuzzTxfetcher/aa9c6e6e899360c1a4cbbb8043cc2f9b684901a9
=== RUN   FuzzTxfetcher/ab7d48c5667b8f0ed6e23f7ea05eed97b3f22fd2
=== RUN   FuzzTxfetcher/ab809ab8ea6d39731b04732a759834889beb61e6
=== RUN   FuzzTxfetcher/ac3e8705e3ef9671db7ef7a1f3b3e1da884d5dea
=== RUN   FuzzTxfetcher/ac437165cff9f6730af0e0d42c0ea4d722a72c19
=== RUN   FuzzTxfetcher/ac6042e16a97f2a4ccc764a219406c1ab8baac84
=== RUN   FuzzTxfetcher/ac666884803f0803be03b9095248cf4be44f08af
=== RUN   FuzzTxfetcher/ac855988137fc49ea35ef3b0b38e31998797670c
=== RUN   FuzzTxfetcher/accf27bb71e6611e1f769569c34068fc82f4916c
=== RUN   FuzzTxfetcher/ad2b9775618dd9611fc73722498ce65d7d09107d
=== RUN   FuzzTxfetcher/ada289c67dbb9039f37f4ab825f46b8c1eedf245
=== RUN   FuzzTxfetcher/adc83b19e793491b1c6ea0fd8b46cd9f32e592fc
=== RUN   FuzzTxfetcher/ae092a1cbf9b644264fc4d8a5e95d54517f9687c
=== RUN   FuzzTxfetcher/ae0e40fb9fb893564f61759d2a119ce5ca36e13c
=== RUN   FuzzTxfetcher/ae3eaa1ed06307c15197937dce64ba7f3d02d687
=== RUN   FuzzTxfetcher/af2640085ae74519839daa59d123c2090f54348e
=== RUN   FuzzTxfetcher/af5d05f9d10a04c3821a8f521d51c5054894584e
=== RUN   FuzzTxfetcher/b0a16467170616031d4d6204ac45f37dc3fc13ec
=== RUN   FuzzTxfetcher/b0e95c87dc3e5943e51300ddee936a4518b9831c
=== RUN   FuzzTxfetcher/b1058681fc91e70192275b435ff8e287b8c51529
=== RUN   FuzzTxfetcher/b16d07556b3a015dd899a35d331e57638a25451c
=== RUN   FuzzTxfetcher/b1a7db52609d78bb68d5eb91865707dfde6912fb
=== RUN   FuzzTxfetcher/b1be5091f65b61d250bd5e59fc405eb0b59b3197
=== RUN   FuzzTxfetcher/b21a3fde9d2939812843f20a8cb5f8d08cd992e8
=== RUN   FuzzTxfetcher/b274c334118c81ec50b217d7d2bb9b804221bf21
=== RUN   FuzzTxfetcher/b2955dff2346ca879e68ef314f2a8868e88b4e87
=== RUN   FuzzTxfetcher/b2f3f3918ac45152c2e1b2eb2445b21bf1b3b7f7
=== RUN   FuzzTxfetcher/b33fd2e42878bc06a9b450f8eeef958021dccca9
=== RUN   FuzzTxfetcher/b37c476f47d2426ac9cf186954a4099c98a40b9c
=== RUN   FuzzTxfetcher/b41672e1ecd7a94550e5c1ae8457560c252554ea
=== RUN   FuzzTxfetcher/b49a8ae3c4e62c9d274aece25bb9a7542679dd26
=== RUN   FuzzTxfetcher/b52f4784d419bb9d259b8f164bb3801bbb7e562a
=== RUN   FuzzTxfetcher/b54faebb6b5fc820ac9fc213814aa43152e3ad0a
=== RUN   FuzzTxfetcher/b5a0314c7ebfa1982a3e01e20cf38f5a0a69da83
=== RUN   FuzzTxfetcher/b744edaab5a7d21fab259d4b049aae2924413a36
=== RUN   FuzzTxfetcher/b78ad8f3da1caecfbea213cd7f50765ad090635e
=== RUN   FuzzTxfetcher/b7d23e9a29cc5bec99b2dbb124f0cb7acec244bf
=== RUN   FuzzTxfetcher/b85de140d29dc121903f14fdf120d908cd5561c8
=== RUN   FuzzTxfetcher/b8a20f9e3e374cb13cbf0d4d9af61c46f3a561b3
=== RUN   FuzzTxfetcher/b9110e90153dac52b02d801885e70d3d26502d2f
=== RUN   FuzzTxfetcher/b92e0f966a581eb4cb2a95e9810d7180294d8b06
=== RUN   FuzzTxfetcher/b94dd85792f4cbd87613172bd36080102436c7f7
=== RUN   FuzzTxfetcher/b97d0b18421f79a060c1b960ae5ebf937aa84a5c
=== RUN   FuzzTxfetcher/b9c2e5bf8acb92e44602f401c239de6a9264bff5
=== RUN   FuzzTxfetcher/b9fb092a1fce7937e984f7cead4706c3f370cf79
=== RUN   FuzzTxfetcher/ba1acbab1893fb3b5e1297d8313a94982c6f95ea
=== RUN   FuzzTxfetcher/ba501112f82c33f3edf98b1589632c548cc57890
=== RUN   FuzzTxfetcher/bb589d0621e5472f470fa3425a234c74b1e202e8
=== RUN   FuzzTxfetcher/bd6a678164b905af09694187bfe386a06c83ea4a
=== RUN   FuzzTxfetcher/bdb0f86a10266e28ebd254e4dc0a8080fc23b277
=== RUN   FuzzTxfetcher/be02cb6f74f6c56683a5d086229393925c31511d
=== RUN   FuzzTxfetcher/bea8c6075fba2f6753f8dcedc0d42eea5b01a0c5
=== RUN   FuzzTxfetcher/bf48709b5cf0311fe6a8efe152dcac77f3a26983
=== RUN   FuzzTxfetcher/bfd9f24beadefd121ee078851c35f8f717e02c45
=== RUN   FuzzTxfetcher/c08cb0c67dd183c07a19a9aec3ed13f8f57ce470
=== RUN   FuzzTxfetcher/c0b8a1445a82229fdafbd47bd78f43551d50e1ed
=== RUN   FuzzTxfetcher/c108501537ac3d7482fdd0437371d7232cf1d1d2
=== RUN   FuzzTxfetcher/c1410e430c42ff862f078da1da0f326c1460fbaa
=== RUN   FuzzTxfetcher/c442b5bf6c51e67af6e09447e21190dfd8ee2a5e
=== RUN   FuzzTxfetcher/c4b72b739bb47060ef45c6a6166b6c22236eec13
=== RUN   FuzzTxfetcher/c4b8e7421358fd3778ed843095d8dd4cce0ca70d
=== RUN   FuzzTxfetcher/c517994973fdd09c902e9c739ca024dd8580e3af
=== RUN   FuzzTxfetcher/c597b3927c9c939ae56c563cc05588616e29c147
=== RUN   FuzzTxfetcher/c6478e939068998d4004748e46bfcc6ead2e35ba
=== RUN   FuzzTxfetcher/c684c45f5618e0c1d24a7ec02396c2a00809a90a
=== RUN   FuzzTxfetcher/c72e8ee82889bce407d65976c504fecd169a9a1b
=== RUN   FuzzTxfetcher/c7496014c0953930b77b4b918505e6bf21941495
=== RUN   FuzzTxfetcher/c7d508cb2d942e8006cdc6db6a617c6b1cf41b61
=== RUN   FuzzTxfetcher/c8e09f0a9306375f1ea39b9771ac876e2bc542fa
=== RUN   FuzzTxfetcher/c925b8aeec269356a229f616c4e8802e8d523bf7
=== RUN   FuzzTxfetcher/c9b23c5c5537fb9c3e9692fc994e3c4696407342
=== RUN   FuzzTxfetcher/c9e8907f211f1588f7e7f186b397dd0d4377d4e8
=== RUN   FuzzTxfetcher/ca30dae02638b77ce87aaaed8666299a4de146b2
=== RUN   FuzzTxfetcher/ca7fa26e6fcb0e9b8377567fd647b0ddd2e29d61
=== RUN   FuzzTxfetcher/caf3a0c15a831c51d8f16eb78a1f4aeb979a7a4c
=== RUN   FuzzTxfetcher/cc89b8fe701da7f97215fe77653a264fcb2eceeb
=== RUN   FuzzTxfetcher/cc8f4193603a3158d39c5582a389929dc464c47f
=== RUN   FuzzTxfetcher/ccf5f812fc86fa8618ced676121430ed30221022
=== RUN   FuzzTxfetcher/cd32019e9fe2b299871decee6ef600f76671e608
=== RUN   FuzzTxfetcher/cdfe52d9e158ae936cd9790a9892a95fdab4b0db
=== RUN   FuzzTxfetcher/ce3939c92fc3674ce8b7221d6c6364d817deba87
=== RUN   FuzzTxfetcher/cf14ded6dc3907de80f3685085e79c9b055902a3
=== RUN   FuzzTxfetcher/d0315eea7eb4a7c9d7397496f032387a02033f62
=== RUN   FuzzTxfetcher/d06779ce2ad42a507fbd88e5ea4f2e3dffc4d9be
=== RUN   FuzzTxfetcher/d06d222b62596e1c846362239e29450589dfd63a
=== RUN   FuzzTxfetcher/d072696bd3de3066d2788950a33ccbda0d7871ef
=== RUN   FuzzTxfetcher/d07530217b3cbac1b7cac94e2051e4a6b72f532d
=== RUN   FuzzTxfetcher/d081502367ee13882cd07c0116b821e6e1d689e0
=== RUN   FuzzTxfetcher/d0ea83a8696576bae7e5280de13936c623c10b27
=== RUN   FuzzTxfetcher/d127c25a161d1262540484caa94f3c942c31fa8a
=== RUN   FuzzTxfetcher/d137046a8bd48fd37aca0b4626fb80b26f2cf253
=== RUN   FuzzTxfetcher/d137b83fa5820b96cb7b0592b0ec85d87e770976
=== RUN   FuzzTxfetcher/d156a485058273bcd3c070db8c716dc496baf57c
=== RUN   FuzzTxfetcher/d1d71303d78b7da4b4ced2b81eb2b00c74b84c62
=== RUN   FuzzTxfetcher/d257ba0bc2baeb158b7200571bf9b322b8f3d975
=== RUN   FuzzTxfetcher/d342c7992046ee09ae495e9ebd70cd1f38eaadec
=== RUN   FuzzTxfetcher/d3528c35b7016486bbf80e4aae1d65d947476aa9
=== RUN   FuzzTxfetcher/d35afb2591c590b7f5404ec74557ac4f532ca0a3
=== RUN   FuzzTxfetcher/d490682442476cb20ed2a26dd78df8d987be6cce
=== RUN   FuzzTxfetcher/d5665b7e89dd1e5382e25da7e1676c45e1ff08c5
=== RUN   FuzzTxfetcher/d5bdbe68abceb228319ab60e43d4a1a7029f4652
=== RUN   FuzzTxfetcher/d5c12dcbd9170b9e68be04c5b6deaa37a9f4fe2b
=== RUN   FuzzTxfetcher/d5d0b00b374a935cf55b86415c2547d30573c4e0
=== RUN   FuzzTxfetcher/d643c4c437e8ae63f4e73f026c7add6e491d25d7
=== RUN   FuzzTxfetcher/d6ba8cdf6686c3da8c8d1dd25da3a7f56bb9c70e
=== RUN   FuzzTxfetcher/d6ce339d3c1b99dc9a067018446d149d5c820bbb
=== RUN   FuzzTxfetcher/d71f1fa220f167bbeb70ea55ccb205460d95d44d
=== RUN   FuzzTxfetcher/d7989fae8d491ebe7d2f5e1ffd56d804a42305c3
=== RUN   FuzzTxfetcher/d818753d77284408f7e58e04abebf8fb3054dba8
=== RUN   FuzzTxfetcher/d8d05de1bc496aefea7ad5eae75a80db088b3233
=== RUN   FuzzTxfetcher/d8eccc72cbad88a684ae8d8ba002bb034a360bce
=== RUN   FuzzTxfetcher/da9cee7f3ae7be331c43284b306c0a179d6e24d8
=== RUN   FuzzTxfetcher/db2313e08f0f0e08b0bcba7f1763ea207e402599
=== RUN   FuzzTxfetcher/dbba8295811a57297266673220fcf77a1045adea
=== RUN   FuzzTxfetcher/dbd6cf4e3c92f94769eaa8e42890e7cb658503fe
=== RUN   FuzzTxfetcher/dbed6b3a0e6c3ff78ab517142e98b8e9ba0376c1
=== RUN   FuzzTxfetcher/dc619cdbbb73d5bf8fd6c30d3335ade5026ad3ea
=== RUN   FuzzTxfetcher/dc6d3fde7e9f8437d6eb1c6b00e09c3446887f54
=== RUN   FuzzTxfetcher/dccba18038bb90813d349c56a2c876614e9e4bcb
=== RUN   FuzzTxfetcher/de12d9e5b012e39d8e369a3eb0a93ef01f21a91a
=== RUN   FuzzTxfetcher/de6728cb36a816aa56c54eacd9501450b0e158ba
=== RUN   FuzzTxfetcher/de6b38c5758f77220af80c2687d66737e55aa0c6
=== RUN   FuzzTxfetcher/df0fcb717b598af8a8f40ca96694641a5c3f023b
=== RUN   FuzzTxfetcher/df5d154813f7f38211ee3f679628b7d638a8a818
=== RUN   FuzzTxfetcher/dff0baddbd12d4927b9fe8b1edb81c77d8a1a190
=== RUN   FuzzTxfetcher/e00b9141d44df0a82cd4fd2081edaed388851616
=== RUN   FuzzTxfetcher/e0c1bd69cdd514fea3173e0dd5af0a2821d44091
=== RUN   FuzzTxfetcher/e14da1ac84aa80a21512691c0a50413b651f3527
=== RUN   FuzzTxfetcher/e19621c077028e76a626886bf5250b96dbfed2d3
=== RUN   FuzzTxfetcher/e2283d894610f6b263a4b57b2aee5434fcece3d2
=== RUN   FuzzTxfetcher/e25e50cc61e668f9fa40f4aadd7d05c9346025e4
=== RUN   FuzzTxfetcher/e28765bfe29e454e1b43bb8f6fb1542ea70ed0a6
=== RUN   FuzzTxfetcher/e4083e48e25b9a2054f12eb54abd579d15d5a200
=== RUN   FuzzTxfetcher/e454f98f1e41488b000c11fd9cc99ef70676074a
=== RUN   FuzzTxfetcher/e477428e2a141aac79d4c5530d6df61d11f3fa17
=== RUN   FuzzTxfetcher/e48cbc25aa8be9bd07a48121696d3c5137bfacb6
=== RUN   FuzzTxfetcher/e4d02bae62dd6b2bd02e14004ec7b0849db7a511
=== RUN   FuzzTxfetcher/e4d10703c09a00580c6d829222e8cb83132efdfc
=== RUN   FuzzTxfetcher/e5031efb1087b4f551256019ede35ad6f4f2616f
=== RUN   FuzzTxfetcher/e527a2a88ac3ebb8cade2ce8a210452b45cca4f0
=== RUN   FuzzTxfetcher/e565137658ce7c7a7d55a2a002c5e331c4ec2ab9
=== RUN   FuzzTxfetcher/e5a345f4a8389241851a734e09c22c39833f12dc
=== RUN   FuzzTxfetcher/e5dddd8958c8734b3904c652c0a59bbc7682875f
=== RUN   FuzzTxfetcher/e6d9e40cf7cb95e54d2ab3c4394f094be4c8ad53
=== RUN   FuzzTxfetcher/e6e4e5f5c5dd211f61eaa7a2a4709d0838914b7a
=== RUN   FuzzTxfetcher/e737918a7d7463b7a12235e4d721c4c42035e099
=== RUN   FuzzTxfetcher/e75a84eba8d3bb82d8754beb8f589bed8495c43a
=== RUN   FuzzTxfetcher/e7c16573d9b313ef5c573d736ca8692da78b923b
=== RUN   FuzzTxfetcher/e850520abb92452b9571a7bc7e95c4a5446f75bd
=== RUN   FuzzTxfetcher/e8f279ee7e5911ca8f6324b510d92e17dbf3ee01
=== RUN   FuzzTxfetcher/e919bf9285d1e8d581df0d4ca6a5660a6d7e0bb9
=== RUN   FuzzTxfetcher/e952297e0863cabd21b8ed45c793316ad3e556bd
=== RUN   FuzzTxfetcher/e9a15c6621c736026fd5cab21d210a807cedca75
=== RUN   FuzzTxfetcher/e9a4d68f05d5aeb246725b58619df6dd8f563896
=== RUN   FuzzTxfetcher/eaa7fa19d46f34d88557336ddda7c4b43bb0faa0
=== RUN   FuzzTxfetcher/eb6d54b548e2c78a902439bd5ee0b2b59276211d
=== RUN   FuzzTxfetcher/ebe2377c5775217b4e1e0434eab8f847e704090c
=== RUN   FuzzTxfetcher/ed11c7a05dc4755e715efc5cbfa5bb8c61969622
=== RUN   FuzzTxfetcher/ed212061c7f4cccb796280eb622a1d227c5e0cd8
=== RUN   FuzzTxfetcher/ed7b99eecc485e01c14fae9fc857e36d21c373ee
=== RUN   FuzzTxfetcher/edd2aa859e4eeaae8428a11747d723f9e7a39fc2
=== RUN   FuzzTxfetcher/ee3128c74bc4aaafbaff93e6ed047755d749e9f5
=== RUN   FuzzTxfetcher/ee89d3dab6fcf20d1c4daf8c9e0a0e5887b850fa
=== RUN   FuzzTxfetcher/eec552c062d7b7d9efad72085d9b3c5039cea17d
=== RUN   FuzzTxfetcher/ef09e6f65ef139432213fc477618c8faf73ae12c
=== RUN   FuzzTxfetcher/ef9248c22b538fdacef2ac9abac6be6ba47b41a0
=== RUN   FuzzTxfetcher/efac8c13a39aef2a52d03451d2851e7bc36a2fe0
=== RUN   FuzzTxfetcher/f021868b851ebe9346e4b3a6d5ec4be96ba583a6
=== RUN   FuzzTxfetcher/f03fff03d6668faf67d8f20fda1d60eab10f8659
=== RUN   FuzzTxfetcher/f1fbd6e90e4a36a1054fd053643fb381fe1fe7f4
=== RUN   FuzzTxfetcher/f2788921db0ea58b89f6397a1fd3c6ead84aef2a
=== RUN   FuzzTxfetcher/f27f55e12b3d4d53ddc8ccfeccb075dd7df2d7f1
=== RUN   FuzzTxfetcher/f2d1a037ad578cf2871abd98ea9778b22e22cff8
=== RUN   FuzzTxfetcher/f409c612aef3689a20a36f01da3d91dd0e0b5988
=== RUN   FuzzTxfetcher/f49dcf1670ba5216a226f9b3b631b8058087d2e8
=== RUN   FuzzTxfetcher/f51fa272a03ce863b408c4cc822258d9613d83fb
=== RUN   FuzzTxfetcher/f5292de43bf9770c442a97fd64c3f335ea1b1b9f
=== RUN   FuzzTxfetcher/f5f30da660b220ce1643ce62679079b432ec0915
=== RUN   FuzzTxfetcher/f6850ca3203e182484d3a3281125da97fb0b6a6e
=== RUN   FuzzTxfetcher/f686a8beab582c63c97184238b4b2940df690743
=== RUN   FuzzTxfetcher/f68d26fd62e2ffec81c589ba7b151aba4f8b75f8
=== RUN   FuzzTxfetcher/f6c6c9ac691f789b6601505ce0936b06773dcd77
=== RUN   FuzzTxfetcher/f6f689e49d6276cbe1028284a529a568f322a699
=== RUN   FuzzTxfetcher/f7042285012b3cc82739beea89387d321b008ccc
=== RUN   FuzzTxfetcher/f7e47e799ff04e296768de846b34b4c772dd207f
=== RUN   FuzzTxfetcher/f965633a1d46609758b25fa616dd28a0f1068e10
=== RUN   FuzzTxfetcher/f97b01de7199da2b7af9048845afaaaa253a4dcb
=== RUN   FuzzTxfetcher/fa0a8026686be1c879ba8076e629ba463a50aee1
=== RUN   FuzzTxfetcher/fa3246434b227a4c1a4e2a81d1f60bbd4d316170
=== RUN   FuzzTxfetcher/fb05e6e23c08f55eef11b871cdb0c0f0655b1f0e
=== RUN   FuzzTxfetcher/fb59274d72f67f8710b93e148042f6bf0c782abf
=== RUN   FuzzTxfetcher/fb8378b294f868ab0f82872ba66f878b65f05ce0
=== RUN   FuzzTxfetcher/fbf938489f82914083b8007dba2bd02119be2f70
=== RUN   FuzzTxfetcher/fc2645256c011c99917d6f0f64998fb4d87cad27
=== RUN   FuzzTxfetcher/fc74d9ab921b293ab4a86c209e72fb8cfc8d357b
=== RUN   FuzzTxfetcher/fca8a096b41a64f73314035696e1b0743ac4410e
=== RUN   FuzzTxfetcher/fd8e31a68a044dc6e6e2cc39dc65d7e8f74a368e
=== RUN   FuzzTxfetcher/fdf741ec9be9bf75a1d51833188ec0a432888db2
=== RUN   FuzzTxfetcher/fe79e18b088165270c5b67d143ce52c51189e0d2
=== RUN   FuzzTxfetcher/ff03d7f801c1b94ba32904ea29eb7b0eb6bd805a
=== RUN   FuzzTxfetcher/ffc4e3ce00e3c0dae573970fdddfcaca399c6807
=== RUN   FuzzTxfetcher/ffd748bd1d1455f038a0b13077a1837eba5c5ac4
=== RUN   FuzzTxfetcher/fff9bd575875e45ebcf8d255e1287bb62e4768cf
--- PASS: FuzzTxfetcher (0.14s)
    --- PASS: FuzzTxfetcher/0034367d40bc4c58811fef63468924239b6db900 (0.00s)
    --- PASS: FuzzTxfetcher/00fb2efee08a70d964f0361a2764be2b16bfeddd (0.00s)
    --- PASS: FuzzTxfetcher/010dd838e1c40a038083a6c07412051d3f5ea3e2 (0.00s)
    --- PASS: FuzzTxfetcher/016022a606f81522acff0495755c9a87b5c719cb (0.00s)
    --- PASS: FuzzTxfetcher/016a2b8756bcbaa635257bd0850db397deea434b (0.00s)
    --- PASS: FuzzTxfetcher/0217e7073d17c2786ceb2718fdab2ea6f9449a4b (0.00s)
    --- PASS: FuzzTxfetcher/0233316e60b9ff1d366901d3af412c6b4532dfee (0.00s)
    --- PASS: FuzzTxfetcher/026afd806803d7c323863cd9cc6bfd9202dd3841 (0.00s)
    --- PASS: FuzzTxfetcher/048f5079d862e532770be68a5a947cf0f60c3b08 (0.00s)
    --- PASS: FuzzTxfetcher/059d165cd5b672b566bfafa1f4bb472be81a4a2b (0.00s)
    --- PASS: FuzzTxfetcher/05ecaf0c4ef70b652452fa94c33177a49eb5bf73 (0.00s)
    --- PASS: FuzzTxfetcher/06192830b3bab564daaaaa8365a60d930fde1e60 (0.00s)
    --- PASS: FuzzTxfetcher/06611361edfa6f9769231ee15545afb00ea20249 (0.00s)
    --- PASS: FuzzTxfetcher/067002c3e100635b464cd27051343a336bcf6ef6 (0.00s)
    --- PASS: FuzzTxfetcher/06e3ec1274ab644eb945a0f2f37838140afcb2aa (0.00s)
    --- PASS: FuzzTxfetcher/07478029d9fd5e442ec1df32b734f21d338b74bc (0.00s)
    --- PASS: FuzzTxfetcher/07cef6788d31e2e2ff62b2fda376453312b6d68c (0.00s)
    --- PASS: FuzzTxfetcher/08a0fdda8d4494b4207cf6c002808107b1ff7263 (0.00s)
    --- PASS: FuzzTxfetcher/08b5e192baef349fc5d7460ad8728aa7461c8b60 (0.00s)
    --- PASS: FuzzTxfetcher/0956553073c74da7ef81ae13055703d4e3e916e3 (0.00s)
    --- PASS: FuzzTxfetcher/0a65df448bc91e900648e70614b15f320e6708d4 (0.00s)
    --- PASS: FuzzTxfetcher/0a84179f6b3a380310b58c492ffef8fa32fc1d36 (0.00s)
    --- PASS: FuzzTxfetcher/0a99afb14cffbe8ed7ff9be2f3fe87f58adb5b84 (0.00s)
    --- PASS: FuzzTxfetcher/0aa0ef5d8e86c9750ea8c4c894c18e17525d5d13 (0.00s)
    --- PASS: FuzzTxfetcher/0abdce4d0e45705ad8198e053a016767e9b9254a (0.00s)
    --- PASS: FuzzTxfetcher/0ad743f1479a078004de864cd89bec57b38e1a6f (0.00s)
    --- PASS: FuzzTxfetcher/0b79ca62291c9c09c404b0b8c9b190a4e5745940 (0.00s)
    --- PASS: FuzzTxfetcher/0babaa596203ec4490113d917d2c34e995480e59 (0.00s)
    --- PASS: FuzzTxfetcher/0c433dcabe99e160bfd73f7ac8383fe5cd85327f (0.00s)
    --- PASS: FuzzTxfetcher/0c6a984cc7d72a9b51d0307c97d332c666b27618 (0.00s)
    --- PASS: FuzzTxfetcher/0ce55f9767ca397a1173b7f10157bcd6f6cb8bd4 (0.00s)
    --- PASS: FuzzTxfetcher/0d45cca825aedacdf662aef34acfa11103a04900 (0.00s)
    --- PASS: FuzzTxfetcher/0d678242c460590f18e82898ba5005244d13ddd3 (0.00s)
    --- PASS: FuzzTxfetcher/0d6b27fa065d5385e3e14cf916388fa58a1a4f56 (0.00s)
    --- PASS: FuzzTxfetcher/0e5e281cc91a6f95106b75bc73b4e6ffaf44739b (0.00s)
    --- PASS: FuzzTxfetcher/0e61c2e984d90b59485fe12db8748e32401d57b2 (0.00s)
    --- PASS: FuzzTxfetcher/0eb16987769ec8733519abf302916814b033e029 (0.00s)
    --- PASS: FuzzTxfetcher/0eb61fd13482c1d12f165e79e9e160e7e4975a1f (0.00s)
    --- PASS: FuzzTxfetcher/0f3f9f912bcad7f524d059e81d0abfe55659c8bb (0.00s)
    --- PASS: FuzzTxfetcher/0f505e544804a759471221686a467fa163d49692 (0.00s)
    --- PASS: FuzzTxfetcher/0f6821ec7d4c14d1bc4d8e59507d6b24ff4da011 (0.00s)
    --- PASS: FuzzTxfetcher/0fc9e31c35e59b77dc2dc4673e0a6c5e2ca00d5b (0.00s)
    --- PASS: FuzzTxfetcher/1012200d0559a0b76bd7be677d9ef44ef9b9a595 (0.00s)
    --- PASS: FuzzTxfetcher/109c89ae1195965c85442d511bdf5bdbc2b3ad40 (0.00s)
    --- PASS: FuzzTxfetcher/10a68356725a0920f2ec6ed4e95c472fee51191d (0.00s)
    --- PASS: FuzzTxfetcher/1123bc6b05231150303313ea118285694808e89b (0.00s)
    --- PASS: FuzzTxfetcher/1254dd696647bb217b54fdf03a410cff23519401 (0.00s)
    --- PASS: FuzzTxfetcher/12d440f9f316cd7d46f5bd746a2a6c630ae2b5ba (0.00s)
    --- PASS: FuzzTxfetcher/1338a6c648c3078406739568f2c5d5e5a156ef07 (0.00s)
    --- PASS: FuzzTxfetcher/1446b2bdc4e877f361de56c167f3afe8baa933d9 (0.00s)
    --- PASS: FuzzTxfetcher/146e6ce4cf2bd1aed09deb5236fcfa2476d5fc6c (0.00s)
    --- PASS: FuzzTxfetcher/1471b50232ffe7f0a52d4ea887ae363d6d9f74d4 (0.00s)
    --- PASS: FuzzTxfetcher/14758194c5f11f3a0d52cc4c6c431b291711db0b (0.00s)
    --- PASS: FuzzTxfetcher/14e798fb1cc216bfc3b27bce13ba310817269902 (0.00s)
    --- PASS: FuzzTxfetcher/1586aec620be6ef8375469e43066d23d272d1ef8 (0.00s)
    --- PASS: FuzzTxfetcher/15d79ed63b5807330be8c77e056102302ddb8e85 (0.00s)
    --- PASS: FuzzTxfetcher/16f41575d1563f192a4f0ebe1479144c97325bea (0.00s)
    --- PASS: FuzzTxfetcher/170f12f091e07bc285b3451bda3885a30f0aa668 (0.00s)
    --- PASS: FuzzTxfetcher/17c59b243d3fce6879efe17b4262feece92f8210 (0.00s)
    --- PASS: FuzzTxfetcher/17c99f428fcd161e67dd79e19502aacfe236bedf (0.00s)
    --- PASS: FuzzTxfetcher/1810c11239ce0fd0476da8ffc051f88157b369c2 (0.00s)
    --- PASS: FuzzTxfetcher/18b585ffd5840753ed7c8d193a0ecb26517ae0e8 (0.00s)
    --- PASS: FuzzTxfetcher/18c543cb16af4ccc68eeb8ed61ad8865dff6c325 (0.00s)
    --- PASS: FuzzTxfetcher/190970331cb92cce03975116edcf542f77fc95e4 (0.00s)
    --- PASS: FuzzTxfetcher/19914cc3da5354a803459eb755902bed19c936c1 (0.00s)
    --- PASS: FuzzTxfetcher/19a46fd21994e70c563e6abf92d0e0967dd4d319 (0.00s)
    --- PASS: FuzzTxfetcher/19e49436b35283e29ca593db2cb9630761e5c4ef (0.00s)
    --- PASS: FuzzTxfetcher/1b254ff227ff26f87035ae269be923ca463263f5 (0.00s)
    --- PASS: FuzzTxfetcher/1b3c02e7037c33eb4f771c80eefe28c19bf34526 (0.00s)
    --- PASS: FuzzTxfetcher/1bfeedd820f8563ca83501f355ac141518315412 (0.00s)
    --- PASS: FuzzTxfetcher/1c6d01d1f10a0237990b3cb2cea562960131f850 (0.00s)
    --- PASS: FuzzTxfetcher/1c7fe0593f4ef20da766d91e2be1dca0088f1702 (0.00s)
    --- PASS: FuzzTxfetcher/1d46bb2eafda82c3646d75f89bfff4639d079843 (0.00s)
    --- PASS: FuzzTxfetcher/1d7792ce23f66688e8dbb2eaf213c090741b5853 (0.00s)
    --- PASS: FuzzTxfetcher/1da3dadec688c42d9dcac9a92c024704231fd28d (0.00s)
    --- PASS: FuzzTxfetcher/1dd079d55bb900b596946d14f9977615e8d37203 (0.00s)
    --- PASS: FuzzTxfetcher/1e3140e520872c7b7d615203196a1c1ff53681a7 (0.00s)
    --- PASS: FuzzTxfetcher/1e6037967eda9e5a81b38b8b77d64913ffd35d95 (0.00s)
    --- PASS: FuzzTxfetcher/1f05781c16e51a6e0b84b6441a57803b5cedece6 (0.00s)
    --- PASS: FuzzTxfetcher/1f145bfaf377a27e978134ede4d4029e1f6d8ac4 (0.00s)
    --- PASS: FuzzTxfetcher/1fc2daa70dee5dc71cff0d2202325aa45160263c (0.00s)
    --- PASS: FuzzTxfetcher/20b79c13c0a2d2559fe1bb125f23fe060626a88f (0.00s)
    --- PASS: FuzzTxfetcher/20c2b68b9217dc4f46c0299acbf458aed7ce319f (0.00s)
    --- PASS: FuzzTxfetcher/21012cc071246469bef789c86b14d41ae8289a48 (0.00s)
    --- PASS: FuzzTxfetcher/21b28c184349dad03122f63638f472619e9336dc (0.00s)
    --- PASS: FuzzTxfetcher/222d5c0e6b31504d2e790bf9f3fcb73111875446 (0.00s)
    --- PASS: FuzzTxfetcher/2269886cd3c3ee46e6499a6896e65f45902199b7 (0.00s)
    --- PASS: FuzzTxfetcher/22afb26202bbaa237a1a90d941126092bd0a0fa3 (0.00s)
    --- PASS: FuzzTxfetcher/232170ec0ce868c1065b2d7b21372c077b303849 (0.00s)
    --- PASS: FuzzTxfetcher/23ae7f049deb887bb7702b95d9e2647d42b7b1eb (0.00s)
    --- PASS: FuzzTxfetcher/243908348a0b4a6d94842e31e4b14e2bc4858997 (0.00s)
    --- PASS: FuzzTxfetcher/254dbf5a5d54f7c0f59d2e7e3e8ce0fccce46529 (0.00s)
    --- PASS: FuzzTxfetcher/25650cb2a051af81cfb2c8d574364a4aee3fd46d (0.00s)
    --- PASS: FuzzTxfetcher/256ccb08b77649892db1dd503bb2af5ddc99f74e (0.00s)
    --- PASS: FuzzTxfetcher/25d749653e547aa7c16b77b2001a7da7b05187bf (0.00s)
    --- PASS: FuzzTxfetcher/25f7b1a21b83e4f1f2c9df4b0b8549ffe63876c4 (0.00s)
    --- PASS: FuzzTxfetcher/25fa06bc82790ad864a377bfd811d05422011beb (0.00s)
    --- PASS: FuzzTxfetcher/2642ceffdef802bd9d933e5c5afef4ed4fdb79e0 (0.00s)
    --- PASS: FuzzTxfetcher/2704a10213091f38f5cc295c5887cf9d8ca6b2b3 (0.00s)
    --- PASS: FuzzTxfetcher/27700d1d5d05b507834092da6675f4ba5016471a (0.00s)
    --- PASS: FuzzTxfetcher/2798fa5070ece45b038a73c2e3def26b59a4e6af (0.00s)
    --- PASS: FuzzTxfetcher/2818a31a8ffb28f97b87ba58dc779662355da394 (0.00s)
    --- PASS: FuzzTxfetcher/29b6526d5703b8d7e36e6b5f62eb43ecb23c1772 (0.00s)
    --- PASS: FuzzTxfetcher/29d1b3719b0294e6e5881b0c972e2a727126af7a (0.00s)
    --- PASS: FuzzTxfetcher/2a560a5e06d8a1e08f43f6b4462d11172a6ae427 (0.00s)
    --- PASS: FuzzTxfetcher/2a6e3bcac5974510bec3763b61d67d26cba9bbee (0.00s)
    --- PASS: FuzzTxfetcher/2aa7ddb8652c8610553a2ad40252af25c9553a3f (0.00s)
    --- PASS: FuzzTxfetcher/2adab45ae36f3e390a2a4ec14e330d78f20990c4 (0.00s)
    --- PASS: FuzzTxfetcher/2ae76e075773fd95391e371a9b6a819859c74ca5 (0.00s)
    --- PASS: FuzzTxfetcher/2b33ab21b0f2dc86e60b87a2613f5bcf5efc3285 (0.00s)
    --- PASS: FuzzTxfetcher/2ba328da1dada4366fda578c97e7ae51259c6f0e (0.00s)
    --- PASS: FuzzTxfetcher/2bd3bc846babb2504657fa8502ce5a422bf57aab (0.00s)
    --- PASS: FuzzTxfetcher/2be8c5648449ec42fea147b5a608274ac72a6fbf (0.00s)
    --- PASS: FuzzTxfetcher/2c3f75ca88b826937d55c894305dc0f9fad28cde (0.00s)
    --- PASS: FuzzTxfetcher/2c6a2842ab1510b8d8ef48d50d55fc721a4765af (0.00s)
    --- PASS: FuzzTxfetcher/2cae891a43983559118014ae659bab4549b0fe5d (0.00s)
    --- PASS: FuzzTxfetcher/2ce2107ca8e6113af8fd9e6d8c1caade1b5d6792 (0.00s)
    --- PASS: FuzzTxfetcher/2cef71bc00025cd4f0d24f72197130c4e96f5ff1 (0.00s)
    --- PASS: FuzzTxfetcher/2ea5559d48d80f5fdeb5576e2844c87f7516dc02 (0.00s)
    --- PASS: FuzzTxfetcher/2ecff9014e2e50bc72b923f0545b0f378a78223f (0.00s)
    --- PASS: FuzzTxfetcher/2f6a720c110f50b89eba3723d3ff8d9d1c6cf2af (0.00s)
    --- PASS: FuzzTxfetcher/2f86dcf421e933b1d1c5477e2b225f1cd0fa6a32 (0.00s)
    --- PASS: FuzzTxfetcher/2f95dc3d06d9ad7c031d9d382fc6d66c43cd73a5 (0.00s)
    --- PASS: FuzzTxfetcher/300f8731c3b000be4246204c856673b060be4b84 (0.00s)
    --- PASS: FuzzTxfetcher/3035a119e88d1892b0e7cdf31493b14b0f58c467 (0.00s)
    --- PASS: FuzzTxfetcher/3085642dcb373b365b074108654bd074d06ed721 (0.00s)
    --- PASS: FuzzTxfetcher/30ca206e5b26c60791a10ea92780d0eb4573acda (0.00s)
    --- PASS: FuzzTxfetcher/30d2988c6b18f8f6e75f20914d2a5f70c1e072f7 (0.00s)
    --- PASS: FuzzTxfetcher/30d4d9f9f26b50f96b5e0ac99ebe2a991f8ec264 (0.00s)
    --- PASS: FuzzTxfetcher/3228855954f3546ba5f84677f14ad36e2a87bc97 (0.00s)
    --- PASS: FuzzTxfetcher/3259aafbbc4108bb33824c36bf4cfce3705ccf7e (0.00s)
    --- PASS: FuzzTxfetcher/328af104c461bad8d70680d0266b1e4314c93092 (0.00s)
    --- PASS: FuzzTxfetcher/33e037ebcad790a368afa1fa6a1012a0a73e7638 (0.00s)
    --- PASS: FuzzTxfetcher/344d6ffeb70053cde7ea330c82d9d1a3eb34f2bd (0.00s)
    --- PASS: FuzzTxfetcher/3493efef2d131bb3198ed8b6159b8c502a107dfe (0.00s)
    --- PASS: FuzzTxfetcher/34aef8e713b37ee7202270e0387e9dc55c4e7b82 (0.00s)
    --- PASS: FuzzTxfetcher/34dc072818114fdac45c7fb113bdd3406ff49b4d (0.00s)
    --- PASS: FuzzTxfetcher/34de6c37f3eaf72f066fae24f2b75dbb92293362 (0.00s)
    --- PASS: FuzzTxfetcher/3512841b3280f5e209cde5b185e6fd8a36579659 (0.00s)
    --- PASS: FuzzTxfetcher/352b7759faaae5f4b1a1dc150e1070e0d1d741ce (0.00s)
    --- PASS: FuzzTxfetcher/35302f334040c5c63c394fb15a6b6dbf78945369 (0.00s)
    --- PASS: FuzzTxfetcher/357be12ff0b7fcff06ce6c9e8af823b870b9c632 (0.00s)
    --- PASS: FuzzTxfetcher/358a943e7deceba02bb63720ff0aa8821cf641a2 (0.00s)
    --- PASS: FuzzTxfetcher/35a5c0affbceb7a285d2b14ad423322842e5945c (0.00s)
    --- PASS: FuzzTxfetcher/35e937113cde7d5b3bfe303f926742b694f730b4 (0.00s)
    --- PASS: FuzzTxfetcher/3701632fde80a4cac92ee3998b4f353a57d0a3dd (0.00s)
    --- PASS: FuzzTxfetcher/3855e252f33b1163bcbcf4c2b741236335222bcd (0.00s)
    --- PASS: FuzzTxfetcher/389acd80f599db512c0bcaaeca2707153dbbae9e (0.00s)
    --- PASS: FuzzTxfetcher/38cb554becae739c82bdff25aeaf96bcb645b622 (0.00s)
    --- PASS: FuzzTxfetcher/3984b91d4ae6df908955bfa16a740f5465245053 (0.00s)
    --- PASS: FuzzTxfetcher/39973f4e575abb129da5e3f043cc741ede12c3fb (0.00s)
    --- PASS: FuzzTxfetcher/399f17287387177a3157068200c5614e0c473afe (0.00s)
    --- PASS: FuzzTxfetcher/3a905c181ff3188cb1c89c56f9866c93950e648e (0.00s)
    --- PASS: FuzzTxfetcher/3af936c71875f78470f1b8e944fddc5a694b6cc1 (0.00s)
    --- PASS: FuzzTxfetcher/3b091ef5c11a9d941cbba43d1417834b87077d48 (0.00s)
    --- PASS: FuzzTxfetcher/3b11c7ae227a80759ff914d1ea83c5e6e6b64166 (0.00s)
    --- PASS: FuzzTxfetcher/3b6cdbed79be658231d999ccd2692386891685d9 (0.00s)
    --- PASS: FuzzTxfetcher/3c404d0d06fa2b3e8b7e73f723841e5d8e1795ba (0.00s)
    --- PASS: FuzzTxfetcher/3c7df769409dc8a10f47f7357e43b3f7a75a2fbb (0.00s)
    --- PASS: FuzzTxfetcher/3c879ec318190a63011994d1fa0737fb0245b45b (0.00s)
    --- PASS: FuzzTxfetcher/3d3766d2570f149d60d2125a4e29769e96e66a94 (0.00s)
    --- PASS: FuzzTxfetcher/3e9d894a7a2cc789ee51dee45e0e50ae73e705f6 (0.00s)
    --- PASS: FuzzTxfetcher/405059c7280d352f424929fb6d55785458b998e5 (0.00s)
    --- PASS: FuzzTxfetcher/40d8e587b3e24f8dcfc39b5290698df705b38e68 (0.00s)
    --- PASS: FuzzTxfetcher/40d8fe71c9abf53c16f032ef0c463b7ef077fbf0 (0.00s)
    --- PASS: FuzzTxfetcher/416f157ee22646c63ab6ac66f053a33bbcc4ec80 (0.00s)
    --- PASS: FuzzTxfetcher/41fdcea94847a8a99707019c6bb08499c95ceb24 (0.00s)
    --- PASS: FuzzTxfetcher/4374e8f16b87692aff266a8eac7b9408d72b4f6f (0.00s)
    --- PASS: FuzzTxfetcher/44c902babdaed9bda3208d1adfe2d62f14e72ba4 (0.00s)
    --- PASS: FuzzTxfetcher/45b83e38b251916621026098a1b32ab28105ff9c (0.00s)
    --- PASS: FuzzTxfetcher/45c961d4f09740abb6bfb9d8f1e118559cb96546 (0.00s)
    --- PASS: FuzzTxfetcher/45d10c68885314adc564d9cbc4116eb3153adf5c (0.00s)
    --- PASS: FuzzTxfetcher/462a2077a3d344b007b1d6ad3fd56dd555101685 (0.00s)
    --- PASS: FuzzTxfetcher/4784652ffbc04154a2a8cd32c401c023e9f1cd11 (0.00s)
    --- PASS: FuzzTxfetcher/4881765061e98e897e67c9c5741fb548b2a8503a (0.00s)
    --- PASS: FuzzTxfetcher/49324e0c4369131e8ab9b2745f610c7a29569ad2 (0.00s)
    --- PASS: FuzzTxfetcher/493f20cc2cf42047e809d3300db4302e9ddbd7b9 (0.00s)
    --- PASS: FuzzTxfetcher/49426363ace466149a733474ce1ae518c44abf44 (0.00s)
    --- PASS: FuzzTxfetcher/4942e0153304751a9496cb74e1299fb3c39e30be (0.00s)
    --- PASS: FuzzTxfetcher/49674825cc3ebbc0c623057bba16a0eb99e0123e (0.00s)
    --- PASS: FuzzTxfetcher/49ca646938ff8c035f42983d710e13c373a7fb5f (0.00s)
    --- PASS: FuzzTxfetcher/4a8fba25e000fdf69e708f384651f84cf64dc364 (0.00s)
    --- PASS: FuzzTxfetcher/4aaae09c38dc7f3d8d13025a81dd28083008865f (0.00s)
    --- PASS: FuzzTxfetcher/4b024cef5f1743228d057d21eacd22a637e600f9 (0.00s)
    --- PASS: FuzzTxfetcher/4b31284a6bc8f5d97983d5776848f84c5fb164d5 (0.00s)
    --- PASS: FuzzTxfetcher/4b9b655ad8a60df98136e65a13477d46d759e627 (0.00s)
    --- PASS: FuzzTxfetcher/4bc2b2d9c977bccdebbf33eb61e39670d9d2696d (0.00s)
    --- PASS: FuzzTxfetcher/4cbe6a6b1bb235ee15f82cb3b4d524d0fdb866a3 (0.00s)
    --- PASS: FuzzTxfetcher/4cd5b98d8f612e33429770fac77371adb2d558f9 (0.00s)
    --- PASS: FuzzTxfetcher/4d1b622b14e02e9a7761da5c63e3fad5fd8734bb (0.00s)
    --- PASS: FuzzTxfetcher/4d2ce12e8476cd4b0fc85d697aac7e4876ca328b (0.00s)
    --- PASS: FuzzTxfetcher/4d2dc2d3f32f2616864728dc5fd000e50be2ca09 (0.00s)
    --- PASS: FuzzTxfetcher/4d5f645867a4c80184d1951dea59ea882919d3cb (0.00s)
    --- PASS: FuzzTxfetcher/4e849262130a8938c7afe552527e1ee317a25289 (0.00s)
    --- PASS: FuzzTxfetcher/4f1311c5dc24c10096f8ece50997bd7ac64cb7fc (0.00s)
    --- PASS: FuzzTxfetcher/4f39d4c19bc323a95241ef015b33faa0e7b5e6e4 (0.00s)
    --- PASS: FuzzTxfetcher/4f5941a252543542f986b29fb05f4e93004fa428 (0.00s)
    --- PASS: FuzzTxfetcher/50503f24586ba3190d813758c1d3d5d858b474d5 (0.00s)
    --- PASS: FuzzTxfetcher/507b6ce10eacfad6c596d4575d54effa8c4e71f9 (0.00s)
    --- PASS: FuzzTxfetcher/50d6ab323cab73907fb89f5ba10de1f6e4f108e3 (0.00s)
    --- PASS: FuzzTxfetcher/516cc860e050607159c36f21489efa16a99bc493 (0.00s)
    --- PASS: FuzzTxfetcher/51772ce7e60503a1c25742d3aa0c8d62de6778ce (0.00s)
    --- PASS: FuzzTxfetcher/51a2d473f5c838ef5d4e05e494f9bf1342e2e06f (0.00s)
    --- PASS: FuzzTxfetcher/51b814237969b98c11c86c3d9b7a63be86cf91e7 (0.00s)
    --- PASS: FuzzTxfetcher/51ba671629307f6bcc41c52baea182560d755319 (0.00s)
    --- PASS: FuzzTxfetcher/51e28e4972b0cf45fdf67445bec828a06a38d817 (0.00s)
    --- PASS: FuzzTxfetcher/52029a0ca2ca703fd1bdcd6b05c41d4d9a7a29ef (0.00s)
    --- PASS: FuzzTxfetcher/520f9c6619cd43f0bb1b7e68b1b10649f7969ea1 (0.00s)
    --- PASS: FuzzTxfetcher/52233c5382f7e28c4410b60c31f34c67b999f9b1 (0.00s)
    --- PASS: FuzzTxfetcher/525ade01b896d1076f15b058e949def001f48c65 (0.00s)
    --- PASS: FuzzTxfetcher/525ecf0c27b987a5b1f2a4268230a1c593f32742 (0.00s)
    --- PASS: FuzzTxfetcher/52a5efdfe7ab54a7f1ec1abb7b7debcafe415851 (0.00s)
    --- PASS: FuzzTxfetcher/52bdce004f17a74338d442a4527a9868c552e7fd (0.00s)
    --- PASS: FuzzTxfetcher/53085bfa1e29715b4331a192111f905c3719687d (0.00s)
    --- PASS: FuzzTxfetcher/53dff3339d8c0f1ac56baa334e4524ed219b868c (0.00s)
    --- PASS: FuzzTxfetcher/53ff3e11121f73bfda3680e969a70145ecde475e (0.00s)
    --- PASS: FuzzTxfetcher/54445bcc4afe5159b1108db87869f35faa387c45 (0.00s)
    --- PASS: FuzzTxfetcher/5484c2d96fcbde030f786741b07fe5a0451773e4 (0.00s)
    --- PASS: FuzzTxfetcher/54d60238febcfa033a3c37a2a484a73e2cc7eaef (0.00s)
    --- PASS: FuzzTxfetcher/551aedd5e2cb781c0ff6d846c160f91c408aa476 (0.00s)
    --- PASS: FuzzTxfetcher/5560f173fc09bd4d416ab40ff45d7e2f09aa3985 (0.00s)
    --- PASS: FuzzTxfetcher/55f33b4cbe3ef40c2b3a6bd9942f0b01dae200a8 (0.00s)
    --- PASS: FuzzTxfetcher/563165bab147415ca6ea49372f510313696478ae (0.00s)
    --- PASS: FuzzTxfetcher/56e50a562bb9d90166673b0f0263bb9872929c48 (0.00s)
    --- PASS: FuzzTxfetcher/57a1fe77bd6a95cf2e698bb78ae12f425fb8df69 (0.00s)
    --- PASS: FuzzTxfetcher/57ac166fdaa6dcb8aa18409c1aa648b586b782d3 (0.00s)
    --- PASS: FuzzTxfetcher/57ce13bbba40df25cd0d223eb4e50db3376c96e9 (0.00s)
    --- PASS: FuzzTxfetcher/587a21bd99af3a265223f3760d81e6b57e5c406a (0.00s)
    --- PASS: FuzzTxfetcher/58f9aeb95b5104bf30559a8a5c5c44f2dcd100c4 (0.00s)
    --- PASS: FuzzTxfetcher/59ae3afcc40ee2118178b368ab28c621e6e9a8b1 (0.00s)
    --- PASS: FuzzTxfetcher/5a26aac3a24939b16d258867d31e8a76a75d5310 (0.00s)
    --- PASS: FuzzTxfetcher/5b580497d43db77ed98911031c3040d4f9da007c (0.00s)
    --- PASS: FuzzTxfetcher/5b75f0c9dd4b59ee23d5674541c6617cebba18b7 (0.00s)
    --- PASS: FuzzTxfetcher/5b7baac23d8febdc78406cd65487ac4b7a548e15 (0.00s)
    --- PASS: FuzzTxfetcher/5c0d1e51a8c045665e94e2968d33a9b47caf1801 (0.00s)
    --- PASS: FuzzTxfetcher/5cb242a454d0b0f5dd44482be70bdec5e7aa8d6b (0.00s)
    --- PASS: FuzzTxfetcher/5ce771c482ff440d6513bc13b93d852d28f0e82e (0.00s)
    --- PASS: FuzzTxfetcher/5d3bb0b65e35490fc96a9410676d5caa8f04a081 (0.00s)
    --- PASS: FuzzTxfetcher/5d3c9ca0d2f650fe9a96672c1c11854947baa9f8 (0.00s)
    --- PASS: FuzzTxfetcher/5d5d21aaf9f1f800201e0ace6087961617c6d4eb (0.00s)
    --- PASS: FuzzTxfetcher/5e2c6f63453da828a58889d96c4eac7cd0423741 (0.00s)
    --- PASS: FuzzTxfetcher/5e72a7680ecf54aaa2a52311ade4cb7dcad8003c (0.00s)
    --- PASS: FuzzTxfetcher/5f660f9b03d90f1e0c0da841f2ee1c952141b58e (0.00s)
    --- PASS: FuzzTxfetcher/5f6713d05450a303a5499938b359f6a956d411fe (0.00s)
    --- PASS: FuzzTxfetcher/5f87ae6338c2a59d0727f457da59d72903327031 (0.00s)
    --- PASS: FuzzTxfetcher/603d80ac352fff3e85d6b72a9139a0bb59ced0c1 (0.00s)
    --- PASS: FuzzTxfetcher/605ccee6f141133c5b631adac45734a1b49b82ee (0.00s)
    --- PASS: FuzzTxfetcher/610a5bd4370244894e2ba74c1f1beb677f3c40f2 (0.00s)
    --- PASS: FuzzTxfetcher/630b95a5fa8663b7eabf4316ce29337604ad85e8 (0.00s)
    --- PASS: FuzzTxfetcher/6371b05d1341642a19ecbf26564b0a257cb5cba9 (0.00s)
    --- PASS: FuzzTxfetcher/637d43497f2c309d9ff63bab527da3e679617609 (0.00s)
    --- PASS: FuzzTxfetcher/640b0e7da1a9f172b012b042c9900539b94b791a (0.00s)
    --- PASS: FuzzTxfetcher/642daced261a64e5b25fb937b4f005ac5cf3df5b (0.00s)
    --- PASS: FuzzTxfetcher/64f21abc7d054b4c33fe044f7d2da21b03c818f2 (0.00s)
    --- PASS: FuzzTxfetcher/6511a35a3ee5349ad6faaae68cc5906bf7715eb8 (0.00s)
    --- PASS: FuzzTxfetcher/65229b61c1dfb0318393dbd0a3bc3bb49d8b2e0c (0.00s)
    --- PASS: FuzzTxfetcher/6586d073dc37c72774916533288cd94e88d76709 (0.00s)
    --- PASS: FuzzTxfetcher/65ee1ede78c0e2fee8f3147634b9192531f371c8 (0.00s)
    --- PASS: FuzzTxfetcher/661b71ae034ccc2cb6a0b411f5e11eb5b7a16f54 (0.00s)
    --- PASS: FuzzTxfetcher/667d384512d4cb3b575da239c0da4252f077b5a2 (0.00s)
    --- PASS: FuzzTxfetcher/67cdbd5fa9fbf34c7ac3f806e9ce8cc5fa0cc7b0 (0.00s)
    --- PASS: FuzzTxfetcher/698512e9c1b1596361985d24d825fac9c99fd3ac (0.00s)
    --- PASS: FuzzTxfetcher/69fa4be58d11427966c6aecbf2e83666d864d17f (0.00s)
    --- PASS: FuzzTxfetcher/6a2b0d7533877a223b942c54b7ec98bfe914d8fc (0.00s)
    --- PASS: FuzzTxfetcher/6acc5d02b76310adbeafb19658e89f5ddaa81b27 (0.00s)
    --- PASS: FuzzTxfetcher/6ba0879fb53c66ad1fbfd0eabd515a2a8b1dbf58 (0.00s)
    --- PASS: FuzzTxfetcher/6d11149cf32c592109256168649d56f80e2d07d0 (0.00s)
    --- PASS: FuzzTxfetcher/6da20ae56bacb910e9e52e66215f9976808ed60d (0.00s)
    --- PASS: FuzzTxfetcher/6eddd39f7cfae6ef454ca2cf86bccdb75bcc57ca (0.00s)
    --- PASS: FuzzTxfetcher/6eeeaa0654dba0394a0d73fb40d79ec9e2f9ed58 (0.00s)
    --- PASS: FuzzTxfetcher/6ffe7ef5a80690e80ff01192ff57d3331380ada1 (0.00s)
    --- PASS: FuzzTxfetcher/70360eda96febabf8b795d0924c5eaee72494076 (0.00s)
    --- PASS: FuzzTxfetcher/70b365837e718b4deb46f29a3a985f82fcf2eeb7 (0.00s)
    --- PASS: FuzzTxfetcher/7129658553b89ab66ff12f659d7648c0fb918852 (0.00s)
    --- PASS: FuzzTxfetcher/7172a3939bbf1aa7954eabaf1f080e025dcd0e26 (0.00s)
    --- PASS: FuzzTxfetcher/71a43c01fcc193dd0c896ee0dd02a9b260251bd1 (0.00s)
    --- PASS: FuzzTxfetcher/71e3e1ad297ee46bed81be3dd94df238536b2cd6 (0.00s)
    --- PASS: FuzzTxfetcher/721e1d26d0f745ce7abe65e5ddc278be0619e466 (0.00s)
    --- PASS: FuzzTxfetcher/722970fc8bff1c5382063c0dfd0da9241542765d (0.00s)
    --- PASS: FuzzTxfetcher/7237c2ea41f7652db28dbe075e2a270862c56fcd (0.00s)
    --- PASS: FuzzTxfetcher/72601cb08f962f0f7e87deaf02b6701074e266ee (0.00s)
    --- PASS: FuzzTxfetcher/729543fe3ec0d50346f30c84432d62cbb6c86594 (0.00s)
    --- PASS: FuzzTxfetcher/7303ecbbae787a29f5577fdea63d0af41c85f01e (0.00s)
    --- PASS: FuzzTxfetcher/7354cb00be93037d75b805b8d03304176f241ebb (0.00s)
    --- PASS: FuzzTxfetcher/73a7d26e7e977c287467762593ddf4eca22d1d76 (0.00s)
    --- PASS: FuzzTxfetcher/73b2f9b3b2641b3bf81a43187358b4a9bb0962c3 (0.00s)
    --- PASS: FuzzTxfetcher/73d287c742b85b16a70f808a7edbf34093b4f322 (0.00s)
    --- PASS: FuzzTxfetcher/75ff503f871634c6662eb53504c25c1368a69a72 (0.00s)
    --- PASS: FuzzTxfetcher/760c805b9ecfa64611f4291032120040dd0c810b (0.00s)
    --- PASS: FuzzTxfetcher/764702df5797ed6d2b0eb3b6256154a4578a543a (0.00s)
    --- PASS: FuzzTxfetcher/773d84fbe3b909d5fa2bfd721dd854264ef9808d (0.00s)
    --- PASS: FuzzTxfetcher/7766acce159e5da3e80970f1a1c06abe1c3e0977 (0.00s)
    --- PASS: FuzzTxfetcher/781a3908b83f8c5ba800a026555b90feeb48cb5e (0.00s)
    --- PASS: FuzzTxfetcher/7848f5642b30051c2d204ef910609e3990ead4ac (0.00s)
    --- PASS: FuzzTxfetcher/787d2569fa599cd04103fc656db92e1f3fc5125d (0.00s)
    --- PASS: FuzzTxfetcher/78d36ce3dba070142f771207d2ae6331dd6ddf98 (0.00s)
    --- PASS: FuzzTxfetcher/7941c1ed7219728acb6670ffac2ddcb66bbd421b (0.00s)
    --- PASS: FuzzTxfetcher/799be7c9db2842e12200ee2e78a56f0d06765e3f (0.00s)
    --- PASS: FuzzTxfetcher/7bf83ee1084e3fee65d542db6f1de212acb72188 (0.00s)
    --- PASS: FuzzTxfetcher/7d2f43880d2281fc6cfee7eb176a126c11476675 (0.00s)
    --- PASS: FuzzTxfetcher/7da618400a2381f86dca0f5bcb034d4a30800a39 (0.00s)
    --- PASS: FuzzTxfetcher/7ea2d4680bd77290b57de39a82f87f840d6479b9 (0.00s)
    --- PASS: FuzzTxfetcher/7ea89679980df1b4f34534f821e2e4129c98be2d (0.00s)
    --- PASS: FuzzTxfetcher/7f05f310116738b9a2e5f95c910dd2a1db615d5b (0.00s)
    --- PASS: FuzzTxfetcher/7ff8518f8a6d99f11e474bf4d1b889a28dffb6f8 (0.00s)
    --- PASS: FuzzTxfetcher/81bbe88da1b8e0ad6cdd0e4aaac20fd9300503d0 (0.00s)
    --- PASS: FuzzTxfetcher/82b70848b49c335281e6f5e35f48085aa3ceebbb (0.00s)
    --- PASS: FuzzTxfetcher/82c1a20680ce3eacb536d30e336c775f06e2790e (0.00s)
    --- PASS: FuzzTxfetcher/82c82c626da171da17f8e6ce843817d5f3a1f503 (0.00s)
    --- PASS: FuzzTxfetcher/82f8aea747f6879d29fbb0bf6458e8025c12b330 (0.00s)
    --- PASS: FuzzTxfetcher/83335fff3ae6b48fe14951de7698690f5f4ab0af (0.00s)
    --- PASS: FuzzTxfetcher/8365720ceffb5cac538f8ac124b161c5bb90a451 (0.00s)
    --- PASS: FuzzTxfetcher/83c92e4b39a161a4fc26baf43d035adeec44c357 (0.00s)
    --- PASS: FuzzTxfetcher/8487435728dbe1edad3651a5611bb37a83e007e6 (0.00s)
    --- PASS: FuzzTxfetcher/84f02fc660e26d1057dd6bdeb021fe1e804fb6eb (0.00s)
    --- PASS: FuzzTxfetcher/85183befbb27ab7e12a3a0ed3af1e1892e1574f4 (0.00s)
    --- PASS: FuzzTxfetcher/854eef1dad84fc5bc34460208936d0a0ea762cec (0.00s)
    --- PASS: FuzzTxfetcher/8591da755c09eae420c0816f3c9115763a3e3134 (0.00s)
    --- PASS: FuzzTxfetcher/85ad72de9f688fb446ad636da0c0c38fbd73ac3e (0.00s)
    --- PASS: FuzzTxfetcher/86207f7a9a04d3b826ab6a7e30a8b34cc987848e (0.00s)
    --- PASS: FuzzTxfetcher/8666e8f7ef7b34c4592e3d5f5edfb1aa7b045a96 (0.00s)
    --- PASS: FuzzTxfetcher/868b0d19571d1728f3a20f9aed01d2ddd046921d (0.00s)
    --- PASS: FuzzTxfetcher/86aae030cd0b5ccb33088de67c805ebd6f848ccc (0.00s)
    --- PASS: FuzzTxfetcher/86be95f887810a1b55527f99a804b40a58a1b5d7 (0.00s)
    --- PASS: FuzzTxfetcher/86f2558fb4e3d312d3e1f3a7c9d915eabdc149a2 (0.00s)
    --- PASS: FuzzTxfetcher/8716d5f1fdfd8b66b3de5a47dee6a82573806c1f (0.00s)
    --- PASS: FuzzTxfetcher/87bff69b8c13d668bd4c97349e3a8db59fab2d2c (0.00s)
    --- PASS: FuzzTxfetcher/88247b6a4edf8f7fd4286a903100e8956f9bbff7 (0.00s)
    --- PASS: FuzzTxfetcher/88853c50dc0e5fb2ae42b283c2b868071b81d483 (0.00s)
    --- PASS: FuzzTxfetcher/88955656de1dcc36a97c0ddad92197b171609b29 (0.00s)
    --- PASS: FuzzTxfetcher/88dadb5b8fe3dc4fae9db31ce7a4e11387ef7ea6 (0.00s)
    --- PASS: FuzzTxfetcher/896ac5c52017dde7cf39cc2ad44f2de5fdd36abb (0.00s)
    --- PASS: FuzzTxfetcher/89fa99730e12410e1e096b90f72553fdaa86e26e (0.00s)
    --- PASS: FuzzTxfetcher/8a0287e92afd03a3ab5d1631df3bb9b2a056287f (0.00s)
    --- PASS: FuzzTxfetcher/8aef07141a48f566566e00698a82015168899dae (0.00s)
    --- PASS: FuzzTxfetcher/8b7434f9c63772e21599d8ae7d7f5ee71643edb3 (0.00s)
    --- PASS: FuzzTxfetcher/8b7a653b0e560f888e9e50fdbe42bd5c6e04197a (0.00s)
    --- PASS: FuzzTxfetcher/8c520e6244af0a76024bf6bd8527dd0d4d35d6d2 (0.00s)
    --- PASS: FuzzTxfetcher/8d56a50c0ca22936eab3d39eb3092b6ed54524c1 (0.00s)
    --- PASS: FuzzTxfetcher/8d5bdaf7264a4ab57f8f811608138652926283ac (0.00s)
    --- PASS: FuzzTxfetcher/8d607bd1e51ca34cf8d54368e990f6a7098e7de0 (0.00s)
    --- PASS: FuzzTxfetcher/8da7b028f93c269f41159f03496ff1c0a9283f66 (0.00s)
    --- PASS: FuzzTxfetcher/8e7f03cc03dddefe91ad3a50d1bd5268dda0a41b (0.00s)
    --- PASS: FuzzTxfetcher/9069ca78e7450a285173431b3e52c5c25299e473 (0.00s)
    --- PASS: FuzzTxfetcher/9113d09d5048c00de73fce9028c8234a83f9ec6b (0.00s)
    --- PASS: FuzzTxfetcher/911595303a35e3ee621b7f9d343cf8e31ae9c921 (0.00s)
    --- PASS: FuzzTxfetcher/91659409956ac7654e0cee212d0d6e53de7f6878 (0.00s)
    --- PASS: FuzzTxfetcher/9238ac85cc3ab21ef5a32f12aef420f78c3df7f9 (0.00s)
    --- PASS: FuzzTxfetcher/92a6cd1658c3991a4caef75594af41bd978d0cab (0.00s)
    --- PASS: FuzzTxfetcher/9447c2b06990091b8d29b0fbf80dfa57b740ce32 (0.00s)
    --- PASS: FuzzTxfetcher/951548053b49fc4e09ec4dcf5bbb6433e692d0d3 (0.00s)
    --- PASS: FuzzTxfetcher/963df1c95d119c53f0bb152d891bf34a9c5103ac (0.00s)
    --- PASS: FuzzTxfetcher/96bf98ee6493eab1d2c10cddcbb9c34bd131a402 (0.00s)
    --- PASS: FuzzTxfetcher/9802151d21b989fe06ab9faae5034ae43cce3218 (0.00s)
    --- PASS: FuzzTxfetcher/98e376ca4de32319740913079aa606c5352b648d (0.00s)
    --- PASS: FuzzTxfetcher/99fc89939eb66ac31787896d73af72499f208543 (0.00s)
    --- PASS: FuzzTxfetcher/9a5a6452a9464ae8d44b4a0f4adc163480ac4694 (0.00s)
    --- PASS: FuzzTxfetcher/9abfeea4d5ca2bd160fb5a5106c0a077cf171daa (0.00s)
    --- PASS: FuzzTxfetcher/9b860e3ca592721b7a76dfaeb2c2bfbabb68df07 (0.00s)
    --- PASS: FuzzTxfetcher/9cbec63d6bd573b8bad833de0c203f17ff8dc47a (0.00s)
    --- PASS: FuzzTxfetcher/9d02e17dcf95ff126f630a13abeeb8dbee3e27af (0.00s)
    --- PASS: FuzzTxfetcher/9d5f06a82757e7b341fadc13bb359ba639f83df7 (0.00s)
    --- PASS: FuzzTxfetcher/9d5f3f02b8dd448ca5f1ad38fb5e2832ad3c4072 (0.00s)
    --- PASS: FuzzTxfetcher/9d9b7b443151f83d90c00b7b1b2a22dcf82e726c (0.00s)
    --- PASS: FuzzTxfetcher/9e09b77e15866d563df57609e2db435fbb4fc0f8 (0.00s)
    --- PASS: FuzzTxfetcher/9e2ecff47cd45afdd2ba0905cf0ba1b7786cfd82 (0.00s)
    --- PASS: FuzzTxfetcher/9e749b0e5df79b4ce9e4b4e177e344044cec3467 (0.00s)
    --- PASS: FuzzTxfetcher/9ed719e604249ed9e73cda730163350300eb483c (0.00s)
    --- PASS: FuzzTxfetcher/9f170b15262877706f41c77c09cea701a1db0c6a (0.00s)
    --- PASS: FuzzTxfetcher/9f71f92226b817a7b96f524bb4bef12ea641e645 (0.00s)
    --- PASS: FuzzTxfetcher/9fad4634a9c5799536c05194e49057f48ce65b10 (0.00s)
    --- PASS: FuzzTxfetcher/a11920a5e9cb0c4683fbbf1c9293a64936debae9 (0.00s)
    --- PASS: FuzzTxfetcher/a128d81d67007d648ab86d54e5cbc92ff2dd4af8 (0.00s)
    --- PASS: FuzzTxfetcher/a13b5bf068d32ec9563f507ad050b5fbde073fd7 (0.00s)
    --- PASS: FuzzTxfetcher/a1f97b4d2f462bdb7796492b11e20b526f9246ac (0.00s)
    --- PASS: FuzzTxfetcher/a2892c4090fb31345247cd854ede0aec10ffc60e (0.00s)
    --- PASS: FuzzTxfetcher/a30512ff4ee6b977b899874c89a514bf223d24f5 (0.00s)
    --- PASS: FuzzTxfetcher/a3ff6066906edae8c5f079e836a478fc67fb9428 (0.00s)
    --- PASS: FuzzTxfetcher/a418c46545a06d8fc03b5e10f8214bbdecda1bb9 (0.00s)
    --- PASS: FuzzTxfetcher/a4267f3f0e91d43e8247aab5d7ba673b962d3b8c (0.00s)
    --- PASS: FuzzTxfetcher/a4d2c34e9fe3615484abc22aaba916f628417b87 (0.00s)
    --- PASS: FuzzTxfetcher/a4fd80441058e33607f1156dd35d965daedbe723 (0.00s)
    --- PASS: FuzzTxfetcher/a50002f610d4b3335d5c9c497aa38aa3329d56f2 (0.00s)
    --- PASS: FuzzTxfetcher/a5b03b20ceee6efd5a6639a0f57c9c6e0658de5e (0.00s)
    --- PASS: FuzzTxfetcher/a5ba473435571021778ac767a69aeadb90b90694 (0.00s)
    --- PASS: FuzzTxfetcher/a61a43cb8307ebb89b93da99448e1a5d07ad50f5 (0.00s)
    --- PASS: FuzzTxfetcher/a636ea0dfe0a661d00b0b00f2711aa894c39b0bf (0.00s)
    --- PASS: FuzzTxfetcher/a732240f667ca797a5d0510234ea31068161feab (0.00s)
    --- PASS: FuzzTxfetcher/a7aca0d8eaec7875114f8168c0de9c976ba89324 (0.00s)
    --- PASS: FuzzTxfetcher/a7aff6ff8905c11580ed18d8d9ab80181b5fe7eb (0.00s)
    --- PASS: FuzzTxfetcher/a88134c44807b6b0babd6342010ed6f5f6d07dd6 (0.00s)
    --- PASS: FuzzTxfetcher/a8e7145ecd42d538885fb30dfe55252297c14155 (0.00s)
    --- PASS: FuzzTxfetcher/a94d3df2e50e8809c8a59b57fb799f5028ae3213 (0.00s)
    --- PASS: FuzzTxfetcher/a9a78bc21b5ba00be523453c8772fe0fab7bfad3 (0.00s)
    --- PASS: FuzzTxfetcher/aa9c6e6e899360c1a4cbbb8043cc2f9b684901a9 (0.00s)
    --- PASS: FuzzTxfetcher/ab7d48c5667b8f0ed6e23f7ea05eed97b3f22fd2 (0.00s)
    --- PASS: FuzzTxfetcher/ab809ab8ea6d39731b04732a759834889beb61e6 (0.00s)
    --- PASS: FuzzTxfetcher/ac3e8705e3ef9671db7ef7a1f3b3e1da884d5dea (0.00s)
    --- PASS: FuzzTxfetcher/ac437165cff9f6730af0e0d42c0ea4d722a72c19 (0.00s)
    --- PASS: FuzzTxfetcher/ac6042e16a97f2a4ccc764a219406c1ab8baac84 (0.00s)
    --- PASS: FuzzTxfetcher/ac666884803f0803be03b9095248cf4be44f08af (0.00s)
    --- PASS: FuzzTxfetcher/ac855988137fc49ea35ef3b0b38e31998797670c (0.00s)
    --- PASS: FuzzTxfetcher/accf27bb71e6611e1f769569c34068fc82f4916c (0.00s)
    --- PASS: FuzzTxfetcher/ad2b9775618dd9611fc73722498ce65d7d09107d (0.00s)
    --- PASS: FuzzTxfetcher/ada289c67dbb9039f37f4ab825f46b8c1eedf245 (0.00s)
    --- PASS: FuzzTxfetcher/adc83b19e793491b1c6ea0fd8b46cd9f32e592fc (0.00s)
    --- PASS: FuzzTxfetcher/ae092a1cbf9b644264fc4d8a5e95d54517f9687c (0.00s)
    --- PASS: FuzzTxfetcher/ae0e40fb9fb893564f61759d2a119ce5ca36e13c (0.00s)
    --- PASS: FuzzTxfetcher/ae3eaa1ed06307c15197937dce64ba7f3d02d687 (0.00s)
    --- PASS: FuzzTxfetcher/af2640085ae74519839daa59d123c2090f54348e (0.00s)
    --- PASS: FuzzTxfetcher/af5d05f9d10a04c3821a8f521d51c5054894584e (0.00s)
    --- PASS: FuzzTxfetcher/b0a16467170616031d4d6204ac45f37dc3fc13ec (0.00s)
    --- PASS: FuzzTxfetcher/b0e95c87dc3e5943e51300ddee936a4518b9831c (0.00s)
    --- PASS: FuzzTxfetcher/b1058681fc91e70192275b435ff8e287b8c51529 (0.00s)
    --- PASS: FuzzTxfetcher/b16d07556b3a015dd899a35d331e57638a25451c (0.00s)
    --- PASS: FuzzTxfetcher/b1a7db52609d78bb68d5eb91865707dfde6912fb (0.00s)
    --- PASS: FuzzTxfetcher/b1be5091f65b61d250bd5e59fc405eb0b59b3197 (0.00s)
    --- PASS: FuzzTxfetcher/b21a3fde9d2939812843f20a8cb5f8d08cd992e8 (0.00s)
    --- PASS: FuzzTxfetcher/b274c334118c81ec50b217d7d2bb9b804221bf21 (0.00s)
    --- PASS: FuzzTxfetcher/b2955dff2346ca879e68ef314f2a8868e88b4e87 (0.00s)
    --- PASS: FuzzTxfetcher/b2f3f3918ac45152c2e1b2eb2445b21bf1b3b7f7 (0.00s)
    --- PASS: FuzzTxfetcher/b33fd2e42878bc06a9b450f8eeef958021dccca9 (0.00s)
    --- PASS: FuzzTxfetcher/b37c476f47d2426ac9cf186954a4099c98a40b9c (0.00s)
    --- PASS: FuzzTxfetcher/b41672e1ecd7a94550e5c1ae8457560c252554ea (0.00s)
    --- PASS: FuzzTxfetcher/b49a8ae3c4e62c9d274aece25bb9a7542679dd26 (0.00s)
    --- PASS: FuzzTxfetcher/b52f4784d419bb9d259b8f164bb3801bbb7e562a (0.00s)
    --- PASS: FuzzTxfetcher/b54faebb6b5fc820ac9fc213814aa43152e3ad0a (0.00s)
    --- PASS: FuzzTxfetcher/b5a0314c7ebfa1982a3e01e20cf38f5a0a69da83 (0.00s)
    --- PASS: FuzzTxfetcher/b744edaab5a7d21fab259d4b049aae2924413a36 (0.00s)
    --- PASS: FuzzTxfetcher/b78ad8f3da1caecfbea213cd7f50765ad090635e (0.00s)
    --- PASS: FuzzTxfetcher/b7d23e9a29cc5bec99b2dbb124f0cb7acec244bf (0.00s)
    --- PASS: FuzzTxfetcher/b85de140d29dc121903f14fdf120d908cd5561c8 (0.00s)
    --- PASS: FuzzTxfetcher/b8a20f9e3e374cb13cbf0d4d9af61c46f3a561b3 (0.00s)
    --- PASS: FuzzTxfetcher/b9110e90153dac52b02d801885e70d3d26502d2f (0.00s)
    --- PASS: FuzzTxfetcher/b92e0f966a581eb4cb2a95e9810d7180294d8b06 (0.00s)
    --- PASS: FuzzTxfetcher/b94dd85792f4cbd87613172bd36080102436c7f7 (0.00s)
    --- PASS: FuzzTxfetcher/b97d0b18421f79a060c1b960ae5ebf937aa84a5c (0.00s)
    --- PASS: FuzzTxfetcher/b9c2e5bf8acb92e44602f401c239de6a9264bff5 (0.00s)
    --- PASS: FuzzTxfetcher/b9fb092a1fce7937e984f7cead4706c3f370cf79 (0.00s)
    --- PASS: FuzzTxfetcher/ba1acbab1893fb3b5e1297d8313a94982c6f95ea (0.00s)
    --- PASS: FuzzTxfetcher/ba501112f82c33f3edf98b1589632c548cc57890 (0.00s)
    --- PASS: FuzzTxfetcher/bb589d0621e5472f470fa3425a234c74b1e202e8 (0.00s)
    --- PASS: FuzzTxfetcher/bd6a678164b905af09694187bfe386a06c83ea4a (0.00s)
    --- PASS: FuzzTxfetcher/bdb0f86a10266e28ebd254e4dc0a8080fc23b277 (0.00s)
    --- PASS: FuzzTxfetcher/be02cb6f74f6c56683a5d086229393925c31511d (0.00s)
    --- PASS: FuzzTxfetcher/bea8c6075fba2f6753f8dcedc0d42eea5b01a0c5 (0.00s)
    --- PASS: FuzzTxfetcher/bf48709b5cf0311fe6a8efe152dcac77f3a26983 (0.00s)
    --- PASS: FuzzTxfetcher/bfd9f24beadefd121ee078851c35f8f717e02c45 (0.00s)
    --- PASS: FuzzTxfetcher/c08cb0c67dd183c07a19a9aec3ed13f8f57ce470 (0.00s)
    --- PASS: FuzzTxfetcher/c0b8a1445a82229fdafbd47bd78f43551d50e1ed (0.00s)
    --- PASS: FuzzTxfetcher/c108501537ac3d7482fdd0437371d7232cf1d1d2 (0.00s)
    --- PASS: FuzzTxfetcher/c1410e430c42ff862f078da1da0f326c1460fbaa (0.00s)
    --- PASS: FuzzTxfetcher/c442b5bf6c51e67af6e09447e21190dfd8ee2a5e (0.00s)
    --- PASS: FuzzTxfetcher/c4b72b739bb47060ef45c6a6166b6c22236eec13 (0.00s)
    --- PASS: FuzzTxfetcher/c4b8e7421358fd3778ed843095d8dd4cce0ca70d (0.00s)
    --- PASS: FuzzTxfetcher/c517994973fdd09c902e9c739ca024dd8580e3af (0.00s)
    --- PASS: FuzzTxfetcher/c597b3927c9c939ae56c563cc05588616e29c147 (0.00s)
    --- PASS: FuzzTxfetcher/c6478e939068998d4004748e46bfcc6ead2e35ba (0.00s)
    --- PASS: FuzzTxfetcher/c684c45f5618e0c1d24a7ec02396c2a00809a90a (0.00s)
    --- PASS: FuzzTxfetcher/c72e8ee82889bce407d65976c504fecd169a9a1b (0.00s)
    --- PASS: FuzzTxfetcher/c7496014c0953930b77b4b918505e6bf21941495 (0.00s)
    --- PASS: FuzzTxfetcher/c7d508cb2d942e8006cdc6db6a617c6b1cf41b61 (0.00s)
    --- PASS: FuzzTxfetcher/c8e09f0a9306375f1ea39b9771ac876e2bc542fa (0.00s)
    --- PASS: FuzzTxfetcher/c925b8aeec269356a229f616c4e8802e8d523bf7 (0.00s)
    --- PASS: FuzzTxfetcher/c9b23c5c5537fb9c3e9692fc994e3c4696407342 (0.00s)
    --- PASS: FuzzTxfetcher/c9e8907f211f1588f7e7f186b397dd0d4377d4e8 (0.00s)
    --- PASS: FuzzTxfetcher/ca30dae02638b77ce87aaaed8666299a4de146b2 (0.00s)
    --- PASS: FuzzTxfetcher/ca7fa26e6fcb0e9b8377567fd647b0ddd2e29d61 (0.00s)
    --- PASS: FuzzTxfetcher/caf3a0c15a831c51d8f16eb78a1f4aeb979a7a4c (0.00s)
    --- PASS: FuzzTxfetcher/cc89b8fe701da7f97215fe77653a264fcb2eceeb (0.00s)
    --- PASS: FuzzTxfetcher/cc8f4193603a3158d39c5582a389929dc464c47f (0.00s)
    --- PASS: FuzzTxfetcher/ccf5f812fc86fa8618ced676121430ed30221022 (0.00s)
    --- PASS: FuzzTxfetcher/cd32019e9fe2b299871decee6ef600f76671e608 (0.00s)
    --- PASS: FuzzTxfetcher/cdfe52d9e158ae936cd9790a9892a95fdab4b0db (0.00s)
    --- PASS: FuzzTxfetcher/ce3939c92fc3674ce8b7221d6c6364d817deba87 (0.00s)
    --- PASS: FuzzTxfetcher/cf14ded6dc3907de80f3685085e79c9b055902a3 (0.00s)
    --- PASS: FuzzTxfetcher/d0315eea7eb4a7c9d7397496f032387a02033f62 (0.00s)
    --- PASS: FuzzTxfetcher/d06779ce2ad42a507fbd88e5ea4f2e3dffc4d9be (0.00s)
    --- PASS: FuzzTxfetcher/d06d222b62596e1c846362239e29450589dfd63a (0.00s)
    --- PASS: FuzzTxfetcher/d072696bd3de3066d2788950a33ccbda0d7871ef (0.00s)
    --- PASS: FuzzTxfetcher/d07530217b3cbac1b7cac94e2051e4a6b72f532d (0.00s)
    --- PASS: FuzzTxfetcher/d081502367ee13882cd07c0116b821e6e1d689e0 (0.00s)
    --- PASS: FuzzTxfetcher/d0ea83a8696576bae7e5280de13936c623c10b27 (0.00s)
    --- PASS: FuzzTxfetcher/d127c25a161d1262540484caa94f3c942c31fa8a (0.00s)
    --- PASS: FuzzTxfetcher/d137046a8bd48fd37aca0b4626fb80b26f2cf253 (0.00s)
    --- PASS: FuzzTxfetcher/d137b83fa5820b96cb7b0592b0ec85d87e770976 (0.00s)
    --- PASS: FuzzTxfetcher/d156a485058273bcd3c070db8c716dc496baf57c (0.00s)
    --- PASS: FuzzTxfetcher/d1d71303d78b7da4b4ced2b81eb2b00c74b84c62 (0.00s)
    --- PASS: FuzzTxfetcher/d257ba0bc2baeb158b7200571bf9b322b8f3d975 (0.00s)
    --- PASS: FuzzTxfetcher/d342c7992046ee09ae495e9ebd70cd1f38eaadec (0.00s)
    --- PASS: FuzzTxfetcher/d3528c35b7016486bbf80e4aae1d65d947476aa9 (0.00s)
    --- PASS: FuzzTxfetcher/d35afb2591c590b7f5404ec74557ac4f532ca0a3 (0.00s)
    --- PASS: FuzzTxfetcher/d490682442476cb20ed2a26dd78df8d987be6cce (0.00s)
    --- PASS: FuzzTxfetcher/d5665b7e89dd1e5382e25da7e1676c45e1ff08c5 (0.00s)
    --- PASS: FuzzTxfetcher/d5bdbe68abceb228319ab60e43d4a1a7029f4652 (0.00s)
    --- PASS: FuzzTxfetcher/d5c12dcbd9170b9e68be04c5b6deaa37a9f4fe2b (0.00s)
    --- PASS: FuzzTxfetcher/d5d0b00b374a935cf55b86415c2547d30573c4e0 (0.00s)
    --- PASS: FuzzTxfetcher/d643c4c437e8ae63f4e73f026c7add6e491d25d7 (0.00s)
    --- PASS: FuzzTxfetcher/d6ba8cdf6686c3da8c8d1dd25da3a7f56bb9c70e (0.00s)
    --- PASS: FuzzTxfetcher/d6ce339d3c1b99dc9a067018446d149d5c820bbb (0.00s)
    --- PASS: FuzzTxfetcher/d71f1fa220f167bbeb70ea55ccb205460d95d44d (0.00s)
    --- PASS: FuzzTxfetcher/d7989fae8d491ebe7d2f5e1ffd56d804a42305c3 (0.00s)
    --- PASS: FuzzTxfetcher/d818753d77284408f7e58e04abebf8fb3054dba8 (0.00s)
    --- PASS: FuzzTxfetcher/d8d05de1bc496aefea7ad5eae75a80db088b3233 (0.00s)
    --- PASS: FuzzTxfetcher/d8eccc72cbad88a684ae8d8ba002bb034a360bce (0.00s)
    --- PASS: FuzzTxfetcher/da9cee7f3ae7be331c43284b306c0a179d6e24d8 (0.00s)
    --- PASS: FuzzTxfetcher/db2313e08f0f0e08b0bcba7f1763ea207e402599 (0.00s)
    --- PASS: FuzzTxfetcher/dbba8295811a57297266673220fcf77a1045adea (0.00s)
    --- PASS: FuzzTxfetcher/dbd6cf4e3c92f94769eaa8e42890e7cb658503fe (0.00s)
    --- PASS: FuzzTxfetcher/dbed6b3a0e6c3ff78ab517142e98b8e9ba0376c1 (0.00s)
    --- PASS: FuzzTxfetcher/dc619cdbbb73d5bf8fd6c30d3335ade5026ad3ea (0.00s)
    --- PASS: FuzzTxfetcher/dc6d3fde7e9f8437d6eb1c6b00e09c3446887f54 (0.00s)
    --- PASS: FuzzTxfetcher/dccba18038bb90813d349c56a2c876614e9e4bcb (0.00s)
    --- PASS: FuzzTxfetcher/de12d9e5b012e39d8e369a3eb0a93ef01f21a91a (0.00s)
    --- PASS: FuzzTxfetcher/de6728cb36a816aa56c54eacd9501450b0e158ba (0.00s)
    --- PASS: FuzzTxfetcher/de6b38c5758f77220af80c2687d66737e55aa0c6 (0.00s)
    --- PASS: FuzzTxfetcher/df0fcb717b598af8a8f40ca96694641a5c3f023b (0.00s)
    --- PASS: FuzzTxfetcher/df5d154813f7f38211ee3f679628b7d638a8a818 (0.00s)
    --- PASS: FuzzTxfetcher/dff0baddbd12d4927b9fe8b1edb81c77d8a1a190 (0.00s)
    --- PASS: FuzzTxfetcher/e00b9141d44df0a82cd4fd2081edaed388851616 (0.00s)
    --- PASS: FuzzTxfetcher/e0c1bd69cdd514fea3173e0dd5af0a2821d44091 (0.00s)
    --- PASS: FuzzTxfetcher/e14da1ac84aa80a21512691c0a50413b651f3527 (0.00s)
    --- PASS: FuzzTxfetcher/e19621c077028e76a626886bf5250b96dbfed2d3 (0.00s)
    --- PASS: FuzzTxfetcher/e2283d894610f6b263a4b57b2aee5434fcece3d2 (0.00s)
    --- PASS: FuzzTxfetcher/e25e50cc61e668f9fa40f4aadd7d05c9346025e4 (0.00s)
    --- PASS: FuzzTxfetcher/e28765bfe29e454e1b43bb8f6fb1542ea70ed0a6 (0.00s)
    --- PASS: FuzzTxfetcher/e4083e48e25b9a2054f12eb54abd579d15d5a200 (0.00s)
    --- PASS: FuzzTxfetcher/e454f98f1e41488b000c11fd9cc99ef70676074a (0.00s)
    --- PASS: FuzzTxfetcher/e477428e2a141aac79d4c5530d6df61d11f3fa17 (0.00s)
    --- PASS: FuzzTxfetcher/e48cbc25aa8be9bd07a48121696d3c5137bfacb6 (0.00s)
    --- PASS: FuzzTxfetcher/e4d02bae62dd6b2bd02e14004ec7b0849db7a511 (0.00s)
    --- PASS: FuzzTxfetcher/e4d10703c09a00580c6d829222e8cb83132efdfc (0.00s)
    --- PASS: FuzzTxfetcher/e5031efb1087b4f551256019ede35ad6f4f2616f (0.00s)
    --- PASS: FuzzTxfetcher/e527a2a88ac3ebb8cade2ce8a210452b45cca4f0 (0.00s)
    --- PASS: FuzzTxfetcher/e565137658ce7c7a7d55a2a002c5e331c4ec2ab9 (0.00s)
    --- PASS: FuzzTxfetcher/e5a345f4a8389241851a734e09c22c39833f12dc (0.00s)
    --- PASS: FuzzTxfetcher/e5dddd8958c8734b3904c652c0a59bbc7682875f (0.00s)
    --- PASS: FuzzTxfetcher/e6d9e40cf7cb95e54d2ab3c4394f094be4c8ad53 (0.00s)
    --- PASS: FuzzTxfetcher/e6e4e5f5c5dd211f61eaa7a2a4709d0838914b7a (0.00s)
    --- PASS: FuzzTxfetcher/e737918a7d7463b7a12235e4d721c4c42035e099 (0.00s)
    --- PASS: FuzzTxfetcher/e75a84eba8d3bb82d8754beb8f589bed8495c43a (0.00s)
    --- PASS: FuzzTxfetcher/e7c16573d9b313ef5c573d736ca8692da78b923b (0.00s)
    --- PASS: FuzzTxfetcher/e850520abb92452b9571a7bc7e95c4a5446f75bd (0.00s)
    --- PASS: FuzzTxfetcher/e8f279ee7e5911ca8f6324b510d92e17dbf3ee01 (0.00s)
    --- PASS: FuzzTxfetcher/e919bf9285d1e8d581df0d4ca6a5660a6d7e0bb9 (0.00s)
    --- PASS: FuzzTxfetcher/e952297e0863cabd21b8ed45c793316ad3e556bd (0.00s)
    --- PASS: FuzzTxfetcher/e9a15c6621c736026fd5cab21d210a807cedca75 (0.00s)
    --- PASS: FuzzTxfetcher/e9a4d68f05d5aeb246725b58619df6dd8f563896 (0.00s)
    --- PASS: FuzzTxfetcher/eaa7fa19d46f34d88557336ddda7c4b43bb0faa0 (0.00s)
    --- PASS: FuzzTxfetcher/eb6d54b548e2c78a902439bd5ee0b2b59276211d (0.00s)
    --- PASS: FuzzTxfetcher/ebe2377c5775217b4e1e0434eab8f847e704090c (0.00s)
    --- PASS: FuzzTxfetcher/ed11c7a05dc4755e715efc5cbfa5bb8c61969622 (0.00s)
    --- PASS: FuzzTxfetcher/ed212061c7f4cccb796280eb622a1d227c5e0cd8 (0.00s)
    --- PASS: FuzzTxfetcher/ed7b99eecc485e01c14fae9fc857e36d21c373ee (0.00s)
    --- PASS: FuzzTxfetcher/edd2aa859e4eeaae8428a11747d723f9e7a39fc2 (0.00s)
    --- PASS: FuzzTxfetcher/ee3128c74bc4aaafbaff93e6ed047755d749e9f5 (0.00s)
    --- PASS: FuzzTxfetcher/ee89d3dab6fcf20d1c4daf8c9e0a0e5887b850fa (0.00s)
    --- PASS: FuzzTxfetcher/eec552c062d7b7d9efad72085d9b3c5039cea17d (0.00s)
    --- PASS: FuzzTxfetcher/ef09e6f65ef139432213fc477618c8faf73ae12c (0.00s)
    --- PASS: FuzzTxfetcher/ef9248c22b538fdacef2ac9abac6be6ba47b41a0 (0.00s)
    --- PASS: FuzzTxfetcher/efac8c13a39aef2a52d03451d2851e7bc36a2fe0 (0.00s)
    --- PASS: FuzzTxfetcher/f021868b851ebe9346e4b3a6d5ec4be96ba583a6 (0.00s)
    --- PASS: FuzzTxfetcher/f03fff03d6668faf67d8f20fda1d60eab10f8659 (0.00s)
    --- PASS: FuzzTxfetcher/f1fbd6e90e4a36a1054fd053643fb381fe1fe7f4 (0.00s)
    --- PASS: FuzzTxfetcher/f2788921db0ea58b89f6397a1fd3c6ead84aef2a (0.00s)
    --- PASS: FuzzTxfetcher/f27f55e12b3d4d53ddc8ccfeccb075dd7df2d7f1 (0.00s)
    --- PASS: FuzzTxfetcher/f2d1a037ad578cf2871abd98ea9778b22e22cff8 (0.00s)
    --- PASS: FuzzTxfetcher/f409c612aef3689a20a36f01da3d91dd0e0b5988 (0.00s)
    --- PASS: FuzzTxfetcher/f49dcf1670ba5216a226f9b3b631b8058087d2e8 (0.00s)
    --- PASS: FuzzTxfetcher/f51fa272a03ce863b408c4cc822258d9613d83fb (0.00s)
    --- PASS: FuzzTxfetcher/f5292de43bf9770c442a97fd64c3f335ea1b1b9f (0.00s)
    --- PASS: FuzzTxfetcher/f5f30da660b220ce1643ce62679079b432ec0915 (0.00s)
    --- PASS: FuzzTxfetcher/f6850ca3203e182484d3a3281125da97fb0b6a6e (0.00s)
    --- PASS: FuzzTxfetcher/f686a8beab582c63c97184238b4b2940df690743 (0.00s)
    --- PASS: FuzzTxfetcher/f68d26fd62e2ffec81c589ba7b151aba4f8b75f8 (0.00s)
    --- PASS: FuzzTxfetcher/f6c6c9ac691f789b6601505ce0936b06773dcd77 (0.00s)
    --- PASS: FuzzTxfetcher/f6f689e49d6276cbe1028284a529a568f322a699 (0.00s)
    --- PASS: FuzzTxfetcher/f7042285012b3cc82739beea89387d321b008ccc (0.00s)
    --- PASS: FuzzTxfetcher/f7e47e799ff04e296768de846b34b4c772dd207f (0.00s)
    --- PASS: FuzzTxfetcher/f965633a1d46609758b25fa616dd28a0f1068e10 (0.00s)
    --- PASS: FuzzTxfetcher/f97b01de7199da2b7af9048845afaaaa253a4dcb (0.00s)
    --- PASS: FuzzTxfetcher/fa0a8026686be1c879ba8076e629ba463a50aee1 (0.00s)
    --- PASS: FuzzTxfetcher/fa3246434b227a4c1a4e2a81d1f60bbd4d316170 (0.00s)
    --- PASS: FuzzTxfetcher/fb05e6e23c08f55eef11b871cdb0c0f0655b1f0e (0.00s)
    --- PASS: FuzzTxfetcher/fb59274d72f67f8710b93e148042f6bf0c782abf (0.00s)
    --- PASS: FuzzTxfetcher/fb8378b294f868ab0f82872ba66f878b65f05ce0 (0.00s)
    --- PASS: FuzzTxfetcher/fbf938489f82914083b8007dba2bd02119be2f70 (0.00s)
    --- PASS: FuzzTxfetcher/fc2645256c011c99917d6f0f64998fb4d87cad27 (0.00s)
    --- PASS: FuzzTxfetcher/fc74d9ab921b293ab4a86c209e72fb8cfc8d357b (0.00s)
    --- PASS: FuzzTxfetcher/fca8a096b41a64f73314035696e1b0743ac4410e (0.00s)
    --- PASS: FuzzTxfetcher/fd8e31a68a044dc6e6e2cc39dc65d7e8f74a368e (0.00s)
    --- PASS: FuzzTxfetcher/fdf741ec9be9bf75a1d51833188ec0a432888db2 (0.00s)
    --- PASS: FuzzTxfetcher/fe79e18b088165270c5b67d143ce52c51189e0d2 (0.00s)
    --- PASS: FuzzTxfetcher/ff03d7f801c1b94ba32904ea29eb7b0eb6bd805a (0.00s)
    --- PASS: FuzzTxfetcher/ffc4e3ce00e3c0dae573970fdddfcaca399c6807 (0.00s)
    --- PASS: FuzzTxfetcher/ffd748bd1d1455f038a0b13077a1837eba5c5ac4 (0.00s)
    --- PASS: FuzzTxfetcher/fff9bd575875e45ebcf8d255e1287bb62e4768cf (0.00s)
PASS
coverage: 89.8% of statements
ok  	github.com/morph-l2/go-ethereum/tests/fuzzers/txfetcher	0.210s	coverage: 89.8% of statements
