mode: set
github.com/morph-l2/go-ethereum/tests/fuzzers/vflux/debug/main.go:28.13,31.23 2 0
github.com/morph-l2/go-ethereum/tests/fuzzers/vflux/debug/main.go:31.23,36.3 4 0
github.com/morph-l2/go-ethereum/tests/fuzzers/vflux/debug/main.go:37.2,39.16 3 0
github.com/morph-l2/go-ethereum/tests/fuzzers/vflux/debug/main.go:39.16,42.3 2 0
github.com/morph-l2/go-ethereum/tests/fuzzers/vflux/debug/main.go:43.2,43.28 1 0
github.com/morph-l2/go-ethereum/tests/fuzzers/vflux/clientpool-fuzzer.go:39.51,40.17 1 1
github.com/morph-l2/go-ethereum/tests/fuzzers/vflux/clientpool-fuzzer.go:40.17,42.4 1 1
github.com/morph-l2/go-ethereum/tests/fuzzers/vflux/clientpool-fuzzer.go:43.3,43.24 1 0
github.com/morph-l2/go-ethereum/tests/fuzzers/vflux/clientpool-fuzzer.go:66.41,68.2 1 1
github.com/morph-l2/go-ethereum/tests/fuzzers/vflux/clientpool-fuzzer.go:70.44,72.2 1 1
github.com/morph-l2/go-ethereum/tests/fuzzers/vflux/clientpool-fuzzer.go:74.56,76.2 1 1
github.com/morph-l2/go-ethereum/tests/fuzzers/vflux/clientpool-fuzzer.go:78.68,81.21 3 1
github.com/morph-l2/go-ethereum/tests/fuzzers/vflux/clientpool-fuzzer.go:81.21,83.3 1 1
github.com/morph-l2/go-ethereum/tests/fuzzers/vflux/clientpool-fuzzer.go:84.2,86.21 3 1
github.com/morph-l2/go-ethereum/tests/fuzzers/vflux/clientpool-fuzzer.go:86.21,88.3 1 1
github.com/morph-l2/go-ethereum/tests/fuzzers/vflux/clientpool-fuzzer.go:89.2,89.161 1 1
github.com/morph-l2/go-ethereum/tests/fuzzers/vflux/clientpool-fuzzer.go:92.35,96.21 4 1
github.com/morph-l2/go-ethereum/tests/fuzzers/vflux/clientpool-fuzzer.go:96.21,98.3 1 1
github.com/morph-l2/go-ethereum/tests/fuzzers/vflux/clientpool-fuzzer.go:99.2,101.117 3 1
github.com/morph-l2/go-ethereum/tests/fuzzers/vflux/clientpool-fuzzer.go:104.38,108.25 2 1
github.com/morph-l2/go-ethereum/tests/fuzzers/vflux/clientpool-fuzzer.go:108.25,115.3 1 1
github.com/morph-l2/go-ethereum/tests/fuzzers/vflux/clientpool-fuzzer.go:116.2,116.10 1 1
github.com/morph-l2/go-ethereum/tests/fuzzers/vflux/clientpool-fuzzer.go:119.40,121.45 2 1
github.com/morph-l2/go-ethereum/tests/fuzzers/vflux/clientpool-fuzzer.go:121.45,123.3 1 1
github.com/morph-l2/go-ethereum/tests/fuzzers/vflux/clientpool-fuzzer.go:124.2,124.12 1 1
github.com/morph-l2/go-ethereum/tests/fuzzers/vflux/clientpool-fuzzer.go:127.36,130.2 2 1
github.com/morph-l2/go-ethereum/tests/fuzzers/vflux/clientpool-fuzzer.go:132.36,135.2 2 1
github.com/morph-l2/go-ethereum/tests/fuzzers/vflux/clientpool-fuzzer.go:137.41,138.14 1 1
github.com/morph-l2/go-ethereum/tests/fuzzers/vflux/clientpool-fuzzer.go:138.14,140.3 1 0
github.com/morph-l2/go-ethereum/tests/fuzzers/vflux/clientpool-fuzzer.go:141.2,141.16 1 1
github.com/morph-l2/go-ethereum/tests/fuzzers/vflux/clientpool-fuzzer.go:141.16,143.3 1 1
github.com/morph-l2/go-ethereum/tests/fuzzers/vflux/clientpool-fuzzer.go:144.2,145.70 2 1
github.com/morph-l2/go-ethereum/tests/fuzzers/vflux/clientpool-fuzzer.go:145.70,147.3 1 1
github.com/morph-l2/go-ethereum/tests/fuzzers/vflux/clientpool-fuzzer.go:148.2,148.29 1 1
github.com/morph-l2/go-ethereum/tests/fuzzers/vflux/clientpool-fuzzer.go:151.55,155.26 3 1
github.com/morph-l2/go-ethereum/tests/fuzzers/vflux/clientpool-fuzzer.go:155.26,156.25 1 1
github.com/morph-l2/go-ethereum/tests/fuzzers/vflux/clientpool-fuzzer.go:156.25,158.4 1 1
github.com/morph-l2/go-ethereum/tests/fuzzers/vflux/clientpool-fuzzer.go:159.3,159.23 1 1
github.com/morph-l2/go-ethereum/tests/fuzzers/vflux/clientpool-fuzzer.go:161.2,161.24 1 1
github.com/morph-l2/go-ethereum/tests/fuzzers/vflux/clientpool-fuzzer.go:161.24,163.3 1 1
github.com/morph-l2/go-ethereum/tests/fuzzers/vflux/clientpool-fuzzer.go:164.2,164.22 1 1
github.com/morph-l2/go-ethereum/tests/fuzzers/vflux/clientpool-fuzzer.go:167.46,169.17 2 1
github.com/morph-l2/go-ethereum/tests/fuzzers/vflux/clientpool-fuzzer.go:169.17,171.3 1 1
github.com/morph-l2/go-ethereum/tests/fuzzers/vflux/clientpool-fuzzer.go:172.2,172.10 1 1
github.com/morph-l2/go-ethereum/tests/fuzzers/vflux/clientpool-fuzzer.go:175.51,181.2 1 1
github.com/morph-l2/go-ethereum/tests/fuzzers/vflux/clientpool-fuzzer.go:183.80,184.24 1 1
github.com/morph-l2/go-ethereum/tests/fuzzers/vflux/clientpool-fuzzer.go:185.9,188.56 3 1
github.com/morph-l2/go-ethereum/tests/fuzzers/vflux/clientpool-fuzzer.go:189.9,192.64 3 1
github.com/morph-l2/go-ethereum/tests/fuzzers/vflux/clientpool-fuzzer.go:193.9,196.28 3 1
github.com/morph-l2/go-ethereum/tests/fuzzers/vflux/clientpool-fuzzer.go:200.82,201.24 1 1
github.com/morph-l2/go-ethereum/tests/fuzzers/vflux/clientpool-fuzzer.go:202.9,205.51 3 1
github.com/morph-l2/go-ethereum/tests/fuzzers/vflux/clientpool-fuzzer.go:206.9,209.57 3 1
github.com/morph-l2/go-ethereum/tests/fuzzers/vflux/clientpool-fuzzer.go:210.9,213.28 3 1
github.com/morph-l2/go-ethereum/tests/fuzzers/vflux/clientpool-fuzzer.go:217.39,218.24 1 1
github.com/morph-l2/go-ethereum/tests/fuzzers/vflux/clientpool-fuzzer.go:218.24,220.3 1 0
github.com/morph-l2/go-ethereum/tests/fuzzers/vflux/clientpool-fuzzer.go:221.2,222.17 2 1
github.com/morph-l2/go-ethereum/tests/fuzzers/vflux/clientpool-fuzzer.go:222.17,224.3 1 1
github.com/morph-l2/go-ethereum/tests/fuzzers/vflux/clientpool-fuzzer.go:225.2,227.72 3 1
github.com/morph-l2/go-ethereum/tests/fuzzers/vflux/clientpool-fuzzer.go:227.72,227.87 1 1
github.com/morph-l2/go-ethereum/tests/fuzzers/vflux/clientpool-fuzzer.go:228.2,232.35 4 1
github.com/morph-l2/go-ethereum/tests/fuzzers/vflux/clientpool-fuzzer.go:232.35,234.26 2 1
github.com/morph-l2/go-ethereum/tests/fuzzers/vflux/clientpool-fuzzer.go:235.10,238.54 3 1
github.com/morph-l2/go-ethereum/tests/fuzzers/vflux/clientpool-fuzzer.go:239.10,242.56 3 1
github.com/morph-l2/go-ethereum/tests/fuzzers/vflux/clientpool-fuzzer.go:243.10,250.104 6 1
github.com/morph-l2/go-ethereum/tests/fuzzers/vflux/clientpool-fuzzer.go:251.10,254.46 3 1
github.com/morph-l2/go-ethereum/tests/fuzzers/vflux/clientpool-fuzzer.go:255.10,258.56 3 1
github.com/morph-l2/go-ethereum/tests/fuzzers/vflux/clientpool-fuzzer.go:259.10,262.61 3 1
github.com/morph-l2/go-ethereum/tests/fuzzers/vflux/clientpool-fuzzer.go:263.10,270.111 2 1
github.com/morph-l2/go-ethereum/tests/fuzzers/vflux/clientpool-fuzzer.go:270.111,271.15 1 0
github.com/morph-l2/go-ethereum/tests/fuzzers/vflux/clientpool-fuzzer.go:273.4,273.113 1 1
github.com/morph-l2/go-ethereum/tests/fuzzers/vflux/clientpool-fuzzer.go:274.10,276.57 2 1
github.com/morph-l2/go-ethereum/tests/fuzzers/vflux/clientpool-fuzzer.go:276.57,278.5 1 1
github.com/morph-l2/go-ethereum/tests/fuzzers/vflux/clientpool-fuzzer.go:279.10,281.115 2 1
github.com/morph-l2/go-ethereum/tests/fuzzers/vflux/clientpool-fuzzer.go:281.115,283.32 2 1
github.com/morph-l2/go-ethereum/tests/fuzzers/vflux/clientpool-fuzzer.go:283.32,285.6 1 1
github.com/morph-l2/go-ethereum/tests/fuzzers/vflux/clientpool-fuzzer.go:287.10,292.113 5 1
github.com/morph-l2/go-ethereum/tests/fuzzers/vflux/clientpool-fuzzer.go:293.11,298.33 2 1
github.com/morph-l2/go-ethereum/tests/fuzzers/vflux/clientpool-fuzzer.go:298.33,300.19 2 1
github.com/morph-l2/go-ethereum/tests/fuzzers/vflux/clientpool-fuzzer.go:300.19,302.6 1 1
github.com/morph-l2/go-ethereum/tests/fuzzers/vflux/clientpool-fuzzer.go:303.5,303.25 1 1
github.com/morph-l2/go-ethereum/tests/fuzzers/vflux/clientpool-fuzzer.go:305.4,306.18 2 1
github.com/morph-l2/go-ethereum/tests/fuzzers/vflux/clientpool-fuzzer.go:306.18,307.15 1 0
github.com/morph-l2/go-ethereum/tests/fuzzers/vflux/clientpool-fuzzer.go:309.4,310.23 2 1
github.com/morph-l2/go-ethereum/tests/fuzzers/vflux/clientpool-fuzzer.go:310.23,312.5 1 1
github.com/morph-l2/go-ethereum/tests/fuzzers/vflux/clientpool-fuzzer.go:313.4,313.115 1 1
github.com/morph-l2/go-ethereum/tests/fuzzers/vflux/clientpool-fuzzer.go:316.3,316.41 1 1
github.com/morph-l2/go-ethereum/tests/fuzzers/vflux/clientpool-fuzzer.go:316.41,319.4 2 1
github.com/morph-l2/go-ethereum/tests/fuzzers/vflux/clientpool-fuzzer.go:320.3,321.34 2 1
github.com/morph-l2/go-ethereum/tests/fuzzers/vflux/clientpool-fuzzer.go:321.34,323.4 1 1
github.com/morph-l2/go-ethereum/tests/fuzzers/vflux/clientpool-fuzzer.go:324.3,327.63 4 1
github.com/morph-l2/go-ethereum/tests/fuzzers/vflux/clientpool-fuzzer.go:327.63,328.14 1 0
github.com/morph-l2/go-ethereum/tests/fuzzers/vflux/clientpool-fuzzer.go:330.3,330.59 1 1
github.com/morph-l2/go-ethereum/tests/fuzzers/vflux/clientpool-fuzzer.go:330.59,331.14 1 0
github.com/morph-l2/go-ethereum/tests/fuzzers/vflux/clientpool-fuzzer.go:334.2,334.10 1 1
