go: downloading github.com/ethereum/go-ethereum v1.10.26
=== RUN   TestFuzzPair
    bn256_fuzz_test.go:23: 1000 iterations passed
--- PASS: TestFuzzPair (15.28s)
=== RUN   TestFuzzAdd
    bn256_fuzz_test.go:40: 1000 iterations passed
--- PASS: TestFuzzAdd (0.23s)
=== RUN   TestFuzzMul
    bn256_fuzz_test.go:57: 1000 iterations passed
--- PASS: TestFuzzMul (0.18s)
=== RUN   FuzzBn256Add
=== RUN   FuzzBn256Add/00aec03b2ccf5cbc0f986c1f49499cf81452f93c
=== RUN   FuzzBn256Add/0152f8a46a3852694680a3c6f116f9de308ed692
=== RUN   FuzzBn256Add/02a70a85d739bed988392e3592af746df81e89d4
=== RUN   FuzzBn256Add/0332c763c44f7754bd4ad7ec93ad98fe1fafa049
=== RUN   FuzzBn256Add/0364ce50bc4d593cd009b4137bec4749e6ffb213
=== RUN   FuzzBn256Add/05dd5b412b8bf7c45c54237b96297a6e46144c96
=== RUN   FuzzBn256Add/07c030854d9ee59ed2e561263bf5e114c271f6a5
=== RUN   FuzzBn256Add/0be93088e3895f87b8c6a979cf42863cd872c386
=== RUN   FuzzBn256Add/0e34e1ccc6bcf36a908977ef5b95266d06dfff39
=== RUN   FuzzBn256Add/0eddc003e34fe139b3327960ea8334f60268160b
=== RUN   FuzzBn256Add/0f65cfd8db2390392c022cd6e07b6049a9af8a3c
=== RUN   FuzzBn256Add/1011166133e64e3a0fc4462cf5e34ebd102cbbc9
=== RUN   FuzzBn256Add/11390a9f15eee1c0d01fd5078cf88f33f5c20dd1
=== RUN   FuzzBn256Add/12a8057d8befb6535e9521ca778c6eca1210928b
=== RUN   FuzzBn256Add/13708f3a393fd8e14866f72fcda956fb92e5c98c
=== RUN   FuzzBn256Add/13e77d5c5a624c7aea01855b47a1d1fd9e0463b8
=== RUN   FuzzBn256Add/1a66181bf4d7e768d39ed29478f6d2e05544faae
=== RUN   FuzzBn256Add/1ecd39035f3f6f79c00f12c52f07ade0ada68bd8
=== RUN   FuzzBn256Add/1f105b33f87f6a455d5ed561527f883e81a74754
=== RUN   FuzzBn256Add/1f69cf675e9ec74c78a6cb3b77f20ef53f0ccb12
=== RUN   FuzzBn256Add/1facdd854d888ebd87f46e3e83e1c0c32383e8cd
=== RUN   FuzzBn256Add/1ffd40347904c86d5ea1d16dde4e71e61480dd77
=== RUN   FuzzBn256Add/21d4dd5dfee7ddf5ba02c76de7934c1fc600b196
=== RUN   FuzzBn256Add/22c1db6ec6fcf485bfd7aafab27a975d67ee394b
=== RUN   FuzzBn256Add/235e3f67201c2f01de4215bcb4a1422fe6123745
=== RUN   FuzzBn256Add/2376c3e18da36bf2cc32675c73e6b8cd99270445
=== RUN   FuzzBn256Add/24981e17d8ed9d79d4f6f8f31410afb7c3a33e4c
=== RUN   FuzzBn256Add/24bf8f330d6bce07c8df3feba7ad1eae04d8d66b
=== RUN   FuzzBn256Add/263b8d757db7c1abcff0bbb816a6d173b13c650a
=== RUN   FuzzBn256Add/264028a71576a524c8c56e29d94eeb843c01b779
=== RUN   FuzzBn256Add/26d4fa8255ca1663b42373d0252633f84522d931
=== RUN   FuzzBn256Add/2959cd90148c4539b924a8e2facb42ca494dbd92
=== RUN   FuzzBn256Add/29a7cb3787a7fc20f3d676ac05719052167399d1
=== RUN   FuzzBn256Add/2cfa2c78c54a9891d5953c9d2d7d7e5b3614c108
=== RUN   FuzzBn256Add/2e2a328d470b5b794b10919a5920fdaf76804b33
=== RUN   FuzzBn256Add/2e3aa01441e352a451b0052d19fc1fc89509134c
=== RUN   FuzzBn256Add/3460affd790696fd38865b82342b123e3d840027
=== RUN   FuzzBn256Add/35bd191a1054ce629be7359d6d5a51a3f1af3ab3
=== RUN   FuzzBn256Add/362bce495e89556cd46a9b5254109dcc78a81444
=== RUN   FuzzBn256Add/390d4a82a27efeffdc7c60ee44f6a5fccee6f535
=== RUN   FuzzBn256Add/39781e352210bc375b9ff71c586554b8353e39a8
=== RUN   FuzzBn256Add/39e388ceb219bbcbce04c0eb77f442a5f13c11e3
=== RUN   FuzzBn256Add/3a03e2ded5c2a003ecf0b5844575242d0e50b26d
=== RUN   FuzzBn256Add/3d3cbf58a9459e538fea7629a401154ecccb1cff
=== RUN   FuzzBn256Add/3e9d26804f396ca564a5c1201a5966d6e4d06782
=== RUN   FuzzBn256Add/3f25cd878ec09afeb3c6d9e1a57fc1853f586485
=== RUN   FuzzBn256Add/41099e7507bc6bff6db0972d48f5830640aa0c9d
=== RUN   FuzzBn256Add/4121a2e61e6c182ddb58417bd796e001afd3d021
=== RUN   FuzzBn256Add/42ce42f7d6cf672ad3a14c0375cd377531fc5448
=== RUN   FuzzBn256Add/469088cded4057cc1f1c0447db3cf77fd4bab151
=== RUN   FuzzBn256Add/47a93471104b1935608f03ae6d5b75f895d39806
=== RUN   FuzzBn256Add/4c0b77fe139881694ae40cc842d3a6352935d5d5
=== RUN   FuzzBn256Add/4ca207b85fd050fb98fa952e238e419ae38a7daa
=== RUN   FuzzBn256Add/4fd0904d25f35e110e5571b768ce1d6ce9c8bad8
=== RUN   FuzzBn256Add/539000f7984cb982448e0b4edd37acf4e3cad23f
=== RUN   FuzzBn256Add/55050b6d0357b06283b172095ea71ad59a91a8e7
=== RUN   FuzzBn256Add/5508ecfb791e8e59f7e840ba168f554308d28d5f
=== RUN   FuzzBn256Add/556290c6eff62d36f4c72a7dec45ac244378cc0b
=== RUN   FuzzBn256Add/5a1f82d405f33d6ac758cef817ba633ac6d94420
=== RUN   FuzzBn256Add/5adabb3822b00ea8b47750fd359d724611fd65af
=== RUN   FuzzBn256Add/5c0d24f95d8992dda451913b2681e1c05b604158
=== RUN   FuzzBn256Add/5f76441d02092100695c358de9ab38177cc7d360
=== RUN   FuzzBn256Add/614bbaf82dad15a699fcfde987d429d1ee88a75d
=== RUN   FuzzBn256Add/615c53b4e91a3813fa5b0d401da5bb6fc3ed38a5
=== RUN   FuzzBn256Add/61d60c415d7be9d23400eafcde95305f3cefe138
=== RUN   FuzzBn256Add/622e13c755994b93c229c36b3a806aff1516915a
=== RUN   FuzzBn256Add/62b8afb39dc37bc04fde4c2b4a8550b2007bd2e5
=== RUN   FuzzBn256Add/63bef407e623d14f873ec81e303ca5715584279f
=== RUN   FuzzBn256Add/63db7d8df955a4ed1b71357f406d1418356873a7
=== RUN   FuzzBn256Add/652b056adf14efa085c8978093a694060540428f
=== RUN   FuzzBn256Add/6b1e3142c34bcfbbeb09c71aa2d5d3ef3d6c8f95
=== RUN   FuzzBn256Add/6bb4d6987c5246687413c107266956e6bd2d8ba4
=== RUN   FuzzBn256Add/6c5ab4a5da58f50acf5ef462cd50ecd587d58741
=== RUN   FuzzBn256Add/6dcd4ce23d88e2ee9568ba546c007c63d9131c1b
=== RUN   FuzzBn256Add/6f4dd949d36c31c10c0441cc962aa759851b95ab
=== RUN   FuzzBn256Add/70964f5ff38f6e076adc079387f0da403f0b3802
=== RUN   FuzzBn256Add/70af22cfa3d319fb986cb80464bf80e6fb346ec6
=== RUN   FuzzBn256Add/717f05f9be011a6304ddd446623d8c7762ee84a3
=== RUN   FuzzBn256Add/71853c6197a6a7f222db0f1978c7cb232b87c5ee
=== RUN   FuzzBn256Add/7249241f422ac0a59f5213042d6c755ff909e6fa
=== RUN   FuzzBn256Add/754e96b3a7e51a3ee1953a8494a1723d05afc7ae
=== RUN   FuzzBn256Add/7a6ef8c026df7430e05b824401a1ed7224177415
=== RUN   FuzzBn256Add/7bad8408701fb3294375b89c4fbf7fdf8bf3541a
=== RUN   FuzzBn256Add/8114326ce5c0a92437260c6c43469955e33a1372
=== RUN   FuzzBn256Add/81ae293767446cea6ddff831ccf0a5e3f4111022
=== RUN   FuzzBn256Add/81b44c8b4a15bafa6d985cb65cc2a1261dac1ef4
=== RUN   FuzzBn256Add/81f998d2fa14b63c60b7163c102fae796979ffa1
=== RUN   FuzzBn256Add/83fc1f3afab069cae925a3b62575d9c0bc780194
=== RUN   FuzzBn256Add/85f3c765bb0b23333e398e8ab8d949289f5587cb
=== RUN   FuzzBn256Add/862addf6ec0ba1b0c3becf4cca7c9e4f0ed1c4a5
=== RUN   FuzzBn256Add/865cdc15f6fcbdba05174ebe3eaa1dcf8eeee137
=== RUN   FuzzBn256Add/88c266ed9bdb19afd0782126527ac7820f6eefa0
=== RUN   FuzzBn256Add/891344498d7fc0a276f87e5fcd49e2e079210ca1
=== RUN   FuzzBn256Add/8949c29a8c27280524802e3e0fb6cd09e386b4c4
=== RUN   FuzzBn256Add/8a2905d8b2917bb62e20852e9cc344a74273eb27
=== RUN   FuzzBn256Add/8a291d4fc77033cfa54d3be6adb5a65707c02c00
=== RUN   FuzzBn256Add/8becf80d71277fc9659108bfe6ffc365eea22d57
=== RUN   FuzzBn256Add/8dcb45b9a2d5c5cc0072afd616c756eebdc7c826
=== RUN   FuzzBn256Add/8df86af9197fc1589fcc60d18377618d3cd4f551
=== RUN   FuzzBn256Add/8e82a07d9f18cf283c974d66180834dca66fd029
=== RUN   FuzzBn256Add/8f87d922208af08d7cd3cef87334f81b6e2e1dcf
=== RUN   FuzzBn256Add/9069ca78e7450a285173431b3e52c5c25299e473
=== RUN   FuzzBn256Add/919b1a0c8919b5b8bc0f32cb6562dcd9b027bdf8
=== RUN   FuzzBn256Add/96ec503a76d50fa05085b644eeb5d3c7450f1531
=== RUN   FuzzBn256Add/9cdd4d6369279f1ce6d55d016962949f5be8d1e8
=== RUN   FuzzBn256Add/9da5375bd50fe0f2722c48a05fc9e2f7fdd81960
=== RUN   FuzzBn256Add/a152c82dd95228f0adc5e0e897d90c7d6165d83b
=== RUN   FuzzBn256Add/a30425e658c3803af9da4f284e70a79a2ee27371
=== RUN   FuzzBn256Add/a77ba90c312ae0d0860892a8b66546e6799feb12
=== RUN   FuzzBn256Add/a7ed3f5a965c30b076aad780fe621fc4362ab5f6
=== RUN   FuzzBn256Add/ab09d50016dc75bb25692aecaacd183ed13cdb4f
=== RUN   FuzzBn256Add/abb4edb38d2e77e969069a3fee327d33db8dd755
=== RUN   FuzzBn256Add/ae3d4d6c3f2d86c1fc6e9620019938115f4016d2
=== RUN   FuzzBn256Add/af61e01524d2a773f78f9f8a4e40c632c65f042b
=== RUN   FuzzBn256Add/b0f4d60d8928fe43dee8f6e6c93211b7f982aac9
=== RUN   FuzzBn256Add/b1af203e7a7e7eb59686008db592011871663635
=== RUN   FuzzBn256Add/b1fb92b6403d15ce43c4ec39319bf8ad1d8a0262
=== RUN   FuzzBn256Add/b25414d15d216c9277a1a6e82767cd1d54d75183
=== RUN   FuzzBn256Add/b7700b3f2cb8ec1a604d83a06749b4ed0d8f2e99
=== RUN   FuzzBn256Add/bb6ac4a0b7c6454045be9bf222fe916f59484889
=== RUN   FuzzBn256Add/c0b1418e8d5f7acf6f87cb8df9f0988e620e1af0
=== RUN   FuzzBn256Add/c0c7cbc37d1d9b5e775f49afc8497c263d33c9ba
=== RUN   FuzzBn256Add/c32adf9ff1c4c6959c8a1ea8674d65775631fb8a
=== RUN   FuzzBn256Add/c331060b6cafba1de8ddbf20c33a03594c520fbd
=== RUN   FuzzBn256Add/c4f680cd80376ecfb364031d13facabf451c3c2a
=== RUN   FuzzBn256Add/c66170ff7cf9d4b9f94b3510ebb7a4532e5555a9
=== RUN   FuzzBn256Add/c6a95a655757919ee6fd66399ef4e3b940378bfb
=== RUN   FuzzBn256Add/cb67a155a78c76fa0c8f25851892948cc88cbd9e
=== RUN   FuzzBn256Add/ccd9635abc3a16dc98780cb4746480657f02d222
=== RUN   FuzzBn256Add/d1bcc8c88477f3b390ecec613e563da5e8f99bfd
=== RUN   FuzzBn256Add/d29de9eb6a14278a9e1768ebd04fc4d41f369761
=== RUN   FuzzBn256Add/d2a24a8ed807f41b165e7d270978f7c31fb7361e
=== RUN   FuzzBn256Add/d3360c00691fb1d911bde5bf888b7fb5c653276e
=== RUN   FuzzBn256Add/d8ba4944a50eeb6e1ce7e3b99592cfdd9cd7f88f
=== RUN   FuzzBn256Add/d9d222f92d28ed627f22cb2c6f470c9d23517fd0
=== RUN   FuzzBn256Add/d9eda9e543ae42f1683edbc0a6350f02e6ca149c
=== RUN   FuzzBn256Add/daa7072540aa5bae6f19a6b679f762eaf6c0557c
=== RUN   FuzzBn256Add/dd02f54f546b4b38a7c6f7300fc6b55a358b06ff
=== RUN   FuzzBn256Add/dd7313ffa083af7137ab5a0748a80b3ee2235420
=== RUN   FuzzBn256Add/de2e75d155c4c4675433d177429bafc6fef3f3af
=== RUN   FuzzBn256Add/de547d20f89404688de03725f11e1c3dc4cf946a
=== RUN   FuzzBn256Add/df3116018005185a4e032ffd7b4a810e75c3087a
=== RUN   FuzzBn256Add/df338bb0c6443353c72baac3ebb78bc7468db505
=== RUN   FuzzBn256Add/e38429fb26745a106d99e40b15cf89af3c368f28
=== RUN   FuzzBn256Add/e6b0b307b1a8fb9de9abeb7fe73e21c1b1f8feaf
=== RUN   FuzzBn256Add/e71c9269188b7693bc70b52952a03a13cac2f384
=== RUN   FuzzBn256Add/ea498dd69c0afa778c496318a2211f170a3db3d5
=== RUN   FuzzBn256Add/eb280e5d53451935d49b96fea54963b591bddad5
=== RUN   FuzzBn256Add/ed1ab938afbb737a2d0b2af021efc03a843980d8
=== RUN   FuzzBn256Add/eeace274d4a8bc36b6986ebc32fde65099634b09
=== RUN   FuzzBn256Add/eed4cdac6491f0a18a80848c5c06f7ad341cf7c3
=== RUN   FuzzBn256Add/ef5edfeb0a0acc1b47766a709cbb563e00f01bcd
=== RUN   FuzzBn256Add/f219cb207c51060308e60fab06f2b1044585c3ac
=== RUN   FuzzBn256Add/f38ec736913dcf79dd1427f6b4b6a8f1508c6835
=== RUN   FuzzBn256Add/f619010214a635fa51efab56eca64e271ebb8562
=== RUN   FuzzBn256Add/f701d8c04e26ba7e4dbfc6896f66c0475732a423
=== RUN   FuzzBn256Add/f9cf389d6165e80903ec07275420d411589ce6df
=== RUN   FuzzBn256Add/fa6a6d1b45f17afeb3c6832df02d5531412d9cfb
=== RUN   FuzzBn256Add/fb895fbbae481f80325f00365ffd8f3a1dd6e2a8
=== RUN   FuzzBn256Add/fc1f9624d06f55dcc47e765d862c6787a362df8e
=== RUN   FuzzBn256Add/fc7c631150a3c8f108c191dd3dbd6b0cf6d64673
=== RUN   FuzzBn256Add/fd6e612e2fd92aa7fbcf5537e7cc632fa1b12eff
=== RUN   FuzzBn256Add/fec83addfd2ae0e94a1aa52dbcd3325b6a3d814b
=== RUN   FuzzBn256Add/ff9a360d0f22c16c2755bbc9aef4a6d36cb2bc6a
--- PASS: FuzzBn256Add (0.04s)
    --- PASS: FuzzBn256Add/00aec03b2ccf5cbc0f986c1f49499cf81452f93c (0.00s)
    --- PASS: FuzzBn256Add/0152f8a46a3852694680a3c6f116f9de308ed692 (0.00s)
    --- PASS: FuzzBn256Add/02a70a85d739bed988392e3592af746df81e89d4 (0.00s)
    --- PASS: FuzzBn256Add/0332c763c44f7754bd4ad7ec93ad98fe1fafa049 (0.00s)
    --- PASS: FuzzBn256Add/0364ce50bc4d593cd009b4137bec4749e6ffb213 (0.00s)
    --- PASS: FuzzBn256Add/05dd5b412b8bf7c45c54237b96297a6e46144c96 (0.00s)
    --- PASS: FuzzBn256Add/07c030854d9ee59ed2e561263bf5e114c271f6a5 (0.00s)
    --- PASS: FuzzBn256Add/0be93088e3895f87b8c6a979cf42863cd872c386 (0.00s)
    --- PASS: FuzzBn256Add/0e34e1ccc6bcf36a908977ef5b95266d06dfff39 (0.00s)
    --- PASS: FuzzBn256Add/0eddc003e34fe139b3327960ea8334f60268160b (0.00s)
    --- PASS: FuzzBn256Add/0f65cfd8db2390392c022cd6e07b6049a9af8a3c (0.00s)
    --- PASS: FuzzBn256Add/1011166133e64e3a0fc4462cf5e34ebd102cbbc9 (0.00s)
    --- PASS: FuzzBn256Add/11390a9f15eee1c0d01fd5078cf88f33f5c20dd1 (0.00s)
    --- PASS: FuzzBn256Add/12a8057d8befb6535e9521ca778c6eca1210928b (0.00s)
    --- PASS: FuzzBn256Add/13708f3a393fd8e14866f72fcda956fb92e5c98c (0.00s)
    --- PASS: FuzzBn256Add/13e77d5c5a624c7aea01855b47a1d1fd9e0463b8 (0.00s)
    --- PASS: FuzzBn256Add/1a66181bf4d7e768d39ed29478f6d2e05544faae (0.00s)
    --- PASS: FuzzBn256Add/1ecd39035f3f6f79c00f12c52f07ade0ada68bd8 (0.00s)
    --- PASS: FuzzBn256Add/1f105b33f87f6a455d5ed561527f883e81a74754 (0.00s)
    --- PASS: FuzzBn256Add/1f69cf675e9ec74c78a6cb3b77f20ef53f0ccb12 (0.00s)
    --- PASS: FuzzBn256Add/1facdd854d888ebd87f46e3e83e1c0c32383e8cd (0.00s)
    --- PASS: FuzzBn256Add/1ffd40347904c86d5ea1d16dde4e71e61480dd77 (0.00s)
    --- PASS: FuzzBn256Add/21d4dd5dfee7ddf5ba02c76de7934c1fc600b196 (0.00s)
    --- PASS: FuzzBn256Add/22c1db6ec6fcf485bfd7aafab27a975d67ee394b (0.00s)
    --- PASS: FuzzBn256Add/235e3f67201c2f01de4215bcb4a1422fe6123745 (0.00s)
    --- PASS: FuzzBn256Add/2376c3e18da36bf2cc32675c73e6b8cd99270445 (0.00s)
    --- PASS: FuzzBn256Add/24981e17d8ed9d79d4f6f8f31410afb7c3a33e4c (0.00s)
    --- PASS: FuzzBn256Add/24bf8f330d6bce07c8df3feba7ad1eae04d8d66b (0.00s)
    --- PASS: FuzzBn256Add/263b8d757db7c1abcff0bbb816a6d173b13c650a (0.00s)
    --- PASS: FuzzBn256Add/264028a71576a524c8c56e29d94eeb843c01b779 (0.00s)
    --- PASS: FuzzBn256Add/26d4fa8255ca1663b42373d0252633f84522d931 (0.00s)
    --- PASS: FuzzBn256Add/2959cd90148c4539b924a8e2facb42ca494dbd92 (0.00s)
    --- PASS: FuzzBn256Add/29a7cb3787a7fc20f3d676ac05719052167399d1 (0.00s)
    --- PASS: FuzzBn256Add/2cfa2c78c54a9891d5953c9d2d7d7e5b3614c108 (0.00s)
    --- PASS: FuzzBn256Add/2e2a328d470b5b794b10919a5920fdaf76804b33 (0.00s)
    --- PASS: FuzzBn256Add/2e3aa01441e352a451b0052d19fc1fc89509134c (0.00s)
    --- PASS: FuzzBn256Add/3460affd790696fd38865b82342b123e3d840027 (0.00s)
    --- PASS: FuzzBn256Add/35bd191a1054ce629be7359d6d5a51a3f1af3ab3 (0.00s)
    --- PASS: FuzzBn256Add/362bce495e89556cd46a9b5254109dcc78a81444 (0.00s)
    --- PASS: FuzzBn256Add/390d4a82a27efeffdc7c60ee44f6a5fccee6f535 (0.00s)
    --- PASS: FuzzBn256Add/39781e352210bc375b9ff71c586554b8353e39a8 (0.00s)
    --- PASS: FuzzBn256Add/39e388ceb219bbcbce04c0eb77f442a5f13c11e3 (0.00s)
    --- PASS: FuzzBn256Add/3a03e2ded5c2a003ecf0b5844575242d0e50b26d (0.00s)
    --- PASS: FuzzBn256Add/3d3cbf58a9459e538fea7629a401154ecccb1cff (0.00s)
    --- PASS: FuzzBn256Add/3e9d26804f396ca564a5c1201a5966d6e4d06782 (0.00s)
    --- PASS: FuzzBn256Add/3f25cd878ec09afeb3c6d9e1a57fc1853f586485 (0.00s)
    --- PASS: FuzzBn256Add/41099e7507bc6bff6db0972d48f5830640aa0c9d (0.00s)
    --- PASS: FuzzBn256Add/4121a2e61e6c182ddb58417bd796e001afd3d021 (0.00s)
    --- PASS: FuzzBn256Add/42ce42f7d6cf672ad3a14c0375cd377531fc5448 (0.00s)
    --- PASS: FuzzBn256Add/469088cded4057cc1f1c0447db3cf77fd4bab151 (0.00s)
    --- PASS: FuzzBn256Add/47a93471104b1935608f03ae6d5b75f895d39806 (0.00s)
    --- PASS: FuzzBn256Add/4c0b77fe139881694ae40cc842d3a6352935d5d5 (0.00s)
    --- PASS: FuzzBn256Add/4ca207b85fd050fb98fa952e238e419ae38a7daa (0.00s)
    --- PASS: FuzzBn256Add/4fd0904d25f35e110e5571b768ce1d6ce9c8bad8 (0.00s)
    --- PASS: FuzzBn256Add/539000f7984cb982448e0b4edd37acf4e3cad23f (0.00s)
    --- PASS: FuzzBn256Add/55050b6d0357b06283b172095ea71ad59a91a8e7 (0.00s)
    --- PASS: FuzzBn256Add/5508ecfb791e8e59f7e840ba168f554308d28d5f (0.00s)
    --- PASS: FuzzBn256Add/556290c6eff62d36f4c72a7dec45ac244378cc0b (0.00s)
    --- PASS: FuzzBn256Add/5a1f82d405f33d6ac758cef817ba633ac6d94420 (0.00s)
    --- PASS: FuzzBn256Add/5adabb3822b00ea8b47750fd359d724611fd65af (0.00s)
    --- PASS: FuzzBn256Add/5c0d24f95d8992dda451913b2681e1c05b604158 (0.00s)
    --- PASS: FuzzBn256Add/5f76441d02092100695c358de9ab38177cc7d360 (0.00s)
    --- PASS: FuzzBn256Add/614bbaf82dad15a699fcfde987d429d1ee88a75d (0.00s)
    --- PASS: FuzzBn256Add/615c53b4e91a3813fa5b0d401da5bb6fc3ed38a5 (0.00s)
    --- PASS: FuzzBn256Add/61d60c415d7be9d23400eafcde95305f3cefe138 (0.00s)
    --- PASS: FuzzBn256Add/622e13c755994b93c229c36b3a806aff1516915a (0.00s)
    --- PASS: FuzzBn256Add/62b8afb39dc37bc04fde4c2b4a8550b2007bd2e5 (0.00s)
    --- PASS: FuzzBn256Add/63bef407e623d14f873ec81e303ca5715584279f (0.00s)
    --- PASS: FuzzBn256Add/63db7d8df955a4ed1b71357f406d1418356873a7 (0.00s)
    --- PASS: FuzzBn256Add/652b056adf14efa085c8978093a694060540428f (0.00s)
    --- PASS: FuzzBn256Add/6b1e3142c34bcfbbeb09c71aa2d5d3ef3d6c8f95 (0.00s)
    --- PASS: FuzzBn256Add/6bb4d6987c5246687413c107266956e6bd2d8ba4 (0.00s)
    --- PASS: FuzzBn256Add/6c5ab4a5da58f50acf5ef462cd50ecd587d58741 (0.00s)
    --- PASS: FuzzBn256Add/6dcd4ce23d88e2ee9568ba546c007c63d9131c1b (0.00s)
    --- PASS: FuzzBn256Add/6f4dd949d36c31c10c0441cc962aa759851b95ab (0.00s)
    --- PASS: FuzzBn256Add/70964f5ff38f6e076adc079387f0da403f0b3802 (0.00s)
    --- PASS: FuzzBn256Add/70af22cfa3d319fb986cb80464bf80e6fb346ec6 (0.00s)
    --- PASS: FuzzBn256Add/717f05f9be011a6304ddd446623d8c7762ee84a3 (0.00s)
    --- PASS: FuzzBn256Add/71853c6197a6a7f222db0f1978c7cb232b87c5ee (0.00s)
    --- PASS: FuzzBn256Add/7249241f422ac0a59f5213042d6c755ff909e6fa (0.00s)
    --- PASS: FuzzBn256Add/754e96b3a7e51a3ee1953a8494a1723d05afc7ae (0.00s)
    --- PASS: FuzzBn256Add/7a6ef8c026df7430e05b824401a1ed7224177415 (0.00s)
    --- PASS: FuzzBn256Add/7bad8408701fb3294375b89c4fbf7fdf8bf3541a (0.00s)
    --- PASS: FuzzBn256Add/8114326ce5c0a92437260c6c43469955e33a1372 (0.00s)
    --- PASS: FuzzBn256Add/81ae293767446cea6ddff831ccf0a5e3f4111022 (0.00s)
    --- PASS: FuzzBn256Add/81b44c8b4a15bafa6d985cb65cc2a1261dac1ef4 (0.00s)
    --- PASS: FuzzBn256Add/81f998d2fa14b63c60b7163c102fae796979ffa1 (0.00s)
    --- PASS: FuzzBn256Add/83fc1f3afab069cae925a3b62575d9c0bc780194 (0.00s)
    --- PASS: FuzzBn256Add/85f3c765bb0b23333e398e8ab8d949289f5587cb (0.00s)
    --- PASS: FuzzBn256Add/862addf6ec0ba1b0c3becf4cca7c9e4f0ed1c4a5 (0.00s)
    --- PASS: FuzzBn256Add/865cdc15f6fcbdba05174ebe3eaa1dcf8eeee137 (0.00s)
    --- PASS: FuzzBn256Add/88c266ed9bdb19afd0782126527ac7820f6eefa0 (0.00s)
    --- PASS: FuzzBn256Add/891344498d7fc0a276f87e5fcd49e2e079210ca1 (0.00s)
    --- PASS: FuzzBn256Add/8949c29a8c27280524802e3e0fb6cd09e386b4c4 (0.00s)
    --- PASS: FuzzBn256Add/8a2905d8b2917bb62e20852e9cc344a74273eb27 (0.00s)
    --- PASS: FuzzBn256Add/8a291d4fc77033cfa54d3be6adb5a65707c02c00 (0.00s)
    --- PASS: FuzzBn256Add/8becf80d71277fc9659108bfe6ffc365eea22d57 (0.00s)
    --- PASS: FuzzBn256Add/8dcb45b9a2d5c5cc0072afd616c756eebdc7c826 (0.00s)
    --- PASS: FuzzBn256Add/8df86af9197fc1589fcc60d18377618d3cd4f551 (0.00s)
    --- PASS: FuzzBn256Add/8e82a07d9f18cf283c974d66180834dca66fd029 (0.00s)
    --- PASS: FuzzBn256Add/8f87d922208af08d7cd3cef87334f81b6e2e1dcf (0.00s)
    --- PASS: FuzzBn256Add/9069ca78e7450a285173431b3e52c5c25299e473 (0.00s)
    --- PASS: FuzzBn256Add/919b1a0c8919b5b8bc0f32cb6562dcd9b027bdf8 (0.00s)
    --- PASS: FuzzBn256Add/96ec503a76d50fa05085b644eeb5d3c7450f1531 (0.00s)
    --- PASS: FuzzBn256Add/9cdd4d6369279f1ce6d55d016962949f5be8d1e8 (0.00s)
    --- PASS: FuzzBn256Add/9da5375bd50fe0f2722c48a05fc9e2f7fdd81960 (0.00s)
    --- PASS: FuzzBn256Add/a152c82dd95228f0adc5e0e897d90c7d6165d83b (0.00s)
    --- PASS: FuzzBn256Add/a30425e658c3803af9da4f284e70a79a2ee27371 (0.00s)
    --- PASS: FuzzBn256Add/a77ba90c312ae0d0860892a8b66546e6799feb12 (0.00s)
    --- PASS: FuzzBn256Add/a7ed3f5a965c30b076aad780fe621fc4362ab5f6 (0.00s)
    --- PASS: FuzzBn256Add/ab09d50016dc75bb25692aecaacd183ed13cdb4f (0.00s)
    --- PASS: FuzzBn256Add/abb4edb38d2e77e969069a3fee327d33db8dd755 (0.00s)
    --- PASS: FuzzBn256Add/ae3d4d6c3f2d86c1fc6e9620019938115f4016d2 (0.00s)
    --- PASS: FuzzBn256Add/af61e01524d2a773f78f9f8a4e40c632c65f042b (0.00s)
    --- PASS: FuzzBn256Add/b0f4d60d8928fe43dee8f6e6c93211b7f982aac9 (0.00s)
    --- PASS: FuzzBn256Add/b1af203e7a7e7eb59686008db592011871663635 (0.00s)
    --- PASS: FuzzBn256Add/b1fb92b6403d15ce43c4ec39319bf8ad1d8a0262 (0.00s)
    --- PASS: FuzzBn256Add/b25414d15d216c9277a1a6e82767cd1d54d75183 (0.00s)
    --- PASS: FuzzBn256Add/b7700b3f2cb8ec1a604d83a06749b4ed0d8f2e99 (0.00s)
    --- PASS: FuzzBn256Add/bb6ac4a0b7c6454045be9bf222fe916f59484889 (0.00s)
    --- PASS: FuzzBn256Add/c0b1418e8d5f7acf6f87cb8df9f0988e620e1af0 (0.00s)
    --- PASS: FuzzBn256Add/c0c7cbc37d1d9b5e775f49afc8497c263d33c9ba (0.00s)
    --- PASS: FuzzBn256Add/c32adf9ff1c4c6959c8a1ea8674d65775631fb8a (0.00s)
    --- PASS: FuzzBn256Add/c331060b6cafba1de8ddbf20c33a03594c520fbd (0.00s)
    --- PASS: FuzzBn256Add/c4f680cd80376ecfb364031d13facabf451c3c2a (0.00s)
    --- PASS: FuzzBn256Add/c66170ff7cf9d4b9f94b3510ebb7a4532e5555a9 (0.00s)
    --- PASS: FuzzBn256Add/c6a95a655757919ee6fd66399ef4e3b940378bfb (0.00s)
    --- PASS: FuzzBn256Add/cb67a155a78c76fa0c8f25851892948cc88cbd9e (0.00s)
    --- PASS: FuzzBn256Add/ccd9635abc3a16dc98780cb4746480657f02d222 (0.00s)
    --- PASS: FuzzBn256Add/d1bcc8c88477f3b390ecec613e563da5e8f99bfd (0.00s)
    --- PASS: FuzzBn256Add/d29de9eb6a14278a9e1768ebd04fc4d41f369761 (0.00s)
    --- PASS: FuzzBn256Add/d2a24a8ed807f41b165e7d270978f7c31fb7361e (0.00s)
    --- PASS: FuzzBn256Add/d3360c00691fb1d911bde5bf888b7fb5c653276e (0.00s)
    --- PASS: FuzzBn256Add/d8ba4944a50eeb6e1ce7e3b99592cfdd9cd7f88f (0.00s)
    --- PASS: FuzzBn256Add/d9d222f92d28ed627f22cb2c6f470c9d23517fd0 (0.00s)
    --- PASS: FuzzBn256Add/d9eda9e543ae42f1683edbc0a6350f02e6ca149c (0.00s)
    --- PASS: FuzzBn256Add/daa7072540aa5bae6f19a6b679f762eaf6c0557c (0.00s)
    --- PASS: FuzzBn256Add/dd02f54f546b4b38a7c6f7300fc6b55a358b06ff (0.00s)
    --- PASS: FuzzBn256Add/dd7313ffa083af7137ab5a0748a80b3ee2235420 (0.00s)
    --- PASS: FuzzBn256Add/de2e75d155c4c4675433d177429bafc6fef3f3af (0.00s)
    --- PASS: FuzzBn256Add/de547d20f89404688de03725f11e1c3dc4cf946a (0.00s)
    --- PASS: FuzzBn256Add/df3116018005185a4e032ffd7b4a810e75c3087a (0.00s)
    --- PASS: FuzzBn256Add/df338bb0c6443353c72baac3ebb78bc7468db505 (0.00s)
    --- PASS: FuzzBn256Add/e38429fb26745a106d99e40b15cf89af3c368f28 (0.00s)
    --- PASS: FuzzBn256Add/e6b0b307b1a8fb9de9abeb7fe73e21c1b1f8feaf (0.00s)
    --- PASS: FuzzBn256Add/e71c9269188b7693bc70b52952a03a13cac2f384 (0.00s)
    --- PASS: FuzzBn256Add/ea498dd69c0afa778c496318a2211f170a3db3d5 (0.00s)
    --- PASS: FuzzBn256Add/eb280e5d53451935d49b96fea54963b591bddad5 (0.00s)
    --- PASS: FuzzBn256Add/ed1ab938afbb737a2d0b2af021efc03a843980d8 (0.00s)
    --- PASS: FuzzBn256Add/eeace274d4a8bc36b6986ebc32fde65099634b09 (0.00s)
    --- PASS: FuzzBn256Add/eed4cdac6491f0a18a80848c5c06f7ad341cf7c3 (0.00s)
    --- PASS: FuzzBn256Add/ef5edfeb0a0acc1b47766a709cbb563e00f01bcd (0.00s)
    --- PASS: FuzzBn256Add/f219cb207c51060308e60fab06f2b1044585c3ac (0.00s)
    --- PASS: FuzzBn256Add/f38ec736913dcf79dd1427f6b4b6a8f1508c6835 (0.00s)
    --- PASS: FuzzBn256Add/f619010214a635fa51efab56eca64e271ebb8562 (0.00s)
    --- PASS: FuzzBn256Add/f701d8c04e26ba7e4dbfc6896f66c0475732a423 (0.00s)
    --- PASS: FuzzBn256Add/f9cf389d6165e80903ec07275420d411589ce6df (0.00s)
    --- PASS: FuzzBn256Add/fa6a6d1b45f17afeb3c6832df02d5531412d9cfb (0.00s)
    --- PASS: FuzzBn256Add/fb895fbbae481f80325f00365ffd8f3a1dd6e2a8 (0.00s)
    --- PASS: FuzzBn256Add/fc1f9624d06f55dcc47e765d862c6787a362df8e (0.00s)
    --- PASS: FuzzBn256Add/fc7c631150a3c8f108c191dd3dbd6b0cf6d64673 (0.00s)
    --- PASS: FuzzBn256Add/fd6e612e2fd92aa7fbcf5537e7cc632fa1b12eff (0.00s)
    --- PASS: FuzzBn256Add/fec83addfd2ae0e94a1aa52dbcd3325b6a3d814b (0.00s)
    --- PASS: FuzzBn256Add/ff9a360d0f22c16c2755bbc9aef4a6d36cb2bc6a (0.00s)
=== RUN   FuzzBn256Mul
=== RUN   FuzzBn256Mul/030f26c81c11b892d56f2b339841bf561e6ed811
=== RUN   FuzzBn256Mul/03408a9e3b622fd21a22a55b1d1ac9821652a3f8
=== RUN   FuzzBn256Mul/05b462f4aee00b072e72bf3f327c2f2e2328ba7f
=== RUN   FuzzBn256Mul/05cd174270a428350eb78bf0c968be0e863a989c
=== RUN   FuzzBn256Mul/06686ae31c59048331977997b6c555456097565d
=== RUN   FuzzBn256Mul/072b16636719f7bdb463d571c5a47bfc3b864659
=== RUN   FuzzBn256Mul/0737e875b8d726db0a98d1b7f4aa66d3a9c1f7d6
=== RUN   FuzzBn256Mul/0763c22e3a8681008b8b583528c347b30faf8544
=== RUN   FuzzBn256Mul/08453104c1d8ba1d33ad100dc69ea170d82f070d
=== RUN   FuzzBn256Mul/08505dfad0605c9b027520c4fcb8fc887a275360
=== RUN   FuzzBn256Mul/0a8c5eae04398f9010e938684fe2200fd26ae16b
=== RUN   FuzzBn256Mul/0b4dfb40d0c27e1d92366bc1a5c6b7293d1c06e0
=== RUN   FuzzBn256Mul/0c27eb478b528279aa9b735769d57150d5862e02
=== RUN   FuzzBn256Mul/0d03550bd7942b2e34c5611bd40249e2c58a2e31
=== RUN   FuzzBn256Mul/0d8c3db70987391075ef18f0ce7da5afc7f8e09c
=== RUN   FuzzBn256Mul/10f741391c61edfcc0a7ea255e264af3cee4c607
=== RUN   FuzzBn256Mul/116424fa97661dff9ba65a7bea51f6365b082489
=== RUN   FuzzBn256Mul/11dd5c304f2ab669daf23f70a62acfcb4b6f247b
=== RUN   FuzzBn256Mul/1214957c1795dc3b185eb9451fe2cd2745bef223
=== RUN   FuzzBn256Mul/129002f099524c65ee475ee41a4dcb31054e679e
=== RUN   FuzzBn256Mul/14bffee3884db19dd4f01afdaf873ffa5804232e
=== RUN   FuzzBn256Mul/150ec3bf940cc9bcb946361915cff5a22ad5e89d
=== RUN   FuzzBn256Mul/16d8e2e00bf9d5406605591e142b4502eee4c324
=== RUN   FuzzBn256Mul/19b0dd30f75cdabca1a463115b1eaa2976c2289a
=== RUN   FuzzBn256Mul/1b51a96d78a7bd768437eb77fd0d737a636ea5b4
=== RUN   FuzzBn256Mul/1f2827f7b1bdc68b12b705f6ddeb7af6598300d7
=== RUN   FuzzBn256Mul/21cd8cd984d88d09f76db7469d638d6cbcbfafe2
=== RUN   FuzzBn256Mul/228011ee22b1a33502b5a7d72938bfd86e95b43c
=== RUN   FuzzBn256Mul/22a819ba8720f383623d332f86b53624fbd37af2
=== RUN   FuzzBn256Mul/24290283e258dbb190b800295212092614b5c854
=== RUN   FuzzBn256Mul/243fd163cfd24401d78b5508cc75ca5f887d5e66
=== RUN   FuzzBn256Mul/26187308d1733cefb1d886251ea3c64ca595034f
=== RUN   FuzzBn256Mul/26910def5c2d1bf70dd11ad2c7da409e65e0114f
=== RUN   FuzzBn256Mul/26d2620a5ed2e2d2e33b5dd56dd41774221f6df2
=== RUN   FuzzBn256Mul/28b2822588f764e26b8a2cc7867222943cf2fc72
=== RUN   FuzzBn256Mul/293be19371792125f322d8aa51a2a3e4e66b0382
=== RUN   FuzzBn256Mul/2968d503b2e5cebd56186484dd10c430772309cc
=== RUN   FuzzBn256Mul/29ed941353208b2a913bc0b61ef4298204692b3f
=== RUN   FuzzBn256Mul/2b1e57a62a6ce0e4ae4faf1b4828456be0464e72
=== RUN   FuzzBn256Mul/2bc38d46e3a5d37900c5525e035b26bf6631aa5e
=== RUN   FuzzBn256Mul/2d8741f0e9986cb89b1d986ed78437e699730935
=== RUN   FuzzBn256Mul/2dd239d0c8ca8a2bdd9f44093ab210214065e3cc
=== RUN   FuzzBn256Mul/2ecb1bb7087d65c8fa2a7fc6bf784aae0a68e69d
=== RUN   FuzzBn256Mul/2edf8b57f3ae5fc644a4fa9f08c8001350077211
=== RUN   FuzzBn256Mul/301bb328967dc12e890d694947f39df3b54acbaa
=== RUN   FuzzBn256Mul/3109234936a8c03ff867df98f4791ab3df4d9344
=== RUN   FuzzBn256Mul/3120cb96547420d0385fae3d162da4e4cc33e38a
=== RUN   FuzzBn256Mul/318225c53db8aabf8e5a0c80089913fe22d0554c
=== RUN   FuzzBn256Mul/326fec489fbafea42ca5526749d87a18713c630e
=== RUN   FuzzBn256Mul/33193d42a733f26e5031a6d751446a071dbc5e65
=== RUN   FuzzBn256Mul/341f4d166867cf59470124155657a55601ebc1fe
=== RUN   FuzzBn256Mul/3425fa0b6de5b50535fc043bdcdd4758fac74394
=== RUN   FuzzBn256Mul/3551969f5bb15268946d2be5dde349d18041ec10
=== RUN   FuzzBn256Mul/35720b70a15daee3fa4c548e86a810ceaa2cbb0b
=== RUN   FuzzBn256Mul/364d820984cd16782e6e9215341f9ed1ecbb0772
=== RUN   FuzzBn256Mul/36c08e5316cdc20a7064c3c6355003727b5418b7
=== RUN   FuzzBn256Mul/36feab059e23768956b1491c9024264f218c77a2
=== RUN   FuzzBn256Mul/3745f122b7ebcc4b604de23c71431aca25948624
=== RUN   FuzzBn256Mul/37ba6f91de93cfb590fb3f734d7a5d9a79203df2
=== RUN   FuzzBn256Mul/390fe894c6059f06d6fa9ca24150ca379d8f169f
=== RUN   FuzzBn256Mul/39e47db71549c176ee48089fd20f9b8c4a34ee34
=== RUN   FuzzBn256Mul/3a19fa6e64fbd22f33a32193db817a661dae3ec1
=== RUN   FuzzBn256Mul/3c52272c192f3f77bf1efc9d1613f9cb70200bcb
=== RUN   FuzzBn256Mul/3da04a00acf5edd7e7c89a5dfdd7c45ec41015d3
=== RUN   FuzzBn256Mul/3eb9fc1eca3ccef9b7d3895c5d1d01aa4f53ad64
=== RUN   FuzzBn256Mul/3fd171fdca67877030dd440eac0237b4b7d597da
=== RUN   FuzzBn256Mul/402596abf37652c73af2dfaaa0490e136d1abfd8
=== RUN   FuzzBn256Mul/4074201217548f245be624614cd7b1ede9a565db
=== RUN   FuzzBn256Mul/41e9af288b89cc2c6a5cc46ef00a9dd86f4277a3
=== RUN   FuzzBn256Mul/42b4bb6ee59747dda1b4feef323f2646455eeed1
=== RUN   FuzzBn256Mul/43193a91a6c32a1bcb8ae97c56a211b896bb8f6f
=== RUN   FuzzBn256Mul/436560fefa2c5883214dd7682cfe18582667c874
=== RUN   FuzzBn256Mul/4411ffc3a3a30a37331c1fdb9f77afaa6abb7e80
=== RUN   FuzzBn256Mul/44e6491d66ec7e52757f102c698bfb86e19e3d99
=== RUN   FuzzBn256Mul/474506c4faf45ebba83bfbb9acf09c9cac1920fe
=== RUN   FuzzBn256Mul/486223cb6dc65e86d94ba3c4d72dc5b3c728be4c
=== RUN   FuzzBn256Mul/48a888634696929fb4390cd09a2f2d370d0a9941
=== RUN   FuzzBn256Mul/49fad3b6120f48798042de91cbdf335b9e374e6a
=== RUN   FuzzBn256Mul/49fbde5ef115cffb5673e5237d428116e2d068fa
=== RUN   FuzzBn256Mul/4a2a2e0c7232a7bd7face7b72e7441755daba9a8
=== RUN   FuzzBn256Mul/4cf563e694048e9d15b5256662c302407db88367
=== RUN   FuzzBn256Mul/4da3fe0f7d6059daa9558918f0e5c1971655629f
=== RUN   FuzzBn256Mul/4e17d1c6828b9d639b71358c2d721f2baf028404
=== RUN   FuzzBn256Mul/4e98b8ee3d20f6e8409a42d9cb1225f964f8c419
=== RUN   FuzzBn256Mul/4f4f703226d326a6d8132218e20a51c2526aaa70
=== RUN   FuzzBn256Mul/4f9234ebf021d8ec08fe5343ddc190819107b390
=== RUN   FuzzBn256Mul/4fb7dc8b7ab3f4dd69fc9567b6966a98e3b83391
=== RUN   FuzzBn256Mul/5078c5433e27a4cacecfe3db4e3f818c8475ae0b
=== RUN   FuzzBn256Mul/51114243e72c75ffff5f9e8a5b9e3bd0e7808a81
=== RUN   FuzzBn256Mul/5168b27c21d2de36a9ca89a6b8e0d7c0525c70ad
=== RUN   FuzzBn256Mul/51c50902d1e5e6f448a072373fc9223812986aad
=== RUN   FuzzBn256Mul/5244bcc9ca24bf4039813fc13905fa8b64e09495
=== RUN   FuzzBn256Mul/52f7a64dd8903119f4985974bcbe39f4e22123e8
=== RUN   FuzzBn256Mul/5416d63c804ec9dd33ff5450562d1f8705a66366
=== RUN   FuzzBn256Mul/542ae3f7c31d4b0dc7818dd687994dfcffd27a7c
=== RUN   FuzzBn256Mul/543767fd3981a0abb43609b321a6316083df4a4e
=== RUN   FuzzBn256Mul/5493ca6d28347441d0b559189f76a73e85d3f27a
=== RUN   FuzzBn256Mul/55776a770bb3d16283a592fe0f6ebe2ebb4aa8f6
=== RUN   FuzzBn256Mul/55ab3eb8e297e61389245e2c412634c3f2a9217c
=== RUN   FuzzBn256Mul/560305798d5e69fde9582a1b7571b4d72ff9b4ac
=== RUN   FuzzBn256Mul/5632877e958e482f7ee78fee4a1ab66ce675e2a2
=== RUN   FuzzBn256Mul/564480541ea3c00e477826687c407502d90f612a
=== RUN   FuzzBn256Mul/564b0ae723c794e9f9c4214bd18076d43607732b
=== RUN   FuzzBn256Mul/580413fc6b898626b6db0c2e8354f0556840e497
=== RUN   FuzzBn256Mul/58b6b47663502ec13c717139c6b11d87807b5c50
=== RUN   FuzzBn256Mul/5a0153ae6b2d0637d1bd7543b0e1314de6255de6
=== RUN   FuzzBn256Mul/5a6e4e3c39a8e0e70e00ceccb2e06c2ac329b3e9
=== RUN   FuzzBn256Mul/5bb774bb8d85e39fa39b0a2872184a50a01dd55c
=== RUN   FuzzBn256Mul/5bc7998b182d7f797b619c6f764a5a5c742672b7
=== RUN   FuzzBn256Mul/5c204af96cf7e149582991832fd31e1c7bd63dc4
=== RUN   FuzzBn256Mul/5cf7eb0cff85d7dcf9a6cc31ea6d9f57eebd25e2
=== RUN   FuzzBn256Mul/5d8fd7ac842bd989f50f5daa2c21ac3980d4ec95
=== RUN   FuzzBn256Mul/5f7b0bb75830db263a72c7defcab5776ef40e4d7
=== RUN   FuzzBn256Mul/6045a7ad4fd732a42d9d796fd8c7963d42554f0a
=== RUN   FuzzBn256Mul/627fe0d48a311cef56c5f3d0a9de7b0a8fa14497
=== RUN   FuzzBn256Mul/636d864e8d7571264cd2ba9b9a94485d81d3428f
=== RUN   FuzzBn256Mul/640f797806cd5826bfaecb78adabdd1958c3874c
=== RUN   FuzzBn256Mul/64cc75ccb8a70adb9260fa68afdb454a39f2cf54
=== RUN   FuzzBn256Mul/658d58c6b8544e528e0488cb7015e602fdf5cd4d
=== RUN   FuzzBn256Mul/661c5dcd883dd03d467b030d18e310c5ff7af3fc
=== RUN   FuzzBn256Mul/67c571fb5534b77c5caead6692315cdd23dc9046
=== RUN   FuzzBn256Mul/68ca339677492a014f4ba233089ccc33d7684d75
=== RUN   FuzzBn256Mul/69c339ced2e172449c68998ce9c38ae216bb6933
=== RUN   FuzzBn256Mul/6a0082171f918f3d81075e8c03cc3c9c1907685a
=== RUN   FuzzBn256Mul/6a59d6b261fbd3f43bd3864e8453a192e62cbd77
=== RUN   FuzzBn256Mul/6b7d9fce205ce8b24010c1aff07c28bbd4060073
=== RUN   FuzzBn256Mul/6d348aaf3fa26a53dddf0745abd750f1484f1e32
=== RUN   FuzzBn256Mul/6dda053bbe6e64a66ccb63d42773cf0c47f28bd7
=== RUN   FuzzBn256Mul/6fb4b9389348903a2102da61257191559b844a12
=== RUN   FuzzBn256Mul/72af03cc07704f2aa1b7ec94a3e8fe3945ba3b37
=== RUN   FuzzBn256Mul/72f8bd16012636cec4fc94f155c18a50a037c773
=== RUN   FuzzBn256Mul/7442950766c1dab4d8d5545ba55c081fa0c9ecae
=== RUN   FuzzBn256Mul/76f1109799e4111e630cbcdc13babcf7467cf7f1
=== RUN   FuzzBn256Mul/76f330df47eb3c1709e349297564f2e02ae81e9c
=== RUN   FuzzBn256Mul/77c10e03706ae6b280077294c07761fe1c8a8120
=== RUN   FuzzBn256Mul/7a0a07f8db89b3e8dcb98f8bcdcced756c245e63
=== RUN   FuzzBn256Mul/7a80d1f29ff4ac009e53f15ef5f5d3741a17f12c
=== RUN   FuzzBn256Mul/7eaad8cdda9bae207d7b29e386cc844b718b9fdc
=== RUN   FuzzBn256Mul/7ed826ed08040787dbc38c3612b828f018be0ceb
=== RUN   FuzzBn256Mul/8194fb50482e04688a3d7d433ae89593e9dbffe8
=== RUN   FuzzBn256Mul/83aafa3186ed604945ed27f845757ea196d39f4e
=== RUN   FuzzBn256Mul/847e8e7fdb06ede907ef8c13f58072e12c42fcd4
=== RUN   FuzzBn256Mul/869b302bf246303bda4271adcaae672b43d48456
=== RUN   FuzzBn256Mul/8784d2b27fa64c356d3b22ef4b65544fabb15639
=== RUN   FuzzBn256Mul/8a89a8a1b999803f7e5b07deecb2bff636001314
=== RUN   FuzzBn256Mul/8b7da15e6ed77fadd2ff161ad7b1d2737450cf43
=== RUN   FuzzBn256Mul/8c79ea211081132cf1947fc823c0dd5d73034bcc
=== RUN   FuzzBn256Mul/8cc88c083b16a837fb119786dd0af4004d867d48
=== RUN   FuzzBn256Mul/8d6208ff661966c0bd89eed9bd63305af7456d7f
=== RUN   FuzzBn256Mul/8d643a8e7e3ea4c2deb8e34bbce4c1d288823054
=== RUN   FuzzBn256Mul/8e31983d0d3660124d525cb0b1e4456f86de62de
=== RUN   FuzzBn256Mul/8f99f658a6440f0a9a20004ffc44ed94f7249acd
=== RUN   FuzzBn256Mul/900a7036a43d2dd5179368d9e0e8531b5573aa7c
=== RUN   FuzzBn256Mul/905f5b06d1e4eb9b357abf716ce7816ddc3adcb8
=== RUN   FuzzBn256Mul/91cd3b70664d72f29f721374106202dcd211d21d
=== RUN   FuzzBn256Mul/922da9bdde1e722f08c39b7fc7b1de32e30b8e28
=== RUN   FuzzBn256Mul/94ce93a8846ff9873c43825a4e1515c42990d19c
=== RUN   FuzzBn256Mul/9528b12f38513738639674c9f008f77a47192bc1
=== RUN   FuzzBn256Mul/95525d851f4faf0f23aea31af614f63ff726a17a
=== RUN   FuzzBn256Mul/955496b69bcf3ff9329b43dbc3a6df9965334aa5
=== RUN   FuzzBn256Mul/955e30c454b6709c9f0e9ea5a72b679838870226
=== RUN   FuzzBn256Mul/96737c8c7186e8ab8fa1e8bf15c18447ef124ed4
=== RUN   FuzzBn256Mul/96a4d04b419044770814058618d9161eeeef70fb
=== RUN   FuzzBn256Mul/98ab36e6576cf18bc55c38b12da126721452884e
=== RUN   FuzzBn256Mul/991c3f29548baaa1cfcf62f5ccd0afad150bd849
=== RUN   FuzzBn256Mul/9cce5dd2b46046336334b261ea09072d03c69b2f
=== RUN   FuzzBn256Mul/9e46d51180fe65e57d75e9fb1e8c9da3563fd5a0
=== RUN   FuzzBn256Mul/9e9444ef5bacd0090a58edfd573fc72fcbb91fe4
=== RUN   FuzzBn256Mul/9edd29d65ff67b9cd2add6bf776de4d9d42a7fa0
=== RUN   FuzzBn256Mul/9edff38d778cdf97e87dbbde0d5b2bd28494e4b3
=== RUN   FuzzBn256Mul/a0816b48c54d6b679f8074bf0cce872dc47a7fa5
=== RUN   FuzzBn256Mul/a182fe93794db7ec62f39c2aa2f876dfd3fb98dd
=== RUN   FuzzBn256Mul/a21962e1b7bdc577de003c24d73ff015e5e9dbe6
=== RUN   FuzzBn256Mul/a3da2ff605abdd7e3f66d6c2a4eedf2018a872a6
=== RUN   FuzzBn256Mul/a3e66620e54caa1a5aea60b760b572871baab13d
=== RUN   FuzzBn256Mul/a5169daea0aba79604259af76623b9415e260f61
=== RUN   FuzzBn256Mul/a5a0e30457b767e52a5e247213b931d31fd458ad
=== RUN   FuzzBn256Mul/a5a8b171cd97783ac87c65655c1a484d724dcd71
=== RUN   FuzzBn256Mul/a7d2b4bbe9c7caf809ea2faafd9a5f90b22a6441
=== RUN   FuzzBn256Mul/a80d4ce1d1143d756f98e541d39f672d441bc789
=== RUN   FuzzBn256Mul/a8377485b46cb8946946d9328072ba38d1136501
=== RUN   FuzzBn256Mul/a8de61f601d4670c91f163df7464cf4d3ccf4705
=== RUN   FuzzBn256Mul/aadfa9085deb76a9eb9b94baba51587431d4fe03
=== RUN   FuzzBn256Mul/ab2526809b2ad2e51207f147d0f846d7c8e75438
=== RUN   FuzzBn256Mul/ac95e0f0f5a4196e057c07f67a320ef718d06900
=== RUN   FuzzBn256Mul/ad4d00e8e5d662bee5b7b80c46e8a53d364fafb3
=== RUN   FuzzBn256Mul/adc83b19e793491b1c6ea0fd8b46cd9f32e592fc
=== RUN   FuzzBn256Mul/ae0cd65583458cf183d72c2bd32e5112e49309fb
=== RUN   FuzzBn256Mul/ae568260b8c5a2f2865f5bd50f31932cec39f484
=== RUN   FuzzBn256Mul/afc14bc19b5fcc19714bb655d3bb45c42222c474
=== RUN   FuzzBn256Mul/b01be0d2fb4481d21ffa9bc7fbc0c05dc77b6c7a
=== RUN   FuzzBn256Mul/b22fea11af37e6d0c51ec348dff76f6e32ffdc0f
=== RUN   FuzzBn256Mul/b29198b7b1f20e0c72f8fd383f4ee20b6c6e0319
=== RUN   FuzzBn256Mul/b3b23eae7eb67c89b703125fc364d38113c4c2df
=== RUN   FuzzBn256Mul/b491b25b38a87706511af61a82abde2c8496681e
=== RUN   FuzzBn256Mul/b5ced06b592abce4a75cbef21bd8e818b2423583
=== RUN   FuzzBn256Mul/b5e2048a4cd40bbcf24d510f42acc062b4e2b676
=== RUN   FuzzBn256Mul/b6b86e0b749fc649ae87c4b498930cbe62c6951f
=== RUN   FuzzBn256Mul/b715910d145313b5a9bb5a3825681229206d1286
=== RUN   FuzzBn256Mul/bc6b8d8ca36015e9ebd19ca7af31ff10a4cfaec5
=== RUN   FuzzBn256Mul/bcd13ed9afa74e49293ac9c7ed3e2cf1e0a34483
=== RUN   FuzzBn256Mul/be397747230b790377acff2d637d6f0f340b22fa
=== RUN   FuzzBn256Mul/bf7dc25d684d39158891a25620961a6dd2576eac
=== RUN   FuzzBn256Mul/c3ad8603e81d709621c6d8531ca41888cbb67dbe
=== RUN   FuzzBn256Mul/c41622eb23f9e17804b479a58433fcd9c1fec3ff
=== RUN   FuzzBn256Mul/c4982a4021799dbfa2e774b72fa080b28ab42d84
=== RUN   FuzzBn256Mul/c5b7fb8e1169c8acc11aa85828fee18e1be152fe
=== RUN   FuzzBn256Mul/c6606844dba6a3e501c231de41d6898c54e9789e
=== RUN   FuzzBn256Mul/c6d6973f22f58fb304c5b04083a903801a1c9b5c
=== RUN   FuzzBn256Mul/c6d9271446cc137dc850fe0ffd540d7e1d45ca54
=== RUN   FuzzBn256Mul/c86d986d663c369da11d9c1e3d4c11dcc3eca838
=== RUN   FuzzBn256Mul/c985d38f471c42652f7b750c0e84b56cb9f8a411
=== RUN   FuzzBn256Mul/c9a7d100da01428906eb839bee6197e1be16be9c
=== RUN   FuzzBn256Mul/ca0ea17ab4e960640bf25a028e46942c0a5f3259
=== RUN   FuzzBn256Mul/cbbf9e020096474752d0ddfa94c775a2116e85a0
=== RUN   FuzzBn256Mul/cc466081eb9db705d8936c03161ba08be04a2fc7
=== RUN   FuzzBn256Mul/cce2920b9db535932a51fd2ef9f139fb5acb6b3f
=== RUN   FuzzBn256Mul/cd93fcd8cccc7826c2d11b749e8c6a5536af47b9
=== RUN   FuzzBn256Mul/cef2f3840ce8da941cb4bcca366dead02ed367c5
=== RUN   FuzzBn256Mul/cf055b5c02b62f97cbffae588340b82ca6b26425
=== RUN   FuzzBn256Mul/cf93033cdc935ecfccfaeb420035de2e0842413e
=== RUN   FuzzBn256Mul/cfc90790793f4f5ea4bc4df12c8fc2ad6f18648c
=== RUN   FuzzBn256Mul/d00a39de55627a7c57687d9dd205b3d28e328310
=== RUN   FuzzBn256Mul/d0d36d69331600cba17d2d735621dfbd239e5afd
=== RUN   FuzzBn256Mul/d1f07771e9e315b05f0cf0e7dc26206c64e7a8e9
=== RUN   FuzzBn256Mul/d3061a42cf53dd8af39ed201af71702ad46a8c87
=== RUN   FuzzBn256Mul/d327029ce8745cac19fc48cc8eb4b2972f15a7dd
=== RUN   FuzzBn256Mul/d5b7cd0a5ee50ca8a0235d24ebfb04ad0f5be165
=== RUN   FuzzBn256Mul/d8f86ef9c5bf510d2917bebe3dd0fa0e221a4d49
=== RUN   FuzzBn256Mul/d922938738537c9ee75608d11da5365a762271bf
=== RUN   FuzzBn256Mul/d92893a056788b761a53b490f0056ba67fc6e245
=== RUN   FuzzBn256Mul/da0a49d417b7b8611c5b483d348c0ed8ed255f31
=== RUN   FuzzBn256Mul/da6e73103fca21ca8f80eefdcfb9071809c3b01a
=== RUN   FuzzBn256Mul/dab8d49eabddf97c2970ad842da7e5690c03bb0e
=== RUN   FuzzBn256Mul/dabbe6b3035ba97306357a2a137767729f1694d1
=== RUN   FuzzBn256Mul/dc957aa4572873a39054c6a925a4ee4fdc60fcfe
=== RUN   FuzzBn256Mul/dced751cc74c15678afb8871fd9564d1f180a42d
=== RUN   FuzzBn256Mul/ddfc2c05ff5ec841edd25c6eb2545cf385b14f40
=== RUN   FuzzBn256Mul/de15cc80e9c3726973535a2b04f1378c27b38edd
=== RUN   FuzzBn256Mul/e1f4d58702b5ea5b01d1c26b7c3075d0f522bdcf
=== RUN   FuzzBn256Mul/e2a29e4ac5de05059ea6061348a0465110b5af00
=== RUN   FuzzBn256Mul/e2de9beed12cd92f5ed75c2a25f5241dd7d5a273
=== RUN   FuzzBn256Mul/e3655c09317fd4bba47297207993590f74fe57be
=== RUN   FuzzBn256Mul/e3ae5050326662a122c18f32d1a61c5cbcbcf632
=== RUN   FuzzBn256Mul/e3b55dbf96abcccb8d813a08aac5be86035b3fdd
=== RUN   FuzzBn256Mul/e3ef856b124e96de84872148d478f4a7cc2f0903
=== RUN   FuzzBn256Mul/e4020058ce248ea44fb35e8230931361e0f169da
=== RUN   FuzzBn256Mul/e769b01668b8abe54d62ea03bb92b207701db3b4
=== RUN   FuzzBn256Mul/e7c3803122d03a9267e246b1dee33c9e69eeaf60
=== RUN   FuzzBn256Mul/e7f2d26fe5c7c382b67ae77b7aefb859f2fff83b
=== RUN   FuzzBn256Mul/e882b17a0eecee25e8fee2582d332731b894a15d
=== RUN   FuzzBn256Mul/e8c403c2e5600f6cf3723943efd03f8e6b04231f
=== RUN   FuzzBn256Mul/eaaa00aeb3790b9789358d1cb14aac50f762ac09
=== RUN   FuzzBn256Mul/eb52458e5ce681db7bc2081ebf9740b413819c43
=== RUN   FuzzBn256Mul/eec4fe75bf7c141ca25504abfb8a13fd39304a1c
=== RUN   FuzzBn256Mul/ef6684158e4ed30f288d04c5149ef0d3688c9017
=== RUN   FuzzBn256Mul/ef807cc9022155b1a8a3f457aa0a8fbe7cf54e18
=== RUN   FuzzBn256Mul/f0956b64dfc389506cfd5369c59edabf7c6f7ce8
=== RUN   FuzzBn256Mul/f320e3040fc39e39edd7f18fe2560b0fc82b88b2
=== RUN   FuzzBn256Mul/f3448a2af00cd948576caabecbb1f3f3f097679e
=== RUN   FuzzBn256Mul/f41228cf66eeb703d441a5add6431704810bbaf7
=== RUN   FuzzBn256Mul/f49585cee10d09ec2ffb6c91e80fefc53c063ff8
=== RUN   FuzzBn256Mul/f50fd3a9969bd71602944a2fdd319c29133aeb1f
=== RUN   FuzzBn256Mul/f5a7b4f6257b1cadec44fcc140d014205479aae1
=== RUN   FuzzBn256Mul/f8c04e36ba765b4d73efcb76459f71b74ce2af4a
=== RUN   FuzzBn256Mul/f8c2ebf99f208ae8d1725e45b5702a92696964ad
=== RUN   FuzzBn256Mul/f8ce1852599033ea1b70a2d2ed246bb79b05c997
=== RUN   FuzzBn256Mul/f9baab0447d47881ac4e7e9b5535a07455582815
=== RUN   FuzzBn256Mul/f9bfec39bdc45e875ba735ed7e29f0da10595cc1
=== RUN   FuzzBn256Mul/fa5a99cf7e68f4e1ac14da50c468fd150057a0dd
=== RUN   FuzzBn256Mul/fa6d42eda4e173160a04eb5715cf5a4e95a070a2
=== RUN   FuzzBn256Mul/faaf4e64e3ee90c818fe038d2c247666361bf7b2
=== RUN   FuzzBn256Mul/fade6dccfd5f4b8da7a3b9599cca6b97020a7fd8
=== RUN   FuzzBn256Mul/fc1aea176d7d52e5d49dbffe82f68f3db8f8f3c8
=== RUN   FuzzBn256Mul/fc2c540fdec0654353c5cfa903fccdbff78ec3a9
=== RUN   FuzzBn256Mul/fcdc71d2fcb6025932791e4f7aecd08f3265c2eb
=== RUN   FuzzBn256Mul/fcf9d2d98fdf6c37360d78f949837f4f16832b3c
=== RUN   FuzzBn256Mul/fddacfe72414a712cdf64ae0685d43ab7b735780
=== RUN   FuzzBn256Mul/fe00e5040903592fda214dc910f3e4b56fc0e7f7
=== RUN   FuzzBn256Mul/ff00835b5b3c466ef386afe500fe3b8e6d2a6283
=== RUN   FuzzBn256Mul/ffb725067836b5e5689e32290b0ec4f8e6c2e4dd
--- PASS: FuzzBn256Mul (0.52s)
    --- PASS: FuzzBn256Mul/030f26c81c11b892d56f2b339841bf561e6ed811 (0.00s)
    --- PASS: FuzzBn256Mul/03408a9e3b622fd21a22a55b1d1ac9821652a3f8 (0.00s)
    --- PASS: FuzzBn256Mul/05b462f4aee00b072e72bf3f327c2f2e2328ba7f (0.00s)
    --- PASS: FuzzBn256Mul/05cd174270a428350eb78bf0c968be0e863a989c (0.00s)
    --- PASS: FuzzBn256Mul/06686ae31c59048331977997b6c555456097565d (0.00s)
    --- PASS: FuzzBn256Mul/072b16636719f7bdb463d571c5a47bfc3b864659 (0.00s)
    --- PASS: FuzzBn256Mul/0737e875b8d726db0a98d1b7f4aa66d3a9c1f7d6 (0.00s)
    --- PASS: FuzzBn256Mul/0763c22e3a8681008b8b583528c347b30faf8544 (0.00s)
    --- PASS: FuzzBn256Mul/08453104c1d8ba1d33ad100dc69ea170d82f070d (0.00s)
    --- PASS: FuzzBn256Mul/08505dfad0605c9b027520c4fcb8fc887a275360 (0.00s)
    --- PASS: FuzzBn256Mul/0a8c5eae04398f9010e938684fe2200fd26ae16b (0.00s)
    --- PASS: FuzzBn256Mul/0b4dfb40d0c27e1d92366bc1a5c6b7293d1c06e0 (0.00s)
    --- PASS: FuzzBn256Mul/0c27eb478b528279aa9b735769d57150d5862e02 (0.00s)
    --- PASS: FuzzBn256Mul/0d03550bd7942b2e34c5611bd40249e2c58a2e31 (0.00s)
    --- PASS: FuzzBn256Mul/0d8c3db70987391075ef18f0ce7da5afc7f8e09c (0.00s)
    --- PASS: FuzzBn256Mul/10f741391c61edfcc0a7ea255e264af3cee4c607 (0.00s)
    --- PASS: FuzzBn256Mul/116424fa97661dff9ba65a7bea51f6365b082489 (0.00s)
    --- PASS: FuzzBn256Mul/11dd5c304f2ab669daf23f70a62acfcb4b6f247b (0.00s)
    --- PASS: FuzzBn256Mul/1214957c1795dc3b185eb9451fe2cd2745bef223 (0.00s)
    --- PASS: FuzzBn256Mul/129002f099524c65ee475ee41a4dcb31054e679e (0.00s)
    --- PASS: FuzzBn256Mul/14bffee3884db19dd4f01afdaf873ffa5804232e (0.00s)
    --- PASS: FuzzBn256Mul/150ec3bf940cc9bcb946361915cff5a22ad5e89d (0.00s)
    --- PASS: FuzzBn256Mul/16d8e2e00bf9d5406605591e142b4502eee4c324 (0.01s)
    --- PASS: FuzzBn256Mul/19b0dd30f75cdabca1a463115b1eaa2976c2289a (0.00s)
    --- PASS: FuzzBn256Mul/1b51a96d78a7bd768437eb77fd0d737a636ea5b4 (0.00s)
    --- PASS: FuzzBn256Mul/1f2827f7b1bdc68b12b705f6ddeb7af6598300d7 (0.00s)
    --- PASS: FuzzBn256Mul/21cd8cd984d88d09f76db7469d638d6cbcbfafe2 (0.00s)
    --- PASS: FuzzBn256Mul/228011ee22b1a33502b5a7d72938bfd86e95b43c (0.00s)
    --- PASS: FuzzBn256Mul/22a819ba8720f383623d332f86b53624fbd37af2 (0.00s)
    --- PASS: FuzzBn256Mul/24290283e258dbb190b800295212092614b5c854 (0.00s)
    --- PASS: FuzzBn256Mul/243fd163cfd24401d78b5508cc75ca5f887d5e66 (0.00s)
    --- PASS: FuzzBn256Mul/26187308d1733cefb1d886251ea3c64ca595034f (0.00s)
    --- PASS: FuzzBn256Mul/26910def5c2d1bf70dd11ad2c7da409e65e0114f (0.00s)
    --- PASS: FuzzBn256Mul/26d2620a5ed2e2d2e33b5dd56dd41774221f6df2 (0.00s)
    --- PASS: FuzzBn256Mul/28b2822588f764e26b8a2cc7867222943cf2fc72 (0.00s)
    --- PASS: FuzzBn256Mul/293be19371792125f322d8aa51a2a3e4e66b0382 (0.00s)
    --- PASS: FuzzBn256Mul/2968d503b2e5cebd56186484dd10c430772309cc (0.00s)
    --- PASS: FuzzBn256Mul/29ed941353208b2a913bc0b61ef4298204692b3f (0.00s)
    --- PASS: FuzzBn256Mul/2b1e57a62a6ce0e4ae4faf1b4828456be0464e72 (0.00s)
    --- PASS: FuzzBn256Mul/2bc38d46e3a5d37900c5525e035b26bf6631aa5e (0.00s)
    --- PASS: FuzzBn256Mul/2d8741f0e9986cb89b1d986ed78437e699730935 (0.00s)
    --- PASS: FuzzBn256Mul/2dd239d0c8ca8a2bdd9f44093ab210214065e3cc (0.00s)
    --- PASS: FuzzBn256Mul/2ecb1bb7087d65c8fa2a7fc6bf784aae0a68e69d (0.00s)
    --- PASS: FuzzBn256Mul/2edf8b57f3ae5fc644a4fa9f08c8001350077211 (0.00s)
    --- PASS: FuzzBn256Mul/301bb328967dc12e890d694947f39df3b54acbaa (0.00s)
    --- PASS: FuzzBn256Mul/3109234936a8c03ff867df98f4791ab3df4d9344 (0.00s)
    --- PASS: FuzzBn256Mul/3120cb96547420d0385fae3d162da4e4cc33e38a (0.00s)
    --- PASS: FuzzBn256Mul/318225c53db8aabf8e5a0c80089913fe22d0554c (0.00s)
    --- PASS: FuzzBn256Mul/326fec489fbafea42ca5526749d87a18713c630e (0.00s)
    --- PASS: FuzzBn256Mul/33193d42a733f26e5031a6d751446a071dbc5e65 (0.00s)
    --- PASS: FuzzBn256Mul/341f4d166867cf59470124155657a55601ebc1fe (0.00s)
    --- PASS: FuzzBn256Mul/3425fa0b6de5b50535fc043bdcdd4758fac74394 (0.00s)
    --- PASS: FuzzBn256Mul/3551969f5bb15268946d2be5dde349d18041ec10 (0.01s)
    --- PASS: FuzzBn256Mul/35720b70a15daee3fa4c548e86a810ceaa2cbb0b (0.00s)
    --- PASS: FuzzBn256Mul/364d820984cd16782e6e9215341f9ed1ecbb0772 (0.00s)
    --- PASS: FuzzBn256Mul/36c08e5316cdc20a7064c3c6355003727b5418b7 (0.00s)
    --- PASS: FuzzBn256Mul/36feab059e23768956b1491c9024264f218c77a2 (0.00s)
    --- PASS: FuzzBn256Mul/3745f122b7ebcc4b604de23c71431aca25948624 (0.00s)
    --- PASS: FuzzBn256Mul/37ba6f91de93cfb590fb3f734d7a5d9a79203df2 (0.01s)
    --- PASS: FuzzBn256Mul/390fe894c6059f06d6fa9ca24150ca379d8f169f (0.00s)
    --- PASS: FuzzBn256Mul/39e47db71549c176ee48089fd20f9b8c4a34ee34 (0.00s)
    --- PASS: FuzzBn256Mul/3a19fa6e64fbd22f33a32193db817a661dae3ec1 (0.00s)
    --- PASS: FuzzBn256Mul/3c52272c192f3f77bf1efc9d1613f9cb70200bcb (0.00s)
    --- PASS: FuzzBn256Mul/3da04a00acf5edd7e7c89a5dfdd7c45ec41015d3 (0.00s)
    --- PASS: FuzzBn256Mul/3eb9fc1eca3ccef9b7d3895c5d1d01aa4f53ad64 (0.00s)
    --- PASS: FuzzBn256Mul/3fd171fdca67877030dd440eac0237b4b7d597da (0.00s)
    --- PASS: FuzzBn256Mul/402596abf37652c73af2dfaaa0490e136d1abfd8 (0.00s)
    --- PASS: FuzzBn256Mul/4074201217548f245be624614cd7b1ede9a565db (0.00s)
    --- PASS: FuzzBn256Mul/41e9af288b89cc2c6a5cc46ef00a9dd86f4277a3 (0.00s)
    --- PASS: FuzzBn256Mul/42b4bb6ee59747dda1b4feef323f2646455eeed1 (0.00s)
    --- PASS: FuzzBn256Mul/43193a91a6c32a1bcb8ae97c56a211b896bb8f6f (0.00s)
    --- PASS: FuzzBn256Mul/436560fefa2c5883214dd7682cfe18582667c874 (0.00s)
    --- PASS: FuzzBn256Mul/4411ffc3a3a30a37331c1fdb9f77afaa6abb7e80 (0.00s)
    --- PASS: FuzzBn256Mul/44e6491d66ec7e52757f102c698bfb86e19e3d99 (0.00s)
    --- PASS: FuzzBn256Mul/474506c4faf45ebba83bfbb9acf09c9cac1920fe (0.00s)
    --- PASS: FuzzBn256Mul/486223cb6dc65e86d94ba3c4d72dc5b3c728be4c (0.00s)
    --- PASS: FuzzBn256Mul/48a888634696929fb4390cd09a2f2d370d0a9941 (0.00s)
    --- PASS: FuzzBn256Mul/49fad3b6120f48798042de91cbdf335b9e374e6a (0.00s)
    --- PASS: FuzzBn256Mul/49fbde5ef115cffb5673e5237d428116e2d068fa (0.00s)
    --- PASS: FuzzBn256Mul/4a2a2e0c7232a7bd7face7b72e7441755daba9a8 (0.00s)
    --- PASS: FuzzBn256Mul/4cf563e694048e9d15b5256662c302407db88367 (0.00s)
    --- PASS: FuzzBn256Mul/4da3fe0f7d6059daa9558918f0e5c1971655629f (0.00s)
    --- PASS: FuzzBn256Mul/4e17d1c6828b9d639b71358c2d721f2baf028404 (0.00s)
    --- PASS: FuzzBn256Mul/4e98b8ee3d20f6e8409a42d9cb1225f964f8c419 (0.00s)
    --- PASS: FuzzBn256Mul/4f4f703226d326a6d8132218e20a51c2526aaa70 (0.00s)
    --- PASS: FuzzBn256Mul/4f9234ebf021d8ec08fe5343ddc190819107b390 (0.00s)
    --- PASS: FuzzBn256Mul/4fb7dc8b7ab3f4dd69fc9567b6966a98e3b83391 (0.00s)
    --- PASS: FuzzBn256Mul/5078c5433e27a4cacecfe3db4e3f818c8475ae0b (0.00s)
    --- PASS: FuzzBn256Mul/51114243e72c75ffff5f9e8a5b9e3bd0e7808a81 (0.00s)
    --- PASS: FuzzBn256Mul/5168b27c21d2de36a9ca89a6b8e0d7c0525c70ad (0.00s)
    --- PASS: FuzzBn256Mul/51c50902d1e5e6f448a072373fc9223812986aad (0.00s)
    --- PASS: FuzzBn256Mul/5244bcc9ca24bf4039813fc13905fa8b64e09495 (0.00s)
    --- PASS: FuzzBn256Mul/52f7a64dd8903119f4985974bcbe39f4e22123e8 (0.00s)
    --- PASS: FuzzBn256Mul/5416d63c804ec9dd33ff5450562d1f8705a66366 (0.00s)
    --- PASS: FuzzBn256Mul/542ae3f7c31d4b0dc7818dd687994dfcffd27a7c (0.00s)
    --- PASS: FuzzBn256Mul/543767fd3981a0abb43609b321a6316083df4a4e (0.01s)
    --- PASS: FuzzBn256Mul/5493ca6d28347441d0b559189f76a73e85d3f27a (0.00s)
    --- PASS: FuzzBn256Mul/55776a770bb3d16283a592fe0f6ebe2ebb4aa8f6 (0.00s)
    --- PASS: FuzzBn256Mul/55ab3eb8e297e61389245e2c412634c3f2a9217c (0.00s)
    --- PASS: FuzzBn256Mul/560305798d5e69fde9582a1b7571b4d72ff9b4ac (0.00s)
    --- PASS: FuzzBn256Mul/5632877e958e482f7ee78fee4a1ab66ce675e2a2 (0.00s)
    --- PASS: FuzzBn256Mul/564480541ea3c00e477826687c407502d90f612a (0.00s)
    --- PASS: FuzzBn256Mul/564b0ae723c794e9f9c4214bd18076d43607732b (0.00s)
    --- PASS: FuzzBn256Mul/580413fc6b898626b6db0c2e8354f0556840e497 (0.00s)
    --- PASS: FuzzBn256Mul/58b6b47663502ec13c717139c6b11d87807b5c50 (0.00s)
    --- PASS: FuzzBn256Mul/5a0153ae6b2d0637d1bd7543b0e1314de6255de6 (0.00s)
    --- PASS: FuzzBn256Mul/5a6e4e3c39a8e0e70e00ceccb2e06c2ac329b3e9 (0.00s)
    --- PASS: FuzzBn256Mul/5bb774bb8d85e39fa39b0a2872184a50a01dd55c (0.00s)
    --- PASS: FuzzBn256Mul/5bc7998b182d7f797b619c6f764a5a5c742672b7 (0.00s)
    --- PASS: FuzzBn256Mul/5c204af96cf7e149582991832fd31e1c7bd63dc4 (0.00s)
    --- PASS: FuzzBn256Mul/5cf7eb0cff85d7dcf9a6cc31ea6d9f57eebd25e2 (0.00s)
    --- PASS: FuzzBn256Mul/5d8fd7ac842bd989f50f5daa2c21ac3980d4ec95 (0.00s)
    --- PASS: FuzzBn256Mul/5f7b0bb75830db263a72c7defcab5776ef40e4d7 (0.00s)
    --- PASS: FuzzBn256Mul/6045a7ad4fd732a42d9d796fd8c7963d42554f0a (0.00s)
    --- PASS: FuzzBn256Mul/627fe0d48a311cef56c5f3d0a9de7b0a8fa14497 (0.00s)
    --- PASS: FuzzBn256Mul/636d864e8d7571264cd2ba9b9a94485d81d3428f (0.00s)
    --- PASS: FuzzBn256Mul/640f797806cd5826bfaecb78adabdd1958c3874c (0.00s)
    --- PASS: FuzzBn256Mul/64cc75ccb8a70adb9260fa68afdb454a39f2cf54 (0.00s)
    --- PASS: FuzzBn256Mul/658d58c6b8544e528e0488cb7015e602fdf5cd4d (0.00s)
    --- PASS: FuzzBn256Mul/661c5dcd883dd03d467b030d18e310c5ff7af3fc (0.00s)
    --- PASS: FuzzBn256Mul/67c571fb5534b77c5caead6692315cdd23dc9046 (0.00s)
    --- PASS: FuzzBn256Mul/68ca339677492a014f4ba233089ccc33d7684d75 (0.00s)
    --- PASS: FuzzBn256Mul/69c339ced2e172449c68998ce9c38ae216bb6933 (0.00s)
    --- PASS: FuzzBn256Mul/6a0082171f918f3d81075e8c03cc3c9c1907685a (0.00s)
    --- PASS: FuzzBn256Mul/6a59d6b261fbd3f43bd3864e8453a192e62cbd77 (0.00s)
    --- PASS: FuzzBn256Mul/6b7d9fce205ce8b24010c1aff07c28bbd4060073 (0.00s)
    --- PASS: FuzzBn256Mul/6d348aaf3fa26a53dddf0745abd750f1484f1e32 (0.00s)
    --- PASS: FuzzBn256Mul/6dda053bbe6e64a66ccb63d42773cf0c47f28bd7 (0.00s)
    --- PASS: FuzzBn256Mul/6fb4b9389348903a2102da61257191559b844a12 (0.00s)
    --- PASS: FuzzBn256Mul/72af03cc07704f2aa1b7ec94a3e8fe3945ba3b37 (0.00s)
    --- PASS: FuzzBn256Mul/72f8bd16012636cec4fc94f155c18a50a037c773 (0.00s)
    --- PASS: FuzzBn256Mul/7442950766c1dab4d8d5545ba55c081fa0c9ecae (0.00s)
    --- PASS: FuzzBn256Mul/76f1109799e4111e630cbcdc13babcf7467cf7f1 (0.00s)
    --- PASS: FuzzBn256Mul/76f330df47eb3c1709e349297564f2e02ae81e9c (0.00s)
    --- PASS: FuzzBn256Mul/77c10e03706ae6b280077294c07761fe1c8a8120 (0.00s)
    --- PASS: FuzzBn256Mul/7a0a07f8db89b3e8dcb98f8bcdcced756c245e63 (0.00s)
    --- PASS: FuzzBn256Mul/7a80d1f29ff4ac009e53f15ef5f5d3741a17f12c (0.00s)
    --- PASS: FuzzBn256Mul/7eaad8cdda9bae207d7b29e386cc844b718b9fdc (0.00s)
    --- PASS: FuzzBn256Mul/7ed826ed08040787dbc38c3612b828f018be0ceb (0.00s)
    --- PASS: FuzzBn256Mul/8194fb50482e04688a3d7d433ae89593e9dbffe8 (0.00s)
    --- PASS: FuzzBn256Mul/83aafa3186ed604945ed27f845757ea196d39f4e (0.00s)
    --- PASS: FuzzBn256Mul/847e8e7fdb06ede907ef8c13f58072e12c42fcd4 (0.00s)
    --- PASS: FuzzBn256Mul/869b302bf246303bda4271adcaae672b43d48456 (0.00s)
    --- PASS: FuzzBn256Mul/8784d2b27fa64c356d3b22ef4b65544fabb15639 (0.00s)
    --- PASS: FuzzBn256Mul/8a89a8a1b999803f7e5b07deecb2bff636001314 (0.00s)
    --- PASS: FuzzBn256Mul/8b7da15e6ed77fadd2ff161ad7b1d2737450cf43 (0.00s)
    --- PASS: FuzzBn256Mul/8c79ea211081132cf1947fc823c0dd5d73034bcc (0.00s)
    --- PASS: FuzzBn256Mul/8cc88c083b16a837fb119786dd0af4004d867d48 (0.00s)
    --- PASS: FuzzBn256Mul/8d6208ff661966c0bd89eed9bd63305af7456d7f (0.00s)
    --- PASS: FuzzBn256Mul/8d643a8e7e3ea4c2deb8e34bbce4c1d288823054 (0.00s)
    --- PASS: FuzzBn256Mul/8e31983d0d3660124d525cb0b1e4456f86de62de (0.00s)
    --- PASS: FuzzBn256Mul/8f99f658a6440f0a9a20004ffc44ed94f7249acd (0.00s)
    --- PASS: FuzzBn256Mul/900a7036a43d2dd5179368d9e0e8531b5573aa7c (0.00s)
    --- PASS: FuzzBn256Mul/905f5b06d1e4eb9b357abf716ce7816ddc3adcb8 (0.00s)
    --- PASS: FuzzBn256Mul/91cd3b70664d72f29f721374106202dcd211d21d (0.00s)
    --- PASS: FuzzBn256Mul/922da9bdde1e722f08c39b7fc7b1de32e30b8e28 (0.00s)
    --- PASS: FuzzBn256Mul/94ce93a8846ff9873c43825a4e1515c42990d19c (0.00s)
    --- PASS: FuzzBn256Mul/9528b12f38513738639674c9f008f77a47192bc1 (0.00s)
    --- PASS: FuzzBn256Mul/95525d851f4faf0f23aea31af614f63ff726a17a (0.00s)
    --- PASS: FuzzBn256Mul/955496b69bcf3ff9329b43dbc3a6df9965334aa5 (0.00s)
    --- PASS: FuzzBn256Mul/955e30c454b6709c9f0e9ea5a72b679838870226 (0.00s)
    --- PASS: FuzzBn256Mul/96737c8c7186e8ab8fa1e8bf15c18447ef124ed4 (0.00s)
    --- PASS: FuzzBn256Mul/96a4d04b419044770814058618d9161eeeef70fb (0.00s)
    --- PASS: FuzzBn256Mul/98ab36e6576cf18bc55c38b12da126721452884e (0.00s)
    --- PASS: FuzzBn256Mul/991c3f29548baaa1cfcf62f5ccd0afad150bd849 (0.00s)
    --- PASS: FuzzBn256Mul/9cce5dd2b46046336334b261ea09072d03c69b2f (0.00s)
    --- PASS: FuzzBn256Mul/9e46d51180fe65e57d75e9fb1e8c9da3563fd5a0 (0.00s)
    --- PASS: FuzzBn256Mul/9e9444ef5bacd0090a58edfd573fc72fcbb91fe4 (0.00s)
    --- PASS: FuzzBn256Mul/9edd29d65ff67b9cd2add6bf776de4d9d42a7fa0 (0.00s)
    --- PASS: FuzzBn256Mul/9edff38d778cdf97e87dbbde0d5b2bd28494e4b3 (0.00s)
    --- PASS: FuzzBn256Mul/a0816b48c54d6b679f8074bf0cce872dc47a7fa5 (0.00s)
    --- PASS: FuzzBn256Mul/a182fe93794db7ec62f39c2aa2f876dfd3fb98dd (0.00s)
    --- PASS: FuzzBn256Mul/a21962e1b7bdc577de003c24d73ff015e5e9dbe6 (0.00s)
    --- PASS: FuzzBn256Mul/a3da2ff605abdd7e3f66d6c2a4eedf2018a872a6 (0.00s)
    --- PASS: FuzzBn256Mul/a3e66620e54caa1a5aea60b760b572871baab13d (0.00s)
    --- PASS: FuzzBn256Mul/a5169daea0aba79604259af76623b9415e260f61 (0.00s)
    --- PASS: FuzzBn256Mul/a5a0e30457b767e52a5e247213b931d31fd458ad (0.00s)
    --- PASS: FuzzBn256Mul/a5a8b171cd97783ac87c65655c1a484d724dcd71 (0.00s)
    --- PASS: FuzzBn256Mul/a7d2b4bbe9c7caf809ea2faafd9a5f90b22a6441 (0.00s)
    --- PASS: FuzzBn256Mul/a80d4ce1d1143d756f98e541d39f672d441bc789 (0.00s)
    --- PASS: FuzzBn256Mul/a8377485b46cb8946946d9328072ba38d1136501 (0.00s)
    --- PASS: FuzzBn256Mul/a8de61f601d4670c91f163df7464cf4d3ccf4705 (0.00s)
    --- PASS: FuzzBn256Mul/aadfa9085deb76a9eb9b94baba51587431d4fe03 (0.00s)
    --- PASS: FuzzBn256Mul/ab2526809b2ad2e51207f147d0f846d7c8e75438 (0.00s)
    --- PASS: FuzzBn256Mul/ac95e0f0f5a4196e057c07f67a320ef718d06900 (0.00s)
    --- PASS: FuzzBn256Mul/ad4d00e8e5d662bee5b7b80c46e8a53d364fafb3 (0.00s)
    --- PASS: FuzzBn256Mul/adc83b19e793491b1c6ea0fd8b46cd9f32e592fc (0.00s)
    --- PASS: FuzzBn256Mul/ae0cd65583458cf183d72c2bd32e5112e49309fb (0.00s)
    --- PASS: FuzzBn256Mul/ae568260b8c5a2f2865f5bd50f31932cec39f484 (0.00s)
    --- PASS: FuzzBn256Mul/afc14bc19b5fcc19714bb655d3bb45c42222c474 (0.00s)
    --- PASS: FuzzBn256Mul/b01be0d2fb4481d21ffa9bc7fbc0c05dc77b6c7a (0.00s)
    --- PASS: FuzzBn256Mul/b22fea11af37e6d0c51ec348dff76f6e32ffdc0f (0.00s)
    --- PASS: FuzzBn256Mul/b29198b7b1f20e0c72f8fd383f4ee20b6c6e0319 (0.00s)
    --- PASS: FuzzBn256Mul/b3b23eae7eb67c89b703125fc364d38113c4c2df (0.00s)
    --- PASS: FuzzBn256Mul/b491b25b38a87706511af61a82abde2c8496681e (0.00s)
    --- PASS: FuzzBn256Mul/b5ced06b592abce4a75cbef21bd8e818b2423583 (0.00s)
    --- PASS: FuzzBn256Mul/b5e2048a4cd40bbcf24d510f42acc062b4e2b676 (0.00s)
    --- PASS: FuzzBn256Mul/b6b86e0b749fc649ae87c4b498930cbe62c6951f (0.00s)
    --- PASS: FuzzBn256Mul/b715910d145313b5a9bb5a3825681229206d1286 (0.00s)
    --- PASS: FuzzBn256Mul/bc6b8d8ca36015e9ebd19ca7af31ff10a4cfaec5 (0.00s)
    --- PASS: FuzzBn256Mul/bcd13ed9afa74e49293ac9c7ed3e2cf1e0a34483 (0.00s)
    --- PASS: FuzzBn256Mul/be397747230b790377acff2d637d6f0f340b22fa (0.00s)
    --- PASS: FuzzBn256Mul/bf7dc25d684d39158891a25620961a6dd2576eac (0.00s)
    --- PASS: FuzzBn256Mul/c3ad8603e81d709621c6d8531ca41888cbb67dbe (0.00s)
    --- PASS: FuzzBn256Mul/c41622eb23f9e17804b479a58433fcd9c1fec3ff (0.00s)
    --- PASS: FuzzBn256Mul/c4982a4021799dbfa2e774b72fa080b28ab42d84 (0.00s)
    --- PASS: FuzzBn256Mul/c5b7fb8e1169c8acc11aa85828fee18e1be152fe (0.00s)
    --- PASS: FuzzBn256Mul/c6606844dba6a3e501c231de41d6898c54e9789e (0.00s)
    --- PASS: FuzzBn256Mul/c6d6973f22f58fb304c5b04083a903801a1c9b5c (0.00s)
    --- PASS: FuzzBn256Mul/c6d9271446cc137dc850fe0ffd540d7e1d45ca54 (0.00s)
    --- PASS: FuzzBn256Mul/c86d986d663c369da11d9c1e3d4c11dcc3eca838 (0.00s)
    --- PASS: FuzzBn256Mul/c985d38f471c42652f7b750c0e84b56cb9f8a411 (0.00s)
    --- PASS: FuzzBn256Mul/c9a7d100da01428906eb839bee6197e1be16be9c (0.00s)
    --- PASS: FuzzBn256Mul/ca0ea17ab4e960640bf25a028e46942c0a5f3259 (0.00s)
    --- PASS: FuzzBn256Mul/cbbf9e020096474752d0ddfa94c775a2116e85a0 (0.00s)
    --- PASS: FuzzBn256Mul/cc466081eb9db705d8936c03161ba08be04a2fc7 (0.00s)
    --- PASS: FuzzBn256Mul/cce2920b9db535932a51fd2ef9f139fb5acb6b3f (0.00s)
    --- PASS: FuzzBn256Mul/cd93fcd8cccc7826c2d11b749e8c6a5536af47b9 (0.00s)
    --- PASS: FuzzBn256Mul/cef2f3840ce8da941cb4bcca366dead02ed367c5 (0.00s)
    --- PASS: FuzzBn256Mul/cf055b5c02b62f97cbffae588340b82ca6b26425 (0.00s)
    --- PASS: FuzzBn256Mul/cf93033cdc935ecfccfaeb420035de2e0842413e (0.00s)
    --- PASS: FuzzBn256Mul/cfc90790793f4f5ea4bc4df12c8fc2ad6f18648c (0.00s)
    --- PASS: FuzzBn256Mul/d00a39de55627a7c57687d9dd205b3d28e328310 (0.00s)
    --- PASS: FuzzBn256Mul/d0d36d69331600cba17d2d735621dfbd239e5afd (0.00s)
    --- PASS: FuzzBn256Mul/d1f07771e9e315b05f0cf0e7dc26206c64e7a8e9 (0.00s)
    --- PASS: FuzzBn256Mul/d3061a42cf53dd8af39ed201af71702ad46a8c87 (0.00s)
    --- PASS: FuzzBn256Mul/d327029ce8745cac19fc48cc8eb4b2972f15a7dd (0.00s)
    --- PASS: FuzzBn256Mul/d5b7cd0a5ee50ca8a0235d24ebfb04ad0f5be165 (0.00s)
    --- PASS: FuzzBn256Mul/d8f86ef9c5bf510d2917bebe3dd0fa0e221a4d49 (0.00s)
    --- PASS: FuzzBn256Mul/d922938738537c9ee75608d11da5365a762271bf (0.00s)
    --- PASS: FuzzBn256Mul/d92893a056788b761a53b490f0056ba67fc6e245 (0.00s)
    --- PASS: FuzzBn256Mul/da0a49d417b7b8611c5b483d348c0ed8ed255f31 (0.00s)
    --- PASS: FuzzBn256Mul/da6e73103fca21ca8f80eefdcfb9071809c3b01a (0.00s)
    --- PASS: FuzzBn256Mul/dab8d49eabddf97c2970ad842da7e5690c03bb0e (0.00s)
    --- PASS: FuzzBn256Mul/dabbe6b3035ba97306357a2a137767729f1694d1 (0.00s)
    --- PASS: FuzzBn256Mul/dc957aa4572873a39054c6a925a4ee4fdc60fcfe (0.00s)
    --- PASS: FuzzBn256Mul/dced751cc74c15678afb8871fd9564d1f180a42d (0.00s)
    --- PASS: FuzzBn256Mul/ddfc2c05ff5ec841edd25c6eb2545cf385b14f40 (0.00s)
    --- PASS: FuzzBn256Mul/de15cc80e9c3726973535a2b04f1378c27b38edd (0.01s)
    --- PASS: FuzzBn256Mul/e1f4d58702b5ea5b01d1c26b7c3075d0f522bdcf (0.01s)
    --- PASS: FuzzBn256Mul/e2a29e4ac5de05059ea6061348a0465110b5af00 (0.00s)
    --- PASS: FuzzBn256Mul/e2de9beed12cd92f5ed75c2a25f5241dd7d5a273 (0.00s)
    --- PASS: FuzzBn256Mul/e3655c09317fd4bba47297207993590f74fe57be (0.00s)
    --- PASS: FuzzBn256Mul/e3ae5050326662a122c18f32d1a61c5cbcbcf632 (0.00s)
    --- PASS: FuzzBn256Mul/e3b55dbf96abcccb8d813a08aac5be86035b3fdd (0.00s)
    --- PASS: FuzzBn256Mul/e3ef856b124e96de84872148d478f4a7cc2f0903 (0.00s)
    --- PASS: FuzzBn256Mul/e4020058ce248ea44fb35e8230931361e0f169da (0.00s)
    --- PASS: FuzzBn256Mul/e769b01668b8abe54d62ea03bb92b207701db3b4 (0.00s)
    --- PASS: FuzzBn256Mul/e7c3803122d03a9267e246b1dee33c9e69eeaf60 (0.00s)
    --- PASS: FuzzBn256Mul/e7f2d26fe5c7c382b67ae77b7aefb859f2fff83b (0.00s)
    --- PASS: FuzzBn256Mul/e882b17a0eecee25e8fee2582d332731b894a15d (0.00s)
    --- PASS: FuzzBn256Mul/e8c403c2e5600f6cf3723943efd03f8e6b04231f (0.00s)
    --- PASS: FuzzBn256Mul/eaaa00aeb3790b9789358d1cb14aac50f762ac09 (0.00s)
    --- PASS: FuzzBn256Mul/eb52458e5ce681db7bc2081ebf9740b413819c43 (0.00s)
    --- PASS: FuzzBn256Mul/eec4fe75bf7c141ca25504abfb8a13fd39304a1c (0.01s)
    --- PASS: FuzzBn256Mul/ef6684158e4ed30f288d04c5149ef0d3688c9017 (0.00s)
    --- PASS: FuzzBn256Mul/ef807cc9022155b1a8a3f457aa0a8fbe7cf54e18 (0.00s)
    --- PASS: FuzzBn256Mul/f0956b64dfc389506cfd5369c59edabf7c6f7ce8 (0.00s)
    --- PASS: FuzzBn256Mul/f320e3040fc39e39edd7f18fe2560b0fc82b88b2 (0.00s)
    --- PASS: FuzzBn256Mul/f3448a2af00cd948576caabecbb1f3f3f097679e (0.00s)
    --- PASS: FuzzBn256Mul/f41228cf66eeb703d441a5add6431704810bbaf7 (0.00s)
    --- PASS: FuzzBn256Mul/f49585cee10d09ec2ffb6c91e80fefc53c063ff8 (0.00s)
    --- PASS: FuzzBn256Mul/f50fd3a9969bd71602944a2fdd319c29133aeb1f (0.00s)
    --- PASS: FuzzBn256Mul/f5a7b4f6257b1cadec44fcc140d014205479aae1 (0.00s)
    --- PASS: FuzzBn256Mul/f8c04e36ba765b4d73efcb76459f71b74ce2af4a (0.00s)
    --- PASS: FuzzBn256Mul/f8c2ebf99f208ae8d1725e45b5702a92696964ad (0.00s)
    --- PASS: FuzzBn256Mul/f8ce1852599033ea1b70a2d2ed246bb79b05c997 (0.00s)
    --- PASS: FuzzBn256Mul/f9baab0447d47881ac4e7e9b5535a07455582815 (0.00s)
    --- PASS: FuzzBn256Mul/f9bfec39bdc45e875ba735ed7e29f0da10595cc1 (0.00s)
    --- PASS: FuzzBn256Mul/fa5a99cf7e68f4e1ac14da50c468fd150057a0dd (0.00s)
    --- PASS: FuzzBn256Mul/fa6d42eda4e173160a04eb5715cf5a4e95a070a2 (0.00s)
    --- PASS: FuzzBn256Mul/faaf4e64e3ee90c818fe038d2c247666361bf7b2 (0.00s)
    --- PASS: FuzzBn256Mul/fade6dccfd5f4b8da7a3b9599cca6b97020a7fd8 (0.00s)
    --- PASS: FuzzBn256Mul/fc1aea176d7d52e5d49dbffe82f68f3db8f8f3c8 (0.00s)
    --- PASS: FuzzBn256Mul/fc2c540fdec0654353c5cfa903fccdbff78ec3a9 (0.00s)
    --- PASS: FuzzBn256Mul/fcdc71d2fcb6025932791e4f7aecd08f3265c2eb (0.01s)
    --- PASS: FuzzBn256Mul/fcf9d2d98fdf6c37360d78f949837f4f16832b3c (0.00s)
    --- PASS: FuzzBn256Mul/fddacfe72414a712cdf64ae0685d43ab7b735780 (0.00s)
    --- PASS: FuzzBn256Mul/fe00e5040903592fda214dc910f3e4b56fc0e7f7 (0.00s)
    --- PASS: FuzzBn256Mul/ff00835b5b3c466ef386afe500fe3b8e6d2a6283 (0.00s)
    --- PASS: FuzzBn256Mul/ffb725067836b5e5689e32290b0ec4f8e6c2e4dd (0.00s)
=== RUN   FuzzBn256Pair
=== RUN   FuzzBn256Pair/03a7ce4034480152079e653482c71f97e8511cb9
=== RUN   FuzzBn256Pair/07884a87a26db87b91cf7b542e7debb8d3f108f4
=== RUN   FuzzBn256Pair/08d51ce53d81eea350e0bf34ffbcc40765a540cf
=== RUN   FuzzBn256Pair/08da95bf14d641dcb187be0ac39e98ce35331df7
=== RUN   FuzzBn256Pair/0953fa4bc6153e79572be9d7b95169696337e6e8
=== RUN   FuzzBn256Pair/0990e40977394f41c9da52a2251a9274eb263aa9
=== RUN   FuzzBn256Pair/09af306c9415ed033c43812713371d9b48db486c
=== RUN   FuzzBn256Pair/0a518031a391a60576a0ffc9575b5fc5ba5e0588
=== RUN   FuzzBn256Pair/0b9efa515016a6e27f1aee02d3ab7fadf6dc7293
=== RUN   FuzzBn256Pair/0bf7a7f2411a64061642b878515e72d4ed78f6e0
=== RUN   FuzzBn256Pair/0e1cfd48e16b463e79e59b292d46de26f6c4e30a
=== RUN   FuzzBn256Pair/0e854220da730a54a1361f2c618066a0a192f9a3
=== RUN   FuzzBn256Pair/0f3ed3a9e2afa68d75cd96b1c310f96601c2fe1e
=== RUN   FuzzBn256Pair/0fdf5613cbcba5ed003b0dca719fd0d958ff578b
=== RUN   FuzzBn256Pair/11322b05bd3f321230aa948bfad7d983462f2330
=== RUN   FuzzBn256Pair/1155a031d5e80ed0b2245e26e2c1f7895bc4ba53
=== RUN   FuzzBn256Pair/11fd533d190ed5ae23577be1ee4c65accde3c679
=== RUN   FuzzBn256Pair/120bc6bccbf900ba50cca3cc4139189f9fe5248a
=== RUN   FuzzBn256Pair/121d894d4dd72f8e2583f698bb1c6e3e9514d5ed
=== RUN   FuzzBn256Pair/12cc60340461055d8d0fabbffb663c0f8eeac05b
=== RUN   FuzzBn256Pair/133153dd687f48fdd0fa988a877e7a7ab5bbe6dd
=== RUN   FuzzBn256Pair/1532f19fcc921dedee3584c93fa4a8baa5605f85
=== RUN   FuzzBn256Pair/17e1efd3347b94ab6b73d5e667d39861361ece47
=== RUN   FuzzBn256Pair/184a7c16016565186265fef9dfe48eccdeaba4c8
=== RUN   FuzzBn256Pair/1ac0d268d2007892629a7967cb3a870a18868ccd
=== RUN   FuzzBn256Pair/1cdca3e7db36b9d7a30c04504747391fcde66158
=== RUN   FuzzBn256Pair/1ce16afd23ca5c0315c802e6fe6bc89747d9535e
=== RUN   FuzzBn256Pair/1ceaf034767525ee83a191404d6a0a72f451273b
=== RUN   FuzzBn256Pair/1cfa10e9a49415dd248a6ae8944361390773fb94
=== RUN   FuzzBn256Pair/1e81db71408360de4a6d3d55fe8baa992f4c3003
=== RUN   FuzzBn256Pair/1f89008705e4921793a44101c9873dbc140447f6
=== RUN   FuzzBn256Pair/2030c43fcd4c45a92c36830e776e7ddba22756b9
=== RUN   FuzzBn256Pair/2078140f4c90d38ecaef443012f285cfecfd88c2
=== RUN   FuzzBn256Pair/23a484e5bf8eefa3e962a4c7c9a3b2c3c363dfd4
=== RUN   FuzzBn256Pair/23d8e78b7c5a031027332d11bc886f38e28f0c96
=== RUN   FuzzBn256Pair/245e763f1905208785eea05720be2549933e1052
=== RUN   FuzzBn256Pair/24ead9f9ece3db6adb13b7a1c5ef98c24912a22a
=== RUN   FuzzBn256Pair/250ad245f38ee1f8db0688c6d6f219e498c9f3be
=== RUN   FuzzBn256Pair/25c0ea30498b118e391ddb39cf8460f47abd3274
=== RUN   FuzzBn256Pair/2903376d5d9cfbf951d282b0bb0b71009bc3793d
=== RUN   FuzzBn256Pair/2ae78f2e0207ef666e4393ae0132648357365ff0
=== RUN   FuzzBn256Pair/303f9de6e0591e2990bf11ee52724f2513c9e8e1
=== RUN   FuzzBn256Pair/316e59bc22b048e9897018f203924208969cff68
=== RUN   FuzzBn256Pair/35a06190db0e53822d1547cff80443f30490ef37
=== RUN   FuzzBn256Pair/3832def971490855e1159297f5433fa6ee190f06
=== RUN   FuzzBn256Pair/39eef85fc6ad9d7a6c74c076eabfc7217889aa2a
=== RUN   FuzzBn256Pair/39f5266446383f9b69be4c700c933163c2c9943a
=== RUN   FuzzBn256Pair/3bddae5620860d3f0b071099ed5b7f4901677966
=== RUN   FuzzBn256Pair/3c9066af69a7eb8737db6146ad4ea0a97f05a8d1
=== RUN   FuzzBn256Pair/3e3c193bf63f8fe3d3ff07935002b9806419f4d5
=== RUN   FuzzBn256Pair/3f067f1ba6c374bb106d2b3c38e52152185ecbc7
=== RUN   FuzzBn256Pair/3f3304579a90a2a7a0aa572cca230fa58aaf020c
=== RUN   FuzzBn256Pair/3f44617dfc90e895fdee81c93c6e4d8bab7d00a3
=== RUN   FuzzBn256Pair/3fb4dae299750d8b31276e5144ab533180d30925
=== RUN   FuzzBn256Pair/3ffc35ae6310e1e3b63e5a3f056e1e53a11081a7
=== RUN   FuzzBn256Pair/4130b098f3b949722f45f59695327ba5672dbab6
=== RUN   FuzzBn256Pair/42f53bc89f302d7e3ee81736b70acf2b399160e3
=== RUN   FuzzBn256Pair/441404503eb81a118b5e3b7f1afe4c5cdb5af4d8
=== RUN   FuzzBn256Pair/4590467b0ecebb6fbedfea8eeb3e316d91cbc013
=== RUN   FuzzBn256Pair/47ba6d3143c73fb2816968d46a1e5825502e5d86
=== RUN   FuzzBn256Pair/48ac08bd572aad390ad821f63284a678425dce0e
=== RUN   FuzzBn256Pair/48c0523e412341f836e19d164828b9070cd3f97e
=== RUN   FuzzBn256Pair/48cb04629a2920ba99d0bfec1ee776a590087c61
=== RUN   FuzzBn256Pair/4c86b65e2ef104f7cc0740c09a3cf70d17cf6dfb
=== RUN   FuzzBn256Pair/4cc2975f683b8ee31a1f8049b4a08c9b43d55c4b
=== RUN   FuzzBn256Pair/4df3c19d9afac3ba273df39215fd9feebfb75aff
=== RUN   FuzzBn256Pair/4f059493dca2d3ff34f47546de2426a93f8f332a
=== RUN   FuzzBn256Pair/500db87548c44a5779f36fda07376ae9746bbe93
=== RUN   FuzzBn256Pair/50b4ed60180916e75c985c205fc5ffdea95f2a75
=== RUN   FuzzBn256Pair/5173a9a27e4fba61eb3c12af71cb48dd415239ba
=== RUN   FuzzBn256Pair/520ba6daee023759d264b15d910e5d79baf5ed43
=== RUN   FuzzBn256Pair/57fb4fb85587bd4f6d2a25ab47adea819a7679c4
=== RUN   FuzzBn256Pair/58ca5c584afeee08f6ff3a7bce02d4926e9d4cae
=== RUN   FuzzBn256Pair/597975fa8c5bbc704ea8ab6d95b40235eac496aa
=== RUN   FuzzBn256Pair/5bb5367ce4fed827e724d4f608f9dcc1eeffc22b
=== RUN   FuzzBn256Pair/5cd25d707e625123a7742d7a5ed3fc46ef08d878
=== RUN   FuzzBn256Pair/5ed76b13a059e2355e0a1c8337919224d8d9d7f2
=== RUN   FuzzBn256Pair/5f0dfa706ff57110080ceb114cbabc6dc3abe58b
=== RUN   FuzzBn256Pair/5fbdeb05eca3bca4da711d05a4a729e9f4e894b7
=== RUN   FuzzBn256Pair/600157fff96e7bb27052aaa8b93c4e7acbed56e1
=== RUN   FuzzBn256Pair/60a1dc6894a8c26d3ca17ac5ee1e32e87b0a9dbc
=== RUN   FuzzBn256Pair/60e3aac140c549d4fb3249f85dac6b4b5dfb14ee
=== RUN   FuzzBn256Pair/62dab8aa9e7439b363f0c7738584b046910114c8
=== RUN   FuzzBn256Pair/6384be4ff3bbf4808f4a82749ad9cd87386f2f05
=== RUN   FuzzBn256Pair/63b3b7fb4b42ab203ac706b0f40c17529b0b99f5
=== RUN   FuzzBn256Pair/641f93915c79d15f15cee2ec945a0896204300c1
=== RUN   FuzzBn256Pair/6786c04499f0548d33d16d10eb30d5bfb7c8d519
=== RUN   FuzzBn256Pair/68d376ff8176f1cb9b8b033e448e980731385ab6
=== RUN   FuzzBn256Pair/69760de4c988cde83b5afdb00dd0e806510dde2c
=== RUN   FuzzBn256Pair/6a086fd9158dcc8a2b6190b5f6325d1563e6baec
=== RUN   FuzzBn256Pair/6b0a0cb8e9acba8258ccd43960b421a95f9e4c81
=== RUN   FuzzBn256Pair/6ba128e6367a3062fdd111afe55de52bbe44a243
=== RUN   FuzzBn256Pair/6bd83763a81aa137587abadefdcdc7b2bb22745d
=== RUN   FuzzBn256Pair/6d54bd2a1733a144980102ce451dd007e4604402
=== RUN   FuzzBn256Pair/6d5573d243debcee2fe7133118b28f7b3178bf1c
=== RUN   FuzzBn256Pair/6f235ce3e40cf50bd0b63d5a295d3e375cc2a9b4
=== RUN   FuzzBn256Pair/6f2f4f6f1c258de3ba11ccbd37a30fed5b32302a
=== RUN   FuzzBn256Pair/71853c6197a6a7f222db0f1978c7cb232b87c5ee
=== RUN   FuzzBn256Pair/77a47591fe872e3912e525e92169d5a0886d37cd
=== RUN   FuzzBn256Pair/797d213a61f87caaf872754b8ce43925a0d4926a
=== RUN   FuzzBn256Pair/7991eae16d283e623c71617ecdaeaad56bbc7a56
=== RUN   FuzzBn256Pair/7a6d0a7326a19582328703f338eb61590e5cf2cf
=== RUN   FuzzBn256Pair/7be1c034a497d76cd608e76fb7a3833b678e617b
=== RUN   FuzzBn256Pair/7c338ed2840d2bf55f9f5e4eed04f66c80840eb3
=== RUN   FuzzBn256Pair/7ce70d99b7f86a1db0cd2b7abe00921c105079c6
=== RUN   FuzzBn256Pair/7ec7fe9d7768985700674f9205f49ed4face49f2
=== RUN   FuzzBn256Pair/7fabe1c94e5a299dbaa273c1bc14257b3cabf67f
=== RUN   FuzzBn256Pair/7fb03e5fcea50e51f4cb2b6831405387c9dcc08c
=== RUN   FuzzBn256Pair/80424869b536bd8adce32b28db72e74a4255e924
=== RUN   FuzzBn256Pair/80ab750a8f8d643fc2d5ea1dec52679444dc0a4e
=== RUN   FuzzBn256Pair/80fba45518685e8efdf5b40bc622d8710b044666
=== RUN   FuzzBn256Pair/81de7ae03e49eefdb501d9e5282a506f808b9faf
=== RUN   FuzzBn256Pair/8215df76cc36e8b8b0be031d1b07892b997049f5
=== RUN   FuzzBn256Pair/82990ff2e2ae82f76ca62b3d061995fdccdcbf73
=== RUN   FuzzBn256Pair/82dfbbb1e58fe21e764fee38173710d25877bdb1
=== RUN   FuzzBn256Pair/840199370cd30a7aa3f61b45c2f00831df0833d9
=== RUN   FuzzBn256Pair/86c58bdca268db8ed32a695897ce0bb2f443fbbf
=== RUN   FuzzBn256Pair/88222832b6686de9edd706820c030b9073e2ff78
=== RUN   FuzzBn256Pair/882ad428e19f0c02a46e6d8bd81125010feeeeb0
=== RUN   FuzzBn256Pair/8ea1349c1369d8818a7ca0bbeb6c1ee1f614052b
=== RUN   FuzzBn256Pair/8f4be9c41d645d2188692c315a81865d1846cbc3
=== RUN   FuzzBn256Pair/903215e36183a1c61a986a9657e78eae9c4ccdb9
=== RUN   FuzzBn256Pair/90c51bab2c5b0bfea5cfc0fcf0c466759362656f
=== RUN   FuzzBn256Pair/920a64cf7d06f055ede3b9b3833ea9ce00f3b4dc
=== RUN   FuzzBn256Pair/921ca98a5a20397638cd8bf1d7cb72dc48b0a889
=== RUN   FuzzBn256Pair/92befddb8d4b3ad6ede06b88fd89cdbcb5fce163
=== RUN   FuzzBn256Pair/96194108f7c574e239802600a32c97b8b9955b6b
=== RUN   FuzzBn256Pair/9694b0f7fb7492e8bc3ee341987d1527644522fa
=== RUN   FuzzBn256Pair/992f02fc79530a435d7f3508f50df2bee2cd0da6
=== RUN   FuzzBn256Pair/99ae29b00ad05cc7ca7a19f479e544d842582a5a
=== RUN   FuzzBn256Pair/9bfe149c860cf9c0b8e5ba8b73b9999be478dbee
=== RUN   FuzzBn256Pair/9c40840e58b2fb4e2aaba410906ca3a2b086eb58
=== RUN   FuzzBn256Pair/9e30720cf79f8e2c3aaeaa3d15624359f5cd7624
=== RUN   FuzzBn256Pair/9f828012f28c06e7d9de37d7ce910e1f3b186bb6
=== RUN   FuzzBn256Pair/a0d5eda40609ecf6841c9d31ed19da380a491b1a
=== RUN   FuzzBn256Pair/a0e0cbba02df5e6501b529fb8dba61105238714c
=== RUN   FuzzBn256Pair/a10abbb1a2c8c552629128fbc5f8ebc1c9f6af35
=== RUN   FuzzBn256Pair/a13da86bc73d1ea56bada75a3a28eeecfbf2d606
=== RUN   FuzzBn256Pair/a3d5c4364826e2e3903639cf77e22531aec918cb
=== RUN   FuzzBn256Pair/a527dd7d03cda640a69104f90cfef531cd8e143d
=== RUN   FuzzBn256Pair/a65f512c133d1ecc5809b1f50576898e49112fbe
=== RUN   FuzzBn256Pair/a89a3fb753fd1193708c30340cad70ed1b93c19f
=== RUN   FuzzBn256Pair/a90df4c66fec14ae95fbbe54b2cbc98ed8c24d52
=== RUN   FuzzBn256Pair/a9f7e7a929b78fa380ea209ff6bb23bc5093e63d
=== RUN   FuzzBn256Pair/aaf5717f55d318ef62141f2e3fc017579b974a7a
=== RUN   FuzzBn256Pair/ab83e2681c35c1cb82035ea0751be3cc804e8be4
=== RUN   FuzzBn256Pair/ac1d5deef496eee8f2b139275cbdff01d78f5c30
=== RUN   FuzzBn256Pair/adc83b19e793491b1c6ea0fd8b46cd9f32e592fc
=== RUN   FuzzBn256Pair/afe918ea9b7e2b2947e3b4cd1cbac67cd063f0c4
=== RUN   FuzzBn256Pair/b12599b60441a89c18112d40f4764490cbad52cd
=== RUN   FuzzBn256Pair/b12bc2c289d954e8e70c4d27d442eff06494411f
=== RUN   FuzzBn256Pair/b20f02dce22b82721bba668dcd2d3e63ccebbb21
=== RUN   FuzzBn256Pair/b6ef287ee9a8be76c6b1d338dd45d0487011be22
=== RUN   FuzzBn256Pair/b73e65e6a2022f64572b1278af100dc59dd92055
=== RUN   FuzzBn256Pair/b7593767967b30b6e508615ba21bf79606dc5615
=== RUN   FuzzBn256Pair/b7e55218e024bf61e17b35ff4b79ab360ec1efdd
=== RUN   FuzzBn256Pair/b90ccb639b15ea3840bdf93029cbba64f1e254e6
=== RUN   FuzzBn256Pair/bb02ba824aa6a5b7c08823f77c2b5117e1b74173
=== RUN   FuzzBn256Pair/bb280852f525940bfc24d219ff89b61e8fd3d327
=== RUN   FuzzBn256Pair/bb43fc7e94b818ce837aff856e9b555214f25d2d
=== RUN   FuzzBn256Pair/bba2e1c8b99d59d969bc4fa20d6004fadfeb2323
=== RUN   FuzzBn256Pair/bbdc71d382072121a69ecb9c240fe6fc98817842
=== RUN   FuzzBn256Pair/bc2a31a8dc0b2f73d0a853234c0f4d4fd8ed5533
=== RUN   FuzzBn256Pair/bd7f0cc163e48184401547ee5c9a0389173bff6d
=== RUN   FuzzBn256Pair/bedb38ddf4696ab189dce234ad4ffad6ffb55137
=== RUN   FuzzBn256Pair/c0f1fac5136a4d9316f870c66bbf1109f34b5efa
=== RUN   FuzzBn256Pair/c310b99ef6d10e51cfefd76cbc00591b3398f322
=== RUN   FuzzBn256Pair/c3f05938f64267e555193b17f97a20d77362682e
=== RUN   FuzzBn256Pair/c4f31da5c83c1c72c021d60d527101f92baf744b
=== RUN   FuzzBn256Pair/c6ecbbbefdc1ef86dc21d86065a7b4210766fb38
=== RUN   FuzzBn256Pair/c7b04d479cdd7997f06caa9e6b64d4295e6407a3
=== RUN   FuzzBn256Pair/cb705bfcf53a08f24fe27cfdfd0a6c1dc1d7bdb8
=== RUN   FuzzBn256Pair/cc0fc53a4f8136c71a9f8f3d6d0768de1221bbc6
=== RUN   FuzzBn256Pair/ccc56f54042d1bcb260bd926473607b2b3b7b1a8
=== RUN   FuzzBn256Pair/cd28836aeaba7573a439283f23dfcf6b98f76990
=== RUN   FuzzBn256Pair/cdf9fa61d740333e0097383fe304902207f1ba13
=== RUN   FuzzBn256Pair/cfb65d81ef2ce421260b4a560b6c01d686c3fe34
=== RUN   FuzzBn256Pair/d2b18cd77770e88592fc9b5b1c167b71dcb31a6c
=== RUN   FuzzBn256Pair/d32d5e6c58743d83b8cf9fea03ce85f011e43f82
=== RUN   FuzzBn256Pair/d4062de224ea76c9581319327ffc76d74a7396b9
=== RUN   FuzzBn256Pair/d40b2a9a0a6cce267e891512f91e91f2f8d5f4af
=== RUN   FuzzBn256Pair/d4bdd153d14fd9e97d39f8b21114f821503fc879
=== RUN   FuzzBn256Pair/d564fdc2c440d1635fff25f807e78d4dff767b8d
=== RUN   FuzzBn256Pair/d56c251dd46de467d5a733f79c2fa118cfc13566
=== RUN   FuzzBn256Pair/d5a72ddc2658991b435c9ef676f048aab48414c2
=== RUN   FuzzBn256Pair/d72198896d6329f5f84f2bf7f8b3a18bb775c987
=== RUN   FuzzBn256Pair/d78981d10ff65fef5328a918e14aca3edcd0dc87
=== RUN   FuzzBn256Pair/d792d04ce97743b6ab10ce66c63ead2404241f95
=== RUN   FuzzBn256Pair/d9ddaabc2e9da1b73ba108651f41454e9640ca85
=== RUN   FuzzBn256Pair/d9fca5683ef41fc84a10c5e76075d4f0c5865657
=== RUN   FuzzBn256Pair/db5d5fa4babde1f9a42a3e97d627deb0d6415ef8
=== RUN   FuzzBn256Pair/db811c2e137082ba388a853c9c40cab4a8563afc
=== RUN   FuzzBn256Pair/dbd4ea8a71f5dea7e9bcd7599f67d6334a55dde4
=== RUN   FuzzBn256Pair/dc87ef2e5c7070d4f1ef8469e6e8d256ac19f8e4
=== RUN   FuzzBn256Pair/dd96554d33c6d4696f3510403f776bf1ee84d292
=== RUN   FuzzBn256Pair/ddc67fdd239f0870b1c21712d4c5d7ab93323df2
=== RUN   FuzzBn256Pair/df7b217625fea3f9035d8b25dbf1ba52cd0787ab
=== RUN   FuzzBn256Pair/e128034983029e079ef93602eedd324ad6c49d54
=== RUN   FuzzBn256Pair/e2a9aeb885c4325a5f2a88f1b347f89979d7df63
=== RUN   FuzzBn256Pair/e3a3de43993fbcbe4e88e9a0c3eb0fc225fdf58a
=== RUN   FuzzBn256Pair/e3be37420a3cfb4c04b4330da0d6ebe5e5ff61cf
=== RUN   FuzzBn256Pair/e4ed05b4bb4ef8ea9c4b2c60a597feeff5b7cb6b
=== RUN   FuzzBn256Pair/e6b1c4756941a68b83c1feec9c27e2ccd8bb7cc8
=== RUN   FuzzBn256Pair/e7fe002d7d58ae86074f67041e94f75ab9d24fc0
=== RUN   FuzzBn256Pair/e860dbc5d8ac771880d113ff9b8195d855f168b1
=== RUN   FuzzBn256Pair/eb722befa39fce34420b73f06c2eee9a5c1260a9
=== RUN   FuzzBn256Pair/ebab3f5c99726b59b305f2520a85f9496cc35d77
=== RUN   FuzzBn256Pair/edff7f80416aa5c025d8b0ba44ac28905da62110
=== RUN   FuzzBn256Pair/ee988e4cf728fea97f5ec260692985d6d4e7d8c4
=== RUN   FuzzBn256Pair/f202b89a27e96a19c24ebc4fb5006ce2cf63846f
=== RUN   FuzzBn256Pair/f3ed01c1e1b70b46b52f19b461ccf450d04f571e
=== RUN   FuzzBn256Pair/f419cc6c6a55a3a52c9fa476e36b9bb8ca575bd5
=== RUN   FuzzBn256Pair/f48a312eb08fa3ff155a8482c03ea95284b67af5
=== RUN   FuzzBn256Pair/f4e04d11b04853c14c05fb8b9b0474d1440b7661
=== RUN   FuzzBn256Pair/f520068a6d99f3abc8cc53ba82ff678babe59f62
=== RUN   FuzzBn256Pair/f5c3b85dd76112391dc0ca4827704cde0c2d506d
=== RUN   FuzzBn256Pair/f692a771ee35fd3b38a9ad737b19ac8a3ba8b0e8
=== RUN   FuzzBn256Pair/fa2df0085aa2500c49b7e528ad49ed660aeeae49
=== RUN   FuzzBn256Pair/fb4ed4577229d3ac8134cb31c853150eb68e5ab9
=== RUN   FuzzBn256Pair/fe69e79ed392b1a0e1e7d098b7484b4f85035c5b
=== RUN   FuzzBn256Pair/fea62be45f5f3368318dea123392a00468e77189
=== RUN   FuzzBn256Pair/fff9e93f04092b123e1a2747e89511bb3a266312
--- PASS: FuzzBn256Pair (2.83s)
    --- PASS: FuzzBn256Pair/03a7ce4034480152079e653482c71f97e8511cb9 (0.02s)
    --- PASS: FuzzBn256Pair/07884a87a26db87b91cf7b542e7debb8d3f108f4 (0.01s)
    --- PASS: FuzzBn256Pair/08d51ce53d81eea350e0bf34ffbcc40765a540cf (0.02s)
    --- PASS: FuzzBn256Pair/08da95bf14d641dcb187be0ac39e98ce35331df7 (0.02s)
    --- PASS: FuzzBn256Pair/0953fa4bc6153e79572be9d7b95169696337e6e8 (0.02s)
    --- PASS: FuzzBn256Pair/0990e40977394f41c9da52a2251a9274eb263aa9 (0.02s)
    --- PASS: FuzzBn256Pair/09af306c9415ed033c43812713371d9b48db486c (0.02s)
    --- PASS: FuzzBn256Pair/0a518031a391a60576a0ffc9575b5fc5ba5e0588 (0.01s)
    --- PASS: FuzzBn256Pair/0b9efa515016a6e27f1aee02d3ab7fadf6dc7293 (0.02s)
    --- PASS: FuzzBn256Pair/0bf7a7f2411a64061642b878515e72d4ed78f6e0 (0.02s)
    --- PASS: FuzzBn256Pair/0e1cfd48e16b463e79e59b292d46de26f6c4e30a (0.02s)
    --- PASS: FuzzBn256Pair/0e854220da730a54a1361f2c618066a0a192f9a3 (0.02s)
    --- PASS: FuzzBn256Pair/0f3ed3a9e2afa68d75cd96b1c310f96601c2fe1e (0.02s)
    --- PASS: FuzzBn256Pair/0fdf5613cbcba5ed003b0dca719fd0d958ff578b (0.02s)
    --- PASS: FuzzBn256Pair/11322b05bd3f321230aa948bfad7d983462f2330 (0.00s)
    --- PASS: FuzzBn256Pair/1155a031d5e80ed0b2245e26e2c1f7895bc4ba53 (0.02s)
    --- PASS: FuzzBn256Pair/11fd533d190ed5ae23577be1ee4c65accde3c679 (0.02s)
    --- PASS: FuzzBn256Pair/120bc6bccbf900ba50cca3cc4139189f9fe5248a (0.02s)
    --- PASS: FuzzBn256Pair/121d894d4dd72f8e2583f698bb1c6e3e9514d5ed (0.02s)
    --- PASS: FuzzBn256Pair/12cc60340461055d8d0fabbffb663c0f8eeac05b (0.02s)
    --- PASS: FuzzBn256Pair/133153dd687f48fdd0fa988a877e7a7ab5bbe6dd (0.02s)
    --- PASS: FuzzBn256Pair/1532f19fcc921dedee3584c93fa4a8baa5605f85 (0.01s)
    --- PASS: FuzzBn256Pair/17e1efd3347b94ab6b73d5e667d39861361ece47 (0.02s)
    --- PASS: FuzzBn256Pair/184a7c16016565186265fef9dfe48eccdeaba4c8 (0.02s)
    --- PASS: FuzzBn256Pair/1ac0d268d2007892629a7967cb3a870a18868ccd (0.01s)
    --- PASS: FuzzBn256Pair/1cdca3e7db36b9d7a30c04504747391fcde66158 (0.02s)
    --- PASS: FuzzBn256Pair/1ce16afd23ca5c0315c802e6fe6bc89747d9535e (0.02s)
    --- PASS: FuzzBn256Pair/1ceaf034767525ee83a191404d6a0a72f451273b (0.01s)
    --- PASS: FuzzBn256Pair/1cfa10e9a49415dd248a6ae8944361390773fb94 (0.02s)
    --- PASS: FuzzBn256Pair/1e81db71408360de4a6d3d55fe8baa992f4c3003 (0.02s)
    --- PASS: FuzzBn256Pair/1f89008705e4921793a44101c9873dbc140447f6 (0.02s)
    --- PASS: FuzzBn256Pair/2030c43fcd4c45a92c36830e776e7ddba22756b9 (0.02s)
    --- PASS: FuzzBn256Pair/2078140f4c90d38ecaef443012f285cfecfd88c2 (0.02s)
    --- PASS: FuzzBn256Pair/23a484e5bf8eefa3e962a4c7c9a3b2c3c363dfd4 (0.01s)
    --- PASS: FuzzBn256Pair/23d8e78b7c5a031027332d11bc886f38e28f0c96 (0.00s)
    --- PASS: FuzzBn256Pair/245e763f1905208785eea05720be2549933e1052 (0.02s)
    --- PASS: FuzzBn256Pair/24ead9f9ece3db6adb13b7a1c5ef98c24912a22a (0.02s)
    --- PASS: FuzzBn256Pair/250ad245f38ee1f8db0688c6d6f219e498c9f3be (0.01s)
    --- PASS: FuzzBn256Pair/25c0ea30498b118e391ddb39cf8460f47abd3274 (0.02s)
    --- PASS: FuzzBn256Pair/2903376d5d9cfbf951d282b0bb0b71009bc3793d (0.02s)
    --- PASS: FuzzBn256Pair/2ae78f2e0207ef666e4393ae0132648357365ff0 (0.02s)
    --- PASS: FuzzBn256Pair/303f9de6e0591e2990bf11ee52724f2513c9e8e1 (0.02s)
    --- PASS: FuzzBn256Pair/316e59bc22b048e9897018f203924208969cff68 (0.02s)
    --- PASS: FuzzBn256Pair/35a06190db0e53822d1547cff80443f30490ef37 (0.00s)
    --- PASS: FuzzBn256Pair/3832def971490855e1159297f5433fa6ee190f06 (0.02s)
    --- PASS: FuzzBn256Pair/39eef85fc6ad9d7a6c74c076eabfc7217889aa2a (0.00s)
    --- PASS: FuzzBn256Pair/39f5266446383f9b69be4c700c933163c2c9943a (0.01s)
    --- PASS: FuzzBn256Pair/3bddae5620860d3f0b071099ed5b7f4901677966 (0.02s)
    --- PASS: FuzzBn256Pair/3c9066af69a7eb8737db6146ad4ea0a97f05a8d1 (0.02s)
    --- PASS: FuzzBn256Pair/3e3c193bf63f8fe3d3ff07935002b9806419f4d5 (0.01s)
    --- PASS: FuzzBn256Pair/3f067f1ba6c374bb106d2b3c38e52152185ecbc7 (0.00s)
    --- PASS: FuzzBn256Pair/3f3304579a90a2a7a0aa572cca230fa58aaf020c (0.02s)
    --- PASS: FuzzBn256Pair/3f44617dfc90e895fdee81c93c6e4d8bab7d00a3 (0.02s)
    --- PASS: FuzzBn256Pair/3fb4dae299750d8b31276e5144ab533180d30925 (0.02s)
    --- PASS: FuzzBn256Pair/3ffc35ae6310e1e3b63e5a3f056e1e53a11081a7 (0.02s)
    --- PASS: FuzzBn256Pair/4130b098f3b949722f45f59695327ba5672dbab6 (0.02s)
    --- PASS: FuzzBn256Pair/42f53bc89f302d7e3ee81736b70acf2b399160e3 (0.02s)
    --- PASS: FuzzBn256Pair/441404503eb81a118b5e3b7f1afe4c5cdb5af4d8 (0.02s)
    --- PASS: FuzzBn256Pair/4590467b0ecebb6fbedfea8eeb3e316d91cbc013 (0.02s)
    --- PASS: FuzzBn256Pair/47ba6d3143c73fb2816968d46a1e5825502e5d86 (0.01s)
    --- PASS: FuzzBn256Pair/48ac08bd572aad390ad821f63284a678425dce0e (0.02s)
    --- PASS: FuzzBn256Pair/48c0523e412341f836e19d164828b9070cd3f97e (0.00s)
    --- PASS: FuzzBn256Pair/48cb04629a2920ba99d0bfec1ee776a590087c61 (0.02s)
    --- PASS: FuzzBn256Pair/4c86b65e2ef104f7cc0740c09a3cf70d17cf6dfb (0.01s)
    --- PASS: FuzzBn256Pair/4cc2975f683b8ee31a1f8049b4a08c9b43d55c4b (0.02s)
    --- PASS: FuzzBn256Pair/4df3c19d9afac3ba273df39215fd9feebfb75aff (0.00s)
    --- PASS: FuzzBn256Pair/4f059493dca2d3ff34f47546de2426a93f8f332a (0.02s)
    --- PASS: FuzzBn256Pair/500db87548c44a5779f36fda07376ae9746bbe93 (0.01s)
    --- PASS: FuzzBn256Pair/50b4ed60180916e75c985c205fc5ffdea95f2a75 (0.02s)
    --- PASS: FuzzBn256Pair/5173a9a27e4fba61eb3c12af71cb48dd415239ba (0.02s)
    --- PASS: FuzzBn256Pair/520ba6daee023759d264b15d910e5d79baf5ed43 (0.02s)
    --- PASS: FuzzBn256Pair/57fb4fb85587bd4f6d2a25ab47adea819a7679c4 (0.00s)
    --- PASS: FuzzBn256Pair/58ca5c584afeee08f6ff3a7bce02d4926e9d4cae (0.00s)
    --- PASS: FuzzBn256Pair/597975fa8c5bbc704ea8ab6d95b40235eac496aa (0.02s)
    --- PASS: FuzzBn256Pair/5bb5367ce4fed827e724d4f608f9dcc1eeffc22b (0.02s)
    --- PASS: FuzzBn256Pair/5cd25d707e625123a7742d7a5ed3fc46ef08d878 (0.01s)
    --- PASS: FuzzBn256Pair/5ed76b13a059e2355e0a1c8337919224d8d9d7f2 (0.02s)
    --- PASS: FuzzBn256Pair/5f0dfa706ff57110080ceb114cbabc6dc3abe58b (0.02s)
    --- PASS: FuzzBn256Pair/5fbdeb05eca3bca4da711d05a4a729e9f4e894b7 (0.02s)
    --- PASS: FuzzBn256Pair/600157fff96e7bb27052aaa8b93c4e7acbed56e1 (0.01s)
    --- PASS: FuzzBn256Pair/60a1dc6894a8c26d3ca17ac5ee1e32e87b0a9dbc (0.02s)
    --- PASS: FuzzBn256Pair/60e3aac140c549d4fb3249f85dac6b4b5dfb14ee (0.02s)
    --- PASS: FuzzBn256Pair/62dab8aa9e7439b363f0c7738584b046910114c8 (0.02s)
    --- PASS: FuzzBn256Pair/6384be4ff3bbf4808f4a82749ad9cd87386f2f05 (0.02s)
    --- PASS: FuzzBn256Pair/63b3b7fb4b42ab203ac706b0f40c17529b0b99f5 (0.02s)
    --- PASS: FuzzBn256Pair/641f93915c79d15f15cee2ec945a0896204300c1 (0.02s)
    --- PASS: FuzzBn256Pair/6786c04499f0548d33d16d10eb30d5bfb7c8d519 (0.02s)
    --- PASS: FuzzBn256Pair/68d376ff8176f1cb9b8b033e448e980731385ab6 (0.00s)
    --- PASS: FuzzBn256Pair/69760de4c988cde83b5afdb00dd0e806510dde2c (0.02s)
    --- PASS: FuzzBn256Pair/6a086fd9158dcc8a2b6190b5f6325d1563e6baec (0.00s)
    --- PASS: FuzzBn256Pair/6b0a0cb8e9acba8258ccd43960b421a95f9e4c81 (0.01s)
    --- PASS: FuzzBn256Pair/6ba128e6367a3062fdd111afe55de52bbe44a243 (0.02s)
    --- PASS: FuzzBn256Pair/6bd83763a81aa137587abadefdcdc7b2bb22745d (0.00s)
    --- PASS: FuzzBn256Pair/6d54bd2a1733a144980102ce451dd007e4604402 (0.02s)
    --- PASS: FuzzBn256Pair/6d5573d243debcee2fe7133118b28f7b3178bf1c (0.02s)
    --- PASS: FuzzBn256Pair/6f235ce3e40cf50bd0b63d5a295d3e375cc2a9b4 (0.02s)
    --- PASS: FuzzBn256Pair/6f2f4f6f1c258de3ba11ccbd37a30fed5b32302a (0.00s)
    --- PASS: FuzzBn256Pair/71853c6197a6a7f222db0f1978c7cb232b87c5ee (0.00s)
    --- PASS: FuzzBn256Pair/77a47591fe872e3912e525e92169d5a0886d37cd (0.02s)
    --- PASS: FuzzBn256Pair/797d213a61f87caaf872754b8ce43925a0d4926a (0.01s)
    --- PASS: FuzzBn256Pair/7991eae16d283e623c71617ecdaeaad56bbc7a56 (0.02s)
    --- PASS: FuzzBn256Pair/7a6d0a7326a19582328703f338eb61590e5cf2cf (0.02s)
    --- PASS: FuzzBn256Pair/7be1c034a497d76cd608e76fb7a3833b678e617b (0.02s)
    --- PASS: FuzzBn256Pair/7c338ed2840d2bf55f9f5e4eed04f66c80840eb3 (0.00s)
    --- PASS: FuzzBn256Pair/7ce70d99b7f86a1db0cd2b7abe00921c105079c6 (0.02s)
    --- PASS: FuzzBn256Pair/7ec7fe9d7768985700674f9205f49ed4face49f2 (0.02s)
    --- PASS: FuzzBn256Pair/7fabe1c94e5a299dbaa273c1bc14257b3cabf67f (0.02s)
    --- PASS: FuzzBn256Pair/7fb03e5fcea50e51f4cb2b6831405387c9dcc08c (0.02s)
    --- PASS: FuzzBn256Pair/80424869b536bd8adce32b28db72e74a4255e924 (0.00s)
    --- PASS: FuzzBn256Pair/80ab750a8f8d643fc2d5ea1dec52679444dc0a4e (0.02s)
    --- PASS: FuzzBn256Pair/80fba45518685e8efdf5b40bc622d8710b044666 (0.01s)
    --- PASS: FuzzBn256Pair/81de7ae03e49eefdb501d9e5282a506f808b9faf (0.02s)
    --- PASS: FuzzBn256Pair/8215df76cc36e8b8b0be031d1b07892b997049f5 (0.02s)
    --- PASS: FuzzBn256Pair/82990ff2e2ae82f76ca62b3d061995fdccdcbf73 (0.00s)
    --- PASS: FuzzBn256Pair/82dfbbb1e58fe21e764fee38173710d25877bdb1 (0.00s)
    --- PASS: FuzzBn256Pair/840199370cd30a7aa3f61b45c2f00831df0833d9 (0.02s)
    --- PASS: FuzzBn256Pair/86c58bdca268db8ed32a695897ce0bb2f443fbbf (0.02s)
    --- PASS: FuzzBn256Pair/88222832b6686de9edd706820c030b9073e2ff78 (0.02s)
    --- PASS: FuzzBn256Pair/882ad428e19f0c02a46e6d8bd81125010feeeeb0 (0.02s)
    --- PASS: FuzzBn256Pair/8ea1349c1369d8818a7ca0bbeb6c1ee1f614052b (0.00s)
    --- PASS: FuzzBn256Pair/8f4be9c41d645d2188692c315a81865d1846cbc3 (0.02s)
    --- PASS: FuzzBn256Pair/903215e36183a1c61a986a9657e78eae9c4ccdb9 (0.00s)
    --- PASS: FuzzBn256Pair/90c51bab2c5b0bfea5cfc0fcf0c466759362656f (0.02s)
    --- PASS: FuzzBn256Pair/920a64cf7d06f055ede3b9b3833ea9ce00f3b4dc (0.02s)
    --- PASS: FuzzBn256Pair/921ca98a5a20397638cd8bf1d7cb72dc48b0a889 (0.02s)
    --- PASS: FuzzBn256Pair/92befddb8d4b3ad6ede06b88fd89cdbcb5fce163 (0.00s)
    --- PASS: FuzzBn256Pair/96194108f7c574e239802600a32c97b8b9955b6b (0.02s)
    --- PASS: FuzzBn256Pair/9694b0f7fb7492e8bc3ee341987d1527644522fa (0.00s)
    --- PASS: FuzzBn256Pair/992f02fc79530a435d7f3508f50df2bee2cd0da6 (0.02s)
    --- PASS: FuzzBn256Pair/99ae29b00ad05cc7ca7a19f479e544d842582a5a (0.01s)
    --- PASS: FuzzBn256Pair/9bfe149c860cf9c0b8e5ba8b73b9999be478dbee (0.02s)
    --- PASS: FuzzBn256Pair/9c40840e58b2fb4e2aaba410906ca3a2b086eb58 (0.02s)
    --- PASS: FuzzBn256Pair/9e30720cf79f8e2c3aaeaa3d15624359f5cd7624 (0.00s)
    --- PASS: FuzzBn256Pair/9f828012f28c06e7d9de37d7ce910e1f3b186bb6 (0.02s)
    --- PASS: FuzzBn256Pair/a0d5eda40609ecf6841c9d31ed19da380a491b1a (0.00s)
    --- PASS: FuzzBn256Pair/a0e0cbba02df5e6501b529fb8dba61105238714c (0.02s)
    --- PASS: FuzzBn256Pair/a10abbb1a2c8c552629128fbc5f8ebc1c9f6af35 (0.02s)
    --- PASS: FuzzBn256Pair/a13da86bc73d1ea56bada75a3a28eeecfbf2d606 (0.00s)
    --- PASS: FuzzBn256Pair/a3d5c4364826e2e3903639cf77e22531aec918cb (0.01s)
    --- PASS: FuzzBn256Pair/a527dd7d03cda640a69104f90cfef531cd8e143d (0.02s)
    --- PASS: FuzzBn256Pair/a65f512c133d1ecc5809b1f50576898e49112fbe (0.02s)
    --- PASS: FuzzBn256Pair/a89a3fb753fd1193708c30340cad70ed1b93c19f (0.01s)
    --- PASS: FuzzBn256Pair/a90df4c66fec14ae95fbbe54b2cbc98ed8c24d52 (0.02s)
    --- PASS: FuzzBn256Pair/a9f7e7a929b78fa380ea209ff6bb23bc5093e63d (0.00s)
    --- PASS: FuzzBn256Pair/aaf5717f55d318ef62141f2e3fc017579b974a7a (0.02s)
    --- PASS: FuzzBn256Pair/ab83e2681c35c1cb82035ea0751be3cc804e8be4 (0.02s)
    --- PASS: FuzzBn256Pair/ac1d5deef496eee8f2b139275cbdff01d78f5c30 (0.01s)
    --- PASS: FuzzBn256Pair/adc83b19e793491b1c6ea0fd8b46cd9f32e592fc (0.00s)
    --- PASS: FuzzBn256Pair/afe918ea9b7e2b2947e3b4cd1cbac67cd063f0c4 (0.02s)
    --- PASS: FuzzBn256Pair/b12599b60441a89c18112d40f4764490cbad52cd (0.02s)
    --- PASS: FuzzBn256Pair/b12bc2c289d954e8e70c4d27d442eff06494411f (0.01s)
    --- PASS: FuzzBn256Pair/b20f02dce22b82721bba668dcd2d3e63ccebbb21 (0.02s)
    --- PASS: FuzzBn256Pair/b6ef287ee9a8be76c6b1d338dd45d0487011be22 (0.02s)
    --- PASS: FuzzBn256Pair/b73e65e6a2022f64572b1278af100dc59dd92055 (0.02s)
    --- PASS: FuzzBn256Pair/b7593767967b30b6e508615ba21bf79606dc5615 (0.02s)
    --- PASS: FuzzBn256Pair/b7e55218e024bf61e17b35ff4b79ab360ec1efdd (0.02s)
    --- PASS: FuzzBn256Pair/b90ccb639b15ea3840bdf93029cbba64f1e254e6 (0.02s)
    --- PASS: FuzzBn256Pair/bb02ba824aa6a5b7c08823f77c2b5117e1b74173 (0.02s)
    --- PASS: FuzzBn256Pair/bb280852f525940bfc24d219ff89b61e8fd3d327 (0.02s)
    --- PASS: FuzzBn256Pair/bb43fc7e94b818ce837aff856e9b555214f25d2d (0.02s)
    --- PASS: FuzzBn256Pair/bba2e1c8b99d59d969bc4fa20d6004fadfeb2323 (0.01s)
    --- PASS: FuzzBn256Pair/bbdc71d382072121a69ecb9c240fe6fc98817842 (0.02s)
    --- PASS: FuzzBn256Pair/bc2a31a8dc0b2f73d0a853234c0f4d4fd8ed5533 (0.02s)
    --- PASS: FuzzBn256Pair/bd7f0cc163e48184401547ee5c9a0389173bff6d (0.02s)
    --- PASS: FuzzBn256Pair/bedb38ddf4696ab189dce234ad4ffad6ffb55137 (0.00s)
    --- PASS: FuzzBn256Pair/c0f1fac5136a4d9316f870c66bbf1109f34b5efa (0.02s)
    --- PASS: FuzzBn256Pair/c310b99ef6d10e51cfefd76cbc00591b3398f322 (0.02s)
    --- PASS: FuzzBn256Pair/c3f05938f64267e555193b17f97a20d77362682e (0.02s)
    --- PASS: FuzzBn256Pair/c4f31da5c83c1c72c021d60d527101f92baf744b (0.02s)
    --- PASS: FuzzBn256Pair/c6ecbbbefdc1ef86dc21d86065a7b4210766fb38 (0.02s)
    --- PASS: FuzzBn256Pair/c7b04d479cdd7997f06caa9e6b64d4295e6407a3 (0.02s)
    --- PASS: FuzzBn256Pair/cb705bfcf53a08f24fe27cfdfd0a6c1dc1d7bdb8 (0.02s)
    --- PASS: FuzzBn256Pair/cc0fc53a4f8136c71a9f8f3d6d0768de1221bbc6 (0.02s)
    --- PASS: FuzzBn256Pair/ccc56f54042d1bcb260bd926473607b2b3b7b1a8 (0.00s)
    --- PASS: FuzzBn256Pair/cd28836aeaba7573a439283f23dfcf6b98f76990 (0.02s)
    --- PASS: FuzzBn256Pair/cdf9fa61d740333e0097383fe304902207f1ba13 (0.02s)
    --- PASS: FuzzBn256Pair/cfb65d81ef2ce421260b4a560b6c01d686c3fe34 (0.02s)
    --- PASS: FuzzBn256Pair/d2b18cd77770e88592fc9b5b1c167b71dcb31a6c (0.02s)
    --- PASS: FuzzBn256Pair/d32d5e6c58743d83b8cf9fea03ce85f011e43f82 (0.02s)
    --- PASS: FuzzBn256Pair/d4062de224ea76c9581319327ffc76d74a7396b9 (0.02s)
    --- PASS: FuzzBn256Pair/d40b2a9a0a6cce267e891512f91e91f2f8d5f4af (0.00s)
    --- PASS: FuzzBn256Pair/d4bdd153d14fd9e97d39f8b21114f821503fc879 (0.02s)
    --- PASS: FuzzBn256Pair/d564fdc2c440d1635fff25f807e78d4dff767b8d (0.02s)
    --- PASS: FuzzBn256Pair/d56c251dd46de467d5a733f79c2fa118cfc13566 (0.02s)
    --- PASS: FuzzBn256Pair/d5a72ddc2658991b435c9ef676f048aab48414c2 (0.02s)
    --- PASS: FuzzBn256Pair/d72198896d6329f5f84f2bf7f8b3a18bb775c987 (0.01s)
    --- PASS: FuzzBn256Pair/d78981d10ff65fef5328a918e14aca3edcd0dc87 (0.00s)
    --- PASS: FuzzBn256Pair/d792d04ce97743b6ab10ce66c63ead2404241f95 (0.02s)
    --- PASS: FuzzBn256Pair/d9ddaabc2e9da1b73ba108651f41454e9640ca85 (0.02s)
    --- PASS: FuzzBn256Pair/d9fca5683ef41fc84a10c5e76075d4f0c5865657 (0.01s)
    --- PASS: FuzzBn256Pair/db5d5fa4babde1f9a42a3e97d627deb0d6415ef8 (0.02s)
    --- PASS: FuzzBn256Pair/db811c2e137082ba388a853c9c40cab4a8563afc (0.02s)
    --- PASS: FuzzBn256Pair/dbd4ea8a71f5dea7e9bcd7599f67d6334a55dde4 (0.02s)
    --- PASS: FuzzBn256Pair/dc87ef2e5c7070d4f1ef8469e6e8d256ac19f8e4 (0.02s)
    --- PASS: FuzzBn256Pair/dd96554d33c6d4696f3510403f776bf1ee84d292 (0.00s)
    --- PASS: FuzzBn256Pair/ddc67fdd239f0870b1c21712d4c5d7ab93323df2 (0.02s)
    --- PASS: FuzzBn256Pair/df7b217625fea3f9035d8b25dbf1ba52cd0787ab (0.02s)
    --- PASS: FuzzBn256Pair/e128034983029e079ef93602eedd324ad6c49d54 (0.01s)
    --- PASS: FuzzBn256Pair/e2a9aeb885c4325a5f2a88f1b347f89979d7df63 (0.00s)
    --- PASS: FuzzBn256Pair/e3a3de43993fbcbe4e88e9a0c3eb0fc225fdf58a (0.02s)
    --- PASS: FuzzBn256Pair/e3be37420a3cfb4c04b4330da0d6ebe5e5ff61cf (0.02s)
    --- PASS: FuzzBn256Pair/e4ed05b4bb4ef8ea9c4b2c60a597feeff5b7cb6b (0.02s)
    --- PASS: FuzzBn256Pair/e6b1c4756941a68b83c1feec9c27e2ccd8bb7cc8 (0.02s)
    --- PASS: FuzzBn256Pair/e7fe002d7d58ae86074f67041e94f75ab9d24fc0 (0.00s)
    --- PASS: FuzzBn256Pair/e860dbc5d8ac771880d113ff9b8195d855f168b1 (0.02s)
    --- PASS: FuzzBn256Pair/eb722befa39fce34420b73f06c2eee9a5c1260a9 (0.02s)
    --- PASS: FuzzBn256Pair/ebab3f5c99726b59b305f2520a85f9496cc35d77 (0.00s)
    --- PASS: FuzzBn256Pair/edff7f80416aa5c025d8b0ba44ac28905da62110 (0.02s)
    --- PASS: FuzzBn256Pair/ee988e4cf728fea97f5ec260692985d6d4e7d8c4 (0.02s)
    --- PASS: FuzzBn256Pair/f202b89a27e96a19c24ebc4fb5006ce2cf63846f (0.00s)
    --- PASS: FuzzBn256Pair/f3ed01c1e1b70b46b52f19b461ccf450d04f571e (0.02s)
    --- PASS: FuzzBn256Pair/f419cc6c6a55a3a52c9fa476e36b9bb8ca575bd5 (0.00s)
    --- PASS: FuzzBn256Pair/f48a312eb08fa3ff155a8482c03ea95284b67af5 (0.02s)
    --- PASS: FuzzBn256Pair/f4e04d11b04853c14c05fb8b9b0474d1440b7661 (0.02s)
    --- PASS: FuzzBn256Pair/f520068a6d99f3abc8cc53ba82ff678babe59f62 (0.00s)
    --- PASS: FuzzBn256Pair/f5c3b85dd76112391dc0ca4827704cde0c2d506d (0.02s)
    --- PASS: FuzzBn256Pair/f692a771ee35fd3b38a9ad737b19ac8a3ba8b0e8 (0.02s)
    --- PASS: FuzzBn256Pair/fa2df0085aa2500c49b7e528ad49ed660aeeae49 (0.02s)
    --- PASS: FuzzBn256Pair/fb4ed4577229d3ac8134cb31c853150eb68e5ab9 (0.00s)
    --- PASS: FuzzBn256Pair/fe69e79ed392b1a0e1e7d098b7484b4f85035c5b (0.02s)
    --- PASS: FuzzBn256Pair/fea62be45f5f3368318dea123392a00468e77189 (0.02s)
    --- PASS: FuzzBn256Pair/fff9e93f04092b123e1a2747e89511bb3a266312 (0.02s)
=== RUN   FuzzBn256UnmarshalG1
--- PASS: FuzzBn256UnmarshalG1 (0.00s)
=== RUN   FuzzBn256UnmarshalG2
--- PASS: FuzzBn256UnmarshalG2 (0.00s)
PASS
coverage: 64.7% of statements
ok  	github.com/morph-l2/go-ethereum/tests/fuzzers/bn256	19.092s	coverage: 64.7% of statements
