mode: set
github.com/morph-l2/go-ethereum/tests/fuzzers/difficulty/debug/main.go:11.13,12.23 1 0
github.com/morph-l2/go-ethereum/tests/fuzzers/difficulty/debug/main.go:12.23,15.3 2 0
github.com/morph-l2/go-ethereum/tests/fuzzers/difficulty/debug/main.go:16.2,18.16 3 0
github.com/morph-l2/go-ethereum/tests/fuzzers/difficulty/debug/main.go:18.16,21.3 2 0
github.com/morph-l2/go-ethereum/tests/fuzzers/difficulty/debug/main.go:22.2,22.23 1 0
github.com/morph-l2/go-ethereum/tests/fuzzers/difficulty/difficulty-fuzz.go:36.40,38.45 2 1
github.com/morph-l2/go-ethereum/tests/fuzzers/difficulty/difficulty-fuzz.go:38.45,40.3 1 0
github.com/morph-l2/go-ethereum/tests/fuzzers/difficulty/difficulty-fuzz.go:41.2,41.12 1 1
github.com/morph-l2/go-ethereum/tests/fuzzers/difficulty/difficulty-fuzz.go:44.49,49.45 5 1
github.com/morph-l2/go-ethereum/tests/fuzzers/difficulty/difficulty-fuzz.go:49.45,51.3 1 1
github.com/morph-l2/go-ethereum/tests/fuzzers/difficulty/difficulty-fuzz.go:52.2,52.12 1 1
github.com/morph-l2/go-ethereum/tests/fuzzers/difficulty/difficulty-fuzz.go:55.53,56.16 1 1
github.com/morph-l2/go-ethereum/tests/fuzzers/difficulty/difficulty-fuzz.go:56.16,58.3 1 1
github.com/morph-l2/go-ethereum/tests/fuzzers/difficulty/difficulty-fuzz.go:59.2,60.70 2 1
github.com/morph-l2/go-ethereum/tests/fuzzers/difficulty/difficulty-fuzz.go:60.70,62.3 1 1
github.com/morph-l2/go-ethereum/tests/fuzzers/difficulty/difficulty-fuzz.go:63.2,64.10 2 1
github.com/morph-l2/go-ethereum/tests/fuzzers/difficulty/difficulty-fuzz.go:66.34,68.2 1 1
github.com/morph-l2/go-ethereum/tests/fuzzers/difficulty/difficulty-fuzz.go:79.28,85.2 2 1
github.com/morph-l2/go-ethereum/tests/fuzzers/difficulty/difficulty-fuzz.go:91.29,94.18 2 1
github.com/morph-l2/go-ethereum/tests/fuzzers/difficulty/difficulty-fuzz.go:94.18,96.3 1 1
github.com/morph-l2/go-ethereum/tests/fuzzers/difficulty/difficulty-fuzz.go:98.2,100.34 2 1
github.com/morph-l2/go-ethereum/tests/fuzzers/difficulty/difficulty-fuzz.go:100.34,102.4 1 1
github.com/morph-l2/go-ethereum/tests/fuzzers/difficulty/difficulty-fuzz.go:103.3,103.27 1 1
github.com/morph-l2/go-ethereum/tests/fuzzers/difficulty/difficulty-fuzz.go:106.2,112.3 2 1
github.com/morph-l2/go-ethereum/tests/fuzzers/difficulty/difficulty-fuzz.go:114.2,115.2 2 1
github.com/morph-l2/go-ethereum/tests/fuzzers/difficulty/difficulty-fuzz.go:115.2,123.3 5 1
github.com/morph-l2/go-ethereum/tests/fuzzers/difficulty/difficulty-fuzz.go:125.2,127.17 2 1
github.com/morph-l2/go-ethereum/tests/fuzzers/difficulty/difficulty-fuzz.go:127.17,129.3 1 1
github.com/morph-l2/go-ethereum/tests/fuzzers/difficulty/difficulty-fuzz.go:131.2,138.4 1 1
github.com/morph-l2/go-ethereum/tests/fuzzers/difficulty/difficulty-fuzz.go:138.4,141.26 3 1
github.com/morph-l2/go-ethereum/tests/fuzzers/difficulty/difficulty-fuzz.go:141.26,143.50 1 0
github.com/morph-l2/go-ethereum/tests/fuzzers/difficulty/difficulty-fuzz.go:146.2,146.10 1 1
