mode: set
github.com/morph-l2/go-ethereum/tests/fuzzers/stacktrie/debug/main.go:11.13,12.23 1 0
github.com/morph-l2/go-ethereum/tests/fuzzers/stacktrie/debug/main.go:12.23,15.3 2 0
github.com/morph-l2/go-ethereum/tests/fuzzers/stacktrie/debug/main.go:16.2,18.16 3 0
github.com/morph-l2/go-ethereum/tests/fuzzers/stacktrie/debug/main.go:18.16,21.3 2 0
github.com/morph-l2/go-ethereum/tests/fuzzers/stacktrie/debug/main.go:22.2,22.23 1 0
github.com/morph-l2/go-ethereum/tests/fuzzers/stacktrie/trie_fuzzer.go:41.40,43.45 2 1
github.com/morph-l2/go-ethereum/tests/fuzzers/stacktrie/trie_fuzzer.go:43.45,45.3 1 1
github.com/morph-l2/go-ethereum/tests/fuzzers/stacktrie/trie_fuzzer.go:46.2,46.12 1 1
github.com/morph-l2/go-ethereum/tests/fuzzers/stacktrie/trie_fuzzer.go:49.49,54.45 5 1
github.com/morph-l2/go-ethereum/tests/fuzzers/stacktrie/trie_fuzzer.go:54.45,56.3 1 1
github.com/morph-l2/go-ethereum/tests/fuzzers/stacktrie/trie_fuzzer.go:57.2,57.12 1 1
github.com/morph-l2/go-ethereum/tests/fuzzers/stacktrie/trie_fuzzer.go:66.62,66.85 1 0
github.com/morph-l2/go-ethereum/tests/fuzzers/stacktrie/trie_fuzzer.go:67.62,67.104 1 0
github.com/morph-l2/go-ethereum/tests/fuzzers/stacktrie/trie_fuzzer.go:68.62,68.85 1 0
github.com/morph-l2/go-ethereum/tests/fuzzers/stacktrie/trie_fuzzer.go:69.62,69.88 1 1
github.com/morph-l2/go-ethereum/tests/fuzzers/stacktrie/trie_fuzzer.go:70.62,70.88 1 0
github.com/morph-l2/go-ethereum/tests/fuzzers/stacktrie/trie_fuzzer.go:71.62,71.85 1 0
github.com/morph-l2/go-ethereum/tests/fuzzers/stacktrie/trie_fuzzer.go:72.62,72.85 1 0
github.com/morph-l2/go-ethereum/tests/fuzzers/stacktrie/trie_fuzzer.go:73.62,73.85 1 0
github.com/morph-l2/go-ethereum/tests/fuzzers/stacktrie/trie_fuzzer.go:74.62,74.76 1 0
github.com/morph-l2/go-ethereum/tests/fuzzers/stacktrie/trie_fuzzer.go:76.56,77.13 1 1
github.com/morph-l2/go-ethereum/tests/fuzzers/stacktrie/trie_fuzzer.go:77.13,79.3 1 0
github.com/morph-l2/go-ethereum/tests/fuzzers/stacktrie/trie_fuzzer.go:80.2,82.12 3 1
github.com/morph-l2/go-ethereum/tests/fuzzers/stacktrie/trie_fuzzer.go:84.76,84.99 1 0
github.com/morph-l2/go-ethereum/tests/fuzzers/stacktrie/trie_fuzzer.go:91.52,94.2 2 1
github.com/morph-l2/go-ethereum/tests/fuzzers/stacktrie/trie_fuzzer.go:95.60,95.83 1 0
github.com/morph-l2/go-ethereum/tests/fuzzers/stacktrie/trie_fuzzer.go:96.60,96.74 1 1
github.com/morph-l2/go-ethereum/tests/fuzzers/stacktrie/trie_fuzzer.go:97.60,97.74 1 1
github.com/morph-l2/go-ethereum/tests/fuzzers/stacktrie/trie_fuzzer.go:98.61,98.62 0 1
github.com/morph-l2/go-ethereum/tests/fuzzers/stacktrie/trie_fuzzer.go:99.60,99.74 1 1
github.com/morph-l2/go-ethereum/tests/fuzzers/stacktrie/trie_fuzzer.go:106.24,108.2 1 1
github.com/morph-l2/go-ethereum/tests/fuzzers/stacktrie/trie_fuzzer.go:110.34,112.2 1 1
github.com/morph-l2/go-ethereum/tests/fuzzers/stacktrie/trie_fuzzer.go:114.29,116.2 1 1
github.com/morph-l2/go-ethereum/tests/fuzzers/stacktrie/trie_fuzzer.go:127.28,133.2 2 1
github.com/morph-l2/go-ethereum/tests/fuzzers/stacktrie/trie_fuzzer.go:135.29,142.2 2 0
github.com/morph-l2/go-ethereum/tests/fuzzers/stacktrie/trie_fuzzer.go:144.29,160.51 2 1
github.com/morph-l2/go-ethereum/tests/fuzzers/stacktrie/trie_fuzzer.go:160.51,163.18 3 1
github.com/morph-l2/go-ethereum/tests/fuzzers/stacktrie/trie_fuzzer.go:163.18,166.9 1 1
github.com/morph-l2/go-ethereum/tests/fuzzers/stacktrie/trie_fuzzer.go:168.3,168.45 1 1
github.com/morph-l2/go-ethereum/tests/fuzzers/stacktrie/trie_fuzzer.go:168.45,170.12 1 1
github.com/morph-l2/go-ethereum/tests/fuzzers/stacktrie/trie_fuzzer.go:172.3,175.16 4 1
github.com/morph-l2/go-ethereum/tests/fuzzers/stacktrie/trie_fuzzer.go:177.2,177.13 1 1
github.com/morph-l2/go-ethereum/tests/fuzzers/stacktrie/trie_fuzzer.go:177.13,179.3 1 1
github.com/morph-l2/go-ethereum/tests/fuzzers/stacktrie/trie_fuzzer.go:181.2,182.16 2 1
github.com/morph-l2/go-ethereum/tests/fuzzers/stacktrie/trie_fuzzer.go:182.16,183.13 1 0
github.com/morph-l2/go-ethereum/tests/fuzzers/stacktrie/trie_fuzzer.go:186.2,190.26 3 1
github.com/morph-l2/go-ethereum/tests/fuzzers/stacktrie/trie_fuzzer.go:190.26,191.18 1 1
github.com/morph-l2/go-ethereum/tests/fuzzers/stacktrie/trie_fuzzer.go:191.18,193.4 1 0
github.com/morph-l2/go-ethereum/tests/fuzzers/stacktrie/trie_fuzzer.go:194.3,194.27 1 1
github.com/morph-l2/go-ethereum/tests/fuzzers/stacktrie/trie_fuzzer.go:196.2,197.42 2 1
github.com/morph-l2/go-ethereum/tests/fuzzers/stacktrie/trie_fuzzer.go:197.42,198.13 1 0
github.com/morph-l2/go-ethereum/tests/fuzzers/stacktrie/trie_fuzzer.go:200.2,200.20 1 1
github.com/morph-l2/go-ethereum/tests/fuzzers/stacktrie/trie_fuzzer.go:200.20,201.80 1 0
github.com/morph-l2/go-ethereum/tests/fuzzers/stacktrie/trie_fuzzer.go:203.2,205.30 3 1
github.com/morph-l2/go-ethereum/tests/fuzzers/stacktrie/trie_fuzzer.go:205.30,206.81 1 0
github.com/morph-l2/go-ethereum/tests/fuzzers/stacktrie/trie_fuzzer.go:208.2,208.10 1 1
