=== RUN   FuzzTrie
=== RUN   FuzzTrie/0002860dd83a51a1f455d1d6ae5f85e995255974
=== RUN   FuzzTrie/0032ed035364f170258e89d81a2f3534173b8d60
=== RUN   FuzzTrie/006cbeaee520492f62fc16c092f918b3192fee90
=== RUN   FuzzTrie/009eef707b80153e6ccf67673b2c933140eeae1a
=== RUN   FuzzTrie/00f05056543b7c6fd7049a3be9b49547bb0be808
=== RUN   FuzzTrie/01de46f0276c6984b3e62dcb3e657edf3c94426f
=== RUN   FuzzTrie/026601b53617557cc5ec268614ee3451da79b0de
=== RUN   FuzzTrie/02d0189f7684846a5abf3803a3014ce9b74927dd
=== RUN   FuzzTrie/030695bbc54fbb007e9341570ffed4af996e317f
=== RUN   FuzzTrie/03b3491f6e7dc0366d0516d373bccf3bf51017df
=== RUN   FuzzTrie/04adbf5894c824d203cf025f102ed40a169f05a9
=== RUN   FuzzTrie/053f68ee1c637aba88d33aa7f52f248041fd5f78
=== RUN   FuzzTrie/05634e4cd918d354a000b3c2512b1ffc3fe879ac
=== RUN   FuzzTrie/0593a0deb5c0f317e20bbb393912c3a27d7137a2
=== RUN   FuzzTrie/06bcdf94b8c43ca77fbea7621d3fdf25f9709350
=== RUN   FuzzTrie/06d520ea781f1be16836786a19cecf63ea2df5f0
=== RUN   FuzzTrie/06dcb9cb1e2553b444d1e3cbca9982228d77b03f
=== RUN   FuzzTrie/06e91c3ff1983f0520c6e4194570d998f24d3c6c
=== RUN   FuzzTrie/0714bc3ebbd366942917a320e7210cf859dea800
=== RUN   FuzzTrie/073dac7763d3c2f19cf41e6cb12210bdfd59550e
=== RUN   FuzzTrie/07696878524c64170492466757750f0f43621d75
=== RUN   FuzzTrie/076db1938a0de71009135d76b4d9ae44ce099da4
=== RUN   FuzzTrie/07c56c2628263049f4ec90d33e1b8ca5a196ef32
=== RUN   FuzzTrie/07d241736f93048b38ba2a9fdebe688d93deca49
=== RUN   FuzzTrie/0818fa95bdb9b58ee55eb136ae55d3c834665cdd
=== RUN   FuzzTrie/0823fc7aa11a18a3d3c10211aee538c547e4b99c
=== RUN   FuzzTrie/08913c8a00bf9c8d6f921e1f9f2c79350f5c1243
=== RUN   FuzzTrie/091a1bbbd888d34f16347bab27b1678fbdc1cbfb
=== RUN   FuzzTrie/09a2836e7c63d6875e798b6880a5cb07b9b839c5
=== RUN   FuzzTrie/09b76d4a58ccfec077fb7912392cfd63706b4a84
=== RUN   FuzzTrie/0a034cef9d07ab144c90b8753172f3ab2a1a9ca0
=== RUN   FuzzTrie/0a5962ab412bc43d9dd1e59332d6bff8cde607ce
=== RUN   FuzzTrie/0ae3a33b35e5c7a7e374f7c1d6e29fed9bedee76
=== RUN   FuzzTrie/0b140c86e76d67e5fc5681193c5c40e1bd7c2a9f
=== RUN   FuzzTrie/0b1bb7960862491d5e522ede930ee60fae315371
=== RUN   FuzzTrie/0b4680ad54b014600923c881404d7acd105ec8a2
=== RUN   FuzzTrie/0bdc2687bbb773ed7a3b3991856339861cba9167
=== RUN   FuzzTrie/0c140a7a4400cc4dc37ae1adeb70573df2dc0263
=== RUN   FuzzTrie/0c3ff03b9e6ed434cd9a078510bf1fd100a39c1c
=== RUN   FuzzTrie/0d9e7721760c5da7ed4e7d10ce30916fab041323
=== RUN   FuzzTrie/0f03eb89c9672d113c8549d5226a72a375be29ee
=== RUN   FuzzTrie/0ff687c6b6527686d15dd615e34950eaac50f046
=== RUN   FuzzTrie/109fe6a10daaa1cf7ecd561d1b9d1328320a6bf5
=== RUN   FuzzTrie/115897417782a17fc911c90b248cad55c1ef4eaf
=== RUN   FuzzTrie/1200108ab8ae97791b1d7994a84a5b81282cb715
=== RUN   FuzzTrie/1216aa524aef75e75aa9214fb78ad1ac3ba1e34b
=== RUN   FuzzTrie/1260c1e0c4b34d42af15165bf60ee0515d5795bc
=== RUN   FuzzTrie/138e40b2ef3c92943d7284980e9e5d111379fb71
=== RUN   FuzzTrie/14010e890966861fd58d9885cc265194e4070e88
=== RUN   FuzzTrie/142dc493fef0db1bd6aaea7661b452701291a63a
=== RUN   FuzzTrie/14ab4f4bee7c52eaef40c3ae547ec3d0967093af
=== RUN   FuzzTrie/14b838edd0b62026dc9c9ddc87d7f52703a27569
=== RUN   FuzzTrie/15262314c6b0d2fc2f5bd09ac8e755153481ddb8
=== RUN   FuzzTrie/1527b441145632ca28545b220e8686491ad7a212
=== RUN   FuzzTrie/156784b0117539a8c1d5f090b0899d2c7cb4f53e
=== RUN   FuzzTrie/15fcfcb962f2683acc3cf90e5f509cbac37d7792
=== RUN   FuzzTrie/16a473a24c9ac27e50ad5f1fa9956e8a00b4b764
=== RUN   FuzzTrie/16c7f80216d48dce1df9c01aaaccc119f949d736
=== RUN   FuzzTrie/16fb666ed72a7e24030aed37ce7f132a3fc35549
=== RUN   FuzzTrie/1759bacb447c26e31d9e44599fcc05ec43793dda
=== RUN   FuzzTrie/176c9d103fa296b0334840376bb4a4a18945890c
=== RUN   FuzzTrie/17e221efc1a0ecec12321a3c215ab0de80e67c53
=== RUN   FuzzTrie/185aa6efdf3c199382e463c97150eb9c3521db6e
=== RUN   FuzzTrie/187fad62156429597f8c9c8665722b4ca40ce3f2
=== RUN   FuzzTrie/1ad665d788f9298ff0df81fca805b6f980f62f1a
=== RUN   FuzzTrie/1af9fa40fc40e3f5e3b00776cffe2c61fb8846ff
=== RUN   FuzzTrie/1b3334d61bd1bdf9d30c3f3ed688d8db9f13b328
=== RUN   FuzzTrie/1b92f9355878afa4115eaaf74ab1753bc0eae5f2
=== RUN   FuzzTrie/1bc03d5e42d201e6c9c8d58381e30f73ef28f574
=== RUN   FuzzTrie/1bd301aa362511192b328ff4e93d2af6d73f8028
=== RUN   FuzzTrie/1cfb586a2453423cbba133f9692b97c943d7be6d
=== RUN   FuzzTrie/1f4f9e11859de5f22001f911e28cb0be6b1874b9
=== RUN   FuzzTrie/203703e7c880741cd7e49d81a2b0bd088e85becc
=== RUN   FuzzTrie/2064fe860aed9a9b1bffc89060ab5092a9a816ee
=== RUN   FuzzTrie/206af16ca4aa0b5d70f03e04d1a18ab1d43b2f1a
=== RUN   FuzzTrie/20b0ea465e9303b52fb9f51e9514bde10b6b90fb
=== RUN   FuzzTrie/21de6fd86ab34cbb7d7514ff8cb512ab6e28354c
=== RUN   FuzzTrie/22a61522cf5fd6048ce1e508404d323462714656
=== RUN   FuzzTrie/22cebcf13aac2d88be3987615de5bc4f94f10d8b
=== RUN   FuzzTrie/22f7fc98df01a499140000c65045cfa6481713a6
=== RUN   FuzzTrie/234c966a1634c537f34903bdbf78e95a2c671ad5
=== RUN   FuzzTrie/2391cd23146e5595ae93ad55c7787b8bf9fbcef6
=== RUN   FuzzTrie/24e0f920c8467ca94a9164ce3312162b85fd7b9a
=== RUN   FuzzTrie/24e72ae1bfec74d0cd532012eb5575ebd0978514
=== RUN   FuzzTrie/25827734b19d1a1a4188c953670daaf35f44dd9f
=== RUN   FuzzTrie/2594507718660990eab5aa8271e759d495c95793
=== RUN   FuzzTrie/25cb6899d1929bd8f547ca2ec605e510b82d1164
=== RUN   FuzzTrie/2613ddec786ac1b7f33ac3a5653fa2de91860763
=== RUN   FuzzTrie/2690d43b61d1ec13b8383930c1185893724be724
=== RUN   FuzzTrie/2694c932e85353ae2d25ed48b00ca128f5da3b31
=== RUN   FuzzTrie/269e25f9bb466a3bd51e28bd886a3f05cfcc74db
=== RUN   FuzzTrie/26f629c90af379dc3170386164e0296e9d0787eb
=== RUN   FuzzTrie/27bbc62a6aef966ce0d828df54a253c33edd795b
=== RUN   FuzzTrie/27e297d0a3379c138417282aae76efac37019d24
=== RUN   FuzzTrie/281591f3df7d49fc17466ab820211f21f91f704d
=== RUN   FuzzTrie/2829ef7dd9827ff28612b9b6d93925a630878c5f
=== RUN   FuzzTrie/28aa6cf2b552a2912d28ddabf6d5958d2073053e
=== RUN   FuzzTrie/294778cef3a7b6aa495430cb382ca3a8eb60e23f
=== RUN   FuzzTrie/299438d912e320d7cab632f70b0ae3b9f5192364
=== RUN   FuzzTrie/29d20e646b4fb6dfe5ccab100d5ba845fd07c03c
=== RUN   FuzzTrie/29ffe654443a1865b256b35bee80967fe30ae5e5
=== RUN   FuzzTrie/2a55577e3f76c8ed2edd03122900bc04a18877b6
=== RUN   FuzzTrie/2a5beef5eb1308b77310b92a797ef9fa56503b54
=== RUN   FuzzTrie/2b9cf950a46aaeee6aae15af0ccf5b5d5dc719cc
=== RUN   FuzzTrie/2bc9fd66d0db8ba739cdc94cf0257d0eb264a914
=== RUN   FuzzTrie/2bccb9958f1dac7193b643f1982c50684e6b079a
=== RUN   FuzzTrie/2c0a35d344a935a7f3eadccd57f49be492f60b1f
=== RUN   FuzzTrie/2c4480348ac8d89bb60c0109f7cb6b2b91729a57
=== RUN   FuzzTrie/2c8226ea8c1818fd258cfffdb70ed224bc5f758d
=== RUN   FuzzTrie/2d36254f2449b382a327bfe0f5f3fc723ed0d427
=== RUN   FuzzTrie/2dbaa250714bf1793380d938d83873f1a0e927d4
=== RUN   FuzzTrie/2de89829ce448ad78b74a36cf04f665498e86f18
=== RUN   FuzzTrie/2e9321b179932cc330efd0c513b037eb9418f493
=== RUN   FuzzTrie/2eaba1723ef682d02b5fcccc02a70c12304f8713
=== RUN   FuzzTrie/2ed929f29af79bb89a7cfa85feec06ab37f77d17
=== RUN   FuzzTrie/2f20df5c3a77d2355c8c05adaac5b630cdfe64f5
=== RUN   FuzzTrie/307de17ea8edca9ffcfffb4e47eac6381246600b
=== RUN   FuzzTrie/3177e5013d9e8feb2e24678d868a11a88956727c
=== RUN   FuzzTrie/33c6787134ffd13ff47b49cbc34c290aef4f2815
=== RUN   FuzzTrie/346322af46a10a0a675e26455a2f8cab62b7870e
=== RUN   FuzzTrie/34855795424f9e2f94ec2f8f1511614116e171df
=== RUN   FuzzTrie/36afb7e5e683339b45f69ca9466fb8e731761a11
=== RUN   FuzzTrie/36b79601a4c17010d80a45518304b77dec261331
=== RUN   FuzzTrie/37267fe24e4d6e8fa91b9056e906dded6d60a9a9
=== RUN   FuzzTrie/38306a9bc8fe998ee6791d99ffae648c933e7fa0
=== RUN   FuzzTrie/383855f411169e33699cfad89fd71c365f5345d4
=== RUN   FuzzTrie/386d9c1ca5963bac5b9a3acd0324470056d13156
=== RUN   FuzzTrie/38bbb89095e6f0d6cad4a7cec127ab87fa14c148
=== RUN   FuzzTrie/38e0e82f3af434ed3feb647896a69a2b2497f406
=== RUN   FuzzTrie/390a8ae53e4e3abf08e8af4be3d00540fe827bed
=== RUN   FuzzTrie/39489292c22a27e2770d42d5660eb4f9686e1e19
=== RUN   FuzzTrie/39712cc12d601f6e402d57082a0802d6ca0a96e2
=== RUN   FuzzTrie/3a85c3273cc48cd77cec090ab5b0d05e29e3f227
=== RUN   FuzzTrie/3aa8df7f1fb4acda458e0b890674aeef6537a0f8
=== RUN   FuzzTrie/3ab0eb6debe5f9685d316328fa56262b24505758
=== RUN   FuzzTrie/3adb1f299a37c1f5963956a4e863bc42bec4752f
=== RUN   FuzzTrie/3afec68bb5d5d799ae00dec4be07bf8fed75e797
=== RUN   FuzzTrie/3b1d31698f67c70d509a2e7dae99d9a0bdafb580
=== RUN   FuzzTrie/3b370dcb0efc00ee36aae91ea981f492f1053406
=== RUN   FuzzTrie/3b5f041a36260bdd640977933d5e42501419e38e
=== RUN   FuzzTrie/3be2eba1d840e9381f18693d5a172c27df13c01d
=== RUN   FuzzTrie/3cb729c75a02d73d7116e624835ae5d48b86e12e
=== RUN   FuzzTrie/3ccbea9e9dcee441a398f4020d4cff613c16c885
=== RUN   FuzzTrie/3d6eeaa69cd1b3d6d8613e0d043ca25907a9e91b
=== RUN   FuzzTrie/3ddc2e850287057f6337734fb5f4a58ad83fbf9d
=== RUN   FuzzTrie/3ea446b25eb77e50dd3abd81b863985cde53de33
=== RUN   FuzzTrie/3ea7b5cce3722acd12d2b9b6bea75e6557f05a04
=== RUN   FuzzTrie/404c135af4d4072f57281affaf2444a6dddf2fe3
=== RUN   FuzzTrie/40bbd3b989353e882e1a46f60a96df7aee0acf1e
=== RUN   FuzzTrie/40c6ce9de9bced50f7c9f1fd46abed00d1267bc6
=== RUN   FuzzTrie/40e228a0a7159ddff410479bd4285752a6b92491
=== RUN   FuzzTrie/40e5e14f0d8b6c1c4c3e1fe015d6999b6831a077
=== RUN   FuzzTrie/418932bbee761c78586fac851da7c7318112a047
=== RUN   FuzzTrie/41f583c266a0ca8701184731b773f712a8f75333
=== RUN   FuzzTrie/41faa2ff3d2f6f1df1617deabd7d7033d4f2b6cc
=== RUN   FuzzTrie/429f492e6007be853b001b52d27cb99f97ed1402
=== RUN   FuzzTrie/42c86551d123430135abd1273ed8c0c263d2598a
=== RUN   FuzzTrie/43e91dba690db95c7b51e941deeffa849fc69c20
=== RUN   FuzzTrie/446fb39a16f88ba75cc29ff1406757caaf50202c
=== RUN   FuzzTrie/44791b788f75bd99efb000de882080c4eb856489
=== RUN   FuzzTrie/44a9a89bb639ad84eff797c864c7580f51e1a3c9
=== RUN   FuzzTrie/44d47394ed34b07cb00697b3457bb89eb13597a7
=== RUN   FuzzTrie/44e839534028d519419b8e6c7259a27c5828ba1b
=== RUN   FuzzTrie/459aff28d17105047ed2d860c7395d38dcf96668
=== RUN   FuzzTrie/461673f82e55b364b1f7c4dc923c6b6f49069366
=== RUN   FuzzTrie/4625d6446a42a1035ffdf3dde80a205c615b8e55
=== RUN   FuzzTrie/465ecd4c8ca130f8ba06d111184662710a8ec63d
=== RUN   FuzzTrie/469032c75d2f31d6fcf3ae6429718ad408917103
=== RUN   FuzzTrie/474eb616851d52b128e911564e94fb14a619bde9
=== RUN   FuzzTrie/47b2b44cec3eedefd189eca7b7a882df3c712691
=== RUN   FuzzTrie/47d76856f06544dbb5d30a30945d48c0d510dd0f
=== RUN   FuzzTrie/486c3310924228d990dd1e3c78a8170ef137d2f4
=== RUN   FuzzTrie/487d125d6904346de53747a6681490758ec048f8
=== RUN   FuzzTrie/489e791007746f7b3cf9fb91c80631c6603ee199
=== RUN   FuzzTrie/4909ff7ee2bfcd219b7cfb294c3de6392d6227b3
=== RUN   FuzzTrie/4972def88d0a188767621e09c95f5e73ada34431
=== RUN   FuzzTrie/4986abac523e63cb1ad3751c79cb0de7b464057b
=== RUN   FuzzTrie/49eb1299b95de6d5b1a704061ad0c30e94a7fa26
=== RUN   FuzzTrie/4a04094bb8aa155aaf98e23c7ee2a73c6188f0ec
=== RUN   FuzzTrie/4a1417d1f763812160d6d43293e89e9c4313c1bc
=== RUN   FuzzTrie/4a8b568e59e129a9b00916e52d54b884f72ef871
=== RUN   FuzzTrie/4af57153803c1b9138567b25037fd03dea60c0c5
=== RUN   FuzzTrie/4b1349df991b79486a74ef4724b6c2484216992e
=== RUN   FuzzTrie/4b232991464e8488ab8411954aca78099d25a6b9
=== RUN   FuzzTrie/4b4045d55a8a9913df5e127bb8c80e193b035645
=== RUN   FuzzTrie/4b6c278a5626bf9374710239586ed10977c634f5
=== RUN   FuzzTrie/4b9ce5c930ff8a166c2a747f59953c758ba31861
=== RUN   FuzzTrie/4bb1ff7ddafc5fe9eaf8b6810a138e48b229fbf1
=== RUN   FuzzTrie/4bb94501207dfb8a2f5ab72b6cadcee4ea7eeaa6
=== RUN   FuzzTrie/4c25c59559fb49d894fc929b49fc2b3a209d38c6
=== RUN   FuzzTrie/4c3c15829d0849523190d8f3ca0bed0ef0f0dd98
=== RUN   FuzzTrie/4cd4388f31fd4b597639821b4a3dce630d3449a8
=== RUN   FuzzTrie/4ce316f4ae4e179e29266b77c003b29cce44d493
=== RUN   FuzzTrie/4e268853f2680809df477a5e10b3da92fbb9f123
=== RUN   FuzzTrie/4e54fddeb2b14b7dc4bbec8ef150649ec923c021
=== RUN   FuzzTrie/4e8b6638f906be3070539655a1d12488ea4d4f07
=== RUN   FuzzTrie/4efee4124ebe1bf8fb548c17e1a4f5bc872b9499
=== RUN   FuzzTrie/4f2255df5f5e14d1c548c05670557494a9e4b692
=== RUN   FuzzTrie/4f2a66735a3574f294f56a9188fcbbe73e1c50f2
=== RUN   FuzzTrie/4f657af7402e1f14a78676fb88b22e954e3307e8
=== RUN   FuzzTrie/4f84a8ef170663554be2eca4bcde0ae164ca8bae
=== RUN   FuzzTrie/4f9197a880858c25d458f6b5d3fa34047b6acb4d
=== RUN   FuzzTrie/5037e070f1ac495dd49c483f07cd9c55e088defe
=== RUN   FuzzTrie/50a264585b456a2ef7f62cb5e923717387a9c9b1
=== RUN   FuzzTrie/515b33346e850cdb5ec5c289d4350121b2152386
=== RUN   FuzzTrie/51c72f4115de94859197d332215817ab1bf595e4
=== RUN   FuzzTrie/51cf5e629efe47182779bce13af90cb80ecff9f7
=== RUN   FuzzTrie/51ed8ef7d30aecfea21afc7a929868d2e038eb4b
=== RUN   FuzzTrie/52db75059177c0ef5e101e5db15d49bc24e0ad98
=== RUN   FuzzTrie/531a41b67ee839957ed3764542837e89bd9fd80f
=== RUN   FuzzTrie/532b453bbc088f3cc06b14088d0c9eb3f2027f3b
=== RUN   FuzzTrie/5362b055e2f7f9869c30b226f7c4d5dd6fc0e852
=== RUN   FuzzTrie/54139ceebdf61fbf10cd9338c61be60e67b4f78f
=== RUN   FuzzTrie/541e3dcf8536983dd50fe24c59f9320a0496ef16
=== RUN   FuzzTrie/5463ca08519511a23a6978db4bc127d4cbdfa29c
=== RUN   FuzzTrie/5498bc008c0ba32c0278baecedfdf3fec17d0ede
=== RUN   FuzzTrie/54d2d26c25f0776cb417727c8e503e6189a82f93
=== RUN   FuzzTrie/5525b81074f6f9b594b2698ebc2a3b7d3d65ae92
=== RUN   FuzzTrie/555462558a73b09b580ebd02609b5c03a4bee13c
=== RUN   FuzzTrie/55982acca2489814fbecc4b9edc1a74a42f1debb
=== RUN   FuzzTrie/560b456aa5d9e54c6c7645b9461000c6cb3ed8c5
=== RUN   FuzzTrie/5645832ca34937ab47fdea7367842d7e441c7a71
=== RUN   FuzzTrie/56b149c343a51302832a4d7439146cd611f93fe4
=== RUN   FuzzTrie/570c60ff1923cf79ae51884ed26ec86d45f4942a
=== RUN   FuzzTrie/58af0499bc38202fe72c4f248bcba02b2af6b918
=== RUN   FuzzTrie/58e137d45fe7ae36f0df7d2aa4bbe0320e27b5a4
=== RUN   FuzzTrie/58e232f2e1e185b569a6daf60b365b723765207f
=== RUN   FuzzTrie/58f78aea6f5c07dbe4ba4651e4d5fdaee73c5345
=== RUN   FuzzTrie/59f7b0a61ff94f4184b1fda693ffea3b57c2eba9
=== RUN   FuzzTrie/5a987958dda9d745b7778f4170c56a125c23839e
=== RUN   FuzzTrie/5aa4099e90279ef84ca6266e59b0001e1642b0ce
=== RUN   FuzzTrie/5ab97428de40dd55c1b0cafcc17c4d760e9fdbd2
=== RUN   FuzzTrie/5b4fb484ea864c86ce91469d5d941f2ba1d0882a
=== RUN   FuzzTrie/5bb1af377092b9bf2f557b2c83cb92e4e429a6f0
=== RUN   FuzzTrie/5c3b48a6d15e7327168e2684344dc007443e6c3b
=== RUN   FuzzTrie/5dcb95e087ce326aa3698d4e9c06a367e7c96ed2
=== RUN   FuzzTrie/5de17c69cb555622fd255af02c73dc3dd548f558
=== RUN   FuzzTrie/5eb4963ef7a6fdb0509a0656bdcffcceceb3b3eb
=== RUN   FuzzTrie/5ec55fb3843c63c799ed1bc46a57fe2dd78fae3f
=== RUN   FuzzTrie/5ef26580207a6bb342388a9809abb1b6e66f41e7
=== RUN   FuzzTrie/5ef51bbca1707d5a97beb7e3cfbed9facdc472df
=== RUN   FuzzTrie/5f1778f9f719bea933e50eac0c22fdf1709657d8
=== RUN   FuzzTrie/5f91d6388cfd798bc478d8a9154400667ea961db
=== RUN   FuzzTrie/5fda9e90692a071280e035f099e687ae0bfe5b62
=== RUN   FuzzTrie/60c67ba97a7eedd1f5eee68075da9fe4a19748e3
=== RUN   FuzzTrie/613fc089e46ac2cd5375a862491dfa65b435c64a
=== RUN   FuzzTrie/6198236985e7ae9e93cbbe5a4cf78bbc4c9be85c
=== RUN   FuzzTrie/6215536db5606bce553845791f5b439ed241e1d9
=== RUN   FuzzTrie/623569aa2dcd72b3ef09637ed080b2db24e1df6c
=== RUN   FuzzTrie/62afb3c95fd0151c13730f9041bd52e559639ab2
=== RUN   FuzzTrie/62be16525da5025e30a4d566e01d76aaba5cd4b3
=== RUN   FuzzTrie/630ff0df7b7759fc74883ccaa77db452bdbb5066
=== RUN   FuzzTrie/6327e975b587ddf3168597a2c9e2f7a1bac541e4
=== RUN   FuzzTrie/6331ae914cc87bdad09f7e40a670a15155512402
=== RUN   FuzzTrie/63bc1bde68fb2c4d20ad7b53ffcafcf654e4b847
=== RUN   FuzzTrie/6438bbb0ceec9c9dcaf630f90681d0fde6d55b41
=== RUN   FuzzTrie/64712364254ea79cb9bed4bb56b02fda78fbb8cd
=== RUN   FuzzTrie/64e82f3e6e4d5c7cbcea26cd8cd24b9579bb99e5
=== RUN   FuzzTrie/6582898b4630cf0a02234d271ca2e253cf0eaf8e
=== RUN   FuzzTrie/65890fdb30cf30d0ef5e4041c886e88608c5267c
=== RUN   FuzzTrie/658d198a9305ab9b2ad413c007bf1f3b81a51cbc
=== RUN   FuzzTrie/6736f05eaff65ea6d0fca3125231268b0ecdc28b
=== RUN   FuzzTrie/67f9ebfc1312a80343a056c9d8944f7402fc781b
=== RUN   FuzzTrie/68691df96418d03e6a7c825052eff6c70d0de9cc
=== RUN   FuzzTrie/68d503c906b5c5757de3de4375c6e7fae66af17e
=== RUN   FuzzTrie/68d6c0b8a0786bb45a834f5843ac1879346f8999
=== RUN   FuzzTrie/68dc7188fc6bd0eb899ba32dd9854c56af0d6547
=== RUN   FuzzTrie/692c06f198340b5f63fff1d867d60a5ba6acb981
=== RUN   FuzzTrie/6a0299f2e342a525d40488d92d6caa59f74dbbc1
=== RUN   FuzzTrie/6a17775ea0a820f27098e18302d97c3f2637b5f6
=== RUN   FuzzTrie/6ae0e9cad0bf04e08a7dbdade73fd12965efdcb8
=== RUN   FuzzTrie/6b7ca57a215dc275f4356ee95fc7b77a81be1829
=== RUN   FuzzTrie/6b80aa09906dccd0aae29f586c99e6a24a3325d2
=== RUN   FuzzTrie/6c9e2da44223a52dd3ce427102428f56db0e1162
=== RUN   FuzzTrie/6d477d9c11d525317fa2a5b0be5dc02431af014a
=== RUN   FuzzTrie/6ee69b47b78ff68ef3d27ea4688f9cd3cfc74576
=== RUN   FuzzTrie/6f204f04d0da7e94a8464962bb5711d69315df5c
=== RUN   FuzzTrie/6f4ebe79e56add032e564d7d0d0f8eea6c3a5d39
=== RUN   FuzzTrie/6f77b261ae97dd5b7df7427ccdd439344a6d88fc
=== RUN   FuzzTrie/6fb040e351bf9d65138a977fab705202b2e5064a
=== RUN   FuzzTrie/6fdc636b8ab255f4a6844aa2e03b8f31b8986bae
=== RUN   FuzzTrie/70d601fc2f1a5acdc0baa8fe3b0c5a87bb132ee1
=== RUN   FuzzTrie/71bcb8220a801bde3430a09f9594649288552d8c
=== RUN   FuzzTrie/71c69e90bdb3e58424d2ddc78224f51c861b1416
=== RUN   FuzzTrie/728755accba85e926cdb778cc2eb528d79b0114c
=== RUN   FuzzTrie/73e6ff58ffa7b30eab3d914b3b499a4b34458466
=== RUN   FuzzTrie/73fae5607aa18c6f9d035cdd83a47f5f6bdb3428
=== RUN   FuzzTrie/7427c713f2bbe6c00d6a68158aadd9c43e71c10b
=== RUN   FuzzTrie/748e0768266fcb5cf89432a9fbca6d3ab4d86350
=== RUN   FuzzTrie/75577a2555683d1817e22f4a8ce63083d80f6282
=== RUN   FuzzTrie/75ae3340df827a1000fe122e1274b6afbce5498e
=== RUN   FuzzTrie/7603b5a1a17fe8cdc10e4c397a626e63b6bd95b5
=== RUN   FuzzTrie/76cf96c31224cd6307a6a46f03d1eff052187d30
=== RUN   FuzzTrie/76f3c30421661c19fb19aefe6cde8de937359b6e
=== RUN   FuzzTrie/76f821e0f90c9927767023e35033e0b10e5bbb76
=== RUN   FuzzTrie/77265e7256cd982492f8c4811666af2384098139
=== RUN   FuzzTrie/77530c3beff3006b9b3df34ef1863c0fb7974756
=== RUN   FuzzTrie/787bea9919e13720cbc36e23c2ae37ba506e3354
=== RUN   FuzzTrie/78a7719132ec337b868f6446ca059619152c976f
=== RUN   FuzzTrie/78fbeb97815852d280ffd5fd7d5b1788c4bd4265
=== RUN   FuzzTrie/7a418453b4f5d8501805dd51dfb41f6334da5d67
=== RUN   FuzzTrie/7a468b2075e3f6580f9fb204e85502a030ac8d51
=== RUN   FuzzTrie/7aa9bc6ce7f15e4c3fc61eb65fa12ac43612bd04
=== RUN   FuzzTrie/7b6501aef40af31d998256297b61528fc525f0c7
=== RUN   FuzzTrie/7b87e4b2d990dbab57af485398d3bf413f1c18a4
=== RUN   FuzzTrie/7c1eed7510be69d1cb6422ebbc298cfd7a606e39
=== RUN   FuzzTrie/7cb379b8464abae7188904626516f12e3abfede1
=== RUN   FuzzTrie/7d292ba7ec7f1125c3bd34d8e12f87bff06528ed
=== RUN   FuzzTrie/7de19beab7ac2b21c7f2cee4988efa2fd78a7120
=== RUN   FuzzTrie/7e5bc19fca615f4af959d3f86329db066bddebb5
=== RUN   FuzzTrie/7efdaa11f384e4e02304b153e658a1e1202955e7
=== RUN   FuzzTrie/7fe63db72d954c4c436efedeb6c3f578a109f10b
=== RUN   FuzzTrie/7fec35945c9e262ac8437322a07eeac73a940d09
=== RUN   FuzzTrie/803e75a4a84a8e64a0fecf752ce7e4f5b938b7ac
=== RUN   FuzzTrie/80f4844975877def3166b158a572bcf4f858a52f
=== RUN   FuzzTrie/8121477dbd6e428afed0f4624fb840567075f31b
=== RUN   FuzzTrie/81755d20237827a69a4178449c3289333f95e2d0
=== RUN   FuzzTrie/822548a78bb30c71eaeab2f8a9e1e3da0cfb782a
=== RUN   FuzzTrie/82bb767731ce6212d24c3680efe8bc4f5a2f4c15
=== RUN   FuzzTrie/83293d037b7b607919803ba367855e03d370ac11
=== RUN   FuzzTrie/83618a2e4abd64de480a11c84522e228d1e4602b
=== RUN   FuzzTrie/837a69dc4ecc74cabbe83d3ebb9f88e02a56cdc7
=== RUN   FuzzTrie/83ab166e8024c70731954c71af04ac47aee55b72
=== RUN   FuzzTrie/83b5b833a036388415b0c0cfdc87277f22c793dc
=== RUN   FuzzTrie/858eb5ca1fc662b269fa714bc2128934d395ce24
=== RUN   FuzzTrie/85be2dfde36f86b58b69a8fa6123e9ed79dedb42
=== RUN   FuzzTrie/861be3614775c9afd780aa5cf6f9d9e2ccedbb31
=== RUN   FuzzTrie/8623c2ba5186f4da75197145d59445fc3606da16
=== RUN   FuzzTrie/8651dfc88231f73ecb778751f54f3a5e42192c52
=== RUN   FuzzTrie/8657737ac842c566e8c9b96cd00cb05c353e2349
=== RUN   FuzzTrie/8819ed61c104244ae7d2f779819973f8b0aacf78
=== RUN   FuzzTrie/884bdb04feb7a61da278be9a61fe5b99e9012d6d
=== RUN   FuzzTrie/8a378803b72dfabb18fd593e5257a41590d73350
=== RUN   FuzzTrie/8a680a7f6f4356a09e9d25c4567d4b05c4e1110a
=== RUN   FuzzTrie/8ae26814954451c1f92c515a6df2edeb1e0b8736
=== RUN   FuzzTrie/8af2931fd95dce4e4730d2010de29b0753561822
=== RUN   FuzzTrie/8bc8e8510b2b7b0fef13d1e80711a7dd188c2f7f
=== RUN   FuzzTrie/8bee49f119328d452ee8f563ffacc35f81430266
=== RUN   FuzzTrie/8c1c3b9880245fcd66c84db2d957e5cd2c8abee1
=== RUN   FuzzTrie/8d4104da6552cd9cf8092b216964cda56e35b00b
=== RUN   FuzzTrie/8db2d52628ef63b75e527838f2896b0ffc2c0f44
=== RUN   FuzzTrie/8e90c05c240df552e124d1346570f76284385644
=== RUN   FuzzTrie/8eb50d495274b9542222a794e80687b677aad9ba
=== RUN   FuzzTrie/8f1472fb4875fc640a2422c51c2a1fab018fb7b8
=== RUN   FuzzTrie/8f80b75e3df0bd11bd64694e1aa8d6b7120feb53
=== RUN   FuzzTrie/9017c0d90187d00b11d18c2235e25ddf17ded699
=== RUN   FuzzTrie/914365beb340d4db04016be6ec26f04d40330081
=== RUN   FuzzTrie/915526e269ddcd5820cd23f2182d08e69b84ac5e
=== RUN   FuzzTrie/917245469a1ef2605f5f0da8aa5bc1a69a11331f
=== RUN   FuzzTrie/91e660f097df7b72c94caefcfff390986fa8200f
=== RUN   FuzzTrie/920021e707d0b08f8bdf421cac35a4fa65b12437
=== RUN   FuzzTrie/9300c3339b1841af13970ffdbcccacf7baa7f091
=== RUN   FuzzTrie/931827e482580d64aa9831fd445fadb38c7a19d3
=== RUN   FuzzTrie/93f14acc4990b5b111c2a365d729a8a2f430dd47
=== RUN   FuzzTrie/945e2a1c0ce244b410294ae9c5199d0e89ca0b89
=== RUN   FuzzTrie/94d20a53b38c135441fdb3259e77905c8565037b
=== RUN   FuzzTrie/956fcd170ebf2af362a3667443046b72211151c4
=== RUN   FuzzTrie/959c1ea3d4510a880c47dff4634f36e35aef10de
=== RUN   FuzzTrie/95fcf1914cbdcf159b6210cabd807173dddbbcd1
=== RUN   FuzzTrie/9636ce3165c5fe41eaaea08a3b51384ea3f4772e
=== RUN   FuzzTrie/965f2d3c7ebf385ac68f578848098220eeda0544
=== RUN   FuzzTrie/97ab8a80da8026115283ecbdb29385606891276f
=== RUN   FuzzTrie/98013dcc99451d13ac32512fec33214879b2a602
=== RUN   FuzzTrie/985e41e5de098c9590700fd37170213f3b90c1f1
=== RUN   FuzzTrie/98aa584c8d844555961a7f08e6372fefd57ddd1c
=== RUN   FuzzTrie/98ec770d803cdd9293e3fc4cbe5b6795978765dc
=== RUN   FuzzTrie/990c4bfca4bc4c6a7c14e5b21a8b2ce2ada7d698
=== RUN   FuzzTrie/9a3d649bac568f6c9df8a8f636815fa8d7b9457e
=== RUN   FuzzTrie/9baaf14174e4fc994461292f8fa9004afee0eba2
=== RUN   FuzzTrie/9badf72e4077511d6b26b118959287a2ab5edbe6
=== RUN   FuzzTrie/9bae12ee6261d0686691130a9cf8432c1e2911c3
=== RUN   FuzzTrie/9c7a5d24ad5ca4da141dd55a5eae4d766972a6fe
=== RUN   FuzzTrie/9d71f7d5235fb86c4f6119fb93bfa6f9fe700a70
=== RUN   FuzzTrie/9f5adca3c5c482079e78ebfa86ea584f918cb217
=== RUN   FuzzTrie/a0f8ce71ee5832718e46acf86f4bec46c5dbd530
=== RUN   FuzzTrie/a11b4a6caaee26b136cbc6ec56d79971d302191a
=== RUN   FuzzTrie/a16c719b9c71ee162687d61ba2e585d143c61a39
=== RUN   FuzzTrie/a20bbb5835bdd0b8db7fa0c95300ba335141e7a3
=== RUN   FuzzTrie/a309e0affd6ca31448b5a9302135891fa07700f2
=== RUN   FuzzTrie/a30b16181da10e73196d353cbf113604a4f312e1
=== RUN   FuzzTrie/a3407adbab74ea8a451a224d20f2dd792ffadd78
=== RUN   FuzzTrie/a3549fcf10a70bcca1aa759909a6865ad61cabdf
=== RUN   FuzzTrie/a35659b70ad23e46acc26f11d8c55485aae93006
=== RUN   FuzzTrie/a5c4a21b0c3358f9d51cd1c77c1b40519b323202
=== RUN   FuzzTrie/a67bfbad9370ce9b11ccdc1711651322cd97ae87
=== RUN   FuzzTrie/a6bd80e178d85d7b27cbd1f19a12c39b76047fd5
=== RUN   FuzzTrie/a7074e7390eb44e124dea6883bc4e33257fe6f5e
=== RUN   FuzzTrie/a74f8f88696d05e043ea5a0fea326b76ce5ce5cb
=== RUN   FuzzTrie/a753e9f1de6d4625ef6b2211652d3a32fa755a3b
=== RUN   FuzzTrie/a77f01a150c8d534406ba1d54d00af33d7372abd
=== RUN   FuzzTrie/a7bd3819a112e6acb5194b7a9b6366da8594ccb2
=== RUN   FuzzTrie/a895fb297ed78fbcdb0756dfed48893cf6d20dac
=== RUN   FuzzTrie/a8f15965347fff6261d0893907501e2f5aa4758b
=== RUN   FuzzTrie/a9517f7796a0c8369f37bdeaf675b54312dc2344
=== RUN   FuzzTrie/a9a19b96be0833fd171b75239236d3df5a7a6215
=== RUN   FuzzTrie/a9bed75229c9deaca4f5c37cee9f4f8e4da24551
=== RUN   FuzzTrie/aa385510b5929d59bdcaf21ba8ec3a4579f7a7c7
=== RUN   FuzzTrie/ab27f373fbe4d2487216152060fd4d2209ec8ea7
=== RUN   FuzzTrie/ab31cb8ca003cb085a5a6ebfdc77d36ffdad41cb
=== RUN   FuzzTrie/ab38c160a10ca10234b54c16b53de8bbfb24c28d
=== RUN   FuzzTrie/ac147e2a46bd77135ac5364ce2cb5999161a6a3a
=== RUN   FuzzTrie/ac3c0e904bdab1a3d6f0e4f4cfd265d97780c14c
=== RUN   FuzzTrie/ad3611bdebcead082eea78125bec85548852055f
=== RUN   FuzzTrie/adc83b19e793491b1c6ea0fd8b46cd9f32e592fc
=== RUN   FuzzTrie/af557e443dce39084c7f4da18c619eb39e4a1d67
=== RUN   FuzzTrie/b04068b63e3b1b98c03f51ad3a8843f62c62e767
=== RUN   FuzzTrie/b0549990be3ea96fb2ec7aac87c03a6863216f44
=== RUN   FuzzTrie/b0f3d52e37069db3049e35e38d418dec28f52ab4
=== RUN   FuzzTrie/b1533ad5ce9e8a23f573a6b0a78df812ed25134e
=== RUN   FuzzTrie/b1fee9dcd54bf9550c8a48daa37bafc8c746ddab
=== RUN   FuzzTrie/b200697fb1200aafd9fd6359fd1d6d6894bdbd18
=== RUN   FuzzTrie/b26ec870c59b40a1d03a36fffc144c96b14998ad
=== RUN   FuzzTrie/b2aecdad6300fffee9370a6c3f5e09b3ded630a5
=== RUN   FuzzTrie/b2f4a175b296816e040355385189849e2f2711c1
=== RUN   FuzzTrie/b3b18128490c3eeea41d6aef51e2623c9651f274
=== RUN   FuzzTrie/b3d7eb7427772358f52b4dac7c9b6b8e5a98fb47
=== RUN   FuzzTrie/b466ea316ce949a1ef4a4b2728c18defa82e8f91
=== RUN   FuzzTrie/b4919d2f35a1259260771d805ef08b24927cdd90
=== RUN   FuzzTrie/b4a2119ca17c35b7b2207ba42287984485fef012
=== RUN   FuzzTrie/b4ca9cfae5f84bccff9f620bc6ac9583e349adb6
=== RUN   FuzzTrie/b566d992dea6b158b6d1e38c7f16180ebdf43097
=== RUN   FuzzTrie/b5d6bfef567965ca56dbd623a6bf7fc378ac5f12
=== RUN   FuzzTrie/b5e7de70a6e07c678ced02e94b8a3849f6dba073
=== RUN   FuzzTrie/b6cdf2b486ec8dd895d55d231f1013a1898a7860
=== RUN   FuzzTrie/b6da7f8ef449402ad7e20e56f12725bbc63a36a8
=== RUN   FuzzTrie/b708e96144080f322c905c95c11926ce62632bbd
=== RUN   FuzzTrie/b72faac98d102d89733903c14d3a7854fcd11cda
=== RUN   FuzzTrie/b78e74b951f2732fc0abaad3fb014bc03740cff3
=== RUN   FuzzTrie/b7ccb816e0efa5f076a7d765284afe0886cea754
=== RUN   FuzzTrie/b801f1ab6e391e5b611416d2e7d9b508e37080f3
=== RUN   FuzzTrie/b8682265ca20b54f38fdc4d3454a028a36ef889d
=== RUN   FuzzTrie/b8b1c4f71e5dabf183079b328e290495dd1c333e
=== RUN   FuzzTrie/b9c8fce31c412dfc8ca614c848f45a8ecf985bd9
=== RUN   FuzzTrie/baf9b09db5a0773e6069caf2abd4a7d90263153f
=== RUN   FuzzTrie/bb63645da733d54cd0934acf5c29a95876c61dac
=== RUN   FuzzTrie/bb7303dfb84949d85b1f7a719352d510352c2c72
=== RUN   FuzzTrie/bc4f0cf9a7946f6ad80c4a846305e5f376220618
=== RUN   FuzzTrie/bc61ac4386d44e6ff0ca609bdc910e509fcdacec
=== RUN   FuzzTrie/bcee274ebc7399d2919e740ef5696e26761e2a0a
=== RUN   FuzzTrie/bede719ba358e086f420a1eb83d6811b2a921703
=== RUN   FuzzTrie/bef4e7ef7f901ffd6da60be8072c03826025decb
=== RUN   FuzzTrie/bf953a2f0609ea0e11c64dbe6c0ec6d11aee24de
=== RUN   FuzzTrie/bfa5a391230503bc8cdd48264c5dc6d8c9e7f72c
=== RUN   FuzzTrie/c039a2f6fe259c89b3e7a5abf86bed552bb710cb
=== RUN   FuzzTrie/c0917f11e8dcd80922235de5cabadb62d0e498e5
=== RUN   FuzzTrie/c14f5b2bf8563fc6a512602c774170012be2d4d3
=== RUN   FuzzTrie/c1b6a07e7d3fefdd4a44167bbbc1793a2693a2d9
=== RUN   FuzzTrie/c3426ead16cad27c02d030e83225f1ad1d12da2e
=== RUN   FuzzTrie/c36e539e4769fcbcf9b573c5e97eac6b68caf223
=== RUN   FuzzTrie/c45a39bcd64cdee442e8f2f54c1921f4df6740e7
=== RUN   FuzzTrie/c48b1882557126d3b0ba4dda0fdde52b3a412e59
=== RUN   FuzzTrie/c498b2e0d87a2435f8cb467250ea340c10b3be06
=== RUN   FuzzTrie/c4e82312fc33228c30c80581fc0a7994926dd37e
=== RUN   FuzzTrie/c56662367b8743273c8c088fed27587e136b1cb3
=== RUN   FuzzTrie/c568dbf258a82a578b202f1b14c0f9e85996f26f
=== RUN   FuzzTrie/c6581abf7eafa98a614b31ad264c919852594701
=== RUN   FuzzTrie/c66784a9db3d7984694f138b677e3ec9e7e32f94
=== RUN   FuzzTrie/c6cba7ba36f465e2c5f0dfb4bfba2c993997c9ac
=== RUN   FuzzTrie/c745bc0211a0626ee72e5a17f5d147748ee71913
=== RUN   FuzzTrie/c820b06230ab6157dd554f9052034f75b933af94
=== RUN   FuzzTrie/c83f87b9055d334c6fd8fa4bbe88169fd29f5c98
=== RUN   FuzzTrie/c879ef67ab0774faecfc106c7a1087edb5a217e9
=== RUN   FuzzTrie/c8937af7b03ad872895c7a782ec451cf164232f8
=== RUN   FuzzTrie/c8ed95b230974fcad893c60f9da3d15eb29b3cf0
=== RUN   FuzzTrie/c9b8ea4dffac5f4c81497f7085a603d15dac4080
=== RUN   FuzzTrie/ca398638faa65cfbd9f6475b574d57419d27757f
=== RUN   FuzzTrie/cc109750d2d67d4e25e6c9f1e4141d81e715c397
=== RUN   FuzzTrie/cc42ded078a8e8e0617f35af678843259221f093
=== RUN   FuzzTrie/cc86ebc7639968408ac46879ade4959b798415fc
=== RUN   FuzzTrie/cd755e332d0f82dc2e9256595d4944048157df41
=== RUN   FuzzTrie/cdd5a2eb37860072a9bf5ae5c2e32e1a539e16a2
=== RUN   FuzzTrie/ce8abc579d1af40421d087027b2f05b2d5fb5035
=== RUN   FuzzTrie/cee8568799aeb795bb94e17ed413d80823ce2b8c
=== RUN   FuzzTrie/cef1a49364d2bd046aee041f5996b97affc88754
=== RUN   FuzzTrie/cf53d79bf18d4ff7281bf8480008a9730a28c738
=== RUN   FuzzTrie/cf8a42f450b6ace043ed5ff91e1cc84afca5332f
=== RUN   FuzzTrie/d01bbf9a2bf1807c3e478e39fd18819a1a822393
=== RUN   FuzzTrie/d021c032fbdddf22b555d2f8f6cee31fdc3cc278
=== RUN   FuzzTrie/d0afec69aeba13c992148760f01ae0d22a9b5bd5
=== RUN   FuzzTrie/d0cc8522933e5c0317c2167aef5a80eb24eff0a0
=== RUN   FuzzTrie/d1447d1645aeaafe68bafd4838c37d8fcfc6afaf
=== RUN   FuzzTrie/d1584bc89413c026167f7ea0445ed70607497582
=== RUN   FuzzTrie/d2438efc9afaab48edbbbf5302cc9819023ed50a
=== RUN   FuzzTrie/d26a39fcdabc111cdd68eab64225190b2d056ee6
=== RUN   FuzzTrie/d2eccc054431f402ea54f9238f1f588f555d1bd0
=== RUN   FuzzTrie/d37d50f532652359dbf8515f1e47480f2d0a83c4
=== RUN   FuzzTrie/d3ee3536177008e8e381cf240716f41f9ad8680a
=== RUN   FuzzTrie/d43be12cb9185ecc5e2282cc075dfdf0eff355e7
=== RUN   FuzzTrie/d4591da2e2e9fc44e50038546abfdf55b5771954
=== RUN   FuzzTrie/d542bd9199483c9cfa3612e5dc549e6660713714
=== RUN   FuzzTrie/d558aebed8f7b6a2651e4c66fbee350b2ca916cb
=== RUN   FuzzTrie/d57d35946c71627a1a0003152fed415fc618675c
=== RUN   FuzzTrie/d5a3db0317558a301798d38055bb36a24b7fb5c2
=== RUN   FuzzTrie/d64bfae65092f40d92c6cba3ea95e85a00050d5d
=== RUN   FuzzTrie/d6512b8348cd025bb92816f7aff800e970f66c97
=== RUN   FuzzTrie/d706fbe7cacfd74ccf276fa677f59a4000b3d1b7
=== RUN   FuzzTrie/d8343bbb9a48ee2ae51f993514a4d8847e8d2903
=== RUN   FuzzTrie/d8b7de72f5273095696cbbe1be370be73361e8b7
=== RUN   FuzzTrie/d8d512becb1172f4c3d4859457c259d70e2e37c9
=== RUN   FuzzTrie/d90cd50a8363fab4c9303ca05600e3e6e2185472
=== RUN   FuzzTrie/dc09a72ecab7b15b90b2bbe01a44f17b9e8c3dab
=== RUN   FuzzTrie/dc0c24291611dcefeff2ae89e29baf2b7905f36d
=== RUN   FuzzTrie/dcaa181b97a4e9d1cedb3e2294c3b7c2f76b43ee
=== RUN   FuzzTrie/dd7dae8c249a498f2f6af8bed2652eee6081ed97
=== RUN   FuzzTrie/ddaed1bf8074467ec996c06e95bd25d2fa257957
=== RUN   FuzzTrie/dde2812dfeb80c8057bb4d85897d73c18e054a14
=== RUN   FuzzTrie/de5dc47316e89b74019ccbd308f6e8d78ab510ee
=== RUN   FuzzTrie/deb38c91c291c7a7a180f6b957554c7012289eee
=== RUN   FuzzTrie/df463de2cb9fc949bd38ffd845654ce12f7ce6ec
=== RUN   FuzzTrie/df6d4de3c9f788f3973b264a1191f2fd67100152
=== RUN   FuzzTrie/df9dd0e36536d76af9af30d56742e52e415a3e71
=== RUN   FuzzTrie/dfee6f8f0332cb3f2d7457e259445232cfbde76f
=== RUN   FuzzTrie/e02f858bad662d780c487b3aea9d6b19d8a88a03
=== RUN   FuzzTrie/e049ed43a8af0369cc64bf63328f39eecdb68457
=== RUN   FuzzTrie/e0db656d5703d5ba486babc3f589da15ee4705b7
=== RUN   FuzzTrie/e16729daa0a18c2a81defebba3ecdaba01da83ed
=== RUN   FuzzTrie/e16ed33b8d01fd620c4da09434c2c295b14f0b2f
=== RUN   FuzzTrie/e185ead6f9f80d34632270de22e3502e0684a815
=== RUN   FuzzTrie/e2827b2a0365bd22b4424ab122941266d7d82bdf
=== RUN   FuzzTrie/e288c38d5b3dc19701aa5e8e3b467ef06819265e
=== RUN   FuzzTrie/e33f7fe158da7f66eee1ea182108e6bfe70ae809
=== RUN   FuzzTrie/e37cc564dcf0cf68303a732790798a269b525613
=== RUN   FuzzTrie/e3944c7951fcc0241e8317909b1b38ae4a423f33
=== RUN   FuzzTrie/e3d538ccdde9781d538096b9129f1eb93950ea3a
=== RUN   FuzzTrie/e4294c066e72dc179a4f4bc2bff4d87a2fc904d4
=== RUN   FuzzTrie/e493aeb3928fe2d452e183505a400761bb54e69d
=== RUN   FuzzTrie/e4aeb4addedf998ef6af6bb40e2a015e907f3249
=== RUN   FuzzTrie/e4c6f66aecc85f11eeef4da7bfbfe9b0be090082
=== RUN   FuzzTrie/e4e5c0316992e471e5533596dc7edd323ae6282a
=== RUN   FuzzTrie/e50cd1826790c3ffc06c2d696fa0e4e31a8a5983
=== RUN   FuzzTrie/e5b5985016b2ac1a790ab67e05d23d35acbff07b
=== RUN   FuzzTrie/e5db6e7d4efa4a966e62e9fdcfd88982b2e5760f
=== RUN   FuzzTrie/e692a645ddbd1a00884feb06f63e8f5d8b34f8d6
=== RUN   FuzzTrie/e6b997b805aeb471ee3a7ef9d385d4df6c0cc316
=== RUN   FuzzTrie/e6f981199ea47da6bc0166fa3df2d2e270d4dba0
=== RUN   FuzzTrie/e77a358382235618389331125a3d8f2378d0097b
=== RUN   FuzzTrie/e77cef4cbcd9dd4cd68098afb350876ca6fda1b8
=== RUN   FuzzTrie/e7d0fa6dad2c2e81c623c4a97d70ba7bd28300f8
=== RUN   FuzzTrie/e7d2cdf492ab88d569e44e62a017c62fd2a54c4c
=== RUN   FuzzTrie/ea3e65eb15a74af138fe80133db9fbe4960d91ed
=== RUN   FuzzTrie/eb1031bad67fe30a45d5b9d427b257d5d70ee595
=== RUN   FuzzTrie/eb7d0ff4ee141308f7cca0e05158f700d4f34bcc
=== RUN   FuzzTrie/ec223f923d9b511f7fce5bb20687828c9322acf6
=== RUN   FuzzTrie/ec5093c2db08f94887d0d45601562c151b801978
=== RUN   FuzzTrie/ec6f7536633e313d153022ce0a262c84278ec0f1
=== RUN   FuzzTrie/ece10fddcf5923451e3e8623687aadff6fcce672
=== RUN   FuzzTrie/ece74dd406e490e354ea00dd08fd2961efb22251
=== RUN   FuzzTrie/eda3ca28f5a9d8b5425e894cee42db145f10b834
=== RUN   FuzzTrie/edbff630df4f410f13f890a22980fd89008ebbca
=== RUN   FuzzTrie/edc8304245b62eb4332be169f01b05a3815a0ccb
=== RUN   FuzzTrie/eec92611973d268b16eeb9b243e88ecf0182917c
=== RUN   FuzzTrie/ef320b997e5fa85f05a216f5e5e084fb23efcc11
=== RUN   FuzzTrie/ef4d11115ace632a5ee95848a268fbf811d9bf22
=== RUN   FuzzTrie/efc3971099b6b9b429c85fbcccebe6c85f79e6a3
=== RUN   FuzzTrie/f0cc39681f2680cdb97702112618fbad109df656
=== RUN   FuzzTrie/f120c057fbab66e7bbea237d369cea9d6b75b6b3
=== RUN   FuzzTrie/f1383eab3d93d818bccc7e6d9ab44108bdabfa57
=== RUN   FuzzTrie/f14ec3aabbdadec7ffb181813968263f90b7a6b6
=== RUN   FuzzTrie/f1558180f980c001a94ba95c9987e6a99d762731
=== RUN   FuzzTrie/f1d6d17dd49a1f3368431b6fe141a090f0d5e91f
=== RUN   FuzzTrie/f1dfa56827701d3decf05500d6c976ec7532f75a
=== RUN   FuzzTrie/f27b3deec4c4a29bf4baa2e0788dadaf2318b3e4
=== RUN   FuzzTrie/f36578c4e45a5288dfffffc3477e8f5417facca4
=== RUN   FuzzTrie/f3a7cd574bdb712ae117bef3bced888ceef4a2f2
=== RUN   FuzzTrie/f3d2d0bdfdfb2abac914298a6796673215177112
=== RUN   FuzzTrie/f5928971641bece421939ea1bb1fe1ada8993bbf
=== RUN   FuzzTrie/f61fabf6f8d5fd881a3eac9223466f9aa22224e5
=== RUN   FuzzTrie/f61fe3f968cca53d9b0265d4d00dab037d72525b
=== RUN   FuzzTrie/f644bb9a189aebee4861f7b9b656f7ca9e1c0851
=== RUN   FuzzTrie/f68105ea548cef3f8b71755b5da37763fef8e54c
=== RUN   FuzzTrie/f68cff38acc06f43d028eb48be6cd011c8dee3cf
=== RUN   FuzzTrie/f71721cfd611333f1c946363c2a6c07e754b5edc
=== RUN   FuzzTrie/f78ecb54cee772487c029166c10210882e475694
=== RUN   FuzzTrie/f791ed91cf4a9ace74c568058d77ac3063596dd4
=== RUN   FuzzTrie/f7b5f3f50ea38d303734f69471db7b1438ad034c
=== RUN   FuzzTrie/f91ae8cec679135f20310085e61470d8ddcdd3c2
=== RUN   FuzzTrie/f944e49333b476fd2694c813f21b4953e2de7a1e
=== RUN   FuzzTrie/f993b84336fa78101c38ec970fd032fef870a098
=== RUN   FuzzTrie/fadc02a20777fc2acd0c0d929eaee30a51ca1fb4
=== RUN   FuzzTrie/fb84bb83c17822420709125bbc9904d3369d5bac
=== RUN   FuzzTrie/fbc12a15acd27bd0ba3db76cbacec67303ca5604
=== RUN   FuzzTrie/fd521b4cbb45cb53f383cd4bc8af8c1ac9131a83
=== RUN   FuzzTrie/fe634bad154b9ba74326831dadbb80aa9ec66f94
=== RUN   FuzzTrie/fec8fd3f30ac451f73eb836dbb2489c4943ebca6
=== RUN   FuzzTrie/ff06bc28c799204e9f46d9067af294410164074c
=== RUN   FuzzTrie/ffa4295f0df36322785f43ad03b2af83c5d4f45a
--- PASS: FuzzTrie (0.62s)
    --- PASS: FuzzTrie/0002860dd83a51a1f455d1d6ae5f85e995255974 (0.01s)
    --- PASS: FuzzTrie/0032ed035364f170258e89d81a2f3534173b8d60 (0.00s)
    --- PASS: FuzzTrie/006cbeaee520492f62fc16c092f918b3192fee90 (0.00s)
    --- PASS: FuzzTrie/009eef707b80153e6ccf67673b2c933140eeae1a (0.00s)
    --- PASS: FuzzTrie/00f05056543b7c6fd7049a3be9b49547bb0be808 (0.00s)
    --- PASS: FuzzTrie/01de46f0276c6984b3e62dcb3e657edf3c94426f (0.00s)
    --- PASS: FuzzTrie/026601b53617557cc5ec268614ee3451da79b0de (0.00s)
    --- PASS: FuzzTrie/02d0189f7684846a5abf3803a3014ce9b74927dd (0.00s)
    --- PASS: FuzzTrie/030695bbc54fbb007e9341570ffed4af996e317f (0.00s)
    --- PASS: FuzzTrie/03b3491f6e7dc0366d0516d373bccf3bf51017df (0.00s)
    --- PASS: FuzzTrie/04adbf5894c824d203cf025f102ed40a169f05a9 (0.00s)
    --- PASS: FuzzTrie/053f68ee1c637aba88d33aa7f52f248041fd5f78 (0.00s)
    --- PASS: FuzzTrie/05634e4cd918d354a000b3c2512b1ffc3fe879ac (0.00s)
    --- PASS: FuzzTrie/0593a0deb5c0f317e20bbb393912c3a27d7137a2 (0.00s)
    --- PASS: FuzzTrie/06bcdf94b8c43ca77fbea7621d3fdf25f9709350 (0.00s)
    --- PASS: FuzzTrie/06d520ea781f1be16836786a19cecf63ea2df5f0 (0.00s)
    --- PASS: FuzzTrie/06dcb9cb1e2553b444d1e3cbca9982228d77b03f (0.00s)
    --- PASS: FuzzTrie/06e91c3ff1983f0520c6e4194570d998f24d3c6c (0.00s)
    --- PASS: FuzzTrie/0714bc3ebbd366942917a320e7210cf859dea800 (0.00s)
    --- PASS: FuzzTrie/073dac7763d3c2f19cf41e6cb12210bdfd59550e (0.00s)
    --- PASS: FuzzTrie/07696878524c64170492466757750f0f43621d75 (0.00s)
    --- PASS: FuzzTrie/076db1938a0de71009135d76b4d9ae44ce099da4 (0.00s)
    --- PASS: FuzzTrie/07c56c2628263049f4ec90d33e1b8ca5a196ef32 (0.00s)
    --- PASS: FuzzTrie/07d241736f93048b38ba2a9fdebe688d93deca49 (0.00s)
    --- PASS: FuzzTrie/0818fa95bdb9b58ee55eb136ae55d3c834665cdd (0.00s)
    --- PASS: FuzzTrie/0823fc7aa11a18a3d3c10211aee538c547e4b99c (0.00s)
    --- PASS: FuzzTrie/08913c8a00bf9c8d6f921e1f9f2c79350f5c1243 (0.00s)
    --- PASS: FuzzTrie/091a1bbbd888d34f16347bab27b1678fbdc1cbfb (0.00s)
    --- PASS: FuzzTrie/09a2836e7c63d6875e798b6880a5cb07b9b839c5 (0.00s)
    --- PASS: FuzzTrie/09b76d4a58ccfec077fb7912392cfd63706b4a84 (0.00s)
    --- PASS: FuzzTrie/0a034cef9d07ab144c90b8753172f3ab2a1a9ca0 (0.00s)
    --- PASS: FuzzTrie/0a5962ab412bc43d9dd1e59332d6bff8cde607ce (0.00s)
    --- PASS: FuzzTrie/0ae3a33b35e5c7a7e374f7c1d6e29fed9bedee76 (0.00s)
    --- PASS: FuzzTrie/0b140c86e76d67e5fc5681193c5c40e1bd7c2a9f (0.00s)
    --- PASS: FuzzTrie/0b1bb7960862491d5e522ede930ee60fae315371 (0.00s)
    --- PASS: FuzzTrie/0b4680ad54b014600923c881404d7acd105ec8a2 (0.00s)
    --- PASS: FuzzTrie/0bdc2687bbb773ed7a3b3991856339861cba9167 (0.00s)
    --- PASS: FuzzTrie/0c140a7a4400cc4dc37ae1adeb70573df2dc0263 (0.00s)
    --- PASS: FuzzTrie/0c3ff03b9e6ed434cd9a078510bf1fd100a39c1c (0.00s)
    --- PASS: FuzzTrie/0d9e7721760c5da7ed4e7d10ce30916fab041323 (0.00s)
    --- PASS: FuzzTrie/0f03eb89c9672d113c8549d5226a72a375be29ee (0.01s)
    --- PASS: FuzzTrie/0ff687c6b6527686d15dd615e34950eaac50f046 (0.00s)
    --- PASS: FuzzTrie/109fe6a10daaa1cf7ecd561d1b9d1328320a6bf5 (0.00s)
    --- PASS: FuzzTrie/115897417782a17fc911c90b248cad55c1ef4eaf (0.00s)
    --- PASS: FuzzTrie/1200108ab8ae97791b1d7994a84a5b81282cb715 (0.00s)
    --- PASS: FuzzTrie/1216aa524aef75e75aa9214fb78ad1ac3ba1e34b (0.00s)
    --- PASS: FuzzTrie/1260c1e0c4b34d42af15165bf60ee0515d5795bc (0.01s)
    --- PASS: FuzzTrie/138e40b2ef3c92943d7284980e9e5d111379fb71 (0.00s)
    --- PASS: FuzzTrie/14010e890966861fd58d9885cc265194e4070e88 (0.00s)
    --- PASS: FuzzTrie/142dc493fef0db1bd6aaea7661b452701291a63a (0.00s)
    --- PASS: FuzzTrie/14ab4f4bee7c52eaef40c3ae547ec3d0967093af (0.00s)
    --- PASS: FuzzTrie/14b838edd0b62026dc9c9ddc87d7f52703a27569 (0.00s)
    --- PASS: FuzzTrie/15262314c6b0d2fc2f5bd09ac8e755153481ddb8 (0.00s)
    --- PASS: FuzzTrie/1527b441145632ca28545b220e8686491ad7a212 (0.00s)
    --- PASS: FuzzTrie/156784b0117539a8c1d5f090b0899d2c7cb4f53e (0.00s)
    --- PASS: FuzzTrie/15fcfcb962f2683acc3cf90e5f509cbac37d7792 (0.00s)
    --- PASS: FuzzTrie/16a473a24c9ac27e50ad5f1fa9956e8a00b4b764 (0.00s)
    --- PASS: FuzzTrie/16c7f80216d48dce1df9c01aaaccc119f949d736 (0.00s)
    --- PASS: FuzzTrie/16fb666ed72a7e24030aed37ce7f132a3fc35549 (0.01s)
    --- PASS: FuzzTrie/1759bacb447c26e31d9e44599fcc05ec43793dda (0.00s)
    --- PASS: FuzzTrie/176c9d103fa296b0334840376bb4a4a18945890c (0.00s)
    --- PASS: FuzzTrie/17e221efc1a0ecec12321a3c215ab0de80e67c53 (0.00s)
    --- PASS: FuzzTrie/185aa6efdf3c199382e463c97150eb9c3521db6e (0.00s)
    --- PASS: FuzzTrie/187fad62156429597f8c9c8665722b4ca40ce3f2 (0.00s)
    --- PASS: FuzzTrie/1ad665d788f9298ff0df81fca805b6f980f62f1a (0.00s)
    --- PASS: FuzzTrie/1af9fa40fc40e3f5e3b00776cffe2c61fb8846ff (0.00s)
    --- PASS: FuzzTrie/1b3334d61bd1bdf9d30c3f3ed688d8db9f13b328 (0.00s)
    --- PASS: FuzzTrie/1b92f9355878afa4115eaaf74ab1753bc0eae5f2 (0.00s)
    --- PASS: FuzzTrie/1bc03d5e42d201e6c9c8d58381e30f73ef28f574 (0.00s)
    --- PASS: FuzzTrie/1bd301aa362511192b328ff4e93d2af6d73f8028 (0.00s)
    --- PASS: FuzzTrie/1cfb586a2453423cbba133f9692b97c943d7be6d (0.00s)
    --- PASS: FuzzTrie/1f4f9e11859de5f22001f911e28cb0be6b1874b9 (0.00s)
    --- PASS: FuzzTrie/203703e7c880741cd7e49d81a2b0bd088e85becc (0.00s)
    --- PASS: FuzzTrie/2064fe860aed9a9b1bffc89060ab5092a9a816ee (0.01s)
    --- PASS: FuzzTrie/206af16ca4aa0b5d70f03e04d1a18ab1d43b2f1a (0.00s)
    --- PASS: FuzzTrie/20b0ea465e9303b52fb9f51e9514bde10b6b90fb (0.00s)
    --- PASS: FuzzTrie/21de6fd86ab34cbb7d7514ff8cb512ab6e28354c (0.00s)
    --- PASS: FuzzTrie/22a61522cf5fd6048ce1e508404d323462714656 (0.00s)
    --- PASS: FuzzTrie/22cebcf13aac2d88be3987615de5bc4f94f10d8b (0.00s)
    --- PASS: FuzzTrie/22f7fc98df01a499140000c65045cfa6481713a6 (0.00s)
    --- PASS: FuzzTrie/234c966a1634c537f34903bdbf78e95a2c671ad5 (0.00s)
    --- PASS: FuzzTrie/2391cd23146e5595ae93ad55c7787b8bf9fbcef6 (0.00s)
    --- PASS: FuzzTrie/24e0f920c8467ca94a9164ce3312162b85fd7b9a (0.00s)
    --- PASS: FuzzTrie/24e72ae1bfec74d0cd532012eb5575ebd0978514 (0.00s)
    --- PASS: FuzzTrie/25827734b19d1a1a4188c953670daaf35f44dd9f (0.00s)
    --- PASS: FuzzTrie/2594507718660990eab5aa8271e759d495c95793 (0.00s)
    --- PASS: FuzzTrie/25cb6899d1929bd8f547ca2ec605e510b82d1164 (0.00s)
    --- PASS: FuzzTrie/2613ddec786ac1b7f33ac3a5653fa2de91860763 (0.00s)
    --- PASS: FuzzTrie/2690d43b61d1ec13b8383930c1185893724be724 (0.00s)
    --- PASS: FuzzTrie/2694c932e85353ae2d25ed48b00ca128f5da3b31 (0.00s)
    --- PASS: FuzzTrie/269e25f9bb466a3bd51e28bd886a3f05cfcc74db (0.00s)
    --- PASS: FuzzTrie/26f629c90af379dc3170386164e0296e9d0787eb (0.00s)
    --- PASS: FuzzTrie/27bbc62a6aef966ce0d828df54a253c33edd795b (0.00s)
    --- PASS: FuzzTrie/27e297d0a3379c138417282aae76efac37019d24 (0.00s)
    --- PASS: FuzzTrie/281591f3df7d49fc17466ab820211f21f91f704d (0.00s)
    --- PASS: FuzzTrie/2829ef7dd9827ff28612b9b6d93925a630878c5f (0.00s)
    --- PASS: FuzzTrie/28aa6cf2b552a2912d28ddabf6d5958d2073053e (0.00s)
    --- PASS: FuzzTrie/294778cef3a7b6aa495430cb382ca3a8eb60e23f (0.00s)
    --- PASS: FuzzTrie/299438d912e320d7cab632f70b0ae3b9f5192364 (0.00s)
    --- PASS: FuzzTrie/29d20e646b4fb6dfe5ccab100d5ba845fd07c03c (0.00s)
    --- PASS: FuzzTrie/29ffe654443a1865b256b35bee80967fe30ae5e5 (0.00s)
    --- PASS: FuzzTrie/2a55577e3f76c8ed2edd03122900bc04a18877b6 (0.00s)
    --- PASS: FuzzTrie/2a5beef5eb1308b77310b92a797ef9fa56503b54 (0.00s)
    --- PASS: FuzzTrie/2b9cf950a46aaeee6aae15af0ccf5b5d5dc719cc (0.00s)
    --- PASS: FuzzTrie/2bc9fd66d0db8ba739cdc94cf0257d0eb264a914 (0.00s)
    --- PASS: FuzzTrie/2bccb9958f1dac7193b643f1982c50684e6b079a (0.00s)
    --- PASS: FuzzTrie/2c0a35d344a935a7f3eadccd57f49be492f60b1f (0.00s)
    --- PASS: FuzzTrie/2c4480348ac8d89bb60c0109f7cb6b2b91729a57 (0.00s)
    --- PASS: FuzzTrie/2c8226ea8c1818fd258cfffdb70ed224bc5f758d (0.00s)
    --- PASS: FuzzTrie/2d36254f2449b382a327bfe0f5f3fc723ed0d427 (0.00s)
    --- PASS: FuzzTrie/2dbaa250714bf1793380d938d83873f1a0e927d4 (0.00s)
    --- PASS: FuzzTrie/2de89829ce448ad78b74a36cf04f665498e86f18 (0.00s)
    --- PASS: FuzzTrie/2e9321b179932cc330efd0c513b037eb9418f493 (0.00s)
    --- PASS: FuzzTrie/2eaba1723ef682d02b5fcccc02a70c12304f8713 (0.00s)
    --- PASS: FuzzTrie/2ed929f29af79bb89a7cfa85feec06ab37f77d17 (0.00s)
    --- PASS: FuzzTrie/2f20df5c3a77d2355c8c05adaac5b630cdfe64f5 (0.00s)
    --- PASS: FuzzTrie/307de17ea8edca9ffcfffb4e47eac6381246600b (0.00s)
    --- PASS: FuzzTrie/3177e5013d9e8feb2e24678d868a11a88956727c (0.00s)
    --- PASS: FuzzTrie/33c6787134ffd13ff47b49cbc34c290aef4f2815 (0.00s)
    --- PASS: FuzzTrie/346322af46a10a0a675e26455a2f8cab62b7870e (0.00s)
    --- PASS: FuzzTrie/34855795424f9e2f94ec2f8f1511614116e171df (0.00s)
    --- PASS: FuzzTrie/36afb7e5e683339b45f69ca9466fb8e731761a11 (0.00s)
    --- PASS: FuzzTrie/36b79601a4c17010d80a45518304b77dec261331 (0.00s)
    --- PASS: FuzzTrie/37267fe24e4d6e8fa91b9056e906dded6d60a9a9 (0.00s)
    --- PASS: FuzzTrie/38306a9bc8fe998ee6791d99ffae648c933e7fa0 (0.00s)
    --- PASS: FuzzTrie/383855f411169e33699cfad89fd71c365f5345d4 (0.00s)
    --- PASS: FuzzTrie/386d9c1ca5963bac5b9a3acd0324470056d13156 (0.01s)
    --- PASS: FuzzTrie/38bbb89095e6f0d6cad4a7cec127ab87fa14c148 (0.00s)
    --- PASS: FuzzTrie/38e0e82f3af434ed3feb647896a69a2b2497f406 (0.00s)
    --- PASS: FuzzTrie/390a8ae53e4e3abf08e8af4be3d00540fe827bed (0.00s)
    --- PASS: FuzzTrie/39489292c22a27e2770d42d5660eb4f9686e1e19 (0.00s)
    --- PASS: FuzzTrie/39712cc12d601f6e402d57082a0802d6ca0a96e2 (0.00s)
    --- PASS: FuzzTrie/3a85c3273cc48cd77cec090ab5b0d05e29e3f227 (0.00s)
    --- PASS: FuzzTrie/3aa8df7f1fb4acda458e0b890674aeef6537a0f8 (0.00s)
    --- PASS: FuzzTrie/3ab0eb6debe5f9685d316328fa56262b24505758 (0.00s)
    --- PASS: FuzzTrie/3adb1f299a37c1f5963956a4e863bc42bec4752f (0.00s)
    --- PASS: FuzzTrie/3afec68bb5d5d799ae00dec4be07bf8fed75e797 (0.00s)
    --- PASS: FuzzTrie/3b1d31698f67c70d509a2e7dae99d9a0bdafb580 (0.00s)
    --- PASS: FuzzTrie/3b370dcb0efc00ee36aae91ea981f492f1053406 (0.00s)
    --- PASS: FuzzTrie/3b5f041a36260bdd640977933d5e42501419e38e (0.00s)
    --- PASS: FuzzTrie/3be2eba1d840e9381f18693d5a172c27df13c01d (0.00s)
    --- PASS: FuzzTrie/3cb729c75a02d73d7116e624835ae5d48b86e12e (0.00s)
    --- PASS: FuzzTrie/3ccbea9e9dcee441a398f4020d4cff613c16c885 (0.00s)
    --- PASS: FuzzTrie/3d6eeaa69cd1b3d6d8613e0d043ca25907a9e91b (0.00s)
    --- PASS: FuzzTrie/3ddc2e850287057f6337734fb5f4a58ad83fbf9d (0.00s)
    --- PASS: FuzzTrie/3ea446b25eb77e50dd3abd81b863985cde53de33 (0.00s)
    --- PASS: FuzzTrie/3ea7b5cce3722acd12d2b9b6bea75e6557f05a04 (0.00s)
    --- PASS: FuzzTrie/404c135af4d4072f57281affaf2444a6dddf2fe3 (0.00s)
    --- PASS: FuzzTrie/40bbd3b989353e882e1a46f60a96df7aee0acf1e (0.00s)
    --- PASS: FuzzTrie/40c6ce9de9bced50f7c9f1fd46abed00d1267bc6 (0.00s)
    --- PASS: FuzzTrie/40e228a0a7159ddff410479bd4285752a6b92491 (0.00s)
    --- PASS: FuzzTrie/40e5e14f0d8b6c1c4c3e1fe015d6999b6831a077 (0.00s)
    --- PASS: FuzzTrie/418932bbee761c78586fac851da7c7318112a047 (0.00s)
    --- PASS: FuzzTrie/41f583c266a0ca8701184731b773f712a8f75333 (0.00s)
    --- PASS: FuzzTrie/41faa2ff3d2f6f1df1617deabd7d7033d4f2b6cc (0.00s)
    --- PASS: FuzzTrie/429f492e6007be853b001b52d27cb99f97ed1402 (0.00s)
    --- PASS: FuzzTrie/42c86551d123430135abd1273ed8c0c263d2598a (0.00s)
    --- PASS: FuzzTrie/43e91dba690db95c7b51e941deeffa849fc69c20 (0.00s)
    --- PASS: FuzzTrie/446fb39a16f88ba75cc29ff1406757caaf50202c (0.00s)
    --- PASS: FuzzTrie/44791b788f75bd99efb000de882080c4eb856489 (0.00s)
    --- PASS: FuzzTrie/44a9a89bb639ad84eff797c864c7580f51e1a3c9 (0.00s)
    --- PASS: FuzzTrie/44d47394ed34b07cb00697b3457bb89eb13597a7 (0.00s)
    --- PASS: FuzzTrie/44e839534028d519419b8e6c7259a27c5828ba1b (0.00s)
    --- PASS: FuzzTrie/459aff28d17105047ed2d860c7395d38dcf96668 (0.00s)
    --- PASS: FuzzTrie/461673f82e55b364b1f7c4dc923c6b6f49069366 (0.01s)
    --- PASS: FuzzTrie/4625d6446a42a1035ffdf3dde80a205c615b8e55 (0.00s)
    --- PASS: FuzzTrie/465ecd4c8ca130f8ba06d111184662710a8ec63d (0.01s)
    --- PASS: FuzzTrie/469032c75d2f31d6fcf3ae6429718ad408917103 (0.00s)
    --- PASS: FuzzTrie/474eb616851d52b128e911564e94fb14a619bde9 (0.00s)
    --- PASS: FuzzTrie/47b2b44cec3eedefd189eca7b7a882df3c712691 (0.00s)
    --- PASS: FuzzTrie/47d76856f06544dbb5d30a30945d48c0d510dd0f (0.00s)
    --- PASS: FuzzTrie/486c3310924228d990dd1e3c78a8170ef137d2f4 (0.00s)
    --- PASS: FuzzTrie/487d125d6904346de53747a6681490758ec048f8 (0.02s)
    --- PASS: FuzzTrie/489e791007746f7b3cf9fb91c80631c6603ee199 (0.00s)
    --- PASS: FuzzTrie/4909ff7ee2bfcd219b7cfb294c3de6392d6227b3 (0.00s)
    --- PASS: FuzzTrie/4972def88d0a188767621e09c95f5e73ada34431 (0.00s)
    --- PASS: FuzzTrie/4986abac523e63cb1ad3751c79cb0de7b464057b (0.01s)
    --- PASS: FuzzTrie/49eb1299b95de6d5b1a704061ad0c30e94a7fa26 (0.00s)
    --- PASS: FuzzTrie/4a04094bb8aa155aaf98e23c7ee2a73c6188f0ec (0.00s)
    --- PASS: FuzzTrie/4a1417d1f763812160d6d43293e89e9c4313c1bc (0.00s)
    --- PASS: FuzzTrie/4a8b568e59e129a9b00916e52d54b884f72ef871 (0.00s)
    --- PASS: FuzzTrie/4af57153803c1b9138567b25037fd03dea60c0c5 (0.00s)
    --- PASS: FuzzTrie/4b1349df991b79486a74ef4724b6c2484216992e (0.00s)
    --- PASS: FuzzTrie/4b232991464e8488ab8411954aca78099d25a6b9 (0.00s)
    --- PASS: FuzzTrie/4b4045d55a8a9913df5e127bb8c80e193b035645 (0.00s)
    --- PASS: FuzzTrie/4b6c278a5626bf9374710239586ed10977c634f5 (0.00s)
    --- PASS: FuzzTrie/4b9ce5c930ff8a166c2a747f59953c758ba31861 (0.00s)
    --- PASS: FuzzTrie/4bb1ff7ddafc5fe9eaf8b6810a138e48b229fbf1 (0.00s)
    --- PASS: FuzzTrie/4bb94501207dfb8a2f5ab72b6cadcee4ea7eeaa6 (0.00s)
    --- PASS: FuzzTrie/4c25c59559fb49d894fc929b49fc2b3a209d38c6 (0.00s)
    --- PASS: FuzzTrie/4c3c15829d0849523190d8f3ca0bed0ef0f0dd98 (0.00s)
    --- PASS: FuzzTrie/4cd4388f31fd4b597639821b4a3dce630d3449a8 (0.00s)
    --- PASS: FuzzTrie/4ce316f4ae4e179e29266b77c003b29cce44d493 (0.00s)
    --- PASS: FuzzTrie/4e268853f2680809df477a5e10b3da92fbb9f123 (0.00s)
    --- PASS: FuzzTrie/4e54fddeb2b14b7dc4bbec8ef150649ec923c021 (0.00s)
    --- PASS: FuzzTrie/4e8b6638f906be3070539655a1d12488ea4d4f07 (0.00s)
    --- PASS: FuzzTrie/4efee4124ebe1bf8fb548c17e1a4f5bc872b9499 (0.00s)
    --- PASS: FuzzTrie/4f2255df5f5e14d1c548c05670557494a9e4b692 (0.00s)
    --- PASS: FuzzTrie/4f2a66735a3574f294f56a9188fcbbe73e1c50f2 (0.00s)
    --- PASS: FuzzTrie/4f657af7402e1f14a78676fb88b22e954e3307e8 (0.00s)
    --- PASS: FuzzTrie/4f84a8ef170663554be2eca4bcde0ae164ca8bae (0.00s)
    --- PASS: FuzzTrie/4f9197a880858c25d458f6b5d3fa34047b6acb4d (0.00s)
    --- PASS: FuzzTrie/5037e070f1ac495dd49c483f07cd9c55e088defe (0.00s)
    --- PASS: FuzzTrie/50a264585b456a2ef7f62cb5e923717387a9c9b1 (0.01s)
    --- PASS: FuzzTrie/515b33346e850cdb5ec5c289d4350121b2152386 (0.00s)
    --- PASS: FuzzTrie/51c72f4115de94859197d332215817ab1bf595e4 (0.00s)
    --- PASS: FuzzTrie/51cf5e629efe47182779bce13af90cb80ecff9f7 (0.00s)
    --- PASS: FuzzTrie/51ed8ef7d30aecfea21afc7a929868d2e038eb4b (0.00s)
    --- PASS: FuzzTrie/52db75059177c0ef5e101e5db15d49bc24e0ad98 (0.02s)
    --- PASS: FuzzTrie/531a41b67ee839957ed3764542837e89bd9fd80f (0.00s)
    --- PASS: FuzzTrie/532b453bbc088f3cc06b14088d0c9eb3f2027f3b (0.00s)
    --- PASS: FuzzTrie/5362b055e2f7f9869c30b226f7c4d5dd6fc0e852 (0.00s)
    --- PASS: FuzzTrie/54139ceebdf61fbf10cd9338c61be60e67b4f78f (0.00s)
    --- PASS: FuzzTrie/541e3dcf8536983dd50fe24c59f9320a0496ef16 (0.00s)
    --- PASS: FuzzTrie/5463ca08519511a23a6978db4bc127d4cbdfa29c (0.00s)
    --- PASS: FuzzTrie/5498bc008c0ba32c0278baecedfdf3fec17d0ede (0.00s)
    --- PASS: FuzzTrie/54d2d26c25f0776cb417727c8e503e6189a82f93 (0.00s)
    --- PASS: FuzzTrie/5525b81074f6f9b594b2698ebc2a3b7d3d65ae92 (0.00s)
    --- PASS: FuzzTrie/555462558a73b09b580ebd02609b5c03a4bee13c (0.00s)
    --- PASS: FuzzTrie/55982acca2489814fbecc4b9edc1a74a42f1debb (0.00s)
    --- PASS: FuzzTrie/560b456aa5d9e54c6c7645b9461000c6cb3ed8c5 (0.00s)
    --- PASS: FuzzTrie/5645832ca34937ab47fdea7367842d7e441c7a71 (0.00s)
    --- PASS: FuzzTrie/56b149c343a51302832a4d7439146cd611f93fe4 (0.00s)
    --- PASS: FuzzTrie/570c60ff1923cf79ae51884ed26ec86d45f4942a (0.00s)
    --- PASS: FuzzTrie/58af0499bc38202fe72c4f248bcba02b2af6b918 (0.00s)
    --- PASS: FuzzTrie/58e137d45fe7ae36f0df7d2aa4bbe0320e27b5a4 (0.00s)
    --- PASS: FuzzTrie/58e232f2e1e185b569a6daf60b365b723765207f (0.00s)
    --- PASS: FuzzTrie/58f78aea6f5c07dbe4ba4651e4d5fdaee73c5345 (0.00s)
    --- PASS: FuzzTrie/59f7b0a61ff94f4184b1fda693ffea3b57c2eba9 (0.00s)
    --- PASS: FuzzTrie/5a987958dda9d745b7778f4170c56a125c23839e (0.00s)
    --- PASS: FuzzTrie/5aa4099e90279ef84ca6266e59b0001e1642b0ce (0.00s)
    --- PASS: FuzzTrie/5ab97428de40dd55c1b0cafcc17c4d760e9fdbd2 (0.00s)
    --- PASS: FuzzTrie/5b4fb484ea864c86ce91469d5d941f2ba1d0882a (0.00s)
    --- PASS: FuzzTrie/5bb1af377092b9bf2f557b2c83cb92e4e429a6f0 (0.00s)
    --- PASS: FuzzTrie/5c3b48a6d15e7327168e2684344dc007443e6c3b (0.01s)
    --- PASS: FuzzTrie/5dcb95e087ce326aa3698d4e9c06a367e7c96ed2 (0.00s)
    --- PASS: FuzzTrie/5de17c69cb555622fd255af02c73dc3dd548f558 (0.00s)
    --- PASS: FuzzTrie/5eb4963ef7a6fdb0509a0656bdcffcceceb3b3eb (0.00s)
    --- PASS: FuzzTrie/5ec55fb3843c63c799ed1bc46a57fe2dd78fae3f (0.00s)
    --- PASS: FuzzTrie/5ef26580207a6bb342388a9809abb1b6e66f41e7 (0.00s)
    --- PASS: FuzzTrie/5ef51bbca1707d5a97beb7e3cfbed9facdc472df (0.00s)
    --- PASS: FuzzTrie/5f1778f9f719bea933e50eac0c22fdf1709657d8 (0.00s)
    --- PASS: FuzzTrie/5f91d6388cfd798bc478d8a9154400667ea961db (0.00s)
    --- PASS: FuzzTrie/5fda9e90692a071280e035f099e687ae0bfe5b62 (0.00s)
    --- PASS: FuzzTrie/60c67ba97a7eedd1f5eee68075da9fe4a19748e3 (0.00s)
    --- PASS: FuzzTrie/613fc089e46ac2cd5375a862491dfa65b435c64a (0.00s)
    --- PASS: FuzzTrie/6198236985e7ae9e93cbbe5a4cf78bbc4c9be85c (0.00s)
    --- PASS: FuzzTrie/6215536db5606bce553845791f5b439ed241e1d9 (0.00s)
    --- PASS: FuzzTrie/623569aa2dcd72b3ef09637ed080b2db24e1df6c (0.00s)
    --- PASS: FuzzTrie/62afb3c95fd0151c13730f9041bd52e559639ab2 (0.00s)
    --- PASS: FuzzTrie/62be16525da5025e30a4d566e01d76aaba5cd4b3 (0.00s)
    --- PASS: FuzzTrie/630ff0df7b7759fc74883ccaa77db452bdbb5066 (0.00s)
    --- PASS: FuzzTrie/6327e975b587ddf3168597a2c9e2f7a1bac541e4 (0.00s)
    --- PASS: FuzzTrie/6331ae914cc87bdad09f7e40a670a15155512402 (0.00s)
    --- PASS: FuzzTrie/63bc1bde68fb2c4d20ad7b53ffcafcf654e4b847 (0.00s)
    --- PASS: FuzzTrie/6438bbb0ceec9c9dcaf630f90681d0fde6d55b41 (0.00s)
    --- PASS: FuzzTrie/64712364254ea79cb9bed4bb56b02fda78fbb8cd (0.00s)
    --- PASS: FuzzTrie/64e82f3e6e4d5c7cbcea26cd8cd24b9579bb99e5 (0.00s)
    --- PASS: FuzzTrie/6582898b4630cf0a02234d271ca2e253cf0eaf8e (0.00s)
    --- PASS: FuzzTrie/65890fdb30cf30d0ef5e4041c886e88608c5267c (0.00s)
    --- PASS: FuzzTrie/658d198a9305ab9b2ad413c007bf1f3b81a51cbc (0.00s)
    --- PASS: FuzzTrie/6736f05eaff65ea6d0fca3125231268b0ecdc28b (0.00s)
    --- PASS: FuzzTrie/67f9ebfc1312a80343a056c9d8944f7402fc781b (0.00s)
    --- PASS: FuzzTrie/68691df96418d03e6a7c825052eff6c70d0de9cc (0.00s)
    --- PASS: FuzzTrie/68d503c906b5c5757de3de4375c6e7fae66af17e (0.00s)
    --- PASS: FuzzTrie/68d6c0b8a0786bb45a834f5843ac1879346f8999 (0.00s)
    --- PASS: FuzzTrie/68dc7188fc6bd0eb899ba32dd9854c56af0d6547 (0.00s)
    --- PASS: FuzzTrie/692c06f198340b5f63fff1d867d60a5ba6acb981 (0.00s)
    --- PASS: FuzzTrie/6a0299f2e342a525d40488d92d6caa59f74dbbc1 (0.01s)
    --- PASS: FuzzTrie/6a17775ea0a820f27098e18302d97c3f2637b5f6 (0.00s)
    --- PASS: FuzzTrie/6ae0e9cad0bf04e08a7dbdade73fd12965efdcb8 (0.00s)
    --- PASS: FuzzTrie/6b7ca57a215dc275f4356ee95fc7b77a81be1829 (0.00s)
    --- PASS: FuzzTrie/6b80aa09906dccd0aae29f586c99e6a24a3325d2 (0.00s)
    --- PASS: FuzzTrie/6c9e2da44223a52dd3ce427102428f56db0e1162 (0.00s)
    --- PASS: FuzzTrie/6d477d9c11d525317fa2a5b0be5dc02431af014a (0.00s)
    --- PASS: FuzzTrie/6ee69b47b78ff68ef3d27ea4688f9cd3cfc74576 (0.00s)
    --- PASS: FuzzTrie/6f204f04d0da7e94a8464962bb5711d69315df5c (0.00s)
    --- PASS: FuzzTrie/6f4ebe79e56add032e564d7d0d0f8eea6c3a5d39 (0.00s)
    --- PASS: FuzzTrie/6f77b261ae97dd5b7df7427ccdd439344a6d88fc (0.00s)
    --- PASS: FuzzTrie/6fb040e351bf9d65138a977fab705202b2e5064a (0.00s)
    --- PASS: FuzzTrie/6fdc636b8ab255f4a6844aa2e03b8f31b8986bae (0.00s)
    --- PASS: FuzzTrie/70d601fc2f1a5acdc0baa8fe3b0c5a87bb132ee1 (0.00s)
    --- PASS: FuzzTrie/71bcb8220a801bde3430a09f9594649288552d8c (0.00s)
    --- PASS: FuzzTrie/71c69e90bdb3e58424d2ddc78224f51c861b1416 (0.00s)
    --- PASS: FuzzTrie/728755accba85e926cdb778cc2eb528d79b0114c (0.00s)
    --- PASS: FuzzTrie/73e6ff58ffa7b30eab3d914b3b499a4b34458466 (0.00s)
    --- PASS: FuzzTrie/73fae5607aa18c6f9d035cdd83a47f5f6bdb3428 (0.00s)
    --- PASS: FuzzTrie/7427c713f2bbe6c00d6a68158aadd9c43e71c10b (0.00s)
    --- PASS: FuzzTrie/748e0768266fcb5cf89432a9fbca6d3ab4d86350 (0.00s)
    --- PASS: FuzzTrie/75577a2555683d1817e22f4a8ce63083d80f6282 (0.00s)
    --- PASS: FuzzTrie/75ae3340df827a1000fe122e1274b6afbce5498e (0.00s)
    --- PASS: FuzzTrie/7603b5a1a17fe8cdc10e4c397a626e63b6bd95b5 (0.00s)
    --- PASS: FuzzTrie/76cf96c31224cd6307a6a46f03d1eff052187d30 (0.00s)
    --- PASS: FuzzTrie/76f3c30421661c19fb19aefe6cde8de937359b6e (0.00s)
    --- PASS: FuzzTrie/76f821e0f90c9927767023e35033e0b10e5bbb76 (0.00s)
    --- PASS: FuzzTrie/77265e7256cd982492f8c4811666af2384098139 (0.00s)
    --- PASS: FuzzTrie/77530c3beff3006b9b3df34ef1863c0fb7974756 (0.00s)
    --- PASS: FuzzTrie/787bea9919e13720cbc36e23c2ae37ba506e3354 (0.00s)
    --- PASS: FuzzTrie/78a7719132ec337b868f6446ca059619152c976f (0.00s)
    --- PASS: FuzzTrie/78fbeb97815852d280ffd5fd7d5b1788c4bd4265 (0.00s)
    --- PASS: FuzzTrie/7a418453b4f5d8501805dd51dfb41f6334da5d67 (0.00s)
    --- PASS: FuzzTrie/7a468b2075e3f6580f9fb204e85502a030ac8d51 (0.00s)
    --- PASS: FuzzTrie/7aa9bc6ce7f15e4c3fc61eb65fa12ac43612bd04 (0.00s)
    --- PASS: FuzzTrie/7b6501aef40af31d998256297b61528fc525f0c7 (0.00s)
    --- PASS: FuzzTrie/7b87e4b2d990dbab57af485398d3bf413f1c18a4 (0.00s)
    --- PASS: FuzzTrie/7c1eed7510be69d1cb6422ebbc298cfd7a606e39 (0.00s)
    --- PASS: FuzzTrie/7cb379b8464abae7188904626516f12e3abfede1 (0.00s)
    --- PASS: FuzzTrie/7d292ba7ec7f1125c3bd34d8e12f87bff06528ed (0.00s)
    --- PASS: FuzzTrie/7de19beab7ac2b21c7f2cee4988efa2fd78a7120 (0.00s)
    --- PASS: FuzzTrie/7e5bc19fca615f4af959d3f86329db066bddebb5 (0.00s)
    --- PASS: FuzzTrie/7efdaa11f384e4e02304b153e658a1e1202955e7 (0.00s)
    --- PASS: FuzzTrie/7fe63db72d954c4c436efedeb6c3f578a109f10b (0.00s)
    --- PASS: FuzzTrie/7fec35945c9e262ac8437322a07eeac73a940d09 (0.00s)
    --- PASS: FuzzTrie/803e75a4a84a8e64a0fecf752ce7e4f5b938b7ac (0.00s)
    --- PASS: FuzzTrie/80f4844975877def3166b158a572bcf4f858a52f (0.00s)
    --- PASS: FuzzTrie/8121477dbd6e428afed0f4624fb840567075f31b (0.00s)
    --- PASS: FuzzTrie/81755d20237827a69a4178449c3289333f95e2d0 (0.00s)
    --- PASS: FuzzTrie/822548a78bb30c71eaeab2f8a9e1e3da0cfb782a (0.01s)
    --- PASS: FuzzTrie/82bb767731ce6212d24c3680efe8bc4f5a2f4c15 (0.00s)
    --- PASS: FuzzTrie/83293d037b7b607919803ba367855e03d370ac11 (0.00s)
    --- PASS: FuzzTrie/83618a2e4abd64de480a11c84522e228d1e4602b (0.00s)
    --- PASS: FuzzTrie/837a69dc4ecc74cabbe83d3ebb9f88e02a56cdc7 (0.00s)
    --- PASS: FuzzTrie/83ab166e8024c70731954c71af04ac47aee55b72 (0.00s)
    --- PASS: FuzzTrie/83b5b833a036388415b0c0cfdc87277f22c793dc (0.00s)
    --- PASS: FuzzTrie/858eb5ca1fc662b269fa714bc2128934d395ce24 (0.00s)
    --- PASS: FuzzTrie/85be2dfde36f86b58b69a8fa6123e9ed79dedb42 (0.00s)
    --- PASS: FuzzTrie/861be3614775c9afd780aa5cf6f9d9e2ccedbb31 (0.00s)
    --- PASS: FuzzTrie/8623c2ba5186f4da75197145d59445fc3606da16 (0.00s)
    --- PASS: FuzzTrie/8651dfc88231f73ecb778751f54f3a5e42192c52 (0.01s)
    --- PASS: FuzzTrie/8657737ac842c566e8c9b96cd00cb05c353e2349 (0.00s)
    --- PASS: FuzzTrie/8819ed61c104244ae7d2f779819973f8b0aacf78 (0.00s)
    --- PASS: FuzzTrie/884bdb04feb7a61da278be9a61fe5b99e9012d6d (0.00s)
    --- PASS: FuzzTrie/8a378803b72dfabb18fd593e5257a41590d73350 (0.00s)
    --- PASS: FuzzTrie/8a680a7f6f4356a09e9d25c4567d4b05c4e1110a (0.00s)
    --- PASS: FuzzTrie/8ae26814954451c1f92c515a6df2edeb1e0b8736 (0.01s)
    --- PASS: FuzzTrie/8af2931fd95dce4e4730d2010de29b0753561822 (0.00s)
    --- PASS: FuzzTrie/8bc8e8510b2b7b0fef13d1e80711a7dd188c2f7f (0.00s)
    --- PASS: FuzzTrie/8bee49f119328d452ee8f563ffacc35f81430266 (0.00s)
    --- PASS: FuzzTrie/8c1c3b9880245fcd66c84db2d957e5cd2c8abee1 (0.00s)
    --- PASS: FuzzTrie/8d4104da6552cd9cf8092b216964cda56e35b00b (0.00s)
    --- PASS: FuzzTrie/8db2d52628ef63b75e527838f2896b0ffc2c0f44 (0.00s)
    --- PASS: FuzzTrie/8e90c05c240df552e124d1346570f76284385644 (0.00s)
    --- PASS: FuzzTrie/8eb50d495274b9542222a794e80687b677aad9ba (0.00s)
    --- PASS: FuzzTrie/8f1472fb4875fc640a2422c51c2a1fab018fb7b8 (0.00s)
    --- PASS: FuzzTrie/8f80b75e3df0bd11bd64694e1aa8d6b7120feb53 (0.00s)
    --- PASS: FuzzTrie/9017c0d90187d00b11d18c2235e25ddf17ded699 (0.00s)
    --- PASS: FuzzTrie/914365beb340d4db04016be6ec26f04d40330081 (0.00s)
    --- PASS: FuzzTrie/915526e269ddcd5820cd23f2182d08e69b84ac5e (0.00s)
    --- PASS: FuzzTrie/917245469a1ef2605f5f0da8aa5bc1a69a11331f (0.01s)
    --- PASS: FuzzTrie/91e660f097df7b72c94caefcfff390986fa8200f (0.00s)
    --- PASS: FuzzTrie/920021e707d0b08f8bdf421cac35a4fa65b12437 (0.00s)
    --- PASS: FuzzTrie/9300c3339b1841af13970ffdbcccacf7baa7f091 (0.00s)
    --- PASS: FuzzTrie/931827e482580d64aa9831fd445fadb38c7a19d3 (0.00s)
    --- PASS: FuzzTrie/93f14acc4990b5b111c2a365d729a8a2f430dd47 (0.01s)
    --- PASS: FuzzTrie/945e2a1c0ce244b410294ae9c5199d0e89ca0b89 (0.00s)
    --- PASS: FuzzTrie/94d20a53b38c135441fdb3259e77905c8565037b (0.00s)
    --- PASS: FuzzTrie/956fcd170ebf2af362a3667443046b72211151c4 (0.00s)
    --- PASS: FuzzTrie/959c1ea3d4510a880c47dff4634f36e35aef10de (0.00s)
    --- PASS: FuzzTrie/95fcf1914cbdcf159b6210cabd807173dddbbcd1 (0.00s)
    --- PASS: FuzzTrie/9636ce3165c5fe41eaaea08a3b51384ea3f4772e (0.00s)
    --- PASS: FuzzTrie/965f2d3c7ebf385ac68f578848098220eeda0544 (0.00s)
    --- PASS: FuzzTrie/97ab8a80da8026115283ecbdb29385606891276f (0.00s)
    --- PASS: FuzzTrie/98013dcc99451d13ac32512fec33214879b2a602 (0.00s)
    --- PASS: FuzzTrie/985e41e5de098c9590700fd37170213f3b90c1f1 (0.00s)
    --- PASS: FuzzTrie/98aa584c8d844555961a7f08e6372fefd57ddd1c (0.00s)
    --- PASS: FuzzTrie/98ec770d803cdd9293e3fc4cbe5b6795978765dc (0.00s)
    --- PASS: FuzzTrie/990c4bfca4bc4c6a7c14e5b21a8b2ce2ada7d698 (0.01s)
    --- PASS: FuzzTrie/9a3d649bac568f6c9df8a8f636815fa8d7b9457e (0.00s)
    --- PASS: FuzzTrie/9baaf14174e4fc994461292f8fa9004afee0eba2 (0.00s)
    --- PASS: FuzzTrie/9badf72e4077511d6b26b118959287a2ab5edbe6 (0.00s)
    --- PASS: FuzzTrie/9bae12ee6261d0686691130a9cf8432c1e2911c3 (0.00s)
    --- PASS: FuzzTrie/9c7a5d24ad5ca4da141dd55a5eae4d766972a6fe (0.00s)
    --- PASS: FuzzTrie/9d71f7d5235fb86c4f6119fb93bfa6f9fe700a70 (0.00s)
    --- PASS: FuzzTrie/9f5adca3c5c482079e78ebfa86ea584f918cb217 (0.00s)
    --- PASS: FuzzTrie/a0f8ce71ee5832718e46acf86f4bec46c5dbd530 (0.00s)
    --- PASS: FuzzTrie/a11b4a6caaee26b136cbc6ec56d79971d302191a (0.00s)
    --- PASS: FuzzTrie/a16c719b9c71ee162687d61ba2e585d143c61a39 (0.00s)
    --- PASS: FuzzTrie/a20bbb5835bdd0b8db7fa0c95300ba335141e7a3 (0.00s)
    --- PASS: FuzzTrie/a309e0affd6ca31448b5a9302135891fa07700f2 (0.00s)
    --- PASS: FuzzTrie/a30b16181da10e73196d353cbf113604a4f312e1 (0.00s)
    --- PASS: FuzzTrie/a3407adbab74ea8a451a224d20f2dd792ffadd78 (0.00s)
    --- PASS: FuzzTrie/a3549fcf10a70bcca1aa759909a6865ad61cabdf (0.00s)
    --- PASS: FuzzTrie/a35659b70ad23e46acc26f11d8c55485aae93006 (0.00s)
    --- PASS: FuzzTrie/a5c4a21b0c3358f9d51cd1c77c1b40519b323202 (0.00s)
    --- PASS: FuzzTrie/a67bfbad9370ce9b11ccdc1711651322cd97ae87 (0.00s)
    --- PASS: FuzzTrie/a6bd80e178d85d7b27cbd1f19a12c39b76047fd5 (0.00s)
    --- PASS: FuzzTrie/a7074e7390eb44e124dea6883bc4e33257fe6f5e (0.00s)
    --- PASS: FuzzTrie/a74f8f88696d05e043ea5a0fea326b76ce5ce5cb (0.00s)
    --- PASS: FuzzTrie/a753e9f1de6d4625ef6b2211652d3a32fa755a3b (0.00s)
    --- PASS: FuzzTrie/a77f01a150c8d534406ba1d54d00af33d7372abd (0.00s)
    --- PASS: FuzzTrie/a7bd3819a112e6acb5194b7a9b6366da8594ccb2 (0.00s)
    --- PASS: FuzzTrie/a895fb297ed78fbcdb0756dfed48893cf6d20dac (0.00s)
    --- PASS: FuzzTrie/a8f15965347fff6261d0893907501e2f5aa4758b (0.00s)
    --- PASS: FuzzTrie/a9517f7796a0c8369f37bdeaf675b54312dc2344 (0.00s)
    --- PASS: FuzzTrie/a9a19b96be0833fd171b75239236d3df5a7a6215 (0.00s)
    --- PASS: FuzzTrie/a9bed75229c9deaca4f5c37cee9f4f8e4da24551 (0.00s)
    --- PASS: FuzzTrie/aa385510b5929d59bdcaf21ba8ec3a4579f7a7c7 (0.00s)
    --- PASS: FuzzTrie/ab27f373fbe4d2487216152060fd4d2209ec8ea7 (0.00s)
    --- PASS: FuzzTrie/ab31cb8ca003cb085a5a6ebfdc77d36ffdad41cb (0.00s)
    --- PASS: FuzzTrie/ab38c160a10ca10234b54c16b53de8bbfb24c28d (0.00s)
    --- PASS: FuzzTrie/ac147e2a46bd77135ac5364ce2cb5999161a6a3a (0.01s)
    --- PASS: FuzzTrie/ac3c0e904bdab1a3d6f0e4f4cfd265d97780c14c (0.00s)
    --- PASS: FuzzTrie/ad3611bdebcead082eea78125bec85548852055f (0.00s)
    --- PASS: FuzzTrie/adc83b19e793491b1c6ea0fd8b46cd9f32e592fc (0.00s)
    --- PASS: FuzzTrie/af557e443dce39084c7f4da18c619eb39e4a1d67 (0.00s)
    --- PASS: FuzzTrie/b04068b63e3b1b98c03f51ad3a8843f62c62e767 (0.00s)
    --- PASS: FuzzTrie/b0549990be3ea96fb2ec7aac87c03a6863216f44 (0.00s)
    --- PASS: FuzzTrie/b0f3d52e37069db3049e35e38d418dec28f52ab4 (0.00s)
    --- PASS: FuzzTrie/b1533ad5ce9e8a23f573a6b0a78df812ed25134e (0.00s)
    --- PASS: FuzzTrie/b1fee9dcd54bf9550c8a48daa37bafc8c746ddab (0.00s)
    --- PASS: FuzzTrie/b200697fb1200aafd9fd6359fd1d6d6894bdbd18 (0.00s)
    --- PASS: FuzzTrie/b26ec870c59b40a1d03a36fffc144c96b14998ad (0.00s)
    --- PASS: FuzzTrie/b2aecdad6300fffee9370a6c3f5e09b3ded630a5 (0.00s)
    --- PASS: FuzzTrie/b2f4a175b296816e040355385189849e2f2711c1 (0.00s)
    --- PASS: FuzzTrie/b3b18128490c3eeea41d6aef51e2623c9651f274 (0.00s)
    --- PASS: FuzzTrie/b3d7eb7427772358f52b4dac7c9b6b8e5a98fb47 (0.00s)
    --- PASS: FuzzTrie/b466ea316ce949a1ef4a4b2728c18defa82e8f91 (0.01s)
    --- PASS: FuzzTrie/b4919d2f35a1259260771d805ef08b24927cdd90 (0.00s)
    --- PASS: FuzzTrie/b4a2119ca17c35b7b2207ba42287984485fef012 (0.00s)
    --- PASS: FuzzTrie/b4ca9cfae5f84bccff9f620bc6ac9583e349adb6 (0.00s)
    --- PASS: FuzzTrie/b566d992dea6b158b6d1e38c7f16180ebdf43097 (0.00s)
    --- PASS: FuzzTrie/b5d6bfef567965ca56dbd623a6bf7fc378ac5f12 (0.00s)
    --- PASS: FuzzTrie/b5e7de70a6e07c678ced02e94b8a3849f6dba073 (0.00s)
    --- PASS: FuzzTrie/b6cdf2b486ec8dd895d55d231f1013a1898a7860 (0.00s)
    --- PASS: FuzzTrie/b6da7f8ef449402ad7e20e56f12725bbc63a36a8 (0.00s)
    --- PASS: FuzzTrie/b708e96144080f322c905c95c11926ce62632bbd (0.00s)
    --- PASS: FuzzTrie/b72faac98d102d89733903c14d3a7854fcd11cda (0.00s)
    --- PASS: FuzzTrie/b78e74b951f2732fc0abaad3fb014bc03740cff3 (0.00s)
    --- PASS: FuzzTrie/b7ccb816e0efa5f076a7d765284afe0886cea754 (0.00s)
    --- PASS: FuzzTrie/b801f1ab6e391e5b611416d2e7d9b508e37080f3 (0.00s)
    --- PASS: FuzzTrie/b8682265ca20b54f38fdc4d3454a028a36ef889d (0.00s)
    --- PASS: FuzzTrie/b8b1c4f71e5dabf183079b328e290495dd1c333e (0.00s)
    --- PASS: FuzzTrie/b9c8fce31c412dfc8ca614c848f45a8ecf985bd9 (0.00s)
    --- PASS: FuzzTrie/baf9b09db5a0773e6069caf2abd4a7d90263153f (0.00s)
    --- PASS: FuzzTrie/bb63645da733d54cd0934acf5c29a95876c61dac (0.00s)
    --- PASS: FuzzTrie/bb7303dfb84949d85b1f7a719352d510352c2c72 (0.00s)
    --- PASS: FuzzTrie/bc4f0cf9a7946f6ad80c4a846305e5f376220618 (0.00s)
    --- PASS: FuzzTrie/bc61ac4386d44e6ff0ca609bdc910e509fcdacec (0.00s)
    --- PASS: FuzzTrie/bcee274ebc7399d2919e740ef5696e26761e2a0a (0.00s)
    --- PASS: FuzzTrie/bede719ba358e086f420a1eb83d6811b2a921703 (0.00s)
    --- PASS: FuzzTrie/bef4e7ef7f901ffd6da60be8072c03826025decb (0.00s)
    --- PASS: FuzzTrie/bf953a2f0609ea0e11c64dbe6c0ec6d11aee24de (0.00s)
    --- PASS: FuzzTrie/bfa5a391230503bc8cdd48264c5dc6d8c9e7f72c (0.00s)
    --- PASS: FuzzTrie/c039a2f6fe259c89b3e7a5abf86bed552bb710cb (0.00s)
    --- PASS: FuzzTrie/c0917f11e8dcd80922235de5cabadb62d0e498e5 (0.01s)
    --- PASS: FuzzTrie/c14f5b2bf8563fc6a512602c774170012be2d4d3 (0.00s)
    --- PASS: FuzzTrie/c1b6a07e7d3fefdd4a44167bbbc1793a2693a2d9 (0.00s)
    --- PASS: FuzzTrie/c3426ead16cad27c02d030e83225f1ad1d12da2e (0.00s)
    --- PASS: FuzzTrie/c36e539e4769fcbcf9b573c5e97eac6b68caf223 (0.00s)
    --- PASS: FuzzTrie/c45a39bcd64cdee442e8f2f54c1921f4df6740e7 (0.00s)
    --- PASS: FuzzTrie/c48b1882557126d3b0ba4dda0fdde52b3a412e59 (0.00s)
    --- PASS: FuzzTrie/c498b2e0d87a2435f8cb467250ea340c10b3be06 (0.00s)
    --- PASS: FuzzTrie/c4e82312fc33228c30c80581fc0a7994926dd37e (0.00s)
    --- PASS: FuzzTrie/c56662367b8743273c8c088fed27587e136b1cb3 (0.00s)
    --- PASS: FuzzTrie/c568dbf258a82a578b202f1b14c0f9e85996f26f (0.00s)
    --- PASS: FuzzTrie/c6581abf7eafa98a614b31ad264c919852594701 (0.00s)
    --- PASS: FuzzTrie/c66784a9db3d7984694f138b677e3ec9e7e32f94 (0.00s)
    --- PASS: FuzzTrie/c6cba7ba36f465e2c5f0dfb4bfba2c993997c9ac (0.00s)
    --- PASS: FuzzTrie/c745bc0211a0626ee72e5a17f5d147748ee71913 (0.00s)
    --- PASS: FuzzTrie/c820b06230ab6157dd554f9052034f75b933af94 (0.00s)
    --- PASS: FuzzTrie/c83f87b9055d334c6fd8fa4bbe88169fd29f5c98 (0.00s)
    --- PASS: FuzzTrie/c879ef67ab0774faecfc106c7a1087edb5a217e9 (0.00s)
    --- PASS: FuzzTrie/c8937af7b03ad872895c7a782ec451cf164232f8 (0.00s)
    --- PASS: FuzzTrie/c8ed95b230974fcad893c60f9da3d15eb29b3cf0 (0.00s)
    --- PASS: FuzzTrie/c9b8ea4dffac5f4c81497f7085a603d15dac4080 (0.00s)
    --- PASS: FuzzTrie/ca398638faa65cfbd9f6475b574d57419d27757f (0.00s)
    --- PASS: FuzzTrie/cc109750d2d67d4e25e6c9f1e4141d81e715c397 (0.00s)
    --- PASS: FuzzTrie/cc42ded078a8e8e0617f35af678843259221f093 (0.00s)
    --- PASS: FuzzTrie/cc86ebc7639968408ac46879ade4959b798415fc (0.00s)
    --- PASS: FuzzTrie/cd755e332d0f82dc2e9256595d4944048157df41 (0.00s)
    --- PASS: FuzzTrie/cdd5a2eb37860072a9bf5ae5c2e32e1a539e16a2 (0.00s)
    --- PASS: FuzzTrie/ce8abc579d1af40421d087027b2f05b2d5fb5035 (0.00s)
    --- PASS: FuzzTrie/cee8568799aeb795bb94e17ed413d80823ce2b8c (0.00s)
    --- PASS: FuzzTrie/cef1a49364d2bd046aee041f5996b97affc88754 (0.00s)
    --- PASS: FuzzTrie/cf53d79bf18d4ff7281bf8480008a9730a28c738 (0.00s)
    --- PASS: FuzzTrie/cf8a42f450b6ace043ed5ff91e1cc84afca5332f (0.00s)
    --- PASS: FuzzTrie/d01bbf9a2bf1807c3e478e39fd18819a1a822393 (0.00s)
    --- PASS: FuzzTrie/d021c032fbdddf22b555d2f8f6cee31fdc3cc278 (0.00s)
    --- PASS: FuzzTrie/d0afec69aeba13c992148760f01ae0d22a9b5bd5 (0.00s)
    --- PASS: FuzzTrie/d0cc8522933e5c0317c2167aef5a80eb24eff0a0 (0.00s)
    --- PASS: FuzzTrie/d1447d1645aeaafe68bafd4838c37d8fcfc6afaf (0.00s)
    --- PASS: FuzzTrie/d1584bc89413c026167f7ea0445ed70607497582 (0.00s)
    --- PASS: FuzzTrie/d2438efc9afaab48edbbbf5302cc9819023ed50a (0.00s)
    --- PASS: FuzzTrie/d26a39fcdabc111cdd68eab64225190b2d056ee6 (0.00s)
    --- PASS: FuzzTrie/d2eccc054431f402ea54f9238f1f588f555d1bd0 (0.00s)
    --- PASS: FuzzTrie/d37d50f532652359dbf8515f1e47480f2d0a83c4 (0.00s)
    --- PASS: FuzzTrie/d3ee3536177008e8e381cf240716f41f9ad8680a (0.00s)
    --- PASS: FuzzTrie/d43be12cb9185ecc5e2282cc075dfdf0eff355e7 (0.00s)
    --- PASS: FuzzTrie/d4591da2e2e9fc44e50038546abfdf55b5771954 (0.00s)
    --- PASS: FuzzTrie/d542bd9199483c9cfa3612e5dc549e6660713714 (0.00s)
    --- PASS: FuzzTrie/d558aebed8f7b6a2651e4c66fbee350b2ca916cb (0.01s)
    --- PASS: FuzzTrie/d57d35946c71627a1a0003152fed415fc618675c (0.00s)
    --- PASS: FuzzTrie/d5a3db0317558a301798d38055bb36a24b7fb5c2 (0.00s)
    --- PASS: FuzzTrie/d64bfae65092f40d92c6cba3ea95e85a00050d5d (0.00s)
    --- PASS: FuzzTrie/d6512b8348cd025bb92816f7aff800e970f66c97 (0.00s)
    --- PASS: FuzzTrie/d706fbe7cacfd74ccf276fa677f59a4000b3d1b7 (0.00s)
    --- PASS: FuzzTrie/d8343bbb9a48ee2ae51f993514a4d8847e8d2903 (0.00s)
    --- PASS: FuzzTrie/d8b7de72f5273095696cbbe1be370be73361e8b7 (0.00s)
    --- PASS: FuzzTrie/d8d512becb1172f4c3d4859457c259d70e2e37c9 (0.00s)
    --- PASS: FuzzTrie/d90cd50a8363fab4c9303ca05600e3e6e2185472 (0.00s)
    --- PASS: FuzzTrie/dc09a72ecab7b15b90b2bbe01a44f17b9e8c3dab (0.00s)
    --- PASS: FuzzTrie/dc0c24291611dcefeff2ae89e29baf2b7905f36d (0.00s)
    --- PASS: FuzzTrie/dcaa181b97a4e9d1cedb3e2294c3b7c2f76b43ee (0.00s)
    --- PASS: FuzzTrie/dd7dae8c249a498f2f6af8bed2652eee6081ed97 (0.00s)
    --- PASS: FuzzTrie/ddaed1bf8074467ec996c06e95bd25d2fa257957 (0.00s)
    --- PASS: FuzzTrie/dde2812dfeb80c8057bb4d85897d73c18e054a14 (0.00s)
    --- PASS: FuzzTrie/de5dc47316e89b74019ccbd308f6e8d78ab510ee (0.00s)
    --- PASS: FuzzTrie/deb38c91c291c7a7a180f6b957554c7012289eee (0.00s)
    --- PASS: FuzzTrie/df463de2cb9fc949bd38ffd845654ce12f7ce6ec (0.00s)
    --- PASS: FuzzTrie/df6d4de3c9f788f3973b264a1191f2fd67100152 (0.00s)
    --- PASS: FuzzTrie/df9dd0e36536d76af9af30d56742e52e415a3e71 (0.00s)
    --- PASS: FuzzTrie/dfee6f8f0332cb3f2d7457e259445232cfbde76f (0.00s)
    --- PASS: FuzzTrie/e02f858bad662d780c487b3aea9d6b19d8a88a03 (0.00s)
    --- PASS: FuzzTrie/e049ed43a8af0369cc64bf63328f39eecdb68457 (0.00s)
    --- PASS: FuzzTrie/e0db656d5703d5ba486babc3f589da15ee4705b7 (0.00s)
    --- PASS: FuzzTrie/e16729daa0a18c2a81defebba3ecdaba01da83ed (0.00s)
    --- PASS: FuzzTrie/e16ed33b8d01fd620c4da09434c2c295b14f0b2f (0.00s)
    --- PASS: FuzzTrie/e185ead6f9f80d34632270de22e3502e0684a815 (0.00s)
    --- PASS: FuzzTrie/e2827b2a0365bd22b4424ab122941266d7d82bdf (0.00s)
    --- PASS: FuzzTrie/e288c38d5b3dc19701aa5e8e3b467ef06819265e (0.00s)
    --- PASS: FuzzTrie/e33f7fe158da7f66eee1ea182108e6bfe70ae809 (0.02s)
    --- PASS: FuzzTrie/e37cc564dcf0cf68303a732790798a269b525613 (0.00s)
    --- PASS: FuzzTrie/e3944c7951fcc0241e8317909b1b38ae4a423f33 (0.00s)
    --- PASS: FuzzTrie/e3d538ccdde9781d538096b9129f1eb93950ea3a (0.00s)
    --- PASS: FuzzTrie/e4294c066e72dc179a4f4bc2bff4d87a2fc904d4 (0.00s)
    --- PASS: FuzzTrie/e493aeb3928fe2d452e183505a400761bb54e69d (0.01s)
    --- PASS: FuzzTrie/e4aeb4addedf998ef6af6bb40e2a015e907f3249 (0.00s)
    --- PASS: FuzzTrie/e4c6f66aecc85f11eeef4da7bfbfe9b0be090082 (0.00s)
    --- PASS: FuzzTrie/e4e5c0316992e471e5533596dc7edd323ae6282a (0.01s)
    --- PASS: FuzzTrie/e50cd1826790c3ffc06c2d696fa0e4e31a8a5983 (0.00s)
    --- PASS: FuzzTrie/e5b5985016b2ac1a790ab67e05d23d35acbff07b (0.00s)
    --- PASS: FuzzTrie/e5db6e7d4efa4a966e62e9fdcfd88982b2e5760f (0.00s)
    --- PASS: FuzzTrie/e692a645ddbd1a00884feb06f63e8f5d8b34f8d6 (0.00s)
    --- PASS: FuzzTrie/e6b997b805aeb471ee3a7ef9d385d4df6c0cc316 (0.01s)
    --- PASS: FuzzTrie/e6f981199ea47da6bc0166fa3df2d2e270d4dba0 (0.00s)
    --- PASS: FuzzTrie/e77a358382235618389331125a3d8f2378d0097b (0.00s)
    --- PASS: FuzzTrie/e77cef4cbcd9dd4cd68098afb350876ca6fda1b8 (0.00s)
    --- PASS: FuzzTrie/e7d0fa6dad2c2e81c623c4a97d70ba7bd28300f8 (0.00s)
    --- PASS: FuzzTrie/e7d2cdf492ab88d569e44e62a017c62fd2a54c4c (0.00s)
    --- PASS: FuzzTrie/ea3e65eb15a74af138fe80133db9fbe4960d91ed (0.00s)
    --- PASS: FuzzTrie/eb1031bad67fe30a45d5b9d427b257d5d70ee595 (0.00s)
    --- PASS: FuzzTrie/eb7d0ff4ee141308f7cca0e05158f700d4f34bcc (0.00s)
    --- PASS: FuzzTrie/ec223f923d9b511f7fce5bb20687828c9322acf6 (0.00s)
    --- PASS: FuzzTrie/ec5093c2db08f94887d0d45601562c151b801978 (0.00s)
    --- PASS: FuzzTrie/ec6f7536633e313d153022ce0a262c84278ec0f1 (0.00s)
    --- PASS: FuzzTrie/ece10fddcf5923451e3e8623687aadff6fcce672 (0.00s)
    --- PASS: FuzzTrie/ece74dd406e490e354ea00dd08fd2961efb22251 (0.00s)
    --- PASS: FuzzTrie/eda3ca28f5a9d8b5425e894cee42db145f10b834 (0.00s)
    --- PASS: FuzzTrie/edbff630df4f410f13f890a22980fd89008ebbca (0.00s)
    --- PASS: FuzzTrie/edc8304245b62eb4332be169f01b05a3815a0ccb (0.00s)
    --- PASS: FuzzTrie/eec92611973d268b16eeb9b243e88ecf0182917c (0.01s)
    --- PASS: FuzzTrie/ef320b997e5fa85f05a216f5e5e084fb23efcc11 (0.00s)
    --- PASS: FuzzTrie/ef4d11115ace632a5ee95848a268fbf811d9bf22 (0.01s)
    --- PASS: FuzzTrie/efc3971099b6b9b429c85fbcccebe6c85f79e6a3 (0.00s)
    --- PASS: FuzzTrie/f0cc39681f2680cdb97702112618fbad109df656 (0.00s)
    --- PASS: FuzzTrie/f120c057fbab66e7bbea237d369cea9d6b75b6b3 (0.00s)
    --- PASS: FuzzTrie/f1383eab3d93d818bccc7e6d9ab44108bdabfa57 (0.00s)
    --- PASS: FuzzTrie/f14ec3aabbdadec7ffb181813968263f90b7a6b6 (0.01s)
    --- PASS: FuzzTrie/f1558180f980c001a94ba95c9987e6a99d762731 (0.00s)
    --- PASS: FuzzTrie/f1d6d17dd49a1f3368431b6fe141a090f0d5e91f (0.00s)
    --- PASS: FuzzTrie/f1dfa56827701d3decf05500d6c976ec7532f75a (0.00s)
    --- PASS: FuzzTrie/f27b3deec4c4a29bf4baa2e0788dadaf2318b3e4 (0.00s)
    --- PASS: FuzzTrie/f36578c4e45a5288dfffffc3477e8f5417facca4 (0.00s)
    --- PASS: FuzzTrie/f3a7cd574bdb712ae117bef3bced888ceef4a2f2 (0.00s)
    --- PASS: FuzzTrie/f3d2d0bdfdfb2abac914298a6796673215177112 (0.00s)
    --- PASS: FuzzTrie/f5928971641bece421939ea1bb1fe1ada8993bbf (0.00s)
    --- PASS: FuzzTrie/f61fabf6f8d5fd881a3eac9223466f9aa22224e5 (0.00s)
    --- PASS: FuzzTrie/f61fe3f968cca53d9b0265d4d00dab037d72525b (0.00s)
    --- PASS: FuzzTrie/f644bb9a189aebee4861f7b9b656f7ca9e1c0851 (0.00s)
    --- PASS: FuzzTrie/f68105ea548cef3f8b71755b5da37763fef8e54c (0.00s)
    --- PASS: FuzzTrie/f68cff38acc06f43d028eb48be6cd011c8dee3cf (0.00s)
    --- PASS: FuzzTrie/f71721cfd611333f1c946363c2a6c07e754b5edc (0.00s)
    --- PASS: FuzzTrie/f78ecb54cee772487c029166c10210882e475694 (0.00s)
    --- PASS: FuzzTrie/f791ed91cf4a9ace74c568058d77ac3063596dd4 (0.00s)
    --- PASS: FuzzTrie/f7b5f3f50ea38d303734f69471db7b1438ad034c (0.00s)
    --- PASS: FuzzTrie/f91ae8cec679135f20310085e61470d8ddcdd3c2 (0.00s)
    --- PASS: FuzzTrie/f944e49333b476fd2694c813f21b4953e2de7a1e (0.00s)
    --- PASS: FuzzTrie/f993b84336fa78101c38ec970fd032fef870a098 (0.00s)
    --- PASS: FuzzTrie/fadc02a20777fc2acd0c0d929eaee30a51ca1fb4 (0.00s)
    --- PASS: FuzzTrie/fb84bb83c17822420709125bbc9904d3369d5bac (0.00s)
    --- PASS: FuzzTrie/fbc12a15acd27bd0ba3db76cbacec67303ca5604 (0.00s)
    --- PASS: FuzzTrie/fd521b4cbb45cb53f383cd4bc8af8c1ac9131a83 (0.00s)
    --- PASS: FuzzTrie/fe634bad154b9ba74326831dadbb80aa9ec66f94 (0.00s)
    --- PASS: FuzzTrie/fec8fd3f30ac451f73eb836dbb2489c4943ebca6 (0.00s)
    --- PASS: FuzzTrie/ff06bc28c799204e9f46d9067af294410164074c (0.00s)
    --- PASS: FuzzTrie/ffa4295f0df36322785f43ad03b2af83c5d4f45a (0.00s)
PASS
coverage: 88.1% of statements
ok  	github.com/morph-l2/go-ethereum/tests/fuzzers/trie	0.662s	coverage: 88.1% of statements
