mode: set
github.com/morph-l2/go-ethereum/tests/fuzzers/trie/trie-fuzzer.go:42.52,44.2 1 1
github.com/morph-l2/go-ethereum/tests/fuzzers/trie/trie-fuzzer.go:46.41,48.2 1 0
github.com/morph-l2/go-ethereum/tests/fuzzers/trie/trie-fuzzer.go:67.46,71.2 1 1
github.com/morph-l2/go-ethereum/tests/fuzzers/trie/trie-fuzzer.go:72.39,73.48 1 1
github.com/morph-l2/go-ethereum/tests/fuzzers/trie/trie-fuzzer.go:73.48,75.3 1 1
github.com/morph-l2/go-ethereum/tests/fuzzers/trie/trie-fuzzer.go:75.8,77.3 1 1
github.com/morph-l2/go-ethereum/tests/fuzzers/trie/trie-fuzzer.go:79.53,81.2 1 1
github.com/morph-l2/go-ethereum/tests/fuzzers/trie/trie-fuzzer.go:82.36,84.2 1 1
github.com/morph-l2/go-ethereum/tests/fuzzers/trie/trie-fuzzer.go:86.38,90.26 3 1
github.com/morph-l2/go-ethereum/tests/fuzzers/trie/trie-fuzzer.go:90.26,92.46 1 1
github.com/morph-l2/go-ethereum/tests/fuzzers/trie/trie-fuzzer.go:92.46,98.4 4 1
github.com/morph-l2/go-ethereum/tests/fuzzers/trie/trie-fuzzer.go:100.3,100.49 1 1
github.com/morph-l2/go-ethereum/tests/fuzzers/trie/trie-fuzzer.go:103.2,105.30 2 1
github.com/morph-l2/go-ethereum/tests/fuzzers/trie/trie-fuzzer.go:105.30,108.18 2 1
github.com/morph-l2/go-ethereum/tests/fuzzers/trie/trie-fuzzer.go:109.17,112.53 3 1
github.com/morph-l2/go-ethereum/tests/fuzzers/trie/trie-fuzzer.go:113.33,114.23 1 1
github.com/morph-l2/go-ethereum/tests/fuzzers/trie/trie-fuzzer.go:116.3,117.23 2 1
github.com/morph-l2/go-ethereum/tests/fuzzers/trie/trie-fuzzer.go:117.23,118.9 1 1
github.com/morph-l2/go-ethereum/tests/fuzzers/trie/trie-fuzzer.go:122.2,122.14 1 1
github.com/morph-l2/go-ethereum/tests/fuzzers/trie/trie-fuzzer.go:134.29,136.23 2 1
github.com/morph-l2/go-ethereum/tests/fuzzers/trie/trie-fuzzer.go:136.23,138.3 1 0
github.com/morph-l2/go-ethereum/tests/fuzzers/trie/trie-fuzzer.go:139.2,139.45 1 1
github.com/morph-l2/go-ethereum/tests/fuzzers/trie/trie-fuzzer.go:139.45,140.13 1 0
github.com/morph-l2/go-ethereum/tests/fuzzers/trie/trie-fuzzer.go:142.2,142.10 1 1
github.com/morph-l2/go-ethereum/tests/fuzzers/trie/trie-fuzzer.go:145.37,152.26 4 1
github.com/morph-l2/go-ethereum/tests/fuzzers/trie/trie-fuzzer.go:152.26,153.18 1 1
github.com/morph-l2/go-ethereum/tests/fuzzers/trie/trie-fuzzer.go:154.17,156.49 2 1
github.com/morph-l2/go-ethereum/tests/fuzzers/trie/trie-fuzzer.go:157.17,159.36 2 1
github.com/morph-l2/go-ethereum/tests/fuzzers/trie/trie-fuzzer.go:160.14,163.25 3 1
github.com/morph-l2/go-ethereum/tests/fuzzers/trie/trie-fuzzer.go:163.25,165.5 1 0
github.com/morph-l2/go-ethereum/tests/fuzzers/trie/trie-fuzzer.go:166.17,167.36 1 1
github.com/morph-l2/go-ethereum/tests/fuzzers/trie/trie-fuzzer.go:168.15,169.13 1 1
github.com/morph-l2/go-ethereum/tests/fuzzers/trie/trie-fuzzer.go:170.16,172.18 2 1
github.com/morph-l2/go-ethereum/tests/fuzzers/trie/trie-fuzzer.go:172.18,174.5 1 0
github.com/morph-l2/go-ethereum/tests/fuzzers/trie/trie-fuzzer.go:175.4,176.18 2 1
github.com/morph-l2/go-ethereum/tests/fuzzers/trie/trie-fuzzer.go:176.18,178.5 1 0
github.com/morph-l2/go-ethereum/tests/fuzzers/trie/trie-fuzzer.go:179.4,179.14 1 1
github.com/morph-l2/go-ethereum/tests/fuzzers/trie/trie-fuzzer.go:180.24,183.18 3 1
github.com/morph-l2/go-ethereum/tests/fuzzers/trie/trie-fuzzer.go:183.18,185.5 1 1
github.com/morph-l2/go-ethereum/tests/fuzzers/trie/trie-fuzzer.go:186.4,186.35 1 1
github.com/morph-l2/go-ethereum/tests/fuzzers/trie/trie-fuzzer.go:186.35,188.5 1 0
github.com/morph-l2/go-ethereum/tests/fuzzers/trie/trie-fuzzer.go:189.16,190.48 1 1
github.com/morph-l2/go-ethereum/tests/fuzzers/trie/trie-fuzzer.go:193.3,193.23 1 1
github.com/morph-l2/go-ethereum/tests/fuzzers/trie/trie-fuzzer.go:193.23,195.4 1 0
github.com/morph-l2/go-ethereum/tests/fuzzers/trie/trie-fuzzer.go:197.2,197.12 1 1
