=== RUN   FuzzKeystore
=== RUN   FuzzKeystore/0144b939bf35aae0cd6930d909276fa8996f2032
=== RUN   FuzzKeystore/021b0d626e3755d80141f9a30fe8ef662e8c4469
=== RUN   FuzzKeystore/037e0e130faf9b26626d73123342cfd560214605
=== RUN   FuzzKeystore/04a4c5da2be62172f1e7f33857c871d841980154
=== RUN   FuzzKeystore/0ace5d2a814c325d2daf8e946e7d99a387bf7b24
=== RUN   FuzzKeystore/0c6500a25c6f16666e2f7129c2c0603eb655edcb
=== RUN   FuzzKeystore/0c7135b3f3267c9874f5af320eecc4ee43babb13
=== RUN   FuzzKeystore/0d52b1ed7d24555bb6a53c8ece719a133ac4222c
=== RUN   FuzzKeystore/0e0642e6150ae99dd924511948e7f0abd78fd3a7
=== RUN   FuzzKeystore/0f1280aba08e9da30e5b195b90a8ba28828ef099
=== RUN   FuzzKeystore/0f7328df6bc29a9c161ebc04c2cc27318afdf836
=== RUN   FuzzKeystore/1053aedfa0b41c1ccfc79d0a551ae37c9895018c
=== RUN   FuzzKeystore/11280eaa85122f9eb5f7502f5f571e8d45b88757
=== RUN   FuzzKeystore/11e751137213677876cddcf5c7add2a7cfe1ac56
=== RUN   FuzzKeystore/12bcc8a6b62d5b11e9d2724c318f6d3516b16041
=== RUN   FuzzKeystore/12e67fd140e2aaaeedb1048ecb7bc1666ac357c0
=== RUN   FuzzKeystore/155e0c88614d47fcc1aa72abda78139b95ba1bf2
=== RUN   FuzzKeystore/159d2729e3a33fb34389646a206fc4cfa805aee5
=== RUN   FuzzKeystore/172450212bdc08f26d60192aab39bf1a2554a1e8
=== RUN   FuzzKeystore/174ec5e513d5144d582f0def3949e287d2651856
=== RUN   FuzzKeystore/17e1d78ecf4e8a1e5fd6052aa3965eb097e7e4f4
=== RUN   FuzzKeystore/1b00c18a4b001445579661608dd7a8ad032d5fcc
=== RUN   FuzzKeystore/1b9b2d2a5a1825168ef07218c31be2c7cba25899
=== RUN   FuzzKeystore/1bc6abcd802c5318f2b86bb9c09222ad2acdddf2
=== RUN   FuzzKeystore/1d01151d45d27d3239e3fc6f943f674840b3efdd
=== RUN   FuzzKeystore/1ddc5e848cee083b86af568dca9710407f23c8ba
=== RUN   FuzzKeystore/1de65de7e609e01b0fff411e81f0dcf24d33a92c
=== RUN   FuzzKeystore/1e2c5233f0df095564c137a2f583c6135e1cf458
=== RUN   FuzzKeystore/1f6d22a2e9f5584fd803235fb3ccac0fd1f162a8
=== RUN   FuzzKeystore/209e401a3b7f094ca45eadb986d92ccf4ba14ed9
=== RUN   FuzzKeystore/2244379ddba65cc4a8f35a3d647105da04f68124
=== RUN   FuzzKeystore/242bb482a2f28c0bf8cf65add5697fbbefa9f46d
=== RUN   FuzzKeystore/2838fd5e5d0f2ff53a72bcc1690852b8339998de
=== RUN   FuzzKeystore/29390cf48ea381755e485bb9dad64572c4472992
=== RUN   FuzzKeystore/294480a6168a52df9bcded3d3531b0757c05f7bf
=== RUN   FuzzKeystore/2952f2f9f9a72ed3e70c0bc0b34e9a8ad08ca164
=== RUN   FuzzKeystore/2aa63d2f3690b4be283522d68577e065b5eb28c3
=== RUN   FuzzKeystore/2ae5130f3021506e0d9bde8d819b6720f56ecb9d
=== RUN   FuzzKeystore/2bd623fa3989bb2b6d6f16d750d7233eeacf8c01
=== RUN   FuzzKeystore/2ce99f0ddadc5167b1e030286412b30476e9a6e7
=== RUN   FuzzKeystore/2f1b1e843e038d80edafd3dc4d65a462c79f8750
=== RUN   FuzzKeystore/306e342d197488fd4b5f77c12f52424b0777c086
=== RUN   FuzzKeystore/30af0858d7ab624553652773997cbaf4d3b17876
=== RUN   FuzzKeystore/31e4527ca935731c2b08dcccc63747251c41c344
=== RUN   FuzzKeystore/32253212648db4c3ce159bcb1a2e5d982254b2b9
=== RUN   FuzzKeystore/32fe0144d50cd466a152a5f89fa23193e49ddde9
=== RUN   FuzzKeystore/337f0c7a536ce0d81bb0c96fc810c4c2accbf1de
=== RUN   FuzzKeystore/33d72ef6aa2d6ad87fa2e3e777b20fb0800a2b3f
=== RUN   FuzzKeystore/33d91281d0bee42dfa2d183b6365daef688de3af
=== RUN   FuzzKeystore/346d44c64bce5cf1794b8c7560af187966f233fa
=== RUN   FuzzKeystore/3473fd55f96542993443ec6134c71ba681c16176
=== RUN   FuzzKeystore/359209296d83814cdbbee5e18e485327bd4b5de7
=== RUN   FuzzKeystore/35a180ab8620555678a2df2ea6bdf214adfafe19
=== RUN   FuzzKeystore/36ae7bfa15eea9804b7048a88c65b29ab283a9c1
=== RUN   FuzzKeystore/3743b2993df88db0b8edcddef8419cdd57131b8b
=== RUN   FuzzKeystore/37581c76a07f7e2b0a6810bd53e63c17814f7dd0
=== RUN   FuzzKeystore/3a25335ab6e05fb7e1e4bb8769dec48e020f7a7d
=== RUN   FuzzKeystore/3a34bae07010f9ad41ea8b007a721ebced451f9e
=== RUN   FuzzKeystore/3b1abbebeaecc75281f515875b372803c4daf669
=== RUN   FuzzKeystore/3bd92e29e9627ad80afa8de26e929d8eb5c64ac6
=== RUN   FuzzKeystore/3c2a48808441c342019c29529484a332f3958a9f
=== RUN   FuzzKeystore/3c8f87a16e18c076bed0f02fe5f39182be3d86d5
=== RUN   FuzzKeystore/3d13e822f2d61077eb05bab5c8f93e0947f77667
=== RUN   FuzzKeystore/3d3c8aa5899410923c20ce4c3239327ca328e6a9
=== RUN   FuzzKeystore/3d603ab73628171b5b92abe7b604395815cf7409
=== RUN   FuzzKeystore/3dd4f036e66ceeb017acc18b5cc82bf04fc88b6e
=== RUN   FuzzKeystore/3eda69a34f2586fdf76ab150fd78eb3d9eb55e7e
=== RUN   FuzzKeystore/3f5f17c895809cb9e88eca1cbc96378f777c9bf2
=== RUN   FuzzKeystore/3fb97b13a32345f598f181285c7e4b766d61ae82
=== RUN   FuzzKeystore/40de25d6e0b7b6e729f73996b7702e11f4494336
=== RUN   FuzzKeystore/421e1a8c772c5d85b6de73b466f687b087fb0502
=== RUN   FuzzKeystore/43640b7dcdab34d2db2d70f2d1518dd77e51dcfa
=== RUN   FuzzKeystore/43688cba5c898e8ebed1be05944ffc37f26f86a9
=== RUN   FuzzKeystore/4412de59f57311d1c367f7a0d1c752e55848d6e0
=== RUN   FuzzKeystore/461f3418cc416244c0040511091dac4083964b50
=== RUN   FuzzKeystore/48cbf0e48ee75cc6b4456d55f6a17e03082fc0a6
=== RUN   FuzzKeystore/48d89f3c1054297503c9ec7cd2aa036afd1a0339
=== RUN   FuzzKeystore/48f4275652543a5911393b0af740ec17679da4e2
=== RUN   FuzzKeystore/4d11ddd2b071a692193ca58a9d979d5b8a39f6d2
=== RUN   FuzzKeystore/4d41bd2de2edd2b44772cf3894e1d2d9fb7e403d
=== RUN   FuzzKeystore/4d6ca8474e81f8c64ca142e20e7c38f38c2b8ee9
=== RUN   FuzzKeystore/4eed4e824aaed1593109ea8ce13941e1e54d878b
=== RUN   FuzzKeystore/50199355ec8417d1855b21a072b5923a38a96da0
=== RUN   FuzzKeystore/518f31f42b8e2880e697fed80b04ba9cdee34e56
=== RUN   FuzzKeystore/560aab9439e0b3cf3d83e598e11007754276736a
=== RUN   FuzzKeystore/566d97fe77ff852ee3ebaaee6b74a5a4c7592245
=== RUN   FuzzKeystore/59254cabdea514696543c31eb9d5ffe86a4e0674
=== RUN   FuzzKeystore/59900cd4790243a658a9c79df8d90638ca9b8588
=== RUN   FuzzKeystore/5a35c4c6eb8b795823727d87f7a81a0e9db6b19f
=== RUN   FuzzKeystore/5b50928855e692f463f3578c5f95bb8bf74bd42e
=== RUN   FuzzKeystore/5b953939a2562dc7c2be0bba39c3b28d1874e234
=== RUN   FuzzKeystore/5ba93c9db0cff93f52b521d7420e43f6eda2784f
=== RUN   FuzzKeystore/5dcd0f2b446629120755160b102a0e5c50d7e652
=== RUN   FuzzKeystore/60532534d4ebacae25c93f48ed28ec87b644759b
=== RUN   FuzzKeystore/621db51cb9fa73a603b8caed40f3932480c0572e
=== RUN   FuzzKeystore/62765f6dee4cc6eb38796c99a27cd2f78c1f1d49
=== RUN   FuzzKeystore/6277459c4c574b227f499df37e94fc178c1b9498
=== RUN   FuzzKeystore/6631d92c5b244c8c9b0e825a821bfa01f87b129d
=== RUN   FuzzKeystore/67443d8caa59aff5e07a5b7d8ab0659ee46becfb
=== RUN   FuzzKeystore/68131e11f757f4be90f77e3fe10d247aa145954e
=== RUN   FuzzKeystore/688acc27d5668fe6a5b64a0d1f71f0df944fe807
=== RUN   FuzzKeystore/68a1f901f28c7b82f7d1fb6f41ca6258ebe15386
=== RUN   FuzzKeystore/6934348390a9ca64c55f3872c5db4fd0841d5d5f
=== RUN   FuzzKeystore/69ca1bd71107a4086f7e61f81c39db77cfd3f804
=== RUN   FuzzKeystore/6a221457bad354c0f7d532d7b35fabf8570266a8
=== RUN   FuzzKeystore/6a3c8cd397d45afb1662620990837dbd8fe037fa
=== RUN   FuzzKeystore/6a93421149cc28ae6d46f240d1e1ead87bdd5f9a
=== RUN   FuzzKeystore/6b4178eb2765909b12fb62a759a250ecb219d9cc
=== RUN   FuzzKeystore/6ce673c9c2b5a7595071ac7688473fb8e4b8b764
=== RUN   FuzzKeystore/6d63f63c1796ca200c2f12037875370ae59b41e2
=== RUN   FuzzKeystore/6df0b33d8a758449750340bdf10583348e4d07b4
=== RUN   FuzzKeystore/70f241287e7bacf2a093de1ad735c43a718a182d
=== RUN   FuzzKeystore/7353d4036a6a9ce1f63b8fea6ec6f29e19ac641d
=== RUN   FuzzKeystore/742b70cf8e533ce1da4e13590ef85f4ef5aaaff7
=== RUN   FuzzKeystore/753b97ed92c9f79e589edc068c6be072dd04c0d1
=== RUN   FuzzKeystore/76b8e2c18b131c3d841c4dcb9ea84f59ac4e5bcc
=== RUN   FuzzKeystore/7743eb426605824ac001224debf0d3e3c8afbec9
=== RUN   FuzzKeystore/779cffc9d3b088d5a930056f39eb0c2f0ec4bda1
=== RUN   FuzzKeystore/7991503c8c47b49d990b4d07667d7b287e25c245
=== RUN   FuzzKeystore/7a38d137272a9f3681252f2dc023274f27614ade
=== RUN   FuzzKeystore/7a89633abb7234148ee8d284e02076f3c84ae078
=== RUN   FuzzKeystore/7af6f1c6c6a04b5f77368e5e53397aad23a61fa0
=== RUN   FuzzKeystore/7b74bed8195111921dc24863f1ac8fc6162be9d0
=== RUN   FuzzKeystore/7be0c6a0f3dd39ce5b60d7eab4a577996eae5176
=== RUN   FuzzKeystore/7c6b6de38731eaf8db67dad10ebd2b4ff3afd896
=== RUN   FuzzKeystore/7c70531747df17fa44686464aaf59896a1bcf7f9
=== RUN   FuzzKeystore/7cb14f58bf9a581213f9df5ce3e6de5f1483a776
=== RUN   FuzzKeystore/7d02405ce98ccd11398213f772cff42831239691
=== RUN   FuzzKeystore/7d435334729db8c0bc9c8d13cc0678f28ce91683
=== RUN   FuzzKeystore/7f0c45d9f885409320bda056b33bfc26be737025
=== RUN   FuzzKeystore/813aca713a2ed2c22e4871fb41b55a615b79f246
=== RUN   FuzzKeystore/8214f0c4f6433fa07702ad7a2db6e43e9a9cca6e
=== RUN   FuzzKeystore/83a4ec58260500d6aa2f7c986fe6e2b6557ed449
=== RUN   FuzzKeystore/848074defdbff5410161c811ec727f6536f3d3ab
=== RUN   FuzzKeystore/866d45008c7c0706d17de1eb5c1b115cf9e5eb15
=== RUN   FuzzKeystore/87380298f6d993cda98e88adca532c8c936da32f
=== RUN   FuzzKeystore/874ca8539e94bebaaa5fd16317b91e52ee98ed4c
=== RUN   FuzzKeystore/8765a63127452ffad5169e490031f9ded5f2b81b
=== RUN   FuzzKeystore/884d7487f420ef29f05555db69446511f02e4e83
=== RUN   FuzzKeystore/88852e3312fe051ddaf134c0ccc53799bfa6c983
=== RUN   FuzzKeystore/88f7277cd9ce5a0ae131c7cb326f7224044db144
=== RUN   FuzzKeystore/8c9727e8479ac104dafd531f070140716835e73f
=== RUN   FuzzKeystore/8d0b3303a2733f62e4b40a278fff086ebc2f89eb
=== RUN   FuzzKeystore/8db29f9e3f8c9ad642753e8a7225ad40256388f6
=== RUN   FuzzKeystore/8e8a700c76100d44e91202bf35e34720e96a9f16
=== RUN   FuzzKeystore/8f48effbb3eb9b566665a2b815a8b6748a3e3928
=== RUN   FuzzKeystore/8f72aa49bf8363fa673b61611a8b9c5d0beeb059
=== RUN   FuzzKeystore/90422d11a5568c953a1c4cc3a39bd62090bf2500
=== RUN   FuzzKeystore/92556d333f4887be3a768d8e67b93f7d4eb4855d
=== RUN   FuzzKeystore/925b790e351bf36de4dce6cf6a3ca02662673d74
=== RUN   FuzzKeystore/95bb64477d90755b1857ad09567ffd11780a62d8
=== RUN   FuzzKeystore/98cf8e8531f2245991bb2089d1470d98401fc42c
=== RUN   FuzzKeystore/990b933b648853774c7563c75785189283e5c766
=== RUN   FuzzKeystore/9a54fb97c3498754bd9bd98f37b5e9a87b2453c4
=== RUN   FuzzKeystore/9b8a747b2cb3a4de921ec11cd2b2ef96ab2b03e5
=== RUN   FuzzKeystore/9d036b062a4f17603d354b0585905c298cb4da0c
=== RUN   FuzzKeystore/9deaf2cd3f39107f2f9166640ea11aef74c88faf
=== RUN   FuzzKeystore/9e87c7404f7a8bb7957c2cef107bb816ee7204cb
=== RUN   FuzzKeystore/a0a2719748bad51dac53894f4e2a26fb9251750b
=== RUN   FuzzKeystore/a0f8f2bf9fe6c22af9dc97d1872bb5853cdf499a
=== RUN   FuzzKeystore/a119e4134d560e2c7c5fdc2baf820d7d107c11ca
=== RUN   FuzzKeystore/a21192d9dd7c6465cb8bfb70aa5b11fcf29a380b
=== RUN   FuzzKeystore/a33ea5940a692783f91d01bf32892167c55bbe13
=== RUN   FuzzKeystore/a41fed2c0730a362bee2c8b5f53050991856a29e
=== RUN   FuzzKeystore/a4980e69786d1870db214736eb4777eaf02c563d
=== RUN   FuzzKeystore/a50835ae829305d8476b73ac6a1ce714805d931f
=== RUN   FuzzKeystore/aa569ca7d78425bae064b1b9491d21c4d0974653
=== RUN   FuzzKeystore/ab33c5967e92242412d513ec03593aad41b98f4b
=== RUN   FuzzKeystore/ab4a886f6da04749f220d83cdccceb0e2989a66c
=== RUN   FuzzKeystore/abc75c5d0fb11d852ae1fe15733038ee41a6a0c6
=== RUN   FuzzKeystore/abf99d35d55ea0136fb80b12d799590fb69c2473
=== RUN   FuzzKeystore/ac4eff545e2a819e63a294d0649e428bf301657c
=== RUN   FuzzKeystore/ad3bf85e62685b783ca3c2409d457a0143589ec8
=== RUN   FuzzKeystore/adc83b19e793491b1c6ea0fd8b46cd9f32e592fc
=== RUN   FuzzKeystore/ae842579145cefc7f15902ea9af26d24bf765681
=== RUN   FuzzKeystore/b0861007e4ca7356eb074c1b8dc8a0989e369b65
=== RUN   FuzzKeystore/b19542d27b38de580bebb13201995bf0c6fcf34e
=== RUN   FuzzKeystore/b1c6a55d75c92e56ae4da3948a02a6cb929fe129
=== RUN   FuzzKeystore/b21a9311fb52c57a0e48f32873dc8e1081d0c988
=== RUN   FuzzKeystore/b549cf7b001c9dd98b38e58b59f543c332710c72
=== RUN   FuzzKeystore/b58d45ccb9212a626c4d3aba39dd3c2494c84c4a
=== RUN   FuzzKeystore/b5a5d6a0d3b10a4a0cca077f19288fe535eb705c
=== RUN   FuzzKeystore/b6483c242eb8bf9b33025c5bceef709536935e18
=== RUN   FuzzKeystore/b67bf25a05fee7e7a63b11901997cfd46b0d4606
=== RUN   FuzzKeystore/b82872d22e746831344ccf4be3b2cbb52499d8d0
=== RUN   FuzzKeystore/b856a8a522203076fe23d635dc4e6b08553966bd
=== RUN   FuzzKeystore/b87f961004d6ab9fd2483ad4cad15e953c9cd1b6
=== RUN   FuzzKeystore/ba13f1fc31270ae2bb808aa4cf74dd152851ac32
=== RUN   FuzzKeystore/bbc0aef224b576ae9c6b6b35057dddebdcc944da
=== RUN   FuzzKeystore/bbd4e99910423222ee5836c891bab8b5518fbffa
=== RUN   FuzzKeystore/bbd6336fe199a7fe39696648555f8f0044b08c3a
=== RUN   FuzzKeystore/bd030f8b00c37e07dbd39396efc961ac67d0af01
=== RUN   FuzzKeystore/bd4a2e7eb5cc05bda949c868ee20fc0be9435a05
=== RUN   FuzzKeystore/bedc2ffe6a34db487c6ed68ec6b5bb9989be846e
=== RUN   FuzzKeystore/befcd9055bc8dafbd93aeaaa532edf1006bae006
=== RUN   FuzzKeystore/bf098db1399ac3768fb798819924af9b54595287
=== RUN   FuzzKeystore/bfd95cd698d61dab9d7f8b91a66507c69397f5ed
=== RUN   FuzzKeystore/c0ca5747e0a07ff7f7872c377a5fb5ff168731a4
=== RUN   FuzzKeystore/c10b563de6514530f1a57fc9946d7dff807107c5
=== RUN   FuzzKeystore/c20d7dec297e8fb72aa6beae7d268c9a13c5d479
=== RUN   FuzzKeystore/c25480947edafb3ac6225fad391687b8095d0b29
=== RUN   FuzzKeystore/c3a19b97ae315f92a16db48df5436d41262a3930
=== RUN   FuzzKeystore/c3a490c11dc8b7d16d43b39dafc78282913a6e2e
=== RUN   FuzzKeystore/c5612fb384337525bc32d3310ced31158e82abc4
=== RUN   FuzzKeystore/c5c6338a379730b8250ae9bb6f711f585ef3acb8
=== RUN   FuzzKeystore/c5e153734990b880fc4087fbba55c675823cf83d
=== RUN   FuzzKeystore/c6ecb194b0fbec8af6b8cd60623b53850411c00b
=== RUN   FuzzKeystore/c7a027508c45a7fc6c14124cd8e0d04625057fc1
=== RUN   FuzzKeystore/c8dd376a5b8f22624e73059b752466a417ed96be
=== RUN   FuzzKeystore/c9bac3303ec3911739a4e6b47c828cbd44db28a3
=== RUN   FuzzKeystore/ca2c101cecdf90070609b66f981e0d115baee575
=== RUN   FuzzKeystore/caceea4238b2b9e692f1aef6b11d07e92b284b43
=== RUN   FuzzKeystore/cb6da45d87eaf94b44ae32e790efdf0da4a445f0
=== RUN   FuzzKeystore/cdf488f182eff43ea8b010d72751e3e474d8c9d2
=== RUN   FuzzKeystore/ce14020c85cbc8a667b2395926f09ddd63f4ac8c
=== RUN   FuzzKeystore/cef648474bc538c0dd54bff4aa128adf8a4735cf
=== RUN   FuzzKeystore/cfb03ce8ddfc64341b284d06d145604de63c0696
=== RUN   FuzzKeystore/d00ff4b8adf0f542c1406754d986f708abb5407b
=== RUN   FuzzKeystore/d0c1f5344fbc12b0acbde1fd512451455c635fce
=== RUN   FuzzKeystore/d1b28e386516e89c8fc0830807a0aec3021c02fa
=== RUN   FuzzKeystore/d4a7a671eea781bd530c1188c6e2b4d80a751cf3
=== RUN   FuzzKeystore/d4b5ed4644272fc86b1392cc853342716b763e21
=== RUN   FuzzKeystore/d4d52fd5010096bcadba6ca1e29c76e437ad789c
=== RUN   FuzzKeystore/d557386536749665d00c67723211e94a501e5e65
=== RUN   FuzzKeystore/d5b1b55eb63214aa34ded9d52e7f738a3d4b6465
=== RUN   FuzzKeystore/d5cd22b704859abebc213218dba59451c75e0575
=== RUN   FuzzKeystore/d742974ebfde448bb736bf27843fc7e2ced019f2
=== RUN   FuzzKeystore/d7c7a480ab5a18a0c756af763fa2c7c23005b49a
=== RUN   FuzzKeystore/d99aaa5b6780621087d196f3b6af9aea33cea6af
=== RUN   FuzzKeystore/da5799dd40db6e89c773e290e87c07bbae588877
=== RUN   FuzzKeystore/da81448bdbfea9b48693e2f79d997f94d1ebc284
=== RUN   FuzzKeystore/daafc81dafb43af2da0a3529583971163b84a4ee
=== RUN   FuzzKeystore/dac43826c7c94524946924617553d36d6f71ad29
=== RUN   FuzzKeystore/dd2174aa86f077bb5d71861d98420b42e67b5d76
=== RUN   FuzzKeystore/ddbac85f7297b93126decb9711d9d6bd5426f141
=== RUN   FuzzKeystore/dec35c9d56a1c4d63e22e705f5e8da49f718c548
=== RUN   FuzzKeystore/df4819fd5bf04422deaa058256880e49824a59a7
=== RUN   FuzzKeystore/e0e35718ea3f89680708bd693c248b14158c2fe2
=== RUN   FuzzKeystore/e0f9cc5112e7e0347fcbe36749bdb9c0e7a3ad00
=== RUN   FuzzKeystore/e202ac583f44f0cf9866fbbc4351faa85bb39594
=== RUN   FuzzKeystore/e23ee6468b4cc21ad91878b2ba77336a8eca40a4
=== RUN   FuzzKeystore/e4feed22a1ebafde155fa5ae810ebdef4f41b1d2
=== RUN   FuzzKeystore/e6690c997a827c6c60aa8397e88070d00b7c7c9a
=== RUN   FuzzKeystore/e7ac53a329bdc439df2a96fa554cdc77a609fdc7
=== RUN   FuzzKeystore/e9b46838f7659bc29e46a28f029872967d4be3b9
=== RUN   FuzzKeystore/e9dfe843b05fa23f16dfe50611ad4ac81a7d0149
=== RUN   FuzzKeystore/ea8348c46575d282d48c60a62a7385004af7da58
=== RUN   FuzzKeystore/eb53ab664134796db26917c5f4a22ace7bcc56c7
=== RUN   FuzzKeystore/eb6e78b8fec26430e1f29bee3b6a86e79d8088f4
=== RUN   FuzzKeystore/edd87a7d8d1ce8ce8b51d4325ca836aa535bdcc6
=== RUN   FuzzKeystore/f0bc4e3204182e1e634cdd7143f05c4d4c991db4
=== RUN   FuzzKeystore/f0ea4f48133d312c456263cee391a2c44ea8392f
=== RUN   FuzzKeystore/f17ce27b6bdbb15d38d765831d6e5f79b3a2e44c
=== RUN   FuzzKeystore/f1f82555dde2ab50183ecc8322f4f5965ea4fcf4
=== RUN   FuzzKeystore/f4249aea16cdf5ad8833ae7cb17ef0c3236fb5bf
=== RUN   FuzzKeystore/f7243481999c18e31dfceb69d836681d751cdc02
=== RUN   FuzzKeystore/f7e24306686cc19ef771a2b548bf72cc2c09cf20
=== RUN   FuzzKeystore/f8cd4bb3bf63b4bcc9a4d316005b807ff6899145
=== RUN   FuzzKeystore/f981211d871748e5ba3c98ff440847643ca4c565
=== RUN   FuzzKeystore/faab35f6224843271f872cdc1f7def473683507b
=== RUN   FuzzKeystore/fbe4656c9bba361b7d5534eac02c475d126aa14e
=== RUN   FuzzKeystore/fd33edfee408dac396629d8ee59a3476da81778d
=== RUN   FuzzKeystore/ffbb506a63a7afda72f08ee46292248bcff576c4
--- PASS: FuzzKeystore (41.67s)
    --- PASS: FuzzKeystore/0144b939bf35aae0cd6930d909276fa8996f2032 (0.16s)
    --- PASS: FuzzKeystore/021b0d626e3755d80141f9a30fe8ef662e8c4469 (0.16s)
    --- PASS: FuzzKeystore/037e0e130faf9b26626d73123342cfd560214605 (0.16s)
    --- PASS: FuzzKeystore/04a4c5da2be62172f1e7f33857c871d841980154 (0.16s)
    --- PASS: FuzzKeystore/0ace5d2a814c325d2daf8e946e7d99a387bf7b24 (0.16s)
    --- PASS: FuzzKeystore/0c6500a25c6f16666e2f7129c2c0603eb655edcb (0.16s)
    --- PASS: FuzzKeystore/0c7135b3f3267c9874f5af320eecc4ee43babb13 (0.16s)
    --- PASS: FuzzKeystore/0d52b1ed7d24555bb6a53c8ece719a133ac4222c (0.16s)
    --- PASS: FuzzKeystore/0e0642e6150ae99dd924511948e7f0abd78fd3a7 (0.16s)
    --- PASS: FuzzKeystore/0f1280aba08e9da30e5b195b90a8ba28828ef099 (0.16s)
    --- PASS: FuzzKeystore/0f7328df6bc29a9c161ebc04c2cc27318afdf836 (0.16s)
    --- PASS: FuzzKeystore/1053aedfa0b41c1ccfc79d0a551ae37c9895018c (0.16s)
    --- PASS: FuzzKeystore/11280eaa85122f9eb5f7502f5f571e8d45b88757 (0.16s)
    --- PASS: FuzzKeystore/11e751137213677876cddcf5c7add2a7cfe1ac56 (0.16s)
    --- PASS: FuzzKeystore/12bcc8a6b62d5b11e9d2724c318f6d3516b16041 (0.16s)
    --- PASS: FuzzKeystore/12e67fd140e2aaaeedb1048ecb7bc1666ac357c0 (0.16s)
    --- PASS: FuzzKeystore/155e0c88614d47fcc1aa72abda78139b95ba1bf2 (0.16s)
    --- PASS: FuzzKeystore/159d2729e3a33fb34389646a206fc4cfa805aee5 (0.16s)
    --- PASS: FuzzKeystore/172450212bdc08f26d60192aab39bf1a2554a1e8 (0.16s)
    --- PASS: FuzzKeystore/174ec5e513d5144d582f0def3949e287d2651856 (0.16s)
    --- PASS: FuzzKeystore/17e1d78ecf4e8a1e5fd6052aa3965eb097e7e4f4 (0.16s)
    --- PASS: FuzzKeystore/1b00c18a4b001445579661608dd7a8ad032d5fcc (0.16s)
    --- PASS: FuzzKeystore/1b9b2d2a5a1825168ef07218c31be2c7cba25899 (0.16s)
    --- PASS: FuzzKeystore/1bc6abcd802c5318f2b86bb9c09222ad2acdddf2 (0.16s)
    --- PASS: FuzzKeystore/1d01151d45d27d3239e3fc6f943f674840b3efdd (0.16s)
    --- PASS: FuzzKeystore/1ddc5e848cee083b86af568dca9710407f23c8ba (0.16s)
    --- PASS: FuzzKeystore/1de65de7e609e01b0fff411e81f0dcf24d33a92c (0.16s)
    --- PASS: FuzzKeystore/1e2c5233f0df095564c137a2f583c6135e1cf458 (0.16s)
    --- PASS: FuzzKeystore/1f6d22a2e9f5584fd803235fb3ccac0fd1f162a8 (0.16s)
    --- PASS: FuzzKeystore/209e401a3b7f094ca45eadb986d92ccf4ba14ed9 (0.16s)
    --- PASS: FuzzKeystore/2244379ddba65cc4a8f35a3d647105da04f68124 (0.16s)
    --- PASS: FuzzKeystore/242bb482a2f28c0bf8cf65add5697fbbefa9f46d (0.16s)
    --- PASS: FuzzKeystore/2838fd5e5d0f2ff53a72bcc1690852b8339998de (0.16s)
    --- PASS: FuzzKeystore/29390cf48ea381755e485bb9dad64572c4472992 (0.16s)
    --- PASS: FuzzKeystore/294480a6168a52df9bcded3d3531b0757c05f7bf (0.16s)
    --- PASS: FuzzKeystore/2952f2f9f9a72ed3e70c0bc0b34e9a8ad08ca164 (0.16s)
    --- PASS: FuzzKeystore/2aa63d2f3690b4be283522d68577e065b5eb28c3 (0.16s)
    --- PASS: FuzzKeystore/2ae5130f3021506e0d9bde8d819b6720f56ecb9d (0.16s)
    --- PASS: FuzzKeystore/2bd623fa3989bb2b6d6f16d750d7233eeacf8c01 (0.17s)
    --- PASS: FuzzKeystore/2ce99f0ddadc5167b1e030286412b30476e9a6e7 (0.16s)
    --- PASS: FuzzKeystore/2f1b1e843e038d80edafd3dc4d65a462c79f8750 (0.16s)
    --- PASS: FuzzKeystore/306e342d197488fd4b5f77c12f52424b0777c086 (0.16s)
    --- PASS: FuzzKeystore/30af0858d7ab624553652773997cbaf4d3b17876 (0.16s)
    --- PASS: FuzzKeystore/31e4527ca935731c2b08dcccc63747251c41c344 (0.16s)
    --- PASS: FuzzKeystore/32253212648db4c3ce159bcb1a2e5d982254b2b9 (0.16s)
    --- PASS: FuzzKeystore/32fe0144d50cd466a152a5f89fa23193e49ddde9 (0.16s)
    --- PASS: FuzzKeystore/337f0c7a536ce0d81bb0c96fc810c4c2accbf1de (0.16s)
    --- PASS: FuzzKeystore/33d72ef6aa2d6ad87fa2e3e777b20fb0800a2b3f (0.16s)
    --- PASS: FuzzKeystore/33d91281d0bee42dfa2d183b6365daef688de3af (0.16s)
    --- PASS: FuzzKeystore/346d44c64bce5cf1794b8c7560af187966f233fa (0.16s)
    --- PASS: FuzzKeystore/3473fd55f96542993443ec6134c71ba681c16176 (0.16s)
    --- PASS: FuzzKeystore/359209296d83814cdbbee5e18e485327bd4b5de7 (0.16s)
    --- PASS: FuzzKeystore/35a180ab8620555678a2df2ea6bdf214adfafe19 (0.16s)
    --- PASS: FuzzKeystore/36ae7bfa15eea9804b7048a88c65b29ab283a9c1 (0.16s)
    --- PASS: FuzzKeystore/3743b2993df88db0b8edcddef8419cdd57131b8b (0.16s)
    --- PASS: FuzzKeystore/37581c76a07f7e2b0a6810bd53e63c17814f7dd0 (0.16s)
    --- PASS: FuzzKeystore/3a25335ab6e05fb7e1e4bb8769dec48e020f7a7d (0.16s)
    --- PASS: FuzzKeystore/3a34bae07010f9ad41ea8b007a721ebced451f9e (0.16s)
    --- PASS: FuzzKeystore/3b1abbebeaecc75281f515875b372803c4daf669 (0.16s)
    --- PASS: FuzzKeystore/3bd92e29e9627ad80afa8de26e929d8eb5c64ac6 (0.16s)
    --- PASS: FuzzKeystore/3c2a48808441c342019c29529484a332f3958a9f (0.16s)
    --- PASS: FuzzKeystore/3c8f87a16e18c076bed0f02fe5f39182be3d86d5 (0.16s)
    --- PASS: FuzzKeystore/3d13e822f2d61077eb05bab5c8f93e0947f77667 (0.16s)
    --- PASS: FuzzKeystore/3d3c8aa5899410923c20ce4c3239327ca328e6a9 (0.16s)
    --- PASS: FuzzKeystore/3d603ab73628171b5b92abe7b604395815cf7409 (0.16s)
    --- PASS: FuzzKeystore/3dd4f036e66ceeb017acc18b5cc82bf04fc88b6e (0.16s)
    --- PASS: FuzzKeystore/3eda69a34f2586fdf76ab150fd78eb3d9eb55e7e (0.16s)
    --- PASS: FuzzKeystore/3f5f17c895809cb9e88eca1cbc96378f777c9bf2 (0.16s)
    --- PASS: FuzzKeystore/3fb97b13a32345f598f181285c7e4b766d61ae82 (0.16s)
    --- PASS: FuzzKeystore/40de25d6e0b7b6e729f73996b7702e11f4494336 (0.16s)
    --- PASS: FuzzKeystore/421e1a8c772c5d85b6de73b466f687b087fb0502 (0.16s)
    --- PASS: FuzzKeystore/43640b7dcdab34d2db2d70f2d1518dd77e51dcfa (0.16s)
    --- PASS: FuzzKeystore/43688cba5c898e8ebed1be05944ffc37f26f86a9 (0.16s)
    --- PASS: FuzzKeystore/4412de59f57311d1c367f7a0d1c752e55848d6e0 (0.16s)
    --- PASS: FuzzKeystore/461f3418cc416244c0040511091dac4083964b50 (0.16s)
    --- PASS: FuzzKeystore/48cbf0e48ee75cc6b4456d55f6a17e03082fc0a6 (0.16s)
    --- PASS: FuzzKeystore/48d89f3c1054297503c9ec7cd2aa036afd1a0339 (0.16s)
    --- PASS: FuzzKeystore/48f4275652543a5911393b0af740ec17679da4e2 (0.16s)
    --- PASS: FuzzKeystore/4d11ddd2b071a692193ca58a9d979d5b8a39f6d2 (0.16s)
    --- PASS: FuzzKeystore/4d41bd2de2edd2b44772cf3894e1d2d9fb7e403d (0.16s)
    --- PASS: FuzzKeystore/4d6ca8474e81f8c64ca142e20e7c38f38c2b8ee9 (0.16s)
    --- PASS: FuzzKeystore/4eed4e824aaed1593109ea8ce13941e1e54d878b (0.16s)
    --- PASS: FuzzKeystore/50199355ec8417d1855b21a072b5923a38a96da0 (0.16s)
    --- PASS: FuzzKeystore/518f31f42b8e2880e697fed80b04ba9cdee34e56 (0.16s)
    --- PASS: FuzzKeystore/560aab9439e0b3cf3d83e598e11007754276736a (0.16s)
    --- PASS: FuzzKeystore/566d97fe77ff852ee3ebaaee6b74a5a4c7592245 (0.16s)
    --- PASS: FuzzKeystore/59254cabdea514696543c31eb9d5ffe86a4e0674 (0.16s)
    --- PASS: FuzzKeystore/59900cd4790243a658a9c79df8d90638ca9b8588 (0.16s)
    --- PASS: FuzzKeystore/5a35c4c6eb8b795823727d87f7a81a0e9db6b19f (0.16s)
    --- PASS: FuzzKeystore/5b50928855e692f463f3578c5f95bb8bf74bd42e (0.16s)
    --- PASS: FuzzKeystore/5b953939a2562dc7c2be0bba39c3b28d1874e234 (0.16s)
    --- PASS: FuzzKeystore/5ba93c9db0cff93f52b521d7420e43f6eda2784f (0.16s)
    --- PASS: FuzzKeystore/5dcd0f2b446629120755160b102a0e5c50d7e652 (0.16s)
    --- PASS: FuzzKeystore/60532534d4ebacae25c93f48ed28ec87b644759b (0.16s)
    --- PASS: FuzzKeystore/621db51cb9fa73a603b8caed40f3932480c0572e (0.16s)
    --- PASS: FuzzKeystore/62765f6dee4cc6eb38796c99a27cd2f78c1f1d49 (0.16s)
    --- PASS: FuzzKeystore/6277459c4c574b227f499df37e94fc178c1b9498 (0.16s)
    --- PASS: FuzzKeystore/6631d92c5b244c8c9b0e825a821bfa01f87b129d (0.16s)
    --- PASS: FuzzKeystore/67443d8caa59aff5e07a5b7d8ab0659ee46becfb (0.16s)
    --- PASS: FuzzKeystore/68131e11f757f4be90f77e3fe10d247aa145954e (0.16s)
    --- PASS: FuzzKeystore/688acc27d5668fe6a5b64a0d1f71f0df944fe807 (0.16s)
    --- PASS: FuzzKeystore/68a1f901f28c7b82f7d1fb6f41ca6258ebe15386 (0.16s)
    --- PASS: FuzzKeystore/6934348390a9ca64c55f3872c5db4fd0841d5d5f (0.16s)
    --- PASS: FuzzKeystore/69ca1bd71107a4086f7e61f81c39db77cfd3f804 (0.16s)
    --- PASS: FuzzKeystore/6a221457bad354c0f7d532d7b35fabf8570266a8 (0.16s)
    --- PASS: FuzzKeystore/6a3c8cd397d45afb1662620990837dbd8fe037fa (0.16s)
    --- PASS: FuzzKeystore/6a93421149cc28ae6d46f240d1e1ead87bdd5f9a (0.16s)
    --- PASS: FuzzKeystore/6b4178eb2765909b12fb62a759a250ecb219d9cc (0.16s)
    --- PASS: FuzzKeystore/6ce673c9c2b5a7595071ac7688473fb8e4b8b764 (0.16s)
    --- PASS: FuzzKeystore/6d63f63c1796ca200c2f12037875370ae59b41e2 (0.16s)
    --- PASS: FuzzKeystore/6df0b33d8a758449750340bdf10583348e4d07b4 (0.16s)
    --- PASS: FuzzKeystore/70f241287e7bacf2a093de1ad735c43a718a182d (0.16s)
    --- PASS: FuzzKeystore/7353d4036a6a9ce1f63b8fea6ec6f29e19ac641d (0.16s)
    --- PASS: FuzzKeystore/742b70cf8e533ce1da4e13590ef85f4ef5aaaff7 (0.16s)
    --- PASS: FuzzKeystore/753b97ed92c9f79e589edc068c6be072dd04c0d1 (0.16s)
    --- PASS: FuzzKeystore/76b8e2c18b131c3d841c4dcb9ea84f59ac4e5bcc (0.16s)
    --- PASS: FuzzKeystore/7743eb426605824ac001224debf0d3e3c8afbec9 (0.16s)
    --- PASS: FuzzKeystore/779cffc9d3b088d5a930056f39eb0c2f0ec4bda1 (0.16s)
    --- PASS: FuzzKeystore/7991503c8c47b49d990b4d07667d7b287e25c245 (0.16s)
    --- PASS: FuzzKeystore/7a38d137272a9f3681252f2dc023274f27614ade (0.16s)
    --- PASS: FuzzKeystore/7a89633abb7234148ee8d284e02076f3c84ae078 (0.16s)
    --- PASS: FuzzKeystore/7af6f1c6c6a04b5f77368e5e53397aad23a61fa0 (0.16s)
    --- PASS: FuzzKeystore/7b74bed8195111921dc24863f1ac8fc6162be9d0 (0.16s)
    --- PASS: FuzzKeystore/7be0c6a0f3dd39ce5b60d7eab4a577996eae5176 (0.16s)
    --- PASS: FuzzKeystore/7c6b6de38731eaf8db67dad10ebd2b4ff3afd896 (0.16s)
    --- PASS: FuzzKeystore/7c70531747df17fa44686464aaf59896a1bcf7f9 (0.16s)
    --- PASS: FuzzKeystore/7cb14f58bf9a581213f9df5ce3e6de5f1483a776 (0.16s)
    --- PASS: FuzzKeystore/7d02405ce98ccd11398213f772cff42831239691 (0.16s)
    --- PASS: FuzzKeystore/7d435334729db8c0bc9c8d13cc0678f28ce91683 (0.16s)
    --- PASS: FuzzKeystore/7f0c45d9f885409320bda056b33bfc26be737025 (0.16s)
    --- PASS: FuzzKeystore/813aca713a2ed2c22e4871fb41b55a615b79f246 (0.16s)
    --- PASS: FuzzKeystore/8214f0c4f6433fa07702ad7a2db6e43e9a9cca6e (0.16s)
    --- PASS: FuzzKeystore/83a4ec58260500d6aa2f7c986fe6e2b6557ed449 (0.16s)
    --- PASS: FuzzKeystore/848074defdbff5410161c811ec727f6536f3d3ab (0.16s)
    --- PASS: FuzzKeystore/866d45008c7c0706d17de1eb5c1b115cf9e5eb15 (0.16s)
    --- PASS: FuzzKeystore/87380298f6d993cda98e88adca532c8c936da32f (0.16s)
    --- PASS: FuzzKeystore/874ca8539e94bebaaa5fd16317b91e52ee98ed4c (0.16s)
    --- PASS: FuzzKeystore/8765a63127452ffad5169e490031f9ded5f2b81b (0.16s)
    --- PASS: FuzzKeystore/884d7487f420ef29f05555db69446511f02e4e83 (0.16s)
    --- PASS: FuzzKeystore/88852e3312fe051ddaf134c0ccc53799bfa6c983 (0.16s)
    --- PASS: FuzzKeystore/88f7277cd9ce5a0ae131c7cb326f7224044db144 (0.16s)
    --- PASS: FuzzKeystore/8c9727e8479ac104dafd531f070140716835e73f (0.16s)
    --- PASS: FuzzKeystore/8d0b3303a2733f62e4b40a278fff086ebc2f89eb (0.16s)
    --- PASS: FuzzKeystore/8db29f9e3f8c9ad642753e8a7225ad40256388f6 (0.16s)
    --- PASS: FuzzKeystore/8e8a700c76100d44e91202bf35e34720e96a9f16 (0.16s)
    --- PASS: FuzzKeystore/8f48effbb3eb9b566665a2b815a8b6748a3e3928 (0.16s)
    --- PASS: FuzzKeystore/8f72aa49bf8363fa673b61611a8b9c5d0beeb059 (0.16s)
    --- PASS: FuzzKeystore/90422d11a5568c953a1c4cc3a39bd62090bf2500 (0.16s)
    --- PASS: FuzzKeystore/92556d333f4887be3a768d8e67b93f7d4eb4855d (0.16s)
    --- PASS: FuzzKeystore/925b790e351bf36de4dce6cf6a3ca02662673d74 (0.16s)
    --- PASS: FuzzKeystore/95bb64477d90755b1857ad09567ffd11780a62d8 (0.16s)
    --- PASS: FuzzKeystore/98cf8e8531f2245991bb2089d1470d98401fc42c (0.16s)
    --- PASS: FuzzKeystore/990b933b648853774c7563c75785189283e5c766 (0.16s)
    --- PASS: FuzzKeystore/9a54fb97c3498754bd9bd98f37b5e9a87b2453c4 (0.16s)
    --- PASS: FuzzKeystore/9b8a747b2cb3a4de921ec11cd2b2ef96ab2b03e5 (0.16s)
    --- PASS: FuzzKeystore/9d036b062a4f17603d354b0585905c298cb4da0c (0.16s)
    --- PASS: FuzzKeystore/9deaf2cd3f39107f2f9166640ea11aef74c88faf (0.16s)
    --- PASS: FuzzKeystore/9e87c7404f7a8bb7957c2cef107bb816ee7204cb (0.16s)
    --- PASS: FuzzKeystore/a0a2719748bad51dac53894f4e2a26fb9251750b (0.16s)
    --- PASS: FuzzKeystore/a0f8f2bf9fe6c22af9dc97d1872bb5853cdf499a (0.16s)
    --- PASS: FuzzKeystore/a119e4134d560e2c7c5fdc2baf820d7d107c11ca (0.16s)
    --- PASS: FuzzKeystore/a21192d9dd7c6465cb8bfb70aa5b11fcf29a380b (0.16s)
    --- PASS: FuzzKeystore/a33ea5940a692783f91d01bf32892167c55bbe13 (0.16s)
    --- PASS: FuzzKeystore/a41fed2c0730a362bee2c8b5f53050991856a29e (0.16s)
    --- PASS: FuzzKeystore/a4980e69786d1870db214736eb4777eaf02c563d (0.16s)
    --- PASS: FuzzKeystore/a50835ae829305d8476b73ac6a1ce714805d931f (0.16s)
    --- PASS: FuzzKeystore/aa569ca7d78425bae064b1b9491d21c4d0974653 (0.16s)
    --- PASS: FuzzKeystore/ab33c5967e92242412d513ec03593aad41b98f4b (0.16s)
    --- PASS: FuzzKeystore/ab4a886f6da04749f220d83cdccceb0e2989a66c (0.16s)
    --- PASS: FuzzKeystore/abc75c5d0fb11d852ae1fe15733038ee41a6a0c6 (0.16s)
    --- PASS: FuzzKeystore/abf99d35d55ea0136fb80b12d799590fb69c2473 (0.16s)
    --- PASS: FuzzKeystore/ac4eff545e2a819e63a294d0649e428bf301657c (0.16s)
    --- PASS: FuzzKeystore/ad3bf85e62685b783ca3c2409d457a0143589ec8 (0.16s)
    --- PASS: FuzzKeystore/adc83b19e793491b1c6ea0fd8b46cd9f32e592fc (0.16s)
    --- PASS: FuzzKeystore/ae842579145cefc7f15902ea9af26d24bf765681 (0.16s)
    --- PASS: FuzzKeystore/b0861007e4ca7356eb074c1b8dc8a0989e369b65 (0.16s)
    --- PASS: FuzzKeystore/b19542d27b38de580bebb13201995bf0c6fcf34e (0.16s)
    --- PASS: FuzzKeystore/b1c6a55d75c92e56ae4da3948a02a6cb929fe129 (0.16s)
    --- PASS: FuzzKeystore/b21a9311fb52c57a0e48f32873dc8e1081d0c988 (0.16s)
    --- PASS: FuzzKeystore/b549cf7b001c9dd98b38e58b59f543c332710c72 (0.16s)
    --- PASS: FuzzKeystore/b58d45ccb9212a626c4d3aba39dd3c2494c84c4a (0.16s)
    --- PASS: FuzzKeystore/b5a5d6a0d3b10a4a0cca077f19288fe535eb705c (0.16s)
    --- PASS: FuzzKeystore/b6483c242eb8bf9b33025c5bceef709536935e18 (0.16s)
    --- PASS: FuzzKeystore/b67bf25a05fee7e7a63b11901997cfd46b0d4606 (0.16s)
    --- PASS: FuzzKeystore/b82872d22e746831344ccf4be3b2cbb52499d8d0 (0.16s)
    --- PASS: FuzzKeystore/b856a8a522203076fe23d635dc4e6b08553966bd (0.16s)
    --- PASS: FuzzKeystore/b87f961004d6ab9fd2483ad4cad15e953c9cd1b6 (0.16s)
    --- PASS: FuzzKeystore/ba13f1fc31270ae2bb808aa4cf74dd152851ac32 (0.16s)
    --- PASS: FuzzKeystore/bbc0aef224b576ae9c6b6b35057dddebdcc944da (0.16s)
    --- PASS: FuzzKeystore/bbd4e99910423222ee5836c891bab8b5518fbffa (0.16s)
    --- PASS: FuzzKeystore/bbd6336fe199a7fe39696648555f8f0044b08c3a (0.16s)
    --- PASS: FuzzKeystore/bd030f8b00c37e07dbd39396efc961ac67d0af01 (0.16s)
    --- PASS: FuzzKeystore/bd4a2e7eb5cc05bda949c868ee20fc0be9435a05 (0.16s)
    --- PASS: FuzzKeystore/bedc2ffe6a34db487c6ed68ec6b5bb9989be846e (0.16s)
    --- PASS: FuzzKeystore/befcd9055bc8dafbd93aeaaa532edf1006bae006 (0.16s)
    --- PASS: FuzzKeystore/bf098db1399ac3768fb798819924af9b54595287 (0.16s)
    --- PASS: FuzzKeystore/bfd95cd698d61dab9d7f8b91a66507c69397f5ed (0.16s)
    --- PASS: FuzzKeystore/c0ca5747e0a07ff7f7872c377a5fb5ff168731a4 (0.16s)
    --- PASS: FuzzKeystore/c10b563de6514530f1a57fc9946d7dff807107c5 (0.16s)
    --- PASS: FuzzKeystore/c20d7dec297e8fb72aa6beae7d268c9a13c5d479 (0.16s)
    --- PASS: FuzzKeystore/c25480947edafb3ac6225fad391687b8095d0b29 (0.16s)
    --- PASS: FuzzKeystore/c3a19b97ae315f92a16db48df5436d41262a3930 (0.16s)
    --- PASS: FuzzKeystore/c3a490c11dc8b7d16d43b39dafc78282913a6e2e (0.16s)
    --- PASS: FuzzKeystore/c5612fb384337525bc32d3310ced31158e82abc4 (0.16s)
    --- PASS: FuzzKeystore/c5c6338a379730b8250ae9bb6f711f585ef3acb8 (0.16s)
    --- PASS: FuzzKeystore/c5e153734990b880fc4087fbba55c675823cf83d (0.16s)
    --- PASS: FuzzKeystore/c6ecb194b0fbec8af6b8cd60623b53850411c00b (0.16s)
    --- PASS: FuzzKeystore/c7a027508c45a7fc6c14124cd8e0d04625057fc1 (0.16s)
    --- PASS: FuzzKeystore/c8dd376a5b8f22624e73059b752466a417ed96be (0.16s)
    --- PASS: FuzzKeystore/c9bac3303ec3911739a4e6b47c828cbd44db28a3 (0.16s)
    --- PASS: FuzzKeystore/ca2c101cecdf90070609b66f981e0d115baee575 (0.16s)
    --- PASS: FuzzKeystore/caceea4238b2b9e692f1aef6b11d07e92b284b43 (0.16s)
    --- PASS: FuzzKeystore/cb6da45d87eaf94b44ae32e790efdf0da4a445f0 (0.16s)
    --- PASS: FuzzKeystore/cdf488f182eff43ea8b010d72751e3e474d8c9d2 (0.16s)
    --- PASS: FuzzKeystore/ce14020c85cbc8a667b2395926f09ddd63f4ac8c (0.16s)
    --- PASS: FuzzKeystore/cef648474bc538c0dd54bff4aa128adf8a4735cf (0.16s)
    --- PASS: FuzzKeystore/cfb03ce8ddfc64341b284d06d145604de63c0696 (0.16s)
    --- PASS: FuzzKeystore/d00ff4b8adf0f542c1406754d986f708abb5407b (0.16s)
    --- PASS: FuzzKeystore/d0c1f5344fbc12b0acbde1fd512451455c635fce (0.16s)
    --- PASS: FuzzKeystore/d1b28e386516e89c8fc0830807a0aec3021c02fa (0.16s)
    --- PASS: FuzzKeystore/d4a7a671eea781bd530c1188c6e2b4d80a751cf3 (0.16s)
    --- PASS: FuzzKeystore/d4b5ed4644272fc86b1392cc853342716b763e21 (0.16s)
    --- PASS: FuzzKeystore/d4d52fd5010096bcadba6ca1e29c76e437ad789c (0.16s)
    --- PASS: FuzzKeystore/d557386536749665d00c67723211e94a501e5e65 (0.18s)
    --- PASS: FuzzKeystore/d5b1b55eb63214aa34ded9d52e7f738a3d4b6465 (0.17s)
    --- PASS: FuzzKeystore/d5cd22b704859abebc213218dba59451c75e0575 (0.16s)
    --- PASS: FuzzKeystore/d742974ebfde448bb736bf27843fc7e2ced019f2 (0.16s)
    --- PASS: FuzzKeystore/d7c7a480ab5a18a0c756af763fa2c7c23005b49a (0.17s)
    --- PASS: FuzzKeystore/d99aaa5b6780621087d196f3b6af9aea33cea6af (0.17s)
    --- PASS: FuzzKeystore/da5799dd40db6e89c773e290e87c07bbae588877 (0.16s)
    --- PASS: FuzzKeystore/da81448bdbfea9b48693e2f79d997f94d1ebc284 (0.16s)
    --- PASS: FuzzKeystore/daafc81dafb43af2da0a3529583971163b84a4ee (0.17s)
    --- PASS: FuzzKeystore/dac43826c7c94524946924617553d36d6f71ad29 (0.17s)
    --- PASS: FuzzKeystore/dd2174aa86f077bb5d71861d98420b42e67b5d76 (0.16s)
    --- PASS: FuzzKeystore/ddbac85f7297b93126decb9711d9d6bd5426f141 (0.16s)
    --- PASS: FuzzKeystore/dec35c9d56a1c4d63e22e705f5e8da49f718c548 (0.17s)
    --- PASS: FuzzKeystore/df4819fd5bf04422deaa058256880e49824a59a7 (0.17s)
    --- PASS: FuzzKeystore/e0e35718ea3f89680708bd693c248b14158c2fe2 (0.16s)
    --- PASS: FuzzKeystore/e0f9cc5112e7e0347fcbe36749bdb9c0e7a3ad00 (0.16s)
    --- PASS: FuzzKeystore/e202ac583f44f0cf9866fbbc4351faa85bb39594 (0.17s)
    --- PASS: FuzzKeystore/e23ee6468b4cc21ad91878b2ba77336a8eca40a4 (0.17s)
    --- PASS: FuzzKeystore/e4feed22a1ebafde155fa5ae810ebdef4f41b1d2 (0.16s)
    --- PASS: FuzzKeystore/e6690c997a827c6c60aa8397e88070d00b7c7c9a (0.16s)
    --- PASS: FuzzKeystore/e7ac53a329bdc439df2a96fa554cdc77a609fdc7 (0.17s)
    --- PASS: FuzzKeystore/e9b46838f7659bc29e46a28f029872967d4be3b9 (0.17s)
    --- PASS: FuzzKeystore/e9dfe843b05fa23f16dfe50611ad4ac81a7d0149 (0.16s)
    --- PASS: FuzzKeystore/ea8348c46575d282d48c60a62a7385004af7da58 (0.16s)
    --- PASS: FuzzKeystore/eb53ab664134796db26917c5f4a22ace7bcc56c7 (0.17s)
    --- PASS: FuzzKeystore/eb6e78b8fec26430e1f29bee3b6a86e79d8088f4 (0.16s)
    --- PASS: FuzzKeystore/edd87a7d8d1ce8ce8b51d4325ca836aa535bdcc6 (0.16s)
    --- PASS: FuzzKeystore/f0bc4e3204182e1e634cdd7143f05c4d4c991db4 (0.16s)
    --- PASS: FuzzKeystore/f0ea4f48133d312c456263cee391a2c44ea8392f (0.16s)
    --- PASS: FuzzKeystore/f17ce27b6bdbb15d38d765831d6e5f79b3a2e44c (0.16s)
    --- PASS: FuzzKeystore/f1f82555dde2ab50183ecc8322f4f5965ea4fcf4 (0.16s)
    --- PASS: FuzzKeystore/f4249aea16cdf5ad8833ae7cb17ef0c3236fb5bf (0.16s)
    --- PASS: FuzzKeystore/f7243481999c18e31dfceb69d836681d751cdc02 (0.16s)
    --- PASS: FuzzKeystore/f7e24306686cc19ef771a2b548bf72cc2c09cf20 (0.16s)
    --- PASS: FuzzKeystore/f8cd4bb3bf63b4bcc9a4d316005b807ff6899145 (0.16s)
    --- PASS: FuzzKeystore/f981211d871748e5ba3c98ff440847643ca4c565 (0.16s)
    --- PASS: FuzzKeystore/faab35f6224843271f872cdc1f7def473683507b (0.16s)
    --- PASS: FuzzKeystore/fbe4656c9bba361b7d5534eac02c475d126aa14e (0.16s)
    --- PASS: FuzzKeystore/fd33edfee408dac396629d8ee59a3476da81778d (0.16s)
    --- PASS: FuzzKeystore/ffbb506a63a7afda72f08ee46292248bcff576c4 (0.16s)
PASS
coverage: 75.0% of statements
ok  	github.com/morph-l2/go-ethereum/tests/fuzzers/keystore	41.687s	coverage: 75.0% of statements
