mode: set
github.com/morph-l2/go-ethereum/tests/fuzzers/rlp/rlp_fuzzer.go:27.57,28.52 1 1
github.com/morph-l2/go-ethereum/tests/fuzzers/rlp/rlp_fuzzer.go:28.52,30.17 2 1
github.com/morph-l2/go-ethereum/tests/fuzzers/rlp/rlp_fuzzer.go:30.17,31.14 1 0
github.com/morph-l2/go-ethereum/tests/fuzzers/rlp/rlp_fuzzer.go:33.3,33.34 1 1
github.com/morph-l2/go-ethereum/tests/fuzzers/rlp/rlp_fuzzer.go:33.34,34.105 1 0
github.com/morph-l2/go-ethereum/tests/fuzzers/rlp/rlp_fuzzer.go:39.29,40.21 1 1
github.com/morph-l2/go-ethereum/tests/fuzzers/rlp/rlp_fuzzer.go:40.21,42.3 1 0
github.com/morph-l2/go-ethereum/tests/fuzzers/rlp/rlp_fuzzer.go:44.2,45.2 2 1
github.com/morph-l2/go-ethereum/tests/fuzzers/rlp/rlp_fuzzer.go:45.2,47.3 1 1
github.com/morph-l2/go-ethereum/tests/fuzzers/rlp/rlp_fuzzer.go:48.2,49.56 1 1
github.com/morph-l2/go-ethereum/tests/fuzzers/rlp/rlp_fuzzer.go:49.56,51.4 1 1
github.com/morph-l2/go-ethereum/tests/fuzzers/rlp/rlp_fuzzer.go:54.2,56.3 1 1
github.com/morph-l2/go-ethereum/tests/fuzzers/rlp/rlp_fuzzer.go:58.2,61.3 2 1
github.com/morph-l2/go-ethereum/tests/fuzzers/rlp/rlp_fuzzer.go:62.2,70.3 3 1
github.com/morph-l2/go-ethereum/tests/fuzzers/rlp/rlp_fuzzer.go:72.2,82.3 4 1
github.com/morph-l2/go-ethereum/tests/fuzzers/rlp/rlp_fuzzer.go:83.2,97.3 4 1
github.com/morph-l2/go-ethereum/tests/fuzzers/rlp/rlp_fuzzer.go:98.2,101.3 2 1
github.com/morph-l2/go-ethereum/tests/fuzzers/rlp/rlp_fuzzer.go:102.2,109.3 3 1
github.com/morph-l2/go-ethereum/tests/fuzzers/rlp/rlp_fuzzer.go:110.2,125.3 14 1
github.com/morph-l2/go-ethereum/tests/fuzzers/rlp/rlp_fuzzer.go:126.2,126.10 1 1
