=== RUN   FuzzTxfetcher
=== RUN   FuzzTxfetcher/0034367d40bc4c58811fef63468924239b6db900
=== RUN   FuzzTxfetcher/00730e5969a6cd191907584f746c0bbe88774e25
=== RUN   FuzzTxfetcher/0077a7ef76b7e4808b511d6485de91f05da7ecc7
=== RUN   FuzzTxfetcher/016022a606f81522acff0495755c9a87b5c719cb
=== RUN   FuzzTxfetcher/0217e7073d17c2786ceb2718fdab2ea6f9449a4b
=== RUN   FuzzTxfetcher/0233316e60b9ff1d366901d3af412c6b4532dfee
=== RUN   FuzzTxfetcher/026afd806803d7c323863cd9cc6bfd9202dd3841
=== RUN   FuzzTxfetcher/029fd3ad7961829f6da020c8bfe7c596cc4b82de
=== RUN   FuzzTxfetcher/02ae99a8506dca4eb5a032db00e51cdb985a4fff
=== RUN   FuzzTxfetcher/033d3c5b8ee0104b6b3daef8612c5bfd7db8eaf0
=== RUN   FuzzTxfetcher/055a1b3848a44d2b996f7f80df0a066591963961
=== RUN   FuzzTxfetcher/059d165cd5b672b566bfafa1f4bb472be81a4a2b
=== RUN   FuzzTxfetcher/05ebaf77944db93bfaa2fd8cfb1b9a07d44858b0
=== RUN   FuzzTxfetcher/05ecaf0c4ef70b652452fa94c33177a49eb5bf73
=== RUN   FuzzTxfetcher/060de5fd63166909066699b5535d64e3816d3941
=== RUN   FuzzTxfetcher/06619006a69672568594cb23319bd3bcff1c4937
=== RUN   FuzzTxfetcher/067002c3e100635b464cd27051343a336bcf6ef6
=== RUN   FuzzTxfetcher/06d74960426d3299d3db1aebdab26f94d7ca9deb
=== RUN   FuzzTxfetcher/07cef6788d31e2e2ff62b2fda376453312b6d68c
=== RUN   FuzzTxfetcher/08a0fdda8d4494b4207cf6c002808107b1ff7263
=== RUN   FuzzTxfetcher/08b5e192baef349fc5d7460ad8728aa7461c8b60
=== RUN   FuzzTxfetcher/08f0ae42a0a9e2dbf53d769b8b82c985b957ed2b
=== RUN   FuzzTxfetcher/0a65df448bc91e900648e70614b15f320e6708d4
=== RUN   FuzzTxfetcher/0a84179f6b3a380310b58c492ffef8fa32fc1d36
=== RUN   FuzzTxfetcher/0a99afb14cffbe8ed7ff9be2f3fe87f58adb5b84
=== RUN   FuzzTxfetcher/0aa0ef5d8e86c9750ea8c4c894c18e17525d5d13
=== RUN   FuzzTxfetcher/0abdce4d0e45705ad8198e053a016767e9b9254a
=== RUN   FuzzTxfetcher/0ad743f1479a078004de864cd89bec57b38e1a6f
=== RUN   FuzzTxfetcher/0c46c081d0242eedfad1e6451974bfd60dba628c
=== RUN   FuzzTxfetcher/0c6a984cc7d72a9b51d0307c97d332c666b27618
=== RUN   FuzzTxfetcher/0ce55f9767ca397a1173b7f10157bcd6f6cb8bd4
=== RUN   FuzzTxfetcher/0d45cca825aedacdf662aef34acfa11103a04900
=== RUN   FuzzTxfetcher/0d6c7ca97885a2906a0a88d88e7591234412b58c
=== RUN   FuzzTxfetcher/0d72bb87f0bf1113203dc36086144640de3923cf
=== RUN   FuzzTxfetcher/0e5e281cc91a6f95106b75bc73b4e6ffaf44739b
=== RUN   FuzzTxfetcher/0e61c2e984d90b59485fe12db8748e32401d57b2
=== RUN   FuzzTxfetcher/0eb16987769ec8733519abf302916814b033e029
=== RUN   FuzzTxfetcher/0f3f9f912bcad7f524d059e81d0abfe55659c8bb
=== RUN   FuzzTxfetcher/0f6821ec7d4c14d1bc4d8e59507d6b24ff4da011
=== RUN   FuzzTxfetcher/0f6f5434cfd9ed6d77a6ddd724cb4d54e08ce4fe
=== RUN   FuzzTxfetcher/0fc9e31c35e59b77dc2dc4673e0a6c5e2ca00d5b
=== RUN   FuzzTxfetcher/1012200d0559a0b76bd7be677d9ef44ef9b9a595
=== RUN   FuzzTxfetcher/109c89ae1195965c85442d511bdf5bdbc2b3ad40
=== RUN   FuzzTxfetcher/1123bc6b05231150303313ea118285694808e89b
=== RUN   FuzzTxfetcher/12d440f9f316cd7d46f5bd746a2a6c630ae2b5ba
=== RUN   FuzzTxfetcher/12d6de507b2a0f70c86050a496a104504f6fa2ba
=== RUN   FuzzTxfetcher/1351369543f5e40f10b6ec09b498fb99a3fa0f64
=== RUN   FuzzTxfetcher/13fe830d719898e4fa5af4da43295941f9de971f
=== RUN   FuzzTxfetcher/1471b50232ffe7f0a52d4ea887ae363d6d9f74d4
=== RUN   FuzzTxfetcher/14758194c5f11f3a0d52cc4c6c431b291711db0b
=== RUN   FuzzTxfetcher/15909a9a3ee4c9b30bfa4a1eba7e2d270d4cf64f
=== RUN   FuzzTxfetcher/16f41575d1563f192a4f0ebe1479144c97325bea
=== RUN   FuzzTxfetcher/17c59b243d3fce6879efe17b4262feece92f8210
=== RUN   FuzzTxfetcher/1810c11239ce0fd0476da8ffc051f88157b369c2
=== RUN   FuzzTxfetcher/18b585ffd5840753ed7c8d193a0ecb26517ae0e8
=== RUN   FuzzTxfetcher/18c543cb16af4ccc68eeb8ed61ad8865dff6c325
=== RUN   FuzzTxfetcher/198a088d456b3d467a66e69db8383758b4211741
=== RUN   FuzzTxfetcher/19c83116db59c6d14029d360e506c0ee17e39003
=== RUN   FuzzTxfetcher/1aa91abad05ecafd76e09df7ac09af8bcae8a546
=== RUN   FuzzTxfetcher/1b254ff227ff26f87035ae269be923ca463263f5
=== RUN   FuzzTxfetcher/1b3c02e7037c33eb4f771c80eefe28c19bf34526
=== RUN   FuzzTxfetcher/1bfeedd820f8563ca83501f355ac141518315412
=== RUN   FuzzTxfetcher/1c1c060d2c40506c450ed1584b44d411d7c88f8c
=== RUN   FuzzTxfetcher/1c6f8170f824b12c54b8d8d86e6efa6d79c0f605
=== RUN   FuzzTxfetcher/1d64518aad5dec07b41ee59574a2b35b9167aee1
=== RUN   FuzzTxfetcher/1e6037967eda9e5a81b38b8b77d64913ffd35d95
=== RUN   FuzzTxfetcher/1e891badb1c020d78fe530786acdb95aaba7dd44
=== RUN   FuzzTxfetcher/1f94ee84af0bfd4f852dce5218f1453895bd19bf
=== RUN   FuzzTxfetcher/1fc2daa70dee5dc71cff0d2202325aa45160263c
=== RUN   FuzzTxfetcher/21012cc071246469bef789c86b14d41ae8289a48
=== RUN   FuzzTxfetcher/21a0477e6cec3649f5441118c6b5f20a3384dbda
=== RUN   FuzzTxfetcher/21b28c184349dad03122f63638f472619e9336dc
=== RUN   FuzzTxfetcher/222d5c0e6b31504d2e790bf9f3fcb73111875446
=== RUN   FuzzTxfetcher/22990c7a59d03aa59b08a58121d6e8bc641e29e9
=== RUN   FuzzTxfetcher/22afb26202bbaa237a1a90d941126092bd0a0fa3
=== RUN   FuzzTxfetcher/232170ec0ce868c1065b2d7b21372c077b303849
=== RUN   FuzzTxfetcher/2324487e5bb7c09b680d8eb8ca56c956c3037d28
=== RUN   FuzzTxfetcher/23ae7f049deb887bb7702b95d9e2647d42b7b1eb
=== RUN   FuzzTxfetcher/243908348a0b4a6d94842e31e4b14e2bc4858997
=== RUN   FuzzTxfetcher/254dbf5a5d54f7c0f59d2e7e3e8ce0fccce46529
=== RUN   FuzzTxfetcher/2573f163e96e6e61dbd763d915d5caa10965b5ed
=== RUN   FuzzTxfetcher/25d749653e547aa7c16b77b2001a7da7b05187bf
=== RUN   FuzzTxfetcher/25fa06bc82790ad864a377bfd811d05422011beb
=== RUN   FuzzTxfetcher/26af36f99cdb8c7a11066cda1ad5476d82b43896
=== RUN   FuzzTxfetcher/2704a10213091f38f5cc295c5887cf9d8ca6b2b3
=== RUN   FuzzTxfetcher/27700d1d5d05b507834092da6675f4ba5016471a
=== RUN   FuzzTxfetcher/28e42707d5ecff186934d67848341b30261edffb
=== RUN   FuzzTxfetcher/29b6526d5703b8d7e36e6b5f62eb43ecb23c1772
=== RUN   FuzzTxfetcher/2aa7ddb8652c8610553a2ad40252af25c9553a3f
=== RUN   FuzzTxfetcher/2b33ab21b0f2dc86e60b87a2613f5bcf5efc3285
=== RUN   FuzzTxfetcher/2b7d123d52db94c7ced7f42718585fe1b3697e9b
=== RUN   FuzzTxfetcher/2ba328da1dada4366fda578c97e7ae51259c6f0e
=== RUN   FuzzTxfetcher/2be8c5648449ec42fea147b5a608274ac72a6fbf
=== RUN   FuzzTxfetcher/2c3f75ca88b826937d55c894305dc0f9fad28cde
=== RUN   FuzzTxfetcher/2c6a2842ab1510b8d8ef48d50d55fc721a4765af
=== RUN   FuzzTxfetcher/2c9662bf0b5e7719da9abd987428a21b2a72afd6
=== RUN   FuzzTxfetcher/2cef71bc00025cd4f0d24f72197130c4e96f5ff1
=== RUN   FuzzTxfetcher/2d597b4bd4d973da711a920f32e6bea281aa5a6a
=== RUN   FuzzTxfetcher/2e38d8029c7ad7ea47e3a6bd7c3ebc56b447985e
=== RUN   FuzzTxfetcher/2e8b201f2a2e5034e0b8513ad42eae1115e5a3f5
=== RUN   FuzzTxfetcher/2ea5559d48d80f5fdeb5576e2844c87f7516dc02
=== RUN   FuzzTxfetcher/2ecff9014e2e50bc72b923f0545b0f378a78223f
=== RUN   FuzzTxfetcher/2ed218841fff70b3e123e3f39b87fd563a534bf6
=== RUN   FuzzTxfetcher/2ef57ae367d87320ef9f452ceef56636cf6945a8
=== RUN   FuzzTxfetcher/2f6117382859bed3df90e280a2694ee6d2126d36
=== RUN   FuzzTxfetcher/2f6a720c110f50b89eba3723d3ff8d9d1c6cf2af
=== RUN   FuzzTxfetcher/2f95dc3d06d9ad7c031d9d382fc6d66c43cd73a5
=== RUN   FuzzTxfetcher/30110c64a35cdbc01ae6706b472edd6ddbd0c170
=== RUN   FuzzTxfetcher/3085642dcb373b365b074108654bd074d06ed721
=== RUN   FuzzTxfetcher/30ca206e5b26c60791a10ea92780d0eb4573acda
=== RUN   FuzzTxfetcher/30d4d9f9f26b50f96b5e0ac99ebe2a991f8ec264
=== RUN   FuzzTxfetcher/3228855954f3546ba5f84677f14ad36e2a87bc97
=== RUN   FuzzTxfetcher/328af104c461bad8d70680d0266b1e4314c93092
=== RUN   FuzzTxfetcher/344d6ffeb70053cde7ea330c82d9d1a3eb34f2bd
=== RUN   FuzzTxfetcher/34de6c37f3eaf72f066fae24f2b75dbb92293362
=== RUN   FuzzTxfetcher/3512841b3280f5e209cde5b185e6fd8a36579659
=== RUN   FuzzTxfetcher/352b7759faaae5f4b1a1dc150e1070e0d1d741ce
=== RUN   FuzzTxfetcher/3535b46e374d28f93c0eb255abd6eab5f0134f56
=== RUN   FuzzTxfetcher/3566c46827210aa9c7f8272a3d36eba34b130e48
=== RUN   FuzzTxfetcher/357be12ff0b7fcff06ce6c9e8af823b870b9c632
=== RUN   FuzzTxfetcher/358a943e7deceba02bb63720ff0aa8821cf641a2
=== RUN   FuzzTxfetcher/35a17512a8c5e3e98a980960ecf75305fd39eaf8
=== RUN   FuzzTxfetcher/35a5c0affbceb7a285d2b14ad423322842e5945c
=== RUN   FuzzTxfetcher/3610b208dd34bed7f11b15b3efd27461755963f6
=== RUN   FuzzTxfetcher/366f2823e6009a218e3488f38bacfe8998ecdbbd
=== RUN   FuzzTxfetcher/3701632fde80a4cac92ee3998b4f353a57d0a3dd
=== RUN   FuzzTxfetcher/37d6a8f3c186df22b2d6e89b45791d9fb40f4c27
=== RUN   FuzzTxfetcher/3855e252f33b1163bcbcf4c2b741236335222bcd
=== RUN   FuzzTxfetcher/389acd80f599db512c0bcaaeca2707153dbbae9e
=== RUN   FuzzTxfetcher/38d030a2f55eeb3e8d3c073765fc87bc2d239f10
=== RUN   FuzzTxfetcher/38d2474e7de881bb4ae83a84c24c9858ecb80a16
=== RUN   FuzzTxfetcher/38dbfb49498469f900f092f745210b3a1ee3169e
=== RUN   FuzzTxfetcher/39101a79ff86b6bda5195a4685ca4a24d3ddda48
=== RUN   FuzzTxfetcher/399f17287387177a3157068200c5614e0c473afe
=== RUN   FuzzTxfetcher/39d97ecb1e855df09b57e8fab34892ca8ff4d149
=== RUN   FuzzTxfetcher/3a5f8b8c532c4cafe1d1ace99aae08c6c51a4290
=== RUN   FuzzTxfetcher/3a905c181ff3188cb1c89c56f9866c93950e648e
=== RUN   FuzzTxfetcher/3af936c71875f78470f1b8e944fddc5a694b6cc1
=== RUN   FuzzTxfetcher/3b6cdbed79be658231d999ccd2692386891685d9
=== RUN   FuzzTxfetcher/3c404d0d06fa2b3e8b7e73f723841e5d8e1795ba
=== RUN   FuzzTxfetcher/3c7df769409dc8a10f47f7357e43b3f7a75a2fbb
=== RUN   FuzzTxfetcher/3c879ec318190a63011994d1fa0737fb0245b45b
=== RUN   FuzzTxfetcher/3cab0623241f6c0c85eed2c903c74eddbe5240d8
=== RUN   FuzzTxfetcher/3d0a305b84bf14f5509e9854619d1dfc3b5b9ad8
=== RUN   FuzzTxfetcher/3d3766d2570f149d60d2125a4e29769e96e66a94
=== RUN   FuzzTxfetcher/3e2859fffa4179733040a01f8869ee0da0480fd1
=== RUN   FuzzTxfetcher/3e71b68bca931cf4826a9f7d22c367bc50813054
=== RUN   FuzzTxfetcher/3ef4eb43e2e19a200e63c634e899c6c72901c4dd
=== RUN   FuzzTxfetcher/405059c7280d352f424929fb6d55785458b998e5
=== RUN   FuzzTxfetcher/40d8fe71c9abf53c16f032ef0c463b7ef077fbf0
=== RUN   FuzzTxfetcher/40de7342a242a367b6d4360069684ebbbdd8cc41
=== RUN   FuzzTxfetcher/41481c804ca9d48d4386e6fb987a00239563f652
=== RUN   FuzzTxfetcher/416f157ee22646c63ab6ac66f053a33bbcc4ec80
=== RUN   FuzzTxfetcher/41b9c1fd3d460e64574f476397426e3a540c9adb
=== RUN   FuzzTxfetcher/41fdcea94847a8a99707019c6bb08499c95ceb24
=== RUN   FuzzTxfetcher/4362e5cc48abc4c6483b7513463428ec24d545d6
=== RUN   FuzzTxfetcher/449fe247654417cae41d4fa9906d468db33127d5
=== RUN   FuzzTxfetcher/44c902babdaed9bda3208d1adfe2d62f14e72ba4
=== RUN   FuzzTxfetcher/4527e8674aff35dc08c208be8f4891f59ec62645
=== RUN   FuzzTxfetcher/45d10c68885314adc564d9cbc4116eb3153adf5c
=== RUN   FuzzTxfetcher/4603b00ab97c68cb71c3d04d8261d78553fb5097
=== RUN   FuzzTxfetcher/462a2077a3d344b007b1d6ad3fd56dd555101685
=== RUN   FuzzTxfetcher/4784652ffbc04154a2a8cd32c401c023e9f1cd11
=== RUN   FuzzTxfetcher/478e73fc7f8dbe6556f9473d3a086e4ef8b09fbf
=== RUN   FuzzTxfetcher/47cbf88eb3acb0bcc920f407e295141b54fe6987
=== RUN   FuzzTxfetcher/4881765061e98e897e67c9c5741fb548b2a8503a
=== RUN   FuzzTxfetcher/48b47329884c499e7888068c6e6d69df349ed6dd
=== RUN   FuzzTxfetcher/49324e0c4369131e8ab9b2745f610c7a29569ad2
=== RUN   FuzzTxfetcher/49426363ace466149a733474ce1ae518c44abf44
=== RUN   FuzzTxfetcher/4942e0153304751a9496cb74e1299fb3c39e30be
=== RUN   FuzzTxfetcher/49674825cc3ebbc0c623057bba16a0eb99e0123e
=== RUN   FuzzTxfetcher/49ca646938ff8c035f42983d710e13c373a7fb5f
=== RUN   FuzzTxfetcher/4a4ef42b29a51cfb414d7cbf1fb2c1649432695e
=== RUN   FuzzTxfetcher/4a7071914cd7f0284b2a5eddcdc38379ba1e92d9
=== RUN   FuzzTxfetcher/4a8ffcd7a764472b2bacda2738176b6a7d6231d6
=== RUN   FuzzTxfetcher/4afc9cdcf2f8df9d477ad9a572b315c587342d14
=== RUN   FuzzTxfetcher/4b9b655ad8a60df98136e65a13477d46d759e627
=== RUN   FuzzTxfetcher/4cbe6a6b1bb235ee15f82cb3b4d524d0fdb866a3
=== RUN   FuzzTxfetcher/4cd5b98d8f612e33429770fac77371adb2d558f9
=== RUN   FuzzTxfetcher/4d23e10bc731f4c5abf4bfcd772d1a982243ab10
=== RUN   FuzzTxfetcher/4d2dc2d3f32f2616864728dc5fd000e50be2ca09
=== RUN   FuzzTxfetcher/4d5f645867a4c80184d1951dea59ea882919d3cb
=== RUN   FuzzTxfetcher/4e1d89b1d3f264e164de20b9796784b759b8af24
=== RUN   FuzzTxfetcher/4e487775d6d42a378c72593c8bd02dc2cd12ae23
=== RUN   FuzzTxfetcher/4e849262130a8938c7afe552527e1ee317a25289
=== RUN   FuzzTxfetcher/4f5941a252543542f986b29fb05f4e93004fa428
=== RUN   FuzzTxfetcher/4ffe51bf5ab0f5d9a52085613a8026f9f2ae7264
=== RUN   FuzzTxfetcher/507b6ce10eacfad6c596d4575d54effa8c4e71f9
=== RUN   FuzzTxfetcher/51772ce7e60503a1c25742d3aa0c8d62de6778ce
=== RUN   FuzzTxfetcher/51a2d473f5c838ef5d4e05e494f9bf1342e2e06f
=== RUN   FuzzTxfetcher/51b814237969b98c11c86c3d9b7a63be86cf91e7
=== RUN   FuzzTxfetcher/51ba671629307f6bcc41c52baea182560d755319
=== RUN   FuzzTxfetcher/51e28e4972b0cf45fdf67445bec828a06a38d817
=== RUN   FuzzTxfetcher/525c40d0706d6b689553555e80b32c3c0129706f
=== RUN   FuzzTxfetcher/525ecf0c27b987a5b1f2a4268230a1c593f32742
=== RUN   FuzzTxfetcher/538d8f6d0be20aea49b4fb922647f59056f48263
=== RUN   FuzzTxfetcher/53c45b19e69c5b23a570ccbafd7c2a32ddb8181f
=== RUN   FuzzTxfetcher/53ff3e11121f73bfda3680e969a70145ecde475e
=== RUN   FuzzTxfetcher/54445bcc4afe5159b1108db87869f35faa387c45
=== RUN   FuzzTxfetcher/5484c2d96fcbde030f786741b07fe5a0451773e4
=== RUN   FuzzTxfetcher/5560f173fc09bd4d416ab40ff45d7e2f09aa3985
=== RUN   FuzzTxfetcher/55d45be3168cdd0d12028ace82fdd33bf77aa909
=== RUN   FuzzTxfetcher/55f33b4cbe3ef40c2b3a6bd9942f0b01dae200a8
=== RUN   FuzzTxfetcher/563165bab147415ca6ea49372f510313696478ae
=== RUN   FuzzTxfetcher/5665b15a18192480a2f14e0d350700b1b228e6ad
=== RUN   FuzzTxfetcher/572f5fb0cdce372ef08e753a2ff461ac3b70fd1f
=== RUN   FuzzTxfetcher/57a1fe77bd6a95cf2e698bb78ae12f425fb8df69
=== RUN   FuzzTxfetcher/57ac166fdaa6dcb8aa18409c1aa648b586b782d3
=== RUN   FuzzTxfetcher/57ce13bbba40df25cd0d223eb4e50db3376c96e9
=== RUN   FuzzTxfetcher/587a21bd99af3a265223f3760d81e6b57e5c406a
=== RUN   FuzzTxfetcher/58f9aeb95b5104bf30559a8a5c5c44f2dcd100c4
=== RUN   FuzzTxfetcher/590e3771136b4a4f11d529efc79c05ae10d64676
=== RUN   FuzzTxfetcher/59ae3afcc40ee2118178b368ab28c621e6e9a8b1
=== RUN   FuzzTxfetcher/59c2cdad7d47f75c247dff76ae06d568f9487dd4
=== RUN   FuzzTxfetcher/59e89aa330c1aeae53b5c80cde763387640b31ec
=== RUN   FuzzTxfetcher/5a26aac3a24939b16d258867d31e8a76a75d5310
=== RUN   FuzzTxfetcher/5b75f0c9dd4b59ee23d5674541c6617cebba18b7
=== RUN   FuzzTxfetcher/5c0d1e51a8c045665e94e2968d33a9b47caf1801
=== RUN   FuzzTxfetcher/5cb242a454d0b0f5dd44482be70bdec5e7aa8d6b
=== RUN   FuzzTxfetcher/5ce771c482ff440d6513bc13b93d852d28f0e82e
=== RUN   FuzzTxfetcher/5d3c9ca0d2f650fe9a96672c1c11854947baa9f8
=== RUN   FuzzTxfetcher/5d5d21aaf9f1f800201e0ace6087961617c6d4eb
=== RUN   FuzzTxfetcher/5dbd8299a58e0155a3fe0eb6c2b329387fdd3643
=== RUN   FuzzTxfetcher/5f6713d05450a303a5499938b359f6a956d411fe
=== RUN   FuzzTxfetcher/608c31e7d98d4b1aae13da4e24056a53ac7adeee
=== RUN   FuzzTxfetcher/60f8c841616e43f49e25dbff8aa47c2960e9263e
=== RUN   FuzzTxfetcher/6332dcd0f8449bfabcda6256c3c766702b0b79bd
=== RUN   FuzzTxfetcher/6371b05d1341642a19ecbf26564b0a257cb5cba9
=== RUN   FuzzTxfetcher/637d43497f2c309d9ff63bab527da3e679617609
=== RUN   FuzzTxfetcher/63d406b80d24be5b8561f0b4857d0f88320f56be
=== RUN   FuzzTxfetcher/6441eebb2a4cb6e4e3ec546516acfe05b02b181e
=== RUN   FuzzTxfetcher/645229cb865f8d19f92d42f2195760738db21a05
=== RUN   FuzzTxfetcher/64f490f30059cd2e79113c309156b7693bd08d3c
=== RUN   FuzzTxfetcher/6511a35a3ee5349ad6faaae68cc5906bf7715eb8
=== RUN   FuzzTxfetcher/6542686601def223c13866f59aed781d24ac65b9
=== RUN   FuzzTxfetcher/65ee1ede78c0e2fee8f3147634b9192531f371c8
=== RUN   FuzzTxfetcher/661b71ae034ccc2cb6a0b411f5e11eb5b7a16f54
=== RUN   FuzzTxfetcher/677c900c0997b7cbabaa8060da78e0007a473ea0
=== RUN   FuzzTxfetcher/67cdbd5fa9fbf34c7ac3f806e9ce8cc5fa0cc7b0
=== RUN   FuzzTxfetcher/69237cf2f7267e53e9559eb10a0e575cd647b336
=== RUN   FuzzTxfetcher/698512e9c1b1596361985d24d825fac9c99fd3ac
=== RUN   FuzzTxfetcher/69fa4be58d11427966c6aecbf2e83666d864d17f
=== RUN   FuzzTxfetcher/6acc5d02b76310adbeafb19658e89f5ddaa81b27
=== RUN   FuzzTxfetcher/6ae7fcfdd125ef509158baf2b888f3714dc26ffa
=== RUN   FuzzTxfetcher/6ba0879fb53c66ad1fbfd0eabd515a2a8b1dbf58
=== RUN   FuzzTxfetcher/6c9cdad7fb695563dca2b51e74f4d34efd56ed9a
=== RUN   FuzzTxfetcher/6ccaa04c85080f430925ad1087bab2a357aee218
=== RUN   FuzzTxfetcher/6d11149cf32c592109256168649d56f80e2d07d0
=== RUN   FuzzTxfetcher/6e939e82b02b9e2b3c69c3932539a22859f8c0db
=== RUN   FuzzTxfetcher/6eeeaa0654dba0394a0d73fb40d79ec9e2f9ed58
=== RUN   FuzzTxfetcher/6fdac73fe8e46e94e85ea1820b11f79277275d48
=== RUN   FuzzTxfetcher/6ffe7ef5a80690e80ff01192ff57d3331380ada1
=== RUN   FuzzTxfetcher/70360eda96febabf8b795d0924c5eaee72494076
=== RUN   FuzzTxfetcher/7068ef3966ed06c829d9362963f0d3595eceb696
=== RUN   FuzzTxfetcher/70a03f5098d8b8a4399772d8bfae7b3995128cc3
=== RUN   FuzzTxfetcher/70b365837e718b4deb46f29a3a985f82fcf2eeb7
=== RUN   FuzzTxfetcher/71013782b96f912f99296b4d4875ed405ec310f2
=== RUN   FuzzTxfetcher/7129658553b89ab66ff12f659d7648c0fb918852
=== RUN   FuzzTxfetcher/71635ec237142d36ef769da6f95760d9dcc48e73
=== RUN   FuzzTxfetcher/7170ab0e362ce3fd812923a450fb13ab2e65b222
=== RUN   FuzzTxfetcher/7200e99bb567393759ce518cae009f25cca607ae
=== RUN   FuzzTxfetcher/722970fc8bff1c5382063c0dfd0da9241542765d
=== RUN   FuzzTxfetcher/7237c2ea41f7652db28dbe075e2a270862c56fcd
=== RUN   FuzzTxfetcher/72601cb08f962f0f7e87deaf02b6701074e266ee
=== RUN   FuzzTxfetcher/7303ecbbae787a29f5577fdea63d0af41c85f01e
=== RUN   FuzzTxfetcher/7337eebe9991945286961df2923fa55d35aa6cc0
=== RUN   FuzzTxfetcher/735ce90098efc51760a1b86c46df50d0463f1dcb
=== RUN   FuzzTxfetcher/73a3215023e2369ad26163671cdebeffbd673f58
=== RUN   FuzzTxfetcher/73a7d26e7e977c287467762593ddf4eca22d1d76
=== RUN   FuzzTxfetcher/73d287c742b85b16a70f808a7edbf34093b4f322
=== RUN   FuzzTxfetcher/752033dacb960d4480b1fcbff568f6867c3124e8
=== RUN   FuzzTxfetcher/757dad556537818e7164fabe56b1b12c6ad560a4
=== RUN   FuzzTxfetcher/760c805b9ecfa64611f4291032120040dd0c810b
=== RUN   FuzzTxfetcher/773d84fbe3b909d5fa2bfd721dd854264ef9808d
=== RUN   FuzzTxfetcher/783af61513c0c1425705b9f350d2c5d064a014fb
=== RUN   FuzzTxfetcher/7848f5642b30051c2d204ef910609e3990ead4ac
=== RUN   FuzzTxfetcher/787d2569fa599cd04103fc656db92e1f3fc5125d
=== RUN   FuzzTxfetcher/78d36ce3dba070142f771207d2ae6331dd6ddf98
=== RUN   FuzzTxfetcher/7a75cb4b9b780360639061e1760ef4c3b610f2e9
=== RUN   FuzzTxfetcher/7b8f28bde77a89952d17bdedee2cb0890c10bcc5
=== RUN   FuzzTxfetcher/7bf83ee1084e3fee65d542db6f1de212acb72188
=== RUN   FuzzTxfetcher/7c552c308f1e2a49b7c0951d584b8294c8c415be
=== RUN   FuzzTxfetcher/7d2f43880d2281fc6cfee7eb176a126c11476675
=== RUN   FuzzTxfetcher/7e79399b419b631bd960332b0f9352dd3fc174a7
=== RUN   FuzzTxfetcher/7ea2d4680bd77290b57de39a82f87f840d6479b9
=== RUN   FuzzTxfetcher/7ece11fd55a2e6fd031d6722da22754803ad3e56
=== RUN   FuzzTxfetcher/7fe7f871109588694bf36145a7a1e200ac0cb054
=== RUN   FuzzTxfetcher/7ff8518f8a6d99f11e474bf4d1b889a28dffb6f8
=== RUN   FuzzTxfetcher/8106104b977883fbf97edee9ab8a7a77f5d345b2
=== RUN   FuzzTxfetcher/819b9ae4e28f5aa1890b846cb7171f58f0416035
=== RUN   FuzzTxfetcher/82b70848b49c335281e6f5e35f48085aa3ceebbb
=== RUN   FuzzTxfetcher/82c1a20680ce3eacb536d30e336c775f06e2790e
=== RUN   FuzzTxfetcher/82c82c626da171da17f8e6ce843817d5f3a1f503
=== RUN   FuzzTxfetcher/82f8aea747f6879d29fbb0bf6458e8025c12b330
=== RUN   FuzzTxfetcher/83335fff3ae6b48fe14951de7698690f5f4ab0af
=== RUN   FuzzTxfetcher/8365720ceffb5cac538f8ac124b161c5bb90a451
=== RUN   FuzzTxfetcher/83c92e4b39a161a4fc26baf43d035adeec44c357
=== RUN   FuzzTxfetcher/8487435728dbe1edad3651a5611bb37a83e007e6
=== RUN   FuzzTxfetcher/84f02fc660e26d1057dd6bdeb021fe1e804fb6eb
=== RUN   FuzzTxfetcher/85183befbb27ab7e12a3a0ed3af1e1892e1574f4
=== RUN   FuzzTxfetcher/85ad72de9f688fb446ad636da0c0c38fbd73ac3e
=== RUN   FuzzTxfetcher/8666e8f7ef7b34c4592e3d5f5edfb1aa7b045a96
=== RUN   FuzzTxfetcher/86be95f887810a1b55527f99a804b40a58a1b5d7
=== RUN   FuzzTxfetcher/8716d5f1fdfd8b66b3de5a47dee6a82573806c1f
=== RUN   FuzzTxfetcher/87554c5429bdf8753b84be8560839ec782f6450e
=== RUN   FuzzTxfetcher/87bff69b8c13d668bd4c97349e3a8db59fab2d2c
=== RUN   FuzzTxfetcher/8813036e053c82fea7776c80215c9dd03f824b6f
=== RUN   FuzzTxfetcher/88853c50dc0e5fb2ae42b283c2b868071b81d483
=== RUN   FuzzTxfetcher/88955656de1dcc36a97c0ddad92197b171609b29
=== RUN   FuzzTxfetcher/8898b263ccb5f6a8f2692059214f8102610f42b1
=== RUN   FuzzTxfetcher/89959eb9ab15c55165b154a4095c25014ae61723
=== RUN   FuzzTxfetcher/89fa99730e12410e1e096b90f72553fdaa86e26e
=== RUN   FuzzTxfetcher/8a0287e92afd03a3ab5d1631df3bb9b2a056287f
=== RUN   FuzzTxfetcher/8a674d4ebccec8131bbabef6a8c46aadc402e18b
=== RUN   FuzzTxfetcher/8b7a653b0e560f888e9e50fdbe42bd5c6e04197a
=== RUN   FuzzTxfetcher/8bae917692cb387fbfd28f1aa8f17af5308af773
=== RUN   FuzzTxfetcher/8c3431a27868158c18b689904d001d3f2f9ad0a2
=== RUN   FuzzTxfetcher/8c384d2ac9f8efb051dfb2d9592832a4abd75cb3
=== RUN   FuzzTxfetcher/8cf6913a078885806d53144c7b673fd3e6e90405
=== RUN   FuzzTxfetcher/8d56a50c0ca22936eab3d39eb3092b6ed54524c1
=== RUN   FuzzTxfetcher/8da7b028f93c269f41159f03496ff1c0a9283f66
=== RUN   FuzzTxfetcher/8dc4167a7f5691ab00aa70365c849cae3fe36aaa
=== RUN   FuzzTxfetcher/8e7f03cc03dddefe91ad3a50d1bd5268dda0a41b
=== RUN   FuzzTxfetcher/8f33d9325f17ae066108b9c46dc804055d314cf5
=== RUN   FuzzTxfetcher/900971b061c37d51f9d2b180ce79f8a8688a819d
=== RUN   FuzzTxfetcher/9069ca78e7450a285173431b3e52c5c25299e473
=== RUN   FuzzTxfetcher/916344b1b63aa1c93283e2415983de684779aeb6
=== RUN   FuzzTxfetcher/91b2847e1657280e0d7791b80fc59fcff8b6b68a
=== RUN   FuzzTxfetcher/9238ac85cc3ab21ef5a32f12aef420f78c3df7f9
=== RUN   FuzzTxfetcher/9265ea6d03972e171c5e7ec5e057758dd77298fb
=== RUN   FuzzTxfetcher/93c78f8daf683dc9cf7ad0fd6eb4701ba99becdd
=== RUN   FuzzTxfetcher/9447c2b06990091b8d29b0fbf80dfa57b740ce32
=== RUN   FuzzTxfetcher/946bd9c4c2510c9f45b656c2bb438d708577b0db
=== RUN   FuzzTxfetcher/94a2c573aeb96ff1681eecb1418bb9256f8c4d80
=== RUN   FuzzTxfetcher/94ce27bc14b1b2c63375d9a4a6b2ec567e413a75
=== RUN   FuzzTxfetcher/951548053b49fc4e09ec4dcf5bbb6433e692d0d3
=== RUN   FuzzTxfetcher/9582cecf4317add981611938dacee8f11d47e99a
=== RUN   FuzzTxfetcher/963df1c95d119c53f0bb152d891bf34a9c5103ac
=== RUN   FuzzTxfetcher/96bf98ee6493eab1d2c10cddcbb9c34bd131a402
=== RUN   FuzzTxfetcher/96f3676701784451c5ea6c06e2dd5973caac35f2
=== RUN   FuzzTxfetcher/96fd888c26d59e93d3c531ac15894f73bd05da18
=== RUN   FuzzTxfetcher/976ac55b84e922bac5fe802fa124a955ee378ffc
=== RUN   FuzzTxfetcher/9802151d21b989fe06ab9faae5034ae43cce3218
=== RUN   FuzzTxfetcher/98a240f7170b9be3e7cf79c20c6bb14c510fa59d
=== RUN   FuzzTxfetcher/98cc01bc0077020ae63b578d987a6902f8533c80
=== RUN   FuzzTxfetcher/99dffbfae889c9023c36a6552816b38cf0f7c769
=== RUN   FuzzTxfetcher/99fc89939eb66ac31787896d73af72499f208543
=== RUN   FuzzTxfetcher/9a5a6452a9464ae8d44b4a0f4adc163480ac4694
=== RUN   FuzzTxfetcher/9ab1bf959fcfa0efa8357cc04b6cf45ccfaada05
=== RUN   FuzzTxfetcher/9b024aea65df66f87d8e21a669b80676107325f0
=== RUN   FuzzTxfetcher/9b4e354498b80fc8c1b4d890e2b62393a2abe621
=== RUN   FuzzTxfetcher/9cbec63d6bd573b8bad833de0c203f17ff8dc47a
=== RUN   FuzzTxfetcher/9d02e17dcf95ff126f630a13abeeb8dbee3e27af
=== RUN   FuzzTxfetcher/9d5f06a82757e7b341fadc13bb359ba639f83df7
=== RUN   FuzzTxfetcher/9d5f3f02b8dd448ca5f1ad38fb5e2832ad3c4072
=== RUN   FuzzTxfetcher/9e09b77e15866d563df57609e2db435fbb4fc0f8
=== RUN   FuzzTxfetcher/9e2ecff47cd45afdd2ba0905cf0ba1b7786cfd82
=== RUN   FuzzTxfetcher/9f170b15262877706f41c77c09cea701a1db0c6a
=== RUN   FuzzTxfetcher/a09f55af3e82c4778ca69cac14df8361c6a1e51e
=== RUN   FuzzTxfetcher/a11920a5e9cb0c4683fbbf1c9293a64936debae9
=== RUN   FuzzTxfetcher/a128d81d67007d648ab86d54e5cbc92ff2dd4af8
=== RUN   FuzzTxfetcher/a13b5bf068d32ec9563f507ad050b5fbde073fd7
=== RUN   FuzzTxfetcher/a1f97b4d2f462bdb7796492b11e20b526f9246ac
=== RUN   FuzzTxfetcher/a2892c4090fb31345247cd854ede0aec10ffc60e
=== RUN   FuzzTxfetcher/a3ff6066906edae8c5f079e836a478fc67fb9428
=== RUN   FuzzTxfetcher/a439cbdaaee6bfc112cb130a650834999553d9e1
=== RUN   FuzzTxfetcher/a4d2c34e9fe3615484abc22aaba916f628417b87
=== RUN   FuzzTxfetcher/a4fd80441058e33607f1156dd35d965daedbe723
=== RUN   FuzzTxfetcher/a61a43cb8307ebb89b93da99448e1a5d07ad50f5
=== RUN   FuzzTxfetcher/a7aca0d8eaec7875114f8168c0de9c976ba89324
=== RUN   FuzzTxfetcher/a7aff6ff8905c11580ed18d8d9ab80181b5fe7eb
=== RUN   FuzzTxfetcher/a88134c44807b6b0babd6342010ed6f5f6d07dd6
=== RUN   FuzzTxfetcher/a8afa0b99935859342cb31a653416988acdd20be
=== RUN   FuzzTxfetcher/a8e7145ecd42d538885fb30dfe55252297c14155
=== RUN   FuzzTxfetcher/a94d3df2e50e8809c8a59b57fb799f5028ae3213
=== RUN   FuzzTxfetcher/a9a78bc21b5ba00be523453c8772fe0fab7bfad3
=== RUN   FuzzTxfetcher/aa3b81824e18fe51b89fade9594fff9282e1b5eb
=== RUN   FuzzTxfetcher/ab7d48c5667b8f0ed6e23f7ea05eed97b3f22fd2
=== RUN   FuzzTxfetcher/ac3e8705e3ef9671db7ef7a1f3b3e1da884d5dea
=== RUN   FuzzTxfetcher/ac437165cff9f6730af0e0d42c0ea4d722a72c19
=== RUN   FuzzTxfetcher/ac6042e16a97f2a4ccc764a219406c1ab8baac84
=== RUN   FuzzTxfetcher/ac666884803f0803be03b9095248cf4be44f08af
=== RUN   FuzzTxfetcher/ac855988137fc49ea35ef3b0b38e31998797670c
=== RUN   FuzzTxfetcher/acca1992b1a0a8fdb6222d10bc25ecce0341b287
=== RUN   FuzzTxfetcher/accf27bb71e6611e1f769569c34068fc82f4916c
=== RUN   FuzzTxfetcher/ad2b9775618dd9611fc73722498ce65d7d09107d
=== RUN   FuzzTxfetcher/ada289c67dbb9039f37f4ab825f46b8c1eedf245
=== RUN   FuzzTxfetcher/ae092a1cbf9b644264fc4d8a5e95d54517f9687c
=== RUN   FuzzTxfetcher/ae0e40fb9fb893564f61759d2a119ce5ca36e13c
=== RUN   FuzzTxfetcher/ae3eaa1ed06307c15197937dce64ba7f3d02d687
=== RUN   FuzzTxfetcher/aeb0c4c4cf37ebd0e1da09beafd3eb39da84bed2
=== RUN   FuzzTxfetcher/aeb23329801f77964603db4cf2ac89c14c892c81
=== RUN   FuzzTxfetcher/af2640085ae74519839daa59d123c2090f54348e
=== RUN   FuzzTxfetcher/af3d5caa3d455741d934e5a81c8aa92d18456083
=== RUN   FuzzTxfetcher/aff13209d72cdad7fa4cfe6420fb9cc4a53b64d0
=== RUN   FuzzTxfetcher/b0a16467170616031d4d6204ac45f37dc3fc13ec
=== RUN   FuzzTxfetcher/b0b8b8e21e03bed95177fd576e801feb96548aa6
=== RUN   FuzzTxfetcher/b0e95c87dc3e5943e51300ddee936a4518b9831c
=== RUN   FuzzTxfetcher/b1058681fc91e70192275b435ff8e287b8c51529
=== RUN   FuzzTxfetcher/b21a3fde9d2939812843f20a8cb5f8d08cd992e8
=== RUN   FuzzTxfetcher/b25ab10ef3ac81acc9cc1570b5ad8eef0fb8b955
=== RUN   FuzzTxfetcher/b2955dff2346ca879e68ef314f2a8868e88b4e87
=== RUN   FuzzTxfetcher/b2f3f3918ac45152c2e1b2eb2445b21bf1b3b7f7
=== RUN   FuzzTxfetcher/b3083678e3d846cfe47e0233537218a8aab86b69
=== RUN   FuzzTxfetcher/b33fd2e42878bc06a9b450f8eeef958021dccca9
=== RUN   FuzzTxfetcher/b37c476f47d2426ac9cf186954a4099c98a40b9c
=== RUN   FuzzTxfetcher/b49a8ae3c4e62c9d274aece25bb9a7542679dd26
=== RUN   FuzzTxfetcher/b5276edaae6f1033108a07551087939d0dddef1a
=== RUN   FuzzTxfetcher/b52f4784d419bb9d259b8f164bb3801bbb7e562a
=== RUN   FuzzTxfetcher/b54b4719e232933f1d12faf3ab12fe00565dd304
=== RUN   FuzzTxfetcher/b58dee593b2c49eceee956316b0e1c38f7d686f0
=== RUN   FuzzTxfetcher/b5a0314c7ebfa1982a3e01e20cf38f5a0a69da83
=== RUN   FuzzTxfetcher/b69b17c269a1130346ac2f90ecbd719478e90dda
=== RUN   FuzzTxfetcher/b705fb5a66ba02b65d49e874ffae67e0227401b7
=== RUN   FuzzTxfetcher/b744edaab5a7d21fab259d4b049aae2924413a36
=== RUN   FuzzTxfetcher/b780dbf0d29e48ce3487c9d83387961262f88d4a
=== RUN   FuzzTxfetcher/b7d23e9a29cc5bec99b2dbb124f0cb7acec244bf
=== RUN   FuzzTxfetcher/b895b4cca9c91a971d21a96c5f4a43e416a80f50
=== RUN   FuzzTxfetcher/b8a20f9e3e374cb13cbf0d4d9af61c46f3a561b3
=== RUN   FuzzTxfetcher/b8cf022db3aa508fde4fab18133d4a36c0e2e183
=== RUN   FuzzTxfetcher/b8d935898960b0a931704ed2679062957d9dab61
=== RUN   FuzzTxfetcher/b9110e90153dac52b02d801885e70d3d26502d2f
=== RUN   FuzzTxfetcher/b97d0b18421f79a060c1b960ae5ebf937aa84a5c
=== RUN   FuzzTxfetcher/b9fb092a1fce7937e984f7cead4706c3f370cf79
=== RUN   FuzzTxfetcher/ba1acbab1893fb3b5e1297d8313a94982c6f95ea
=== RUN   FuzzTxfetcher/ba501112f82c33f3edf98b1589632c548cc57890
=== RUN   FuzzTxfetcher/ba70ef6ff22828b53fb804b9192638ea11e97247
=== RUN   FuzzTxfetcher/bb198881c6b7355f9b504683ac1d3b9af6e00948
=== RUN   FuzzTxfetcher/bb589d0621e5472f470fa3425a234c74b1e202e8
=== RUN   FuzzTxfetcher/bd6a678164b905af09694187bfe386a06c83ea4a
=== RUN   FuzzTxfetcher/bdb0f86a10266e28ebd254e4dc0a8080fc23b277
=== RUN   FuzzTxfetcher/bfd9f24beadefd121ee078851c35f8f717e02c45
=== RUN   FuzzTxfetcher/c06d573c8e2608cfc87e4e9e43f6bc190ecbf534
=== RUN   FuzzTxfetcher/c1410e430c42ff862f078da1da0f326c1460fbaa
=== RUN   FuzzTxfetcher/c1d777d3b6772ebb300c439558e164a7c43c4c64
=== RUN   FuzzTxfetcher/c2768a92919dc785b594e3164beee6bc1dc1eda1
=== RUN   FuzzTxfetcher/c442b5bf6c51e67af6e09447e21190dfd8ee2a5e
=== RUN   FuzzTxfetcher/c4b72b739bb47060ef45c6a6166b6c22236eec13
=== RUN   FuzzTxfetcher/c5052bc216c9d58adc8f71015315fbc9198022ae
=== RUN   FuzzTxfetcher/c597b3927c9c939ae56c563cc05588616e29c147
=== RUN   FuzzTxfetcher/c5b8bed1473a3f5bcf835055700fc09378b48fed
=== RUN   FuzzTxfetcher/c5f09bab79f29bef1dded0963a577e2d2bbbdee3
=== RUN   FuzzTxfetcher/c684c45f5618e0c1d24a7ec02396c2a00809a90a
=== RUN   FuzzTxfetcher/c779af71301111c27c4244fb5dba5935eeee8cca
=== RUN   FuzzTxfetcher/c7d508cb2d942e8006cdc6db6a617c6b1cf41b61
=== RUN   FuzzTxfetcher/c87610df6cf33ed51e9855077f460ba8fa29f055
=== RUN   FuzzTxfetcher/c925b8aeec269356a229f616c4e8802e8d523bf7
=== RUN   FuzzTxfetcher/c9e8907f211f1588f7e7f186b397dd0d4377d4e8
=== RUN   FuzzTxfetcher/ca00c8dfb5335fe1d36dca37f84cfc4621711622
=== RUN   FuzzTxfetcher/ca51dddd86810f0eaccf9aa7cc8e21be8d6abd74
=== RUN   FuzzTxfetcher/cb325a425b29badf713d9ed4d4a4203d62a55fb8
=== RUN   FuzzTxfetcher/cc89b8fe701da7f97215fe77653a264fcb2eceeb
=== RUN   FuzzTxfetcher/cc8f4193603a3158d39c5582a389929dc464c47f
=== RUN   FuzzTxfetcher/ccd3128d77b7975de90c6150bf0e6ed389ebd1ba
=== RUN   FuzzTxfetcher/cd8ffb6ff63cdcbbc550136c0880e430acdaa35a
=== RUN   FuzzTxfetcher/cdfe52d9e158ae936cd9790a9892a95fdab4b0db
=== RUN   FuzzTxfetcher/ce3939c92fc3674ce8b7221d6c6364d817deba87
=== RUN   FuzzTxfetcher/cf14ded6dc3907de80f3685085e79c9b055902a3
=== RUN   FuzzTxfetcher/d072696bd3de3066d2788950a33ccbda0d7871ef
=== RUN   FuzzTxfetcher/d07530217b3cbac1b7cac94e2051e4a6b72f532d
=== RUN   FuzzTxfetcher/d0c4dc1f4f76a3760521494b2cc30e19383e5d45
=== RUN   FuzzTxfetcher/d0fbef41277dba76bd969f7fe2e626ab4dcd3224
=== RUN   FuzzTxfetcher/d127c25a161d1262540484caa94f3c942c31fa8a
=== RUN   FuzzTxfetcher/d137b83fa5820b96cb7b0592b0ec85d87e770976
=== RUN   FuzzTxfetcher/d156a485058273bcd3c070db8c716dc496baf57c
=== RUN   FuzzTxfetcher/d1d71303d78b7da4b4ced2b81eb2b00c74b84c62
=== RUN   FuzzTxfetcher/d257ba0bc2baeb158b7200571bf9b322b8f3d975
=== RUN   FuzzTxfetcher/d342c7992046ee09ae495e9ebd70cd1f38eaadec
=== RUN   FuzzTxfetcher/d3528c35b7016486bbf80e4aae1d65d947476aa9
=== RUN   FuzzTxfetcher/d35afb2591c590b7f5404ec74557ac4f532ca0a3
=== RUN   FuzzTxfetcher/d463a72ffc8c1f98a8f7b40f07177dcc4c85c098
=== RUN   FuzzTxfetcher/d4ce70d2af5e92185be1dfbb4967d59c9f4494c6
=== RUN   FuzzTxfetcher/d52b01608753bd0e8f127e7883b245ce2ced2155
=== RUN   FuzzTxfetcher/d5665b7e89dd1e5382e25da7e1676c45e1ff08c5
=== RUN   FuzzTxfetcher/d57010ae729e0e417e9e68de5e282427056c828c
=== RUN   FuzzTxfetcher/d59e49693d9033f93ba3ad0e6054e410af40cf9c
=== RUN   FuzzTxfetcher/d5c12dcbd9170b9e68be04c5b6deaa37a9f4fe2b
=== RUN   FuzzTxfetcher/d5e8990528617a50d9585aea639b0fffaebf7b41
=== RUN   FuzzTxfetcher/d6168ed097f0dc20f5fdedf1a05661a363ae8506
=== RUN   FuzzTxfetcher/d6ba8cdf6686c3da8c8d1dd25da3a7f56bb9c70e
=== RUN   FuzzTxfetcher/d6ce339d3c1b99dc9a067018446d149d5c820bbb
=== RUN   FuzzTxfetcher/d7989fae8d491ebe7d2f5e1ffd56d804a42305c3
=== RUN   FuzzTxfetcher/d7e6ec9116c41cf46331e498b2d3169bfee36cb6
=== RUN   FuzzTxfetcher/d80dcf600c358ae1c42655bea53af5386a159df5
=== RUN   FuzzTxfetcher/d88761826c6a4fc1180f07a49d1d9cbcf562753d
=== RUN   FuzzTxfetcher/d8d05de1bc496aefea7ad5eae75a80db088b3233
=== RUN   FuzzTxfetcher/d8eccc72cbad88a684ae8d8ba002bb034a360bce
=== RUN   FuzzTxfetcher/da9cee7f3ae7be331c43284b306c0a179d6e24d8
=== RUN   FuzzTxfetcher/db2313e08f0f0e08b0bcba7f1763ea207e402599
=== RUN   FuzzTxfetcher/dbba8295811a57297266673220fcf77a1045adea
=== RUN   FuzzTxfetcher/dbd6cf4e3c92f94769eaa8e42890e7cb658503fe
=== RUN   FuzzTxfetcher/dbed6b3a0e6c3ff78ab517142e98b8e9ba0376c1
=== RUN   FuzzTxfetcher/dc6d3fde7e9f8437d6eb1c6b00e09c3446887f54
=== RUN   FuzzTxfetcher/dced015693cab68292e7ad982cd63cf23979ef38
=== RUN   FuzzTxfetcher/dd8e5c2c56815867b76146349e927fdb3f4ba63b
=== RUN   FuzzTxfetcher/ddbf99e035070524bb1226d6a9fe68bcd044c625
=== RUN   FuzzTxfetcher/de4f8d33b7c9ff3561c538ad4e856b78ac4837b7
=== RUN   FuzzTxfetcher/de6728cb36a816aa56c54eacd9501450b0e158ba
=== RUN   FuzzTxfetcher/de6b38c5758f77220af80c2687d66737e55aa0c6
=== RUN   FuzzTxfetcher/df0fcb717b598af8a8f40ca96694641a5c3f023b
=== RUN   FuzzTxfetcher/df2273872ce937d2f79f82987f46ce7f03157cca
=== RUN   FuzzTxfetcher/dff0baddbd12d4927b9fe8b1edb81c77d8a1a190
=== RUN   FuzzTxfetcher/e061e87cbd30fb8d4aa92a67926b9b33b3d78ed4
=== RUN   FuzzTxfetcher/e0b794447ef156db18aad388955adba5600d8bfe
=== RUN   FuzzTxfetcher/e2283d894610f6b263a4b57b2aee5434fcece3d2
=== RUN   FuzzTxfetcher/e25e50cc61e668f9fa40f4aadd7d05c9346025e4
=== RUN   FuzzTxfetcher/e398dc6ab167ead9484fd3cf3eff6701563cfddd
=== RUN   FuzzTxfetcher/e3b79144b4d83a17682ae63aec70f5f49863b259
=== RUN   FuzzTxfetcher/e4083e48e25b9a2054f12eb54abd579d15d5a200
=== RUN   FuzzTxfetcher/e4c5c41c274ebe9438dc8f3bf0a0670ed53ff3db
=== RUN   FuzzTxfetcher/e4d10703c09a00580c6d829222e8cb83132efdfc
=== RUN   FuzzTxfetcher/e527a2a88ac3ebb8cade2ce8a210452b45cca4f0
=== RUN   FuzzTxfetcher/e565137658ce7c7a7d55a2a002c5e331c4ec2ab9
=== RUN   FuzzTxfetcher/e60d8dda6ee9fd3648564c2cc7aaa4086f2a3727
=== RUN   FuzzTxfetcher/e6f1e863a822c6dc219bf54ed85a7c1db80332d0
=== RUN   FuzzTxfetcher/e75a84eba8d3bb82d8754beb8f589bed8495c43a
=== RUN   FuzzTxfetcher/e8f279ee7e5911ca8f6324b510d92e17dbf3ee01
=== RUN   FuzzTxfetcher/e919bf9285d1e8d581df0d4ca6a5660a6d7e0bb9
=== RUN   FuzzTxfetcher/e94cfb336f060119de548dd5dbbc775a95a39f61
=== RUN   FuzzTxfetcher/e952297e0863cabd21b8ed45c793316ad3e556bd
=== RUN   FuzzTxfetcher/eb6d54b548e2c78a902439bd5ee0b2b59276211d
=== RUN   FuzzTxfetcher/eb72197dbce987c81dde8b694cd52a9a1881804d
=== RUN   FuzzTxfetcher/ec1e608717f8382b7c09e945118c46a6497c589a
=== RUN   FuzzTxfetcher/ec3e10d63b222bcfd8d520e1ee71c389355dbabc
=== RUN   FuzzTxfetcher/ecc8a5a3dbcc99c9ba8abfeb2c0cc3acd90658fc
=== RUN   FuzzTxfetcher/ed212061c7f4cccb796280eb622a1d227c5e0cd8
=== RUN   FuzzTxfetcher/ed7b99eecc485e01c14fae9fc857e36d21c373ee
=== RUN   FuzzTxfetcher/ed8496415590bc8b1106f8bba6b59581cbed3503
=== RUN   FuzzTxfetcher/ed875f0da915f98bc628ff7ed6f3430cf89c80f3
=== RUN   FuzzTxfetcher/ede16181148f8b346d50cf317412784ced164ffe
=== RUN   FuzzTxfetcher/ee89d3dab6fcf20d1c4daf8c9e0a0e5887b850fa
=== RUN   FuzzTxfetcher/eec552c062d7b7d9efad72085d9b3c5039cea17d
=== RUN   FuzzTxfetcher/ef09e6f65ef139432213fc477618c8faf73ae12c
=== RUN   FuzzTxfetcher/ef7a37ceddd08e81b27c88c6b521689d1e2b1931
=== RUN   FuzzTxfetcher/ef7c1e7e75156527dbd3e12f9668ecc517285d54
=== RUN   FuzzTxfetcher/ef9248c22b538fdacef2ac9abac6be6ba47b41a0
=== RUN   FuzzTxfetcher/efe43def97eb295fe99c3753f2d740d7b36df689
=== RUN   FuzzTxfetcher/f03fff03d6668faf67d8f20fda1d60eab10f8659
=== RUN   FuzzTxfetcher/f09d65d9e7854efaf17b2726652de680352a1bc4
=== RUN   FuzzTxfetcher/f1fbd6e90e4a36a1054fd053643fb381fe1fe7f4
=== RUN   FuzzTxfetcher/f2788921db0ea58b89f6397a1fd3c6ead84aef2a
=== RUN   FuzzTxfetcher/f2e115070e69176c7689facbb36573cda71ee4df
=== RUN   FuzzTxfetcher/f383f475548a6e949e23a78516b4e151da43fa7e
=== RUN   FuzzTxfetcher/f405332db5955d43e18c6a3995c26becd88dc24e
=== RUN   FuzzTxfetcher/f42b752f4321420b16b552fde109c9be9facf29f
=== RUN   FuzzTxfetcher/f49dcf1670ba5216a226f9b3b631b8058087d2e8
=== RUN   FuzzTxfetcher/f5292de43bf9770c442a97fd64c3f335ea1b1b9f
=== RUN   FuzzTxfetcher/f6c6c9ac691f789b6601505ce0936b06773dcd77
=== RUN   FuzzTxfetcher/f6f689e49d6276cbe1028284a529a568f322a699
=== RUN   FuzzTxfetcher/f7e47e799ff04e296768de846b34b4c772dd207f
=== RUN   FuzzTxfetcher/f83956d92c0b427281614f1fd773307ddcedc71f
=== RUN   FuzzTxfetcher/f88e8eb286a45385ca5c8c162cb789a1ccd3e86c
=== RUN   FuzzTxfetcher/f92939d85c1a365c976b8d5113979a93b633243c
=== RUN   FuzzTxfetcher/f97b01de7199da2b7af9048845afaaaa253a4dcb
=== RUN   FuzzTxfetcher/fa0a8026686be1c879ba8076e629ba463a50aee1
=== RUN   FuzzTxfetcher/fa3246434b227a4c1a4e2a81d1f60bbd4d316170
=== RUN   FuzzTxfetcher/fbf938489f82914083b8007dba2bd02119be2f70
=== RUN   FuzzTxfetcher/fc74d9ab921b293ab4a86c209e72fb8cfc8d357b
=== RUN   FuzzTxfetcher/fc7f3785ab923d7732922e4f266a917bfdffb17e
=== RUN   FuzzTxfetcher/fd3b9dac72826feb8f588859b6a8e10dcfdb2763
=== RUN   FuzzTxfetcher/fd57fec4ae53d38c7ff4b0e8db608737c38bde73
=== RUN   FuzzTxfetcher/fd8e31a68a044dc6e6e2cc39dc65d7e8f74a368e
=== RUN   FuzzTxfetcher/fdf741ec9be9bf75a1d51833188ec0a432888db2
=== RUN   FuzzTxfetcher/fe79e18b088165270c5b67d143ce52c51189e0d2
=== RUN   FuzzTxfetcher/ff430f828ced68ddfedfba87358a8f1dc34578f6
=== RUN   FuzzTxfetcher/ffd748bd1d1455f038a0b13077a1837eba5c5ac4
=== RUN   FuzzTxfetcher/fff9bd575875e45ebcf8d255e1287bb62e4768cf
--- PASS: FuzzTxfetcher (0.14s)
    --- PASS: FuzzTxfetcher/0034367d40bc4c58811fef63468924239b6db900 (0.00s)
    --- PASS: FuzzTxfetcher/00730e5969a6cd191907584f746c0bbe88774e25 (0.00s)
    --- PASS: FuzzTxfetcher/0077a7ef76b7e4808b511d6485de91f05da7ecc7 (0.00s)
    --- PASS: FuzzTxfetcher/016022a606f81522acff0495755c9a87b5c719cb (0.00s)
    --- PASS: FuzzTxfetcher/0217e7073d17c2786ceb2718fdab2ea6f9449a4b (0.00s)
    --- PASS: FuzzTxfetcher/0233316e60b9ff1d366901d3af412c6b4532dfee (0.00s)
    --- PASS: FuzzTxfetcher/026afd806803d7c323863cd9cc6bfd9202dd3841 (0.00s)
    --- PASS: FuzzTxfetcher/029fd3ad7961829f6da020c8bfe7c596cc4b82de (0.00s)
    --- PASS: FuzzTxfetcher/02ae99a8506dca4eb5a032db00e51cdb985a4fff (0.00s)
    --- PASS: FuzzTxfetcher/033d3c5b8ee0104b6b3daef8612c5bfd7db8eaf0 (0.00s)
    --- PASS: FuzzTxfetcher/055a1b3848a44d2b996f7f80df0a066591963961 (0.00s)
    --- PASS: FuzzTxfetcher/059d165cd5b672b566bfafa1f4bb472be81a4a2b (0.00s)
    --- PASS: FuzzTxfetcher/05ebaf77944db93bfaa2fd8cfb1b9a07d44858b0 (0.00s)
    --- PASS: FuzzTxfetcher/05ecaf0c4ef70b652452fa94c33177a49eb5bf73 (0.00s)
    --- PASS: FuzzTxfetcher/060de5fd63166909066699b5535d64e3816d3941 (0.00s)
    --- PASS: FuzzTxfetcher/06619006a69672568594cb23319bd3bcff1c4937 (0.00s)
    --- PASS: FuzzTxfetcher/067002c3e100635b464cd27051343a336bcf6ef6 (0.00s)
    --- PASS: FuzzTxfetcher/06d74960426d3299d3db1aebdab26f94d7ca9deb (0.00s)
    --- PASS: FuzzTxfetcher/07cef6788d31e2e2ff62b2fda376453312b6d68c (0.00s)
    --- PASS: FuzzTxfetcher/08a0fdda8d4494b4207cf6c002808107b1ff7263 (0.00s)
    --- PASS: FuzzTxfetcher/08b5e192baef349fc5d7460ad8728aa7461c8b60 (0.00s)
    --- PASS: FuzzTxfetcher/08f0ae42a0a9e2dbf53d769b8b82c985b957ed2b (0.00s)
    --- PASS: FuzzTxfetcher/0a65df448bc91e900648e70614b15f320e6708d4 (0.00s)
    --- PASS: FuzzTxfetcher/0a84179f6b3a380310b58c492ffef8fa32fc1d36 (0.00s)
    --- PASS: FuzzTxfetcher/0a99afb14cffbe8ed7ff9be2f3fe87f58adb5b84 (0.00s)
    --- PASS: FuzzTxfetcher/0aa0ef5d8e86c9750ea8c4c894c18e17525d5d13 (0.00s)
    --- PASS: FuzzTxfetcher/0abdce4d0e45705ad8198e053a016767e9b9254a (0.00s)
    --- PASS: FuzzTxfetcher/0ad743f1479a078004de864cd89bec57b38e1a6f (0.00s)
    --- PASS: FuzzTxfetcher/0c46c081d0242eedfad1e6451974bfd60dba628c (0.00s)
    --- PASS: FuzzTxfetcher/0c6a984cc7d72a9b51d0307c97d332c666b27618 (0.00s)
    --- PASS: FuzzTxfetcher/0ce55f9767ca397a1173b7f10157bcd6f6cb8bd4 (0.00s)
    --- PASS: FuzzTxfetcher/0d45cca825aedacdf662aef34acfa11103a04900 (0.00s)
    --- PASS: FuzzTxfetcher/0d6c7ca97885a2906a0a88d88e7591234412b58c (0.00s)
    --- PASS: FuzzTxfetcher/0d72bb87f0bf1113203dc36086144640de3923cf (0.00s)
    --- PASS: FuzzTxfetcher/0e5e281cc91a6f95106b75bc73b4e6ffaf44739b (0.00s)
    --- PASS: FuzzTxfetcher/0e61c2e984d90b59485fe12db8748e32401d57b2 (0.00s)
    --- PASS: FuzzTxfetcher/0eb16987769ec8733519abf302916814b033e029 (0.00s)
    --- PASS: FuzzTxfetcher/0f3f9f912bcad7f524d059e81d0abfe55659c8bb (0.00s)
    --- PASS: FuzzTxfetcher/0f6821ec7d4c14d1bc4d8e59507d6b24ff4da011 (0.00s)
    --- PASS: FuzzTxfetcher/0f6f5434cfd9ed6d77a6ddd724cb4d54e08ce4fe (0.00s)
    --- PASS: FuzzTxfetcher/0fc9e31c35e59b77dc2dc4673e0a6c5e2ca00d5b (0.00s)
    --- PASS: FuzzTxfetcher/1012200d0559a0b76bd7be677d9ef44ef9b9a595 (0.00s)
    --- PASS: FuzzTxfetcher/109c89ae1195965c85442d511bdf5bdbc2b3ad40 (0.00s)
    --- PASS: FuzzTxfetcher/1123bc6b05231150303313ea118285694808e89b (0.00s)
    --- PASS: FuzzTxfetcher/12d440f9f316cd7d46f5bd746a2a6c630ae2b5ba (0.00s)
    --- PASS: FuzzTxfetcher/12d6de507b2a0f70c86050a496a104504f6fa2ba (0.00s)
    --- PASS: FuzzTxfetcher/1351369543f5e40f10b6ec09b498fb99a3fa0f64 (0.00s)
    --- PASS: FuzzTxfetcher/13fe830d719898e4fa5af4da43295941f9de971f (0.00s)
    --- PASS: FuzzTxfetcher/1471b50232ffe7f0a52d4ea887ae363d6d9f74d4 (0.00s)
    --- PASS: FuzzTxfetcher/14758194c5f11f3a0d52cc4c6c431b291711db0b (0.00s)
    --- PASS: FuzzTxfetcher/15909a9a3ee4c9b30bfa4a1eba7e2d270d4cf64f (0.00s)
    --- PASS: FuzzTxfetcher/16f41575d1563f192a4f0ebe1479144c97325bea (0.00s)
    --- PASS: FuzzTxfetcher/17c59b243d3fce6879efe17b4262feece92f8210 (0.00s)
    --- PASS: FuzzTxfetcher/1810c11239ce0fd0476da8ffc051f88157b369c2 (0.00s)
    --- PASS: FuzzTxfetcher/18b585ffd5840753ed7c8d193a0ecb26517ae0e8 (0.00s)
    --- PASS: FuzzTxfetcher/18c543cb16af4ccc68eeb8ed61ad8865dff6c325 (0.00s)
    --- PASS: FuzzTxfetcher/198a088d456b3d467a66e69db8383758b4211741 (0.00s)
    --- PASS: FuzzTxfetcher/19c83116db59c6d14029d360e506c0ee17e39003 (0.00s)
    --- PASS: FuzzTxfetcher/1aa91abad05ecafd76e09df7ac09af8bcae8a546 (0.00s)
    --- PASS: FuzzTxfetcher/1b254ff227ff26f87035ae269be923ca463263f5 (0.00s)
    --- PASS: FuzzTxfetcher/1b3c02e7037c33eb4f771c80eefe28c19bf34526 (0.00s)
    --- PASS: FuzzTxfetcher/1bfeedd820f8563ca83501f355ac141518315412 (0.00s)
    --- PASS: FuzzTxfetcher/1c1c060d2c40506c450ed1584b44d411d7c88f8c (0.00s)
    --- PASS: FuzzTxfetcher/1c6f8170f824b12c54b8d8d86e6efa6d79c0f605 (0.00s)
    --- PASS: FuzzTxfetcher/1d64518aad5dec07b41ee59574a2b35b9167aee1 (0.00s)
    --- PASS: FuzzTxfetcher/1e6037967eda9e5a81b38b8b77d64913ffd35d95 (0.00s)
    --- PASS: FuzzTxfetcher/1e891badb1c020d78fe530786acdb95aaba7dd44 (0.00s)
    --- PASS: FuzzTxfetcher/1f94ee84af0bfd4f852dce5218f1453895bd19bf (0.00s)
    --- PASS: FuzzTxfetcher/1fc2daa70dee5dc71cff0d2202325aa45160263c (0.00s)
    --- PASS: FuzzTxfetcher/21012cc071246469bef789c86b14d41ae8289a48 (0.00s)
    --- PASS: FuzzTxfetcher/21a0477e6cec3649f5441118c6b5f20a3384dbda (0.00s)
    --- PASS: FuzzTxfetcher/21b28c184349dad03122f63638f472619e9336dc (0.00s)
    --- PASS: FuzzTxfetcher/222d5c0e6b31504d2e790bf9f3fcb73111875446 (0.00s)
    --- PASS: FuzzTxfetcher/22990c7a59d03aa59b08a58121d6e8bc641e29e9 (0.00s)
    --- PASS: FuzzTxfetcher/22afb26202bbaa237a1a90d941126092bd0a0fa3 (0.00s)
    --- PASS: FuzzTxfetcher/232170ec0ce868c1065b2d7b21372c077b303849 (0.00s)
    --- PASS: FuzzTxfetcher/2324487e5bb7c09b680d8eb8ca56c956c3037d28 (0.00s)
    --- PASS: FuzzTxfetcher/23ae7f049deb887bb7702b95d9e2647d42b7b1eb (0.00s)
    --- PASS: FuzzTxfetcher/243908348a0b4a6d94842e31e4b14e2bc4858997 (0.00s)
    --- PASS: FuzzTxfetcher/254dbf5a5d54f7c0f59d2e7e3e8ce0fccce46529 (0.00s)
    --- PASS: FuzzTxfetcher/2573f163e96e6e61dbd763d915d5caa10965b5ed (0.00s)
    --- PASS: FuzzTxfetcher/25d749653e547aa7c16b77b2001a7da7b05187bf (0.00s)
    --- PASS: FuzzTxfetcher/25fa06bc82790ad864a377bfd811d05422011beb (0.00s)
    --- PASS: FuzzTxfetcher/26af36f99cdb8c7a11066cda1ad5476d82b43896 (0.00s)
    --- PASS: FuzzTxfetcher/2704a10213091f38f5cc295c5887cf9d8ca6b2b3 (0.00s)
    --- PASS: FuzzTxfetcher/27700d1d5d05b507834092da6675f4ba5016471a (0.00s)
    --- PASS: FuzzTxfetcher/28e42707d5ecff186934d67848341b30261edffb (0.00s)
    --- PASS: FuzzTxfetcher/29b6526d5703b8d7e36e6b5f62eb43ecb23c1772 (0.00s)
    --- PASS: FuzzTxfetcher/2aa7ddb8652c8610553a2ad40252af25c9553a3f (0.00s)
    --- PASS: FuzzTxfetcher/2b33ab21b0f2dc86e60b87a2613f5bcf5efc3285 (0.00s)
    --- PASS: FuzzTxfetcher/2b7d123d52db94c7ced7f42718585fe1b3697e9b (0.00s)
    --- PASS: FuzzTxfetcher/2ba328da1dada4366fda578c97e7ae51259c6f0e (0.00s)
    --- PASS: FuzzTxfetcher/2be8c5648449ec42fea147b5a608274ac72a6fbf (0.00s)
    --- PASS: FuzzTxfetcher/2c3f75ca88b826937d55c894305dc0f9fad28cde (0.00s)
    --- PASS: FuzzTxfetcher/2c6a2842ab1510b8d8ef48d50d55fc721a4765af (0.00s)
    --- PASS: FuzzTxfetcher/2c9662bf0b5e7719da9abd987428a21b2a72afd6 (0.00s)
    --- PASS: FuzzTxfetcher/2cef71bc00025cd4f0d24f72197130c4e96f5ff1 (0.00s)
    --- PASS: FuzzTxfetcher/2d597b4bd4d973da711a920f32e6bea281aa5a6a (0.00s)
    --- PASS: FuzzTxfetcher/2e38d8029c7ad7ea47e3a6bd7c3ebc56b447985e (0.00s)
    --- PASS: FuzzTxfetcher/2e8b201f2a2e5034e0b8513ad42eae1115e5a3f5 (0.00s)
    --- PASS: FuzzTxfetcher/2ea5559d48d80f5fdeb5576e2844c87f7516dc02 (0.00s)
    --- PASS: FuzzTxfetcher/2ecff9014e2e50bc72b923f0545b0f378a78223f (0.00s)
    --- PASS: FuzzTxfetcher/2ed218841fff70b3e123e3f39b87fd563a534bf6 (0.00s)
    --- PASS: FuzzTxfetcher/2ef57ae367d87320ef9f452ceef56636cf6945a8 (0.00s)
    --- PASS: FuzzTxfetcher/2f6117382859bed3df90e280a2694ee6d2126d36 (0.00s)
    --- PASS: FuzzTxfetcher/2f6a720c110f50b89eba3723d3ff8d9d1c6cf2af (0.00s)
    --- PASS: FuzzTxfetcher/2f95dc3d06d9ad7c031d9d382fc6d66c43cd73a5 (0.00s)
    --- PASS: FuzzTxfetcher/30110c64a35cdbc01ae6706b472edd6ddbd0c170 (0.00s)
    --- PASS: FuzzTxfetcher/3085642dcb373b365b074108654bd074d06ed721 (0.00s)
    --- PASS: FuzzTxfetcher/30ca206e5b26c60791a10ea92780d0eb4573acda (0.00s)
    --- PASS: FuzzTxfetcher/30d4d9f9f26b50f96b5e0ac99ebe2a991f8ec264 (0.00s)
    --- PASS: FuzzTxfetcher/3228855954f3546ba5f84677f14ad36e2a87bc97 (0.00s)
    --- PASS: FuzzTxfetcher/328af104c461bad8d70680d0266b1e4314c93092 (0.00s)
    --- PASS: FuzzTxfetcher/344d6ffeb70053cde7ea330c82d9d1a3eb34f2bd (0.00s)
    --- PASS: FuzzTxfetcher/34de6c37f3eaf72f066fae24f2b75dbb92293362 (0.00s)
    --- PASS: FuzzTxfetcher/3512841b3280f5e209cde5b185e6fd8a36579659 (0.00s)
    --- PASS: FuzzTxfetcher/352b7759faaae5f4b1a1dc150e1070e0d1d741ce (0.00s)
    --- PASS: FuzzTxfetcher/3535b46e374d28f93c0eb255abd6eab5f0134f56 (0.00s)
    --- PASS: FuzzTxfetcher/3566c46827210aa9c7f8272a3d36eba34b130e48 (0.00s)
    --- PASS: FuzzTxfetcher/357be12ff0b7fcff06ce6c9e8af823b870b9c632 (0.00s)
    --- PASS: FuzzTxfetcher/358a943e7deceba02bb63720ff0aa8821cf641a2 (0.00s)
    --- PASS: FuzzTxfetcher/35a17512a8c5e3e98a980960ecf75305fd39eaf8 (0.00s)
    --- PASS: FuzzTxfetcher/35a5c0affbceb7a285d2b14ad423322842e5945c (0.00s)
    --- PASS: FuzzTxfetcher/3610b208dd34bed7f11b15b3efd27461755963f6 (0.00s)
    --- PASS: FuzzTxfetcher/366f2823e6009a218e3488f38bacfe8998ecdbbd (0.00s)
    --- PASS: FuzzTxfetcher/3701632fde80a4cac92ee3998b4f353a57d0a3dd (0.00s)
    --- PASS: FuzzTxfetcher/37d6a8f3c186df22b2d6e89b45791d9fb40f4c27 (0.00s)
    --- PASS: FuzzTxfetcher/3855e252f33b1163bcbcf4c2b741236335222bcd (0.00s)
    --- PASS: FuzzTxfetcher/389acd80f599db512c0bcaaeca2707153dbbae9e (0.00s)
    --- PASS: FuzzTxfetcher/38d030a2f55eeb3e8d3c073765fc87bc2d239f10 (0.00s)
    --- PASS: FuzzTxfetcher/38d2474e7de881bb4ae83a84c24c9858ecb80a16 (0.00s)
    --- PASS: FuzzTxfetcher/38dbfb49498469f900f092f745210b3a1ee3169e (0.00s)
    --- PASS: FuzzTxfetcher/39101a79ff86b6bda5195a4685ca4a24d3ddda48 (0.00s)
    --- PASS: FuzzTxfetcher/399f17287387177a3157068200c5614e0c473afe (0.00s)
    --- PASS: FuzzTxfetcher/39d97ecb1e855df09b57e8fab34892ca8ff4d149 (0.00s)
    --- PASS: FuzzTxfetcher/3a5f8b8c532c4cafe1d1ace99aae08c6c51a4290 (0.00s)
    --- PASS: FuzzTxfetcher/3a905c181ff3188cb1c89c56f9866c93950e648e (0.00s)
    --- PASS: FuzzTxfetcher/3af936c71875f78470f1b8e944fddc5a694b6cc1 (0.00s)
    --- PASS: FuzzTxfetcher/3b6cdbed79be658231d999ccd2692386891685d9 (0.00s)
    --- PASS: FuzzTxfetcher/3c404d0d06fa2b3e8b7e73f723841e5d8e1795ba (0.00s)
    --- PASS: FuzzTxfetcher/3c7df769409dc8a10f47f7357e43b3f7a75a2fbb (0.00s)
    --- PASS: FuzzTxfetcher/3c879ec318190a63011994d1fa0737fb0245b45b (0.00s)
    --- PASS: FuzzTxfetcher/3cab0623241f6c0c85eed2c903c74eddbe5240d8 (0.00s)
    --- PASS: FuzzTxfetcher/3d0a305b84bf14f5509e9854619d1dfc3b5b9ad8 (0.00s)
    --- PASS: FuzzTxfetcher/3d3766d2570f149d60d2125a4e29769e96e66a94 (0.00s)
    --- PASS: FuzzTxfetcher/3e2859fffa4179733040a01f8869ee0da0480fd1 (0.00s)
    --- PASS: FuzzTxfetcher/3e71b68bca931cf4826a9f7d22c367bc50813054 (0.00s)
    --- PASS: FuzzTxfetcher/3ef4eb43e2e19a200e63c634e899c6c72901c4dd (0.00s)
    --- PASS: FuzzTxfetcher/405059c7280d352f424929fb6d55785458b998e5 (0.00s)
    --- PASS: FuzzTxfetcher/40d8fe71c9abf53c16f032ef0c463b7ef077fbf0 (0.00s)
    --- PASS: FuzzTxfetcher/40de7342a242a367b6d4360069684ebbbdd8cc41 (0.00s)
    --- PASS: FuzzTxfetcher/41481c804ca9d48d4386e6fb987a00239563f652 (0.00s)
    --- PASS: FuzzTxfetcher/416f157ee22646c63ab6ac66f053a33bbcc4ec80 (0.00s)
    --- PASS: FuzzTxfetcher/41b9c1fd3d460e64574f476397426e3a540c9adb (0.00s)
    --- PASS: FuzzTxfetcher/41fdcea94847a8a99707019c6bb08499c95ceb24 (0.00s)
    --- PASS: FuzzTxfetcher/4362e5cc48abc4c6483b7513463428ec24d545d6 (0.00s)
    --- PASS: FuzzTxfetcher/449fe247654417cae41d4fa9906d468db33127d5 (0.00s)
    --- PASS: FuzzTxfetcher/44c902babdaed9bda3208d1adfe2d62f14e72ba4 (0.00s)
    --- PASS: FuzzTxfetcher/4527e8674aff35dc08c208be8f4891f59ec62645 (0.00s)
    --- PASS: FuzzTxfetcher/45d10c68885314adc564d9cbc4116eb3153adf5c (0.00s)
    --- PASS: FuzzTxfetcher/4603b00ab97c68cb71c3d04d8261d78553fb5097 (0.00s)
    --- PASS: FuzzTxfetcher/462a2077a3d344b007b1d6ad3fd56dd555101685 (0.00s)
    --- PASS: FuzzTxfetcher/4784652ffbc04154a2a8cd32c401c023e9f1cd11 (0.00s)
    --- PASS: FuzzTxfetcher/478e73fc7f8dbe6556f9473d3a086e4ef8b09fbf (0.00s)
    --- PASS: FuzzTxfetcher/47cbf88eb3acb0bcc920f407e295141b54fe6987 (0.00s)
    --- PASS: FuzzTxfetcher/4881765061e98e897e67c9c5741fb548b2a8503a (0.00s)
    --- PASS: FuzzTxfetcher/48b47329884c499e7888068c6e6d69df349ed6dd (0.00s)
    --- PASS: FuzzTxfetcher/49324e0c4369131e8ab9b2745f610c7a29569ad2 (0.00s)
    --- PASS: FuzzTxfetcher/49426363ace466149a733474ce1ae518c44abf44 (0.00s)
    --- PASS: FuzzTxfetcher/4942e0153304751a9496cb74e1299fb3c39e30be (0.00s)
    --- PASS: FuzzTxfetcher/49674825cc3ebbc0c623057bba16a0eb99e0123e (0.00s)
    --- PASS: FuzzTxfetcher/49ca646938ff8c035f42983d710e13c373a7fb5f (0.00s)
    --- PASS: FuzzTxfetcher/4a4ef42b29a51cfb414d7cbf1fb2c1649432695e (0.00s)
    --- PASS: FuzzTxfetcher/4a7071914cd7f0284b2a5eddcdc38379ba1e92d9 (0.00s)
    --- PASS: FuzzTxfetcher/4a8ffcd7a764472b2bacda2738176b6a7d6231d6 (0.00s)
    --- PASS: FuzzTxfetcher/4afc9cdcf2f8df9d477ad9a572b315c587342d14 (0.00s)
    --- PASS: FuzzTxfetcher/4b9b655ad8a60df98136e65a13477d46d759e627 (0.00s)
    --- PASS: FuzzTxfetcher/4cbe6a6b1bb235ee15f82cb3b4d524d0fdb866a3 (0.00s)
    --- PASS: FuzzTxfetcher/4cd5b98d8f612e33429770fac77371adb2d558f9 (0.00s)
    --- PASS: FuzzTxfetcher/4d23e10bc731f4c5abf4bfcd772d1a982243ab10 (0.00s)
    --- PASS: FuzzTxfetcher/4d2dc2d3f32f2616864728dc5fd000e50be2ca09 (0.00s)
    --- PASS: FuzzTxfetcher/4d5f645867a4c80184d1951dea59ea882919d3cb (0.00s)
    --- PASS: FuzzTxfetcher/4e1d89b1d3f264e164de20b9796784b759b8af24 (0.00s)
    --- PASS: FuzzTxfetcher/4e487775d6d42a378c72593c8bd02dc2cd12ae23 (0.00s)
    --- PASS: FuzzTxfetcher/4e849262130a8938c7afe552527e1ee317a25289 (0.00s)
    --- PASS: FuzzTxfetcher/4f5941a252543542f986b29fb05f4e93004fa428 (0.00s)
    --- PASS: FuzzTxfetcher/4ffe51bf5ab0f5d9a52085613a8026f9f2ae7264 (0.00s)
    --- PASS: FuzzTxfetcher/507b6ce10eacfad6c596d4575d54effa8c4e71f9 (0.00s)
    --- PASS: FuzzTxfetcher/51772ce7e60503a1c25742d3aa0c8d62de6778ce (0.00s)
    --- PASS: FuzzTxfetcher/51a2d473f5c838ef5d4e05e494f9bf1342e2e06f (0.00s)
    --- PASS: FuzzTxfetcher/51b814237969b98c11c86c3d9b7a63be86cf91e7 (0.00s)
    --- PASS: FuzzTxfetcher/51ba671629307f6bcc41c52baea182560d755319 (0.00s)
    --- PASS: FuzzTxfetcher/51e28e4972b0cf45fdf67445bec828a06a38d817 (0.00s)
    --- PASS: FuzzTxfetcher/525c40d0706d6b689553555e80b32c3c0129706f (0.00s)
    --- PASS: FuzzTxfetcher/525ecf0c27b987a5b1f2a4268230a1c593f32742 (0.00s)
    --- PASS: FuzzTxfetcher/538d8f6d0be20aea49b4fb922647f59056f48263 (0.00s)
    --- PASS: FuzzTxfetcher/53c45b19e69c5b23a570ccbafd7c2a32ddb8181f (0.00s)
    --- PASS: FuzzTxfetcher/53ff3e11121f73bfda3680e969a70145ecde475e (0.00s)
    --- PASS: FuzzTxfetcher/54445bcc4afe5159b1108db87869f35faa387c45 (0.00s)
    --- PASS: FuzzTxfetcher/5484c2d96fcbde030f786741b07fe5a0451773e4 (0.00s)
    --- PASS: FuzzTxfetcher/5560f173fc09bd4d416ab40ff45d7e2f09aa3985 (0.00s)
    --- PASS: FuzzTxfetcher/55d45be3168cdd0d12028ace82fdd33bf77aa909 (0.00s)
    --- PASS: FuzzTxfetcher/55f33b4cbe3ef40c2b3a6bd9942f0b01dae200a8 (0.00s)
    --- PASS: FuzzTxfetcher/563165bab147415ca6ea49372f510313696478ae (0.00s)
    --- PASS: FuzzTxfetcher/5665b15a18192480a2f14e0d350700b1b228e6ad (0.00s)
    --- PASS: FuzzTxfetcher/572f5fb0cdce372ef08e753a2ff461ac3b70fd1f (0.00s)
    --- PASS: FuzzTxfetcher/57a1fe77bd6a95cf2e698bb78ae12f425fb8df69 (0.00s)
    --- PASS: FuzzTxfetcher/57ac166fdaa6dcb8aa18409c1aa648b586b782d3 (0.00s)
    --- PASS: FuzzTxfetcher/57ce13bbba40df25cd0d223eb4e50db3376c96e9 (0.00s)
    --- PASS: FuzzTxfetcher/587a21bd99af3a265223f3760d81e6b57e5c406a (0.00s)
    --- PASS: FuzzTxfetcher/58f9aeb95b5104bf30559a8a5c5c44f2dcd100c4 (0.00s)
    --- PASS: FuzzTxfetcher/590e3771136b4a4f11d529efc79c05ae10d64676 (0.00s)
    --- PASS: FuzzTxfetcher/59ae3afcc40ee2118178b368ab28c621e6e9a8b1 (0.00s)
    --- PASS: FuzzTxfetcher/59c2cdad7d47f75c247dff76ae06d568f9487dd4 (0.00s)
    --- PASS: FuzzTxfetcher/59e89aa330c1aeae53b5c80cde763387640b31ec (0.00s)
    --- PASS: FuzzTxfetcher/5a26aac3a24939b16d258867d31e8a76a75d5310 (0.00s)
    --- PASS: FuzzTxfetcher/5b75f0c9dd4b59ee23d5674541c6617cebba18b7 (0.00s)
    --- PASS: FuzzTxfetcher/5c0d1e51a8c045665e94e2968d33a9b47caf1801 (0.00s)
    --- PASS: FuzzTxfetcher/5cb242a454d0b0f5dd44482be70bdec5e7aa8d6b (0.00s)
    --- PASS: FuzzTxfetcher/5ce771c482ff440d6513bc13b93d852d28f0e82e (0.00s)
    --- PASS: FuzzTxfetcher/5d3c9ca0d2f650fe9a96672c1c11854947baa9f8 (0.00s)
    --- PASS: FuzzTxfetcher/5d5d21aaf9f1f800201e0ace6087961617c6d4eb (0.00s)
    --- PASS: FuzzTxfetcher/5dbd8299a58e0155a3fe0eb6c2b329387fdd3643 (0.00s)
    --- PASS: FuzzTxfetcher/5f6713d05450a303a5499938b359f6a956d411fe (0.00s)
    --- PASS: FuzzTxfetcher/608c31e7d98d4b1aae13da4e24056a53ac7adeee (0.00s)
    --- PASS: FuzzTxfetcher/60f8c841616e43f49e25dbff8aa47c2960e9263e (0.00s)
    --- PASS: FuzzTxfetcher/6332dcd0f8449bfabcda6256c3c766702b0b79bd (0.00s)
    --- PASS: FuzzTxfetcher/6371b05d1341642a19ecbf26564b0a257cb5cba9 (0.00s)
    --- PASS: FuzzTxfetcher/637d43497f2c309d9ff63bab527da3e679617609 (0.00s)
    --- PASS: FuzzTxfetcher/63d406b80d24be5b8561f0b4857d0f88320f56be (0.00s)
    --- PASS: FuzzTxfetcher/6441eebb2a4cb6e4e3ec546516acfe05b02b181e (0.00s)
    --- PASS: FuzzTxfetcher/645229cb865f8d19f92d42f2195760738db21a05 (0.00s)
    --- PASS: FuzzTxfetcher/64f490f30059cd2e79113c309156b7693bd08d3c (0.00s)
    --- PASS: FuzzTxfetcher/6511a35a3ee5349ad6faaae68cc5906bf7715eb8 (0.00s)
    --- PASS: FuzzTxfetcher/6542686601def223c13866f59aed781d24ac65b9 (0.00s)
    --- PASS: FuzzTxfetcher/65ee1ede78c0e2fee8f3147634b9192531f371c8 (0.00s)
    --- PASS: FuzzTxfetcher/661b71ae034ccc2cb6a0b411f5e11eb5b7a16f54 (0.00s)
    --- PASS: FuzzTxfetcher/677c900c0997b7cbabaa8060da78e0007a473ea0 (0.00s)
    --- PASS: FuzzTxfetcher/67cdbd5fa9fbf34c7ac3f806e9ce8cc5fa0cc7b0 (0.00s)
    --- PASS: FuzzTxfetcher/69237cf2f7267e53e9559eb10a0e575cd647b336 (0.00s)
    --- PASS: FuzzTxfetcher/698512e9c1b1596361985d24d825fac9c99fd3ac (0.00s)
    --- PASS: FuzzTxfetcher/69fa4be58d11427966c6aecbf2e83666d864d17f (0.00s)
    --- PASS: FuzzTxfetcher/6acc5d02b76310adbeafb19658e89f5ddaa81b27 (0.00s)
    --- PASS: FuzzTxfetcher/6ae7fcfdd125ef509158baf2b888f3714dc26ffa (0.00s)
    --- PASS: FuzzTxfetcher/6ba0879fb53c66ad1fbfd0eabd515a2a8b1dbf58 (0.00s)
    --- PASS: FuzzTxfetcher/6c9cdad7fb695563dca2b51e74f4d34efd56ed9a (0.00s)
    --- PASS: FuzzTxfetcher/6ccaa04c85080f430925ad1087bab2a357aee218 (0.00s)
    --- PASS: FuzzTxfetcher/6d11149cf32c592109256168649d56f80e2d07d0 (0.00s)
    --- PASS: FuzzTxfetcher/6e939e82b02b9e2b3c69c3932539a22859f8c0db (0.00s)
    --- PASS: FuzzTxfetcher/6eeeaa0654dba0394a0d73fb40d79ec9e2f9ed58 (0.00s)
    --- PASS: FuzzTxfetcher/6fdac73fe8e46e94e85ea1820b11f79277275d48 (0.00s)
    --- PASS: FuzzTxfetcher/6ffe7ef5a80690e80ff01192ff57d3331380ada1 (0.00s)
    --- PASS: FuzzTxfetcher/70360eda96febabf8b795d0924c5eaee72494076 (0.00s)
    --- PASS: FuzzTxfetcher/7068ef3966ed06c829d9362963f0d3595eceb696 (0.00s)
    --- PASS: FuzzTxfetcher/70a03f5098d8b8a4399772d8bfae7b3995128cc3 (0.00s)
    --- PASS: FuzzTxfetcher/70b365837e718b4deb46f29a3a985f82fcf2eeb7 (0.00s)
    --- PASS: FuzzTxfetcher/71013782b96f912f99296b4d4875ed405ec310f2 (0.00s)
    --- PASS: FuzzTxfetcher/7129658553b89ab66ff12f659d7648c0fb918852 (0.00s)
    --- PASS: FuzzTxfetcher/71635ec237142d36ef769da6f95760d9dcc48e73 (0.00s)
    --- PASS: FuzzTxfetcher/7170ab0e362ce3fd812923a450fb13ab2e65b222 (0.00s)
    --- PASS: FuzzTxfetcher/7200e99bb567393759ce518cae009f25cca607ae (0.00s)
    --- PASS: FuzzTxfetcher/722970fc8bff1c5382063c0dfd0da9241542765d (0.00s)
    --- PASS: FuzzTxfetcher/7237c2ea41f7652db28dbe075e2a270862c56fcd (0.00s)
    --- PASS: FuzzTxfetcher/72601cb08f962f0f7e87deaf02b6701074e266ee (0.00s)
    --- PASS: FuzzTxfetcher/7303ecbbae787a29f5577fdea63d0af41c85f01e (0.00s)
    --- PASS: FuzzTxfetcher/7337eebe9991945286961df2923fa55d35aa6cc0 (0.00s)
    --- PASS: FuzzTxfetcher/735ce90098efc51760a1b86c46df50d0463f1dcb (0.00s)
    --- PASS: FuzzTxfetcher/73a3215023e2369ad26163671cdebeffbd673f58 (0.00s)
    --- PASS: FuzzTxfetcher/73a7d26e7e977c287467762593ddf4eca22d1d76 (0.00s)
    --- PASS: FuzzTxfetcher/73d287c742b85b16a70f808a7edbf34093b4f322 (0.00s)
    --- PASS: FuzzTxfetcher/752033dacb960d4480b1fcbff568f6867c3124e8 (0.00s)
    --- PASS: FuzzTxfetcher/757dad556537818e7164fabe56b1b12c6ad560a4 (0.00s)
    --- PASS: FuzzTxfetcher/760c805b9ecfa64611f4291032120040dd0c810b (0.00s)
    --- PASS: FuzzTxfetcher/773d84fbe3b909d5fa2bfd721dd854264ef9808d (0.00s)
    --- PASS: FuzzTxfetcher/783af61513c0c1425705b9f350d2c5d064a014fb (0.00s)
    --- PASS: FuzzTxfetcher/7848f5642b30051c2d204ef910609e3990ead4ac (0.00s)
    --- PASS: FuzzTxfetcher/787d2569fa599cd04103fc656db92e1f3fc5125d (0.00s)
    --- PASS: FuzzTxfetcher/78d36ce3dba070142f771207d2ae6331dd6ddf98 (0.00s)
    --- PASS: FuzzTxfetcher/7a75cb4b9b780360639061e1760ef4c3b610f2e9 (0.00s)
    --- PASS: FuzzTxfetcher/7b8f28bde77a89952d17bdedee2cb0890c10bcc5 (0.00s)
    --- PASS: FuzzTxfetcher/7bf83ee1084e3fee65d542db6f1de212acb72188 (0.00s)
    --- PASS: FuzzTxfetcher/7c552c308f1e2a49b7c0951d584b8294c8c415be (0.00s)
    --- PASS: FuzzTxfetcher/7d2f43880d2281fc6cfee7eb176a126c11476675 (0.00s)
    --- PASS: FuzzTxfetcher/7e79399b419b631bd960332b0f9352dd3fc174a7 (0.00s)
    --- PASS: FuzzTxfetcher/7ea2d4680bd77290b57de39a82f87f840d6479b9 (0.00s)
    --- PASS: FuzzTxfetcher/7ece11fd55a2e6fd031d6722da22754803ad3e56 (0.00s)
    --- PASS: FuzzTxfetcher/7fe7f871109588694bf36145a7a1e200ac0cb054 (0.00s)
    --- PASS: FuzzTxfetcher/7ff8518f8a6d99f11e474bf4d1b889a28dffb6f8 (0.00s)
    --- PASS: FuzzTxfetcher/8106104b977883fbf97edee9ab8a7a77f5d345b2 (0.00s)
    --- PASS: FuzzTxfetcher/819b9ae4e28f5aa1890b846cb7171f58f0416035 (0.00s)
    --- PASS: FuzzTxfetcher/82b70848b49c335281e6f5e35f48085aa3ceebbb (0.00s)
    --- PASS: FuzzTxfetcher/82c1a20680ce3eacb536d30e336c775f06e2790e (0.00s)
    --- PASS: FuzzTxfetcher/82c82c626da171da17f8e6ce843817d5f3a1f503 (0.00s)
    --- PASS: FuzzTxfetcher/82f8aea747f6879d29fbb0bf6458e8025c12b330 (0.00s)
    --- PASS: FuzzTxfetcher/83335fff3ae6b48fe14951de7698690f5f4ab0af (0.00s)
    --- PASS: FuzzTxfetcher/8365720ceffb5cac538f8ac124b161c5bb90a451 (0.00s)
    --- PASS: FuzzTxfetcher/83c92e4b39a161a4fc26baf43d035adeec44c357 (0.00s)
    --- PASS: FuzzTxfetcher/8487435728dbe1edad3651a5611bb37a83e007e6 (0.00s)
    --- PASS: FuzzTxfetcher/84f02fc660e26d1057dd6bdeb021fe1e804fb6eb (0.00s)
    --- PASS: FuzzTxfetcher/85183befbb27ab7e12a3a0ed3af1e1892e1574f4 (0.00s)
    --- PASS: FuzzTxfetcher/85ad72de9f688fb446ad636da0c0c38fbd73ac3e (0.00s)
    --- PASS: FuzzTxfetcher/8666e8f7ef7b34c4592e3d5f5edfb1aa7b045a96 (0.00s)
    --- PASS: FuzzTxfetcher/86be95f887810a1b55527f99a804b40a58a1b5d7 (0.00s)
    --- PASS: FuzzTxfetcher/8716d5f1fdfd8b66b3de5a47dee6a82573806c1f (0.00s)
    --- PASS: FuzzTxfetcher/87554c5429bdf8753b84be8560839ec782f6450e (0.00s)
    --- PASS: FuzzTxfetcher/87bff69b8c13d668bd4c97349e3a8db59fab2d2c (0.00s)
    --- PASS: FuzzTxfetcher/8813036e053c82fea7776c80215c9dd03f824b6f (0.00s)
    --- PASS: FuzzTxfetcher/88853c50dc0e5fb2ae42b283c2b868071b81d483 (0.00s)
    --- PASS: FuzzTxfetcher/88955656de1dcc36a97c0ddad92197b171609b29 (0.00s)
    --- PASS: FuzzTxfetcher/8898b263ccb5f6a8f2692059214f8102610f42b1 (0.00s)
    --- PASS: FuzzTxfetcher/89959eb9ab15c55165b154a4095c25014ae61723 (0.00s)
    --- PASS: FuzzTxfetcher/89fa99730e12410e1e096b90f72553fdaa86e26e (0.00s)
    --- PASS: FuzzTxfetcher/8a0287e92afd03a3ab5d1631df3bb9b2a056287f (0.00s)
    --- PASS: FuzzTxfetcher/8a674d4ebccec8131bbabef6a8c46aadc402e18b (0.00s)
    --- PASS: FuzzTxfetcher/8b7a653b0e560f888e9e50fdbe42bd5c6e04197a (0.00s)
    --- PASS: FuzzTxfetcher/8bae917692cb387fbfd28f1aa8f17af5308af773 (0.00s)
    --- PASS: FuzzTxfetcher/8c3431a27868158c18b689904d001d3f2f9ad0a2 (0.00s)
    --- PASS: FuzzTxfetcher/8c384d2ac9f8efb051dfb2d9592832a4abd75cb3 (0.00s)
    --- PASS: FuzzTxfetcher/8cf6913a078885806d53144c7b673fd3e6e90405 (0.00s)
    --- PASS: FuzzTxfetcher/8d56a50c0ca22936eab3d39eb3092b6ed54524c1 (0.00s)
    --- PASS: FuzzTxfetcher/8da7b028f93c269f41159f03496ff1c0a9283f66 (0.00s)
    --- PASS: FuzzTxfetcher/8dc4167a7f5691ab00aa70365c849cae3fe36aaa (0.00s)
    --- PASS: FuzzTxfetcher/8e7f03cc03dddefe91ad3a50d1bd5268dda0a41b (0.00s)
    --- PASS: FuzzTxfetcher/8f33d9325f17ae066108b9c46dc804055d314cf5 (0.00s)
    --- PASS: FuzzTxfetcher/900971b061c37d51f9d2b180ce79f8a8688a819d (0.00s)
    --- PASS: FuzzTxfetcher/9069ca78e7450a285173431b3e52c5c25299e473 (0.00s)
    --- PASS: FuzzTxfetcher/916344b1b63aa1c93283e2415983de684779aeb6 (0.00s)
    --- PASS: FuzzTxfetcher/91b2847e1657280e0d7791b80fc59fcff8b6b68a (0.00s)
    --- PASS: FuzzTxfetcher/9238ac85cc3ab21ef5a32f12aef420f78c3df7f9 (0.00s)
    --- PASS: FuzzTxfetcher/9265ea6d03972e171c5e7ec5e057758dd77298fb (0.00s)
    --- PASS: FuzzTxfetcher/93c78f8daf683dc9cf7ad0fd6eb4701ba99becdd (0.00s)
    --- PASS: FuzzTxfetcher/9447c2b06990091b8d29b0fbf80dfa57b740ce32 (0.00s)
    --- PASS: FuzzTxfetcher/946bd9c4c2510c9f45b656c2bb438d708577b0db (0.00s)
    --- PASS: FuzzTxfetcher/94a2c573aeb96ff1681eecb1418bb9256f8c4d80 (0.00s)
    --- PASS: FuzzTxfetcher/94ce27bc14b1b2c63375d9a4a6b2ec567e413a75 (0.00s)
    --- PASS: FuzzTxfetcher/951548053b49fc4e09ec4dcf5bbb6433e692d0d3 (0.00s)
    --- PASS: FuzzTxfetcher/9582cecf4317add981611938dacee8f11d47e99a (0.00s)
    --- PASS: FuzzTxfetcher/963df1c95d119c53f0bb152d891bf34a9c5103ac (0.00s)
    --- PASS: FuzzTxfetcher/96bf98ee6493eab1d2c10cddcbb9c34bd131a402 (0.00s)
    --- PASS: FuzzTxfetcher/96f3676701784451c5ea6c06e2dd5973caac35f2 (0.00s)
    --- PASS: FuzzTxfetcher/96fd888c26d59e93d3c531ac15894f73bd05da18 (0.00s)
    --- PASS: FuzzTxfetcher/976ac55b84e922bac5fe802fa124a955ee378ffc (0.00s)
    --- PASS: FuzzTxfetcher/9802151d21b989fe06ab9faae5034ae43cce3218 (0.00s)
    --- PASS: FuzzTxfetcher/98a240f7170b9be3e7cf79c20c6bb14c510fa59d (0.00s)
    --- PASS: FuzzTxfetcher/98cc01bc0077020ae63b578d987a6902f8533c80 (0.00s)
    --- PASS: FuzzTxfetcher/99dffbfae889c9023c36a6552816b38cf0f7c769 (0.00s)
    --- PASS: FuzzTxfetcher/99fc89939eb66ac31787896d73af72499f208543 (0.00s)
    --- PASS: FuzzTxfetcher/9a5a6452a9464ae8d44b4a0f4adc163480ac4694 (0.00s)
    --- PASS: FuzzTxfetcher/9ab1bf959fcfa0efa8357cc04b6cf45ccfaada05 (0.00s)
    --- PASS: FuzzTxfetcher/9b024aea65df66f87d8e21a669b80676107325f0 (0.00s)
    --- PASS: FuzzTxfetcher/9b4e354498b80fc8c1b4d890e2b62393a2abe621 (0.00s)
    --- PASS: FuzzTxfetcher/9cbec63d6bd573b8bad833de0c203f17ff8dc47a (0.00s)
    --- PASS: FuzzTxfetcher/9d02e17dcf95ff126f630a13abeeb8dbee3e27af (0.00s)
    --- PASS: FuzzTxfetcher/9d5f06a82757e7b341fadc13bb359ba639f83df7 (0.00s)
    --- PASS: FuzzTxfetcher/9d5f3f02b8dd448ca5f1ad38fb5e2832ad3c4072 (0.00s)
    --- PASS: FuzzTxfetcher/9e09b77e15866d563df57609e2db435fbb4fc0f8 (0.00s)
    --- PASS: FuzzTxfetcher/9e2ecff47cd45afdd2ba0905cf0ba1b7786cfd82 (0.00s)
    --- PASS: FuzzTxfetcher/9f170b15262877706f41c77c09cea701a1db0c6a (0.00s)
    --- PASS: FuzzTxfetcher/a09f55af3e82c4778ca69cac14df8361c6a1e51e (0.00s)
    --- PASS: FuzzTxfetcher/a11920a5e9cb0c4683fbbf1c9293a64936debae9 (0.00s)
    --- PASS: FuzzTxfetcher/a128d81d67007d648ab86d54e5cbc92ff2dd4af8 (0.00s)
    --- PASS: FuzzTxfetcher/a13b5bf068d32ec9563f507ad050b5fbde073fd7 (0.00s)
    --- PASS: FuzzTxfetcher/a1f97b4d2f462bdb7796492b11e20b526f9246ac (0.00s)
    --- PASS: FuzzTxfetcher/a2892c4090fb31345247cd854ede0aec10ffc60e (0.00s)
    --- PASS: FuzzTxfetcher/a3ff6066906edae8c5f079e836a478fc67fb9428 (0.00s)
    --- PASS: FuzzTxfetcher/a439cbdaaee6bfc112cb130a650834999553d9e1 (0.00s)
    --- PASS: FuzzTxfetcher/a4d2c34e9fe3615484abc22aaba916f628417b87 (0.00s)
    --- PASS: FuzzTxfetcher/a4fd80441058e33607f1156dd35d965daedbe723 (0.00s)
    --- PASS: FuzzTxfetcher/a61a43cb8307ebb89b93da99448e1a5d07ad50f5 (0.00s)
    --- PASS: FuzzTxfetcher/a7aca0d8eaec7875114f8168c0de9c976ba89324 (0.00s)
    --- PASS: FuzzTxfetcher/a7aff6ff8905c11580ed18d8d9ab80181b5fe7eb (0.00s)
    --- PASS: FuzzTxfetcher/a88134c44807b6b0babd6342010ed6f5f6d07dd6 (0.00s)
    --- PASS: FuzzTxfetcher/a8afa0b99935859342cb31a653416988acdd20be (0.00s)
    --- PASS: FuzzTxfetcher/a8e7145ecd42d538885fb30dfe55252297c14155 (0.00s)
    --- PASS: FuzzTxfetcher/a94d3df2e50e8809c8a59b57fb799f5028ae3213 (0.00s)
    --- PASS: FuzzTxfetcher/a9a78bc21b5ba00be523453c8772fe0fab7bfad3 (0.00s)
    --- PASS: FuzzTxfetcher/aa3b81824e18fe51b89fade9594fff9282e1b5eb (0.00s)
    --- PASS: FuzzTxfetcher/ab7d48c5667b8f0ed6e23f7ea05eed97b3f22fd2 (0.00s)
    --- PASS: FuzzTxfetcher/ac3e8705e3ef9671db7ef7a1f3b3e1da884d5dea (0.00s)
    --- PASS: FuzzTxfetcher/ac437165cff9f6730af0e0d42c0ea4d722a72c19 (0.00s)
    --- PASS: FuzzTxfetcher/ac6042e16a97f2a4ccc764a219406c1ab8baac84 (0.00s)
    --- PASS: FuzzTxfetcher/ac666884803f0803be03b9095248cf4be44f08af (0.00s)
    --- PASS: FuzzTxfetcher/ac855988137fc49ea35ef3b0b38e31998797670c (0.00s)
    --- PASS: FuzzTxfetcher/acca1992b1a0a8fdb6222d10bc25ecce0341b287 (0.00s)
    --- PASS: FuzzTxfetcher/accf27bb71e6611e1f769569c34068fc82f4916c (0.00s)
    --- PASS: FuzzTxfetcher/ad2b9775618dd9611fc73722498ce65d7d09107d (0.00s)
    --- PASS: FuzzTxfetcher/ada289c67dbb9039f37f4ab825f46b8c1eedf245 (0.00s)
    --- PASS: FuzzTxfetcher/ae092a1cbf9b644264fc4d8a5e95d54517f9687c (0.00s)
    --- PASS: FuzzTxfetcher/ae0e40fb9fb893564f61759d2a119ce5ca36e13c (0.00s)
    --- PASS: FuzzTxfetcher/ae3eaa1ed06307c15197937dce64ba7f3d02d687 (0.00s)
    --- PASS: FuzzTxfetcher/aeb0c4c4cf37ebd0e1da09beafd3eb39da84bed2 (0.00s)
    --- PASS: FuzzTxfetcher/aeb23329801f77964603db4cf2ac89c14c892c81 (0.00s)
    --- PASS: FuzzTxfetcher/af2640085ae74519839daa59d123c2090f54348e (0.00s)
    --- PASS: FuzzTxfetcher/af3d5caa3d455741d934e5a81c8aa92d18456083 (0.00s)
    --- PASS: FuzzTxfetcher/aff13209d72cdad7fa4cfe6420fb9cc4a53b64d0 (0.00s)
    --- PASS: FuzzTxfetcher/b0a16467170616031d4d6204ac45f37dc3fc13ec (0.00s)
    --- PASS: FuzzTxfetcher/b0b8b8e21e03bed95177fd576e801feb96548aa6 (0.00s)
    --- PASS: FuzzTxfetcher/b0e95c87dc3e5943e51300ddee936a4518b9831c (0.00s)
    --- PASS: FuzzTxfetcher/b1058681fc91e70192275b435ff8e287b8c51529 (0.00s)
    --- PASS: FuzzTxfetcher/b21a3fde9d2939812843f20a8cb5f8d08cd992e8 (0.00s)
    --- PASS: FuzzTxfetcher/b25ab10ef3ac81acc9cc1570b5ad8eef0fb8b955 (0.00s)
    --- PASS: FuzzTxfetcher/b2955dff2346ca879e68ef314f2a8868e88b4e87 (0.00s)
    --- PASS: FuzzTxfetcher/b2f3f3918ac45152c2e1b2eb2445b21bf1b3b7f7 (0.00s)
    --- PASS: FuzzTxfetcher/b3083678e3d846cfe47e0233537218a8aab86b69 (0.00s)
    --- PASS: FuzzTxfetcher/b33fd2e42878bc06a9b450f8eeef958021dccca9 (0.00s)
    --- PASS: FuzzTxfetcher/b37c476f47d2426ac9cf186954a4099c98a40b9c (0.00s)
    --- PASS: FuzzTxfetcher/b49a8ae3c4e62c9d274aece25bb9a7542679dd26 (0.00s)
    --- PASS: FuzzTxfetcher/b5276edaae6f1033108a07551087939d0dddef1a (0.00s)
    --- PASS: FuzzTxfetcher/b52f4784d419bb9d259b8f164bb3801bbb7e562a (0.00s)
    --- PASS: FuzzTxfetcher/b54b4719e232933f1d12faf3ab12fe00565dd304 (0.00s)
    --- PASS: FuzzTxfetcher/b58dee593b2c49eceee956316b0e1c38f7d686f0 (0.00s)
    --- PASS: FuzzTxfetcher/b5a0314c7ebfa1982a3e01e20cf38f5a0a69da83 (0.00s)
    --- PASS: FuzzTxfetcher/b69b17c269a1130346ac2f90ecbd719478e90dda (0.00s)
    --- PASS: FuzzTxfetcher/b705fb5a66ba02b65d49e874ffae67e0227401b7 (0.00s)
    --- PASS: FuzzTxfetcher/b744edaab5a7d21fab259d4b049aae2924413a36 (0.00s)
    --- PASS: FuzzTxfetcher/b780dbf0d29e48ce3487c9d83387961262f88d4a (0.00s)
    --- PASS: FuzzTxfetcher/b7d23e9a29cc5bec99b2dbb124f0cb7acec244bf (0.00s)
    --- PASS: FuzzTxfetcher/b895b4cca9c91a971d21a96c5f4a43e416a80f50 (0.00s)
    --- PASS: FuzzTxfetcher/b8a20f9e3e374cb13cbf0d4d9af61c46f3a561b3 (0.00s)
    --- PASS: FuzzTxfetcher/b8cf022db3aa508fde4fab18133d4a36c0e2e183 (0.00s)
    --- PASS: FuzzTxfetcher/b8d935898960b0a931704ed2679062957d9dab61 (0.00s)
    --- PASS: FuzzTxfetcher/b9110e90153dac52b02d801885e70d3d26502d2f (0.00s)
    --- PASS: FuzzTxfetcher/b97d0b18421f79a060c1b960ae5ebf937aa84a5c (0.00s)
    --- PASS: FuzzTxfetcher/b9fb092a1fce7937e984f7cead4706c3f370cf79 (0.00s)
    --- PASS: FuzzTxfetcher/ba1acbab1893fb3b5e1297d8313a94982c6f95ea (0.00s)
    --- PASS: FuzzTxfetcher/ba501112f82c33f3edf98b1589632c548cc57890 (0.00s)
    --- PASS: FuzzTxfetcher/ba70ef6ff22828b53fb804b9192638ea11e97247 (0.00s)
    --- PASS: FuzzTxfetcher/bb198881c6b7355f9b504683ac1d3b9af6e00948 (0.00s)
    --- PASS: FuzzTxfetcher/bb589d0621e5472f470fa3425a234c74b1e202e8 (0.00s)
    --- PASS: FuzzTxfetcher/bd6a678164b905af09694187bfe386a06c83ea4a (0.00s)
    --- PASS: FuzzTxfetcher/bdb0f86a10266e28ebd254e4dc0a8080fc23b277 (0.00s)
    --- PASS: FuzzTxfetcher/bfd9f24beadefd121ee078851c35f8f717e02c45 (0.00s)
    --- PASS: FuzzTxfetcher/c06d573c8e2608cfc87e4e9e43f6bc190ecbf534 (0.00s)
    --- PASS: FuzzTxfetcher/c1410e430c42ff862f078da1da0f326c1460fbaa (0.00s)
    --- PASS: FuzzTxfetcher/c1d777d3b6772ebb300c439558e164a7c43c4c64 (0.00s)
    --- PASS: FuzzTxfetcher/c2768a92919dc785b594e3164beee6bc1dc1eda1 (0.00s)
    --- PASS: FuzzTxfetcher/c442b5bf6c51e67af6e09447e21190dfd8ee2a5e (0.00s)
    --- PASS: FuzzTxfetcher/c4b72b739bb47060ef45c6a6166b6c22236eec13 (0.00s)
    --- PASS: FuzzTxfetcher/c5052bc216c9d58adc8f71015315fbc9198022ae (0.00s)
    --- PASS: FuzzTxfetcher/c597b3927c9c939ae56c563cc05588616e29c147 (0.00s)
    --- PASS: FuzzTxfetcher/c5b8bed1473a3f5bcf835055700fc09378b48fed (0.00s)
    --- PASS: FuzzTxfetcher/c5f09bab79f29bef1dded0963a577e2d2bbbdee3 (0.00s)
    --- PASS: FuzzTxfetcher/c684c45f5618e0c1d24a7ec02396c2a00809a90a (0.00s)
    --- PASS: FuzzTxfetcher/c779af71301111c27c4244fb5dba5935eeee8cca (0.00s)
    --- PASS: FuzzTxfetcher/c7d508cb2d942e8006cdc6db6a617c6b1cf41b61 (0.00s)
    --- PASS: FuzzTxfetcher/c87610df6cf33ed51e9855077f460ba8fa29f055 (0.00s)
    --- PASS: FuzzTxfetcher/c925b8aeec269356a229f616c4e8802e8d523bf7 (0.00s)
    --- PASS: FuzzTxfetcher/c9e8907f211f1588f7e7f186b397dd0d4377d4e8 (0.00s)
    --- PASS: FuzzTxfetcher/ca00c8dfb5335fe1d36dca37f84cfc4621711622 (0.00s)
    --- PASS: FuzzTxfetcher/ca51dddd86810f0eaccf9aa7cc8e21be8d6abd74 (0.00s)
    --- PASS: FuzzTxfetcher/cb325a425b29badf713d9ed4d4a4203d62a55fb8 (0.00s)
    --- PASS: FuzzTxfetcher/cc89b8fe701da7f97215fe77653a264fcb2eceeb (0.00s)
    --- PASS: FuzzTxfetcher/cc8f4193603a3158d39c5582a389929dc464c47f (0.00s)
    --- PASS: FuzzTxfetcher/ccd3128d77b7975de90c6150bf0e6ed389ebd1ba (0.00s)
    --- PASS: FuzzTxfetcher/cd8ffb6ff63cdcbbc550136c0880e430acdaa35a (0.00s)
    --- PASS: FuzzTxfetcher/cdfe52d9e158ae936cd9790a9892a95fdab4b0db (0.00s)
    --- PASS: FuzzTxfetcher/ce3939c92fc3674ce8b7221d6c6364d817deba87 (0.00s)
    --- PASS: FuzzTxfetcher/cf14ded6dc3907de80f3685085e79c9b055902a3 (0.00s)
    --- PASS: FuzzTxfetcher/d072696bd3de3066d2788950a33ccbda0d7871ef (0.00s)
    --- PASS: FuzzTxfetcher/d07530217b3cbac1b7cac94e2051e4a6b72f532d (0.00s)
    --- PASS: FuzzTxfetcher/d0c4dc1f4f76a3760521494b2cc30e19383e5d45 (0.00s)
    --- PASS: FuzzTxfetcher/d0fbef41277dba76bd969f7fe2e626ab4dcd3224 (0.00s)
    --- PASS: FuzzTxfetcher/d127c25a161d1262540484caa94f3c942c31fa8a (0.00s)
    --- PASS: FuzzTxfetcher/d137b83fa5820b96cb7b0592b0ec85d87e770976 (0.00s)
    --- PASS: FuzzTxfetcher/d156a485058273bcd3c070db8c716dc496baf57c (0.00s)
    --- PASS: FuzzTxfetcher/d1d71303d78b7da4b4ced2b81eb2b00c74b84c62 (0.00s)
    --- PASS: FuzzTxfetcher/d257ba0bc2baeb158b7200571bf9b322b8f3d975 (0.00s)
    --- PASS: FuzzTxfetcher/d342c7992046ee09ae495e9ebd70cd1f38eaadec (0.00s)
    --- PASS: FuzzTxfetcher/d3528c35b7016486bbf80e4aae1d65d947476aa9 (0.00s)
    --- PASS: FuzzTxfetcher/d35afb2591c590b7f5404ec74557ac4f532ca0a3 (0.00s)
    --- PASS: FuzzTxfetcher/d463a72ffc8c1f98a8f7b40f07177dcc4c85c098 (0.00s)
    --- PASS: FuzzTxfetcher/d4ce70d2af5e92185be1dfbb4967d59c9f4494c6 (0.00s)
    --- PASS: FuzzTxfetcher/d52b01608753bd0e8f127e7883b245ce2ced2155 (0.00s)
    --- PASS: FuzzTxfetcher/d5665b7e89dd1e5382e25da7e1676c45e1ff08c5 (0.00s)
    --- PASS: FuzzTxfetcher/d57010ae729e0e417e9e68de5e282427056c828c (0.00s)
    --- PASS: FuzzTxfetcher/d59e49693d9033f93ba3ad0e6054e410af40cf9c (0.00s)
    --- PASS: FuzzTxfetcher/d5c12dcbd9170b9e68be04c5b6deaa37a9f4fe2b (0.00s)
    --- PASS: FuzzTxfetcher/d5e8990528617a50d9585aea639b0fffaebf7b41 (0.00s)
    --- PASS: FuzzTxfetcher/d6168ed097f0dc20f5fdedf1a05661a363ae8506 (0.00s)
    --- PASS: FuzzTxfetcher/d6ba8cdf6686c3da8c8d1dd25da3a7f56bb9c70e (0.00s)
    --- PASS: FuzzTxfetcher/d6ce339d3c1b99dc9a067018446d149d5c820bbb (0.00s)
    --- PASS: FuzzTxfetcher/d7989fae8d491ebe7d2f5e1ffd56d804a42305c3 (0.00s)
    --- PASS: FuzzTxfetcher/d7e6ec9116c41cf46331e498b2d3169bfee36cb6 (0.00s)
    --- PASS: FuzzTxfetcher/d80dcf600c358ae1c42655bea53af5386a159df5 (0.00s)
    --- PASS: FuzzTxfetcher/d88761826c6a4fc1180f07a49d1d9cbcf562753d (0.00s)
    --- PASS: FuzzTxfetcher/d8d05de1bc496aefea7ad5eae75a80db088b3233 (0.00s)
    --- PASS: FuzzTxfetcher/d8eccc72cbad88a684ae8d8ba002bb034a360bce (0.00s)
    --- PASS: FuzzTxfetcher/da9cee7f3ae7be331c43284b306c0a179d6e24d8 (0.00s)
    --- PASS: FuzzTxfetcher/db2313e08f0f0e08b0bcba7f1763ea207e402599 (0.00s)
    --- PASS: FuzzTxfetcher/dbba8295811a57297266673220fcf77a1045adea (0.00s)
    --- PASS: FuzzTxfetcher/dbd6cf4e3c92f94769eaa8e42890e7cb658503fe (0.00s)
    --- PASS: FuzzTxfetcher/dbed6b3a0e6c3ff78ab517142e98b8e9ba0376c1 (0.00s)
    --- PASS: FuzzTxfetcher/dc6d3fde7e9f8437d6eb1c6b00e09c3446887f54 (0.00s)
    --- PASS: FuzzTxfetcher/dced015693cab68292e7ad982cd63cf23979ef38 (0.00s)
    --- PASS: FuzzTxfetcher/dd8e5c2c56815867b76146349e927fdb3f4ba63b (0.00s)
    --- PASS: FuzzTxfetcher/ddbf99e035070524bb1226d6a9fe68bcd044c625 (0.00s)
    --- PASS: FuzzTxfetcher/de4f8d33b7c9ff3561c538ad4e856b78ac4837b7 (0.00s)
    --- PASS: FuzzTxfetcher/de6728cb36a816aa56c54eacd9501450b0e158ba (0.00s)
    --- PASS: FuzzTxfetcher/de6b38c5758f77220af80c2687d66737e55aa0c6 (0.00s)
    --- PASS: FuzzTxfetcher/df0fcb717b598af8a8f40ca96694641a5c3f023b (0.00s)
    --- PASS: FuzzTxfetcher/df2273872ce937d2f79f82987f46ce7f03157cca (0.00s)
    --- PASS: FuzzTxfetcher/dff0baddbd12d4927b9fe8b1edb81c77d8a1a190 (0.00s)
    --- PASS: FuzzTxfetcher/e061e87cbd30fb8d4aa92a67926b9b33b3d78ed4 (0.00s)
    --- PASS: FuzzTxfetcher/e0b794447ef156db18aad388955adba5600d8bfe (0.00s)
    --- PASS: FuzzTxfetcher/e2283d894610f6b263a4b57b2aee5434fcece3d2 (0.00s)
    --- PASS: FuzzTxfetcher/e25e50cc61e668f9fa40f4aadd7d05c9346025e4 (0.00s)
    --- PASS: FuzzTxfetcher/e398dc6ab167ead9484fd3cf3eff6701563cfddd (0.00s)
    --- PASS: FuzzTxfetcher/e3b79144b4d83a17682ae63aec70f5f49863b259 (0.00s)
    --- PASS: FuzzTxfetcher/e4083e48e25b9a2054f12eb54abd579d15d5a200 (0.00s)
    --- PASS: FuzzTxfetcher/e4c5c41c274ebe9438dc8f3bf0a0670ed53ff3db (0.00s)
    --- PASS: FuzzTxfetcher/e4d10703c09a00580c6d829222e8cb83132efdfc (0.00s)
    --- PASS: FuzzTxfetcher/e527a2a88ac3ebb8cade2ce8a210452b45cca4f0 (0.00s)
    --- PASS: FuzzTxfetcher/e565137658ce7c7a7d55a2a002c5e331c4ec2ab9 (0.00s)
    --- PASS: FuzzTxfetcher/e60d8dda6ee9fd3648564c2cc7aaa4086f2a3727 (0.00s)
    --- PASS: FuzzTxfetcher/e6f1e863a822c6dc219bf54ed85a7c1db80332d0 (0.00s)
    --- PASS: FuzzTxfetcher/e75a84eba8d3bb82d8754beb8f589bed8495c43a (0.00s)
    --- PASS: FuzzTxfetcher/e8f279ee7e5911ca8f6324b510d92e17dbf3ee01 (0.00s)
    --- PASS: FuzzTxfetcher/e919bf9285d1e8d581df0d4ca6a5660a6d7e0bb9 (0.00s)
    --- PASS: FuzzTxfetcher/e94cfb336f060119de548dd5dbbc775a95a39f61 (0.00s)
    --- PASS: FuzzTxfetcher/e952297e0863cabd21b8ed45c793316ad3e556bd (0.00s)
    --- PASS: FuzzTxfetcher/eb6d54b548e2c78a902439bd5ee0b2b59276211d (0.00s)
    --- PASS: FuzzTxfetcher/eb72197dbce987c81dde8b694cd52a9a1881804d (0.00s)
    --- PASS: FuzzTxfetcher/ec1e608717f8382b7c09e945118c46a6497c589a (0.00s)
    --- PASS: FuzzTxfetcher/ec3e10d63b222bcfd8d520e1ee71c389355dbabc (0.00s)
    --- PASS: FuzzTxfetcher/ecc8a5a3dbcc99c9ba8abfeb2c0cc3acd90658fc (0.00s)
    --- PASS: FuzzTxfetcher/ed212061c7f4cccb796280eb622a1d227c5e0cd8 (0.00s)
    --- PASS: FuzzTxfetcher/ed7b99eecc485e01c14fae9fc857e36d21c373ee (0.00s)
    --- PASS: FuzzTxfetcher/ed8496415590bc8b1106f8bba6b59581cbed3503 (0.00s)
    --- PASS: FuzzTxfetcher/ed875f0da915f98bc628ff7ed6f3430cf89c80f3 (0.00s)
    --- PASS: FuzzTxfetcher/ede16181148f8b346d50cf317412784ced164ffe (0.00s)
    --- PASS: FuzzTxfetcher/ee89d3dab6fcf20d1c4daf8c9e0a0e5887b850fa (0.00s)
    --- PASS: FuzzTxfetcher/eec552c062d7b7d9efad72085d9b3c5039cea17d (0.00s)
    --- PASS: FuzzTxfetcher/ef09e6f65ef139432213fc477618c8faf73ae12c (0.00s)
    --- PASS: FuzzTxfetcher/ef7a37ceddd08e81b27c88c6b521689d1e2b1931 (0.00s)
    --- PASS: FuzzTxfetcher/ef7c1e7e75156527dbd3e12f9668ecc517285d54 (0.00s)
    --- PASS: FuzzTxfetcher/ef9248c22b538fdacef2ac9abac6be6ba47b41a0 (0.00s)
    --- PASS: FuzzTxfetcher/efe43def97eb295fe99c3753f2d740d7b36df689 (0.00s)
    --- PASS: FuzzTxfetcher/f03fff03d6668faf67d8f20fda1d60eab10f8659 (0.00s)
    --- PASS: FuzzTxfetcher/f09d65d9e7854efaf17b2726652de680352a1bc4 (0.00s)
    --- PASS: FuzzTxfetcher/f1fbd6e90e4a36a1054fd053643fb381fe1fe7f4 (0.00s)
    --- PASS: FuzzTxfetcher/f2788921db0ea58b89f6397a1fd3c6ead84aef2a (0.00s)
    --- PASS: FuzzTxfetcher/f2e115070e69176c7689facbb36573cda71ee4df (0.00s)
    --- PASS: FuzzTxfetcher/f383f475548a6e949e23a78516b4e151da43fa7e (0.00s)
    --- PASS: FuzzTxfetcher/f405332db5955d43e18c6a3995c26becd88dc24e (0.00s)
    --- PASS: FuzzTxfetcher/f42b752f4321420b16b552fde109c9be9facf29f (0.00s)
    --- PASS: FuzzTxfetcher/f49dcf1670ba5216a226f9b3b631b8058087d2e8 (0.00s)
    --- PASS: FuzzTxfetcher/f5292de43bf9770c442a97fd64c3f335ea1b1b9f (0.00s)
    --- PASS: FuzzTxfetcher/f6c6c9ac691f789b6601505ce0936b06773dcd77 (0.00s)
    --- PASS: FuzzTxfetcher/f6f689e49d6276cbe1028284a529a568f322a699 (0.00s)
    --- PASS: FuzzTxfetcher/f7e47e799ff04e296768de846b34b4c772dd207f (0.00s)
    --- PASS: FuzzTxfetcher/f83956d92c0b427281614f1fd773307ddcedc71f (0.00s)
    --- PASS: FuzzTxfetcher/f88e8eb286a45385ca5c8c162cb789a1ccd3e86c (0.00s)
    --- PASS: FuzzTxfetcher/f92939d85c1a365c976b8d5113979a93b633243c (0.00s)
    --- PASS: FuzzTxfetcher/f97b01de7199da2b7af9048845afaaaa253a4dcb (0.00s)
    --- PASS: FuzzTxfetcher/fa0a8026686be1c879ba8076e629ba463a50aee1 (0.00s)
    --- PASS: FuzzTxfetcher/fa3246434b227a4c1a4e2a81d1f60bbd4d316170 (0.00s)
    --- PASS: FuzzTxfetcher/fbf938489f82914083b8007dba2bd02119be2f70 (0.00s)
    --- PASS: FuzzTxfetcher/fc74d9ab921b293ab4a86c209e72fb8cfc8d357b (0.00s)
    --- PASS: FuzzTxfetcher/fc7f3785ab923d7732922e4f266a917bfdffb17e (0.00s)
    --- PASS: FuzzTxfetcher/fd3b9dac72826feb8f588859b6a8e10dcfdb2763 (0.00s)
    --- PASS: FuzzTxfetcher/fd57fec4ae53d38c7ff4b0e8db608737c38bde73 (0.00s)
    --- PASS: FuzzTxfetcher/fd8e31a68a044dc6e6e2cc39dc65d7e8f74a368e (0.00s)
    --- PASS: FuzzTxfetcher/fdf741ec9be9bf75a1d51833188ec0a432888db2 (0.00s)
    --- PASS: FuzzTxfetcher/fe79e18b088165270c5b67d143ce52c51189e0d2 (0.00s)
    --- PASS: FuzzTxfetcher/ff430f828ced68ddfedfba87358a8f1dc34578f6 (0.00s)
    --- PASS: FuzzTxfetcher/ffd748bd1d1455f038a0b13077a1837eba5c5ac4 (0.00s)
    --- PASS: FuzzTxfetcher/fff9bd575875e45ebcf8d255e1287bb62e4768cf (0.00s)
PASS
coverage: 89.8% of statements
ok  	github.com/morph-l2/go-ethereum/tests/fuzzers/txfetcher	0.215s	coverage: 89.8% of statements
