=== RUN   TestReplicate
--- PASS: TestReplicate (0.00s)
=== RUN   TestGenerateCorpus
--- PASS: TestGenerateCorpus (0.00s)
=== RUN   FuzzABI
=== RUN   FuzzABI/00784977420c5f24746be264304182c824baef4c
=== RUN   FuzzABI/0091ac7c94b29def0c32eb13d9b24112b7079d52
=== RUN   FuzzABI/00b9cc0bf1c104d6a63c9b78344541b39f2ac902
=== RUN   FuzzABI/01f918fc1871d5f2f541092c8393cdad101f311f
=== RUN   FuzzABI/0352d4d22310b94ccb103d8a4b11c1cbb0706352
=== RUN   FuzzABI/038268d9a2c7293fb053703bd4c46c49ff290f99
=== RUN   FuzzABI/03a59601e070bb5a4be7f8a9e55f5ea4c399db83
=== RUN   FuzzABI/03afc90af6f1390e571e0335da325323d1d36971
=== RUN   FuzzABI/05ea9ffef922a7ee10be409f4f0983470a221bdc
=== RUN   FuzzABI/05f90f51a48121cb54d9e99246d051d2b5986623
=== RUN   FuzzABI/0692f0adb4b0d4dfb1cb4ceb2994e803894ecf70
=== RUN   FuzzABI/0697800b8f1a877f94900d441609eb496e76610d
=== RUN   FuzzABI/07568c8719927416e5704334a5d5395c4fa127c0
=== RUN   FuzzABI/07b78345c08cde9e7f6be237950339be50cc0d60
=== RUN   FuzzABI/0966b6cffdb3a634fbdadba6b9b62c2340d51e25
=== RUN   FuzzABI/0a9c9226ea1806b84610c2266161461e8a959fea
=== RUN   FuzzABI/0ab6134bd47b1a75839898311b26a176d3dfb350
=== RUN   FuzzABI/0bc38b47dd094c43eaa0401dbeba7ee007eebaea
=== RUN   FuzzABI/0c67801277b07013c3910a644496f8591db14fff
=== RUN   FuzzABI/0ce93509b5b8d485fed1befafc594e1ab9ebb035
=== RUN   FuzzABI/0f275ba3a848ec940dc4e64262e24dfd3df1940d
=== RUN   FuzzABI/0fabaa9a0beda18bf2bc632109bf7dc9f7c80f50
=== RUN   FuzzABI/10cdf010e57be426727e913c85ec2296b64b6817
=== RUN   FuzzABI/1311ab1c7bbb5d61949247cf0fd3ac892aefc2b9
=== RUN   FuzzABI/1401a851ba0e1e11d7eaa45ada9ebee2c7fabdcf
=== RUN   FuzzABI/141940fc35244d89f1911690aca4bc1832356d7d
=== RUN   FuzzABI/15ff5d48ece1c789712b881cedd80defe3087491
=== RUN   FuzzABI/162695de3f06449377f5610adbfccf87c57a77cf
=== RUN   FuzzABI/16d29f436847f48e8bb731e6f117d9caba6be048
=== RUN   FuzzABI/17a65067df4b9f460497af4f44df0c627bbf2865
=== RUN   FuzzABI/182e9ca06d4e9d94c2a6fdacaf373d1eb323090b
=== RUN   FuzzABI/19589583aebbfa09d6599a0a33fca3bd5a275142
=== RUN   FuzzABI/19a6a7011512602abc675060228049c0bfb2cf7c
=== RUN   FuzzABI/19d5ca337a5d9d2ffa2b9547e2a809514b56f781
=== RUN   FuzzABI/1a82665b2911f6ac791974c6c66d9e890a85e869
=== RUN   FuzzABI/1ad71167e18cd29632e2ba60a9902caefe0a7b72
=== RUN   FuzzABI/1b52ba2105145d217ddd12078b7cd646bd064d96
=== RUN   FuzzABI/1eb50c16a8dae5e2793552c2cb0cb549e4894b81
=== RUN   FuzzABI/1ed23c7283665b5fb1c345e8d0c5dc08bccc6ea6
=== RUN   FuzzABI/1edff6ea530fc87a3aa08b7fbbbc6836835639e7
=== RUN   FuzzABI/1f6e0f993a48b2bff9a596fdffb4fabcd7657a4e
=== RUN   FuzzABI/1fb1786a3c603febc182f57eca81ce4ccd1d152d
=== RUN   FuzzABI/1fdc5af85afdc31b5fa791862e5fca655e79d943
=== RUN   FuzzABI/200e5f17a47499397d4a8938baf6bd625c3eaa6d
=== RUN   FuzzABI/21715a7c183b224aecd26b830b76944cb6fa9a66
=== RUN   FuzzABI/21ab2a9d1afaf6be93d195b4859a82bfbf20accb
=== RUN   FuzzABI/21e96f759850f35c7742caed5a11c3280f7bcb04
=== RUN   FuzzABI/22ce1ab298f3d3bbf3c9e76ca38d66a8d04134f2
=== RUN   FuzzABI/23573c529af6e9f6a2ee39c7aa604f98a273c476
=== RUN   FuzzABI/238c6129c0394b4babcc57afbbcd7d60b9eaae5a
=== RUN   FuzzABI/24e17cf0dd63045f80c3c629da1a2318bf86fdbd
=== RUN   FuzzABI/25da7e87c8ea9b828a0b08d04d8a1d0b4075ae20
=== RUN   FuzzABI/25eb7e9fac7bf97ede035e3070b806da5d857711
=== RUN   FuzzABI/2691b9683c28db3d4ae1945a777b38614f220769
=== RUN   FuzzABI/273a6f3ea80a6d6cf49e291b0c6d2aed0f82306d
=== RUN   FuzzABI/27c15ebf0f2d988dc682e98132e55781e78f3ce2
=== RUN   FuzzABI/28445bcbd6aa59afda05142f5d81780f1cbcc578
=== RUN   FuzzABI/28ed3a797da3c48c309a4ef792147f3c56cfec40
=== RUN   FuzzABI/296f65ea99f7e47eacafc0b015780324fef7cab3
=== RUN   FuzzABI/29fcbb99bb0e8cfbe189c0045222c0b5331123a7
=== RUN   FuzzABI/2a4f438b7d409e672823ecc992f813ef3540f43c
=== RUN   FuzzABI/2b26b4223ef44fe2e2a973ebc1f01d7850ffdf48
=== RUN   FuzzABI/2baf7df6277de9aa320a310305620f55fddb0966
=== RUN   FuzzABI/2bffee25b285f20066d0ca305be6a2f0d58f1d6b
=== RUN   FuzzABI/2c4a5854749f98aa76bc8a979ab0d329bc1bd829
=== RUN   FuzzABI/2d1a4bc29f353fa8ea26a81a7414bf7e9e663716
=== RUN   FuzzABI/2d5440f3efde9f17741adf65de6eb0555e055ea4
=== RUN   FuzzABI/2f388e8d3dbb8f7e30575c981d3dc6dd4fa6527d
=== RUN   FuzzABI/2f5be94d1fa973595cf73ea8147a189074bd802f
=== RUN   FuzzABI/30ba0e580993418546cb555df4c2f0905fca0342
=== RUN   FuzzABI/31f196a3480464a1a1e376ad9de6172b2f5dc2d2
=== RUN   FuzzABI/321409e412220891f558fcd8394e1d886d8f52ba
=== RUN   FuzzABI/328b7fdf3c25bcc501c121b0fd1558b08f20d4b9
=== RUN   FuzzABI/328c8f608776f626e8fd5fcff3c270eb824fc393
=== RUN   FuzzABI/3349edf8bd7e39702954e6590852a1ca8bbd6e6a
=== RUN   FuzzABI/3384b897dc9eb11b72a4949537bc5735fbae6067
=== RUN   FuzzABI/33f99eb9cb67e1049b41e6754a45b0d7010c105c
=== RUN   FuzzABI/3404e5c06ad6ae721b802dd1a3fa085e415288fd
=== RUN   FuzzABI/3482a557865b130c391beb267678cbc28f2ed73c
=== RUN   FuzzABI/34a3cc1b580bd3596c05dde16f25374dc8591a44
=== RUN   FuzzABI/3501d49881e176d7c8c5ea22609ff4f97542a773
=== RUN   FuzzABI/3585a493e4e711a4b6f1c94dd62b56484a7701c7
=== RUN   FuzzABI/35c4ee78a6459831be49c261002c19d6c0f16d7d
=== RUN   FuzzABI/364b7099d8ca83a12aa875c98f3fbd375a456f04
=== RUN   FuzzABI/364c226590292b88988fb5bf10428035ffeba8ff
=== RUN   FuzzABI/36a7e58016b8175aa356dcb8ef469bd94c89489f
=== RUN   FuzzABI/36e552f7bc2386edb74e35e4c89054dbe89db785
=== RUN   FuzzABI/36ec7896b161b81a2f42be3a15f271ceb0d561fd
=== RUN   FuzzABI/36fb6ddfeaf0d5efba00ad23d6f670dd33d03a2c
=== RUN   FuzzABI/38c1d4dfe54378f8cbb6302e3a843acdfd28378e
=== RUN   FuzzABI/3976088f139c547a30e5f62bdd2e5e12c2c1896e
=== RUN   FuzzABI/3b701fc5ab9d30baf9b026207292a652632d0a80
=== RUN   FuzzABI/3bcc5d061d5ee8cdd94d0d7de055ab723161a493
=== RUN   FuzzABI/3bd43cf46c002f80d7f11284ac4467cbbc84c600
=== RUN   FuzzABI/3ce042c0ffb8be595356c344b79106bf66bc5f6f
=== RUN   FuzzABI/3d6cbbf680324b695a79181518e872ba97c920c8
=== RUN   FuzzABI/3db7b594136c373693abf7abbc0285d066968ea6
=== RUN   FuzzABI/3de25e7525483ca7529079f3dd48feb44d688c28
=== RUN   FuzzABI/3e0143ccb7407947b0b1e66382afc203ba7c028d
=== RUN   FuzzABI/40e4dbe7e2ec31317225764544aebf702778d3c7
=== RUN   FuzzABI/40e562745e2cc9673ee1561770c5eb8e40c1e124
=== RUN   FuzzABI/4164fb422f5cdbf02555ae94facf2d434b7dba36
=== RUN   FuzzABI/416b76c454460221dd9767609880704fa00fa64b
=== RUN   FuzzABI/428950f5a9b3a2bd71f574122797dd862aed4e72
=== RUN   FuzzABI/4295829cfe45ded45c9f7730ed4ae60f0817210f
=== RUN   FuzzABI/44eadea37b5e705492bf074e21751bd5f2aa2070
=== RUN   FuzzABI/4849a4e994108685fbc8109e23348a0759d21476
=== RUN   FuzzABI/4926536db705fe8873cff8deb62bb15ffc470a8e
=== RUN   FuzzABI/493ba71e9ff28b67f473185faade4c1376743c36
=== RUN   FuzzABI/4bf19bfafc0ec2bae701adfc56f697ae09f7e603
=== RUN   FuzzABI/4d5425cc0d7371d9b6262177e4287c36a0a5faa3
=== RUN   FuzzABI/4f216f856a1e245533385f6dd0f754389afa7a3f
=== RUN   FuzzABI/4f2b0f279027ddaa070ddcc9492be47443090651
=== RUN   FuzzABI/4f3674ff11f7e4f772561960f12d4efa2794f234
=== RUN   FuzzABI/4febd706bf739f6f961bd3def18e7f312c2fdb72
=== RUN   FuzzABI/505862ccb32aaa5da3eec315df0c4c67d9b1a391
=== RUN   FuzzABI/51cc8de6ff4c097539053e40ea0a18f8994bf042
=== RUN   FuzzABI/5237bc974d7c857f7de4a2ad254ef8245f3c9c99
=== RUN   FuzzABI/52caa04d03065f6e07fc93facb204faad474b3bb
=== RUN   FuzzABI/53ab53d4b70e14308b571fbcd47e611ca0fa9a64
=== RUN   FuzzABI/53dd16d4a5cf0f6fdf9bc75a6421b47668f35947
=== RUN   FuzzABI/551ef0da4cf213069537e1e03fb151d748432ef0
=== RUN   FuzzABI/55a667b7b07865615f025d0bb199df61768b805b
=== RUN   FuzzABI/5699c706893354d8dc0f47388247a4716ac65a09
=== RUN   FuzzABI/5837c9b5c0fd233393f966c2b235a57bc8d54922
=== RUN   FuzzABI/5979dbd3751a765e997587ee5763ae1efb9c895d
=== RUN   FuzzABI/59a51f2b84450358799fe4a9e995033b875d91ac
=== RUN   FuzzABI/5b253fd80a1846f754390620c69fd6595c097f13
=== RUN   FuzzABI/5c2408c3626eb27350dd3288f8ce31cbdbcd5c46
=== RUN   FuzzABI/5cb5b0fc531248f51d7ce404f132c5ee139274a7
=== RUN   FuzzABI/5d14bca1b0ab17384713e31a95590b22b2586b09
=== RUN   FuzzABI/6023f0de33a0e0425ed0886134c9b3fa8ba93f29
=== RUN   FuzzABI/605ae4f56633b8e52f0abfc13f89d862d25f1888
=== RUN   FuzzABI/6141f6577a2974f5b73db5ddf84525c6cacefe6c
=== RUN   FuzzABI/6212b386559b622e0044ae5eeda5beb35cedee7c
=== RUN   FuzzABI/62e145d31314a8d03d8a896d3484133556278c84
=== RUN   FuzzABI/631baeb5ba5d45724c5f5aa8da594f7bff4107e8
=== RUN   FuzzABI/635b8d0849ba2396e42100526031d45881716631
=== RUN   FuzzABI/63bdecbe87f3069353b0c2297c979b04073dcb73
=== RUN   FuzzABI/63e7e4780c4dd734baee0c5d7c6c4a5ec650c5c0
=== RUN   FuzzABI/640f9e4319871c3e3a3114c6ac9c604f8bc80f64
=== RUN   FuzzABI/655337a15663958491ff0036768ec61e5a2ef404
=== RUN   FuzzABI/65745639619cd00a7c1574a2a13a2b3a899cb5ac
=== RUN   FuzzABI/66c82b08eab23f983e294bdaab025920ae264eaf
=== RUN   FuzzABI/67581300752db0af7035b3652688ba9044e9bfb9
=== RUN   FuzzABI/67ce3e8c47ad7c614b3a9b7f9dc3107f09926ae7
=== RUN   FuzzABI/68201b66888036ba493437387d55174fa20253b7
=== RUN   FuzzABI/68619cb5dd6f6a5572fa2a1485059498ad09bfd4
=== RUN   FuzzABI/6a074995783420a90edd18fdfefc448526c19cd6
=== RUN   FuzzABI/6bd3289d15dd51330eba239f4ec0af7f126b436b
=== RUN   FuzzABI/6c1530190707774a65b6af8d59d7ed09c34c831b
=== RUN   FuzzABI/6d7c97b1f20881e534cb7a96f6ab24a6947ffdbc
=== RUN   FuzzABI/6ff3e427cb63574f590eea54fc604acce282faff
=== RUN   FuzzABI/7082a39fd2a79d843ca3f5a123d34fd56e0f1e33
=== RUN   FuzzABI/708c54fa7ff02a841983f3b84825054bf1b18f91
=== RUN   FuzzABI/70d086ab9af5de557798036507d902efa20b1553
=== RUN   FuzzABI/7134ad567cc20ae538a231b0a808d2eb0d46872c
=== RUN   FuzzABI/714679578cacb2309d24ec74a56173e2f72224d7
=== RUN   FuzzABI/7149cd12d08c6da304bfbe281e8f184bbc07eb31
=== RUN   FuzzABI/71853c6197a6a7f222db0f1978c7cb232b87c5ee
=== RUN   FuzzABI/72b0daa19228a58e07d65d4d1823f3b9661524e1
=== RUN   FuzzABI/736cddfe6658a991be5bb856046f0065699d209a
=== RUN   FuzzABI/73a417020df8c0bdd17d123e03ead537108aa700
=== RUN   FuzzABI/73b9790383993c71ccae3e6c61c6b652c8978dee
=== RUN   FuzzABI/7406917fc8720ce6fabf3beb34c67d4bd7666336
=== RUN   FuzzABI/74c7f5313f52a8107a7dd7ddba35586ce6dee963
=== RUN   FuzzABI/7619076e6e93c31d692a9655d599c67098a5ac98
=== RUN   FuzzABI/765024b7a78259441a297c959de0ac6321f29f1d
=== RUN   FuzzABI/76666109b95c6e2be52b9e432b00d0cac243834d
=== RUN   FuzzABI/76bde29bfa0c39a5752bbd7b4f010b81307cb7dc
=== RUN   FuzzABI/76eae5456e60851e16a27b304b4fb579f4e6664d
=== RUN   FuzzABI/7741476fce76390a9bdf33639ab2a55a33244e06
=== RUN   FuzzABI/78663147ee11be31657dd9390ed78b13e7d466d7
=== RUN   FuzzABI/790ea762d2b31496d20b1c77433e58af1c1a593a
=== RUN   FuzzABI/7b075689e93324a0505f71bbeab973dc3a83cf63
=== RUN   FuzzABI/7bd4258f4c8b099a33cd20ff2d44254982cb660d
=== RUN   FuzzABI/7be4918205bde98f29598878bb076780ddd96946
=== RUN   FuzzABI/7c0bfe398a10e92d82261c94273aa49d8abc8215
=== RUN   FuzzABI/7c2785643ec5bc95ef2cc2d9b520257e03322d77
=== RUN   FuzzABI/7c64850cbf1c8e3fc3dc77e68498e9fb87ef79e4
=== RUN   FuzzABI/7ca5facaa36fbddd9b92f740e133dfa9134387e7
=== RUN   FuzzABI/7caf96a28de8ba2ac0bc8313baf11b690b90e9fc
=== RUN   FuzzABI/7d257dbc5591291d7db3a9a2e0b5f331a5c35cc8
=== RUN   FuzzABI/7d3747d386889c48942a6c29ce5f98234a9caf07
=== RUN   FuzzABI/7d594ab683f84f41da33a5c2f1de90fab237cb3e
=== RUN   FuzzABI/7dce062d98ac9be234b6424b72aff32bd3448cc3
=== RUN   FuzzABI/7df8c75e1d161348ea7bd1f889c7814c5ff04b50
=== RUN   FuzzABI/7e445509b68ef2233dbecdfc6a97e4ea07837ea6
=== RUN   FuzzABI/80494bc5b413ee700b9a6dc8fac3dcc0691dbef3
=== RUN   FuzzABI/80568fbce3156f5947c95475a9d982126be81745
=== RUN   FuzzABI/80dd74af063dc635c78d7cab14d892ad2ad709de
=== RUN   FuzzABI/8105e7bfae8744f81bd7aa03d3b5276b27c5a05a
=== RUN   FuzzABI/81686763e3b9df212038e67a1d65b6061ccfa852
=== RUN   FuzzABI/81d9cfcc885861c8cdc0158e5fa71e576208948c
=== RUN   FuzzABI/82622bd95912e9aa0c07d0aa8a07b746384ed796
=== RUN   FuzzABI/835592223d10b492f62d58a6c1c03bfaef0a2fc0
=== RUN   FuzzABI/844ad6fdb2e13803faf8d3f3f4357724e9085e24
=== RUN   FuzzABI/8456db2ac33680f1896b1f36622bebe74041dce4
=== RUN   FuzzABI/846ad24038d3fba49c70dca3b0806c645f5c6828
=== RUN   FuzzABI/850e7f0a34b2f188a96f6af15d3813c8dd457c88
=== RUN   FuzzABI/85caa10d8eea5538c08cf8d5fc0ded0281163312
=== RUN   FuzzABI/863878713a005e86dd3d4c6cb4b5fd155944d83c
=== RUN   FuzzABI/865cf3654ca54cc24ff23dbdffe1aabdc5af2379
=== RUN   FuzzABI/86b197a829592f76728942a6bc240b7fdaaddffa
=== RUN   FuzzABI/86f36dd6797168ec3a98b2d16bfff1c49e9dc185
=== RUN   FuzzABI/86f4dfc6d5b061064e702afeba4e7020898ce872
=== RUN   FuzzABI/87cb0555121b42558536825820ae9c9a74782937
=== RUN   FuzzABI/88b110abce5cc042640c9852aad1057c5be1b3c9
=== RUN   FuzzABI/88c9d9849c05c51a603ea0e6f5cab634c071ac97
=== RUN   FuzzABI/8a5d42dcbb9f30a0d0da424e9a6390302a52046b
=== RUN   FuzzABI/8a7e2950efef0287808b06357e5a1e850764871a
=== RUN   FuzzABI/8b7d659c7c91b4bcde0895127bc838ddc5b0d0f5
=== RUN   FuzzABI/8bd13de54974a6052de89dcc31e2d5ac3aa1dd2b
=== RUN   FuzzABI/8bdbcb571cae046d3cc8d3d6a8aa990a6da11d37
=== RUN   FuzzABI/8d33e6d893c53e493aa449ad88432c5f79824c2b
=== RUN   FuzzABI/8d37ebe79d329b8dafddb454fef3f8140f969d11
=== RUN   FuzzABI/8f112952d8ec8c06ee561d8f9076e559381f5948
=== RUN   FuzzABI/8fa5964dea0dc5f26dadee56550720125de1a2f8
=== RUN   FuzzABI/9021c5061c617f9ed3ef5f81d1f0748dd3ba2bdc
=== RUN   FuzzABI/9069ca78e7450a285173431b3e52c5c25299e473
=== RUN   FuzzABI/90784ab182bfb163638450e5c27296b5092f946a
=== RUN   FuzzABI/9090666bd75e0582061d1e78dddd275b253fca7f
=== RUN   FuzzABI/9182d0c5cb8091de73713e0a9d8c0ba04685e170
=== RUN   FuzzABI/9354a9bd2bf7f0c429b66b73946c9024456b4b1f
=== RUN   FuzzABI/9457f7484c3e4f827ac79b6d026ebc919d3810a2
=== RUN   FuzzABI/9508881d4620f4e31514f55e477d4585bd3ff411
=== RUN   FuzzABI/9657a5dd70a9ad7e0244e369b4c271eeb5f673a1
=== RUN   FuzzABI/9834cdf3a9e9e7467a81d1335936fa5329429aae
=== RUN   FuzzABI/989561ee1fbb23c2e3aa0f4b570942d910935898
=== RUN   FuzzABI/9a8a09e1a19f6fa17ebf90efd427a58acfbbb918
=== RUN   FuzzABI/9c35cc9ecfa8459dea0147897afccf4a0e6e9587
=== RUN   FuzzABI/9c7a660563b9d465c7265aefb5376beb40aaa6b8
=== RUN   FuzzABI/9dcb339570b34da65d55528f67cc8d8c54bad746
=== RUN   FuzzABI/a0600e1f7b66757ff5c301db1b3e74723edb484e
=== RUN   FuzzABI/a074160f7f09663765e8f254decffde60fb0e0f2
=== RUN   FuzzABI/a198c4bb2b92e076eff0119196ff328979005227
=== RUN   FuzzABI/a25bdfe52f614ff01037a4f0362466215107ac84
=== RUN   FuzzABI/a2c85bfb34d09316aafaa7e65ab9ecf7f9180647
=== RUN   FuzzABI/a2cce93402f2c18a4784dfc2095102c266ee7a1a
=== RUN   FuzzABI/a30a87dd5dda6954b9e041a32cc2868ee8a9bc78
=== RUN   FuzzABI/a4a2bc781c90732dbb549b1a85b13b90bb07b35b
=== RUN   FuzzABI/a4a9a0e0dddbe76f9f3ca730dab7cd551c77f865
=== RUN   FuzzABI/a4ad57c16fa4c73f7b7871e4e780b31dce5e69c4
=== RUN   FuzzABI/a5b24352dd779a1235e058af01afad5913b1138e
=== RUN   FuzzABI/a5e8736ead7cc9d1e799596b0412a53aecaf6996
=== RUN   FuzzABI/a66f285aa69b1f17036716c1f0786783f18b2c02
=== RUN   FuzzABI/a6d2bd40299ae44665a246befd31825f5e63f2a2
=== RUN   FuzzABI/a6dcd7f07c22b1cb406543673405210628bf0aad
=== RUN   FuzzABI/a72b2916134c24594fc820007ce0eabea921b3d1
=== RUN   FuzzABI/a7bfa35e56226aefc249933474cef4c7aa71618e
=== RUN   FuzzABI/a7fd32e60dc511304f62149a1b58f62cff586a29
=== RUN   FuzzABI/a94a8b0022338a2749ba74a02041dee3cbbb5241
=== RUN   FuzzABI/a9fb544243b87189cb6b6dbfe17329e422a2bfee
=== RUN   FuzzABI/aa9056c32141844ef0c435b5bf6a3df70a316058
=== RUN   FuzzABI/ac4f88fe91fe8e356634244c31231e868f450351
=== RUN   FuzzABI/acd992799442ec14b3097cbe008f2d577b236867
=== RUN   FuzzABI/ad86a581773ae55d3f3713b3a8d35b47d4037527
=== RUN   FuzzABI/ae1bf552f6f6970f5afb656f22805cc3f7f59e84
=== RUN   FuzzABI/af0b8b1c629dfcfb4c4db85b7a5aff7e0dfbee4b
=== RUN   FuzzABI/af887deb51608296584f4a02a56b75492eae3e0a
=== RUN   FuzzABI/afc2b9c5d60b56169707eb360fb9adefa4550aba
=== RUN   FuzzABI/b01aca842883c90b00a761358d6298b6308d72f6
=== RUN   FuzzABI/b11633677a4c171c1ef440d14caefb7d1a174bc8
=== RUN   FuzzABI/b25c8fb4228825e2a224d7a9b840a45cd5cc9cfe
=== RUN   FuzzABI/b34437daf0500a4c896a7f180a679d3740e165e4
=== RUN   FuzzABI/b3e37c3084a8dabe766816006ebee3f930ed89fa
=== RUN   FuzzABI/b43151f649e267e003d327f9daf08c6143c3d040
=== RUN   FuzzABI/b5a0dbe50671ef471fe2c0bc7f42911e719c6b42
=== RUN   FuzzABI/b6980a5c846ea845e8aeac66263c0d93751d623e
=== RUN   FuzzABI/b6aea2f38a87b52b96dd4c70f91085362f52d55e
=== RUN   FuzzABI/b6d8a7265dc6547ed4e9987aa0a54765de8aa928
=== RUN   FuzzABI/b6fb175effc324c930689b7d00e368ce581210d0
=== RUN   FuzzABI/b7196ecce3bae1ca08b07abf89f105082395fa45
=== RUN   FuzzABI/b7f58b48a4d7a9ed7881cecf5ca4bf4e64776328
=== RUN   FuzzABI/b80962c1ffba186a5bb0b3f9691d14322d7bc834
=== RUN   FuzzABI/b84c78418e78516d5d71f0d40fb7ebe0ac0ae18d
=== RUN   FuzzABI/b8ccf387615b6c85aded419bd587699c572e8b81
=== RUN   FuzzABI/b8f58312d34f8b20aa772011e53216f17ca6e599
=== RUN   FuzzABI/b95e1c6a0817205f44ac2e15f120323b8e8b3f6e
=== RUN   FuzzABI/b9a270994d964b908d36baaa6b8d23a93c43c177
=== RUN   FuzzABI/b9b45bcdec0e79e266f0e247a48011a4d96ace89
=== RUN   FuzzABI/ba0d4f1d2f4033644087cc36edc42871e91f225e
=== RUN   FuzzABI/baea8eebc8f6dfc295cc148bb9885552cd5629ae
=== RUN   FuzzABI/bb7f1f472e89e7797994567f051a4537e2fd3300
=== RUN   FuzzABI/bbbe10fd71a45106788115f7c8077306e6b41a63
=== RUN   FuzzABI/bceb3d89dbb143861e8e2dbd347fd8b346766880
=== RUN   FuzzABI/bd576f551ab1bff0ab12b7674673f6e17c7fd549
=== RUN   FuzzABI/be683b79213f106619e4991bddb1f3ac1ff6ad6d
=== RUN   FuzzABI/bec6a2e9da2024e552f2769d4c81ef76c2764058
=== RUN   FuzzABI/bee31d9a88e15683b8c97705b9a4a5192996fa54
=== RUN   FuzzABI/bef54b26fbd9e1c56bc83331fe2ea006d8ab7d6f
=== RUN   FuzzABI/bf36e491c9939ba98e50db76df80e385a7feb481
=== RUN   FuzzABI/c0a7ff6c950d091c99804c42402f0a19c478b969
=== RUN   FuzzABI/c0a8dc6eff961896f35a2b5c35a7d6747a9e1ffb
=== RUN   FuzzABI/c1efcbea67054c934b967c0338ad7ecf9eb94566
=== RUN   FuzzABI/c22dd12bf177c2a916962ed49fb7ca751443fa79
=== RUN   FuzzABI/c282778507d342aa9c2b4633cd83227dd1d9a3f4
=== RUN   FuzzABI/c3dabd4e9c67bd51a929f9ad548f78b14ab02101
=== RUN   FuzzABI/c66139938e6c917eeb46e28b3f861adf89a23385
=== RUN   FuzzABI/c6ffc214865403a1915d1724a39811ff9be6d62c
=== RUN   FuzzABI/c962fa0d62d326fa0d7d8f76a5b81e795d15ee85
=== RUN   FuzzABI/c9a11a6df9d5105a12db5a62b64d0ac8d7793f4c
=== RUN   FuzzABI/caa29dd8ad289d48cea02e04916c50c864ab0852
=== RUN   FuzzABI/caa6502ec30bb61854567f2977d8cbd68d325572
=== RUN   FuzzABI/cb0cd86961c3a65b2507206854f21d65afa1ad49
=== RUN   FuzzABI/cc069fd4fcac51d7cee1d874c0711c53db963584
=== RUN   FuzzABI/cc2b1102e2902449990389b0c87a9b039cd077a0
=== RUN   FuzzABI/cdb565f9978c9cd8828cfcc7dbf6eac5c6f36b7f
=== RUN   FuzzABI/ce0c45970b1bf3a26f3bccf4e798f18a6bf1b6e6
=== RUN   FuzzABI/cfd58e78f525b7783476187ce35b8eff9cc88caa
=== RUN   FuzzABI/d00e6faf8f7d24c3e33050961a8aa2d0d01e7acc
=== RUN   FuzzABI/d08e10e83789d3de83f625c491d5f158a2283ed0
=== RUN   FuzzABI/d0e55191323d3886f5f2905c9d0dc40a4d9d4206
=== RUN   FuzzABI/d0e817fd0c6a735b4f363e3b32dcf30d0d2adb60
=== RUN   FuzzABI/d25a02a783110fb650701ae89eaccd3887e9aec7
=== RUN   FuzzABI/d320b315e3c59cb380740723b616f85579127c9d
=== RUN   FuzzABI/d44178fd1747f8fec076c0f472b9710e0998461f
=== RUN   FuzzABI/d4a399fb8e12a93e53a1354884482191f070d83c
=== RUN   FuzzABI/d640a3ac9b6afcc4c264c68295a5003955e76fbb
=== RUN   FuzzABI/d6a4c4f71d355854661acdfa831300b4856f193a
=== RUN   FuzzABI/d6a67bc2d072cb2927935cb0038b0c0459487dd5
=== RUN   FuzzABI/d6f936cfbd48ebdcb0d6211cabbc29d89117712a
=== RUN   FuzzABI/d78ab8122671c32357150bb695a4ac55e7be9b0b
=== RUN   FuzzABI/d8a0d51008cce81d02873a96496911135aae3b9b
=== RUN   FuzzABI/d8e2a2b30f8636c9c91603ac3d3ef3be38fd5843
=== RUN   FuzzABI/d96a09faf6d27a60437205b2305626b73e1eff4b
=== RUN   FuzzABI/d99be2cef4fc25dafb6cd978e93366377c77a23c
=== RUN   FuzzABI/dd174acd7d17d102e0fd8ab985b6811f435d3b9c
=== RUN   FuzzABI/dd3f5c6a51a6744ad002229aa19fb1bd592f2747
=== RUN   FuzzABI/dd9f3ce188e73db9f92d6f120cd5b1ec46965dfb
=== RUN   FuzzABI/dda42ff06cbef3a6ea0c33cea4c9495ff7e96a4f
=== RUN   FuzzABI/ddae381c7ec81bb7e786f5d81a66a40794345bd9
=== RUN   FuzzABI/ddd47cc3855d94186fe17757caa8f8e8a3afecc2
=== RUN   FuzzABI/deedce24a60b8ffaf6f0bfa635545f4aabb222b9
=== RUN   FuzzABI/dfded34c5af31720fb5192dc3b9f016a3948f39e
=== RUN   FuzzABI/e0a6ae70b3c3e4411ab77c2e75891bff5affcac4
=== RUN   FuzzABI/e0c72e10fa5fa8fe64cd8935c2cece8c120a4ba2
=== RUN   FuzzABI/e0ea1d99fe82cefda7572a325a8a0d7fff9bc55c
=== RUN   FuzzABI/e1470534d4451a2b06c316b8211f79e0346efef4
=== RUN   FuzzABI/e1d3c828174d9be5495a68d352c838138b2421f7
=== RUN   FuzzABI/e4602902a923f92045c7cc869f93a1a133564ba8
=== RUN   FuzzABI/e4b312be6c4a116b4556cdca15e36bc7f7c6dc10
=== RUN   FuzzABI/e55345bf4adb2cfd39882697e5bbbca569d54ac4
=== RUN   FuzzABI/e5a5b4309d3905a82291c66c519bb7ca6222d164
=== RUN   FuzzABI/e62ecd6fe822b7ab69a3c56745d46d7ba7019bc3
=== RUN   FuzzABI/e7477bc3e76bf5ac9b678a00fb7e7fe9c8ada7f4
=== RUN   FuzzABI/e795578081b91dbb9e197de2f36b205cd13213bb
=== RUN   FuzzABI/e919710e72e12fcb6338ed4f4713c32d211a0109
=== RUN   FuzzABI/e93f104c6e33746f5db599d31c72e213d3eb9189
=== RUN   FuzzABI/e992bf0715eaadde90612cd31be54e11a4b7520f
=== RUN   FuzzABI/e9a8ca68868453f6bb5f0c7187eda4b45b04bb7a
=== RUN   FuzzABI/e9f6d148084a6e9296f923697365a6ab3ecb549d
=== RUN   FuzzABI/eb02944b7307e8cba83062a416e3e1fa4b21a2c2
=== RUN   FuzzABI/eb252ef3c2cae255e08a61a4bbf0a3d8a91a9673
=== RUN   FuzzABI/ebd98b4e39ea8a3cd3b96e0bad970707da8d4575
=== RUN   FuzzABI/ec35236cbe771e07772b34844fedf8faa81794d8
=== RUN   FuzzABI/ef0b6b92320e36ebc77efd5303b1979cc96144f1
=== RUN   FuzzABI/ef5fb85cf4d2233511e8bc2a5d44a2fb6f5da532
=== RUN   FuzzABI/f0340e0d476c7328e156d9fd4b8af804711e84ad
=== RUN   FuzzABI/f09ff55958030adf68605b501e417167b742fc46
=== RUN   FuzzABI/f0bb87a886931e2d9b9118d550ef0cbb89eb5951
=== RUN   FuzzABI/f0c54e1a029c63a37ca9b9f82d16d380e6b0b852
=== RUN   FuzzABI/f1092666849f9be006391ff2172d4c09bf70e1ae
=== RUN   FuzzABI/f1642ff6ce116ae8edd2e016c12d0e3eaa13567c
=== RUN   FuzzABI/f191a243a7715f7e1acf51d5c690096e1b4858dc
=== RUN   FuzzABI/f1bf1dc6eb85690315917554830300ee2e5acda9
=== RUN   FuzzABI/f298b8f04da4cbbb65f9a58d387ab0e0b4539b5d
=== RUN   FuzzABI/f2b770300c598bed930fc177347950beaee18df5
=== RUN   FuzzABI/f32e877a4630a6a900ee41e5c5c1eb92d56e538e
=== RUN   FuzzABI/f3f7a9a911255179bba3e8f25e5eb022f5e613da
=== RUN   FuzzABI/f4273f832fe4c0a2a797fbd23aa7c9a26f3ef056
=== RUN   FuzzABI/f4742486d1ee52855a510789df20c91a83e66dc2
=== RUN   FuzzABI/f4949fa20067c6f7f365981494c065b27845357e
=== RUN   FuzzABI/f4cd4f29f06b44cdc3512497ceee1ff364efe4ca
=== RUN   FuzzABI/f4f23bdf27938f2aab8e84b50783d0095530ccfe
=== RUN   FuzzABI/f4fed2401d38e7436df92951695d0fe680fa89e3
=== RUN   FuzzABI/f57b2937765b435eadd8fde50246d21b4b2fdb96
=== RUN   FuzzABI/f5acbf5d59e205e34c7073252edc6fc3a04fb77c
=== RUN   FuzzABI/f5b9bde71edf30d6bebcd506376cc7413adc5145
=== RUN   FuzzABI/f5d0f7c0f6fa5b126a0bcc26a25bbc9bfea79150
=== RUN   FuzzABI/f62df4ac24289e2161970dcf71f492911150fa19
=== RUN   FuzzABI/f64e46fe2324fc9a5709f8215d0831d718b87876
=== RUN   FuzzABI/f69e6228e60d903666fc152af94f8433153e70b1
=== RUN   FuzzABI/f77cc759d76fa13ec54296436260670f7633252a
=== RUN   FuzzABI/f78a7c4532e3c61597e4890a53e3ed8f77795f5b
=== RUN   FuzzABI/f7df92b2a979ce265f0b2d33c33cdbc99e8da041
=== RUN   FuzzABI/f802ca4190f89c13614b28ff83d72f7ea21907bb
=== RUN   FuzzABI/f84f62e94c01572ad5a4b674fe9d612d3cb8eb9f
=== RUN   FuzzABI/f896699efdbecbe34336a4c803b8872b824ae115
=== RUN   FuzzABI/f8c334ef1973de0d51b5a912028d7fe277fbb990
=== RUN   FuzzABI/f959c6cd465c59afe01f0dd776ba905cffd80e02
=== RUN   FuzzABI/f98ee26843e50df24a5b7e48e9a7a2b58e668309
=== RUN   FuzzABI/fa372dd05f11f7ee2dd3e16c9b3d839c92518fed
=== RUN   FuzzABI/faeb042d8b20f16332c38a2a5afac7103f56cec8
=== RUN   FuzzABI/fc14d552b0bc2069cc41ca6578850f2557b5bdea
=== RUN   FuzzABI/ff022b6715e4aa4007a8302f1936f30a5fc00d8d
=== RUN   FuzzABI/ff1cdfcb5ef69e438ce8ba78ce91dd18e88f6f8a
=== RUN   FuzzABI/ff573cafd21192b4c31d50d3d832b6fd8dcbd065
--- PASS: FuzzABI (0.09s)
    --- PASS: FuzzABI/00784977420c5f24746be264304182c824baef4c (0.00s)
    --- PASS: FuzzABI/0091ac7c94b29def0c32eb13d9b24112b7079d52 (0.00s)
    --- PASS: FuzzABI/00b9cc0bf1c104d6a63c9b78344541b39f2ac902 (0.00s)
    --- PASS: FuzzABI/01f918fc1871d5f2f541092c8393cdad101f311f (0.00s)
    --- PASS: FuzzABI/0352d4d22310b94ccb103d8a4b11c1cbb0706352 (0.00s)
    --- PASS: FuzzABI/038268d9a2c7293fb053703bd4c46c49ff290f99 (0.00s)
    --- PASS: FuzzABI/03a59601e070bb5a4be7f8a9e55f5ea4c399db83 (0.00s)
    --- PASS: FuzzABI/03afc90af6f1390e571e0335da325323d1d36971 (0.00s)
    --- PASS: FuzzABI/05ea9ffef922a7ee10be409f4f0983470a221bdc (0.00s)
    --- PASS: FuzzABI/05f90f51a48121cb54d9e99246d051d2b5986623 (0.00s)
    --- PASS: FuzzABI/0692f0adb4b0d4dfb1cb4ceb2994e803894ecf70 (0.00s)
    --- PASS: FuzzABI/0697800b8f1a877f94900d441609eb496e76610d (0.00s)
    --- PASS: FuzzABI/07568c8719927416e5704334a5d5395c4fa127c0 (0.00s)
    --- PASS: FuzzABI/07b78345c08cde9e7f6be237950339be50cc0d60 (0.00s)
    --- PASS: FuzzABI/0966b6cffdb3a634fbdadba6b9b62c2340d51e25 (0.00s)
    --- PASS: FuzzABI/0a9c9226ea1806b84610c2266161461e8a959fea (0.00s)
    --- PASS: FuzzABI/0ab6134bd47b1a75839898311b26a176d3dfb350 (0.00s)
    --- PASS: FuzzABI/0bc38b47dd094c43eaa0401dbeba7ee007eebaea (0.00s)
    --- PASS: FuzzABI/0c67801277b07013c3910a644496f8591db14fff (0.00s)
    --- PASS: FuzzABI/0ce93509b5b8d485fed1befafc594e1ab9ebb035 (0.00s)
    --- PASS: FuzzABI/0f275ba3a848ec940dc4e64262e24dfd3df1940d (0.00s)
    --- PASS: FuzzABI/0fabaa9a0beda18bf2bc632109bf7dc9f7c80f50 (0.00s)
    --- PASS: FuzzABI/10cdf010e57be426727e913c85ec2296b64b6817 (0.00s)
    --- PASS: FuzzABI/1311ab1c7bbb5d61949247cf0fd3ac892aefc2b9 (0.00s)
    --- PASS: FuzzABI/1401a851ba0e1e11d7eaa45ada9ebee2c7fabdcf (0.00s)
    --- PASS: FuzzABI/141940fc35244d89f1911690aca4bc1832356d7d (0.00s)
    --- PASS: FuzzABI/15ff5d48ece1c789712b881cedd80defe3087491 (0.00s)
    --- PASS: FuzzABI/162695de3f06449377f5610adbfccf87c57a77cf (0.00s)
    --- PASS: FuzzABI/16d29f436847f48e8bb731e6f117d9caba6be048 (0.00s)
    --- PASS: FuzzABI/17a65067df4b9f460497af4f44df0c627bbf2865 (0.00s)
    --- PASS: FuzzABI/182e9ca06d4e9d94c2a6fdacaf373d1eb323090b (0.00s)
    --- PASS: FuzzABI/19589583aebbfa09d6599a0a33fca3bd5a275142 (0.00s)
    --- PASS: FuzzABI/19a6a7011512602abc675060228049c0bfb2cf7c (0.00s)
    --- PASS: FuzzABI/19d5ca337a5d9d2ffa2b9547e2a809514b56f781 (0.00s)
    --- PASS: FuzzABI/1a82665b2911f6ac791974c6c66d9e890a85e869 (0.00s)
    --- PASS: FuzzABI/1ad71167e18cd29632e2ba60a9902caefe0a7b72 (0.00s)
    --- PASS: FuzzABI/1b52ba2105145d217ddd12078b7cd646bd064d96 (0.00s)
    --- PASS: FuzzABI/1eb50c16a8dae5e2793552c2cb0cb549e4894b81 (0.00s)
    --- PASS: FuzzABI/1ed23c7283665b5fb1c345e8d0c5dc08bccc6ea6 (0.00s)
    --- PASS: FuzzABI/1edff6ea530fc87a3aa08b7fbbbc6836835639e7 (0.00s)
    --- PASS: FuzzABI/1f6e0f993a48b2bff9a596fdffb4fabcd7657a4e (0.00s)
    --- PASS: FuzzABI/1fb1786a3c603febc182f57eca81ce4ccd1d152d (0.00s)
    --- PASS: FuzzABI/1fdc5af85afdc31b5fa791862e5fca655e79d943 (0.00s)
    --- PASS: FuzzABI/200e5f17a47499397d4a8938baf6bd625c3eaa6d (0.00s)
    --- PASS: FuzzABI/21715a7c183b224aecd26b830b76944cb6fa9a66 (0.00s)
    --- PASS: FuzzABI/21ab2a9d1afaf6be93d195b4859a82bfbf20accb (0.00s)
    --- PASS: FuzzABI/21e96f759850f35c7742caed5a11c3280f7bcb04 (0.00s)
    --- PASS: FuzzABI/22ce1ab298f3d3bbf3c9e76ca38d66a8d04134f2 (0.00s)
    --- PASS: FuzzABI/23573c529af6e9f6a2ee39c7aa604f98a273c476 (0.00s)
    --- PASS: FuzzABI/238c6129c0394b4babcc57afbbcd7d60b9eaae5a (0.00s)
    --- PASS: FuzzABI/24e17cf0dd63045f80c3c629da1a2318bf86fdbd (0.00s)
    --- PASS: FuzzABI/25da7e87c8ea9b828a0b08d04d8a1d0b4075ae20 (0.00s)
    --- PASS: FuzzABI/25eb7e9fac7bf97ede035e3070b806da5d857711 (0.00s)
    --- PASS: FuzzABI/2691b9683c28db3d4ae1945a777b38614f220769 (0.00s)
    --- PASS: FuzzABI/273a6f3ea80a6d6cf49e291b0c6d2aed0f82306d (0.00s)
    --- PASS: FuzzABI/27c15ebf0f2d988dc682e98132e55781e78f3ce2 (0.00s)
    --- PASS: FuzzABI/28445bcbd6aa59afda05142f5d81780f1cbcc578 (0.00s)
    --- PASS: FuzzABI/28ed3a797da3c48c309a4ef792147f3c56cfec40 (0.00s)
    --- PASS: FuzzABI/296f65ea99f7e47eacafc0b015780324fef7cab3 (0.00s)
    --- PASS: FuzzABI/29fcbb99bb0e8cfbe189c0045222c0b5331123a7 (0.00s)
    --- PASS: FuzzABI/2a4f438b7d409e672823ecc992f813ef3540f43c (0.00s)
    --- PASS: FuzzABI/2b26b4223ef44fe2e2a973ebc1f01d7850ffdf48 (0.00s)
    --- PASS: FuzzABI/2baf7df6277de9aa320a310305620f55fddb0966 (0.00s)
    --- PASS: FuzzABI/2bffee25b285f20066d0ca305be6a2f0d58f1d6b (0.00s)
    --- PASS: FuzzABI/2c4a5854749f98aa76bc8a979ab0d329bc1bd829 (0.00s)
    --- PASS: FuzzABI/2d1a4bc29f353fa8ea26a81a7414bf7e9e663716 (0.00s)
    --- PASS: FuzzABI/2d5440f3efde9f17741adf65de6eb0555e055ea4 (0.00s)
    --- PASS: FuzzABI/2f388e8d3dbb8f7e30575c981d3dc6dd4fa6527d (0.00s)
    --- PASS: FuzzABI/2f5be94d1fa973595cf73ea8147a189074bd802f (0.00s)
    --- PASS: FuzzABI/30ba0e580993418546cb555df4c2f0905fca0342 (0.00s)
    --- PASS: FuzzABI/31f196a3480464a1a1e376ad9de6172b2f5dc2d2 (0.00s)
    --- PASS: FuzzABI/321409e412220891f558fcd8394e1d886d8f52ba (0.00s)
    --- PASS: FuzzABI/328b7fdf3c25bcc501c121b0fd1558b08f20d4b9 (0.00s)
    --- PASS: FuzzABI/328c8f608776f626e8fd5fcff3c270eb824fc393 (0.00s)
    --- PASS: FuzzABI/3349edf8bd7e39702954e6590852a1ca8bbd6e6a (0.00s)
    --- PASS: FuzzABI/3384b897dc9eb11b72a4949537bc5735fbae6067 (0.00s)
    --- PASS: FuzzABI/33f99eb9cb67e1049b41e6754a45b0d7010c105c (0.00s)
    --- PASS: FuzzABI/3404e5c06ad6ae721b802dd1a3fa085e415288fd (0.00s)
    --- PASS: FuzzABI/3482a557865b130c391beb267678cbc28f2ed73c (0.00s)
    --- PASS: FuzzABI/34a3cc1b580bd3596c05dde16f25374dc8591a44 (0.00s)
    --- PASS: FuzzABI/3501d49881e176d7c8c5ea22609ff4f97542a773 (0.00s)
    --- PASS: FuzzABI/3585a493e4e711a4b6f1c94dd62b56484a7701c7 (0.00s)
    --- PASS: FuzzABI/35c4ee78a6459831be49c261002c19d6c0f16d7d (0.00s)
    --- PASS: FuzzABI/364b7099d8ca83a12aa875c98f3fbd375a456f04 (0.00s)
    --- PASS: FuzzABI/364c226590292b88988fb5bf10428035ffeba8ff (0.00s)
    --- PASS: FuzzABI/36a7e58016b8175aa356dcb8ef469bd94c89489f (0.00s)
    --- PASS: FuzzABI/36e552f7bc2386edb74e35e4c89054dbe89db785 (0.00s)
    --- PASS: FuzzABI/36ec7896b161b81a2f42be3a15f271ceb0d561fd (0.00s)
    --- PASS: FuzzABI/36fb6ddfeaf0d5efba00ad23d6f670dd33d03a2c (0.00s)
    --- PASS: FuzzABI/38c1d4dfe54378f8cbb6302e3a843acdfd28378e (0.00s)
    --- PASS: FuzzABI/3976088f139c547a30e5f62bdd2e5e12c2c1896e (0.00s)
    --- PASS: FuzzABI/3b701fc5ab9d30baf9b026207292a652632d0a80 (0.00s)
    --- PASS: FuzzABI/3bcc5d061d5ee8cdd94d0d7de055ab723161a493 (0.00s)
    --- PASS: FuzzABI/3bd43cf46c002f80d7f11284ac4467cbbc84c600 (0.00s)
    --- PASS: FuzzABI/3ce042c0ffb8be595356c344b79106bf66bc5f6f (0.00s)
    --- PASS: FuzzABI/3d6cbbf680324b695a79181518e872ba97c920c8 (0.00s)
    --- PASS: FuzzABI/3db7b594136c373693abf7abbc0285d066968ea6 (0.00s)
    --- PASS: FuzzABI/3de25e7525483ca7529079f3dd48feb44d688c28 (0.00s)
    --- PASS: FuzzABI/3e0143ccb7407947b0b1e66382afc203ba7c028d (0.00s)
    --- PASS: FuzzABI/40e4dbe7e2ec31317225764544aebf702778d3c7 (0.00s)
    --- PASS: FuzzABI/40e562745e2cc9673ee1561770c5eb8e40c1e124 (0.00s)
    --- PASS: FuzzABI/4164fb422f5cdbf02555ae94facf2d434b7dba36 (0.00s)
    --- PASS: FuzzABI/416b76c454460221dd9767609880704fa00fa64b (0.00s)
    --- PASS: FuzzABI/428950f5a9b3a2bd71f574122797dd862aed4e72 (0.00s)
    --- PASS: FuzzABI/4295829cfe45ded45c9f7730ed4ae60f0817210f (0.00s)
    --- PASS: FuzzABI/44eadea37b5e705492bf074e21751bd5f2aa2070 (0.00s)
    --- PASS: FuzzABI/4849a4e994108685fbc8109e23348a0759d21476 (0.00s)
    --- PASS: FuzzABI/4926536db705fe8873cff8deb62bb15ffc470a8e (0.00s)
    --- PASS: FuzzABI/493ba71e9ff28b67f473185faade4c1376743c36 (0.00s)
    --- PASS: FuzzABI/4bf19bfafc0ec2bae701adfc56f697ae09f7e603 (0.00s)
    --- PASS: FuzzABI/4d5425cc0d7371d9b6262177e4287c36a0a5faa3 (0.00s)
    --- PASS: FuzzABI/4f216f856a1e245533385f6dd0f754389afa7a3f (0.00s)
    --- PASS: FuzzABI/4f2b0f279027ddaa070ddcc9492be47443090651 (0.00s)
    --- PASS: FuzzABI/4f3674ff11f7e4f772561960f12d4efa2794f234 (0.00s)
    --- PASS: FuzzABI/4febd706bf739f6f961bd3def18e7f312c2fdb72 (0.00s)
    --- PASS: FuzzABI/505862ccb32aaa5da3eec315df0c4c67d9b1a391 (0.00s)
    --- PASS: FuzzABI/51cc8de6ff4c097539053e40ea0a18f8994bf042 (0.00s)
    --- PASS: FuzzABI/5237bc974d7c857f7de4a2ad254ef8245f3c9c99 (0.00s)
    --- PASS: FuzzABI/52caa04d03065f6e07fc93facb204faad474b3bb (0.00s)
    --- PASS: FuzzABI/53ab53d4b70e14308b571fbcd47e611ca0fa9a64 (0.00s)
    --- PASS: FuzzABI/53dd16d4a5cf0f6fdf9bc75a6421b47668f35947 (0.00s)
    --- PASS: FuzzABI/551ef0da4cf213069537e1e03fb151d748432ef0 (0.00s)
    --- PASS: FuzzABI/55a667b7b07865615f025d0bb199df61768b805b (0.00s)
    --- PASS: FuzzABI/5699c706893354d8dc0f47388247a4716ac65a09 (0.00s)
    --- PASS: FuzzABI/5837c9b5c0fd233393f966c2b235a57bc8d54922 (0.00s)
    --- PASS: FuzzABI/5979dbd3751a765e997587ee5763ae1efb9c895d (0.00s)
    --- PASS: FuzzABI/59a51f2b84450358799fe4a9e995033b875d91ac (0.00s)
    --- PASS: FuzzABI/5b253fd80a1846f754390620c69fd6595c097f13 (0.00s)
    --- PASS: FuzzABI/5c2408c3626eb27350dd3288f8ce31cbdbcd5c46 (0.00s)
    --- PASS: FuzzABI/5cb5b0fc531248f51d7ce404f132c5ee139274a7 (0.00s)
    --- PASS: FuzzABI/5d14bca1b0ab17384713e31a95590b22b2586b09 (0.00s)
    --- PASS: FuzzABI/6023f0de33a0e0425ed0886134c9b3fa8ba93f29 (0.00s)
    --- PASS: FuzzABI/605ae4f56633b8e52f0abfc13f89d862d25f1888 (0.00s)
    --- PASS: FuzzABI/6141f6577a2974f5b73db5ddf84525c6cacefe6c (0.00s)
    --- PASS: FuzzABI/6212b386559b622e0044ae5eeda5beb35cedee7c (0.00s)
    --- PASS: FuzzABI/62e145d31314a8d03d8a896d3484133556278c84 (0.00s)
    --- PASS: FuzzABI/631baeb5ba5d45724c5f5aa8da594f7bff4107e8 (0.00s)
    --- PASS: FuzzABI/635b8d0849ba2396e42100526031d45881716631 (0.00s)
    --- PASS: FuzzABI/63bdecbe87f3069353b0c2297c979b04073dcb73 (0.00s)
    --- PASS: FuzzABI/63e7e4780c4dd734baee0c5d7c6c4a5ec650c5c0 (0.00s)
    --- PASS: FuzzABI/640f9e4319871c3e3a3114c6ac9c604f8bc80f64 (0.00s)
    --- PASS: FuzzABI/655337a15663958491ff0036768ec61e5a2ef404 (0.00s)
    --- PASS: FuzzABI/65745639619cd00a7c1574a2a13a2b3a899cb5ac (0.00s)
    --- PASS: FuzzABI/66c82b08eab23f983e294bdaab025920ae264eaf (0.00s)
    --- PASS: FuzzABI/67581300752db0af7035b3652688ba9044e9bfb9 (0.00s)
    --- PASS: FuzzABI/67ce3e8c47ad7c614b3a9b7f9dc3107f09926ae7 (0.00s)
    --- PASS: FuzzABI/68201b66888036ba493437387d55174fa20253b7 (0.00s)
    --- PASS: FuzzABI/68619cb5dd6f6a5572fa2a1485059498ad09bfd4 (0.00s)
    --- PASS: FuzzABI/6a074995783420a90edd18fdfefc448526c19cd6 (0.00s)
    --- PASS: FuzzABI/6bd3289d15dd51330eba239f4ec0af7f126b436b (0.00s)
    --- PASS: FuzzABI/6c1530190707774a65b6af8d59d7ed09c34c831b (0.00s)
    --- PASS: FuzzABI/6d7c97b1f20881e534cb7a96f6ab24a6947ffdbc (0.00s)
    --- PASS: FuzzABI/6ff3e427cb63574f590eea54fc604acce282faff (0.00s)
    --- PASS: FuzzABI/7082a39fd2a79d843ca3f5a123d34fd56e0f1e33 (0.00s)
    --- PASS: FuzzABI/708c54fa7ff02a841983f3b84825054bf1b18f91 (0.00s)
    --- PASS: FuzzABI/70d086ab9af5de557798036507d902efa20b1553 (0.00s)
    --- PASS: FuzzABI/7134ad567cc20ae538a231b0a808d2eb0d46872c (0.00s)
    --- PASS: FuzzABI/714679578cacb2309d24ec74a56173e2f72224d7 (0.00s)
    --- PASS: FuzzABI/7149cd12d08c6da304bfbe281e8f184bbc07eb31 (0.00s)
    --- PASS: FuzzABI/71853c6197a6a7f222db0f1978c7cb232b87c5ee (0.00s)
    --- PASS: FuzzABI/72b0daa19228a58e07d65d4d1823f3b9661524e1 (0.00s)
    --- PASS: FuzzABI/736cddfe6658a991be5bb856046f0065699d209a (0.00s)
    --- PASS: FuzzABI/73a417020df8c0bdd17d123e03ead537108aa700 (0.00s)
    --- PASS: FuzzABI/73b9790383993c71ccae3e6c61c6b652c8978dee (0.00s)
    --- PASS: FuzzABI/7406917fc8720ce6fabf3beb34c67d4bd7666336 (0.00s)
    --- PASS: FuzzABI/74c7f5313f52a8107a7dd7ddba35586ce6dee963 (0.00s)
    --- PASS: FuzzABI/7619076e6e93c31d692a9655d599c67098a5ac98 (0.00s)
    --- PASS: FuzzABI/765024b7a78259441a297c959de0ac6321f29f1d (0.00s)
    --- PASS: FuzzABI/76666109b95c6e2be52b9e432b00d0cac243834d (0.00s)
    --- PASS: FuzzABI/76bde29bfa0c39a5752bbd7b4f010b81307cb7dc (0.00s)
    --- PASS: FuzzABI/76eae5456e60851e16a27b304b4fb579f4e6664d (0.00s)
    --- PASS: FuzzABI/7741476fce76390a9bdf33639ab2a55a33244e06 (0.00s)
    --- PASS: FuzzABI/78663147ee11be31657dd9390ed78b13e7d466d7 (0.00s)
    --- PASS: FuzzABI/790ea762d2b31496d20b1c77433e58af1c1a593a (0.00s)
    --- PASS: FuzzABI/7b075689e93324a0505f71bbeab973dc3a83cf63 (0.00s)
    --- PASS: FuzzABI/7bd4258f4c8b099a33cd20ff2d44254982cb660d (0.00s)
    --- PASS: FuzzABI/7be4918205bde98f29598878bb076780ddd96946 (0.00s)
    --- PASS: FuzzABI/7c0bfe398a10e92d82261c94273aa49d8abc8215 (0.00s)
    --- PASS: FuzzABI/7c2785643ec5bc95ef2cc2d9b520257e03322d77 (0.00s)
    --- PASS: FuzzABI/7c64850cbf1c8e3fc3dc77e68498e9fb87ef79e4 (0.00s)
    --- PASS: FuzzABI/7ca5facaa36fbddd9b92f740e133dfa9134387e7 (0.00s)
    --- PASS: FuzzABI/7caf96a28de8ba2ac0bc8313baf11b690b90e9fc (0.00s)
    --- PASS: FuzzABI/7d257dbc5591291d7db3a9a2e0b5f331a5c35cc8 (0.00s)
    --- PASS: FuzzABI/7d3747d386889c48942a6c29ce5f98234a9caf07 (0.00s)
    --- PASS: FuzzABI/7d594ab683f84f41da33a5c2f1de90fab237cb3e (0.00s)
    --- PASS: FuzzABI/7dce062d98ac9be234b6424b72aff32bd3448cc3 (0.00s)
    --- PASS: FuzzABI/7df8c75e1d161348ea7bd1f889c7814c5ff04b50 (0.00s)
    --- PASS: FuzzABI/7e445509b68ef2233dbecdfc6a97e4ea07837ea6 (0.00s)
    --- PASS: FuzzABI/80494bc5b413ee700b9a6dc8fac3dcc0691dbef3 (0.00s)
    --- PASS: FuzzABI/80568fbce3156f5947c95475a9d982126be81745 (0.00s)
    --- PASS: FuzzABI/80dd74af063dc635c78d7cab14d892ad2ad709de (0.00s)
    --- PASS: FuzzABI/8105e7bfae8744f81bd7aa03d3b5276b27c5a05a (0.00s)
    --- PASS: FuzzABI/81686763e3b9df212038e67a1d65b6061ccfa852 (0.00s)
    --- PASS: FuzzABI/81d9cfcc885861c8cdc0158e5fa71e576208948c (0.00s)
    --- PASS: FuzzABI/82622bd95912e9aa0c07d0aa8a07b746384ed796 (0.00s)
    --- PASS: FuzzABI/835592223d10b492f62d58a6c1c03bfaef0a2fc0 (0.00s)
    --- PASS: FuzzABI/844ad6fdb2e13803faf8d3f3f4357724e9085e24 (0.00s)
    --- PASS: FuzzABI/8456db2ac33680f1896b1f36622bebe74041dce4 (0.00s)
    --- PASS: FuzzABI/846ad24038d3fba49c70dca3b0806c645f5c6828 (0.00s)
    --- PASS: FuzzABI/850e7f0a34b2f188a96f6af15d3813c8dd457c88 (0.00s)
    --- PASS: FuzzABI/85caa10d8eea5538c08cf8d5fc0ded0281163312 (0.00s)
    --- PASS: FuzzABI/863878713a005e86dd3d4c6cb4b5fd155944d83c (0.00s)
    --- PASS: FuzzABI/865cf3654ca54cc24ff23dbdffe1aabdc5af2379 (0.00s)
    --- PASS: FuzzABI/86b197a829592f76728942a6bc240b7fdaaddffa (0.00s)
    --- PASS: FuzzABI/86f36dd6797168ec3a98b2d16bfff1c49e9dc185 (0.00s)
    --- PASS: FuzzABI/86f4dfc6d5b061064e702afeba4e7020898ce872 (0.00s)
    --- PASS: FuzzABI/87cb0555121b42558536825820ae9c9a74782937 (0.00s)
    --- PASS: FuzzABI/88b110abce5cc042640c9852aad1057c5be1b3c9 (0.00s)
    --- PASS: FuzzABI/88c9d9849c05c51a603ea0e6f5cab634c071ac97 (0.00s)
    --- PASS: FuzzABI/8a5d42dcbb9f30a0d0da424e9a6390302a52046b (0.00s)
    --- PASS: FuzzABI/8a7e2950efef0287808b06357e5a1e850764871a (0.00s)
    --- PASS: FuzzABI/8b7d659c7c91b4bcde0895127bc838ddc5b0d0f5 (0.00s)
    --- PASS: FuzzABI/8bd13de54974a6052de89dcc31e2d5ac3aa1dd2b (0.00s)
    --- PASS: FuzzABI/8bdbcb571cae046d3cc8d3d6a8aa990a6da11d37 (0.00s)
    --- PASS: FuzzABI/8d33e6d893c53e493aa449ad88432c5f79824c2b (0.00s)
    --- PASS: FuzzABI/8d37ebe79d329b8dafddb454fef3f8140f969d11 (0.00s)
    --- PASS: FuzzABI/8f112952d8ec8c06ee561d8f9076e559381f5948 (0.00s)
    --- PASS: FuzzABI/8fa5964dea0dc5f26dadee56550720125de1a2f8 (0.00s)
    --- PASS: FuzzABI/9021c5061c617f9ed3ef5f81d1f0748dd3ba2bdc (0.00s)
    --- PASS: FuzzABI/9069ca78e7450a285173431b3e52c5c25299e473 (0.00s)
    --- PASS: FuzzABI/90784ab182bfb163638450e5c27296b5092f946a (0.00s)
    --- PASS: FuzzABI/9090666bd75e0582061d1e78dddd275b253fca7f (0.00s)
    --- PASS: FuzzABI/9182d0c5cb8091de73713e0a9d8c0ba04685e170 (0.00s)
    --- PASS: FuzzABI/9354a9bd2bf7f0c429b66b73946c9024456b4b1f (0.00s)
    --- PASS: FuzzABI/9457f7484c3e4f827ac79b6d026ebc919d3810a2 (0.00s)
    --- PASS: FuzzABI/9508881d4620f4e31514f55e477d4585bd3ff411 (0.00s)
    --- PASS: FuzzABI/9657a5dd70a9ad7e0244e369b4c271eeb5f673a1 (0.00s)
    --- PASS: FuzzABI/9834cdf3a9e9e7467a81d1335936fa5329429aae (0.00s)
    --- PASS: FuzzABI/989561ee1fbb23c2e3aa0f4b570942d910935898 (0.00s)
    --- PASS: FuzzABI/9a8a09e1a19f6fa17ebf90efd427a58acfbbb918 (0.00s)
    --- PASS: FuzzABI/9c35cc9ecfa8459dea0147897afccf4a0e6e9587 (0.00s)
    --- PASS: FuzzABI/9c7a660563b9d465c7265aefb5376beb40aaa6b8 (0.00s)
    --- PASS: FuzzABI/9dcb339570b34da65d55528f67cc8d8c54bad746 (0.00s)
    --- PASS: FuzzABI/a0600e1f7b66757ff5c301db1b3e74723edb484e (0.00s)
    --- PASS: FuzzABI/a074160f7f09663765e8f254decffde60fb0e0f2 (0.00s)
    --- PASS: FuzzABI/a198c4bb2b92e076eff0119196ff328979005227 (0.00s)
    --- PASS: FuzzABI/a25bdfe52f614ff01037a4f0362466215107ac84 (0.00s)
    --- PASS: FuzzABI/a2c85bfb34d09316aafaa7e65ab9ecf7f9180647 (0.00s)
    --- PASS: FuzzABI/a2cce93402f2c18a4784dfc2095102c266ee7a1a (0.00s)
    --- PASS: FuzzABI/a30a87dd5dda6954b9e041a32cc2868ee8a9bc78 (0.00s)
    --- PASS: FuzzABI/a4a2bc781c90732dbb549b1a85b13b90bb07b35b (0.00s)
    --- PASS: FuzzABI/a4a9a0e0dddbe76f9f3ca730dab7cd551c77f865 (0.00s)
    --- PASS: FuzzABI/a4ad57c16fa4c73f7b7871e4e780b31dce5e69c4 (0.00s)
    --- PASS: FuzzABI/a5b24352dd779a1235e058af01afad5913b1138e (0.00s)
    --- PASS: FuzzABI/a5e8736ead7cc9d1e799596b0412a53aecaf6996 (0.00s)
    --- PASS: FuzzABI/a66f285aa69b1f17036716c1f0786783f18b2c02 (0.00s)
    --- PASS: FuzzABI/a6d2bd40299ae44665a246befd31825f5e63f2a2 (0.00s)
    --- PASS: FuzzABI/a6dcd7f07c22b1cb406543673405210628bf0aad (0.00s)
    --- PASS: FuzzABI/a72b2916134c24594fc820007ce0eabea921b3d1 (0.00s)
    --- PASS: FuzzABI/a7bfa35e56226aefc249933474cef4c7aa71618e (0.00s)
    --- PASS: FuzzABI/a7fd32e60dc511304f62149a1b58f62cff586a29 (0.00s)
    --- PASS: FuzzABI/a94a8b0022338a2749ba74a02041dee3cbbb5241 (0.00s)
    --- PASS: FuzzABI/a9fb544243b87189cb6b6dbfe17329e422a2bfee (0.00s)
    --- PASS: FuzzABI/aa9056c32141844ef0c435b5bf6a3df70a316058 (0.00s)
    --- PASS: FuzzABI/ac4f88fe91fe8e356634244c31231e868f450351 (0.00s)
    --- PASS: FuzzABI/acd992799442ec14b3097cbe008f2d577b236867 (0.00s)
    --- PASS: FuzzABI/ad86a581773ae55d3f3713b3a8d35b47d4037527 (0.00s)
    --- PASS: FuzzABI/ae1bf552f6f6970f5afb656f22805cc3f7f59e84 (0.00s)
    --- PASS: FuzzABI/af0b8b1c629dfcfb4c4db85b7a5aff7e0dfbee4b (0.00s)
    --- PASS: FuzzABI/af887deb51608296584f4a02a56b75492eae3e0a (0.00s)
    --- PASS: FuzzABI/afc2b9c5d60b56169707eb360fb9adefa4550aba (0.00s)
    --- PASS: FuzzABI/b01aca842883c90b00a761358d6298b6308d72f6 (0.00s)
    --- PASS: FuzzABI/b11633677a4c171c1ef440d14caefb7d1a174bc8 (0.00s)
    --- PASS: FuzzABI/b25c8fb4228825e2a224d7a9b840a45cd5cc9cfe (0.00s)
    --- PASS: FuzzABI/b34437daf0500a4c896a7f180a679d3740e165e4 (0.00s)
    --- PASS: FuzzABI/b3e37c3084a8dabe766816006ebee3f930ed89fa (0.00s)
    --- PASS: FuzzABI/b43151f649e267e003d327f9daf08c6143c3d040 (0.00s)
    --- PASS: FuzzABI/b5a0dbe50671ef471fe2c0bc7f42911e719c6b42 (0.00s)
    --- PASS: FuzzABI/b6980a5c846ea845e8aeac66263c0d93751d623e (0.00s)
    --- PASS: FuzzABI/b6aea2f38a87b52b96dd4c70f91085362f52d55e (0.00s)
    --- PASS: FuzzABI/b6d8a7265dc6547ed4e9987aa0a54765de8aa928 (0.00s)
    --- PASS: FuzzABI/b6fb175effc324c930689b7d00e368ce581210d0 (0.00s)
    --- PASS: FuzzABI/b7196ecce3bae1ca08b07abf89f105082395fa45 (0.00s)
    --- PASS: FuzzABI/b7f58b48a4d7a9ed7881cecf5ca4bf4e64776328 (0.00s)
    --- PASS: FuzzABI/b80962c1ffba186a5bb0b3f9691d14322d7bc834 (0.00s)
    --- PASS: FuzzABI/b84c78418e78516d5d71f0d40fb7ebe0ac0ae18d (0.00s)
    --- PASS: FuzzABI/b8ccf387615b6c85aded419bd587699c572e8b81 (0.00s)
    --- PASS: FuzzABI/b8f58312d34f8b20aa772011e53216f17ca6e599 (0.00s)
    --- PASS: FuzzABI/b95e1c6a0817205f44ac2e15f120323b8e8b3f6e (0.00s)
    --- PASS: FuzzABI/b9a270994d964b908d36baaa6b8d23a93c43c177 (0.00s)
    --- PASS: FuzzABI/b9b45bcdec0e79e266f0e247a48011a4d96ace89 (0.00s)
    --- PASS: FuzzABI/ba0d4f1d2f4033644087cc36edc42871e91f225e (0.00s)
    --- PASS: FuzzABI/baea8eebc8f6dfc295cc148bb9885552cd5629ae (0.00s)
    --- PASS: FuzzABI/bb7f1f472e89e7797994567f051a4537e2fd3300 (0.00s)
    --- PASS: FuzzABI/bbbe10fd71a45106788115f7c8077306e6b41a63 (0.00s)
    --- PASS: FuzzABI/bceb3d89dbb143861e8e2dbd347fd8b346766880 (0.00s)
    --- PASS: FuzzABI/bd576f551ab1bff0ab12b7674673f6e17c7fd549 (0.00s)
    --- PASS: FuzzABI/be683b79213f106619e4991bddb1f3ac1ff6ad6d (0.00s)
    --- PASS: FuzzABI/bec6a2e9da2024e552f2769d4c81ef76c2764058 (0.00s)
    --- PASS: FuzzABI/bee31d9a88e15683b8c97705b9a4a5192996fa54 (0.00s)
    --- PASS: FuzzABI/bef54b26fbd9e1c56bc83331fe2ea006d8ab7d6f (0.00s)
    --- PASS: FuzzABI/bf36e491c9939ba98e50db76df80e385a7feb481 (0.00s)
    --- PASS: FuzzABI/c0a7ff6c950d091c99804c42402f0a19c478b969 (0.00s)
    --- PASS: FuzzABI/c0a8dc6eff961896f35a2b5c35a7d6747a9e1ffb (0.00s)
    --- PASS: FuzzABI/c1efcbea67054c934b967c0338ad7ecf9eb94566 (0.00s)
    --- PASS: FuzzABI/c22dd12bf177c2a916962ed49fb7ca751443fa79 (0.00s)
    --- PASS: FuzzABI/c282778507d342aa9c2b4633cd83227dd1d9a3f4 (0.00s)
    --- PASS: FuzzABI/c3dabd4e9c67bd51a929f9ad548f78b14ab02101 (0.00s)
    --- PASS: FuzzABI/c66139938e6c917eeb46e28b3f861adf89a23385 (0.00s)
    --- PASS: FuzzABI/c6ffc214865403a1915d1724a39811ff9be6d62c (0.00s)
    --- PASS: FuzzABI/c962fa0d62d326fa0d7d8f76a5b81e795d15ee85 (0.00s)
    --- PASS: FuzzABI/c9a11a6df9d5105a12db5a62b64d0ac8d7793f4c (0.00s)
    --- PASS: FuzzABI/caa29dd8ad289d48cea02e04916c50c864ab0852 (0.00s)
    --- PASS: FuzzABI/caa6502ec30bb61854567f2977d8cbd68d325572 (0.00s)
    --- PASS: FuzzABI/cb0cd86961c3a65b2507206854f21d65afa1ad49 (0.00s)
    --- PASS: FuzzABI/cc069fd4fcac51d7cee1d874c0711c53db963584 (0.00s)
    --- PASS: FuzzABI/cc2b1102e2902449990389b0c87a9b039cd077a0 (0.00s)
    --- PASS: FuzzABI/cdb565f9978c9cd8828cfcc7dbf6eac5c6f36b7f (0.00s)
    --- PASS: FuzzABI/ce0c45970b1bf3a26f3bccf4e798f18a6bf1b6e6 (0.00s)
    --- PASS: FuzzABI/cfd58e78f525b7783476187ce35b8eff9cc88caa (0.00s)
    --- PASS: FuzzABI/d00e6faf8f7d24c3e33050961a8aa2d0d01e7acc (0.00s)
    --- PASS: FuzzABI/d08e10e83789d3de83f625c491d5f158a2283ed0 (0.00s)
    --- PASS: FuzzABI/d0e55191323d3886f5f2905c9d0dc40a4d9d4206 (0.00s)
    --- PASS: FuzzABI/d0e817fd0c6a735b4f363e3b32dcf30d0d2adb60 (0.00s)
    --- PASS: FuzzABI/d25a02a783110fb650701ae89eaccd3887e9aec7 (0.00s)
    --- PASS: FuzzABI/d320b315e3c59cb380740723b616f85579127c9d (0.00s)
    --- PASS: FuzzABI/d44178fd1747f8fec076c0f472b9710e0998461f (0.00s)
    --- PASS: FuzzABI/d4a399fb8e12a93e53a1354884482191f070d83c (0.00s)
    --- PASS: FuzzABI/d640a3ac9b6afcc4c264c68295a5003955e76fbb (0.00s)
    --- PASS: FuzzABI/d6a4c4f71d355854661acdfa831300b4856f193a (0.00s)
    --- PASS: FuzzABI/d6a67bc2d072cb2927935cb0038b0c0459487dd5 (0.00s)
    --- PASS: FuzzABI/d6f936cfbd48ebdcb0d6211cabbc29d89117712a (0.00s)
    --- PASS: FuzzABI/d78ab8122671c32357150bb695a4ac55e7be9b0b (0.00s)
    --- PASS: FuzzABI/d8a0d51008cce81d02873a96496911135aae3b9b (0.00s)
    --- PASS: FuzzABI/d8e2a2b30f8636c9c91603ac3d3ef3be38fd5843 (0.00s)
    --- PASS: FuzzABI/d96a09faf6d27a60437205b2305626b73e1eff4b (0.00s)
    --- PASS: FuzzABI/d99be2cef4fc25dafb6cd978e93366377c77a23c (0.00s)
    --- PASS: FuzzABI/dd174acd7d17d102e0fd8ab985b6811f435d3b9c (0.00s)
    --- PASS: FuzzABI/dd3f5c6a51a6744ad002229aa19fb1bd592f2747 (0.00s)
    --- PASS: FuzzABI/dd9f3ce188e73db9f92d6f120cd5b1ec46965dfb (0.00s)
    --- PASS: FuzzABI/dda42ff06cbef3a6ea0c33cea4c9495ff7e96a4f (0.00s)
    --- PASS: FuzzABI/ddae381c7ec81bb7e786f5d81a66a40794345bd9 (0.00s)
    --- PASS: FuzzABI/ddd47cc3855d94186fe17757caa8f8e8a3afecc2 (0.00s)
    --- PASS: FuzzABI/deedce24a60b8ffaf6f0bfa635545f4aabb222b9 (0.00s)
    --- PASS: FuzzABI/dfded34c5af31720fb5192dc3b9f016a3948f39e (0.00s)
    --- PASS: FuzzABI/e0a6ae70b3c3e4411ab77c2e75891bff5affcac4 (0.00s)
    --- PASS: FuzzABI/e0c72e10fa5fa8fe64cd8935c2cece8c120a4ba2 (0.00s)
    --- PASS: FuzzABI/e0ea1d99fe82cefda7572a325a8a0d7fff9bc55c (0.00s)
    --- PASS: FuzzABI/e1470534d4451a2b06c316b8211f79e0346efef4 (0.00s)
    --- PASS: FuzzABI/e1d3c828174d9be5495a68d352c838138b2421f7 (0.00s)
    --- PASS: FuzzABI/e4602902a923f92045c7cc869f93a1a133564ba8 (0.00s)
    --- PASS: FuzzABI/e4b312be6c4a116b4556cdca15e36bc7f7c6dc10 (0.00s)
    --- PASS: FuzzABI/e55345bf4adb2cfd39882697e5bbbca569d54ac4 (0.00s)
    --- PASS: FuzzABI/e5a5b4309d3905a82291c66c519bb7ca6222d164 (0.00s)
    --- PASS: FuzzABI/e62ecd6fe822b7ab69a3c56745d46d7ba7019bc3 (0.00s)
    --- PASS: FuzzABI/e7477bc3e76bf5ac9b678a00fb7e7fe9c8ada7f4 (0.00s)
    --- PASS: FuzzABI/e795578081b91dbb9e197de2f36b205cd13213bb (0.00s)
    --- PASS: FuzzABI/e919710e72e12fcb6338ed4f4713c32d211a0109 (0.00s)
    --- PASS: FuzzABI/e93f104c6e33746f5db599d31c72e213d3eb9189 (0.00s)
    --- PASS: FuzzABI/e992bf0715eaadde90612cd31be54e11a4b7520f (0.00s)
    --- PASS: FuzzABI/e9a8ca68868453f6bb5f0c7187eda4b45b04bb7a (0.00s)
    --- PASS: FuzzABI/e9f6d148084a6e9296f923697365a6ab3ecb549d (0.00s)
    --- PASS: FuzzABI/eb02944b7307e8cba83062a416e3e1fa4b21a2c2 (0.00s)
    --- PASS: FuzzABI/eb252ef3c2cae255e08a61a4bbf0a3d8a91a9673 (0.00s)
    --- PASS: FuzzABI/ebd98b4e39ea8a3cd3b96e0bad970707da8d4575 (0.00s)
    --- PASS: FuzzABI/ec35236cbe771e07772b34844fedf8faa81794d8 (0.00s)
    --- PASS: FuzzABI/ef0b6b92320e36ebc77efd5303b1979cc96144f1 (0.00s)
    --- PASS: FuzzABI/ef5fb85cf4d2233511e8bc2a5d44a2fb6f5da532 (0.00s)
    --- PASS: FuzzABI/f0340e0d476c7328e156d9fd4b8af804711e84ad (0.00s)
    --- PASS: FuzzABI/f09ff55958030adf68605b501e417167b742fc46 (0.00s)
    --- PASS: FuzzABI/f0bb87a886931e2d9b9118d550ef0cbb89eb5951 (0.00s)
    --- PASS: FuzzABI/f0c54e1a029c63a37ca9b9f82d16d380e6b0b852 (0.00s)
    --- PASS: FuzzABI/f1092666849f9be006391ff2172d4c09bf70e1ae (0.00s)
    --- PASS: FuzzABI/f1642ff6ce116ae8edd2e016c12d0e3eaa13567c (0.00s)
    --- PASS: FuzzABI/f191a243a7715f7e1acf51d5c690096e1b4858dc (0.00s)
    --- PASS: FuzzABI/f1bf1dc6eb85690315917554830300ee2e5acda9 (0.00s)
    --- PASS: FuzzABI/f298b8f04da4cbbb65f9a58d387ab0e0b4539b5d (0.00s)
    --- PASS: FuzzABI/f2b770300c598bed930fc177347950beaee18df5 (0.00s)
    --- PASS: FuzzABI/f32e877a4630a6a900ee41e5c5c1eb92d56e538e (0.00s)
    --- PASS: FuzzABI/f3f7a9a911255179bba3e8f25e5eb022f5e613da (0.00s)
    --- PASS: FuzzABI/f4273f832fe4c0a2a797fbd23aa7c9a26f3ef056 (0.00s)
    --- PASS: FuzzABI/f4742486d1ee52855a510789df20c91a83e66dc2 (0.00s)
    --- PASS: FuzzABI/f4949fa20067c6f7f365981494c065b27845357e (0.00s)
    --- PASS: FuzzABI/f4cd4f29f06b44cdc3512497ceee1ff364efe4ca (0.00s)
    --- PASS: FuzzABI/f4f23bdf27938f2aab8e84b50783d0095530ccfe (0.00s)
    --- PASS: FuzzABI/f4fed2401d38e7436df92951695d0fe680fa89e3 (0.00s)
    --- PASS: FuzzABI/f57b2937765b435eadd8fde50246d21b4b2fdb96 (0.00s)
    --- PASS: FuzzABI/f5acbf5d59e205e34c7073252edc6fc3a04fb77c (0.00s)
    --- PASS: FuzzABI/f5b9bde71edf30d6bebcd506376cc7413adc5145 (0.00s)
    --- PASS: FuzzABI/f5d0f7c0f6fa5b126a0bcc26a25bbc9bfea79150 (0.00s)
    --- PASS: FuzzABI/f62df4ac24289e2161970dcf71f492911150fa19 (0.00s)
    --- PASS: FuzzABI/f64e46fe2324fc9a5709f8215d0831d718b87876 (0.00s)
    --- PASS: FuzzABI/f69e6228e60d903666fc152af94f8433153e70b1 (0.00s)
    --- PASS: FuzzABI/f77cc759d76fa13ec54296436260670f7633252a (0.00s)
    --- PASS: FuzzABI/f78a7c4532e3c61597e4890a53e3ed8f77795f5b (0.00s)
    --- PASS: FuzzABI/f7df92b2a979ce265f0b2d33c33cdbc99e8da041 (0.00s)
    --- PASS: FuzzABI/f802ca4190f89c13614b28ff83d72f7ea21907bb (0.00s)
    --- PASS: FuzzABI/f84f62e94c01572ad5a4b674fe9d612d3cb8eb9f (0.00s)
    --- PASS: FuzzABI/f896699efdbecbe34336a4c803b8872b824ae115 (0.00s)
    --- PASS: FuzzABI/f8c334ef1973de0d51b5a912028d7fe277fbb990 (0.00s)
    --- PASS: FuzzABI/f959c6cd465c59afe01f0dd776ba905cffd80e02 (0.00s)
    --- PASS: FuzzABI/f98ee26843e50df24a5b7e48e9a7a2b58e668309 (0.00s)
    --- PASS: FuzzABI/fa372dd05f11f7ee2dd3e16c9b3d839c92518fed (0.00s)
    --- PASS: FuzzABI/faeb042d8b20f16332c38a2a5afac7103f56cec8 (0.00s)
    --- PASS: FuzzABI/fc14d552b0bc2069cc41ca6578850f2557b5bdea (0.00s)
    --- PASS: FuzzABI/ff022b6715e4aa4007a8302f1936f30a5fc00d8d (0.00s)
    --- PASS: FuzzABI/ff1cdfcb5ef69e438ce8ba78ce91dd18e88f6f8a (0.00s)
    --- PASS: FuzzABI/ff573cafd21192b4c31d50d3d832b6fd8dcbd065 (0.00s)
PASS
coverage: 83.3% of statements
ok  	github.com/morph-l2/go-ethereum/tests/fuzzers/abi	0.104s	coverage: 83.3% of statements
