mode: set
github.com/morph-l2/go-ethereum/tests/fuzzers/abi/abifuzzer.go:51.81,52.55 1 1
github.com/morph-l2/go-ethereum/tests/fuzzers/abi/abifuzzer.go:52.55,54.17 2 1
github.com/morph-l2/go-ethereum/tests/fuzzers/abi/abifuzzer.go:54.17,57.69 1 0
github.com/morph-l2/go-ethereum/tests/fuzzers/abi/abifuzzer.go:57.69,59.5 1 0
github.com/morph-l2/go-ethereum/tests/fuzzers/abi/abifuzzer.go:60.4,60.14 1 0
github.com/morph-l2/go-ethereum/tests/fuzzers/abi/abifuzzer.go:62.3,62.19 1 1
github.com/morph-l2/go-ethereum/tests/fuzzers/abi/abifuzzer.go:64.2,64.19 1 1
github.com/morph-l2/go-ethereum/tests/fuzzers/abi/abifuzzer.go:67.72,68.56 1 1
github.com/morph-l2/go-ethereum/tests/fuzzers/abi/abifuzzer.go:68.56,71.17 3 0
github.com/morph-l2/go-ethereum/tests/fuzzers/abi/abifuzzer.go:71.17,72.14 1 0
github.com/morph-l2/go-ethereum/tests/fuzzers/abi/abifuzzer.go:74.3,75.37 2 0
github.com/morph-l2/go-ethereum/tests/fuzzers/abi/abifuzzer.go:75.37,76.87 1 0
github.com/morph-l2/go-ethereum/tests/fuzzers/abi/abifuzzer.go:78.3,78.14 1 0
github.com/morph-l2/go-ethereum/tests/fuzzers/abi/abifuzzer.go:80.2,80.14 1 1
github.com/morph-l2/go-ethereum/tests/fuzzers/abi/abifuzzer.go:88.95,90.28 2 1
github.com/morph-l2/go-ethereum/tests/fuzzers/abi/abifuzzer.go:90.28,92.3 1 1
github.com/morph-l2/go-ethereum/tests/fuzzers/abi/abifuzzer.go:93.2,93.20 1 1
github.com/morph-l2/go-ethereum/tests/fuzzers/abi/abifuzzer.go:93.20,95.3 1 1
github.com/morph-l2/go-ethereum/tests/fuzzers/abi/abifuzzer.go:96.2,96.21 1 1
github.com/morph-l2/go-ethereum/tests/fuzzers/abi/abifuzzer.go:96.21,98.30 2 1
github.com/morph-l2/go-ethereum/tests/fuzzers/abi/abifuzzer.go:98.30,100.25 2 1
github.com/morph-l2/go-ethereum/tests/fuzzers/abi/abifuzzer.go:100.25,102.5 1 1
github.com/morph-l2/go-ethereum/tests/fuzzers/abi/abifuzzer.go:104.3,106.30 3 1
github.com/morph-l2/go-ethereum/tests/fuzzers/abi/abifuzzer.go:106.30,108.25 2 1
github.com/morph-l2/go-ethereum/tests/fuzzers/abi/abifuzzer.go:108.25,110.5 1 1
github.com/morph-l2/go-ethereum/tests/fuzzers/abi/abifuzzer.go:112.3,112.15 1 1
github.com/morph-l2/go-ethereum/tests/fuzzers/abi/abifuzzer.go:114.2,116.41 2 1
github.com/morph-l2/go-ethereum/tests/fuzzers/abi/abifuzzer.go:119.34,127.30 7 1
github.com/morph-l2/go-ethereum/tests/fuzzers/abi/abifuzzer.go:127.30,129.26 2 1
github.com/morph-l2/go-ethereum/tests/fuzzers/abi/abifuzzer.go:129.26,132.31 3 1
github.com/morph-l2/go-ethereum/tests/fuzzers/abi/abifuzzer.go:132.31,134.5 1 1
github.com/morph-l2/go-ethereum/tests/fuzzers/abi/abifuzzer.go:134.10,134.38 1 1
github.com/morph-l2/go-ethereum/tests/fuzzers/abi/abifuzzer.go:134.38,137.5 2 1
github.com/morph-l2/go-ethereum/tests/fuzzers/abi/abifuzzer.go:138.4,141.6 1 1
github.com/morph-l2/go-ethereum/tests/fuzzers/abi/abifuzzer.go:143.3,144.17 2 1
github.com/morph-l2/go-ethereum/tests/fuzzers/abi/abifuzzer.go:144.17,145.12 1 1
github.com/morph-l2/go-ethereum/tests/fuzzers/abi/abifuzzer.go:147.3,149.19 3 1
github.com/morph-l2/go-ethereum/tests/fuzzers/abi/abifuzzer.go:151.2,151.10 1 1
github.com/morph-l2/go-ethereum/tests/fuzzers/abi/abifuzzer.go:151.10,153.3 1 1
github.com/morph-l2/go-ethereum/tests/fuzzers/abi/abifuzzer.go:154.2,154.10 1 1
github.com/morph-l2/go-ethereum/tests/fuzzers/abi/abifuzzer.go:157.29,159.2 1 0
github.com/morph-l2/go-ethereum/tests/fuzzers/abi/abifuzzer.go:161.39,164.11 3 1
github.com/morph-l2/go-ethereum/tests/fuzzers/abi/abifuzzer.go:164.11,166.12 2 1
github.com/morph-l2/go-ethereum/tests/fuzzers/abi/abifuzzer.go:166.12,168.4 1 1
github.com/morph-l2/go-ethereum/tests/fuzzers/abi/abifuzzer.go:170.2,170.10 1 1
