=== RUN   TestFuzzPair
    bn256_fuzz_test.go:23: 1000 iterations passed
--- PASS: TestFuzzPair (15.22s)
=== RUN   TestFuzzAdd
    bn256_fuzz_test.go:40: 1000 iterations passed
--- PASS: TestFuzzAdd (0.23s)
=== RUN   TestFuzzMul
    bn256_fuzz_test.go:57: 1000 iterations passed
--- PASS: TestFuzzMul (0.16s)
=== RUN   FuzzBn256Add
=== RUN   FuzzBn256Add/00aec03b2ccf5cbc0f986c1f49499cf81452f93c
=== RUN   FuzzBn256Add/02a70a85d739bed988392e3592af746df81e89d4
=== RUN   FuzzBn256Add/0743e8f73969a96bb48261da2b1fb11a19a49e1d
=== RUN   FuzzBn256Add/083be8f6b8437a89f5dfdff8db31dfdf5c4169dd
=== RUN   FuzzBn256Add/0bb764d966ba470fd98def4d2cb3ce2492594834
=== RUN   FuzzBn256Add/0d082feb31d9fa0a332486c5df78de5018d5c516
=== RUN   FuzzBn256Add/0e34e1ccc6bcf36a908977ef5b95266d06dfff39
=== RUN   FuzzBn256Add/0f65cfd8db2390392c022cd6e07b6049a9af8a3c
=== RUN   FuzzBn256Add/10ee847e0b250c440bd881ac38c822883f995475
=== RUN   FuzzBn256Add/10f196830baa49772175c2c68db2e6f48379c7ef
=== RUN   FuzzBn256Add/1139e36c42fe191280e9de8e83db648c62bb50a2
=== RUN   FuzzBn256Add/11fdeb36520c644cf990d99eb4dd0f9568e6bab1
=== RUN   FuzzBn256Add/12e1d06a9901c920ca88fc39420eded713be38b1
=== RUN   FuzzBn256Add/13e402761eb48675b80c0994cd7d971fcbf70224
=== RUN   FuzzBn256Add/177bfc64889e7df24440c68753af6085b6521d13
=== RUN   FuzzBn256Add/17b4899ea577714f074dea520a0760d372e305d3
=== RUN   FuzzBn256Add/17d9da71cf737e5463a81808eb66944d7026c329
=== RUN   FuzzBn256Add/1f69cf675e9ec74c78a6cb3b77f20ef53f0ccb12
=== RUN   FuzzBn256Add/1facdd854d888ebd87f46e3e83e1c0c32383e8cd
=== RUN   FuzzBn256Add/20906e39e7bc22d9f6911542f8317c83fb474873
=== RUN   FuzzBn256Add/22c1db6ec6fcf485bfd7aafab27a975d67ee394b
=== RUN   FuzzBn256Add/2376c3e18da36bf2cc32675c73e6b8cd99270445
=== RUN   FuzzBn256Add/239e064dd22cbf5bc5b53a30cfe89c9907fc7ca9
=== RUN   FuzzBn256Add/23dc38278141a32b55ca60ee85209c175780ebda
=== RUN   FuzzBn256Add/24bf8f330d6bce07c8df3feba7ad1eae04d8d66b
=== RUN   FuzzBn256Add/2959cd90148c4539b924a8e2facb42ca494dbd92
=== RUN   FuzzBn256Add/2e2a328d470b5b794b10919a5920fdaf76804b33
=== RUN   FuzzBn256Add/362bce495e89556cd46a9b5254109dcc78a81444
=== RUN   FuzzBn256Add/3aa96e303ba912481e41682b9f5c8a705f8f7418
=== RUN   FuzzBn256Add/3c26abe72b2890ebfec2f3db995635c037611728
=== RUN   FuzzBn256Add/3e9d26804f396ca564a5c1201a5966d6e4d06782
=== RUN   FuzzBn256Add/3f25cd878ec09afeb3c6d9e1a57fc1853f586485
=== RUN   FuzzBn256Add/3f95bc501a76caf56eeaa7a552b1774b6f7cf939
=== RUN   FuzzBn256Add/403fc40ddb5a9d2269c89efe507fc0aa2f08194b
=== RUN   FuzzBn256Add/433e77ce1c8d4be3ff40a41f49e90c8b36045f1d
=== RUN   FuzzBn256Add/47b39f76cab3aec73e16db8c06ef38548889da52
=== RUN   FuzzBn256Add/4841566cb5ba27979ac7ea24492c4828df0f0509
=== RUN   FuzzBn256Add/4a50397da0fcbe165d60612e829c16fcbf84bb61
=== RUN   FuzzBn256Add/4ca207b85fd050fb98fa952e238e419ae38a7daa
=== RUN   FuzzBn256Add/4f9f4275a2a114435dd800ead4df5dbeef7b27d1
=== RUN   FuzzBn256Add/50c5af33818b760e79d0aaf08594f13f1c1af22a
=== RUN   FuzzBn256Add/511a3fef65d0835401ab0c6307e78f88d669bf74
=== RUN   FuzzBn256Add/51390c9dae1958d76438c112eba755e5f90f4c93
=== RUN   FuzzBn256Add/52679809e4afc25cbc8f647c0559cde16e694f40
=== RUN   FuzzBn256Add/5a1f82d405f33d6ac758cef817ba633ac6d94420
=== RUN   FuzzBn256Add/5b2dd8d26732aabe808ac22510162ff5865be3d2
=== RUN   FuzzBn256Add/5c0d24f95d8992dda451913b2681e1c05b604158
=== RUN   FuzzBn256Add/5c4f8e6ba4579925545ca50d91cfdbcf52d9a95d
=== RUN   FuzzBn256Add/5cbb1c612b52709bf3a9672fb7a58f444441f422
=== RUN   FuzzBn256Add/5ef6cf4f486c9fb40effb70f49142fabef02c44b
=== RUN   FuzzBn256Add/608a42faf722d99da5aa8136a378a20b48d3d47a
=== RUN   FuzzBn256Add/610d14d8d963ebfd5e3c6efd7d5e326c96adc0e7
=== RUN   FuzzBn256Add/614bbaf82dad15a699fcfde987d429d1ee88a75d
=== RUN   FuzzBn256Add/615c53b4e91a3813fa5b0d401da5bb6fc3ed38a5
=== RUN   FuzzBn256Add/62b8afb39dc37bc04fde4c2b4a8550b2007bd2e5
=== RUN   FuzzBn256Add/63db7d8df955a4ed1b71357f406d1418356873a7
=== RUN   FuzzBn256Add/649d3519555dc6722234b48920dbdb870cf655f5
=== RUN   FuzzBn256Add/64ecdec99bd37f727acb7de47517d37ef3aeab44
=== RUN   FuzzBn256Add/679b579cfa7b3f541705941364c0e15a009b3319
=== RUN   FuzzBn256Add/6d42c9523b8159086627643ccb53b4e05d6e8a1e
=== RUN   FuzzBn256Add/6dcd4ce23d88e2ee9568ba546c007c63d9131c1b
=== RUN   FuzzBn256Add/6f55260e602c96e457b5e566a1a070a1153ac12c
=== RUN   FuzzBn256Add/70964f5ff38f6e076adc079387f0da403f0b3802
=== RUN   FuzzBn256Add/71853c6197a6a7f222db0f1978c7cb232b87c5ee
=== RUN   FuzzBn256Add/7249241f422ac0a59f5213042d6c755ff909e6fa
=== RUN   FuzzBn256Add/751338b1ad7b85cc45c52da50d8594aae3bcdd66
=== RUN   FuzzBn256Add/76d4021435e6faf629f99b0080e508e77033eeff
=== RUN   FuzzBn256Add/77e31fb476bd02565caa79d2c2429a3c97eb64cc
=== RUN   FuzzBn256Add/7a6ef8c026df7430e05b824401a1ed7224177415
=== RUN   FuzzBn256Add/7bad8408701fb3294375b89c4fbf7fdf8bf3541a
=== RUN   FuzzBn256Add/80b11a02d13bc1e2cb9ffafff521639eb800c26e
=== RUN   FuzzBn256Add/8114326ce5c0a92437260c6c43469955e33a1372
=== RUN   FuzzBn256Add/814e8b24d82e963c52533455b634b7d8ce74f052
=== RUN   FuzzBn256Add/82076f73ece74d38727f1a04cf342ef3479fc9c6
=== RUN   FuzzBn256Add/88c266ed9bdb19afd0782126527ac7820f6eefa0
=== RUN   FuzzBn256Add/88ec87daf113eb7364ae47ea1abe17f314c66052
=== RUN   FuzzBn256Add/890d4d421d9b9172ea0eb2b5ff24975cc9bc01ac
=== RUN   FuzzBn256Add/8949c29a8c27280524802e3e0fb6cd09e386b4c4
=== RUN   FuzzBn256Add/8a291d4fc77033cfa54d3be6adb5a65707c02c00
=== RUN   FuzzBn256Add/8becf80d71277fc9659108bfe6ffc365eea22d57
=== RUN   FuzzBn256Add/8c6f05c6dcaa49f6fe8c1efad22bc84c199b789b
=== RUN   FuzzBn256Add/8d2b9d29df901e9b1b07adba6218ca144e9e9853
=== RUN   FuzzBn256Add/8d56da42d48c9f61b4374f74b36d1d42b77d1cce
=== RUN   FuzzBn256Add/8df86af9197fc1589fcc60d18377618d3cd4f551
=== RUN   FuzzBn256Add/8f87d922208af08d7cd3cef87334f81b6e2e1dcf
=== RUN   FuzzBn256Add/9069ca78e7450a285173431b3e52c5c25299e473
=== RUN   FuzzBn256Add/91bd8942e8bf174afac7a0c851b8cd35b717c2c5
=== RUN   FuzzBn256Add/9423477db129cb08cb35f198eac1769c571425ca
=== RUN   FuzzBn256Add/96ec503a76d50fa05085b644eeb5d3c7450f1531
=== RUN   FuzzBn256Add/9a8cc5fe556d2d5b1662abdec084d3718eb8fbe5
=== RUN   FuzzBn256Add/9c1ae3ffa4e4cbc2ac5813f0b296a90020934916
=== RUN   FuzzBn256Add/9d2339e924fe54265a570e040ef84fc5b0fac2d9
=== RUN   FuzzBn256Add/9da5375bd50fe0f2722c48a05fc9e2f7fdd81960
=== RUN   FuzzBn256Add/9da712c51eea79fee239aec0026805cc570a5555
=== RUN   FuzzBn256Add/a124e0e67a3fd96930f9344ceb70cb3e7c007045
=== RUN   FuzzBn256Add/a152c82dd95228f0adc5e0e897d90c7d6165d83b
=== RUN   FuzzBn256Add/a1fbac3e83d5d5e8a93649939ef5557e281d054a
=== RUN   FuzzBn256Add/a2936fd0a382ae15e43880c909df9dbb2cd73cab
=== RUN   FuzzBn256Add/a2b29a99be68e8686084aba51325b235399a1c19
=== RUN   FuzzBn256Add/a4b843a5a42f10f7c5b7275bf83418b5f326183b
=== RUN   FuzzBn256Add/a51e95d64dbfc827082a7c2065b79c41e33c7d87
=== RUN   FuzzBn256Add/a77ba90c312ae0d0860892a8b66546e6799feb12
=== RUN   FuzzBn256Add/aa58c2ccd3c82de870bf6eb0b67389f5059e6335
=== RUN   FuzzBn256Add/adf0f6232c9df64d2ecab2f86ecb9a5c488fea41
=== RUN   FuzzBn256Add/b181925017b96050b011421ada143b2998cf398b
=== RUN   FuzzBn256Add/b5bc5b4d2b2396e22e5b8da672910cec4563848a
=== RUN   FuzzBn256Add/b8601d8f70f40933b1c121dd13074972d79409c1
=== RUN   FuzzBn256Add/b907580306a90a2770f20577d2016ad5219f6770
=== RUN   FuzzBn256Add/ba1c8027906d9e39387e47c32f7276f622332d48
=== RUN   FuzzBn256Add/bcd3dc54ad72f3a8a9f8e53dc2eb6b418c1d33f2
=== RUN   FuzzBn256Add/bf305c9ec58f1ce4c0da503ef01fc103a935b569
=== RUN   FuzzBn256Add/bfbab5db7aaa646886e5fd2bad9801225d4a2203
=== RUN   FuzzBn256Add/c0c7cbc37d1d9b5e775f49afc8497c263d33c9ba
=== RUN   FuzzBn256Add/c0ef5717b193ee20306e8bddbdf1fcddf3b5c1a3
=== RUN   FuzzBn256Add/c4316bf9d492b3125ed4e0cf3ad2c827138dfcab
=== RUN   FuzzBn256Add/c4f680cd80376ecfb364031d13facabf451c3c2a
=== RUN   FuzzBn256Add/c6a95a655757919ee6fd66399ef4e3b940378bfb
=== RUN   FuzzBn256Add/c7f53be97e7b3213a729368aff66a82bd5a8bd07
=== RUN   FuzzBn256Add/c98f8fa6ceb884326dfdb1bf6fd54c2394b380ff
=== RUN   FuzzBn256Add/ccd9635abc3a16dc98780cb4746480657f02d222
=== RUN   FuzzBn256Add/cce55eff86245184e34baf90420706ffb2084d07
=== RUN   FuzzBn256Add/cef4dbc3edabf35267528a68d78c98692a2d0371
=== RUN   FuzzBn256Add/d24025efcec6e66b04a3af2898113feb56758f8a
=== RUN   FuzzBn256Add/d3d7f187e1bd7ba9afbe0ec0e74ba2b9cb46907d
=== RUN   FuzzBn256Add/d5ecf4f57ced5440d158c7eb8c154323400ae5f8
=== RUN   FuzzBn256Add/d832e8d785b097fbcb35aff3c00d78070f6c1f65
=== RUN   FuzzBn256Add/d9d222f92d28ed627f22cb2c6f470c9d23517fd0
=== RUN   FuzzBn256Add/d9eda9e543ae42f1683edbc0a6350f02e6ca149c
=== RUN   FuzzBn256Add/dd02f54f546b4b38a7c6f7300fc6b55a358b06ff
=== RUN   FuzzBn256Add/dd7313ffa083af7137ab5a0748a80b3ee2235420
=== RUN   FuzzBn256Add/e250a4cac8fb297da92cf6e6ec5d65851105c22c
=== RUN   FuzzBn256Add/e71c9269188b7693bc70b52952a03a13cac2f384
=== RUN   FuzzBn256Add/e8ea898ff2f8ef156e980bdd055e59e2c1683f00
=== RUN   FuzzBn256Add/eb4294b5d0069c4884745df9ffaeaa72fb74a82c
=== RUN   FuzzBn256Add/ed15524665fbb93da29787bfbb2742bd37202b42
=== RUN   FuzzBn256Add/ed1ab938afbb737a2d0b2af021efc03a843980d8
=== RUN   FuzzBn256Add/eeace274d4a8bc36b6986ebc32fde65099634b09
=== RUN   FuzzBn256Add/eed4cdac6491f0a18a80848c5c06f7ad341cf7c3
=== RUN   FuzzBn256Add/ef6a51f3f687b505be77deb1802383f542a82cf5
=== RUN   FuzzBn256Add/efe6440e949d13ca95ff296299ebceb042b6a6eb
=== RUN   FuzzBn256Add/f219cb207c51060308e60fab06f2b1044585c3ac
=== RUN   FuzzBn256Add/f3bc425574c68c07eda7dda26b38d81740aa9a7c
=== RUN   FuzzBn256Add/f4edf656ce9a6b12bf7516980aadb500748bdd9d
=== RUN   FuzzBn256Add/f587ce1b89ff4af75823e74caf0a2765cb00aded
=== RUN   FuzzBn256Add/f9cf389d6165e80903ec07275420d411589ce6df
=== RUN   FuzzBn256Add/f9d885291c0cc1e2f4c0ca16ed2cd57deb8890e3
=== RUN   FuzzBn256Add/fca41f80868d7928ab0d9dafaecb32995584c0c7
--- PASS: FuzzBn256Add (0.04s)
    --- PASS: FuzzBn256Add/00aec03b2ccf5cbc0f986c1f49499cf81452f93c (0.00s)
    --- PASS: FuzzBn256Add/02a70a85d739bed988392e3592af746df81e89d4 (0.00s)
    --- PASS: FuzzBn256Add/0743e8f73969a96bb48261da2b1fb11a19a49e1d (0.00s)
    --- PASS: FuzzBn256Add/083be8f6b8437a89f5dfdff8db31dfdf5c4169dd (0.00s)
    --- PASS: FuzzBn256Add/0bb764d966ba470fd98def4d2cb3ce2492594834 (0.00s)
    --- PASS: FuzzBn256Add/0d082feb31d9fa0a332486c5df78de5018d5c516 (0.00s)
    --- PASS: FuzzBn256Add/0e34e1ccc6bcf36a908977ef5b95266d06dfff39 (0.00s)
    --- PASS: FuzzBn256Add/0f65cfd8db2390392c022cd6e07b6049a9af8a3c (0.00s)
    --- PASS: FuzzBn256Add/10ee847e0b250c440bd881ac38c822883f995475 (0.00s)
    --- PASS: FuzzBn256Add/10f196830baa49772175c2c68db2e6f48379c7ef (0.00s)
    --- PASS: FuzzBn256Add/1139e36c42fe191280e9de8e83db648c62bb50a2 (0.00s)
    --- PASS: FuzzBn256Add/11fdeb36520c644cf990d99eb4dd0f9568e6bab1 (0.00s)
    --- PASS: FuzzBn256Add/12e1d06a9901c920ca88fc39420eded713be38b1 (0.00s)
    --- PASS: FuzzBn256Add/13e402761eb48675b80c0994cd7d971fcbf70224 (0.00s)
    --- PASS: FuzzBn256Add/177bfc64889e7df24440c68753af6085b6521d13 (0.00s)
    --- PASS: FuzzBn256Add/17b4899ea577714f074dea520a0760d372e305d3 (0.00s)
    --- PASS: FuzzBn256Add/17d9da71cf737e5463a81808eb66944d7026c329 (0.00s)
    --- PASS: FuzzBn256Add/1f69cf675e9ec74c78a6cb3b77f20ef53f0ccb12 (0.00s)
    --- PASS: FuzzBn256Add/1facdd854d888ebd87f46e3e83e1c0c32383e8cd (0.00s)
    --- PASS: FuzzBn256Add/20906e39e7bc22d9f6911542f8317c83fb474873 (0.00s)
    --- PASS: FuzzBn256Add/22c1db6ec6fcf485bfd7aafab27a975d67ee394b (0.00s)
    --- PASS: FuzzBn256Add/2376c3e18da36bf2cc32675c73e6b8cd99270445 (0.00s)
    --- PASS: FuzzBn256Add/239e064dd22cbf5bc5b53a30cfe89c9907fc7ca9 (0.00s)
    --- PASS: FuzzBn256Add/23dc38278141a32b55ca60ee85209c175780ebda (0.00s)
    --- PASS: FuzzBn256Add/24bf8f330d6bce07c8df3feba7ad1eae04d8d66b (0.00s)
    --- PASS: FuzzBn256Add/2959cd90148c4539b924a8e2facb42ca494dbd92 (0.00s)
    --- PASS: FuzzBn256Add/2e2a328d470b5b794b10919a5920fdaf76804b33 (0.00s)
    --- PASS: FuzzBn256Add/362bce495e89556cd46a9b5254109dcc78a81444 (0.00s)
    --- PASS: FuzzBn256Add/3aa96e303ba912481e41682b9f5c8a705f8f7418 (0.00s)
    --- PASS: FuzzBn256Add/3c26abe72b2890ebfec2f3db995635c037611728 (0.00s)
    --- PASS: FuzzBn256Add/3e9d26804f396ca564a5c1201a5966d6e4d06782 (0.00s)
    --- PASS: FuzzBn256Add/3f25cd878ec09afeb3c6d9e1a57fc1853f586485 (0.00s)
    --- PASS: FuzzBn256Add/3f95bc501a76caf56eeaa7a552b1774b6f7cf939 (0.00s)
    --- PASS: FuzzBn256Add/403fc40ddb5a9d2269c89efe507fc0aa2f08194b (0.00s)
    --- PASS: FuzzBn256Add/433e77ce1c8d4be3ff40a41f49e90c8b36045f1d (0.00s)
    --- PASS: FuzzBn256Add/47b39f76cab3aec73e16db8c06ef38548889da52 (0.00s)
    --- PASS: FuzzBn256Add/4841566cb5ba27979ac7ea24492c4828df0f0509 (0.00s)
    --- PASS: FuzzBn256Add/4a50397da0fcbe165d60612e829c16fcbf84bb61 (0.00s)
    --- PASS: FuzzBn256Add/4ca207b85fd050fb98fa952e238e419ae38a7daa (0.00s)
    --- PASS: FuzzBn256Add/4f9f4275a2a114435dd800ead4df5dbeef7b27d1 (0.00s)
    --- PASS: FuzzBn256Add/50c5af33818b760e79d0aaf08594f13f1c1af22a (0.00s)
    --- PASS: FuzzBn256Add/511a3fef65d0835401ab0c6307e78f88d669bf74 (0.00s)
    --- PASS: FuzzBn256Add/51390c9dae1958d76438c112eba755e5f90f4c93 (0.00s)
    --- PASS: FuzzBn256Add/52679809e4afc25cbc8f647c0559cde16e694f40 (0.00s)
    --- PASS: FuzzBn256Add/5a1f82d405f33d6ac758cef817ba633ac6d94420 (0.00s)
    --- PASS: FuzzBn256Add/5b2dd8d26732aabe808ac22510162ff5865be3d2 (0.00s)
    --- PASS: FuzzBn256Add/5c0d24f95d8992dda451913b2681e1c05b604158 (0.00s)
    --- PASS: FuzzBn256Add/5c4f8e6ba4579925545ca50d91cfdbcf52d9a95d (0.00s)
    --- PASS: FuzzBn256Add/5cbb1c612b52709bf3a9672fb7a58f444441f422 (0.00s)
    --- PASS: FuzzBn256Add/5ef6cf4f486c9fb40effb70f49142fabef02c44b (0.00s)
    --- PASS: FuzzBn256Add/608a42faf722d99da5aa8136a378a20b48d3d47a (0.00s)
    --- PASS: FuzzBn256Add/610d14d8d963ebfd5e3c6efd7d5e326c96adc0e7 (0.00s)
    --- PASS: FuzzBn256Add/614bbaf82dad15a699fcfde987d429d1ee88a75d (0.00s)
    --- PASS: FuzzBn256Add/615c53b4e91a3813fa5b0d401da5bb6fc3ed38a5 (0.00s)
    --- PASS: FuzzBn256Add/62b8afb39dc37bc04fde4c2b4a8550b2007bd2e5 (0.00s)
    --- PASS: FuzzBn256Add/63db7d8df955a4ed1b71357f406d1418356873a7 (0.00s)
    --- PASS: FuzzBn256Add/649d3519555dc6722234b48920dbdb870cf655f5 (0.00s)
    --- PASS: FuzzBn256Add/64ecdec99bd37f727acb7de47517d37ef3aeab44 (0.00s)
    --- PASS: FuzzBn256Add/679b579cfa7b3f541705941364c0e15a009b3319 (0.00s)
    --- PASS: FuzzBn256Add/6d42c9523b8159086627643ccb53b4e05d6e8a1e (0.00s)
    --- PASS: FuzzBn256Add/6dcd4ce23d88e2ee9568ba546c007c63d9131c1b (0.00s)
    --- PASS: FuzzBn256Add/6f55260e602c96e457b5e566a1a070a1153ac12c (0.00s)
    --- PASS: FuzzBn256Add/70964f5ff38f6e076adc079387f0da403f0b3802 (0.00s)
    --- PASS: FuzzBn256Add/71853c6197a6a7f222db0f1978c7cb232b87c5ee (0.00s)
    --- PASS: FuzzBn256Add/7249241f422ac0a59f5213042d6c755ff909e6fa (0.00s)
    --- PASS: FuzzBn256Add/751338b1ad7b85cc45c52da50d8594aae3bcdd66 (0.00s)
    --- PASS: FuzzBn256Add/76d4021435e6faf629f99b0080e508e77033eeff (0.00s)
    --- PASS: FuzzBn256Add/77e31fb476bd02565caa79d2c2429a3c97eb64cc (0.00s)
    --- PASS: FuzzBn256Add/7a6ef8c026df7430e05b824401a1ed7224177415 (0.00s)
    --- PASS: FuzzBn256Add/7bad8408701fb3294375b89c4fbf7fdf8bf3541a (0.00s)
    --- PASS: FuzzBn256Add/80b11a02d13bc1e2cb9ffafff521639eb800c26e (0.00s)
    --- PASS: FuzzBn256Add/8114326ce5c0a92437260c6c43469955e33a1372 (0.00s)
    --- PASS: FuzzBn256Add/814e8b24d82e963c52533455b634b7d8ce74f052 (0.00s)
    --- PASS: FuzzBn256Add/82076f73ece74d38727f1a04cf342ef3479fc9c6 (0.00s)
    --- PASS: FuzzBn256Add/88c266ed9bdb19afd0782126527ac7820f6eefa0 (0.00s)
    --- PASS: FuzzBn256Add/88ec87daf113eb7364ae47ea1abe17f314c66052 (0.00s)
    --- PASS: FuzzBn256Add/890d4d421d9b9172ea0eb2b5ff24975cc9bc01ac (0.00s)
    --- PASS: FuzzBn256Add/8949c29a8c27280524802e3e0fb6cd09e386b4c4 (0.00s)
    --- PASS: FuzzBn256Add/8a291d4fc77033cfa54d3be6adb5a65707c02c00 (0.00s)
    --- PASS: FuzzBn256Add/8becf80d71277fc9659108bfe6ffc365eea22d57 (0.00s)
    --- PASS: FuzzBn256Add/8c6f05c6dcaa49f6fe8c1efad22bc84c199b789b (0.00s)
    --- PASS: FuzzBn256Add/8d2b9d29df901e9b1b07adba6218ca144e9e9853 (0.00s)
    --- PASS: FuzzBn256Add/8d56da42d48c9f61b4374f74b36d1d42b77d1cce (0.00s)
    --- PASS: FuzzBn256Add/8df86af9197fc1589fcc60d18377618d3cd4f551 (0.00s)
    --- PASS: FuzzBn256Add/8f87d922208af08d7cd3cef87334f81b6e2e1dcf (0.00s)
    --- PASS: FuzzBn256Add/9069ca78e7450a285173431b3e52c5c25299e473 (0.00s)
    --- PASS: FuzzBn256Add/91bd8942e8bf174afac7a0c851b8cd35b717c2c5 (0.00s)
    --- PASS: FuzzBn256Add/9423477db129cb08cb35f198eac1769c571425ca (0.00s)
    --- PASS: FuzzBn256Add/96ec503a76d50fa05085b644eeb5d3c7450f1531 (0.00s)
    --- PASS: FuzzBn256Add/9a8cc5fe556d2d5b1662abdec084d3718eb8fbe5 (0.00s)
    --- PASS: FuzzBn256Add/9c1ae3ffa4e4cbc2ac5813f0b296a90020934916 (0.00s)
    --- PASS: FuzzBn256Add/9d2339e924fe54265a570e040ef84fc5b0fac2d9 (0.00s)
    --- PASS: FuzzBn256Add/9da5375bd50fe0f2722c48a05fc9e2f7fdd81960 (0.00s)
    --- PASS: FuzzBn256Add/9da712c51eea79fee239aec0026805cc570a5555 (0.00s)
    --- PASS: FuzzBn256Add/a124e0e67a3fd96930f9344ceb70cb3e7c007045 (0.00s)
    --- PASS: FuzzBn256Add/a152c82dd95228f0adc5e0e897d90c7d6165d83b (0.00s)
    --- PASS: FuzzBn256Add/a1fbac3e83d5d5e8a93649939ef5557e281d054a (0.00s)
    --- PASS: FuzzBn256Add/a2936fd0a382ae15e43880c909df9dbb2cd73cab (0.00s)
    --- PASS: FuzzBn256Add/a2b29a99be68e8686084aba51325b235399a1c19 (0.00s)
    --- PASS: FuzzBn256Add/a4b843a5a42f10f7c5b7275bf83418b5f326183b (0.00s)
    --- PASS: FuzzBn256Add/a51e95d64dbfc827082a7c2065b79c41e33c7d87 (0.00s)
    --- PASS: FuzzBn256Add/a77ba90c312ae0d0860892a8b66546e6799feb12 (0.00s)
    --- PASS: FuzzBn256Add/aa58c2ccd3c82de870bf6eb0b67389f5059e6335 (0.00s)
    --- PASS: FuzzBn256Add/adf0f6232c9df64d2ecab2f86ecb9a5c488fea41 (0.00s)
    --- PASS: FuzzBn256Add/b181925017b96050b011421ada143b2998cf398b (0.00s)
    --- PASS: FuzzBn256Add/b5bc5b4d2b2396e22e5b8da672910cec4563848a (0.00s)
    --- PASS: FuzzBn256Add/b8601d8f70f40933b1c121dd13074972d79409c1 (0.00s)
    --- PASS: FuzzBn256Add/b907580306a90a2770f20577d2016ad5219f6770 (0.00s)
    --- PASS: FuzzBn256Add/ba1c8027906d9e39387e47c32f7276f622332d48 (0.00s)
    --- PASS: FuzzBn256Add/bcd3dc54ad72f3a8a9f8e53dc2eb6b418c1d33f2 (0.00s)
    --- PASS: FuzzBn256Add/bf305c9ec58f1ce4c0da503ef01fc103a935b569 (0.00s)
    --- PASS: FuzzBn256Add/bfbab5db7aaa646886e5fd2bad9801225d4a2203 (0.00s)
    --- PASS: FuzzBn256Add/c0c7cbc37d1d9b5e775f49afc8497c263d33c9ba (0.00s)
    --- PASS: FuzzBn256Add/c0ef5717b193ee20306e8bddbdf1fcddf3b5c1a3 (0.00s)
    --- PASS: FuzzBn256Add/c4316bf9d492b3125ed4e0cf3ad2c827138dfcab (0.00s)
    --- PASS: FuzzBn256Add/c4f680cd80376ecfb364031d13facabf451c3c2a (0.00s)
    --- PASS: FuzzBn256Add/c6a95a655757919ee6fd66399ef4e3b940378bfb (0.00s)
    --- PASS: FuzzBn256Add/c7f53be97e7b3213a729368aff66a82bd5a8bd07 (0.00s)
    --- PASS: FuzzBn256Add/c98f8fa6ceb884326dfdb1bf6fd54c2394b380ff (0.00s)
    --- PASS: FuzzBn256Add/ccd9635abc3a16dc98780cb4746480657f02d222 (0.00s)
    --- PASS: FuzzBn256Add/cce55eff86245184e34baf90420706ffb2084d07 (0.00s)
    --- PASS: FuzzBn256Add/cef4dbc3edabf35267528a68d78c98692a2d0371 (0.00s)
    --- PASS: FuzzBn256Add/d24025efcec6e66b04a3af2898113feb56758f8a (0.00s)
    --- PASS: FuzzBn256Add/d3d7f187e1bd7ba9afbe0ec0e74ba2b9cb46907d (0.00s)
    --- PASS: FuzzBn256Add/d5ecf4f57ced5440d158c7eb8c154323400ae5f8 (0.00s)
    --- PASS: FuzzBn256Add/d832e8d785b097fbcb35aff3c00d78070f6c1f65 (0.00s)
    --- PASS: FuzzBn256Add/d9d222f92d28ed627f22cb2c6f470c9d23517fd0 (0.00s)
    --- PASS: FuzzBn256Add/d9eda9e543ae42f1683edbc0a6350f02e6ca149c (0.00s)
    --- PASS: FuzzBn256Add/dd02f54f546b4b38a7c6f7300fc6b55a358b06ff (0.00s)
    --- PASS: FuzzBn256Add/dd7313ffa083af7137ab5a0748a80b3ee2235420 (0.00s)
    --- PASS: FuzzBn256Add/e250a4cac8fb297da92cf6e6ec5d65851105c22c (0.00s)
    --- PASS: FuzzBn256Add/e71c9269188b7693bc70b52952a03a13cac2f384 (0.00s)
    --- PASS: FuzzBn256Add/e8ea898ff2f8ef156e980bdd055e59e2c1683f00 (0.00s)
    --- PASS: FuzzBn256Add/eb4294b5d0069c4884745df9ffaeaa72fb74a82c (0.00s)
    --- PASS: FuzzBn256Add/ed15524665fbb93da29787bfbb2742bd37202b42 (0.00s)
    --- PASS: FuzzBn256Add/ed1ab938afbb737a2d0b2af021efc03a843980d8 (0.00s)
    --- PASS: FuzzBn256Add/eeace274d4a8bc36b6986ebc32fde65099634b09 (0.00s)
    --- PASS: FuzzBn256Add/eed4cdac6491f0a18a80848c5c06f7ad341cf7c3 (0.00s)
    --- PASS: FuzzBn256Add/ef6a51f3f687b505be77deb1802383f542a82cf5 (0.00s)
    --- PASS: FuzzBn256Add/efe6440e949d13ca95ff296299ebceb042b6a6eb (0.00s)
    --- PASS: FuzzBn256Add/f219cb207c51060308e60fab06f2b1044585c3ac (0.00s)
    --- PASS: FuzzBn256Add/f3bc425574c68c07eda7dda26b38d81740aa9a7c (0.00s)
    --- PASS: FuzzBn256Add/f4edf656ce9a6b12bf7516980aadb500748bdd9d (0.00s)
    --- PASS: FuzzBn256Add/f587ce1b89ff4af75823e74caf0a2765cb00aded (0.00s)
    --- PASS: FuzzBn256Add/f9cf389d6165e80903ec07275420d411589ce6df (0.00s)
    --- PASS: FuzzBn256Add/f9d885291c0cc1e2f4c0ca16ed2cd57deb8890e3 (0.00s)
    --- PASS: FuzzBn256Add/fca41f80868d7928ab0d9dafaecb32995584c0c7 (0.00s)
=== RUN   FuzzBn256Mul
=== RUN   FuzzBn256Mul/0110bc073fa2e7b76dde20f38e0cbef355bab7d9
=== RUN   FuzzBn256Mul/01bac29f13d1ec63ddf3e0c3c76fa3a18eebd300
=== RUN   FuzzBn256Mul/030f26c81c11b892d56f2b339841bf561e6ed811
=== RUN   FuzzBn256Mul/03408a9e3b622fd21a22a55b1d1ac9821652a3f8
=== RUN   FuzzBn256Mul/046c3f81af0985d288de8d06557fe0c7abebaba6
=== RUN   FuzzBn256Mul/047449fc6e35cf61a4e6ad7b97f41eb8b90e7f16
=== RUN   FuzzBn256Mul/05cd174270a428350eb78bf0c968be0e863a989c
=== RUN   FuzzBn256Mul/0763c22e3a8681008b8b583528c347b30faf8544
=== RUN   FuzzBn256Mul/08285c22d783416c578168efc8ac48f7b9ee9b91
=== RUN   FuzzBn256Mul/0923581307050d71172adab21544435b10e55412
=== RUN   FuzzBn256Mul/0b4dfb40d0c27e1d92366bc1a5c6b7293d1c06e0
=== RUN   FuzzBn256Mul/0bcbc1bec31f043b129935134df274b5aaa85ceb
=== RUN   FuzzBn256Mul/0c41d8f60b42996ad478b8d2e65918592c6f6152
=== RUN   FuzzBn256Mul/0d03550bd7942b2e34c5611bd40249e2c58a2e31
=== RUN   FuzzBn256Mul/0d60805486aafa439e88ba26503c6f334640eb35
=== RUN   FuzzBn256Mul/0e97c627e0cfc588f93f6dc6bf86f374019771e7
=== RUN   FuzzBn256Mul/14bffee3884db19dd4f01afdaf873ffa5804232e
=== RUN   FuzzBn256Mul/1a25c5715019dea95265dbac144df1b9ecff5320
=== RUN   FuzzBn256Mul/1a922d22519f582c0910efa8218903aa3855cb8b
=== RUN   FuzzBn256Mul/1b51a96d78a7bd768437eb77fd0d737a636ea5b4
=== RUN   FuzzBn256Mul/1bb5784ee55225e4b8695f5b73b983106206d311
=== RUN   FuzzBn256Mul/1cb1c5d7937be714f421feddbd9d4b4af467f25f
=== RUN   FuzzBn256Mul/1daeb877ab4033c1abb06445cbc8f5139fd91804
=== RUN   FuzzBn256Mul/1f2827f7b1bdc68b12b705f6ddeb7af6598300d7
=== RUN   FuzzBn256Mul/216c846eab8d114e5abdcc5c0ff45590cb783b79
=== RUN   FuzzBn256Mul/21f54f1a8f5722df36e52de7dc0f3c96436ce4ba
=== RUN   FuzzBn256Mul/22a3c78bfb28d46616613e0553a3a70a9923aceb
=== RUN   FuzzBn256Mul/22a819ba8720f383623d332f86b53624fbd37af2
=== RUN   FuzzBn256Mul/28f7ed09a1befa96b0764298fbc4eceb5e2de65c
=== RUN   FuzzBn256Mul/2968d503b2e5cebd56186484dd10c430772309cc
=== RUN   FuzzBn256Mul/2994b20cc8c420105aeba9e34ab3396572835b2f
=== RUN   FuzzBn256Mul/29ed941353208b2a913bc0b61ef4298204692b3f
=== RUN   FuzzBn256Mul/2ac1fa8e9689fd3fc12f9f36441d6e2fbb452ee3
=== RUN   FuzzBn256Mul/2ecb1bb7087d65c8fa2a7fc6bf784aae0a68e69d
=== RUN   FuzzBn256Mul/2edf8b57f3ae5fc644a4fa9f08c8001350077211
=== RUN   FuzzBn256Mul/2f767f47c7799b046a87b0cf983ee132c521567d
=== RUN   FuzzBn256Mul/3109234936a8c03ff867df98f4791ab3df4d9344
=== RUN   FuzzBn256Mul/311af8e3aad1e9f8fcf7423c3a712c9b8b3367b3
=== RUN   FuzzBn256Mul/3120cb96547420d0385fae3d162da4e4cc33e38a
=== RUN   FuzzBn256Mul/3191e88912075deb0f03cb9ac3ec5aabbd5d0e9f
=== RUN   FuzzBn256Mul/331928f389c8d00bb1e920a0f36521584f59ab3a
=== RUN   FuzzBn256Mul/33193d42a733f26e5031a6d751446a071dbc5e65
=== RUN   FuzzBn256Mul/37089f647be1415a980547b9d8ce1073a613d78d
=== RUN   FuzzBn256Mul/3745f122b7ebcc4b604de23c71431aca25948624
=== RUN   FuzzBn256Mul/37ba6f91de93cfb590fb3f734d7a5d9a79203df2
=== RUN   FuzzBn256Mul/3c52272c192f3f77bf1efc9d1613f9cb70200bcb
=== RUN   FuzzBn256Mul/3ca1a15a849e0d573f11a09e79c7dbccebca6bf9
=== RUN   FuzzBn256Mul/3fb171a6f0a90b1f13ddb27ef4e1728ed6e320ea
=== RUN   FuzzBn256Mul/416758da282439f584cebea4c3346c54fcc87b44
=== RUN   FuzzBn256Mul/42c7b53ccedeb440b2d08fa701d9cdffff76ee08
=== RUN   FuzzBn256Mul/4351c82a0a1c59aa83ceecbf1c929b4f998efa0f
=== RUN   FuzzBn256Mul/436560fefa2c5883214dd7682cfe18582667c874
=== RUN   FuzzBn256Mul/43c10178adebe2490fc8103905d429c248b34e78
=== RUN   FuzzBn256Mul/44e6491d66ec7e52757f102c698bfb86e19e3d99
=== RUN   FuzzBn256Mul/45d754a72048f4c72b1204a847cb7228c9b97321
=== RUN   FuzzBn256Mul/464a7a3f218cb5e010ebf287f756a0c2f3b16a3a
=== RUN   FuzzBn256Mul/474506c4faf45ebba83bfbb9acf09c9cac1920fe
=== RUN   FuzzBn256Mul/47e7e98c428efe07bd1a533445f22685cbbc6906
=== RUN   FuzzBn256Mul/49fad3b6120f48798042de91cbdf335b9e374e6a
=== RUN   FuzzBn256Mul/4a8828084e2e70ade4afa831bb939d83f091abda
=== RUN   FuzzBn256Mul/4f031ba15ee8af3d4c35fa1e99e006129baa5db3
=== RUN   FuzzBn256Mul/503bb43a4a4f9e85773388a4e655af808e7eb289
=== RUN   FuzzBn256Mul/51114243e72c75ffff5f9e8a5b9e3bd0e7808a81
=== RUN   FuzzBn256Mul/52c31490c97f0aa88784c9153b8859f09b733a72
=== RUN   FuzzBn256Mul/52f298115b3d227721c8b55f67b25f15cc1dfa99
=== RUN   FuzzBn256Mul/5493ca6d28347441d0b559189f76a73e85d3f27a
=== RUN   FuzzBn256Mul/55ab3eb8e297e61389245e2c412634c3f2a9217c
=== RUN   FuzzBn256Mul/5632877e958e482f7ee78fee4a1ab66ce675e2a2
=== RUN   FuzzBn256Mul/564b0ae723c794e9f9c4214bd18076d43607732b
=== RUN   FuzzBn256Mul/5724b12305eff029fded810dd94abd9e6f8b2c5b
=== RUN   FuzzBn256Mul/580413fc6b898626b6db0c2e8354f0556840e497
=== RUN   FuzzBn256Mul/58262fd525571fa4bd933a6a0ec0c0f5ef1bc40a
=== RUN   FuzzBn256Mul/58b6b47663502ec13c717139c6b11d87807b5c50
=== RUN   FuzzBn256Mul/5a6e4e3c39a8e0e70e00ceccb2e06c2ac329b3e9
=== RUN   FuzzBn256Mul/5abca298c809c783f154624a79c1084cd4ddacad
=== RUN   FuzzBn256Mul/5bb774bb8d85e39fa39b0a2872184a50a01dd55c
=== RUN   FuzzBn256Mul/5c0b4d21b6af8ae510748056302a47f7beac2327
=== RUN   FuzzBn256Mul/5c204af96cf7e149582991832fd31e1c7bd63dc4
=== RUN   FuzzBn256Mul/5f02399786aca435875e1e1f02c7dfbb939b587b
=== RUN   FuzzBn256Mul/60b7bc9daa8bb4258aa8d79df723d4b46e03052a
=== RUN   FuzzBn256Mul/636d864e8d7571264cd2ba9b9a94485d81d3428f
=== RUN   FuzzBn256Mul/64e45a5c973cbbf6196c8f11d1e3a3b99d267589
=== RUN   FuzzBn256Mul/658d58c6b8544e528e0488cb7015e602fdf5cd4d
=== RUN   FuzzBn256Mul/67b902b050861206ecd7626189a1b3ebc00410dc
=== RUN   FuzzBn256Mul/67d922b6950a8f007d25ea3e664167d2773e9a92
=== RUN   FuzzBn256Mul/68ca339677492a014f4ba233089ccc33d7684d75
=== RUN   FuzzBn256Mul/68e152fcf93784d5f8f31fb23513435dea10b262
=== RUN   FuzzBn256Mul/691eab9b481d8eb3729b80d9724823459008ad34
=== RUN   FuzzBn256Mul/699885a2d688d72caa243fab1507401ab65f2cc1
=== RUN   FuzzBn256Mul/6ae8a98524ca4bd1e3e621fda2e7f77cfddb9091
=== RUN   FuzzBn256Mul/6b2c25eb49f3f431be0cf607d5cddefa6717f81d
=== RUN   FuzzBn256Mul/6b7d9fce205ce8b24010c1aff07c28bbd4060073
=== RUN   FuzzBn256Mul/6c1dd7b2dc047d3d2660ec4e3cb4ee38f50047f4
=== RUN   FuzzBn256Mul/6c869ac4ab5296ff4c15875502938efa4cb3993c
=== RUN   FuzzBn256Mul/6d348aaf3fa26a53dddf0745abd750f1484f1e32
=== RUN   FuzzBn256Mul/6f02f414df5554160e28bda4d9dfe60411507b86
=== RUN   FuzzBn256Mul/6fb4b9389348903a2102da61257191559b844a12
=== RUN   FuzzBn256Mul/720750b80d09c6d91b112097fb7e5c5d2d147dd9
=== RUN   FuzzBn256Mul/73d0c9b54f416fb2c183afe86a7da1237a8ffa93
=== RUN   FuzzBn256Mul/7543bf297e18a2a16b1f72ae0f6d4805b7d024f1
=== RUN   FuzzBn256Mul/75864cd0817a8d29907b0a79168a89be6cb87ac1
=== RUN   FuzzBn256Mul/76f1109799e4111e630cbcdc13babcf7467cf7f1
=== RUN   FuzzBn256Mul/77bbe001b9d331220cee4dc61eb186a726c11f0c
=== RUN   FuzzBn256Mul/77c10e03706ae6b280077294c07761fe1c8a8120
=== RUN   FuzzBn256Mul/77ee4a08013e6e249926e45153d0779b599ccf12
=== RUN   FuzzBn256Mul/7c56c4b54ee4444529568e5385af1f24d1433d4c
=== RUN   FuzzBn256Mul/7ce6dd7dc181c26f47fe725d23e7af2b04fa6314
=== RUN   FuzzBn256Mul/7eb402fa00701de22df5b3d88759346fab7fc592
=== RUN   FuzzBn256Mul/80f42775a8e9975b7be83d8869ba18e6e7f77713
=== RUN   FuzzBn256Mul/818dbd905461df75de5895444df328fa6af05c19
=== RUN   FuzzBn256Mul/8194fb50482e04688a3d7d433ae89593e9dbffe8
=== RUN   FuzzBn256Mul/81975ad60fef3801608903dc49cba5c1b1d39d33
=== RUN   FuzzBn256Mul/81c48337b641889ee0f0208f28aa70bf7ae53bd2
=== RUN   FuzzBn256Mul/82114ae64fb8732700d8df0b9ad5a1073e0e573a
=== RUN   FuzzBn256Mul/8268c04a1a1694b1746d85b4c6b0e826aabc1cfc
=== RUN   FuzzBn256Mul/868bc6e9b6ed8f72d5b9004618b6468a9128f085
=== RUN   FuzzBn256Mul/8784d2b27fa64c356d3b22ef4b65544fabb15639
=== RUN   FuzzBn256Mul/880bfcd856a5ddaf1f9ac42ec2436fbc91c9df40
=== RUN   FuzzBn256Mul/891a0c7f7f1d98d514482a6180529d6075eafcd5
=== RUN   FuzzBn256Mul/8ae8468dc5b5e5c3f986d37b7223b207fef03523
=== RUN   FuzzBn256Mul/8d1337b5cca0a903df8f5b6e7315e2ad0b513ae0
=== RUN   FuzzBn256Mul/8d643a8e7e3ea4c2deb8e34bbce4c1d288823054
=== RUN   FuzzBn256Mul/8e31983d0d3660124d525cb0b1e4456f86de62de
=== RUN   FuzzBn256Mul/900a7036a43d2dd5179368d9e0e8531b5573aa7c
=== RUN   FuzzBn256Mul/9069ca78e7450a285173431b3e52c5c25299e473
=== RUN   FuzzBn256Mul/912a7a1c806940c2f578068f0dc6aa68372079c3
=== RUN   FuzzBn256Mul/91fb9d615b776ad2c7043742ef91cdddb1d94e4d
=== RUN   FuzzBn256Mul/922da9bdde1e722f08c39b7fc7b1de32e30b8e28
=== RUN   FuzzBn256Mul/92bc5f00d2ea2f90d07230e8f4c5d1bf598e2288
=== RUN   FuzzBn256Mul/932d61916dd4e7b9d1055b87dcb9e9be4b202edf
=== RUN   FuzzBn256Mul/9528b12f38513738639674c9f008f77a47192bc1
=== RUN   FuzzBn256Mul/980552f4e86c95b3ab4185434d86c3403abeb453
=== RUN   FuzzBn256Mul/98ab36e6576cf18bc55c38b12da126721452884e
=== RUN   FuzzBn256Mul/991c3f29548baaa1cfcf62f5ccd0afad150bd849
=== RUN   FuzzBn256Mul/99e6c9be3d546acead4dd096fb118ca30ec9539e
=== RUN   FuzzBn256Mul/9bd25d92ea9e6bd3b0e8787d50967e443376a4d9
=== RUN   FuzzBn256Mul/9decb24502d7d8ef6d7a9b7de515e2765b61c7f0
=== RUN   FuzzBn256Mul/9edd29d65ff67b9cd2add6bf776de4d9d42a7fa0
=== RUN   FuzzBn256Mul/9fd02b550721b29f14e288d0b71341d53618ae5b
=== RUN   FuzzBn256Mul/a32fdfff6da06cae6a68e9b6ad17efaf4d193c4b
=== RUN   FuzzBn256Mul/a3da2ff605abdd7e3f66d6c2a4eedf2018a872a6
=== RUN   FuzzBn256Mul/a5169daea0aba79604259af76623b9415e260f61
=== RUN   FuzzBn256Mul/a76ebcd0d319fd6a411cfb35407d778f238d60ac
=== RUN   FuzzBn256Mul/a80d4ce1d1143d756f98e541d39f672d441bc789
=== RUN   FuzzBn256Mul/a85a63481d34883f99756114b3f3640b25926359
=== RUN   FuzzBn256Mul/aadfa9085deb76a9eb9b94baba51587431d4fe03
=== RUN   FuzzBn256Mul/ac95e0f0f5a4196e057c07f67a320ef718d06900
=== RUN   FuzzBn256Mul/ad689c553076b9c994dce54f085d5a71d8b2031d
=== RUN   FuzzBn256Mul/adbebcfa0cb7044e1d59b07d0c9f608f696996b0
=== RUN   FuzzBn256Mul/adc83b19e793491b1c6ea0fd8b46cd9f32e592fc
=== RUN   FuzzBn256Mul/afb877e2813cf1d9b4a1c13f9c451526a02eabdf
=== RUN   FuzzBn256Mul/b01be0d2fb4481d21ffa9bc7fbc0c05dc77b6c7a
=== RUN   FuzzBn256Mul/b35734a52f7f2a62d8f5005d3fb2f642624a2c63
=== RUN   FuzzBn256Mul/b36d670194f766a08342de85fa5384461c9e1036
=== RUN   FuzzBn256Mul/b5a2226c82cc6a8fc830c2117918e04a4e304467
=== RUN   FuzzBn256Mul/b5ced06b592abce4a75cbef21bd8e818b2423583
=== RUN   FuzzBn256Mul/b5e2048a4cd40bbcf24d510f42acc062b4e2b676
=== RUN   FuzzBn256Mul/b67b8aa8046bdbfe37524935bdfb32fa59fb474c
=== RUN   FuzzBn256Mul/b6b1bdc9cc46808107fe81ec8f3f38d2d7e709ab
=== RUN   FuzzBn256Mul/b71517dc64dad824bf4837237cca587a02996c72
=== RUN   FuzzBn256Mul/b715910d145313b5a9bb5a3825681229206d1286
=== RUN   FuzzBn256Mul/bc02c644fbf597ae677579c1976aa3859fa63364
=== RUN   FuzzBn256Mul/bd723e96122a9fdfedad9c4fe72f6f9a5161d26c
=== RUN   FuzzBn256Mul/bde9d46052a3c4ff7f7f3dcf8d17a3c0882156b4
=== RUN   FuzzBn256Mul/be397747230b790377acff2d637d6f0f340b22fa
=== RUN   FuzzBn256Mul/bf7d4811cf41384f4cfe8bc0274d729596e1fe55
=== RUN   FuzzBn256Mul/c12255773b32f676dc830b73ea297fd17e93ecf5
=== RUN   FuzzBn256Mul/c4982a4021799dbfa2e774b72fa080b28ab42d84
=== RUN   FuzzBn256Mul/c6d6973f22f58fb304c5b04083a903801a1c9b5c
=== RUN   FuzzBn256Mul/c6e58dfad24aac44e7c970e341f6d530ff94c477
=== RUN   FuzzBn256Mul/c7fef2809bfebdc5b2a86fb176573084b65f6fcb
=== RUN   FuzzBn256Mul/c8a5542d27b12ef8b51402f26d9d6ef11384d3d9
=== RUN   FuzzBn256Mul/c8f0f1bb6fcb32951925d2a13b2f96efaf4a95e3
=== RUN   FuzzBn256Mul/c94fadf23d6f796d967539ceab47795d349dfa5e
=== RUN   FuzzBn256Mul/c985d38f471c42652f7b750c0e84b56cb9f8a411
=== RUN   FuzzBn256Mul/c9a2cdf7cb9210e6a4fcea4f7d7a6a46b97d555c
=== RUN   FuzzBn256Mul/c9a7d100da01428906eb839bee6197e1be16be9c
=== RUN   FuzzBn256Mul/ca08e60e534593494a582064c100907f6ac5c607
=== RUN   FuzzBn256Mul/cae4d43108f44a98afe7d27490216d70cfab1733
=== RUN   FuzzBn256Mul/cbf463467b84aa091c6c7fc03f0682255ad3c150
=== RUN   FuzzBn256Mul/cd0641f9ea6e71bcc6e0e07574ee17d02dc897c2
=== RUN   FuzzBn256Mul/cd93fcd8cccc7826c2d11b749e8c6a5536af47b9
=== RUN   FuzzBn256Mul/cf055b5c02b62f97cbffae588340b82ca6b26425
=== RUN   FuzzBn256Mul/cf61dfd998abef446b63ad6b6a0539749c82a5e4
=== RUN   FuzzBn256Mul/cfdd28ae5558bfc2d426b920f34523391c468447
=== RUN   FuzzBn256Mul/d00a39de55627a7c57687d9dd205b3d28e328310
=== RUN   FuzzBn256Mul/d03f950fd554620800e0438608b15c4e7a93c482
=== RUN   FuzzBn256Mul/d0d36d69331600cba17d2d735621dfbd239e5afd
=== RUN   FuzzBn256Mul/d0ddc02ab8a6e2b4e49095ce3cff81e9f078b0a9
=== RUN   FuzzBn256Mul/d1f07771e9e315b05f0cf0e7dc26206c64e7a8e9
=== RUN   FuzzBn256Mul/d2c86b40e9d3f66c8033a2fa447100399358de61
=== RUN   FuzzBn256Mul/d327029ce8745cac19fc48cc8eb4b2972f15a7dd
=== RUN   FuzzBn256Mul/d3a28cb242a54ffbc0d486037c155146b4286e9d
=== RUN   FuzzBn256Mul/d570e39e0284ce26731b0cd07787fec0cdbf84b1
=== RUN   FuzzBn256Mul/d7e0495116ff30efd4639448e15bf774fff62bed
=== RUN   FuzzBn256Mul/d99a2115b2b465f372a9f438075c52719b70ff40
=== RUN   FuzzBn256Mul/da0a49d417b7b8611c5b483d348c0ed8ed255f31
=== RUN   FuzzBn256Mul/da53fb50c2dd47051c7f57149c468978dd31cc0d
=== RUN   FuzzBn256Mul/dabbe6b3035ba97306357a2a137767729f1694d1
=== RUN   FuzzBn256Mul/db454a66b9078b357a8b40945a4e3d7558e4df45
=== RUN   FuzzBn256Mul/db4574157cf3148988fbbf098718df8ec6e5be0d
=== RUN   FuzzBn256Mul/dd545b22f4ee9d328406a9e4158170a4e2b883f7
=== RUN   FuzzBn256Mul/de15cc80e9c3726973535a2b04f1378c27b38edd
=== RUN   FuzzBn256Mul/de6bd5b3104b58b3e4d4b3eeabad69e0e36621d9
=== RUN   FuzzBn256Mul/e1f4d58702b5ea5b01d1c26b7c3075d0f522bdcf
=== RUN   FuzzBn256Mul/e2a29e4ac5de05059ea6061348a0465110b5af00
=== RUN   FuzzBn256Mul/e3b55dbf96abcccb8d813a08aac5be86035b3fdd
=== RUN   FuzzBn256Mul/e3dc79edb42806c0e4f49b9d0195f0e4512f3be6
=== RUN   FuzzBn256Mul/e7a1694edc4d8c9fa95d09ccd4793ffd932e007f
=== RUN   FuzzBn256Mul/e7b9d2db4b1d4661731c9096c94ee454051cd4ed
=== RUN   FuzzBn256Mul/e7f2d26fe5c7c382b67ae77b7aefb859f2fff83b
=== RUN   FuzzBn256Mul/e8c403c2e5600f6cf3723943efd03f8e6b04231f
=== RUN   FuzzBn256Mul/e9ca4b64d14374079e319dcd26e74f18f4d73de0
=== RUN   FuzzBn256Mul/e9e1fe45f1e3c2c804dd0d7998a148acd37b31eb
=== RUN   FuzzBn256Mul/eaf062a5f1aba7de727c22fd4c9730be6d59b3d8
=== RUN   FuzzBn256Mul/ed12e914fc9359babb3d29a255c13f53979baeab
=== RUN   FuzzBn256Mul/ed2d27fb6142fa94d5b0859e3d1c02f0dcd85573
=== RUN   FuzzBn256Mul/edcfe1d18d22280931eeeb0794e7021e5c4296e9
=== RUN   FuzzBn256Mul/edfea8185cae183cbd6623f428a15656ffc1b901
=== RUN   FuzzBn256Mul/ef6684158e4ed30f288d04c5149ef0d3688c9017
=== RUN   FuzzBn256Mul/ef807cc9022155b1a8a3f457aa0a8fbe7cf54e18
=== RUN   FuzzBn256Mul/f0956b64dfc389506cfd5369c59edabf7c6f7ce8
=== RUN   FuzzBn256Mul/f124f5b512e5397aeefaaf94273c2c6b80ff586a
=== RUN   FuzzBn256Mul/f49585cee10d09ec2ffb6c91e80fefc53c063ff8
=== RUN   FuzzBn256Mul/f4c3f7e8a0cd6bc4cedf932810126895d6739a8c
=== RUN   FuzzBn256Mul/f57d236ff375ecf034699935dbaca3239f3658a4
=== RUN   FuzzBn256Mul/f5a7b4f6257b1cadec44fcc140d014205479aae1
=== RUN   FuzzBn256Mul/f7110c802684db31a81fc6ac2464e4c017c135cd
=== RUN   FuzzBn256Mul/f8c2ebf99f208ae8d1725e45b5702a92696964ad
=== RUN   FuzzBn256Mul/f90ad1072fd09d467b5db914b61807e1adce6c60
=== RUN   FuzzBn256Mul/f9151cb97c2fd4ac8f920b892351b5db55e7c6c9
=== RUN   FuzzBn256Mul/f9baab0447d47881ac4e7e9b5535a07455582815
=== RUN   FuzzBn256Mul/fbd4f1f6dc3572c0945d1280b759f9425ad89090
=== RUN   FuzzBn256Mul/fc135fea2da4e9249f4f944cbfaafafb3704d034
=== RUN   FuzzBn256Mul/fc1aea176d7d52e5d49dbffe82f68f3db8f8f3c8
=== RUN   FuzzBn256Mul/feae4e9007b5d89abf339bf5a7389ddcebb444cd
=== RUN   FuzzBn256Mul/ff00835b5b3c466ef386afe500fe3b8e6d2a6283
--- PASS: FuzzBn256Mul (0.40s)
    --- PASS: FuzzBn256Mul/0110bc073fa2e7b76dde20f38e0cbef355bab7d9 (0.00s)
    --- PASS: FuzzBn256Mul/01bac29f13d1ec63ddf3e0c3c76fa3a18eebd300 (0.00s)
    --- PASS: FuzzBn256Mul/030f26c81c11b892d56f2b339841bf561e6ed811 (0.00s)
    --- PASS: FuzzBn256Mul/03408a9e3b622fd21a22a55b1d1ac9821652a3f8 (0.00s)
    --- PASS: FuzzBn256Mul/046c3f81af0985d288de8d06557fe0c7abebaba6 (0.00s)
    --- PASS: FuzzBn256Mul/047449fc6e35cf61a4e6ad7b97f41eb8b90e7f16 (0.00s)
    --- PASS: FuzzBn256Mul/05cd174270a428350eb78bf0c968be0e863a989c (0.00s)
    --- PASS: FuzzBn256Mul/0763c22e3a8681008b8b583528c347b30faf8544 (0.00s)
    --- PASS: FuzzBn256Mul/08285c22d783416c578168efc8ac48f7b9ee9b91 (0.00s)
    --- PASS: FuzzBn256Mul/0923581307050d71172adab21544435b10e55412 (0.00s)
    --- PASS: FuzzBn256Mul/0b4dfb40d0c27e1d92366bc1a5c6b7293d1c06e0 (0.00s)
    --- PASS: FuzzBn256Mul/0bcbc1bec31f043b129935134df274b5aaa85ceb (0.00s)
    --- PASS: FuzzBn256Mul/0c41d8f60b42996ad478b8d2e65918592c6f6152 (0.00s)
    --- PASS: FuzzBn256Mul/0d03550bd7942b2e34c5611bd40249e2c58a2e31 (0.00s)
    --- PASS: FuzzBn256Mul/0d60805486aafa439e88ba26503c6f334640eb35 (0.00s)
    --- PASS: FuzzBn256Mul/0e97c627e0cfc588f93f6dc6bf86f374019771e7 (0.00s)
    --- PASS: FuzzBn256Mul/14bffee3884db19dd4f01afdaf873ffa5804232e (0.00s)
    --- PASS: FuzzBn256Mul/1a25c5715019dea95265dbac144df1b9ecff5320 (0.00s)
    --- PASS: FuzzBn256Mul/1a922d22519f582c0910efa8218903aa3855cb8b (0.00s)
    --- PASS: FuzzBn256Mul/1b51a96d78a7bd768437eb77fd0d737a636ea5b4 (0.00s)
    --- PASS: FuzzBn256Mul/1bb5784ee55225e4b8695f5b73b983106206d311 (0.00s)
    --- PASS: FuzzBn256Mul/1cb1c5d7937be714f421feddbd9d4b4af467f25f (0.00s)
    --- PASS: FuzzBn256Mul/1daeb877ab4033c1abb06445cbc8f5139fd91804 (0.00s)
    --- PASS: FuzzBn256Mul/1f2827f7b1bdc68b12b705f6ddeb7af6598300d7 (0.00s)
    --- PASS: FuzzBn256Mul/216c846eab8d114e5abdcc5c0ff45590cb783b79 (0.00s)
    --- PASS: FuzzBn256Mul/21f54f1a8f5722df36e52de7dc0f3c96436ce4ba (0.01s)
    --- PASS: FuzzBn256Mul/22a3c78bfb28d46616613e0553a3a70a9923aceb (0.00s)
    --- PASS: FuzzBn256Mul/22a819ba8720f383623d332f86b53624fbd37af2 (0.00s)
    --- PASS: FuzzBn256Mul/28f7ed09a1befa96b0764298fbc4eceb5e2de65c (0.00s)
    --- PASS: FuzzBn256Mul/2968d503b2e5cebd56186484dd10c430772309cc (0.00s)
    --- PASS: FuzzBn256Mul/2994b20cc8c420105aeba9e34ab3396572835b2f (0.00s)
    --- PASS: FuzzBn256Mul/29ed941353208b2a913bc0b61ef4298204692b3f (0.00s)
    --- PASS: FuzzBn256Mul/2ac1fa8e9689fd3fc12f9f36441d6e2fbb452ee3 (0.00s)
    --- PASS: FuzzBn256Mul/2ecb1bb7087d65c8fa2a7fc6bf784aae0a68e69d (0.00s)
    --- PASS: FuzzBn256Mul/2edf8b57f3ae5fc644a4fa9f08c8001350077211 (0.00s)
    --- PASS: FuzzBn256Mul/2f767f47c7799b046a87b0cf983ee132c521567d (0.00s)
    --- PASS: FuzzBn256Mul/3109234936a8c03ff867df98f4791ab3df4d9344 (0.00s)
    --- PASS: FuzzBn256Mul/311af8e3aad1e9f8fcf7423c3a712c9b8b3367b3 (0.00s)
    --- PASS: FuzzBn256Mul/3120cb96547420d0385fae3d162da4e4cc33e38a (0.00s)
    --- PASS: FuzzBn256Mul/3191e88912075deb0f03cb9ac3ec5aabbd5d0e9f (0.00s)
    --- PASS: FuzzBn256Mul/331928f389c8d00bb1e920a0f36521584f59ab3a (0.00s)
    --- PASS: FuzzBn256Mul/33193d42a733f26e5031a6d751446a071dbc5e65 (0.00s)
    --- PASS: FuzzBn256Mul/37089f647be1415a980547b9d8ce1073a613d78d (0.01s)
    --- PASS: FuzzBn256Mul/3745f122b7ebcc4b604de23c71431aca25948624 (0.00s)
    --- PASS: FuzzBn256Mul/37ba6f91de93cfb590fb3f734d7a5d9a79203df2 (0.01s)
    --- PASS: FuzzBn256Mul/3c52272c192f3f77bf1efc9d1613f9cb70200bcb (0.00s)
    --- PASS: FuzzBn256Mul/3ca1a15a849e0d573f11a09e79c7dbccebca6bf9 (0.00s)
    --- PASS: FuzzBn256Mul/3fb171a6f0a90b1f13ddb27ef4e1728ed6e320ea (0.00s)
    --- PASS: FuzzBn256Mul/416758da282439f584cebea4c3346c54fcc87b44 (0.00s)
    --- PASS: FuzzBn256Mul/42c7b53ccedeb440b2d08fa701d9cdffff76ee08 (0.00s)
    --- PASS: FuzzBn256Mul/4351c82a0a1c59aa83ceecbf1c929b4f998efa0f (0.00s)
    --- PASS: FuzzBn256Mul/436560fefa2c5883214dd7682cfe18582667c874 (0.00s)
    --- PASS: FuzzBn256Mul/43c10178adebe2490fc8103905d429c248b34e78 (0.00s)
    --- PASS: FuzzBn256Mul/44e6491d66ec7e52757f102c698bfb86e19e3d99 (0.00s)
    --- PASS: FuzzBn256Mul/45d754a72048f4c72b1204a847cb7228c9b97321 (0.01s)
    --- PASS: FuzzBn256Mul/464a7a3f218cb5e010ebf287f756a0c2f3b16a3a (0.00s)
    --- PASS: FuzzBn256Mul/474506c4faf45ebba83bfbb9acf09c9cac1920fe (0.00s)
    --- PASS: FuzzBn256Mul/47e7e98c428efe07bd1a533445f22685cbbc6906 (0.00s)
    --- PASS: FuzzBn256Mul/49fad3b6120f48798042de91cbdf335b9e374e6a (0.00s)
    --- PASS: FuzzBn256Mul/4a8828084e2e70ade4afa831bb939d83f091abda (0.00s)
    --- PASS: FuzzBn256Mul/4f031ba15ee8af3d4c35fa1e99e006129baa5db3 (0.00s)
    --- PASS: FuzzBn256Mul/503bb43a4a4f9e85773388a4e655af808e7eb289 (0.00s)
    --- PASS: FuzzBn256Mul/51114243e72c75ffff5f9e8a5b9e3bd0e7808a81 (0.00s)
    --- PASS: FuzzBn256Mul/52c31490c97f0aa88784c9153b8859f09b733a72 (0.00s)
    --- PASS: FuzzBn256Mul/52f298115b3d227721c8b55f67b25f15cc1dfa99 (0.00s)
    --- PASS: FuzzBn256Mul/5493ca6d28347441d0b559189f76a73e85d3f27a (0.00s)
    --- PASS: FuzzBn256Mul/55ab3eb8e297e61389245e2c412634c3f2a9217c (0.00s)
    --- PASS: FuzzBn256Mul/5632877e958e482f7ee78fee4a1ab66ce675e2a2 (0.00s)
    --- PASS: FuzzBn256Mul/564b0ae723c794e9f9c4214bd18076d43607732b (0.00s)
    --- PASS: FuzzBn256Mul/5724b12305eff029fded810dd94abd9e6f8b2c5b (0.00s)
    --- PASS: FuzzBn256Mul/580413fc6b898626b6db0c2e8354f0556840e497 (0.00s)
    --- PASS: FuzzBn256Mul/58262fd525571fa4bd933a6a0ec0c0f5ef1bc40a (0.00s)
    --- PASS: FuzzBn256Mul/58b6b47663502ec13c717139c6b11d87807b5c50 (0.00s)
    --- PASS: FuzzBn256Mul/5a6e4e3c39a8e0e70e00ceccb2e06c2ac329b3e9 (0.00s)
    --- PASS: FuzzBn256Mul/5abca298c809c783f154624a79c1084cd4ddacad (0.00s)
    --- PASS: FuzzBn256Mul/5bb774bb8d85e39fa39b0a2872184a50a01dd55c (0.00s)
    --- PASS: FuzzBn256Mul/5c0b4d21b6af8ae510748056302a47f7beac2327 (0.00s)
    --- PASS: FuzzBn256Mul/5c204af96cf7e149582991832fd31e1c7bd63dc4 (0.00s)
    --- PASS: FuzzBn256Mul/5f02399786aca435875e1e1f02c7dfbb939b587b (0.00s)
    --- PASS: FuzzBn256Mul/60b7bc9daa8bb4258aa8d79df723d4b46e03052a (0.00s)
    --- PASS: FuzzBn256Mul/636d864e8d7571264cd2ba9b9a94485d81d3428f (0.00s)
    --- PASS: FuzzBn256Mul/64e45a5c973cbbf6196c8f11d1e3a3b99d267589 (0.00s)
    --- PASS: FuzzBn256Mul/658d58c6b8544e528e0488cb7015e602fdf5cd4d (0.00s)
    --- PASS: FuzzBn256Mul/67b902b050861206ecd7626189a1b3ebc00410dc (0.00s)
    --- PASS: FuzzBn256Mul/67d922b6950a8f007d25ea3e664167d2773e9a92 (0.00s)
    --- PASS: FuzzBn256Mul/68ca339677492a014f4ba233089ccc33d7684d75 (0.00s)
    --- PASS: FuzzBn256Mul/68e152fcf93784d5f8f31fb23513435dea10b262 (0.00s)
    --- PASS: FuzzBn256Mul/691eab9b481d8eb3729b80d9724823459008ad34 (0.00s)
    --- PASS: FuzzBn256Mul/699885a2d688d72caa243fab1507401ab65f2cc1 (0.01s)
    --- PASS: FuzzBn256Mul/6ae8a98524ca4bd1e3e621fda2e7f77cfddb9091 (0.00s)
    --- PASS: FuzzBn256Mul/6b2c25eb49f3f431be0cf607d5cddefa6717f81d (0.00s)
    --- PASS: FuzzBn256Mul/6b7d9fce205ce8b24010c1aff07c28bbd4060073 (0.00s)
    --- PASS: FuzzBn256Mul/6c1dd7b2dc047d3d2660ec4e3cb4ee38f50047f4 (0.00s)
    --- PASS: FuzzBn256Mul/6c869ac4ab5296ff4c15875502938efa4cb3993c (0.00s)
    --- PASS: FuzzBn256Mul/6d348aaf3fa26a53dddf0745abd750f1484f1e32 (0.00s)
    --- PASS: FuzzBn256Mul/6f02f414df5554160e28bda4d9dfe60411507b86 (0.00s)
    --- PASS: FuzzBn256Mul/6fb4b9389348903a2102da61257191559b844a12 (0.00s)
    --- PASS: FuzzBn256Mul/720750b80d09c6d91b112097fb7e5c5d2d147dd9 (0.00s)
    --- PASS: FuzzBn256Mul/73d0c9b54f416fb2c183afe86a7da1237a8ffa93 (0.00s)
    --- PASS: FuzzBn256Mul/7543bf297e18a2a16b1f72ae0f6d4805b7d024f1 (0.00s)
    --- PASS: FuzzBn256Mul/75864cd0817a8d29907b0a79168a89be6cb87ac1 (0.00s)
    --- PASS: FuzzBn256Mul/76f1109799e4111e630cbcdc13babcf7467cf7f1 (0.00s)
    --- PASS: FuzzBn256Mul/77bbe001b9d331220cee4dc61eb186a726c11f0c (0.00s)
    --- PASS: FuzzBn256Mul/77c10e03706ae6b280077294c07761fe1c8a8120 (0.00s)
    --- PASS: FuzzBn256Mul/77ee4a08013e6e249926e45153d0779b599ccf12 (0.00s)
    --- PASS: FuzzBn256Mul/7c56c4b54ee4444529568e5385af1f24d1433d4c (0.00s)
    --- PASS: FuzzBn256Mul/7ce6dd7dc181c26f47fe725d23e7af2b04fa6314 (0.00s)
    --- PASS: FuzzBn256Mul/7eb402fa00701de22df5b3d88759346fab7fc592 (0.00s)
    --- PASS: FuzzBn256Mul/80f42775a8e9975b7be83d8869ba18e6e7f77713 (0.01s)
    --- PASS: FuzzBn256Mul/818dbd905461df75de5895444df328fa6af05c19 (0.00s)
    --- PASS: FuzzBn256Mul/8194fb50482e04688a3d7d433ae89593e9dbffe8 (0.00s)
    --- PASS: FuzzBn256Mul/81975ad60fef3801608903dc49cba5c1b1d39d33 (0.00s)
    --- PASS: FuzzBn256Mul/81c48337b641889ee0f0208f28aa70bf7ae53bd2 (0.00s)
    --- PASS: FuzzBn256Mul/82114ae64fb8732700d8df0b9ad5a1073e0e573a (0.00s)
    --- PASS: FuzzBn256Mul/8268c04a1a1694b1746d85b4c6b0e826aabc1cfc (0.00s)
    --- PASS: FuzzBn256Mul/868bc6e9b6ed8f72d5b9004618b6468a9128f085 (0.00s)
    --- PASS: FuzzBn256Mul/8784d2b27fa64c356d3b22ef4b65544fabb15639 (0.00s)
    --- PASS: FuzzBn256Mul/880bfcd856a5ddaf1f9ac42ec2436fbc91c9df40 (0.00s)
    --- PASS: FuzzBn256Mul/891a0c7f7f1d98d514482a6180529d6075eafcd5 (0.00s)
    --- PASS: FuzzBn256Mul/8ae8468dc5b5e5c3f986d37b7223b207fef03523 (0.00s)
    --- PASS: FuzzBn256Mul/8d1337b5cca0a903df8f5b6e7315e2ad0b513ae0 (0.00s)
    --- PASS: FuzzBn256Mul/8d643a8e7e3ea4c2deb8e34bbce4c1d288823054 (0.00s)
    --- PASS: FuzzBn256Mul/8e31983d0d3660124d525cb0b1e4456f86de62de (0.00s)
    --- PASS: FuzzBn256Mul/900a7036a43d2dd5179368d9e0e8531b5573aa7c (0.00s)
    --- PASS: FuzzBn256Mul/9069ca78e7450a285173431b3e52c5c25299e473 (0.00s)
    --- PASS: FuzzBn256Mul/912a7a1c806940c2f578068f0dc6aa68372079c3 (0.01s)
    --- PASS: FuzzBn256Mul/91fb9d615b776ad2c7043742ef91cdddb1d94e4d (0.00s)
    --- PASS: FuzzBn256Mul/922da9bdde1e722f08c39b7fc7b1de32e30b8e28 (0.00s)
    --- PASS: FuzzBn256Mul/92bc5f00d2ea2f90d07230e8f4c5d1bf598e2288 (0.00s)
    --- PASS: FuzzBn256Mul/932d61916dd4e7b9d1055b87dcb9e9be4b202edf (0.00s)
    --- PASS: FuzzBn256Mul/9528b12f38513738639674c9f008f77a47192bc1 (0.00s)
    --- PASS: FuzzBn256Mul/980552f4e86c95b3ab4185434d86c3403abeb453 (0.00s)
    --- PASS: FuzzBn256Mul/98ab36e6576cf18bc55c38b12da126721452884e (0.00s)
    --- PASS: FuzzBn256Mul/991c3f29548baaa1cfcf62f5ccd0afad150bd849 (0.00s)
    --- PASS: FuzzBn256Mul/99e6c9be3d546acead4dd096fb118ca30ec9539e (0.00s)
    --- PASS: FuzzBn256Mul/9bd25d92ea9e6bd3b0e8787d50967e443376a4d9 (0.00s)
    --- PASS: FuzzBn256Mul/9decb24502d7d8ef6d7a9b7de515e2765b61c7f0 (0.00s)
    --- PASS: FuzzBn256Mul/9edd29d65ff67b9cd2add6bf776de4d9d42a7fa0 (0.00s)
    --- PASS: FuzzBn256Mul/9fd02b550721b29f14e288d0b71341d53618ae5b (0.00s)
    --- PASS: FuzzBn256Mul/a32fdfff6da06cae6a68e9b6ad17efaf4d193c4b (0.00s)
    --- PASS: FuzzBn256Mul/a3da2ff605abdd7e3f66d6c2a4eedf2018a872a6 (0.00s)
    --- PASS: FuzzBn256Mul/a5169daea0aba79604259af76623b9415e260f61 (0.00s)
    --- PASS: FuzzBn256Mul/a76ebcd0d319fd6a411cfb35407d778f238d60ac (0.00s)
    --- PASS: FuzzBn256Mul/a80d4ce1d1143d756f98e541d39f672d441bc789 (0.00s)
    --- PASS: FuzzBn256Mul/a85a63481d34883f99756114b3f3640b25926359 (0.00s)
    --- PASS: FuzzBn256Mul/aadfa9085deb76a9eb9b94baba51587431d4fe03 (0.00s)
    --- PASS: FuzzBn256Mul/ac95e0f0f5a4196e057c07f67a320ef718d06900 (0.00s)
    --- PASS: FuzzBn256Mul/ad689c553076b9c994dce54f085d5a71d8b2031d (0.00s)
    --- PASS: FuzzBn256Mul/adbebcfa0cb7044e1d59b07d0c9f608f696996b0 (0.00s)
    --- PASS: FuzzBn256Mul/adc83b19e793491b1c6ea0fd8b46cd9f32e592fc (0.00s)
    --- PASS: FuzzBn256Mul/afb877e2813cf1d9b4a1c13f9c451526a02eabdf (0.00s)
    --- PASS: FuzzBn256Mul/b01be0d2fb4481d21ffa9bc7fbc0c05dc77b6c7a (0.00s)
    --- PASS: FuzzBn256Mul/b35734a52f7f2a62d8f5005d3fb2f642624a2c63 (0.00s)
    --- PASS: FuzzBn256Mul/b36d670194f766a08342de85fa5384461c9e1036 (0.01s)
    --- PASS: FuzzBn256Mul/b5a2226c82cc6a8fc830c2117918e04a4e304467 (0.00s)
    --- PASS: FuzzBn256Mul/b5ced06b592abce4a75cbef21bd8e818b2423583 (0.00s)
    --- PASS: FuzzBn256Mul/b5e2048a4cd40bbcf24d510f42acc062b4e2b676 (0.00s)
    --- PASS: FuzzBn256Mul/b67b8aa8046bdbfe37524935bdfb32fa59fb474c (0.00s)
    --- PASS: FuzzBn256Mul/b6b1bdc9cc46808107fe81ec8f3f38d2d7e709ab (0.00s)
    --- PASS: FuzzBn256Mul/b71517dc64dad824bf4837237cca587a02996c72 (0.00s)
    --- PASS: FuzzBn256Mul/b715910d145313b5a9bb5a3825681229206d1286 (0.00s)
    --- PASS: FuzzBn256Mul/bc02c644fbf597ae677579c1976aa3859fa63364 (0.00s)
    --- PASS: FuzzBn256Mul/bd723e96122a9fdfedad9c4fe72f6f9a5161d26c (0.00s)
    --- PASS: FuzzBn256Mul/bde9d46052a3c4ff7f7f3dcf8d17a3c0882156b4 (0.00s)
    --- PASS: FuzzBn256Mul/be397747230b790377acff2d637d6f0f340b22fa (0.00s)
    --- PASS: FuzzBn256Mul/bf7d4811cf41384f4cfe8bc0274d729596e1fe55 (0.00s)
    --- PASS: FuzzBn256Mul/c12255773b32f676dc830b73ea297fd17e93ecf5 (0.00s)
    --- PASS: FuzzBn256Mul/c4982a4021799dbfa2e774b72fa080b28ab42d84 (0.00s)
    --- PASS: FuzzBn256Mul/c6d6973f22f58fb304c5b04083a903801a1c9b5c (0.00s)
    --- PASS: FuzzBn256Mul/c6e58dfad24aac44e7c970e341f6d530ff94c477 (0.00s)
    --- PASS: FuzzBn256Mul/c7fef2809bfebdc5b2a86fb176573084b65f6fcb (0.00s)
    --- PASS: FuzzBn256Mul/c8a5542d27b12ef8b51402f26d9d6ef11384d3d9 (0.00s)
    --- PASS: FuzzBn256Mul/c8f0f1bb6fcb32951925d2a13b2f96efaf4a95e3 (0.00s)
    --- PASS: FuzzBn256Mul/c94fadf23d6f796d967539ceab47795d349dfa5e (0.00s)
    --- PASS: FuzzBn256Mul/c985d38f471c42652f7b750c0e84b56cb9f8a411 (0.00s)
    --- PASS: FuzzBn256Mul/c9a2cdf7cb9210e6a4fcea4f7d7a6a46b97d555c (0.00s)
    --- PASS: FuzzBn256Mul/c9a7d100da01428906eb839bee6197e1be16be9c (0.00s)
    --- PASS: FuzzBn256Mul/ca08e60e534593494a582064c100907f6ac5c607 (0.00s)
    --- PASS: FuzzBn256Mul/cae4d43108f44a98afe7d27490216d70cfab1733 (0.00s)
    --- PASS: FuzzBn256Mul/cbf463467b84aa091c6c7fc03f0682255ad3c150 (0.00s)
    --- PASS: FuzzBn256Mul/cd0641f9ea6e71bcc6e0e07574ee17d02dc897c2 (0.00s)
    --- PASS: FuzzBn256Mul/cd93fcd8cccc7826c2d11b749e8c6a5536af47b9 (0.00s)
    --- PASS: FuzzBn256Mul/cf055b5c02b62f97cbffae588340b82ca6b26425 (0.00s)
    --- PASS: FuzzBn256Mul/cf61dfd998abef446b63ad6b6a0539749c82a5e4 (0.00s)
    --- PASS: FuzzBn256Mul/cfdd28ae5558bfc2d426b920f34523391c468447 (0.01s)
    --- PASS: FuzzBn256Mul/d00a39de55627a7c57687d9dd205b3d28e328310 (0.00s)
    --- PASS: FuzzBn256Mul/d03f950fd554620800e0438608b15c4e7a93c482 (0.00s)
    --- PASS: FuzzBn256Mul/d0d36d69331600cba17d2d735621dfbd239e5afd (0.00s)
    --- PASS: FuzzBn256Mul/d0ddc02ab8a6e2b4e49095ce3cff81e9f078b0a9 (0.00s)
    --- PASS: FuzzBn256Mul/d1f07771e9e315b05f0cf0e7dc26206c64e7a8e9 (0.00s)
    --- PASS: FuzzBn256Mul/d2c86b40e9d3f66c8033a2fa447100399358de61 (0.00s)
    --- PASS: FuzzBn256Mul/d327029ce8745cac19fc48cc8eb4b2972f15a7dd (0.00s)
    --- PASS: FuzzBn256Mul/d3a28cb242a54ffbc0d486037c155146b4286e9d (0.00s)
    --- PASS: FuzzBn256Mul/d570e39e0284ce26731b0cd07787fec0cdbf84b1 (0.00s)
    --- PASS: FuzzBn256Mul/d7e0495116ff30efd4639448e15bf774fff62bed (0.00s)
    --- PASS: FuzzBn256Mul/d99a2115b2b465f372a9f438075c52719b70ff40 (0.00s)
    --- PASS: FuzzBn256Mul/da0a49d417b7b8611c5b483d348c0ed8ed255f31 (0.00s)
    --- PASS: FuzzBn256Mul/da53fb50c2dd47051c7f57149c468978dd31cc0d (0.00s)
    --- PASS: FuzzBn256Mul/dabbe6b3035ba97306357a2a137767729f1694d1 (0.00s)
    --- PASS: FuzzBn256Mul/db454a66b9078b357a8b40945a4e3d7558e4df45 (0.00s)
    --- PASS: FuzzBn256Mul/db4574157cf3148988fbbf098718df8ec6e5be0d (0.00s)
    --- PASS: FuzzBn256Mul/dd545b22f4ee9d328406a9e4158170a4e2b883f7 (0.00s)
    --- PASS: FuzzBn256Mul/de15cc80e9c3726973535a2b04f1378c27b38edd (0.01s)
    --- PASS: FuzzBn256Mul/de6bd5b3104b58b3e4d4b3eeabad69e0e36621d9 (0.00s)
    --- PASS: FuzzBn256Mul/e1f4d58702b5ea5b01d1c26b7c3075d0f522bdcf (0.01s)
    --- PASS: FuzzBn256Mul/e2a29e4ac5de05059ea6061348a0465110b5af00 (0.00s)
    --- PASS: FuzzBn256Mul/e3b55dbf96abcccb8d813a08aac5be86035b3fdd (0.00s)
    --- PASS: FuzzBn256Mul/e3dc79edb42806c0e4f49b9d0195f0e4512f3be6 (0.00s)
    --- PASS: FuzzBn256Mul/e7a1694edc4d8c9fa95d09ccd4793ffd932e007f (0.00s)
    --- PASS: FuzzBn256Mul/e7b9d2db4b1d4661731c9096c94ee454051cd4ed (0.00s)
    --- PASS: FuzzBn256Mul/e7f2d26fe5c7c382b67ae77b7aefb859f2fff83b (0.00s)
    --- PASS: FuzzBn256Mul/e8c403c2e5600f6cf3723943efd03f8e6b04231f (0.00s)
    --- PASS: FuzzBn256Mul/e9ca4b64d14374079e319dcd26e74f18f4d73de0 (0.00s)
    --- PASS: FuzzBn256Mul/e9e1fe45f1e3c2c804dd0d7998a148acd37b31eb (0.00s)
    --- PASS: FuzzBn256Mul/eaf062a5f1aba7de727c22fd4c9730be6d59b3d8 (0.00s)
    --- PASS: FuzzBn256Mul/ed12e914fc9359babb3d29a255c13f53979baeab (0.00s)
    --- PASS: FuzzBn256Mul/ed2d27fb6142fa94d5b0859e3d1c02f0dcd85573 (0.00s)
    --- PASS: FuzzBn256Mul/edcfe1d18d22280931eeeb0794e7021e5c4296e9 (0.00s)
    --- PASS: FuzzBn256Mul/edfea8185cae183cbd6623f428a15656ffc1b901 (0.00s)
    --- PASS: FuzzBn256Mul/ef6684158e4ed30f288d04c5149ef0d3688c9017 (0.00s)
    --- PASS: FuzzBn256Mul/ef807cc9022155b1a8a3f457aa0a8fbe7cf54e18 (0.00s)
    --- PASS: FuzzBn256Mul/f0956b64dfc389506cfd5369c59edabf7c6f7ce8 (0.00s)
    --- PASS: FuzzBn256Mul/f124f5b512e5397aeefaaf94273c2c6b80ff586a (0.00s)
    --- PASS: FuzzBn256Mul/f49585cee10d09ec2ffb6c91e80fefc53c063ff8 (0.00s)
    --- PASS: FuzzBn256Mul/f4c3f7e8a0cd6bc4cedf932810126895d6739a8c (0.00s)
    --- PASS: FuzzBn256Mul/f57d236ff375ecf034699935dbaca3239f3658a4 (0.00s)
    --- PASS: FuzzBn256Mul/f5a7b4f6257b1cadec44fcc140d014205479aae1 (0.00s)
    --- PASS: FuzzBn256Mul/f7110c802684db31a81fc6ac2464e4c017c135cd (0.00s)
    --- PASS: FuzzBn256Mul/f8c2ebf99f208ae8d1725e45b5702a92696964ad (0.00s)
    --- PASS: FuzzBn256Mul/f90ad1072fd09d467b5db914b61807e1adce6c60 (0.00s)
    --- PASS: FuzzBn256Mul/f9151cb97c2fd4ac8f920b892351b5db55e7c6c9 (0.00s)
    --- PASS: FuzzBn256Mul/f9baab0447d47881ac4e7e9b5535a07455582815 (0.00s)
    --- PASS: FuzzBn256Mul/fbd4f1f6dc3572c0945d1280b759f9425ad89090 (0.00s)
    --- PASS: FuzzBn256Mul/fc135fea2da4e9249f4f944cbfaafafb3704d034 (0.00s)
    --- PASS: FuzzBn256Mul/fc1aea176d7d52e5d49dbffe82f68f3db8f8f3c8 (0.00s)
    --- PASS: FuzzBn256Mul/feae4e9007b5d89abf339bf5a7389ddcebb444cd (0.01s)
    --- PASS: FuzzBn256Mul/ff00835b5b3c466ef386afe500fe3b8e6d2a6283 (0.00s)
=== RUN   FuzzBn256Pair
=== RUN   FuzzBn256Pair/01a55c3ff9c117bdac050320288d6a37b4dd65f1
=== RUN   FuzzBn256Pair/02a5db62f9b4dedc4ff78e5c3a650a81c9a34e24
=== RUN   FuzzBn256Pair/0346f7313be42e292cefc8178fe82fc062f505b1
=== RUN   FuzzBn256Pair/047453695dd2eb679ddf3c0b86c982185e1d2de5
=== RUN   FuzzBn256Pair/047eac2db06aea55e3e25632062a349d5f2634f4
=== RUN   FuzzBn256Pair/058baf20e0b916855a91b1de27c4ec173519b664
=== RUN   FuzzBn256Pair/058e2e3c41f9e858f9471e3fde086f74130d8d3a
=== RUN   FuzzBn256Pair/08da95bf14d641dcb187be0ac39e98ce35331df7
=== RUN   FuzzBn256Pair/09186b72fb9fbb892c2ae5cc577026a27011e79a
=== RUN   FuzzBn256Pair/09af306c9415ed033c43812713371d9b48db486c
=== RUN   FuzzBn256Pair/0a6626bdd8da011fd2903ac2fe819b1ec7adcc47
=== RUN   FuzzBn256Pair/0af3b060ab973f2707baf776d5db5d102e3ad89a
=== RUN   FuzzBn256Pair/0c1822bfa787e0fe40dbd73a501f57c92f239387
=== RUN   FuzzBn256Pair/0dbf613989c2f0ffab17c78179fd2605e0a72d47
=== RUN   FuzzBn256Pair/0f06180e42e6b4e2b76081b672a35a37fb616fae
=== RUN   FuzzBn256Pair/0f3ed3a9e2afa68d75cd96b1c310f96601c2fe1e
=== RUN   FuzzBn256Pair/111e13c304fc8546997950397bbe178fd7ab9470
=== RUN   FuzzBn256Pair/11322b05bd3f321230aa948bfad7d983462f2330
=== RUN   FuzzBn256Pair/113962f39cbc63d1271cc3bfe002ed908219e4d9
=== RUN   FuzzBn256Pair/1155a031d5e80ed0b2245e26e2c1f7895bc4ba53
=== RUN   FuzzBn256Pair/1243225a993220e7a71d9e9c5375564ac8928dbe
=== RUN   FuzzBn256Pair/12a31b1a840dc953138c12b2ae08b56b441e444e
=== RUN   FuzzBn256Pair/144015dd35dc6a66957cac55f1a9e467e3abb00e
=== RUN   FuzzBn256Pair/160b185625e554c61de9483b903c3c971659255e
=== RUN   FuzzBn256Pair/166c1df262e1aea5e5a42360514b24c99a6d86f7
=== RUN   FuzzBn256Pair/1a4c4137f0a755a849d39a59d60f64f9f36e77dc
=== RUN   FuzzBn256Pair/1ab596242d4229ae68e0c594d83491a18b3921fa
=== RUN   FuzzBn256Pair/1ac0d268d2007892629a7967cb3a870a18868ccd
=== RUN   FuzzBn256Pair/1d2983318bfd1c1101f2c30d9245d3f8ce84b683
=== RUN   FuzzBn256Pair/1e4287927e649f7b82b6083297b1c0061d01bbf2
=== RUN   FuzzBn256Pair/2030c43fcd4c45a92c36830e776e7ddba22756b9
=== RUN   FuzzBn256Pair/2078140f4c90d38ecaef443012f285cfecfd88c2
=== RUN   FuzzBn256Pair/2379fdbc7a5eb4ff09217c91ce7bd6e109630d40
=== RUN   FuzzBn256Pair/2406a1b6ab705bf3d535820f51b2e6d7ad9e77f4
=== RUN   FuzzBn256Pair/258a45f4d4a1f2262ad4ebc80a4fbfd1afbc795e
=== RUN   FuzzBn256Pair/26d7b068ad8bb1200095a74da7846f1f8359df47
=== RUN   FuzzBn256Pair/29d51a839e7e5a14d78e9106ca641f0103245ca3
=== RUN   FuzzBn256Pair/29eff6c421899c15cb217984b985eb1e347f436f
=== RUN   FuzzBn256Pair/2ac1f9f50a82153eae57dacf4a8d84ca157409ea
=== RUN   FuzzBn256Pair/2aeab757dd2dcba9306e626883f84fd748ee1514
=== RUN   FuzzBn256Pair/2b06ab920bc549e406d8598fcca7298ee7929bf7
=== RUN   FuzzBn256Pair/2b8dbee66b8c2f8855ad5260b7f56562a4f781b2
=== RUN   FuzzBn256Pair/2bbc0721a9ad7063a1d71b0e1e3fc372b3f4e359
=== RUN   FuzzBn256Pair/2c44632a8f68c214f2201173c7ffd854c4b3e22a
=== RUN   FuzzBn256Pair/2e6fa57e7273076445989644e10dd19186765be8
=== RUN   FuzzBn256Pair/2ea062ae873c64e43e2e0d6c63f77e7c8fb8f1de
=== RUN   FuzzBn256Pair/2ed2e7bf1bce372fb65b34ac18e0fef37dccbb55
=== RUN   FuzzBn256Pair/2f58ce8d48ab5a90fbe87f4515855087c3e3818e
=== RUN   FuzzBn256Pair/30235d6efbc2558883e50b626a7c2e1bbc29a7c7
=== RUN   FuzzBn256Pair/303c4ed9f234bffb18c1b37d3b7ad89ecf6184f4
=== RUN   FuzzBn256Pair/303f9de6e0591e2990bf11ee52724f2513c9e8e1
=== RUN   FuzzBn256Pair/311a1e768b4b7090f7208d1796373745545bcb1f
=== RUN   FuzzBn256Pair/31450f787d18712dc9d916cb5e6bd73cb1a6013d
=== RUN   FuzzBn256Pair/333b3d798fb4c0db9ddfc249a33d0cb7d3f3d29a
=== RUN   FuzzBn256Pair/36359d36dee9ba3f104fc0e563b7bd95e40de975
=== RUN   FuzzBn256Pair/3745513d375470282f7f6a9236a264ac8c109721
=== RUN   FuzzBn256Pair/37ea35c84c4aada8bc75da47431961b80e99a601
=== RUN   FuzzBn256Pair/37f3cc67985dc708f00b832f531d08fc7a4b8478
=== RUN   FuzzBn256Pair/39f5266446383f9b69be4c700c933163c2c9943a
=== RUN   FuzzBn256Pair/3ad6bad4da87fc6ae85d43b6a832bf067c6febe6
=== RUN   FuzzBn256Pair/3c9066af69a7eb8737db6146ad4ea0a97f05a8d1
=== RUN   FuzzBn256Pair/3ddf35e2634b3c33ab9a1836be3f4a623901ae8a
=== RUN   FuzzBn256Pair/3e3c193bf63f8fe3d3ff07935002b9806419f4d5
=== RUN   FuzzBn256Pair/3ebe3fb81eb64129bd6b01b1efc2dadc3ead56be
=== RUN   FuzzBn256Pair/3f5c867dbf89d2d455ac0d30f66c4d3ce750fa3f
=== RUN   FuzzBn256Pair/3ffc35ae6310e1e3b63e5a3f056e1e53a11081a7
=== RUN   FuzzBn256Pair/402a29250cc757b27b9a68aaaa9f7cbc37fd6410
=== RUN   FuzzBn256Pair/408ae2befd618920f3404807b7158fb1188e2b70
=== RUN   FuzzBn256Pair/415aa6a1c3a608c2e85338b3e00f55b045997093
=== RUN   FuzzBn256Pair/420dcf5cd1dc8a3c87d0e981f98d99c131281a07
=== RUN   FuzzBn256Pair/42b028f26bbb82cd0782031ea7aeb7e66bb166f1
=== RUN   FuzzBn256Pair/42b6040c1003321024cd14feae875aef02d2b3f4
=== RUN   FuzzBn256Pair/455a539a9ca6dcedf98fd54c4b64fa2e5244023b
=== RUN   FuzzBn256Pair/47212bd4a42fb4218265a9fd7dbd5dfa5aa2934f
=== RUN   FuzzBn256Pair/47410efc40fbea266a04f3fc4dfa4c8867c7a1cc
=== RUN   FuzzBn256Pair/4934d45d1c60179ad33ffdd50618bf17ff120a82
=== RUN   FuzzBn256Pair/4b67d2183dd833fc230ef5953e9cfd489c53bc32
=== RUN   FuzzBn256Pair/4b7a695bf57f5b1b1683ecbffa39824129d1db17
=== RUN   FuzzBn256Pair/4c86b65e2ef104f7cc0740c09a3cf70d17cf6dfb
=== RUN   FuzzBn256Pair/4e2b5748c2e3c14bf4d5147e62eacf79e9af3e27
=== RUN   FuzzBn256Pair/4e8469f116ce45ba963fb3087d69d0a2d1816b7b
=== RUN   FuzzBn256Pair/50239328eb96d004cef000d8c44b09252cbc73cb
=== RUN   FuzzBn256Pair/5067245b141503a9191868eaf6f88ac94af4d79b
=== RUN   FuzzBn256Pair/50b4ed60180916e75c985c205fc5ffdea95f2a75
=== RUN   FuzzBn256Pair/520ba6daee023759d264b15d910e5d79baf5ed43
=== RUN   FuzzBn256Pair/52bd1b30ef09fe25a1e13d79c23e5ff27294d60b
=== RUN   FuzzBn256Pair/53eddc0e886280da80c672088dae851035a596d5
=== RUN   FuzzBn256Pair/546aeed0d9a57ecae5c49ac6e0dfd7310ca50b75
=== RUN   FuzzBn256Pair/55cd32d1272a92e8ce19e974a795014cc870eee5
=== RUN   FuzzBn256Pair/56220849e04f1b8e3c3a15e4e2501ebfffaa21db
=== RUN   FuzzBn256Pair/57b5d0c8e7df2b7e288ca2ec364255ddc06834e8
=== RUN   FuzzBn256Pair/57fb4fb85587bd4f6d2a25ab47adea819a7679c4
=== RUN   FuzzBn256Pair/58ae1b218b4a8b44827dbdfdb50b603164a984fc
=== RUN   FuzzBn256Pair/59467a2999e7b0be20b916268f505924b31cecb6
=== RUN   FuzzBn256Pair/597f8afbcdd8c272cd4dfc3a518bca93f178bff7
=== RUN   FuzzBn256Pair/5c1a94d7c79b7b82b00b775d033794763a8ad240
=== RUN   FuzzBn256Pair/5c4ddf17efd420664bec21252df7c0b5eea1a638
=== RUN   FuzzBn256Pair/5cd25d707e625123a7742d7a5ed3fc46ef08d878
=== RUN   FuzzBn256Pair/5cdeeec5d40986d678ff428d683bd1b5bf058df2
=== RUN   FuzzBn256Pair/5ece83ad9faf2cebf4ec44dd8e25e2363c6fa474
=== RUN   FuzzBn256Pair/5f9a55954fbe173f6204520eb255042c6365247c
=== RUN   FuzzBn256Pair/5fbdeb05eca3bca4da711d05a4a729e9f4e894b7
=== RUN   FuzzBn256Pair/6324015bfd0e15fcbc2cf0af8ddf4e82b025ee26
=== RUN   FuzzBn256Pair/6493b0f30da7a260bef9c5da5d969b01c8b8de29
=== RUN   FuzzBn256Pair/66125e5e055301c2be4f192e4e57118f6d523d0f
=== RUN   FuzzBn256Pair/67dc0b2054650d75595fed3fd698d7103b52630b
=== RUN   FuzzBn256Pair/68cb5d2ffef31f5ffe2554310270a905d8484c3a
=== RUN   FuzzBn256Pair/69163b758db04ef44f797ec1f59b2cb28803a566
=== RUN   FuzzBn256Pair/6985ce3a3276f78f2fe9cc0ae4190a9c186686be
=== RUN   FuzzBn256Pair/6b9d073f861c47d1b51399559ad3bf86697379be
=== RUN   FuzzBn256Pair/6ba657fee4ff0dd7cbe8e4711360d0015967c425
=== RUN   FuzzBn256Pair/6bd83763a81aa137587abadefdcdc7b2bb22745d
=== RUN   FuzzBn256Pair/6d54bd2a1733a144980102ce451dd007e4604402
=== RUN   FuzzBn256Pair/6f235ce3e40cf50bd0b63d5a295d3e375cc2a9b4
=== RUN   FuzzBn256Pair/7127c34e09acb9ba8db170ea430bfc7dbb1d2683
=== RUN   FuzzBn256Pair/71853c6197a6a7f222db0f1978c7cb232b87c5ee
=== RUN   FuzzBn256Pair/7191267061a0837c1d929ef7f198ad2b127ba7e6
=== RUN   FuzzBn256Pair/71a2f8a3ab2c8b8055aba6c90257f3b5fd069962
=== RUN   FuzzBn256Pair/724ae48d620e645dd3f6c89436d35680e7fa3c88
=== RUN   FuzzBn256Pair/727e755aa2bae375fc37e4fbff45ef1a4e142e11
=== RUN   FuzzBn256Pair/732e797b5bfd584f50ea332f55ed0e4461df6a75
=== RUN   FuzzBn256Pair/73625f432dbb56ce8ac5cbc295f796a922827787
=== RUN   FuzzBn256Pair/7550a283cd1f270f79840738ea495089a43a85a0
=== RUN   FuzzBn256Pair/759bd9addd11c0e87727f459287680f0d699c506
=== RUN   FuzzBn256Pair/75f01b3ec128017d2c830c5a867d032cf99288a1
=== RUN   FuzzBn256Pair/76802fd5b777f893b14f75b38b706c2a43e7bb52
=== RUN   FuzzBn256Pair/78a832482c8152b1f3016b046f85742166a5f9b2
=== RUN   FuzzBn256Pair/797d213a61f87caaf872754b8ce43925a0d4926a
=== RUN   FuzzBn256Pair/7991eae16d283e623c71617ecdaeaad56bbc7a56
=== RUN   FuzzBn256Pair/7a2ccab6f2c4f38d87c97ab428fd61c0a672c191
=== RUN   FuzzBn256Pair/7c338ed2840d2bf55f9f5e4eed04f66c80840eb3
=== RUN   FuzzBn256Pair/7db6edbd1c8b455588de623d372d2ec20972fde1
=== RUN   FuzzBn256Pair/7df6ecefb6072882a37922c175f0a56194c416f7
=== RUN   FuzzBn256Pair/7ec7fe9d7768985700674f9205f49ed4face49f2
=== RUN   FuzzBn256Pair/7f4522e7dd3e9cd969be1477d1a25a260e9b4aba
=== RUN   FuzzBn256Pair/80ab750a8f8d643fc2d5ea1dec52679444dc0a4e
=== RUN   FuzzBn256Pair/80cf05263d460306e13999a8d47a111072befa7d
=== RUN   FuzzBn256Pair/80f26ad0a0cad26232e6e97768a8b4f71b980764
=== RUN   FuzzBn256Pair/80fba45518685e8efdf5b40bc622d8710b044666
=== RUN   FuzzBn256Pair/81de7ae03e49eefdb501d9e5282a506f808b9faf
=== RUN   FuzzBn256Pair/8215df76cc36e8b8b0be031d1b07892b997049f5
=== RUN   FuzzBn256Pair/828b6fbaf8bda1111593c8d0211c1afea39c1ebb
=== RUN   FuzzBn256Pair/82dfbbb1e58fe21e764fee38173710d25877bdb1
=== RUN   FuzzBn256Pair/845eb00cdd67c44addbe2a5c36ea5741dabd8436
=== RUN   FuzzBn256Pair/850b6f322b915f120c5102c36b60f17d4fe5007c
=== RUN   FuzzBn256Pair/864bf2847b805753edc56f20852ebb59334eecfa
=== RUN   FuzzBn256Pair/86563c33ee57ad5366dcef26b4f0872e9b560a86
=== RUN   FuzzBn256Pair/873f9dfc36d2fa6a55aa2d3f745cffa8238fae4e
=== RUN   FuzzBn256Pair/8c5565358a20f2e5c84014feab34ece9493a1ae2
=== RUN   FuzzBn256Pair/8cd82f1fa01b19425e74ca6e41ee1c766cfcc7f0
=== RUN   FuzzBn256Pair/8e18287e756f60db58620d6c94c535a5f06dd09c
=== RUN   FuzzBn256Pair/8f58c5912a7a9fa7096e54a06d0a4b8196c34393
=== RUN   FuzzBn256Pair/903215e36183a1c61a986a9657e78eae9c4ccdb9
=== RUN   FuzzBn256Pair/9069ca78e7450a285173431b3e52c5c25299e473
=== RUN   FuzzBn256Pair/90c053ac5faecac4beeff4e5603eaed1e08540de
=== RUN   FuzzBn256Pair/920550c2b98d52a270e08c39778dfc740f4319aa
=== RUN   FuzzBn256Pair/929c7527c26783e158daf3c1d1bc75cac689b640
=== RUN   FuzzBn256Pair/92fe5a978602545c4234bf95d47bd92fb99f1100
=== RUN   FuzzBn256Pair/949e241b752af30818ce013333471bc368f6f954
=== RUN   FuzzBn256Pair/94a2836052dff3a539c9d894ba745cdd66932349
=== RUN   FuzzBn256Pair/94ec07f84144decf95109cd53feae31662627ae0
=== RUN   FuzzBn256Pair/952710b23d7d64468219c638f6577ae17caf331f
=== RUN   FuzzBn256Pair/9535f5a22db29207f61df7c8a44ec8ff85088328
=== RUN   FuzzBn256Pair/956dc892a621fb4ccfc350b52923250ab91e3a50
=== RUN   FuzzBn256Pair/973f52d18231c525cf5c08de51f09db102e6df28
=== RUN   FuzzBn256Pair/974f5e87bc9f176c8942bee75eeb1b65d37063fc
=== RUN   FuzzBn256Pair/9859f67142fb1505b7e9be028051107e3e5e9356
=== RUN   FuzzBn256Pair/9a95a8f73fd1af0128abd310c5e2b62db250493c
=== RUN   FuzzBn256Pair/9b4906e9c2a372fd06891c5ca629e0c011a3a07f
=== RUN   FuzzBn256Pair/9be59597b9a966abd8cd8f8bfc3cb1257dea2177
=== RUN   FuzzBn256Pair/9fbf13e1aa56112350e3e0d587bcbba5b994d618
=== RUN   FuzzBn256Pair/a0698c882debd6498470d6493411afe74ae5f6d4
=== RUN   FuzzBn256Pair/a0de2109b3cce172bdef808face6250483ec474c
=== RUN   FuzzBn256Pair/a15d892567f1dd4d1a7cb7863a5285f9f9a87661
=== RUN   FuzzBn256Pair/a3b3e304a6556374181818d75299cba68ea1c299
=== RUN   FuzzBn256Pair/a48915856a979c26b3c53ba339314ee066c4f63f
=== RUN   FuzzBn256Pair/a4ca412b945d9d82068bb9b43bbad8d136bbfe00
=== RUN   FuzzBn256Pair/a54f915dfde57e7d1866efeabe098de0a1238e4c
=== RUN   FuzzBn256Pair/a5501aadebbaea6b256e4475705ec846ca30e57e
=== RUN   FuzzBn256Pair/a58fad0f8a576406e4a725df6ae92bd5dacc78ee
=== RUN   FuzzBn256Pair/a7d5b187a113f2addd2bbc1f2c21acc3d0696e80
=== RUN   FuzzBn256Pair/a818fe3d9ce9fd300a082a346d3f480b9911986c
=== RUN   FuzzBn256Pair/a859a7289f0d385ece2010afbdae3ad869df13ef
=== RUN   FuzzBn256Pair/a89a3fb753fd1193708c30340cad70ed1b93c19f
=== RUN   FuzzBn256Pair/a9f7e7a929b78fa380ea209ff6bb23bc5093e63d
=== RUN   FuzzBn256Pair/ab63ec717bfd8e957ee4f6f670b1a6e4a28741cb
=== RUN   FuzzBn256Pair/abce485e20226a3b585b859797de01dc24cdf146
=== RUN   FuzzBn256Pair/ac1d5deef496eee8f2b139275cbdff01d78f5c30
=== RUN   FuzzBn256Pair/ad3715f25ac8a4476b3ec9a07165b0f9f645e004
=== RUN   FuzzBn256Pair/adc83b19e793491b1c6ea0fd8b46cd9f32e592fc
=== RUN   FuzzBn256Pair/add717c3a2ccff1a8c33f9fdc7a133d0e684173a
=== RUN   FuzzBn256Pair/afd02e706b0d992dc4fea126fc855a722d041bde
=== RUN   FuzzBn256Pair/b0e50f486561d87a7ca3a4a82b1c84f203d613f7
=== RUN   FuzzBn256Pair/b250a78f6857e7ff9692b2ccfd47d3d4ce8b293f
=== RUN   FuzzBn256Pair/b37937c9b6c73d48262a8ee69ee9ca2b86047068
=== RUN   FuzzBn256Pair/b518b8a7aed013d7daab48e002b1727bad62e724
=== RUN   FuzzBn256Pair/b73e65e6a2022f64572b1278af100dc59dd92055
=== RUN   FuzzBn256Pair/b7593767967b30b6e508615ba21bf79606dc5615
=== RUN   FuzzBn256Pair/b792c416e4f14e31c0558c81edbe3e98904f9b29
=== RUN   FuzzBn256Pair/b7fa01fa38d5ff9d9ee6ef79dd025e992ec3e582
=== RUN   FuzzBn256Pair/b90ccb639b15ea3840bdf93029cbba64f1e254e6
=== RUN   FuzzBn256Pair/b9a63a9f0db20f48fa176c630febc3316b7fd0ee
=== RUN   FuzzBn256Pair/baffc34d59c5335938e0ebc99fefbac7cf19ec85
=== RUN   FuzzBn256Pair/bb739216cb21f98a3752a673cc4df341d0efb1eb
=== RUN   FuzzBn256Pair/bba2e1c8b99d59d969bc4fa20d6004fadfeb2323
=== RUN   FuzzBn256Pair/bbb06df201ac6fa2e94ffccc7dc98d7f5f1b8e04
=== RUN   FuzzBn256Pair/bf06a7d4830fd6e359b19130235721ce7975885a
=== RUN   FuzzBn256Pair/bf257642caaf11cbce0b9cbf04c3591dc1dec3ba
=== RUN   FuzzBn256Pair/bf6b5f957899d1d848ae962bb845c99cc9177329
=== RUN   FuzzBn256Pair/c00c6f625e7c14609816198ae4c02694bdacc326
=== RUN   FuzzBn256Pair/c0f1fac5136a4d9316f870c66bbf1109f34b5efa
=== RUN   FuzzBn256Pair/c20cd0189fc4e07cce4ac17bb890a146bba78ca1
=== RUN   FuzzBn256Pair/c23f8d4007e2a22bd0a5d7a0056e0298b998a1a5
=== RUN   FuzzBn256Pair/c2af96ce3d49e74064148790e1796c74a3dfe21e
=== RUN   FuzzBn256Pair/c2c56b7ec89d53da45f178eb788418ea6009eae9
=== RUN   FuzzBn256Pair/c3ade9f63f1c7bb019b71bedcde395cde1631a95
=== RUN   FuzzBn256Pair/c3f7bc77e52c4feef19b436f3de72f06c83d6da7
=== RUN   FuzzBn256Pair/c53211231f6e79e2496fb097ca14520dac9599a3
=== RUN   FuzzBn256Pair/c56d624f3e3a447d590f0295d1cf2c3ae570f609
=== RUN   FuzzBn256Pair/c6fefee8a230b1b3794946704ac3e70c2e21bd7a
=== RUN   FuzzBn256Pair/c76e7d19de014168db341f1b15e1cf2da47f0692
=== RUN   FuzzBn256Pair/c78ab936b35addb54da80627fc8c015c32cf4406
=== RUN   FuzzBn256Pair/cafcf0b1565fae15a413666f66f192d13adb0649
=== RUN   FuzzBn256Pair/cbb0afe2fcc09ddd8c720d11f0f24df3067451f5
=== RUN   FuzzBn256Pair/cc50d3a2203a08f1f5fd377628ee57fb324a4f2a
=== RUN   FuzzBn256Pair/ccac82966b798f91f6707152a4e829c3facf3c5b
=== RUN   FuzzBn256Pair/ccc56f54042d1bcb260bd926473607b2b3b7b1a8
=== RUN   FuzzBn256Pair/cd07dfc5d234db844b1f827c1074c7a7128cca01
=== RUN   FuzzBn256Pair/cd2f25c94bfaea0213f3be8d653f8b7cad74e23c
=== RUN   FuzzBn256Pair/ceb2e76796b940927ade275a94fbab1713b09f87
=== RUN   FuzzBn256Pair/cef3d17116e43fbbb5f08aca09829dd46c1940b5
=== RUN   FuzzBn256Pair/d0e5cd9e58185a77a2ac28472f4cd30b412a2533
=== RUN   FuzzBn256Pair/d23ef0102b5f9a022784325286f5ea796a5fb218
=== RUN   FuzzBn256Pair/d29fed784f335dbdb3bfcb5579fb2a40a0a7961f
=== RUN   FuzzBn256Pair/d2b39e07fc40f65c29fe9ddc82a75d914d590637
=== RUN   FuzzBn256Pair/d32d5e6c58743d83b8cf9fea03ce85f011e43f82
=== RUN   FuzzBn256Pair/d40b2a9a0a6cce267e891512f91e91f2f8d5f4af
=== RUN   FuzzBn256Pair/d458484adc457210054923812543d4077f989809
=== RUN   FuzzBn256Pair/d56c251dd46de467d5a733f79c2fa118cfc13566
=== RUN   FuzzBn256Pair/d577347fee68f73eac985611b266a0e5ae8deac7
=== RUN   FuzzBn256Pair/d5e47e88c45be03d870e595986db522360d990f6
=== RUN   FuzzBn256Pair/d72198896d6329f5f84f2bf7f8b3a18bb775c987
=== RUN   FuzzBn256Pair/d795bc591c03c34472dfdd18d659fcb2933be7f8
=== RUN   FuzzBn256Pair/d8e07cbe9d0a3832d7ef9f869b98d3be33c06585
=== RUN   FuzzBn256Pair/d9fca5683ef41fc84a10c5e76075d4f0c5865657
=== RUN   FuzzBn256Pair/da86e597af1977de18d6689876cfc587e54e3a3f
=== RUN   FuzzBn256Pair/db546c33df6f3aaa387df0338c013e014900468e
=== RUN   FuzzBn256Pair/de466d9caf86bba657136501794fefc1f6f4bd4c
=== RUN   FuzzBn256Pair/de58bf34af69f08f5629fe98d6bde19865258cc9
=== RUN   FuzzBn256Pair/df19dcff9d6724d08af2c4d2f964e6bc64c49656
=== RUN   FuzzBn256Pair/df9da99df4f15e711dda978ea1398c04a24881c8
=== RUN   FuzzBn256Pair/e368b9f2271b8cf367e7c2ea9329ac38389275e2
=== RUN   FuzzBn256Pair/e3903ca83350129ceac729f4795a76c128fd1f50
=== RUN   FuzzBn256Pair/e39b7a0005623e0a12b7c8085186a972d64ed4ef
=== RUN   FuzzBn256Pair/e3eec5e4248b36e74dd9a8b701a8a4f0c8c9968e
=== RUN   FuzzBn256Pair/e41781b513a91ffb0a9a96fc4cdab7d4bf98f669
=== RUN   FuzzBn256Pair/e4ed05b4bb4ef8ea9c4b2c60a597feeff5b7cb6b
=== RUN   FuzzBn256Pair/e653c4f79db72bd12ce804292c15a8bce9771a26
=== RUN   FuzzBn256Pair/e65d671baeaad797e010b56c3e80de2e861d098b
=== RUN   FuzzBn256Pair/e66263638640bff69922ce4fd84f9cd5fa2506d8
=== RUN   FuzzBn256Pair/ea123bed48acd6e8789ac2340b321c8d4bdb1915
=== RUN   FuzzBn256Pair/ea538a26d4111a3dcae0645b868805cd963e6fa0
=== RUN   FuzzBn256Pair/ea72b835f86867a221317a9c144fed48efa54b5b
=== RUN   FuzzBn256Pair/eafa7971da0ff4d492360f185f5519ff25abf510
=== RUN   FuzzBn256Pair/eb563746b28b2f9ec8c975593ad0b3bf60f2464d
=== RUN   FuzzBn256Pair/ec06233362ea89d4d39361f064fb32a022b836c0
=== RUN   FuzzBn256Pair/ec10d19838c1de53a19f4639cc218fa9415e8a3a
=== RUN   FuzzBn256Pair/ec90c9d882c85bfcaa8af471e08db41054a040d1
=== RUN   FuzzBn256Pair/edff7f80416aa5c025d8b0ba44ac28905da62110
=== RUN   FuzzBn256Pair/ee988e4cf728fea97f5ec260692985d6d4e7d8c4
=== RUN   FuzzBn256Pair/f202b89a27e96a19c24ebc4fb5006ce2cf63846f
=== RUN   FuzzBn256Pair/f218a6e9e72f24cb6b67dd206c40e646835d2a5a
=== RUN   FuzzBn256Pair/f238ebbfa6eb77cca914f36e4670ebd0bc038357
=== RUN   FuzzBn256Pair/f4c5a977701c0b55e324aca3bfe609b5b4ac7246
=== RUN   FuzzBn256Pair/f4d214b75e97954dbbf3867e4f4d7d1be5e6fee7
=== RUN   FuzzBn256Pair/f4e04d11b04853c14c05fb8b9b0474d1440b7661
=== RUN   FuzzBn256Pair/f520068a6d99f3abc8cc53ba82ff678babe59f62
=== RUN   FuzzBn256Pair/f57dfc2fbd9f259216e47005c118d3caedb9302f
=== RUN   FuzzBn256Pair/f5c3b85dd76112391dc0ca4827704cde0c2d506d
=== RUN   FuzzBn256Pair/f62ace937d9065062e2da1f69467185ba4200c27
=== RUN   FuzzBn256Pair/f7578016bc04e32b7096782295237d8ea875824f
=== RUN   FuzzBn256Pair/f76552585194144437341c9d42dac4ebb1b2b20b
=== RUN   FuzzBn256Pair/f899970672b42bbad596af8f35bcfd956da7fda3
=== RUN   FuzzBn256Pair/f9481420314f2c11420a41c999987537f95f99db
=== RUN   FuzzBn256Pair/f95dc30b08c5e007ab581bb7e4b91dcff156225f
=== RUN   FuzzBn256Pair/fa2df0085aa2500c49b7e528ad49ed660aeeae49
=== RUN   FuzzBn256Pair/fa7ffc7f83bdae6259857e557468e57c38e767b0
=== RUN   FuzzBn256Pair/fc1656cdf03849a0200c75b27694b8d6596005a1
=== RUN   FuzzBn256Pair/fc98dee01fc2564fe3616553494b7dbea2788a2c
=== RUN   FuzzBn256Pair/fd0f99467491c8bf1aa536d3188ea0a981960dcf
=== RUN   FuzzBn256Pair/fe13de8a74f45ec7b0fa4b3fcb22132d0ed266e3
--- PASS: FuzzBn256Pair (3.62s)
    --- PASS: FuzzBn256Pair/01a55c3ff9c117bdac050320288d6a37b4dd65f1 (0.02s)
    --- PASS: FuzzBn256Pair/02a5db62f9b4dedc4ff78e5c3a650a81c9a34e24 (0.02s)
    --- PASS: FuzzBn256Pair/0346f7313be42e292cefc8178fe82fc062f505b1 (0.02s)
    --- PASS: FuzzBn256Pair/047453695dd2eb679ddf3c0b86c982185e1d2de5 (0.02s)
    --- PASS: FuzzBn256Pair/047eac2db06aea55e3e25632062a349d5f2634f4 (0.00s)
    --- PASS: FuzzBn256Pair/058baf20e0b916855a91b1de27c4ec173519b664 (0.02s)
    --- PASS: FuzzBn256Pair/058e2e3c41f9e858f9471e3fde086f74130d8d3a (0.02s)
    --- PASS: FuzzBn256Pair/08da95bf14d641dcb187be0ac39e98ce35331df7 (0.02s)
    --- PASS: FuzzBn256Pair/09186b72fb9fbb892c2ae5cc577026a27011e79a (0.02s)
    --- PASS: FuzzBn256Pair/09af306c9415ed033c43812713371d9b48db486c (0.02s)
    --- PASS: FuzzBn256Pair/0a6626bdd8da011fd2903ac2fe819b1ec7adcc47 (0.02s)
    --- PASS: FuzzBn256Pair/0af3b060ab973f2707baf776d5db5d102e3ad89a (0.02s)
    --- PASS: FuzzBn256Pair/0c1822bfa787e0fe40dbd73a501f57c92f239387 (0.02s)
    --- PASS: FuzzBn256Pair/0dbf613989c2f0ffab17c78179fd2605e0a72d47 (0.02s)
    --- PASS: FuzzBn256Pair/0f06180e42e6b4e2b76081b672a35a37fb616fae (0.02s)
    --- PASS: FuzzBn256Pair/0f3ed3a9e2afa68d75cd96b1c310f96601c2fe1e (0.01s)
    --- PASS: FuzzBn256Pair/111e13c304fc8546997950397bbe178fd7ab9470 (0.02s)
    --- PASS: FuzzBn256Pair/11322b05bd3f321230aa948bfad7d983462f2330 (0.00s)
    --- PASS: FuzzBn256Pair/113962f39cbc63d1271cc3bfe002ed908219e4d9 (0.02s)
    --- PASS: FuzzBn256Pair/1155a031d5e80ed0b2245e26e2c1f7895bc4ba53 (0.01s)
    --- PASS: FuzzBn256Pair/1243225a993220e7a71d9e9c5375564ac8928dbe (0.02s)
    --- PASS: FuzzBn256Pair/12a31b1a840dc953138c12b2ae08b56b441e444e (0.02s)
    --- PASS: FuzzBn256Pair/144015dd35dc6a66957cac55f1a9e467e3abb00e (0.01s)
    --- PASS: FuzzBn256Pair/160b185625e554c61de9483b903c3c971659255e (0.02s)
    --- PASS: FuzzBn256Pair/166c1df262e1aea5e5a42360514b24c99a6d86f7 (0.02s)
    --- PASS: FuzzBn256Pair/1a4c4137f0a755a849d39a59d60f64f9f36e77dc (0.01s)
    --- PASS: FuzzBn256Pair/1ab596242d4229ae68e0c594d83491a18b3921fa (0.02s)
    --- PASS: FuzzBn256Pair/1ac0d268d2007892629a7967cb3a870a18868ccd (0.02s)
    --- PASS: FuzzBn256Pair/1d2983318bfd1c1101f2c30d9245d3f8ce84b683 (0.01s)
    --- PASS: FuzzBn256Pair/1e4287927e649f7b82b6083297b1c0061d01bbf2 (0.02s)
    --- PASS: FuzzBn256Pair/2030c43fcd4c45a92c36830e776e7ddba22756b9 (0.02s)
    --- PASS: FuzzBn256Pair/2078140f4c90d38ecaef443012f285cfecfd88c2 (0.02s)
    --- PASS: FuzzBn256Pair/2379fdbc7a5eb4ff09217c91ce7bd6e109630d40 (0.00s)
    --- PASS: FuzzBn256Pair/2406a1b6ab705bf3d535820f51b2e6d7ad9e77f4 (0.02s)
    --- PASS: FuzzBn256Pair/258a45f4d4a1f2262ad4ebc80a4fbfd1afbc795e (0.02s)
    --- PASS: FuzzBn256Pair/26d7b068ad8bb1200095a74da7846f1f8359df47 (0.02s)
    --- PASS: FuzzBn256Pair/29d51a839e7e5a14d78e9106ca641f0103245ca3 (0.01s)
    --- PASS: FuzzBn256Pair/29eff6c421899c15cb217984b985eb1e347f436f (0.02s)
    --- PASS: FuzzBn256Pair/2ac1f9f50a82153eae57dacf4a8d84ca157409ea (0.02s)
    --- PASS: FuzzBn256Pair/2aeab757dd2dcba9306e626883f84fd748ee1514 (0.01s)
    --- PASS: FuzzBn256Pair/2b06ab920bc549e406d8598fcca7298ee7929bf7 (0.02s)
    --- PASS: FuzzBn256Pair/2b8dbee66b8c2f8855ad5260b7f56562a4f781b2 (0.02s)
    --- PASS: FuzzBn256Pair/2bbc0721a9ad7063a1d71b0e1e3fc372b3f4e359 (0.02s)
    --- PASS: FuzzBn256Pair/2c44632a8f68c214f2201173c7ffd854c4b3e22a (0.00s)
    --- PASS: FuzzBn256Pair/2e6fa57e7273076445989644e10dd19186765be8 (0.01s)
    --- PASS: FuzzBn256Pair/2ea062ae873c64e43e2e0d6c63f77e7c8fb8f1de (0.02s)
    --- PASS: FuzzBn256Pair/2ed2e7bf1bce372fb65b34ac18e0fef37dccbb55 (0.00s)
    --- PASS: FuzzBn256Pair/2f58ce8d48ab5a90fbe87f4515855087c3e3818e (0.02s)
    --- PASS: FuzzBn256Pair/30235d6efbc2558883e50b626a7c2e1bbc29a7c7 (0.01s)
    --- PASS: FuzzBn256Pair/303c4ed9f234bffb18c1b37d3b7ad89ecf6184f4 (0.00s)
    --- PASS: FuzzBn256Pair/303f9de6e0591e2990bf11ee52724f2513c9e8e1 (0.02s)
    --- PASS: FuzzBn256Pair/311a1e768b4b7090f7208d1796373745545bcb1f (0.00s)
    --- PASS: FuzzBn256Pair/31450f787d18712dc9d916cb5e6bd73cb1a6013d (0.02s)
    --- PASS: FuzzBn256Pair/333b3d798fb4c0db9ddfc249a33d0cb7d3f3d29a (0.01s)
    --- PASS: FuzzBn256Pair/36359d36dee9ba3f104fc0e563b7bd95e40de975 (0.02s)
    --- PASS: FuzzBn256Pair/3745513d375470282f7f6a9236a264ac8c109721 (0.00s)
    --- PASS: FuzzBn256Pair/37ea35c84c4aada8bc75da47431961b80e99a601 (0.02s)
    --- PASS: FuzzBn256Pair/37f3cc67985dc708f00b832f531d08fc7a4b8478 (0.01s)
    --- PASS: FuzzBn256Pair/39f5266446383f9b69be4c700c933163c2c9943a (0.02s)
    --- PASS: FuzzBn256Pair/3ad6bad4da87fc6ae85d43b6a832bf067c6febe6 (0.00s)
    --- PASS: FuzzBn256Pair/3c9066af69a7eb8737db6146ad4ea0a97f05a8d1 (0.02s)
    --- PASS: FuzzBn256Pair/3ddf35e2634b3c33ab9a1836be3f4a623901ae8a (0.01s)
    --- PASS: FuzzBn256Pair/3e3c193bf63f8fe3d3ff07935002b9806419f4d5 (0.02s)
    --- PASS: FuzzBn256Pair/3ebe3fb81eb64129bd6b01b1efc2dadc3ead56be (0.02s)
    --- PASS: FuzzBn256Pair/3f5c867dbf89d2d455ac0d30f66c4d3ce750fa3f (0.01s)
    --- PASS: FuzzBn256Pair/3ffc35ae6310e1e3b63e5a3f056e1e53a11081a7 (0.02s)
    --- PASS: FuzzBn256Pair/402a29250cc757b27b9a68aaaa9f7cbc37fd6410 (0.02s)
    --- PASS: FuzzBn256Pair/408ae2befd618920f3404807b7158fb1188e2b70 (0.00s)
    --- PASS: FuzzBn256Pair/415aa6a1c3a608c2e85338b3e00f55b045997093 (0.01s)
    --- PASS: FuzzBn256Pair/420dcf5cd1dc8a3c87d0e981f98d99c131281a07 (0.02s)
    --- PASS: FuzzBn256Pair/42b028f26bbb82cd0782031ea7aeb7e66bb166f1 (0.02s)
    --- PASS: FuzzBn256Pair/42b6040c1003321024cd14feae875aef02d2b3f4 (0.02s)
    --- PASS: FuzzBn256Pair/455a539a9ca6dcedf98fd54c4b64fa2e5244023b (0.01s)
    --- PASS: FuzzBn256Pair/47212bd4a42fb4218265a9fd7dbd5dfa5aa2934f (0.00s)
    --- PASS: FuzzBn256Pair/47410efc40fbea266a04f3fc4dfa4c8867c7a1cc (0.02s)
    --- PASS: FuzzBn256Pair/4934d45d1c60179ad33ffdd50618bf17ff120a82 (0.02s)
    --- PASS: FuzzBn256Pair/4b67d2183dd833fc230ef5953e9cfd489c53bc32 (0.02s)
    --- PASS: FuzzBn256Pair/4b7a695bf57f5b1b1683ecbffa39824129d1db17 (0.02s)
    --- PASS: FuzzBn256Pair/4c86b65e2ef104f7cc0740c09a3cf70d17cf6dfb (0.02s)
    --- PASS: FuzzBn256Pair/4e2b5748c2e3c14bf4d5147e62eacf79e9af3e27 (0.02s)
    --- PASS: FuzzBn256Pair/4e8469f116ce45ba963fb3087d69d0a2d1816b7b (0.02s)
    --- PASS: FuzzBn256Pair/50239328eb96d004cef000d8c44b09252cbc73cb (0.02s)
    --- PASS: FuzzBn256Pair/5067245b141503a9191868eaf6f88ac94af4d79b (0.01s)
    --- PASS: FuzzBn256Pair/50b4ed60180916e75c985c205fc5ffdea95f2a75 (0.02s)
    --- PASS: FuzzBn256Pair/520ba6daee023759d264b15d910e5d79baf5ed43 (0.02s)
    --- PASS: FuzzBn256Pair/52bd1b30ef09fe25a1e13d79c23e5ff27294d60b (0.02s)
    --- PASS: FuzzBn256Pair/53eddc0e886280da80c672088dae851035a596d5 (0.02s)
    --- PASS: FuzzBn256Pair/546aeed0d9a57ecae5c49ac6e0dfd7310ca50b75 (0.01s)
    --- PASS: FuzzBn256Pair/55cd32d1272a92e8ce19e974a795014cc870eee5 (0.01s)
    --- PASS: FuzzBn256Pair/56220849e04f1b8e3c3a15e4e2501ebfffaa21db (0.02s)
    --- PASS: FuzzBn256Pair/57b5d0c8e7df2b7e288ca2ec364255ddc06834e8 (0.02s)
    --- PASS: FuzzBn256Pair/57fb4fb85587bd4f6d2a25ab47adea819a7679c4 (0.00s)
    --- PASS: FuzzBn256Pair/58ae1b218b4a8b44827dbdfdb50b603164a984fc (0.02s)
    --- PASS: FuzzBn256Pair/59467a2999e7b0be20b916268f505924b31cecb6 (0.00s)
    --- PASS: FuzzBn256Pair/597f8afbcdd8c272cd4dfc3a518bca93f178bff7 (0.01s)
    --- PASS: FuzzBn256Pair/5c1a94d7c79b7b82b00b775d033794763a8ad240 (0.02s)
    --- PASS: FuzzBn256Pair/5c4ddf17efd420664bec21252df7c0b5eea1a638 (0.02s)
    --- PASS: FuzzBn256Pair/5cd25d707e625123a7742d7a5ed3fc46ef08d878 (0.01s)
    --- PASS: FuzzBn256Pair/5cdeeec5d40986d678ff428d683bd1b5bf058df2 (0.01s)
    --- PASS: FuzzBn256Pair/5ece83ad9faf2cebf4ec44dd8e25e2363c6fa474 (0.02s)
    --- PASS: FuzzBn256Pair/5f9a55954fbe173f6204520eb255042c6365247c (0.02s)
    --- PASS: FuzzBn256Pair/5fbdeb05eca3bca4da711d05a4a729e9f4e894b7 (0.02s)
    --- PASS: FuzzBn256Pair/6324015bfd0e15fcbc2cf0af8ddf4e82b025ee26 (0.02s)
    --- PASS: FuzzBn256Pair/6493b0f30da7a260bef9c5da5d969b01c8b8de29 (0.02s)
    --- PASS: FuzzBn256Pair/66125e5e055301c2be4f192e4e57118f6d523d0f (0.02s)
    --- PASS: FuzzBn256Pair/67dc0b2054650d75595fed3fd698d7103b52630b (0.00s)
    --- PASS: FuzzBn256Pair/68cb5d2ffef31f5ffe2554310270a905d8484c3a (0.02s)
    --- PASS: FuzzBn256Pair/69163b758db04ef44f797ec1f59b2cb28803a566 (0.02s)
    --- PASS: FuzzBn256Pair/6985ce3a3276f78f2fe9cc0ae4190a9c186686be (0.00s)
    --- PASS: FuzzBn256Pair/6b9d073f861c47d1b51399559ad3bf86697379be (0.01s)
    --- PASS: FuzzBn256Pair/6ba657fee4ff0dd7cbe8e4711360d0015967c425 (0.02s)
    --- PASS: FuzzBn256Pair/6bd83763a81aa137587abadefdcdc7b2bb22745d (0.00s)
    --- PASS: FuzzBn256Pair/6d54bd2a1733a144980102ce451dd007e4604402 (0.02s)
    --- PASS: FuzzBn256Pair/6f235ce3e40cf50bd0b63d5a295d3e375cc2a9b4 (0.01s)
    --- PASS: FuzzBn256Pair/7127c34e09acb9ba8db170ea430bfc7dbb1d2683 (0.02s)
    --- PASS: FuzzBn256Pair/71853c6197a6a7f222db0f1978c7cb232b87c5ee (0.00s)
    --- PASS: FuzzBn256Pair/7191267061a0837c1d929ef7f198ad2b127ba7e6 (0.02s)
    --- PASS: FuzzBn256Pair/71a2f8a3ab2c8b8055aba6c90257f3b5fd069962 (0.01s)
    --- PASS: FuzzBn256Pair/724ae48d620e645dd3f6c89436d35680e7fa3c88 (0.02s)
    --- PASS: FuzzBn256Pair/727e755aa2bae375fc37e4fbff45ef1a4e142e11 (0.02s)
    --- PASS: FuzzBn256Pair/732e797b5bfd584f50ea332f55ed0e4461df6a75 (0.02s)
    --- PASS: FuzzBn256Pair/73625f432dbb56ce8ac5cbc295f796a922827787 (0.00s)
    --- PASS: FuzzBn256Pair/7550a283cd1f270f79840738ea495089a43a85a0 (0.02s)
    --- PASS: FuzzBn256Pair/759bd9addd11c0e87727f459287680f0d699c506 (0.01s)
    --- PASS: FuzzBn256Pair/75f01b3ec128017d2c830c5a867d032cf99288a1 (0.01s)
    --- PASS: FuzzBn256Pair/76802fd5b777f893b14f75b38b706c2a43e7bb52 (0.02s)
    --- PASS: FuzzBn256Pair/78a832482c8152b1f3016b046f85742166a5f9b2 (0.01s)
    --- PASS: FuzzBn256Pair/797d213a61f87caaf872754b8ce43925a0d4926a (0.01s)
    --- PASS: FuzzBn256Pair/7991eae16d283e623c71617ecdaeaad56bbc7a56 (0.02s)
    --- PASS: FuzzBn256Pair/7a2ccab6f2c4f38d87c97ab428fd61c0a672c191 (0.02s)
    --- PASS: FuzzBn256Pair/7c338ed2840d2bf55f9f5e4eed04f66c80840eb3 (0.00s)
    --- PASS: FuzzBn256Pair/7db6edbd1c8b455588de623d372d2ec20972fde1 (0.02s)
    --- PASS: FuzzBn256Pair/7df6ecefb6072882a37922c175f0a56194c416f7 (0.01s)
    --- PASS: FuzzBn256Pair/7ec7fe9d7768985700674f9205f49ed4face49f2 (0.02s)
    --- PASS: FuzzBn256Pair/7f4522e7dd3e9cd969be1477d1a25a260e9b4aba (0.02s)
    --- PASS: FuzzBn256Pair/80ab750a8f8d643fc2d5ea1dec52679444dc0a4e (0.01s)
    --- PASS: FuzzBn256Pair/80cf05263d460306e13999a8d47a111072befa7d (0.02s)
    --- PASS: FuzzBn256Pair/80f26ad0a0cad26232e6e97768a8b4f71b980764 (0.02s)
    --- PASS: FuzzBn256Pair/80fba45518685e8efdf5b40bc622d8710b044666 (0.01s)
    --- PASS: FuzzBn256Pair/81de7ae03e49eefdb501d9e5282a506f808b9faf (0.02s)
    --- PASS: FuzzBn256Pair/8215df76cc36e8b8b0be031d1b07892b997049f5 (0.02s)
    --- PASS: FuzzBn256Pair/828b6fbaf8bda1111593c8d0211c1afea39c1ebb (0.01s)
    --- PASS: FuzzBn256Pair/82dfbbb1e58fe21e764fee38173710d25877bdb1 (0.00s)
    --- PASS: FuzzBn256Pair/845eb00cdd67c44addbe2a5c36ea5741dabd8436 (0.02s)
    --- PASS: FuzzBn256Pair/850b6f322b915f120c5102c36b60f17d4fe5007c (0.02s)
    --- PASS: FuzzBn256Pair/864bf2847b805753edc56f20852ebb59334eecfa (0.00s)
    --- PASS: FuzzBn256Pair/86563c33ee57ad5366dcef26b4f0872e9b560a86 (0.01s)
    --- PASS: FuzzBn256Pair/873f9dfc36d2fa6a55aa2d3f745cffa8238fae4e (0.02s)
    --- PASS: FuzzBn256Pair/8c5565358a20f2e5c84014feab34ece9493a1ae2 (0.02s)
    --- PASS: FuzzBn256Pair/8cd82f1fa01b19425e74ca6e41ee1c766cfcc7f0 (0.02s)
    --- PASS: FuzzBn256Pair/8e18287e756f60db58620d6c94c535a5f06dd09c (0.01s)
    --- PASS: FuzzBn256Pair/8f58c5912a7a9fa7096e54a06d0a4b8196c34393 (0.00s)
    --- PASS: FuzzBn256Pair/903215e36183a1c61a986a9657e78eae9c4ccdb9 (0.00s)
    --- PASS: FuzzBn256Pair/9069ca78e7450a285173431b3e52c5c25299e473 (0.00s)
    --- PASS: FuzzBn256Pair/90c053ac5faecac4beeff4e5603eaed1e08540de (0.00s)
    --- PASS: FuzzBn256Pair/920550c2b98d52a270e08c39778dfc740f4319aa (0.02s)
    --- PASS: FuzzBn256Pair/929c7527c26783e158daf3c1d1bc75cac689b640 (0.02s)
    --- PASS: FuzzBn256Pair/92fe5a978602545c4234bf95d47bd92fb99f1100 (0.01s)
    --- PASS: FuzzBn256Pair/949e241b752af30818ce013333471bc368f6f954 (0.02s)
    --- PASS: FuzzBn256Pair/94a2836052dff3a539c9d894ba745cdd66932349 (0.02s)
    --- PASS: FuzzBn256Pair/94ec07f84144decf95109cd53feae31662627ae0 (0.01s)
    --- PASS: FuzzBn256Pair/952710b23d7d64468219c638f6577ae17caf331f (0.02s)
    --- PASS: FuzzBn256Pair/9535f5a22db29207f61df7c8a44ec8ff85088328 (0.02s)
    --- PASS: FuzzBn256Pair/956dc892a621fb4ccfc350b52923250ab91e3a50 (0.01s)
    --- PASS: FuzzBn256Pair/973f52d18231c525cf5c08de51f09db102e6df28 (0.02s)
    --- PASS: FuzzBn256Pair/974f5e87bc9f176c8942bee75eeb1b65d37063fc (0.00s)
    --- PASS: FuzzBn256Pair/9859f67142fb1505b7e9be028051107e3e5e9356 (0.00s)
    --- PASS: FuzzBn256Pair/9a95a8f73fd1af0128abd310c5e2b62db250493c (0.02s)
    --- PASS: FuzzBn256Pair/9b4906e9c2a372fd06891c5ca629e0c011a3a07f (0.01s)
    --- PASS: FuzzBn256Pair/9be59597b9a966abd8cd8f8bfc3cb1257dea2177 (0.00s)
    --- PASS: FuzzBn256Pair/9fbf13e1aa56112350e3e0d587bcbba5b994d618 (0.02s)
    --- PASS: FuzzBn256Pair/a0698c882debd6498470d6493411afe74ae5f6d4 (0.02s)
    --- PASS: FuzzBn256Pair/a0de2109b3cce172bdef808face6250483ec474c (0.02s)
    --- PASS: FuzzBn256Pair/a15d892567f1dd4d1a7cb7863a5285f9f9a87661 (0.01s)
    --- PASS: FuzzBn256Pair/a3b3e304a6556374181818d75299cba68ea1c299 (0.02s)
    --- PASS: FuzzBn256Pair/a48915856a979c26b3c53ba339314ee066c4f63f (0.02s)
    --- PASS: FuzzBn256Pair/a4ca412b945d9d82068bb9b43bbad8d136bbfe00 (0.00s)
    --- PASS: FuzzBn256Pair/a54f915dfde57e7d1866efeabe098de0a1238e4c (0.00s)
    --- PASS: FuzzBn256Pair/a5501aadebbaea6b256e4475705ec846ca30e57e (0.01s)
    --- PASS: FuzzBn256Pair/a58fad0f8a576406e4a725df6ae92bd5dacc78ee (0.02s)
    --- PASS: FuzzBn256Pair/a7d5b187a113f2addd2bbc1f2c21acc3d0696e80 (0.00s)
    --- PASS: FuzzBn256Pair/a818fe3d9ce9fd300a082a346d3f480b9911986c (0.02s)
    --- PASS: FuzzBn256Pair/a859a7289f0d385ece2010afbdae3ad869df13ef (0.01s)
    --- PASS: FuzzBn256Pair/a89a3fb753fd1193708c30340cad70ed1b93c19f (0.02s)
    --- PASS: FuzzBn256Pair/a9f7e7a929b78fa380ea209ff6bb23bc5093e63d (0.00s)
    --- PASS: FuzzBn256Pair/ab63ec717bfd8e957ee4f6f670b1a6e4a28741cb (0.00s)
    --- PASS: FuzzBn256Pair/abce485e20226a3b585b859797de01dc24cdf146 (0.00s)
    --- PASS: FuzzBn256Pair/ac1d5deef496eee8f2b139275cbdff01d78f5c30 (0.02s)
    --- PASS: FuzzBn256Pair/ad3715f25ac8a4476b3ec9a07165b0f9f645e004 (0.00s)
    --- PASS: FuzzBn256Pair/adc83b19e793491b1c6ea0fd8b46cd9f32e592fc (0.00s)
    --- PASS: FuzzBn256Pair/add717c3a2ccff1a8c33f9fdc7a133d0e684173a (0.01s)
    --- PASS: FuzzBn256Pair/afd02e706b0d992dc4fea126fc855a722d041bde (0.02s)
    --- PASS: FuzzBn256Pair/b0e50f486561d87a7ca3a4a82b1c84f203d613f7 (0.00s)
    --- PASS: FuzzBn256Pair/b250a78f6857e7ff9692b2ccfd47d3d4ce8b293f (0.02s)
    --- PASS: FuzzBn256Pair/b37937c9b6c73d48262a8ee69ee9ca2b86047068 (0.02s)
    --- PASS: FuzzBn256Pair/b518b8a7aed013d7daab48e002b1727bad62e724 (0.02s)
    --- PASS: FuzzBn256Pair/b73e65e6a2022f64572b1278af100dc59dd92055 (0.02s)
    --- PASS: FuzzBn256Pair/b7593767967b30b6e508615ba21bf79606dc5615 (0.02s)
    --- PASS: FuzzBn256Pair/b792c416e4f14e31c0558c81edbe3e98904f9b29 (0.01s)
    --- PASS: FuzzBn256Pair/b7fa01fa38d5ff9d9ee6ef79dd025e992ec3e582 (0.00s)
    --- PASS: FuzzBn256Pair/b90ccb639b15ea3840bdf93029cbba64f1e254e6 (0.02s)
    --- PASS: FuzzBn256Pair/b9a63a9f0db20f48fa176c630febc3316b7fd0ee (0.00s)
    --- PASS: FuzzBn256Pair/baffc34d59c5335938e0ebc99fefbac7cf19ec85 (0.00s)
    --- PASS: FuzzBn256Pair/bb739216cb21f98a3752a673cc4df341d0efb1eb (0.02s)
    --- PASS: FuzzBn256Pair/bba2e1c8b99d59d969bc4fa20d6004fadfeb2323 (0.01s)
    --- PASS: FuzzBn256Pair/bbb06df201ac6fa2e94ffccc7dc98d7f5f1b8e04 (0.02s)
    --- PASS: FuzzBn256Pair/bf06a7d4830fd6e359b19130235721ce7975885a (0.02s)
    --- PASS: FuzzBn256Pair/bf257642caaf11cbce0b9cbf04c3591dc1dec3ba (0.01s)
    --- PASS: FuzzBn256Pair/bf6b5f957899d1d848ae962bb845c99cc9177329 (0.02s)
    --- PASS: FuzzBn256Pair/c00c6f625e7c14609816198ae4c02694bdacc326 (0.02s)
    --- PASS: FuzzBn256Pair/c0f1fac5136a4d9316f870c66bbf1109f34b5efa (0.02s)
    --- PASS: FuzzBn256Pair/c20cd0189fc4e07cce4ac17bb890a146bba78ca1 (0.01s)
    --- PASS: FuzzBn256Pair/c23f8d4007e2a22bd0a5d7a0056e0298b998a1a5 (0.02s)
    --- PASS: FuzzBn256Pair/c2af96ce3d49e74064148790e1796c74a3dfe21e (0.02s)
    --- PASS: FuzzBn256Pair/c2c56b7ec89d53da45f178eb788418ea6009eae9 (0.00s)
    --- PASS: FuzzBn256Pair/c3ade9f63f1c7bb019b71bedcde395cde1631a95 (0.01s)
    --- PASS: FuzzBn256Pair/c3f7bc77e52c4feef19b436f3de72f06c83d6da7 (0.02s)
    --- PASS: FuzzBn256Pair/c53211231f6e79e2496fb097ca14520dac9599a3 (0.02s)
    --- PASS: FuzzBn256Pair/c56d624f3e3a447d590f0295d1cf2c3ae570f609 (0.00s)
    --- PASS: FuzzBn256Pair/c6fefee8a230b1b3794946704ac3e70c2e21bd7a (0.01s)
    --- PASS: FuzzBn256Pair/c76e7d19de014168db341f1b15e1cf2da47f0692 (0.02s)
    --- PASS: FuzzBn256Pair/c78ab936b35addb54da80627fc8c015c32cf4406 (0.02s)
    --- PASS: FuzzBn256Pair/cafcf0b1565fae15a413666f66f192d13adb0649 (0.02s)
    --- PASS: FuzzBn256Pair/cbb0afe2fcc09ddd8c720d11f0f24df3067451f5 (0.01s)
    --- PASS: FuzzBn256Pair/cc50d3a2203a08f1f5fd377628ee57fb324a4f2a (0.02s)
    --- PASS: FuzzBn256Pair/ccac82966b798f91f6707152a4e829c3facf3c5b (0.02s)
    --- PASS: FuzzBn256Pair/ccc56f54042d1bcb260bd926473607b2b3b7b1a8 (0.00s)
    --- PASS: FuzzBn256Pair/cd07dfc5d234db844b1f827c1074c7a7128cca01 (0.00s)
    --- PASS: FuzzBn256Pair/cd2f25c94bfaea0213f3be8d653f8b7cad74e23c (0.01s)
    --- PASS: FuzzBn256Pair/ceb2e76796b940927ade275a94fbab1713b09f87 (0.02s)
    --- PASS: FuzzBn256Pair/cef3d17116e43fbbb5f08aca09829dd46c1940b5 (0.01s)
    --- PASS: FuzzBn256Pair/d0e5cd9e58185a77a2ac28472f4cd30b412a2533 (0.00s)
    --- PASS: FuzzBn256Pair/d23ef0102b5f9a022784325286f5ea796a5fb218 (0.02s)
    --- PASS: FuzzBn256Pair/d29fed784f335dbdb3bfcb5579fb2a40a0a7961f (0.00s)
    --- PASS: FuzzBn256Pair/d2b39e07fc40f65c29fe9ddc82a75d914d590637 (0.02s)
    --- PASS: FuzzBn256Pair/d32d5e6c58743d83b8cf9fea03ce85f011e43f82 (0.02s)
    --- PASS: FuzzBn256Pair/d40b2a9a0a6cce267e891512f91e91f2f8d5f4af (0.00s)
    --- PASS: FuzzBn256Pair/d458484adc457210054923812543d4077f989809 (0.01s)
    --- PASS: FuzzBn256Pair/d56c251dd46de467d5a733f79c2fa118cfc13566 (0.02s)
    --- PASS: FuzzBn256Pair/d577347fee68f73eac985611b266a0e5ae8deac7 (0.02s)
    --- PASS: FuzzBn256Pair/d5e47e88c45be03d870e595986db522360d990f6 (0.02s)
    --- PASS: FuzzBn256Pair/d72198896d6329f5f84f2bf7f8b3a18bb775c987 (0.01s)
    --- PASS: FuzzBn256Pair/d795bc591c03c34472dfdd18d659fcb2933be7f8 (0.02s)
    --- PASS: FuzzBn256Pair/d8e07cbe9d0a3832d7ef9f869b98d3be33c06585 (0.02s)
    --- PASS: FuzzBn256Pair/d9fca5683ef41fc84a10c5e76075d4f0c5865657 (0.01s)
    --- PASS: FuzzBn256Pair/da86e597af1977de18d6689876cfc587e54e3a3f (0.00s)
    --- PASS: FuzzBn256Pair/db546c33df6f3aaa387df0338c013e014900468e (0.02s)
    --- PASS: FuzzBn256Pair/de466d9caf86bba657136501794fefc1f6f4bd4c (0.02s)
    --- PASS: FuzzBn256Pair/de58bf34af69f08f5629fe98d6bde19865258cc9 (0.01s)
    --- PASS: FuzzBn256Pair/df19dcff9d6724d08af2c4d2f964e6bc64c49656 (0.02s)
    --- PASS: FuzzBn256Pair/df9da99df4f15e711dda978ea1398c04a24881c8 (0.02s)
    --- PASS: FuzzBn256Pair/e368b9f2271b8cf367e7c2ea9329ac38389275e2 (0.01s)
    --- PASS: FuzzBn256Pair/e3903ca83350129ceac729f4795a76c128fd1f50 (0.02s)
    --- PASS: FuzzBn256Pair/e39b7a0005623e0a12b7c8085186a972d64ed4ef (0.00s)
    --- PASS: FuzzBn256Pair/e3eec5e4248b36e74dd9a8b701a8a4f0c8c9968e (0.02s)
    --- PASS: FuzzBn256Pair/e41781b513a91ffb0a9a96fc4cdab7d4bf98f669 (0.02s)
    --- PASS: FuzzBn256Pair/e4ed05b4bb4ef8ea9c4b2c60a597feeff5b7cb6b (0.02s)
    --- PASS: FuzzBn256Pair/e653c4f79db72bd12ce804292c15a8bce9771a26 (0.02s)
    --- PASS: FuzzBn256Pair/e65d671baeaad797e010b56c3e80de2e861d098b (0.02s)
    --- PASS: FuzzBn256Pair/e66263638640bff69922ce4fd84f9cd5fa2506d8 (0.00s)
    --- PASS: FuzzBn256Pair/ea123bed48acd6e8789ac2340b321c8d4bdb1915 (0.01s)
    --- PASS: FuzzBn256Pair/ea538a26d4111a3dcae0645b868805cd963e6fa0 (0.02s)
    --- PASS: FuzzBn256Pair/ea72b835f86867a221317a9c144fed48efa54b5b (0.02s)
    --- PASS: FuzzBn256Pair/eafa7971da0ff4d492360f185f5519ff25abf510 (0.00s)
    --- PASS: FuzzBn256Pair/eb563746b28b2f9ec8c975593ad0b3bf60f2464d (0.01s)
    --- PASS: FuzzBn256Pair/ec06233362ea89d4d39361f064fb32a022b836c0 (0.02s)
    --- PASS: FuzzBn256Pair/ec10d19838c1de53a19f4639cc218fa9415e8a3a (0.02s)
    --- PASS: FuzzBn256Pair/ec90c9d882c85bfcaa8af471e08db41054a040d1 (0.02s)
    --- PASS: FuzzBn256Pair/edff7f80416aa5c025d8b0ba44ac28905da62110 (0.01s)
    --- PASS: FuzzBn256Pair/ee988e4cf728fea97f5ec260692985d6d4e7d8c4 (0.02s)
    --- PASS: FuzzBn256Pair/f202b89a27e96a19c24ebc4fb5006ce2cf63846f (0.00s)
    --- PASS: FuzzBn256Pair/f218a6e9e72f24cb6b67dd206c40e646835d2a5a (0.00s)
    --- PASS: FuzzBn256Pair/f238ebbfa6eb77cca914f36e4670ebd0bc038357 (0.02s)
    --- PASS: FuzzBn256Pair/f4c5a977701c0b55e324aca3bfe609b5b4ac7246 (0.01s)
    --- PASS: FuzzBn256Pair/f4d214b75e97954dbbf3867e4f4d7d1be5e6fee7 (0.02s)
    --- PASS: FuzzBn256Pair/f4e04d11b04853c14c05fb8b9b0474d1440b7661 (0.02s)
    --- PASS: FuzzBn256Pair/f520068a6d99f3abc8cc53ba82ff678babe59f62 (0.00s)
    --- PASS: FuzzBn256Pair/f57dfc2fbd9f259216e47005c118d3caedb9302f (0.02s)
    --- PASS: FuzzBn256Pair/f5c3b85dd76112391dc0ca4827704cde0c2d506d (0.02s)
    --- PASS: FuzzBn256Pair/f62ace937d9065062e2da1f69467185ba4200c27 (0.02s)
    --- PASS: FuzzBn256Pair/f7578016bc04e32b7096782295237d8ea875824f (0.01s)
    --- PASS: FuzzBn256Pair/f76552585194144437341c9d42dac4ebb1b2b20b (0.02s)
    --- PASS: FuzzBn256Pair/f899970672b42bbad596af8f35bcfd956da7fda3 (0.02s)
    --- PASS: FuzzBn256Pair/f9481420314f2c11420a41c999987537f95f99db (0.02s)
    --- PASS: FuzzBn256Pair/f95dc30b08c5e007ab581bb7e4b91dcff156225f (0.00s)
    --- PASS: FuzzBn256Pair/fa2df0085aa2500c49b7e528ad49ed660aeeae49 (0.01s)
    --- PASS: FuzzBn256Pair/fa7ffc7f83bdae6259857e557468e57c38e767b0 (0.01s)
    --- PASS: FuzzBn256Pair/fc1656cdf03849a0200c75b27694b8d6596005a1 (0.01s)
    --- PASS: FuzzBn256Pair/fc98dee01fc2564fe3616553494b7dbea2788a2c (0.01s)
    --- PASS: FuzzBn256Pair/fd0f99467491c8bf1aa536d3188ea0a981960dcf (0.02s)
    --- PASS: FuzzBn256Pair/fe13de8a74f45ec7b0fa4b3fcb22132d0ed266e3 (0.02s)
=== RUN   FuzzBn256UnmarshalG1
--- PASS: FuzzBn256UnmarshalG1 (0.00s)
=== RUN   FuzzBn256UnmarshalG2
--- PASS: FuzzBn256UnmarshalG2 (0.00s)
PASS
coverage: 64.7% of statements
ok  	github.com/morph-l2/go-ethereum/tests/fuzzers/bn256	19.665s	coverage: 64.7% of statements
