=== RUN   FuzzDifficulty
=== RUN   FuzzDifficulty/078f36e0e64769919e28ec4310bd9bb96ed2d4d4
=== RUN   FuzzDifficulty/0a4a225da436d333afe645f1724ccfcd33999a63
=== RUN   FuzzDifficulty/0d18e77b76738c5a9f34641f8c0f1611fb5b057b
=== RUN   FuzzDifficulty/0e6a6c414fdf7a20b12b97049e9dd5cac3129cef
=== RUN   FuzzDifficulty/0e6f578b3c00b7b3c11865df181d49c4ed737bb9
=== RUN   FuzzDifficulty/141f8a6929240f8cf1f5161cb609a4503bde287f
=== RUN   FuzzDifficulty/1d61ee8993987ff9259c91731b519bf561edc228
=== RUN   FuzzDifficulty/2154b3b045d92ca8112d100d28f779918ff3e9c4
=== RUN   FuzzDifficulty/28c0bae812cb4092c825a49603350140f7164d2b
=== RUN   FuzzDifficulty/299b257de0457c2c06befaed40f7a79551d720f6
=== RUN   FuzzDifficulty/2af3ee7600ec1692cb31d29270e085c15f217df0
=== RUN   FuzzDifficulty/2db2b06e3718919082f23bc32d3999871ba48358
=== RUN   FuzzDifficulty/2eed273d016dc5ae4fb3b062bb87024d653a8e55
=== RUN   FuzzDifficulty/343476bb02e104230644606a0899587d57ddfcfa
=== RUN   FuzzDifficulty/349ebbf323641a42296f283a367fd7346ec5a1bd
=== RUN   FuzzDifficulty/359b71b83f87c2b86bb4bd1590f373f89821ed0e
=== RUN   FuzzDifficulty/38ba14dd09c732972dd48e30c62ce2c78e676647
=== RUN   FuzzDifficulty/40b045db0afa0af0e155a0a988e6b3d501ea8dc2
=== RUN   FuzzDifficulty/49f22b63fb8b926ab432bb82f1a779c33fd7607d
=== RUN   FuzzDifficulty/4b1c19e1fea33e5d6ce8aa94472948f9dc214e40
=== RUN   FuzzDifficulty/5598d6f75c3b61bbd75649102ada7300f9f24048
=== RUN   FuzzDifficulty/56f8c8031bd1af01e0f9f8f6d51b1f4d21b9c982
=== RUN   FuzzDifficulty/59905eca9ce76787cfe4c29929b0c8ff4b8cd3bc
=== RUN   FuzzDifficulty/5aec9b300a608272980ad53194c484f75eeec355
=== RUN   FuzzDifficulty/5cc8701ab9307d547b29dda74313119436efed53
=== RUN   FuzzDifficulty/5db8cedca585990519e3a8206913ce07bb97e31d
=== RUN   FuzzDifficulty/627c3277d82ffd5dee4649c573cbbe51d6e66adc
=== RUN   FuzzDifficulty/64f2f3f5fc9ce7f0be6bed3fd1c4b3bee5b5bb29
=== RUN   FuzzDifficulty/694dc3258b69b7a161f4bacac5bc2c97e36a9546
=== RUN   FuzzDifficulty/73b74736664ad85828ce1be2e29fb4a68d24402b
=== RUN   FuzzDifficulty/754b370242b9d8ebab3b31829fa42ce9c0fa90e6
=== RUN   FuzzDifficulty/774e6a979489881d43d415aff7bf7f7946e9e84a
=== RUN   FuzzDifficulty/7c0ab4c771ae75c52548dc84c30fb454081030cd
=== RUN   FuzzDifficulty/7c24e54c857ea0fdb70ed4d2b2f01aa011b63a30
=== RUN   FuzzDifficulty/7f31a68cf71cbed62f43743aca8d2f8d16d98851
=== RUN   FuzzDifficulty/7facec6e44afcab49440f7f48549e1c90da9246f
=== RUN   FuzzDifficulty/82f6795972f3ad00d6a05746a5f7580cf27462cc
=== RUN   FuzzDifficulty/86fec968518be6e7a4d8026bc71dbe4acd0654a0
=== RUN   FuzzDifficulty/87331b1aac04b643901d99a304c71ba88ad69f6c
=== RUN   FuzzDifficulty/89e18b98c7ae08ed7e9bc796ec83ddb1bc36be51
=== RUN   FuzzDifficulty/8a2132d9f8258a7dfa423a5fde7f12739c04c7bd
=== RUN   FuzzDifficulty/8cbe57553fe9877e5ff497577a3ff18037baddd3
=== RUN   FuzzDifficulty/8d5a0aa5a82d94aa2cf05e27f935c8a2b4448c85
=== RUN   FuzzDifficulty/9069ca78e7450a285173431b3e52c5c25299e473
=== RUN   FuzzDifficulty/91291fad5e24d415b4f61bf4d3c5b4a6474e99f2
=== RUN   FuzzDifficulty/9166b2269ecba70ffa3df9ba4529b93e4a90460d
=== RUN   FuzzDifficulty/98ffd769d5966a61b78dc34d745a528d884bb6c9
=== RUN   FuzzDifficulty/9dbe233ec99b7d4539da13c963943e7f5aec57e4
=== RUN   FuzzDifficulty/a2c448efdb52e5ac4f60b659fb37e16df2483aeb
=== RUN   FuzzDifficulty/a5021bb4bf7fd1e4f98bdb8ee07ab68182d50c6a
=== RUN   FuzzDifficulty/ab93be9683db2cfef46f182a2605925e92589fb0
=== RUN   FuzzDifficulty/abdfd778e765f5438a3c20b7c190e97e07695cdf
=== RUN   FuzzDifficulty/ad77fad67f426cb083c13ee172df476455145df6
=== RUN   FuzzDifficulty/ae39fb6aff719916eb3fbbd5b2a8d79d10956ce4
=== RUN   FuzzDifficulty/aeb69c4e1346357fe9778b094c065c56f7371d23
=== RUN   FuzzDifficulty/afbe629e2f39b926351b2b7efd5080fa6a56e9f0
=== RUN   FuzzDifficulty/b1a11e16fda5cd28d9a2a95cbedf5f12b4c19f8a
=== RUN   FuzzDifficulty/b222d718baaee3473f44c2186c25b0276a20375b
=== RUN   FuzzDifficulty/b562eda16f91119200496e1a1971347abc8ce70e
=== RUN   FuzzDifficulty/b621f30298dcd5373751e6b91bb0fe06fcbba90c
=== RUN   FuzzDifficulty/b68059f782e3522e1be4bb5a9cc07899ada6ff78
=== RUN   FuzzDifficulty/b6934a1d6a9c889b365829073362c596a9b8e40d
=== RUN   FuzzDifficulty/c2a8b77c7ee6d83ff856182d92fdc5fdfbfc1c27
=== RUN   FuzzDifficulty/c31c566a391f85e9a9f54f382ca028c25f3ce1a3
=== RUN   FuzzDifficulty/c60fdbe34b583f5560df726b78327ce0a3fbcb54
=== RUN   FuzzDifficulty/c6da977a42637d8824c6a5bf6cedda5a0e9a2a64
=== RUN   FuzzDifficulty/c82d48328c3317b38ac908307e95fc3e58928613
=== RUN   FuzzDifficulty/c83369639a3875150ddb151b76cced3a70dd7511
=== RUN   FuzzDifficulty/c85de05d4497676581570ee2ced64c22f28a22ac
=== RUN   FuzzDifficulty/cc629d77c23b6457e540aec06c0294a135150b53
=== RUN   FuzzDifficulty/ccae150a5267d1cc7d99841d30f7ca8f3d896f6f
=== RUN   FuzzDifficulty/ce7f0ceee26796b9e77c5069b50147e504aaea44
=== RUN   FuzzDifficulty/cee1b9329eb880752950b4d8ed2d04316ce33c17
=== RUN   FuzzDifficulty/d06af8ef7df3092e62159382f1379f0cc2cb106f
=== RUN   FuzzDifficulty/d08f88df745fa7950b104e4a707a31cfce7b5841
=== RUN   FuzzDifficulty/d18726e46ce08591721b1ac1d14161bdef1ad5f4
=== RUN   FuzzDifficulty/d5b90f6a51d4eb62736023bda40926d505943f9c
=== RUN   FuzzDifficulty/d759c4d751df4a35a1a2c67ae9df528512f3a72a
=== RUN   FuzzDifficulty/da6004f7a0d8963e747d69c5e5c0ed580dd9180a
=== RUN   FuzzDifficulty/da66180699cf86a08be25d9bf73d22d048382d17
=== RUN   FuzzDifficulty/daa7b26a5ccac299dc4847acf583d9aa3ef59fe6
=== RUN   FuzzDifficulty/e34e3566d1a3843246e075eef949d29fe75c86e1
=== RUN   FuzzDifficulty/e40e90122913e88554b2e4fd394cca5b3c50c82d
=== RUN   FuzzDifficulty/e841e9a05e797e1012289a68dcb10b58956fb5fb
=== RUN   FuzzDifficulty/ee5ecfe4dee27fe998787baa1ce7d9c6ba920077
=== RUN   FuzzDifficulty/ee60554d7c93a612b93fbd51701ece0467b7e9df
=== RUN   FuzzDifficulty/f02512b6957c8e8deec649ab5f3ad8982bb06a75
=== RUN   FuzzDifficulty/f38e9944cdece473da4284f83663f8e5e07f504b
=== RUN   FuzzDifficulty/f4489f441616a8ebab7f737a20ed4d22cf3d77bd
=== RUN   FuzzDifficulty/f79bd0c03a0849c69c0c8fc223c482e0f9a85479
=== RUN   FuzzDifficulty/f8c78027eb7c927d993c973d0520db192b64420f
=== RUN   FuzzDifficulty/f9872dd6bdd01569c3a204dc66298b08c6581fa4
=== RUN   FuzzDifficulty/fb590113fcf4c5d85158f8119c7c16f5131f2d40
=== RUN   FuzzDifficulty/ff55b51847daaba8eaead16c35cec29127d1bef8
--- PASS: FuzzDifficulty (0.00s)
    --- PASS: FuzzDifficulty/078f36e0e64769919e28ec4310bd9bb96ed2d4d4 (0.00s)
    --- PASS: FuzzDifficulty/0a4a225da436d333afe645f1724ccfcd33999a63 (0.00s)
    --- PASS: FuzzDifficulty/0d18e77b76738c5a9f34641f8c0f1611fb5b057b (0.00s)
    --- PASS: FuzzDifficulty/0e6a6c414fdf7a20b12b97049e9dd5cac3129cef (0.00s)
    --- PASS: FuzzDifficulty/0e6f578b3c00b7b3c11865df181d49c4ed737bb9 (0.00s)
    --- PASS: FuzzDifficulty/141f8a6929240f8cf1f5161cb609a4503bde287f (0.00s)
    --- PASS: FuzzDifficulty/1d61ee8993987ff9259c91731b519bf561edc228 (0.00s)
    --- PASS: FuzzDifficulty/2154b3b045d92ca8112d100d28f779918ff3e9c4 (0.00s)
    --- PASS: FuzzDifficulty/28c0bae812cb4092c825a49603350140f7164d2b (0.00s)
    --- PASS: FuzzDifficulty/299b257de0457c2c06befaed40f7a79551d720f6 (0.00s)
    --- PASS: FuzzDifficulty/2af3ee7600ec1692cb31d29270e085c15f217df0 (0.00s)
    --- PASS: FuzzDifficulty/2db2b06e3718919082f23bc32d3999871ba48358 (0.00s)
    --- PASS: FuzzDifficulty/2eed273d016dc5ae4fb3b062bb87024d653a8e55 (0.00s)
    --- PASS: FuzzDifficulty/343476bb02e104230644606a0899587d57ddfcfa (0.00s)
    --- PASS: FuzzDifficulty/349ebbf323641a42296f283a367fd7346ec5a1bd (0.00s)
    --- PASS: FuzzDifficulty/359b71b83f87c2b86bb4bd1590f373f89821ed0e (0.00s)
    --- PASS: FuzzDifficulty/38ba14dd09c732972dd48e30c62ce2c78e676647 (0.00s)
    --- PASS: FuzzDifficulty/40b045db0afa0af0e155a0a988e6b3d501ea8dc2 (0.00s)
    --- PASS: FuzzDifficulty/49f22b63fb8b926ab432bb82f1a779c33fd7607d (0.00s)
    --- PASS: FuzzDifficulty/4b1c19e1fea33e5d6ce8aa94472948f9dc214e40 (0.00s)
    --- PASS: FuzzDifficulty/5598d6f75c3b61bbd75649102ada7300f9f24048 (0.00s)
    --- PASS: FuzzDifficulty/56f8c8031bd1af01e0f9f8f6d51b1f4d21b9c982 (0.00s)
    --- PASS: FuzzDifficulty/59905eca9ce76787cfe4c29929b0c8ff4b8cd3bc (0.00s)
    --- PASS: FuzzDifficulty/5aec9b300a608272980ad53194c484f75eeec355 (0.00s)
    --- PASS: FuzzDifficulty/5cc8701ab9307d547b29dda74313119436efed53 (0.00s)
    --- PASS: FuzzDifficulty/5db8cedca585990519e3a8206913ce07bb97e31d (0.00s)
    --- PASS: FuzzDifficulty/627c3277d82ffd5dee4649c573cbbe51d6e66adc (0.00s)
    --- PASS: FuzzDifficulty/64f2f3f5fc9ce7f0be6bed3fd1c4b3bee5b5bb29 (0.00s)
    --- PASS: FuzzDifficulty/694dc3258b69b7a161f4bacac5bc2c97e36a9546 (0.00s)
    --- PASS: FuzzDifficulty/73b74736664ad85828ce1be2e29fb4a68d24402b (0.00s)
    --- PASS: FuzzDifficulty/754b370242b9d8ebab3b31829fa42ce9c0fa90e6 (0.00s)
    --- PASS: FuzzDifficulty/774e6a979489881d43d415aff7bf7f7946e9e84a (0.00s)
    --- PASS: FuzzDifficulty/7c0ab4c771ae75c52548dc84c30fb454081030cd (0.00s)
    --- PASS: FuzzDifficulty/7c24e54c857ea0fdb70ed4d2b2f01aa011b63a30 (0.00s)
    --- PASS: FuzzDifficulty/7f31a68cf71cbed62f43743aca8d2f8d16d98851 (0.00s)
    --- PASS: FuzzDifficulty/7facec6e44afcab49440f7f48549e1c90da9246f (0.00s)
    --- PASS: FuzzDifficulty/82f6795972f3ad00d6a05746a5f7580cf27462cc (0.00s)
    --- PASS: FuzzDifficulty/86fec968518be6e7a4d8026bc71dbe4acd0654a0 (0.00s)
    --- PASS: FuzzDifficulty/87331b1aac04b643901d99a304c71ba88ad69f6c (0.00s)
    --- PASS: FuzzDifficulty/89e18b98c7ae08ed7e9bc796ec83ddb1bc36be51 (0.00s)
    --- PASS: FuzzDifficulty/8a2132d9f8258a7dfa423a5fde7f12739c04c7bd (0.00s)
    --- PASS: FuzzDifficulty/8cbe57553fe9877e5ff497577a3ff18037baddd3 (0.00s)
    --- PASS: FuzzDifficulty/8d5a0aa5a82d94aa2cf05e27f935c8a2b4448c85 (0.00s)
    --- PASS: FuzzDifficulty/9069ca78e7450a285173431b3e52c5c25299e473 (0.00s)
    --- PASS: FuzzDifficulty/91291fad5e24d415b4f61bf4d3c5b4a6474e99f2 (0.00s)
    --- PASS: FuzzDifficulty/9166b2269ecba70ffa3df9ba4529b93e4a90460d (0.00s)
    --- PASS: FuzzDifficulty/98ffd769d5966a61b78dc34d745a528d884bb6c9 (0.00s)
    --- PASS: FuzzDifficulty/9dbe233ec99b7d4539da13c963943e7f5aec57e4 (0.00s)
    --- PASS: FuzzDifficulty/a2c448efdb52e5ac4f60b659fb37e16df2483aeb (0.00s)
    --- PASS: FuzzDifficulty/a5021bb4bf7fd1e4f98bdb8ee07ab68182d50c6a (0.00s)
    --- PASS: FuzzDifficulty/ab93be9683db2cfef46f182a2605925e92589fb0 (0.00s)
    --- PASS: FuzzDifficulty/abdfd778e765f5438a3c20b7c190e97e07695cdf (0.00s)
    --- PASS: FuzzDifficulty/ad77fad67f426cb083c13ee172df476455145df6 (0.00s)
    --- PASS: FuzzDifficulty/ae39fb6aff719916eb3fbbd5b2a8d79d10956ce4 (0.00s)
    --- PASS: FuzzDifficulty/aeb69c4e1346357fe9778b094c065c56f7371d23 (0.00s)
    --- PASS: FuzzDifficulty/afbe629e2f39b926351b2b7efd5080fa6a56e9f0 (0.00s)
    --- PASS: FuzzDifficulty/b1a11e16fda5cd28d9a2a95cbedf5f12b4c19f8a (0.00s)
    --- PASS: FuzzDifficulty/b222d718baaee3473f44c2186c25b0276a20375b (0.00s)
    --- PASS: FuzzDifficulty/b562eda16f91119200496e1a1971347abc8ce70e (0.00s)
    --- PASS: FuzzDifficulty/b621f30298dcd5373751e6b91bb0fe06fcbba90c (0.00s)
    --- PASS: FuzzDifficulty/b68059f782e3522e1be4bb5a9cc07899ada6ff78 (0.00s)
    --- PASS: FuzzDifficulty/b6934a1d6a9c889b365829073362c596a9b8e40d (0.00s)
    --- PASS: FuzzDifficulty/c2a8b77c7ee6d83ff856182d92fdc5fdfbfc1c27 (0.00s)
    --- PASS: FuzzDifficulty/c31c566a391f85e9a9f54f382ca028c25f3ce1a3 (0.00s)
    --- PASS: FuzzDifficulty/c60fdbe34b583f5560df726b78327ce0a3fbcb54 (0.00s)
    --- PASS: FuzzDifficulty/c6da977a42637d8824c6a5bf6cedda5a0e9a2a64 (0.00s)
    --- PASS: FuzzDifficulty/c82d48328c3317b38ac908307e95fc3e58928613 (0.00s)
    --- PASS: FuzzDifficulty/c83369639a3875150ddb151b76cced3a70dd7511 (0.00s)
    --- PASS: FuzzDifficulty/c85de05d4497676581570ee2ced64c22f28a22ac (0.00s)
    --- PASS: FuzzDifficulty/cc629d77c23b6457e540aec06c0294a135150b53 (0.00s)
    --- PASS: FuzzDifficulty/ccae150a5267d1cc7d99841d30f7ca8f3d896f6f (0.00s)
    --- PASS: FuzzDifficulty/ce7f0ceee26796b9e77c5069b50147e504aaea44 (0.00s)
    --- PASS: FuzzDifficulty/cee1b9329eb880752950b4d8ed2d04316ce33c17 (0.00s)
    --- PASS: FuzzDifficulty/d06af8ef7df3092e62159382f1379f0cc2cb106f (0.00s)
    --- PASS: FuzzDifficulty/d08f88df745fa7950b104e4a707a31cfce7b5841 (0.00s)
    --- PASS: FuzzDifficulty/d18726e46ce08591721b1ac1d14161bdef1ad5f4 (0.00s)
    --- PASS: FuzzDifficulty/d5b90f6a51d4eb62736023bda40926d505943f9c (0.00s)
    --- PASS: FuzzDifficulty/d759c4d751df4a35a1a2c67ae9df528512f3a72a (0.00s)
    --- PASS: FuzzDifficulty/da6004f7a0d8963e747d69c5e5c0ed580dd9180a (0.00s)
    --- PASS: FuzzDifficulty/da66180699cf86a08be25d9bf73d22d048382d17 (0.00s)
    --- PASS: FuzzDifficulty/daa7b26a5ccac299dc4847acf583d9aa3ef59fe6 (0.00s)
    --- PASS: FuzzDifficulty/e34e3566d1a3843246e075eef949d29fe75c86e1 (0.00s)
    --- PASS: FuzzDifficulty/e40e90122913e88554b2e4fd394cca5b3c50c82d (0.00s)
    --- PASS: FuzzDifficulty/e841e9a05e797e1012289a68dcb10b58956fb5fb (0.00s)
    --- PASS: FuzzDifficulty/ee5ecfe4dee27fe998787baa1ce7d9c6ba920077 (0.00s)
    --- PASS: FuzzDifficulty/ee60554d7c93a612b93fbd51701ece0467b7e9df (0.00s)
    --- PASS: FuzzDifficulty/f02512b6957c8e8deec649ab5f3ad8982bb06a75 (0.00s)
    --- PASS: FuzzDifficulty/f38e9944cdece473da4284f83663f8e5e07f504b (0.00s)
    --- PASS: FuzzDifficulty/f4489f441616a8ebab7f737a20ed4d22cf3d77bd (0.00s)
    --- PASS: FuzzDifficulty/f79bd0c03a0849c69c0c8fc223c482e0f9a85479 (0.00s)
    --- PASS: FuzzDifficulty/f8c78027eb7c927d993c973d0520db192b64420f (0.00s)
    --- PASS: FuzzDifficulty/f9872dd6bdd01569c3a204dc66298b08c6581fa4 (0.00s)
    --- PASS: FuzzDifficulty/fb590113fcf4c5d85158f8119c7c16f5131f2d40 (0.00s)
    --- PASS: FuzzDifficulty/ff55b51847daaba8eaead16c35cec29127d1bef8 (0.00s)
PASS
coverage: 95.7% of statements
ok  	github.com/morph-l2/go-ethereum/tests/fuzzers/difficulty	0.044s	coverage: 95.7% of statements
	github.com/morph-l2/go-ethereum/tests/fuzzers/difficulty/debug		coverage: 0.0% of statements
