=== RUN   FuzzKeystore
=== RUN   FuzzKeystore/0047dcdf72e9d35b75e52676e0ff7fd739f4526a
=== RUN   FuzzKeystore/0457c4f38abe084d9d172457525f1771a2dd3bc2
=== RUN   FuzzKeystore/04a4c5da2be62172f1e7f33857c871d841980154
=== RUN   FuzzKeystore/07f9ef41656d4817847bd3032917ee76201a8d8d
=== RUN   FuzzKeystore/0818c9754b9f4de332c3323010a53a4bd2e4c24e
=== RUN   FuzzKeystore/088ad7b74d6f653db0a1a6d1db33fc33c823f177
=== RUN   FuzzKeystore/0c6500a25c6f16666e2f7129c2c0603eb655edcb
=== RUN   FuzzKeystore/0c7135b3f3267c9874f5af320eecc4ee43babb13
=== RUN   FuzzKeystore/0c7aa2306596201b10ae559654cda32150b196f9
=== RUN   FuzzKeystore/0cbb0e9815ec24a697751b9b9467bdafa75f666b
=== RUN   FuzzKeystore/0cc236934c588f9b2be4c2641d1c3c60a1d49a88
=== RUN   FuzzKeystore/0d52b1ed7d24555bb6a53c8ece719a133ac4222c
=== RUN   FuzzKeystore/0dac23f829f553986777288ecde3ac3d061e101f
=== RUN   FuzzKeystore/0e0642e6150ae99dd924511948e7f0abd78fd3a7
=== RUN   FuzzKeystore/0fc6433687a852fa53c9d844ce936acac8d8350b
=== RUN   FuzzKeystore/1053aedfa0b41c1ccfc79d0a551ae37c9895018c
=== RUN   FuzzKeystore/11602d0e483551a8a54811d956d98d96b6ce85a0
=== RUN   FuzzKeystore/11aef99bfab3183a67a0bff994bd4ad2ad783f2b
=== RUN   FuzzKeystore/11e751137213677876cddcf5c7add2a7cfe1ac56
=== RUN   FuzzKeystore/123339f13398af8eaafa92bdfa0f3543cb0ce38d
=== RUN   FuzzKeystore/12bcc8a6b62d5b11e9d2724c318f6d3516b16041
=== RUN   FuzzKeystore/12e67fd140e2aaaeedb1048ecb7bc1666ac357c0
=== RUN   FuzzKeystore/132ccf0bbeffce4af8e88c1c38cb67d38432976f
=== RUN   FuzzKeystore/1480e73bcaef098a7a208b2d6b3b9d97ea50e14a
=== RUN   FuzzKeystore/155e0c88614d47fcc1aa72abda78139b95ba1bf2
=== RUN   FuzzKeystore/174ec5e513d5144d582f0def3949e287d2651856
=== RUN   FuzzKeystore/17a94b32f5f3f33227850bb98e291b89d33f08be
=== RUN   FuzzKeystore/17e1d78ecf4e8a1e5fd6052aa3965eb097e7e4f4
=== RUN   FuzzKeystore/17f2e31f37760c5ae7d1fae36754d9ae4dca6d41
=== RUN   FuzzKeystore/1b00c18a4b001445579661608dd7a8ad032d5fcc
=== RUN   FuzzKeystore/1b9b2d2a5a1825168ef07218c31be2c7cba25899
=== RUN   FuzzKeystore/1bc6abcd802c5318f2b86bb9c09222ad2acdddf2
=== RUN   FuzzKeystore/1d01151d45d27d3239e3fc6f943f674840b3efdd
=== RUN   FuzzKeystore/1ddc5e848cee083b86af568dca9710407f23c8ba
=== RUN   FuzzKeystore/1f33c1c473816bcff611eef579935218f70efda9
=== RUN   FuzzKeystore/209e401a3b7f094ca45eadb986d92ccf4ba14ed9
=== RUN   FuzzKeystore/21716c2707164cd4164ffb84d0afc267f5187bd1
=== RUN   FuzzKeystore/2244379ddba65cc4a8f35a3d647105da04f68124
=== RUN   FuzzKeystore/2331e9ea3f6a5280a858cab43b052eb71c229c48
=== RUN   FuzzKeystore/244dc4f8d3fc16399c85553287928882dae95c7d
=== RUN   FuzzKeystore/2838fd5e5d0f2ff53a72bcc1690852b8339998de
=== RUN   FuzzKeystore/294480a6168a52df9bcded3d3531b0757c05f7bf
=== RUN   FuzzKeystore/2952f2f9f9a72ed3e70c0bc0b34e9a8ad08ca164
=== RUN   FuzzKeystore/29a67e9c6b807dd03c39c91a0762fe88d14ed745
=== RUN   FuzzKeystore/2a9a1c0348f69b59e8b4a8b8cd14a8ba68f94981
=== RUN   FuzzKeystore/2ae5130f3021506e0d9bde8d819b6720f56ecb9d
=== RUN   FuzzKeystore/2b26cdda4b8592d6dea3051df65c1cc0033cd35c
=== RUN   FuzzKeystore/2bb2219bda86ca5a348b67ca06b59c5e3235d799
=== RUN   FuzzKeystore/2bd623fa3989bb2b6d6f16d750d7233eeacf8c01
=== RUN   FuzzKeystore/2cb9edd34e52781ad020c42b9c1f7b7f416f300e
=== RUN   FuzzKeystore/2dcc59e72bc2df31c393998231bf9f9ec2230079
=== RUN   FuzzKeystore/2f669ccf33031b7a713d3b8e4b4a5c0098241b9f
=== RUN   FuzzKeystore/306e342d197488fd4b5f77c12f52424b0777c086
=== RUN   FuzzKeystore/30af0858d7ab624553652773997cbaf4d3b17876
=== RUN   FuzzKeystore/3260763ed991378888ab72e0c87c1b5045a9f2bd
=== RUN   FuzzKeystore/32fe0144d50cd466a152a5f89fa23193e49ddde9
=== RUN   FuzzKeystore/337f0c7a536ce0d81bb0c96fc810c4c2accbf1de
=== RUN   FuzzKeystore/33d91281d0bee42dfa2d183b6365daef688de3af
=== RUN   FuzzKeystore/346d44c64bce5cf1794b8c7560af187966f233fa
=== RUN   FuzzKeystore/357702a5050b6cfcddb73db645719ca80ee5bce5
=== RUN   FuzzKeystore/36ae7bfa15eea9804b7048a88c65b29ab283a9c1
=== RUN   FuzzKeystore/3743b2993df88db0b8edcddef8419cdd57131b8b
=== RUN   FuzzKeystore/37581c76a07f7e2b0a6810bd53e63c17814f7dd0
=== RUN   FuzzKeystore/3a25335ab6e05fb7e1e4bb8769dec48e020f7a7d
=== RUN   FuzzKeystore/3a8e650b1d492db635436fa5d9325784d5a70e6b
=== RUN   FuzzKeystore/3b1abbebeaecc75281f515875b372803c4daf669
=== RUN   FuzzKeystore/3bd92e29e9627ad80afa8de26e929d8eb5c64ac6
=== RUN   FuzzKeystore/3be93f5c3fe53fea85121ce18b83a733e10e0ac2
=== RUN   FuzzKeystore/3c2a48808441c342019c29529484a332f3958a9f
=== RUN   FuzzKeystore/3c8f87a16e18c076bed0f02fe5f39182be3d86d5
=== RUN   FuzzKeystore/3d3c8aa5899410923c20ce4c3239327ca328e6a9
=== RUN   FuzzKeystore/3dd4f036e66ceeb017acc18b5cc82bf04fc88b6e
=== RUN   FuzzKeystore/3eda69a34f2586fdf76ab150fd78eb3d9eb55e7e
=== RUN   FuzzKeystore/3fb97b13a32345f598f181285c7e4b766d61ae82
=== RUN   FuzzKeystore/40de25d6e0b7b6e729f73996b7702e11f4494336
=== RUN   FuzzKeystore/421e1a8c772c5d85b6de73b466f687b087fb0502
=== RUN   FuzzKeystore/43640b7dcdab34d2db2d70f2d1518dd77e51dcfa
=== RUN   FuzzKeystore/43688cba5c898e8ebed1be05944ffc37f26f86a9
=== RUN   FuzzKeystore/444febc6ce047a9c5e49fde631d1bd78436e9810
=== RUN   FuzzKeystore/461f3418cc416244c0040511091dac4083964b50
=== RUN   FuzzKeystore/48cbf0e48ee75cc6b4456d55f6a17e03082fc0a6
=== RUN   FuzzKeystore/48f4275652543a5911393b0af740ec17679da4e2
=== RUN   FuzzKeystore/4d11ddd2b071a692193ca58a9d979d5b8a39f6d2
=== RUN   FuzzKeystore/4d6ca8474e81f8c64ca142e20e7c38f38c2b8ee9
=== RUN   FuzzKeystore/4d89439e0ff1ce28ea12e712c5ee6d0975fe9c2c
=== RUN   FuzzKeystore/4eed4e824aaed1593109ea8ce13941e1e54d878b
=== RUN   FuzzKeystore/4f0542a4d223b99779d56fee05167469261c7760
=== RUN   FuzzKeystore/50199355ec8417d1855b21a072b5923a38a96da0
=== RUN   FuzzKeystore/518f31f42b8e2880e697fed80b04ba9cdee34e56
=== RUN   FuzzKeystore/552175c255ff851eb95db62f7c35895e79030ea4
=== RUN   FuzzKeystore/5541bb2e34a6121ae5d7927a12d29bee80e22e5c
=== RUN   FuzzKeystore/5583581fb79877e9fe7a7cfdb9bcb81692f935ca
=== RUN   FuzzKeystore/560aab9439e0b3cf3d83e598e11007754276736a
=== RUN   FuzzKeystore/566d97fe77ff852ee3ebaaee6b74a5a4c7592245
=== RUN   FuzzKeystore/59900cd4790243a658a9c79df8d90638ca9b8588
=== RUN   FuzzKeystore/59fdccbf505ceb3b2d0f4d193ca5c7711113c2d9
=== RUN   FuzzKeystore/5a35c4c6eb8b795823727d87f7a81a0e9db6b19f
=== RUN   FuzzKeystore/5ac6761d09cdea9d618e9f9df5687bd67dded8ad
=== RUN   FuzzKeystore/5b50928855e692f463f3578c5f95bb8bf74bd42e
=== RUN   FuzzKeystore/5ba93c9db0cff93f52b521d7420e43f6eda2784f
=== RUN   FuzzKeystore/5dcd0f2b446629120755160b102a0e5c50d7e652
=== RUN   FuzzKeystore/6277459c4c574b227f499df37e94fc178c1b9498
=== RUN   FuzzKeystore/62c3af5c3f8a8f4ad95523142ca63526b8b8fa8a
=== RUN   FuzzKeystore/62fe3ab00dc2ddc7ddacd75f6d875efeb03e66ae
=== RUN   FuzzKeystore/64c29dd5b84e1786b11478272b1b2140aac6ea61
=== RUN   FuzzKeystore/661d7ccabad4e2083abc647c139dab76c6e81847
=== RUN   FuzzKeystore/6631d92c5b244c8c9b0e825a821bfa01f87b129d
=== RUN   FuzzKeystore/67ef8a8075ad82a9ca417aac85f8f8cff43d0a13
=== RUN   FuzzKeystore/68131e11f757f4be90f77e3fe10d247aa145954e
=== RUN   FuzzKeystore/6855e9c24154570554a6188e7b4ec0680cb8d228
=== RUN   FuzzKeystore/68a1f901f28c7b82f7d1fb6f41ca6258ebe15386
=== RUN   FuzzKeystore/69ca1bd71107a4086f7e61f81c39db77cfd3f804
=== RUN   FuzzKeystore/6a3c8cd397d45afb1662620990837dbd8fe037fa
=== RUN   FuzzKeystore/6b4178eb2765909b12fb62a759a250ecb219d9cc
=== RUN   FuzzKeystore/6ce673c9c2b5a7595071ac7688473fb8e4b8b764
=== RUN   FuzzKeystore/6d63f63c1796ca200c2f12037875370ae59b41e2
=== RUN   FuzzKeystore/742b70cf8e533ce1da4e13590ef85f4ef5aaaff7
=== RUN   FuzzKeystore/753b97ed92c9f79e589edc068c6be072dd04c0d1
=== RUN   FuzzKeystore/76b8e2c18b131c3d841c4dcb9ea84f59ac4e5bcc
=== RUN   FuzzKeystore/7743eb426605824ac001224debf0d3e3c8afbec9
=== RUN   FuzzKeystore/78f0e49cb6e1aa97d62a30d402c216bda84ee48c
=== RUN   FuzzKeystore/7a89633abb7234148ee8d284e02076f3c84ae078
=== RUN   FuzzKeystore/7af6f1c6c6a04b5f77368e5e53397aad23a61fa0
=== RUN   FuzzKeystore/7b74bed8195111921dc24863f1ac8fc6162be9d0
=== RUN   FuzzKeystore/7be0c6a0f3dd39ce5b60d7eab4a577996eae5176
=== RUN   FuzzKeystore/7c70531747df17fa44686464aaf59896a1bcf7f9
=== RUN   FuzzKeystore/7d02405ce98ccd11398213f772cff42831239691
=== RUN   FuzzKeystore/813aca713a2ed2c22e4871fb41b55a615b79f246
=== RUN   FuzzKeystore/836adc5637c4320983016c50c1c3625f9f92ce1a
=== RUN   FuzzKeystore/85ea8a7e25fab0af0275c0c62954cc5f776788d2
=== RUN   FuzzKeystore/860f4310a9db9eb8310ee392503fa463733d2f91
=== RUN   FuzzKeystore/866d45008c7c0706d17de1eb5c1b115cf9e5eb15
=== RUN   FuzzKeystore/87380298f6d993cda98e88adca532c8c936da32f
=== RUN   FuzzKeystore/873cf043b615764327ddb323a115dc45e2b506c7
=== RUN   FuzzKeystore/874ca8539e94bebaaa5fd16317b91e52ee98ed4c
=== RUN   FuzzKeystore/884d7487f420ef29f05555db69446511f02e4e83
=== RUN   FuzzKeystore/88eca5a68b93b2daa07dd895e48c8d1c452cf24d
=== RUN   FuzzKeystore/88f7277cd9ce5a0ae131c7cb326f7224044db144
=== RUN   FuzzKeystore/8c0abc359bcc44ab60facb1cb062e31d4cd0b51e
=== RUN   FuzzKeystore/8dcc8874f382788fc4fb7cebc6b1187124723f94
=== RUN   FuzzKeystore/8e8a700c76100d44e91202bf35e34720e96a9f16
=== RUN   FuzzKeystore/8f48effbb3eb9b566665a2b815a8b6748a3e3928
=== RUN   FuzzKeystore/8f72aa49bf8363fa673b61611a8b9c5d0beeb059
=== RUN   FuzzKeystore/8f8c25cb677cdb42ceb30af49cc4df2a3497eff8
=== RUN   FuzzKeystore/90422d11a5568c953a1c4cc3a39bd62090bf2500
=== RUN   FuzzKeystore/925b790e351bf36de4dce6cf6a3ca02662673d74
=== RUN   FuzzKeystore/98cf8e8531f2245991bb2089d1470d98401fc42c
=== RUN   FuzzKeystore/9a54fb97c3498754bd9bd98f37b5e9a87b2453c4
=== RUN   FuzzKeystore/9d036b062a4f17603d354b0585905c298cb4da0c
=== RUN   FuzzKeystore/9d0e9be3ac9e6d137af25bddd5fd0cefbdca65ae
=== RUN   FuzzKeystore/9deaf2cd3f39107f2f9166640ea11aef74c88faf
=== RUN   FuzzKeystore/9e2facf6649c9793ddb47ff8364aaf2025de2d44
=== RUN   FuzzKeystore/a0a2719748bad51dac53894f4e2a26fb9251750b
=== RUN   FuzzKeystore/a119e4134d560e2c7c5fdc2baf820d7d107c11ca
=== RUN   FuzzKeystore/a33ea5940a692783f91d01bf32892167c55bbe13
=== RUN   FuzzKeystore/a41fed2c0730a362bee2c8b5f53050991856a29e
=== RUN   FuzzKeystore/a43e25215da5d28d4fc580cbb395f5f6a5b1631a
=== RUN   FuzzKeystore/a50835ae829305d8476b73ac6a1ce714805d931f
=== RUN   FuzzKeystore/a6780d06de484bcb8ac6bab231478b730828497c
=== RUN   FuzzKeystore/a848ed632bb6320d4945fcd20c7e6316ebb2bae5
=== RUN   FuzzKeystore/a9a0263ab610de1f797401d56da36a51759ee563
=== RUN   FuzzKeystore/aa569ca7d78425bae064b1b9491d21c4d0974653
=== RUN   FuzzKeystore/ab4a886f6da04749f220d83cdccceb0e2989a66c
=== RUN   FuzzKeystore/abf99d35d55ea0136fb80b12d799590fb69c2473
=== RUN   FuzzKeystore/acfb13a122f675c992dfc700d389610533f67bc8
=== RUN   FuzzKeystore/ad3bf85e62685b783ca3c2409d457a0143589ec8
=== RUN   FuzzKeystore/b0861007e4ca7356eb074c1b8dc8a0989e369b65
=== RUN   FuzzKeystore/b19542d27b38de580bebb13201995bf0c6fcf34e
=== RUN   FuzzKeystore/b1c6a55d75c92e56ae4da3948a02a6cb929fe129
=== RUN   FuzzKeystore/b243b96ef212ef17d602393ca74edc98d4f57654
=== RUN   FuzzKeystore/b29c18c9d106c5e54eaf9f811155196aa3830e00
=== RUN   FuzzKeystore/b52a88778963a0f8838b8e08ab8aae4fe2b5d437
=== RUN   FuzzKeystore/b549cf7b001c9dd98b38e58b59f543c332710c72
=== RUN   FuzzKeystore/b58d45ccb9212a626c4d3aba39dd3c2494c84c4a
=== RUN   FuzzKeystore/b5a5d6a0d3b10a4a0cca077f19288fe535eb705c
=== RUN   FuzzKeystore/b67bf25a05fee7e7a63b11901997cfd46b0d4606
=== RUN   FuzzKeystore/b73103ece5f8fd1f037af7aad57009212d11e99e
=== RUN   FuzzKeystore/b82872d22e746831344ccf4be3b2cbb52499d8d0
=== RUN   FuzzKeystore/b856a8a522203076fe23d635dc4e6b08553966bd
=== RUN   FuzzKeystore/b8bec6c76b454f11ea51a48bbfd8810972ff103a
=== RUN   FuzzKeystore/bbc0aef224b576ae9c6b6b35057dddebdcc944da
=== RUN   FuzzKeystore/bcc5f42c71d7a3e67548529ce09d69cda557e655
=== RUN   FuzzKeystore/bd030f8b00c37e07dbd39396efc961ac67d0af01
=== RUN   FuzzKeystore/bd4a2e7eb5cc05bda949c868ee20fc0be9435a05
=== RUN   FuzzKeystore/bedc2ffe6a34db487c6ed68ec6b5bb9989be846e
=== RUN   FuzzKeystore/befcd9055bc8dafbd93aeaaa532edf1006bae006
=== RUN   FuzzKeystore/bf098db1399ac3768fb798819924af9b54595287
=== RUN   FuzzKeystore/c10b563de6514530f1a57fc9946d7dff807107c5
=== RUN   FuzzKeystore/c12144ff22ff7e1ffac9087defd83598fec9293d
=== RUN   FuzzKeystore/c25480947edafb3ac6225fad391687b8095d0b29
=== RUN   FuzzKeystore/c3a490c11dc8b7d16d43b39dafc78282913a6e2e
=== RUN   FuzzKeystore/c5612fb384337525bc32d3310ced31158e82abc4
=== RUN   FuzzKeystore/c580e29d414ec116fa0619a1229f9ae7b095393d
=== RUN   FuzzKeystore/c5e153734990b880fc4087fbba55c675823cf83d
=== RUN   FuzzKeystore/c75334ce56c963a24b0f34c2ea3f081bc4fbb6e7
=== RUN   FuzzKeystore/c8009bb6b6c3e142599e5cfc0872a0d8262ea998
=== RUN   FuzzKeystore/c8dd376a5b8f22624e73059b752466a417ed96be
=== RUN   FuzzKeystore/c91f03a7fa953265985f125dde407e16ab474f93
=== RUN   FuzzKeystore/c9bac3303ec3911739a4e6b47c828cbd44db28a3
=== RUN   FuzzKeystore/ca2c101cecdf90070609b66f981e0d115baee575
=== RUN   FuzzKeystore/caceea4238b2b9e692f1aef6b11d07e92b284b43
=== RUN   FuzzKeystore/cb6da45d87eaf94b44ae32e790efdf0da4a445f0
=== RUN   FuzzKeystore/ce14020c85cbc8a667b2395926f09ddd63f4ac8c
=== RUN   FuzzKeystore/cef648474bc538c0dd54bff4aa128adf8a4735cf
=== RUN   FuzzKeystore/cfb03ce8ddfc64341b284d06d145604de63c0696
=== RUN   FuzzKeystore/d00ff4b8adf0f542c1406754d986f708abb5407b
=== RUN   FuzzKeystore/d0c1f5344fbc12b0acbde1fd512451455c635fce
=== RUN   FuzzKeystore/d13c90e2cb03a2199d9a05bd00fbd368dab79145
=== RUN   FuzzKeystore/d2ce982abc316ed3f0f688480cdd77556155218e
=== RUN   FuzzKeystore/d3a8097091f7f8c34d8490bf0de854a38a1600e5
=== RUN   FuzzKeystore/d4a7a671eea781bd530c1188c6e2b4d80a751cf3
=== RUN   FuzzKeystore/d4b5ed4644272fc86b1392cc853342716b763e21
=== RUN   FuzzKeystore/d4d52fd5010096bcadba6ca1e29c76e437ad789c
=== RUN   FuzzKeystore/d50d31aee84b95d8d5d2ff5231ce00b1b20580e0
=== RUN   FuzzKeystore/d547fe43b97ee02301ea7da0d607d84b07e3513d
=== RUN   FuzzKeystore/d5b1b55eb63214aa34ded9d52e7f738a3d4b6465
=== RUN   FuzzKeystore/d5cd22b704859abebc213218dba59451c75e0575
=== RUN   FuzzKeystore/d7c7a480ab5a18a0c756af763fa2c7c23005b49a
=== RUN   FuzzKeystore/d99aaa5b6780621087d196f3b6af9aea33cea6af
=== RUN   FuzzKeystore/da5799dd40db6e89c773e290e87c07bbae588877
=== RUN   FuzzKeystore/da7ee946d64ce9799618a2405818379ddb881b54
=== RUN   FuzzKeystore/da81448bdbfea9b48693e2f79d997f94d1ebc284
=== RUN   FuzzKeystore/dc5a9d96fcd82b7d61a224a3e1d61c0c8288c51a
=== RUN   FuzzKeystore/dd2174aa86f077bb5d71861d98420b42e67b5d76
=== RUN   FuzzKeystore/df4819fd5bf04422deaa058256880e49824a59a7
=== RUN   FuzzKeystore/e0e35718ea3f89680708bd693c248b14158c2fe2
=== RUN   FuzzKeystore/e0f9cc5112e7e0347fcbe36749bdb9c0e7a3ad00
=== RUN   FuzzKeystore/e202ac583f44f0cf9866fbbc4351faa85bb39594
=== RUN   FuzzKeystore/e207dd9e8a7eade93f50066ca303585a06c75dc8
=== RUN   FuzzKeystore/e23ee6468b4cc21ad91878b2ba77336a8eca40a4
=== RUN   FuzzKeystore/e6690c997a827c6c60aa8397e88070d00b7c7c9a
=== RUN   FuzzKeystore/e9dfe843b05fa23f16dfe50611ad4ac81a7d0149
=== RUN   FuzzKeystore/eb6e78b8fec26430e1f29bee3b6a86e79d8088f4
=== RUN   FuzzKeystore/edd87a7d8d1ce8ce8b51d4325ca836aa535bdcc6
=== RUN   FuzzKeystore/f17ce27b6bdbb15d38d765831d6e5f79b3a2e44c
=== RUN   FuzzKeystore/f1f82555dde2ab50183ecc8322f4f5965ea4fcf4
=== RUN   FuzzKeystore/f4249aea16cdf5ad8833ae7cb17ef0c3236fb5bf
=== RUN   FuzzKeystore/f500441877cac3843624c635ed50260c87335da3
=== RUN   FuzzKeystore/f7243481999c18e31dfceb69d836681d751cdc02
=== RUN   FuzzKeystore/f7e24306686cc19ef771a2b548bf72cc2c09cf20
=== RUN   FuzzKeystore/f8cd4bb3bf63b4bcc9a4d316005b807ff6899145
=== RUN   FuzzKeystore/f981211d871748e5ba3c98ff440847643ca4c565
=== RUN   FuzzKeystore/fa7a7b121c34dda468df11443a1357e7855a1d6c
=== RUN   FuzzKeystore/fbe4656c9bba361b7d5534eac02c475d126aa14e
=== RUN   FuzzKeystore/fd33edfee408dac396629d8ee59a3476da81778d
=== RUN   FuzzKeystore/ff8c7091a3993cfcf656b533c5833d10a3e62efb
=== RUN   FuzzKeystore/ffa80aea9ec499e1e6e8452eb9a42ee5d42e8ab4
--- PASS: FuzzKeystore (39.38s)
    --- PASS: FuzzKeystore/0047dcdf72e9d35b75e52676e0ff7fd739f4526a (0.16s)
    --- PASS: FuzzKeystore/0457c4f38abe084d9d172457525f1771a2dd3bc2 (0.16s)
    --- PASS: FuzzKeystore/04a4c5da2be62172f1e7f33857c871d841980154 (0.16s)
    --- PASS: FuzzKeystore/07f9ef41656d4817847bd3032917ee76201a8d8d (0.16s)
    --- PASS: FuzzKeystore/0818c9754b9f4de332c3323010a53a4bd2e4c24e (0.16s)
    --- PASS: FuzzKeystore/088ad7b74d6f653db0a1a6d1db33fc33c823f177 (0.16s)
    --- PASS: FuzzKeystore/0c6500a25c6f16666e2f7129c2c0603eb655edcb (0.16s)
    --- PASS: FuzzKeystore/0c7135b3f3267c9874f5af320eecc4ee43babb13 (0.16s)
    --- PASS: FuzzKeystore/0c7aa2306596201b10ae559654cda32150b196f9 (0.16s)
    --- PASS: FuzzKeystore/0cbb0e9815ec24a697751b9b9467bdafa75f666b (0.17s)
    --- PASS: FuzzKeystore/0cc236934c588f9b2be4c2641d1c3c60a1d49a88 (0.17s)
    --- PASS: FuzzKeystore/0d52b1ed7d24555bb6a53c8ece719a133ac4222c (0.16s)
    --- PASS: FuzzKeystore/0dac23f829f553986777288ecde3ac3d061e101f (0.16s)
    --- PASS: FuzzKeystore/0e0642e6150ae99dd924511948e7f0abd78fd3a7 (0.16s)
    --- PASS: FuzzKeystore/0fc6433687a852fa53c9d844ce936acac8d8350b (0.16s)
    --- PASS: FuzzKeystore/1053aedfa0b41c1ccfc79d0a551ae37c9895018c (0.16s)
    --- PASS: FuzzKeystore/11602d0e483551a8a54811d956d98d96b6ce85a0 (0.16s)
    --- PASS: FuzzKeystore/11aef99bfab3183a67a0bff994bd4ad2ad783f2b (0.16s)
    --- PASS: FuzzKeystore/11e751137213677876cddcf5c7add2a7cfe1ac56 (0.16s)
    --- PASS: FuzzKeystore/123339f13398af8eaafa92bdfa0f3543cb0ce38d (0.16s)
    --- PASS: FuzzKeystore/12bcc8a6b62d5b11e9d2724c318f6d3516b16041 (0.16s)
    --- PASS: FuzzKeystore/12e67fd140e2aaaeedb1048ecb7bc1666ac357c0 (0.16s)
    --- PASS: FuzzKeystore/132ccf0bbeffce4af8e88c1c38cb67d38432976f (0.16s)
    --- PASS: FuzzKeystore/1480e73bcaef098a7a208b2d6b3b9d97ea50e14a (0.16s)
    --- PASS: FuzzKeystore/155e0c88614d47fcc1aa72abda78139b95ba1bf2 (0.16s)
    --- PASS: FuzzKeystore/174ec5e513d5144d582f0def3949e287d2651856 (0.16s)
    --- PASS: FuzzKeystore/17a94b32f5f3f33227850bb98e291b89d33f08be (0.16s)
    --- PASS: FuzzKeystore/17e1d78ecf4e8a1e5fd6052aa3965eb097e7e4f4 (0.16s)
    --- PASS: FuzzKeystore/17f2e31f37760c5ae7d1fae36754d9ae4dca6d41 (0.16s)
    --- PASS: FuzzKeystore/1b00c18a4b001445579661608dd7a8ad032d5fcc (0.16s)
    --- PASS: FuzzKeystore/1b9b2d2a5a1825168ef07218c31be2c7cba25899 (0.16s)
    --- PASS: FuzzKeystore/1bc6abcd802c5318f2b86bb9c09222ad2acdddf2 (0.18s)
    --- PASS: FuzzKeystore/1d01151d45d27d3239e3fc6f943f674840b3efdd (0.17s)
    --- PASS: FuzzKeystore/1ddc5e848cee083b86af568dca9710407f23c8ba (0.16s)
    --- PASS: FuzzKeystore/1f33c1c473816bcff611eef579935218f70efda9 (0.16s)
    --- PASS: FuzzKeystore/209e401a3b7f094ca45eadb986d92ccf4ba14ed9 (0.16s)
    --- PASS: FuzzKeystore/21716c2707164cd4164ffb84d0afc267f5187bd1 (0.16s)
    --- PASS: FuzzKeystore/2244379ddba65cc4a8f35a3d647105da04f68124 (0.16s)
    --- PASS: FuzzKeystore/2331e9ea3f6a5280a858cab43b052eb71c229c48 (0.16s)
    --- PASS: FuzzKeystore/244dc4f8d3fc16399c85553287928882dae95c7d (0.16s)
    --- PASS: FuzzKeystore/2838fd5e5d0f2ff53a72bcc1690852b8339998de (0.16s)
    --- PASS: FuzzKeystore/294480a6168a52df9bcded3d3531b0757c05f7bf (0.16s)
    --- PASS: FuzzKeystore/2952f2f9f9a72ed3e70c0bc0b34e9a8ad08ca164 (0.16s)
    --- PASS: FuzzKeystore/29a67e9c6b807dd03c39c91a0762fe88d14ed745 (0.17s)
    --- PASS: FuzzKeystore/2a9a1c0348f69b59e8b4a8b8cd14a8ba68f94981 (0.17s)
    --- PASS: FuzzKeystore/2ae5130f3021506e0d9bde8d819b6720f56ecb9d (0.16s)
    --- PASS: FuzzKeystore/2b26cdda4b8592d6dea3051df65c1cc0033cd35c (0.16s)
    --- PASS: FuzzKeystore/2bb2219bda86ca5a348b67ca06b59c5e3235d799 (0.16s)
    --- PASS: FuzzKeystore/2bd623fa3989bb2b6d6f16d750d7233eeacf8c01 (0.16s)
    --- PASS: FuzzKeystore/2cb9edd34e52781ad020c42b9c1f7b7f416f300e (0.16s)
    --- PASS: FuzzKeystore/2dcc59e72bc2df31c393998231bf9f9ec2230079 (0.16s)
    --- PASS: FuzzKeystore/2f669ccf33031b7a713d3b8e4b4a5c0098241b9f (0.16s)
    --- PASS: FuzzKeystore/306e342d197488fd4b5f77c12f52424b0777c086 (0.16s)
    --- PASS: FuzzKeystore/30af0858d7ab624553652773997cbaf4d3b17876 (0.16s)
    --- PASS: FuzzKeystore/3260763ed991378888ab72e0c87c1b5045a9f2bd (0.16s)
    --- PASS: FuzzKeystore/32fe0144d50cd466a152a5f89fa23193e49ddde9 (0.16s)
    --- PASS: FuzzKeystore/337f0c7a536ce0d81bb0c96fc810c4c2accbf1de (0.16s)
    --- PASS: FuzzKeystore/33d91281d0bee42dfa2d183b6365daef688de3af (0.16s)
    --- PASS: FuzzKeystore/346d44c64bce5cf1794b8c7560af187966f233fa (0.16s)
    --- PASS: FuzzKeystore/357702a5050b6cfcddb73db645719ca80ee5bce5 (0.16s)
    --- PASS: FuzzKeystore/36ae7bfa15eea9804b7048a88c65b29ab283a9c1 (0.16s)
    --- PASS: FuzzKeystore/3743b2993df88db0b8edcddef8419cdd57131b8b (0.16s)
    --- PASS: FuzzKeystore/37581c76a07f7e2b0a6810bd53e63c17814f7dd0 (0.16s)
    --- PASS: FuzzKeystore/3a25335ab6e05fb7e1e4bb8769dec48e020f7a7d (0.16s)
    --- PASS: FuzzKeystore/3a8e650b1d492db635436fa5d9325784d5a70e6b (0.16s)
    --- PASS: FuzzKeystore/3b1abbebeaecc75281f515875b372803c4daf669 (0.16s)
    --- PASS: FuzzKeystore/3bd92e29e9627ad80afa8de26e929d8eb5c64ac6 (0.16s)
    --- PASS: FuzzKeystore/3be93f5c3fe53fea85121ce18b83a733e10e0ac2 (0.16s)
    --- PASS: FuzzKeystore/3c2a48808441c342019c29529484a332f3958a9f (0.16s)
    --- PASS: FuzzKeystore/3c8f87a16e18c076bed0f02fe5f39182be3d86d5 (0.16s)
    --- PASS: FuzzKeystore/3d3c8aa5899410923c20ce4c3239327ca328e6a9 (0.16s)
    --- PASS: FuzzKeystore/3dd4f036e66ceeb017acc18b5cc82bf04fc88b6e (0.16s)
    --- PASS: FuzzKeystore/3eda69a34f2586fdf76ab150fd78eb3d9eb55e7e (0.16s)
    --- PASS: FuzzKeystore/3fb97b13a32345f598f181285c7e4b766d61ae82 (0.16s)
    --- PASS: FuzzKeystore/40de25d6e0b7b6e729f73996b7702e11f4494336 (0.16s)
    --- PASS: FuzzKeystore/421e1a8c772c5d85b6de73b466f687b087fb0502 (0.16s)
    --- PASS: FuzzKeystore/43640b7dcdab34d2db2d70f2d1518dd77e51dcfa (0.16s)
    --- PASS: FuzzKeystore/43688cba5c898e8ebed1be05944ffc37f26f86a9 (0.16s)
    --- PASS: FuzzKeystore/444febc6ce047a9c5e49fde631d1bd78436e9810 (0.16s)
    --- PASS: FuzzKeystore/461f3418cc416244c0040511091dac4083964b50 (0.16s)
    --- PASS: FuzzKeystore/48cbf0e48ee75cc6b4456d55f6a17e03082fc0a6 (0.16s)
    --- PASS: FuzzKeystore/48f4275652543a5911393b0af740ec17679da4e2 (0.16s)
    --- PASS: FuzzKeystore/4d11ddd2b071a692193ca58a9d979d5b8a39f6d2 (0.16s)
    --- PASS: FuzzKeystore/4d6ca8474e81f8c64ca142e20e7c38f38c2b8ee9 (0.16s)
    --- PASS: FuzzKeystore/4d89439e0ff1ce28ea12e712c5ee6d0975fe9c2c (0.16s)
    --- PASS: FuzzKeystore/4eed4e824aaed1593109ea8ce13941e1e54d878b (0.16s)
    --- PASS: FuzzKeystore/4f0542a4d223b99779d56fee05167469261c7760 (0.16s)
    --- PASS: FuzzKeystore/50199355ec8417d1855b21a072b5923a38a96da0 (0.16s)
    --- PASS: FuzzKeystore/518f31f42b8e2880e697fed80b04ba9cdee34e56 (0.16s)
    --- PASS: FuzzKeystore/552175c255ff851eb95db62f7c35895e79030ea4 (0.18s)
    --- PASS: FuzzKeystore/5541bb2e34a6121ae5d7927a12d29bee80e22e5c (0.16s)
    --- PASS: FuzzKeystore/5583581fb79877e9fe7a7cfdb9bcb81692f935ca (0.16s)
    --- PASS: FuzzKeystore/560aab9439e0b3cf3d83e598e11007754276736a (0.16s)
    --- PASS: FuzzKeystore/566d97fe77ff852ee3ebaaee6b74a5a4c7592245 (0.16s)
    --- PASS: FuzzKeystore/59900cd4790243a658a9c79df8d90638ca9b8588 (0.16s)
    --- PASS: FuzzKeystore/59fdccbf505ceb3b2d0f4d193ca5c7711113c2d9 (0.16s)
    --- PASS: FuzzKeystore/5a35c4c6eb8b795823727d87f7a81a0e9db6b19f (0.16s)
    --- PASS: FuzzKeystore/5ac6761d09cdea9d618e9f9df5687bd67dded8ad (0.16s)
    --- PASS: FuzzKeystore/5b50928855e692f463f3578c5f95bb8bf74bd42e (0.16s)
    --- PASS: FuzzKeystore/5ba93c9db0cff93f52b521d7420e43f6eda2784f (0.16s)
    --- PASS: FuzzKeystore/5dcd0f2b446629120755160b102a0e5c50d7e652 (0.16s)
    --- PASS: FuzzKeystore/6277459c4c574b227f499df37e94fc178c1b9498 (0.16s)
    --- PASS: FuzzKeystore/62c3af5c3f8a8f4ad95523142ca63526b8b8fa8a (0.16s)
    --- PASS: FuzzKeystore/62fe3ab00dc2ddc7ddacd75f6d875efeb03e66ae (0.16s)
    --- PASS: FuzzKeystore/64c29dd5b84e1786b11478272b1b2140aac6ea61 (0.16s)
    --- PASS: FuzzKeystore/661d7ccabad4e2083abc647c139dab76c6e81847 (0.16s)
    --- PASS: FuzzKeystore/6631d92c5b244c8c9b0e825a821bfa01f87b129d (0.16s)
    --- PASS: FuzzKeystore/67ef8a8075ad82a9ca417aac85f8f8cff43d0a13 (0.16s)
    --- PASS: FuzzKeystore/68131e11f757f4be90f77e3fe10d247aa145954e (0.16s)
    --- PASS: FuzzKeystore/6855e9c24154570554a6188e7b4ec0680cb8d228 (0.16s)
    --- PASS: FuzzKeystore/68a1f901f28c7b82f7d1fb6f41ca6258ebe15386 (0.16s)
    --- PASS: FuzzKeystore/69ca1bd71107a4086f7e61f81c39db77cfd3f804 (0.16s)
    --- PASS: FuzzKeystore/6a3c8cd397d45afb1662620990837dbd8fe037fa (0.16s)
    --- PASS: FuzzKeystore/6b4178eb2765909b12fb62a759a250ecb219d9cc (0.16s)
    --- PASS: FuzzKeystore/6ce673c9c2b5a7595071ac7688473fb8e4b8b764 (0.16s)
    --- PASS: FuzzKeystore/6d63f63c1796ca200c2f12037875370ae59b41e2 (0.16s)
    --- PASS: FuzzKeystore/742b70cf8e533ce1da4e13590ef85f4ef5aaaff7 (0.16s)
    --- PASS: FuzzKeystore/753b97ed92c9f79e589edc068c6be072dd04c0d1 (0.16s)
    --- PASS: FuzzKeystore/76b8e2c18b131c3d841c4dcb9ea84f59ac4e5bcc (0.16s)
    --- PASS: FuzzKeystore/7743eb426605824ac001224debf0d3e3c8afbec9 (0.16s)
    --- PASS: FuzzKeystore/78f0e49cb6e1aa97d62a30d402c216bda84ee48c (0.16s)
    --- PASS: FuzzKeystore/7a89633abb7234148ee8d284e02076f3c84ae078 (0.16s)
    --- PASS: FuzzKeystore/7af6f1c6c6a04b5f77368e5e53397aad23a61fa0 (0.16s)
    --- PASS: FuzzKeystore/7b74bed8195111921dc24863f1ac8fc6162be9d0 (0.16s)
    --- PASS: FuzzKeystore/7be0c6a0f3dd39ce5b60d7eab4a577996eae5176 (0.16s)
    --- PASS: FuzzKeystore/7c70531747df17fa44686464aaf59896a1bcf7f9 (0.16s)
    --- PASS: FuzzKeystore/7d02405ce98ccd11398213f772cff42831239691 (0.16s)
    --- PASS: FuzzKeystore/813aca713a2ed2c22e4871fb41b55a615b79f246 (0.16s)
    --- PASS: FuzzKeystore/836adc5637c4320983016c50c1c3625f9f92ce1a (0.16s)
    --- PASS: FuzzKeystore/85ea8a7e25fab0af0275c0c62954cc5f776788d2 (0.16s)
    --- PASS: FuzzKeystore/860f4310a9db9eb8310ee392503fa463733d2f91 (0.16s)
    --- PASS: FuzzKeystore/866d45008c7c0706d17de1eb5c1b115cf9e5eb15 (0.16s)
    --- PASS: FuzzKeystore/87380298f6d993cda98e88adca532c8c936da32f (0.16s)
    --- PASS: FuzzKeystore/873cf043b615764327ddb323a115dc45e2b506c7 (0.16s)
    --- PASS: FuzzKeystore/874ca8539e94bebaaa5fd16317b91e52ee98ed4c (0.16s)
    --- PASS: FuzzKeystore/884d7487f420ef29f05555db69446511f02e4e83 (0.16s)
    --- PASS: FuzzKeystore/88eca5a68b93b2daa07dd895e48c8d1c452cf24d (0.16s)
    --- PASS: FuzzKeystore/88f7277cd9ce5a0ae131c7cb326f7224044db144 (0.16s)
    --- PASS: FuzzKeystore/8c0abc359bcc44ab60facb1cb062e31d4cd0b51e (0.16s)
    --- PASS: FuzzKeystore/8dcc8874f382788fc4fb7cebc6b1187124723f94 (0.16s)
    --- PASS: FuzzKeystore/8e8a700c76100d44e91202bf35e34720e96a9f16 (0.16s)
    --- PASS: FuzzKeystore/8f48effbb3eb9b566665a2b815a8b6748a3e3928 (0.16s)
    --- PASS: FuzzKeystore/8f72aa49bf8363fa673b61611a8b9c5d0beeb059 (0.16s)
    --- PASS: FuzzKeystore/8f8c25cb677cdb42ceb30af49cc4df2a3497eff8 (0.16s)
    --- PASS: FuzzKeystore/90422d11a5568c953a1c4cc3a39bd62090bf2500 (0.16s)
    --- PASS: FuzzKeystore/925b790e351bf36de4dce6cf6a3ca02662673d74 (0.16s)
    --- PASS: FuzzKeystore/98cf8e8531f2245991bb2089d1470d98401fc42c (0.16s)
    --- PASS: FuzzKeystore/9a54fb97c3498754bd9bd98f37b5e9a87b2453c4 (0.16s)
    --- PASS: FuzzKeystore/9d036b062a4f17603d354b0585905c298cb4da0c (0.16s)
    --- PASS: FuzzKeystore/9d0e9be3ac9e6d137af25bddd5fd0cefbdca65ae (0.16s)
    --- PASS: FuzzKeystore/9deaf2cd3f39107f2f9166640ea11aef74c88faf (0.16s)
    --- PASS: FuzzKeystore/9e2facf6649c9793ddb47ff8364aaf2025de2d44 (0.16s)
    --- PASS: FuzzKeystore/a0a2719748bad51dac53894f4e2a26fb9251750b (0.16s)
    --- PASS: FuzzKeystore/a119e4134d560e2c7c5fdc2baf820d7d107c11ca (0.16s)
    --- PASS: FuzzKeystore/a33ea5940a692783f91d01bf32892167c55bbe13 (0.16s)
    --- PASS: FuzzKeystore/a41fed2c0730a362bee2c8b5f53050991856a29e (0.16s)
    --- PASS: FuzzKeystore/a43e25215da5d28d4fc580cbb395f5f6a5b1631a (0.16s)
    --- PASS: FuzzKeystore/a50835ae829305d8476b73ac6a1ce714805d931f (0.16s)
    --- PASS: FuzzKeystore/a6780d06de484bcb8ac6bab231478b730828497c (0.16s)
    --- PASS: FuzzKeystore/a848ed632bb6320d4945fcd20c7e6316ebb2bae5 (0.16s)
    --- PASS: FuzzKeystore/a9a0263ab610de1f797401d56da36a51759ee563 (0.16s)
    --- PASS: FuzzKeystore/aa569ca7d78425bae064b1b9491d21c4d0974653 (0.16s)
    --- PASS: FuzzKeystore/ab4a886f6da04749f220d83cdccceb0e2989a66c (0.16s)
    --- PASS: FuzzKeystore/abf99d35d55ea0136fb80b12d799590fb69c2473 (0.16s)
    --- PASS: FuzzKeystore/acfb13a122f675c992dfc700d389610533f67bc8 (0.16s)
    --- PASS: FuzzKeystore/ad3bf85e62685b783ca3c2409d457a0143589ec8 (0.16s)
    --- PASS: FuzzKeystore/b0861007e4ca7356eb074c1b8dc8a0989e369b65 (0.16s)
    --- PASS: FuzzKeystore/b19542d27b38de580bebb13201995bf0c6fcf34e (0.16s)
    --- PASS: FuzzKeystore/b1c6a55d75c92e56ae4da3948a02a6cb929fe129 (0.16s)
    --- PASS: FuzzKeystore/b243b96ef212ef17d602393ca74edc98d4f57654 (0.16s)
    --- PASS: FuzzKeystore/b29c18c9d106c5e54eaf9f811155196aa3830e00 (0.16s)
    --- PASS: FuzzKeystore/b52a88778963a0f8838b8e08ab8aae4fe2b5d437 (0.16s)
    --- PASS: FuzzKeystore/b549cf7b001c9dd98b38e58b59f543c332710c72 (0.16s)
    --- PASS: FuzzKeystore/b58d45ccb9212a626c4d3aba39dd3c2494c84c4a (0.16s)
    --- PASS: FuzzKeystore/b5a5d6a0d3b10a4a0cca077f19288fe535eb705c (0.16s)
    --- PASS: FuzzKeystore/b67bf25a05fee7e7a63b11901997cfd46b0d4606 (0.16s)
    --- PASS: FuzzKeystore/b73103ece5f8fd1f037af7aad57009212d11e99e (0.16s)
    --- PASS: FuzzKeystore/b82872d22e746831344ccf4be3b2cbb52499d8d0 (0.16s)
    --- PASS: FuzzKeystore/b856a8a522203076fe23d635dc4e6b08553966bd (0.16s)
    --- PASS: FuzzKeystore/b8bec6c76b454f11ea51a48bbfd8810972ff103a (0.16s)
    --- PASS: FuzzKeystore/bbc0aef224b576ae9c6b6b35057dddebdcc944da (0.16s)
    --- PASS: FuzzKeystore/bcc5f42c71d7a3e67548529ce09d69cda557e655 (0.16s)
    --- PASS: FuzzKeystore/bd030f8b00c37e07dbd39396efc961ac67d0af01 (0.16s)
    --- PASS: FuzzKeystore/bd4a2e7eb5cc05bda949c868ee20fc0be9435a05 (0.16s)
    --- PASS: FuzzKeystore/bedc2ffe6a34db487c6ed68ec6b5bb9989be846e (0.16s)
    --- PASS: FuzzKeystore/befcd9055bc8dafbd93aeaaa532edf1006bae006 (0.16s)
    --- PASS: FuzzKeystore/bf098db1399ac3768fb798819924af9b54595287 (0.16s)
    --- PASS: FuzzKeystore/c10b563de6514530f1a57fc9946d7dff807107c5 (0.16s)
    --- PASS: FuzzKeystore/c12144ff22ff7e1ffac9087defd83598fec9293d (0.16s)
    --- PASS: FuzzKeystore/c25480947edafb3ac6225fad391687b8095d0b29 (0.16s)
    --- PASS: FuzzKeystore/c3a490c11dc8b7d16d43b39dafc78282913a6e2e (0.16s)
    --- PASS: FuzzKeystore/c5612fb384337525bc32d3310ced31158e82abc4 (0.16s)
    --- PASS: FuzzKeystore/c580e29d414ec116fa0619a1229f9ae7b095393d (0.16s)
    --- PASS: FuzzKeystore/c5e153734990b880fc4087fbba55c675823cf83d (0.16s)
    --- PASS: FuzzKeystore/c75334ce56c963a24b0f34c2ea3f081bc4fbb6e7 (0.16s)
    --- PASS: FuzzKeystore/c8009bb6b6c3e142599e5cfc0872a0d8262ea998 (0.16s)
    --- PASS: FuzzKeystore/c8dd376a5b8f22624e73059b752466a417ed96be (0.16s)
    --- PASS: FuzzKeystore/c91f03a7fa953265985f125dde407e16ab474f93 (0.16s)
    --- PASS: FuzzKeystore/c9bac3303ec3911739a4e6b47c828cbd44db28a3 (0.16s)
    --- PASS: FuzzKeystore/ca2c101cecdf90070609b66f981e0d115baee575 (0.16s)
    --- PASS: FuzzKeystore/caceea4238b2b9e692f1aef6b11d07e92b284b43 (0.16s)
    --- PASS: FuzzKeystore/cb6da45d87eaf94b44ae32e790efdf0da4a445f0 (0.16s)
    --- PASS: FuzzKeystore/ce14020c85cbc8a667b2395926f09ddd63f4ac8c (0.16s)
    --- PASS: FuzzKeystore/cef648474bc538c0dd54bff4aa128adf8a4735cf (0.16s)
    --- PASS: FuzzKeystore/cfb03ce8ddfc64341b284d06d145604de63c0696 (0.16s)
    --- PASS: FuzzKeystore/d00ff4b8adf0f542c1406754d986f708abb5407b (0.16s)
    --- PASS: FuzzKeystore/d0c1f5344fbc12b0acbde1fd512451455c635fce (0.16s)
    --- PASS: FuzzKeystore/d13c90e2cb03a2199d9a05bd00fbd368dab79145 (0.16s)
    --- PASS: FuzzKeystore/d2ce982abc316ed3f0f688480cdd77556155218e (0.16s)
    --- PASS: FuzzKeystore/d3a8097091f7f8c34d8490bf0de854a38a1600e5 (0.16s)
    --- PASS: FuzzKeystore/d4a7a671eea781bd530c1188c6e2b4d80a751cf3 (0.16s)
    --- PASS: FuzzKeystore/d4b5ed4644272fc86b1392cc853342716b763e21 (0.16s)
    --- PASS: FuzzKeystore/d4d52fd5010096bcadba6ca1e29c76e437ad789c (0.16s)
    --- PASS: FuzzKeystore/d50d31aee84b95d8d5d2ff5231ce00b1b20580e0 (0.16s)
    --- PASS: FuzzKeystore/d547fe43b97ee02301ea7da0d607d84b07e3513d (0.16s)
    --- PASS: FuzzKeystore/d5b1b55eb63214aa34ded9d52e7f738a3d4b6465 (0.16s)
    --- PASS: FuzzKeystore/d5cd22b704859abebc213218dba59451c75e0575 (0.16s)
    --- PASS: FuzzKeystore/d7c7a480ab5a18a0c756af763fa2c7c23005b49a (0.16s)
    --- PASS: FuzzKeystore/d99aaa5b6780621087d196f3b6af9aea33cea6af (0.16s)
    --- PASS: FuzzKeystore/da5799dd40db6e89c773e290e87c07bbae588877 (0.16s)
    --- PASS: FuzzKeystore/da7ee946d64ce9799618a2405818379ddb881b54 (0.16s)
    --- PASS: FuzzKeystore/da81448bdbfea9b48693e2f79d997f94d1ebc284 (0.16s)
    --- PASS: FuzzKeystore/dc5a9d96fcd82b7d61a224a3e1d61c0c8288c51a (0.16s)
    --- PASS: FuzzKeystore/dd2174aa86f077bb5d71861d98420b42e67b5d76 (0.16s)
    --- PASS: FuzzKeystore/df4819fd5bf04422deaa058256880e49824a59a7 (0.16s)
    --- PASS: FuzzKeystore/e0e35718ea3f89680708bd693c248b14158c2fe2 (0.16s)
    --- PASS: FuzzKeystore/e0f9cc5112e7e0347fcbe36749bdb9c0e7a3ad00 (0.16s)
    --- PASS: FuzzKeystore/e202ac583f44f0cf9866fbbc4351faa85bb39594 (0.16s)
    --- PASS: FuzzKeystore/e207dd9e8a7eade93f50066ca303585a06c75dc8 (0.16s)
    --- PASS: FuzzKeystore/e23ee6468b4cc21ad91878b2ba77336a8eca40a4 (0.16s)
    --- PASS: FuzzKeystore/e6690c997a827c6c60aa8397e88070d00b7c7c9a (0.16s)
    --- PASS: FuzzKeystore/e9dfe843b05fa23f16dfe50611ad4ac81a7d0149 (0.16s)
    --- PASS: FuzzKeystore/eb6e78b8fec26430e1f29bee3b6a86e79d8088f4 (0.16s)
    --- PASS: FuzzKeystore/edd87a7d8d1ce8ce8b51d4325ca836aa535bdcc6 (0.16s)
    --- PASS: FuzzKeystore/f17ce27b6bdbb15d38d765831d6e5f79b3a2e44c (0.16s)
    --- PASS: FuzzKeystore/f1f82555dde2ab50183ecc8322f4f5965ea4fcf4 (0.16s)
    --- PASS: FuzzKeystore/f4249aea16cdf5ad8833ae7cb17ef0c3236fb5bf (0.16s)
    --- PASS: FuzzKeystore/f500441877cac3843624c635ed50260c87335da3 (0.16s)
    --- PASS: FuzzKeystore/f7243481999c18e31dfceb69d836681d751cdc02 (0.16s)
    --- PASS: FuzzKeystore/f7e24306686cc19ef771a2b548bf72cc2c09cf20 (0.16s)
    --- PASS: FuzzKeystore/f8cd4bb3bf63b4bcc9a4d316005b807ff6899145 (0.16s)
    --- PASS: FuzzKeystore/f981211d871748e5ba3c98ff440847643ca4c565 (0.16s)
    --- PASS: FuzzKeystore/fa7a7b121c34dda468df11443a1357e7855a1d6c (0.16s)
    --- PASS: FuzzKeystore/fbe4656c9bba361b7d5534eac02c475d126aa14e (0.16s)
    --- PASS: FuzzKeystore/fd33edfee408dac396629d8ee59a3476da81778d (0.16s)
    --- PASS: FuzzKeystore/ff8c7091a3993cfcf656b533c5833d10a3e62efb (0.16s)
    --- PASS: FuzzKeystore/ffa80aea9ec499e1e6e8452eb9a42ee5d42e8ab4 (0.16s)
PASS
coverage: 75.0% of statements
ok  	github.com/morph-l2/go-ethereum/tests/fuzzers/keystore	39.396s	coverage: 75.0% of statements
