=== RUN   FuzzTrie
=== RUN   FuzzTrie/0055f3044f128ee5772165d4bf5c287327e62665
=== RUN   FuzzTrie/006d95c579b89a77ab0bf472526ede7cbdb41baf
=== RUN   FuzzTrie/00a48bc57dcd64957a9eef9ef0ee73d7ed785596
=== RUN   FuzzTrie/00ff74ab1e70be7f8d2a203921b5dfc8f270f43f
=== RUN   FuzzTrie/02cadc07513ed9501875066c0d75fbf3299fc8ab
=== RUN   FuzzTrie/031e84d77dee3e78e33c6345177c8922213b05ad
=== RUN   FuzzTrie/034f5dec1da6b785dff8beac79da5d59bfa165b9
=== RUN   FuzzTrie/038ca250777ec88554d8ff5fcb1e20d0e9aea947
=== RUN   FuzzTrie/045f98527440166268eac5a4660dfb4fed6a9327
=== RUN   FuzzTrie/046cabc4168b3bdf2fb68bc20ec9519ff331efac
=== RUN   FuzzTrie/05e1e71c41f530470c0e7eaef466f5d50750bd2b
=== RUN   FuzzTrie/06012c19605a64353a73091893f8e579f5468338
=== RUN   FuzzTrie/06461db74846d1b5de40718945a4ff83f4230add
=== RUN   FuzzTrie/06bcdf94b8c43ca77fbea7621d3fdf25f9709350
=== RUN   FuzzTrie/0888df2b75de2e2f6192e428c889e86f70f4a625
=== RUN   FuzzTrie/0b8e2821278efe115add4cbf318d15ec53556488
=== RUN   FuzzTrie/0bc1f3531f322402ab2692960d32710f272a71dd
=== RUN   FuzzTrie/0c00f120acaad5e5e80c70ffdb15e145aa57438f
=== RUN   FuzzTrie/0daea69217df17d676448b50e349176686455b57
=== RUN   FuzzTrie/0e3b4a9c92ecb25824501650921352b5c0ed23d6
=== RUN   FuzzTrie/0f9e762868f579935d798615e53410453b18d7b2
=== RUN   FuzzTrie/0fb95e6852942097bb43aae4fd005668c78731fa
=== RUN   FuzzTrie/10bedc961a2ce913a0825ec6eef65fe8428eca11
=== RUN   FuzzTrie/10c26c6bed799c41114d425a91b01a0afef7dea5
=== RUN   FuzzTrie/113f5e63bee0d9216fe30d88fffaf1b263f64878
=== RUN   FuzzTrie/11aa3e8785104a540dd13c321ebad3a5b173f0f5
=== RUN   FuzzTrie/1216aa524aef75e75aa9214fb78ad1ac3ba1e34b
=== RUN   FuzzTrie/134d62ce658ef60987d83d13d13bd0281fdc2412
=== RUN   FuzzTrie/13b82d5963d2f27fa9e0961340901b47c6814f2b
=== RUN   FuzzTrie/1527b441145632ca28545b220e8686491ad7a212
=== RUN   FuzzTrie/1536f29174928d17ff7bbbd39e1dbb4f7a3a84d4
=== RUN   FuzzTrie/156884dbdb608c6766869b16ab016f58fc7d4bb6
=== RUN   FuzzTrie/156e32337ad848564dacb5ed9b441d927643413f
=== RUN   FuzzTrie/15716befe3d7eb4c1d40fc29dcce5f26dcf71c7c
=== RUN   FuzzTrie/16208eab1ecfa727532b240819721547c14db7e8
=== RUN   FuzzTrie/16a473a24c9ac27e50ad5f1fa9956e8a00b4b764
=== RUN   FuzzTrie/16c7f80216d48dce1df9c01aaaccc119f949d736
=== RUN   FuzzTrie/16f71c43e481039d54a68774cb0b9594ecf14f62
=== RUN   FuzzTrie/171cc5dfc873ac91a02e9af999877082cecb6669
=== RUN   FuzzTrie/1759bacb447c26e31d9e44599fcc05ec43793dda
=== RUN   FuzzTrie/1849441d1cfc29a546b90344e00c646d95b91b37
=== RUN   FuzzTrie/18df443d05d235293a6f83de6ee36621dfd99252
=== RUN   FuzzTrie/1ad665d788f9298ff0df81fca805b6f980f62f1a
=== RUN   FuzzTrie/1bc03d5e42d201e6c9c8d58381e30f73ef28f574
=== RUN   FuzzTrie/1be279d59421afeb35ae673a2bb077368e074e0f
=== RUN   FuzzTrie/1be797138a714c845f3b6401fb4aaed7c89f8a05
=== RUN   FuzzTrie/1c2a1deb879a565ed49bb96fafe65b654bb31e71
=== RUN   FuzzTrie/1ce51478c3d0fb3bc0544777de935ef665c6f749
=== RUN   FuzzTrie/1d7d1c456172362aded151d22caaf78401333286
=== RUN   FuzzTrie/1e9ec1e6279f58cf3090709ecc80f95f403b03d0
=== RUN   FuzzTrie/1eab916a86a86bfaadb97d2de5c3235bdca4ef07
=== RUN   FuzzTrie/1ef0ab01fcc1aa3872e4ee1f77d50432c13e7492
=== RUN   FuzzTrie/1f7c4d7acce355afd03fe1cfc2b90c8e656d3e84
=== RUN   FuzzTrie/219751565b39d71543b857e6450d2dde2fb11818
=== RUN   FuzzTrie/21ddd25da382c0c30854dba51ab70471093685b5
=== RUN   FuzzTrie/21de6fd86ab34cbb7d7514ff8cb512ab6e28354c
=== RUN   FuzzTrie/220e2b7ad81b17324eaf2820f1d45d513801ac22
=== RUN   FuzzTrie/22a61522cf5fd6048ce1e508404d323462714656
=== RUN   FuzzTrie/22cebcf13aac2d88be3987615de5bc4f94f10d8b
=== RUN   FuzzTrie/22cf5e09862a92f4eba3e1924136d222a2ae0101
=== RUN   FuzzTrie/23d08563ea90779090595c09648cece7ed50d3b0
=== RUN   FuzzTrie/2416dc3f221815c55800396fd6b6d8071b615a38
=== RUN   FuzzTrie/24e72ae1bfec74d0cd532012eb5575ebd0978514
=== RUN   FuzzTrie/2556f0cbb046f297fd714f58caed45ea5c876e58
=== RUN   FuzzTrie/26dc3bc1ee6f1743289c3d3cf1814d58af281992
=== RUN   FuzzTrie/26f629c90af379dc3170386164e0296e9d0787eb
=== RUN   FuzzTrie/2729f505bd70fee72a6e39cdcb9bd04b3e4d7d0a
=== RUN   FuzzTrie/27477aa234ee288ea7496b6f40b97f1f71f0ca52
=== RUN   FuzzTrie/28aa5ef4bc694090a19a4fba9779ad0bbc88fc97
=== RUN   FuzzTrie/28aa6cf2b552a2912d28ddabf6d5958d2073053e
=== RUN   FuzzTrie/2960439b1d86a7e450d55aa776620a6d941dd1f3
=== RUN   FuzzTrie/299438d912e320d7cab632f70b0ae3b9f5192364
=== RUN   FuzzTrie/29b093720903f5c8805e1fb83b2b67b0a1a08324
=== RUN   FuzzTrie/29b85165320ee6fa17cff44b2bb9951bf8767d0f
=== RUN   FuzzTrie/29d20e646b4fb6dfe5ccab100d5ba845fd07c03c
=== RUN   FuzzTrie/29ff608831a5b4aa4a1d0d74aa8d3f654038525d
=== RUN   FuzzTrie/2a982c3b1b1f6d0e28b1d2a59a5f129cbef11651
=== RUN   FuzzTrie/2b03332aa79c71a2074d229e12ddf871bf4b24a8
=== RUN   FuzzTrie/2b9c68b73ad6a20b0b5224d073be189a45a229e3
=== RUN   FuzzTrie/2c066afc6876361513882f2148fafce7537976ce
=== RUN   FuzzTrie/2c4480348ac8d89bb60c0109f7cb6b2b91729a57
=== RUN   FuzzTrie/2cae3a369ed85f7de1a64d56302b8be38e6c64f4
=== RUN   FuzzTrie/2cc826075ee6c4053cee1243034ba6eed6bb116c
=== RUN   FuzzTrie/2d631ebe5cd63dea0d58aaf773326ebdd833b053
=== RUN   FuzzTrie/2f50fffea353acb88c38af80bc1a24517b6701d4
=== RUN   FuzzTrie/2fe42ddb122c43d85e2c7f12682c7f1b425d13d5
=== RUN   FuzzTrie/307277af22b4a0f9078e6df37467d61eed303a3a
=== RUN   FuzzTrie/309daec3e09cc417199802f414db23536726ad51
=== RUN   FuzzTrie/31ee1b9945e347dcb4ae0c5135c6ec61b7ee1754
=== RUN   FuzzTrie/322874d5f4e2f14ed0418e64359bdcf98279d2b0
=== RUN   FuzzTrie/32d4805230f84daa2286c604ab3828fb6602bf78
=== RUN   FuzzTrie/3305dd0eeeb7435c935b5e200081bfd2c450aaee
=== RUN   FuzzTrie/333b8c46a999edda8292796c3a5583955ec44c97
=== RUN   FuzzTrie/346322af46a10a0a675e26455a2f8cab62b7870e
=== RUN   FuzzTrie/34ffa6349b0368eaae4f8f741b853f9c74e5b3f1
=== RUN   FuzzTrie/357a771b37275618ed0623491e1a6e31a2c4a6c9
=== RUN   FuzzTrie/359d52186c4482ed25d3e31ac45a385882a49ea8
=== RUN   FuzzTrie/378307437b7f9a219f4b6d054be4c3af1a1f2b27
=== RUN   FuzzTrie/37ef4a498976cb99378b6c4a5c801a30a6dc387e
=== RUN   FuzzTrie/38a1fc5ddd649e7a8bcb52bad065a19236b5c8d4
=== RUN   FuzzTrie/3a56b270d8f73a8206234b6032b3e670297aba12
=== RUN   FuzzTrie/3aa305ffb38753a2c31249c982ccffe675966556
=== RUN   FuzzTrie/3ab0eb6debe5f9685d316328fa56262b24505758
=== RUN   FuzzTrie/3ac1c0b0c675c345b6573fdd994e89f11112a6c5
=== RUN   FuzzTrie/3b1d31698f67c70d509a2e7dae99d9a0bdafb580
=== RUN   FuzzTrie/3c531a6e9d71acf790d3870fa5e08a07abeb2b0f
=== RUN   FuzzTrie/3c5eca3590062a68fbde683081ba58efe7cbd54d
=== RUN   FuzzTrie/3ccbea9e9dcee441a398f4020d4cff613c16c885
=== RUN   FuzzTrie/3f4a20a3c89171ac276fe58fc3367bfb604bd7f3
=== RUN   FuzzTrie/405474eaadbcd35b607743025f131dfb3b63c26b
=== RUN   FuzzTrie/40d615d3031e1ab40d5cefd0fe452628595a0d9b
=== RUN   FuzzTrie/416994ab524e16e5ce01e42f088a0c406d622f46
=== RUN   FuzzTrie/41754673590fbb60b5c78e0520686a9ec1b86de2
=== RUN   FuzzTrie/42721c36783ac90f7571b91042785aa7ae836565
=== RUN   FuzzTrie/43e91dba690db95c7b51e941deeffa849fc69c20
=== RUN   FuzzTrie/441eea06fa38775a694c86520b1b26b1077c1f77
=== RUN   FuzzTrie/44a9a89bb639ad84eff797c864c7580f51e1a3c9
=== RUN   FuzzTrie/4541e75bfb7e0d39f62868830b603316955cb360
=== RUN   FuzzTrie/45983fdb9b145b2e48a1d943aeace170b140de97
=== RUN   FuzzTrie/45fc1929ff61ed33bc1a80d594781c7e6cd6a7a8
=== RUN   FuzzTrie/4625d6446a42a1035ffdf3dde80a205c615b8e55
=== RUN   FuzzTrie/474eb616851d52b128e911564e94fb14a619bde9
=== RUN   FuzzTrie/47d76856f06544dbb5d30a30945d48c0d510dd0f
=== RUN   FuzzTrie/491c6d684172660b5ae84676e4875ac329a96a7c
=== RUN   FuzzTrie/491f62862c89f4afc009946c05dcf9e2ff157b49
=== RUN   FuzzTrie/4a6a4349f8ab8a1cf41bb0e5acec12e2c284c93c
=== RUN   FuzzTrie/4a7f2562b4d37882bbbbf0a39b7fbc77c252b40c
=== RUN   FuzzTrie/4bb1ff7ddafc5fe9eaf8b6810a138e48b229fbf1
=== RUN   FuzzTrie/4c25c59559fb49d894fc929b49fc2b3a209d38c6
=== RUN   FuzzTrie/4c6f00cf9c738a7a01c55321ae87e8cbb5c72af1
=== RUN   FuzzTrie/4d3c25291045b32d52d142d5abbd4fc356f37659
=== RUN   FuzzTrie/4e98ac7bd18399c653b0930409bb0eead67caaf6
=== RUN   FuzzTrie/4ec7e7889f02e43e1c8ebfda84d1bf50adccd649
=== RUN   FuzzTrie/4ecaac0461ef41102901695745b7c3b96f261756
=== RUN   FuzzTrie/4f200d38cd776f0830b9dac84ebb434c6db8ee9c
=== RUN   FuzzTrie/4f2a66735a3574f294f56a9188fcbbe73e1c50f2
=== RUN   FuzzTrie/4f734efe9ea123f33bb01225f375524fff324940
=== RUN   FuzzTrie/4f9197a880858c25d458f6b5d3fa34047b6acb4d
=== RUN   FuzzTrie/4fc9d2cb3e655dfcb7ee69fe434de0d8b7fbc3a3
=== RUN   FuzzTrie/51e3c8e502c42f64141c051251b20ce58380c5de
=== RUN   FuzzTrie/525f8f50ff0daa0e31044a1aa7bad5d8d2f0394c
=== RUN   FuzzTrie/52697bfe84845e933f68deb968856b7a624e7305
=== RUN   FuzzTrie/52801acc6905ee2f2aedbec555f9e103d6360282
=== RUN   FuzzTrie/535515464ea371938a3f546f258aff4631efe100
=== RUN   FuzzTrie/53aaef80321168fe47eaa52bc5ab0455cfba666a
=== RUN   FuzzTrie/53b4dd3b1659344240fd3b77bd3968d906cfe25c
=== RUN   FuzzTrie/53ed0e5eab07128269575560d54d54ae1322f37e
=== RUN   FuzzTrie/554f06924af6a373ae4631dfc7d174609e401ddc
=== RUN   FuzzTrie/56e56ef3ab2e69c41e1703e8fc06b2adc14f3b52
=== RUN   FuzzTrie/56f5a6a6a73daee2cb6ef8199f930fe4ddf63004
=== RUN   FuzzTrie/573292cfb9c2c05b697bec0950fe57ea48e460fe
=== RUN   FuzzTrie/577e44f65b4dd49636198d60185bfebf977ed9cc
=== RUN   FuzzTrie/57a6f13440bbebfb6e14e43d289f10fef5dc1d1a
=== RUN   FuzzTrie/58070bfb5e228d8e3bff22d2b27cd30768e055f4
=== RUN   FuzzTrie/583bd118c408e4352efb9fbbd0274fb5c56026b9
=== RUN   FuzzTrie/588bee941db1c93e9a9e3a96ea73808f25b82d85
=== RUN   FuzzTrie/58af0499bc38202fe72c4f248bcba02b2af6b918
=== RUN   FuzzTrie/58d5e3e691864448631bcbd2f661fe939ed16b3a
=== RUN   FuzzTrie/590ee9a31e0ea55b82a280cd1c2fbbf866f3242f
=== RUN   FuzzTrie/59f969fe26df885aa2df4f4e729acc353f104d85
=== RUN   FuzzTrie/5a15faf503c1c19e9f29cd160fd42c1e122253ef
=== RUN   FuzzTrie/5a16a8764bfa221b53668aa6254def812ca64bff
=== RUN   FuzzTrie/5ac0fa10ca208f895dfc55fb5db5454fc577ced2
=== RUN   FuzzTrie/5bac3bbdfa89c985346ae6f55c7ffd63aed125de
=== RUN   FuzzTrie/5bf2e771b9b46bf481068703005eae2e0d463c48
=== RUN   FuzzTrie/5c2cb20cb7cb0d0adc6fb03439e0c6decfbe7939
=== RUN   FuzzTrie/5de17c69cb555622fd255af02c73dc3dd548f558
=== RUN   FuzzTrie/5e4104bce90b5e16b111348c7518fce1dcae6ca6
=== RUN   FuzzTrie/5f135098ac51e6977e8d6761281231c3b8b67a27
=== RUN   FuzzTrie/5f38763064c4b5363322e4ab84ad89a22458ca28
=== RUN   FuzzTrie/5f5f4621e31a5da16546b282dcd376f43f23a130
=== RUN   FuzzTrie/5f924c16a8da6ab70c8ba156eb23d576a435cc08
=== RUN   FuzzTrie/5fc9ac74a8637c1502217613c8acab2de4818e36
=== RUN   FuzzTrie/60c67ba97a7eedd1f5eee68075da9fe4a19748e3
=== RUN   FuzzTrie/614a173767c664c2877223492a1992dfb5af8d4f
=== RUN   FuzzTrie/619785fd24f9809d388e288dd2ea817f1127abbc
=== RUN   FuzzTrie/61ac3a5026f308385c662eb50e51a65c51f1b588
=== RUN   FuzzTrie/62079906149a1722173562c081b798596005d8ff
=== RUN   FuzzTrie/6215536db5606bce553845791f5b439ed241e1d9
=== RUN   FuzzTrie/62b4a7a7eea65eebc75bd870393aea7a660b6683
=== RUN   FuzzTrie/63aff8c62e12e410d3e9b0754c0e71770a39d79d
=== RUN   FuzzTrie/63b40ed5db9034711271ca66663dbcd2365fc514
=== RUN   FuzzTrie/63d567fddf46db3583864f2132748e92db53e201
=== RUN   FuzzTrie/6507e74e01b5003419a5942ea85683e7ae1bd2db
=== RUN   FuzzTrie/655bd1ef32d311ffce000f93f047675ae12f3042
=== RUN   FuzzTrie/65ca04497099f3b17ab703e7154ae5a4962352b3
=== RUN   FuzzTrie/66c22039d5f1f0377f5e1bc51c006c5aa1741977
=== RUN   FuzzTrie/670cc223e74279ac5c4ac9b35299ddfe51659a7f
=== RUN   FuzzTrie/673d11501d5420f1289f6742cd3e1c2f723eed6a
=== RUN   FuzzTrie/6741f5266f5b1543804ff533bab4163f88507745
=== RUN   FuzzTrie/67a0acdd783cdaa4a0038817742d6df2800d1c70
=== RUN   FuzzTrie/67d4794dbda05d4e299b2655f9868b289bf09fd6
=== RUN   FuzzTrie/68704b78c63500cf5e63f22dbbd42fb2a3283105
=== RUN   FuzzTrie/689c146616b9828bae787584800ae799514f8ba1
=== RUN   FuzzTrie/6a3cc6b61d9a0195f66aed849ab337292a7f4dff
=== RUN   FuzzTrie/6ae96001e34b14ddd21f432f93115cfc195f856f
=== RUN   FuzzTrie/6c5c8728558b81405e4bc389add369e726f0e86d
=== RUN   FuzzTrie/6c9e2da44223a52dd3ce427102428f56db0e1162
=== RUN   FuzzTrie/6e6e3f127c7fea7c4989ee826a2723d838fc2b77
=== RUN   FuzzTrie/6edd475e28219fbcac1a34567a90afc8a84c9f12
=== RUN   FuzzTrie/6ee69b47b78ff68ef3d27ea4688f9cd3cfc74576
=== RUN   FuzzTrie/6f4ebe79e56add032e564d7d0d0f8eea6c3a5d39
=== RUN   FuzzTrie/6f6553c0ddd4a9b3bcdc872f984db483fa4b60e8
=== RUN   FuzzTrie/6fb040e351bf9d65138a977fab705202b2e5064a
=== RUN   FuzzTrie/707edfcb16005fdef1ab239f88745b7a77d469a5
=== RUN   FuzzTrie/708d342d0bbeca241d5af0a819d4eda6492baf54
=== RUN   FuzzTrie/70d601fc2f1a5acdc0baa8fe3b0c5a87bb132ee1
=== RUN   FuzzTrie/715590e062b444c455f27b1149d0bcd0cf543fc8
=== RUN   FuzzTrie/71bcb8220a801bde3430a09f9594649288552d8c
=== RUN   FuzzTrie/71c69e90bdb3e58424d2ddc78224f51c861b1416
=== RUN   FuzzTrie/71f12da345cb03b9a097611fc9958c1080ec6a98
=== RUN   FuzzTrie/7240bf171759f90dd86dccf3eacc493fcc406f09
=== RUN   FuzzTrie/737492230580668ec78a722211d237c802ec6715
=== RUN   FuzzTrie/73a1eee1104bd15a243ad5c371eb2acde69b3b34
=== RUN   FuzzTrie/743529c831b2853c6c089748ace18ba5e73f6551
=== RUN   FuzzTrie/743b8dcb0e937d9a2d1d2c53d70ae39aab9fb578
=== RUN   FuzzTrie/746c963e13322c8ae20f6e8e1a0ea0427708f486
=== RUN   FuzzTrie/748e0768266fcb5cf89432a9fbca6d3ab4d86350
=== RUN   FuzzTrie/74adbee895591946f0e5bfe9341749543bfa2644
=== RUN   FuzzTrie/75e5438b941175987c4ecb2b65d4fc0505eaf18d
=== RUN   FuzzTrie/7601b305a17ed2227578f3111046819b396b7ab2
=== RUN   FuzzTrie/76dce97890c6869435ebcb55797ff2aacdc5fc5b
=== RUN   FuzzTrie/76e59b462a6742e42027a6740053c7ba64aaa80c
=== RUN   FuzzTrie/76e728d6d3254531855ed44247be27502f18f674
=== RUN   FuzzTrie/76f821e0f90c9927767023e35033e0b10e5bbb76
=== RUN   FuzzTrie/77f368763a09d43d2d0588d7b4ac5e769b5165fa
=== RUN   FuzzTrie/789a8cde0a44f80d390e8c312569c42210a71c41
=== RUN   FuzzTrie/79b97087aeae046907df0926cfd918e58117bb50
=== RUN   FuzzTrie/79fbeb30a50e4530706e37d166f765071da65edd
=== RUN   FuzzTrie/7aa9bc6ce7f15e4c3fc61eb65fa12ac43612bd04
=== RUN   FuzzTrie/7b6501aef40af31d998256297b61528fc525f0c7
=== RUN   FuzzTrie/7b71c009de65f929656ba6d3b6fe76c7158f8ae2
=== RUN   FuzzTrie/7b9c8412701b01846748070cba2a4578e796c53d
=== RUN   FuzzTrie/7cd29a8ad5a25cd6f9f5502535828253863b19a3
=== RUN   FuzzTrie/7d5e06aeee651dc16abb86f6b0323fe249188d6a
=== RUN   FuzzTrie/7da88965a8bea6a565a545a3d30cfa53b5b9b18e
=== RUN   FuzzTrie/7e5bc19fca615f4af959d3f86329db066bddebb5
=== RUN   FuzzTrie/7e7685caa5bf17f768de7bc87be0b635985012a5
=== RUN   FuzzTrie/803e75a4a84a8e64a0fecf752ce7e4f5b938b7ac
=== RUN   FuzzTrie/806eb44f407084d31eb79a9204e97d9346c7f0a9
=== RUN   FuzzTrie/807ff27a9ce90c8ffc29b3acb0757f7c5e538e3e
=== RUN   FuzzTrie/80d2ec32f5b7f14e79e594bf8fd09860ff0a5c52
=== RUN   FuzzTrie/80e3a76b7bcd870326dd1f25d5cbcd7dde09da25
=== RUN   FuzzTrie/812f93dfda7594f90e1a7a2b76101df7707d004e
=== RUN   FuzzTrie/813d1514f191e4ed84094e2c6387ff9dff46ea8e
=== RUN   FuzzTrie/8167d379c13af446f6d4c7893a0c286baf774421
=== RUN   FuzzTrie/81c4ee1efd514b2465acc5e6d4913cd49501e581
=== RUN   FuzzTrie/825d2f373ca0a79e9cf9262d7cf8a946002fda93
=== RUN   FuzzTrie/82da08bb7c697458338663e79c9832c76fc94488
=== RUN   FuzzTrie/830e929d09322cf996a99937c05c354704996cfe
=== RUN   FuzzTrie/8311f7e38d32fdeb5e596ab34b6d1b1605627045
=== RUN   FuzzTrie/833b542d6bc940ff6400565ad03ca10115b969f8
=== RUN   FuzzTrie/84c4d7df1da840a548cefcfb055f7ce4b9caa2a6
=== RUN   FuzzTrie/861be3614775c9afd780aa5cf6f9d9e2ccedbb31
=== RUN   FuzzTrie/8623c2ba5186f4da75197145d59445fc3606da16
=== RUN   FuzzTrie/862591750f08fb55d75bb5d193e1502526d22d90
=== RUN   FuzzTrie/8657737ac842c566e8c9b96cd00cb05c353e2349
=== RUN   FuzzTrie/866e6ffb666c44921e764b128b4a3aa15b71d1a2
=== RUN   FuzzTrie/86f051c12bb523f2652aedd992f5f249935f471e
=== RUN   FuzzTrie/870feabb494ee1f0f7353ec3c5ff5d2a417cc979
=== RUN   FuzzTrie/872737e68b939f0662d3acb3f073b4ffbbb43e3c
=== RUN   FuzzTrie/876366f091a25360ea05ed65a3e408fff9ea6f05
=== RUN   FuzzTrie/879903f2af64d1230562e9d38979d24c2fca7d24
=== RUN   FuzzTrie/87c08b5d89ec6ec450c82f8fe100633a0a525af5
=== RUN   FuzzTrie/87ca85cbb26f904210c2fe9ab4aec52df74808fa
=== RUN   FuzzTrie/87fac71a8cb330514239d893640d6e9fbfa5cf62
=== RUN   FuzzTrie/87fc7c96da7023d0b565a318898d9782cda3ba63
=== RUN   FuzzTrie/8819ed61c104244ae7d2f779819973f8b0aacf78
=== RUN   FuzzTrie/884bdb04feb7a61da278be9a61fe5b99e9012d6d
=== RUN   FuzzTrie/8932b2b85ffefcb64626ff937d1a5286a7e262ce
=== RUN   FuzzTrie/897351a7e6d599f70b6d1fcd770faca2012e60ff
=== RUN   FuzzTrie/8a378803b72dfabb18fd593e5257a41590d73350
=== RUN   FuzzTrie/8ad4632acb2352aba16c49f7abb8d754b3c8f8ad
=== RUN   FuzzTrie/8ae26814954451c1f92c515a6df2edeb1e0b8736
=== RUN   FuzzTrie/8affbbb61ebfc293042f5041f92d1385f2d73ac5
=== RUN   FuzzTrie/8bbe68f53c62e7ded058212fc9a2fd544405d232
=== RUN   FuzzTrie/8cc99886e2d64336057cddc0e687dc9f849cac7a
=== RUN   FuzzTrie/8ccbfd4850b4c4a5df6205eac1f8008a93a9fa7c
=== RUN   FuzzTrie/8cd4870e8925761f477068502b1d6f44ef56d406
=== RUN   FuzzTrie/8ec095a4a0a500447e566e87315607795a219be5
=== RUN   FuzzTrie/9017c0d90187d00b11d18c2235e25ddf17ded699
=== RUN   FuzzTrie/908799a25dc91399efc78136ba8a282d2b49f6a0
=== RUN   FuzzTrie/911bcadf1799c6e07638669c622891fb2bbaa325
=== RUN   FuzzTrie/91419184abc9db41cd2978c68107a2c6b650bb3c
=== RUN   FuzzTrie/915526e269ddcd5820cd23f2182d08e69b84ac5e
=== RUN   FuzzTrie/9300c3339b1841af13970ffdbcccacf7baa7f091
=== RUN   FuzzTrie/931827e482580d64aa9831fd445fadb38c7a19d3
=== RUN   FuzzTrie/93b6901edee16a62c5e178f6f5273603a9cce4ec
=== RUN   FuzzTrie/94c835e045160de793c0cdc97843236b3ea0c158
=== RUN   FuzzTrie/95a7c75a1c8eb8d7d454993ebe03d8ea9008d68f
=== RUN   FuzzTrie/9652df2ed5bfec05eb9c9903a9b4da0cfe35b602
=== RUN   FuzzTrie/965c4822f2f6925cb12aa00b22063ba624dda934
=== RUN   FuzzTrie/991bf5d1bb549b1afca877c547db178b6f091000
=== RUN   FuzzTrie/996a234bcafdf17388d1b9a686c53372ec13c86e
=== RUN   FuzzTrie/99b553d28aa33cbe3e5205085b857f36e7074f69
=== RUN   FuzzTrie/9a0eccf3409ed5a73d00e633e6c527220b70a7e0
=== RUN   FuzzTrie/9ac17da751e94c138d6d5ba431ef73c045c3e185
=== RUN   FuzzTrie/9b53233072fe03c24c2dafd8ea4ea05346c0e5b9
=== RUN   FuzzTrie/9b99ca5a82629d86760451e0e2748586c96b1d86
=== RUN   FuzzTrie/9baaf14174e4fc994461292f8fa9004afee0eba2
=== RUN   FuzzTrie/9caab6470c42e800cb3d6145b71598c76a54d9a2
=== RUN   FuzzTrie/9e0656c990a21be15b454a94a39a2d665c5c52e4
=== RUN   FuzzTrie/9f53f6ab101ccc7c2e231ad3664962ce0cc4bf3b
=== RUN   FuzzTrie/a049d1c5ef58d02f37499521a5e5b25f37e705e0
=== RUN   FuzzTrie/a0f8ce71ee5832718e46acf86f4bec46c5dbd530
=== RUN   FuzzTrie/a16c719b9c71ee162687d61ba2e585d143c61a39
=== RUN   FuzzTrie/a20b275e5b5615ed91056b662948f84e14abb331
=== RUN   FuzzTrie/a20bbb5835bdd0b8db7fa0c95300ba335141e7a3
=== RUN   FuzzTrie/a309e0affd6ca31448b5a9302135891fa07700f2
=== RUN   FuzzTrie/a4152afa2fbd597a01a9cb0efd0288ce78cd995f
=== RUN   FuzzTrie/a44b8a39e2cafa081ac94baa8b219b52182df729
=== RUN   FuzzTrie/a4ce550efd6c32a8f673ed707e6a4c8f6081a829
=== RUN   FuzzTrie/a4db6fd3d7b8c642fac6e4e10cd95866fcf88767
=== RUN   FuzzTrie/a6455fd9a92e1466b8f88e51a7f0c83d73bb523b
=== RUN   FuzzTrie/a6bd80e178d85d7b27cbd1f19a12c39b76047fd5
=== RUN   FuzzTrie/a706bcfe28ea1092ae571e29390a88d0c7761d1a
=== RUN   FuzzTrie/a7074e7390eb44e124dea6883bc4e33257fe6f5e
=== RUN   FuzzTrie/a74f8f88696d05e043ea5a0fea326b76ce5ce5cb
=== RUN   FuzzTrie/a77b895fe8baa599a05d4fc1bf1caa1874424783
=== RUN   FuzzTrie/a77f01a150c8d534406ba1d54d00af33d7372abd
=== RUN   FuzzTrie/a8f15965347fff6261d0893907501e2f5aa4758b
=== RUN   FuzzTrie/a9a19b96be0833fd171b75239236d3df5a7a6215
=== RUN   FuzzTrie/aa5f19c559bbe02673cc65390cb8365156ffe52b
=== RUN   FuzzTrie/aa609ea863de73871447bc865a86707a9cee0b9c
=== RUN   FuzzTrie/aab45c9149b93e871968daf7a5199bdecb623fe1
=== RUN   FuzzTrie/ab526a5de10ff85733bb2287e5850f4d14e7483f
=== RUN   FuzzTrie/ab960811726c4969c74803f6937e7353e612bb46
=== RUN   FuzzTrie/ac3fa598ed0b7c46f50628218c540196cc763561
=== RUN   FuzzTrie/ac5d0345f48fa39ebceedf749b9e6a8365b48482
=== RUN   FuzzTrie/aca2618e8c2aa8b5c507cbe88db8cafdb3710d0c
=== RUN   FuzzTrie/ad96746a948c989b93e6770576d0e1195eb4816f
=== RUN   FuzzTrie/adc83b19e793491b1c6ea0fd8b46cd9f32e592fc
=== RUN   FuzzTrie/af3e06f207ccf9e8c6e149efb6365303c614d197
=== RUN   FuzzTrie/afc9fa131a589551864dcd39de115161dcc61fd1
=== RUN   FuzzTrie/b08c0efac27b5bac2ce5677277541f184d03b55d
=== RUN   FuzzTrie/b0c4ab5e133878b99abf0463143e5c72e88bfd2b
=== RUN   FuzzTrie/b119c058903a2095a260660342739b5d8f54dd07
=== RUN   FuzzTrie/b1c6b052a74fc6401ddaa999dd462e95c0d3194c
=== RUN   FuzzTrie/b239d55d7d57523b41a401e4d2bc011fc19670b6
=== RUN   FuzzTrie/b26ec870c59b40a1d03a36fffc144c96b14998ad
=== RUN   FuzzTrie/b2a4506139627ee832fda18d31629a069cbabe7b
=== RUN   FuzzTrie/b2c3518e0996ce802cfcb18015240556fec36e60
=== RUN   FuzzTrie/b36c379265fdf6ff8801e0571e53bee0e731656d
=== RUN   FuzzTrie/b39b999c2c22e21eda767d2308c549922b9e5172
=== RUN   FuzzTrie/b3cc33df5b66c8575aade3de6038346ef935371e
=== RUN   FuzzTrie/b3fce3a01b00b49398f9462aaec44ee3a57f17b9
=== RUN   FuzzTrie/b4848bfeea730cd4f501129e0c6b5c3f13737cb8
=== RUN   FuzzTrie/b4db8c8bf0c95ff9061372dae5ca88bfdbd237e2
=== RUN   FuzzTrie/b58f814046db6675d44ec13c7b80cdf006af3a4f
=== RUN   FuzzTrie/b703f86c51d8b37f744467d2e68e5f506c65ffc2
=== RUN   FuzzTrie/b72faac98d102d89733903c14d3a7854fcd11cda
=== RUN   FuzzTrie/b85872c58a1eff7765372026d4850e9e7ac70439
=== RUN   FuzzTrie/b8682265ca20b54f38fdc4d3454a028a36ef889d
=== RUN   FuzzTrie/b8b1c4f71e5dabf183079b328e290495dd1c333e
=== RUN   FuzzTrie/b934db928f5dae885e56233c5f611eb34e50954f
=== RUN   FuzzTrie/b991d62bf26e684e754a8623c269c4f8f8c71dfc
=== RUN   FuzzTrie/b9ad72fb52faca7dea0567e1f843c86528fc5cd4
=== RUN   FuzzTrie/b9c9f45e16cff9b10472557032b3d2cd0e03edc1
=== RUN   FuzzTrie/bb1e5e2b32392762140a1c213a43b58af90802fe
=== RUN   FuzzTrie/bb2fac10cd03015321dd0d967b835ba654190333
=== RUN   FuzzTrie/bb3310dc9e74adaafe8511256938599349f5627a
=== RUN   FuzzTrie/bc55b59bda2ae4971f6d40d52c8c8b24a89eb8a7
=== RUN   FuzzTrie/bc61ac4386d44e6ff0ca609bdc910e509fcdacec
=== RUN   FuzzTrie/be3ced41f2255e439a6735389239284b5af40b54
=== RUN   FuzzTrie/bed416558e54aea926dc2f765b39dbcfcfc7ea7c
=== RUN   FuzzTrie/bf2c62d4a5f2265ae666e014eb97b5ca7be849b4
=== RUN   FuzzTrie/c039a2f6fe259c89b3e7a5abf86bed552bb710cb
=== RUN   FuzzTrie/c0aac82ebc4d858315d3c5aa2c4b9db9a0687066
=== RUN   FuzzTrie/c13503b2da0ce48c87732321530208a6ca36228c
=== RUN   FuzzTrie/c18260797c4efa008b49d0b2e41c395e56f9ac58
=== RUN   FuzzTrie/c189aae4b2db522266607791d02257b7120ede2b
=== RUN   FuzzTrie/c3118c30d609858897c346cfccbbc307c3ac8773
=== RUN   FuzzTrie/c37908363bac31ce04fd2960e409e6a828a1d321
=== RUN   FuzzTrie/c498b2e0d87a2435f8cb467250ea340c10b3be06
=== RUN   FuzzTrie/c4f0c1446f66c53fa8e67e03b022b3e7d2c8893d
=== RUN   FuzzTrie/c50ffa38f71d1f9d66b96beab1a6fa79b61539be
=== RUN   FuzzTrie/c5a3bd30675307df3b397b1856e588174e6836b0
=== RUN   FuzzTrie/c5bc942a35f81e26a2ae3810787e8a98d222601c
=== RUN   FuzzTrie/c745bc0211a0626ee72e5a17f5d147748ee71913
=== RUN   FuzzTrie/c820b06230ab6157dd554f9052034f75b933af94
=== RUN   FuzzTrie/c9ef70a41498cc175871b18ffc015cf57bd2c5d2
=== RUN   FuzzTrie/ca398638faa65cfbd9f6475b574d57419d27757f
=== RUN   FuzzTrie/ca733323886b0659b0860cd51ab3da1fa81ca0e8
=== RUN   FuzzTrie/ca9c9320485f90f6d5006839ca83fd2a2797d658
=== RUN   FuzzTrie/cbac0bf39a920ef907a72bdff7904858db985fa8
=== RUN   FuzzTrie/ccfcc43b8e67a45ead3c5b81299ec7ac68b746b2
=== RUN   FuzzTrie/cd115d5d0a8daf30ef5c5543610bff4b0142cffc
=== RUN   FuzzTrie/cd44b0acc75aa62efdb2d58d468b1731f8f59504
=== RUN   FuzzTrie/ce1b434b5a1ffda56bcc86364c1c9daeb072f1ce
=== RUN   FuzzTrie/ce1fc241e5df48ccd712e81a724607c11d39013b
=== RUN   FuzzTrie/ce3e32348c37614b1e7ded1543533c6c2f818c97
=== RUN   FuzzTrie/ce757d141b93fdb45bfa6e373f27b111dc62c991
=== RUN   FuzzTrie/cf0e687f1ecc0c56be51b0374f6c3fafceaa9b38
=== RUN   FuzzTrie/cf59de8d8cf27090ede8c1cd572dcc8587c50b91
=== RUN   FuzzTrie/cf690f6809de5454424fb5fe29db37996f19eb2b
=== RUN   FuzzTrie/d04730f861ef035437bd989a76b9e2ff6d90b9e2
=== RUN   FuzzTrie/d05c31b38a98816242b13cc5fd18ae9cb337fa6a
=== RUN   FuzzTrie/d0c68cae2204dfe78a0f6a07e8b0892faab284e7
=== RUN   FuzzTrie/d1927170deab3d025c56ead6576da2cbfcc89932
=== RUN   FuzzTrie/d1b89fb7d49e68d2686a2f9cad7d6be7f8800ac7
=== RUN   FuzzTrie/d2351aa3590ae429dc592f028801ec71610a2429
=== RUN   FuzzTrie/d30b6226d54728e19e461bb700ac98f8aab66e3d
=== RUN   FuzzTrie/d38ef1268d5c16d2db31e3691a5a48225b16435c
=== RUN   FuzzTrie/d3f7afd8f69c6366fb4026832b60aee8a3e17bd7
=== RUN   FuzzTrie/d4bedb7e3c89f885237e17c0fe806f684695d41e
=== RUN   FuzzTrie/d4fcd8482273184d5fda3c009a4930312a07c11b
=== RUN   FuzzTrie/d62b63f52a9522c731a181a203f7bca06434e9e9
=== RUN   FuzzTrie/d6390554e80b1703d4288d70df66cb3f28e83313
=== RUN   FuzzTrie/d67d6395dfd1d3227c6ea0b6ab2435a45a612ec4
=== RUN   FuzzTrie/d72b5020a08a1ec0d69d3ce35a0915dcb8cda47e
=== RUN   FuzzTrie/d78ba3ffbd8d576cce082a603d03b0d6ba0d7cda
=== RUN   FuzzTrie/d7d79bae0f6eaa87892f36eb61b23cf45d593a6b
=== RUN   FuzzTrie/d8343bbb9a48ee2ae51f993514a4d8847e8d2903
=== RUN   FuzzTrie/d83975ee43166e41d7fde045afb05c64c119cc8d
=== RUN   FuzzTrie/d8b7de72f5273095696cbbe1be370be73361e8b7
=== RUN   FuzzTrie/d8e63a0296143d5a8ecc320d65fe67109d39be7f
=== RUN   FuzzTrie/dbeed8c0e1caa7355c3b8c43a6354709b94488d4
=== RUN   FuzzTrie/dc0c24291611dcefeff2ae89e29baf2b7905f36d
=== RUN   FuzzTrie/dc854de1590e5ed0a2647312a6aba2f02a96dbfa
=== RUN   FuzzTrie/ddfb0a6baf3dc34a7b12ead860aed9dbb199139c
=== RUN   FuzzTrie/de89b3e1454083694bb067a420b14e77fe570882
=== RUN   FuzzTrie/df00240cbdd62835b36aa39f586b45bb600baa73
=== RUN   FuzzTrie/df5934693e84b24d0821abe9caebb8d4453b451a
=== RUN   FuzzTrie/dff82a80c6e9b95461be4b0c06d961416e55ac2a
=== RUN   FuzzTrie/e0ef25fb626742eadbc9f1801ea7aaf8fd102575
=== RUN   FuzzTrie/e21bed6db25d4aec9a4000eefff19b025e1d8641
=== RUN   FuzzTrie/e230f66f8645ab9319a929f0979f55a17ee2796f
=== RUN   FuzzTrie/e24297efa12da5d28d672089136ae3c10698167f
=== RUN   FuzzTrie/e2a85ff18200eb5deba17ca66f90c30dfe03d3be
=== RUN   FuzzTrie/e38b36b26baf922633a903b81ae16b055f8eebc2
=== RUN   FuzzTrie/e420b158b48560f15df0d5d4486e3809af2498a5
=== RUN   FuzzTrie/e49d6f0ab622b4aaa8db6b76ff4e0d6bc29509ba
=== RUN   FuzzTrie/e4aeb4addedf998ef6af6bb40e2a015e907f3249
=== RUN   FuzzTrie/e4b94f19ae65e4d423e7919663a51737bb7ab230
=== RUN   FuzzTrie/e51314cabfd233c1c469e8518891d81ab795962e
=== RUN   FuzzTrie/e6385b421fd0c8e4da3a48082cd52123f6a29783
=== RUN   FuzzTrie/e70ad574385245584e94fa8e353acb86f478871f
=== RUN   FuzzTrie/e739810c932f28eadd6db749cf0a0fe60657bd0b
=== RUN   FuzzTrie/e7bac64beed00ca7920dbe108b3620e8c57e6be6
=== RUN   FuzzTrie/e89f871acea6f7b42df026d262e2369d7e6644bd
=== RUN   FuzzTrie/e903a955ce5ff86c16c332b29edecc596c814ea4
=== RUN   FuzzTrie/ea1e0165f7878999faa595cee647c007e792139c
=== RUN   FuzzTrie/ea3e65eb15a74af138fe80133db9fbe4960d91ed
=== RUN   FuzzTrie/eaa5ebaebbba8c01d0233fb1b050ef59c2f1f834
=== RUN   FuzzTrie/ec2bde2ea88e76c9f8468e6214d8efbcdfde7c80
=== RUN   FuzzTrie/ec73be25fb28e3247b9bbceb6296fa5206a682b0
=== RUN   FuzzTrie/ec7e890f0aa3087b34385004133a5deaa146974f
=== RUN   FuzzTrie/ec915fd6465bbfb071e5709c2d638c34670d07d5
=== RUN   FuzzTrie/ecb34757896c7d3c3895b82f161cbc49a081be34
=== RUN   FuzzTrie/edbff630df4f410f13f890a22980fd89008ebbca
=== RUN   FuzzTrie/edc8304245b62eb4332be169f01b05a3815a0ccb
=== RUN   FuzzTrie/ede39b72afa3aff3980fb6de8d8ae09b60f120ae
=== RUN   FuzzTrie/ee55c770ca1d6d01650d6d3ab00565240c8098d2
=== RUN   FuzzTrie/eef5f7d6f72c455128416a441615c8e3bde2f4c6
=== RUN   FuzzTrie/ef4d11115ace632a5ee95848a268fbf811d9bf22
=== RUN   FuzzTrie/ef88203fc2975ec3b7a18d1e446c54b1f00e3d79
=== RUN   FuzzTrie/efac0e105f15b1946d7ff6eb40de5564e17afc04
=== RUN   FuzzTrie/efe5d91a4a2dc2608928be2ff6b479d523e32dec
=== RUN   FuzzTrie/f03a376fa1461714e96765074ef3fda7521d68e3
=== RUN   FuzzTrie/f0befaea13b5dc97579584bbaa922379b1504843
=== RUN   FuzzTrie/f1bf54d51c5dad9af525a0c236b9272562934735
=== RUN   FuzzTrie/f1f65302f47c3e66cd921e7c1b9e232a27b7d7a5
=== RUN   FuzzTrie/f266e2c24a5d615277a636777bfd6efee3be5a59
=== RUN   FuzzTrie/f27b3deec4c4a29bf4baa2e0788dadaf2318b3e4
=== RUN   FuzzTrie/f3dfe0572e54e4e297d1ab5727de7adb9c53ee63
=== RUN   FuzzTrie/f4fa0c15d8087ff28931569dd082f8d43a66ffaf
=== RUN   FuzzTrie/f54ab676b6be8a617ad287cc2bc6ab1bdf35b723
=== RUN   FuzzTrie/f54fdece32b80be4c08135fb5726218dc37fcf94
=== RUN   FuzzTrie/f58a35ec53879d6ece099fd0b53508c412446604
=== RUN   FuzzTrie/f59205935eca049ff2b70f440ac09a4655c62d07
=== RUN   FuzzTrie/f5928971641bece421939ea1bb1fe1ada8993bbf
=== RUN   FuzzTrie/f61e34441a1fa0e1954f04cb15afe5d472fb4236
=== RUN   FuzzTrie/f61fabf6f8d5fd881a3eac9223466f9aa22224e5
=== RUN   FuzzTrie/f6b36e8421051282867b1c7b6a4c03bb41977c6f
=== RUN   FuzzTrie/f6e8382f4215137d29ba3d986138efebc5533c4b
=== RUN   FuzzTrie/f735e8672d9d59b7759ff5600e0ebaed721d295d
=== RUN   FuzzTrie/f783ac4fe6f593658c0d9f8e49d626b7870b00d1
=== RUN   FuzzTrie/f78ecb54cee772487c029166c10210882e475694
=== RUN   FuzzTrie/f91ae8cec679135f20310085e61470d8ddcdd3c2
=== RUN   FuzzTrie/fa54660d537c3a90093746340e871ed74dedd6a5
=== RUN   FuzzTrie/fb384bfeb66560521bcaf9fb5c0487caf9a607f6
=== RUN   FuzzTrie/fb822d02077d022a7c493b2b2e29f2154e6e94f0
=== RUN   FuzzTrie/fbb1c1c2de82ed3cfe251748e1e34822d731551b
=== RUN   FuzzTrie/fbef1ba2d2f6d200c8eba2eabcc03f7a72658c17
=== RUN   FuzzTrie/fc979761bdf0f8db2669c51844a0ebabc3795fd8
=== RUN   FuzzTrie/fe1fb7cdd52cea6a11e285985c317a1dbd251467
=== RUN   FuzzTrie/fe6b60c21ad4664ee91dc19e0188397ede645963
=== RUN   FuzzTrie/ff83227c60d3915e8e52e2dd76dfa3876506cb3a
=== RUN   FuzzTrie/ff9a9b7a4c7e3e120c241e2ed0025cd997b910d5
--- PASS: FuzzTrie (0.57s)
    --- PASS: FuzzTrie/0055f3044f128ee5772165d4bf5c287327e62665 (0.00s)
    --- PASS: FuzzTrie/006d95c579b89a77ab0bf472526ede7cbdb41baf (0.00s)
    --- PASS: FuzzTrie/00a48bc57dcd64957a9eef9ef0ee73d7ed785596 (0.00s)
    --- PASS: FuzzTrie/00ff74ab1e70be7f8d2a203921b5dfc8f270f43f (0.00s)
    --- PASS: FuzzTrie/02cadc07513ed9501875066c0d75fbf3299fc8ab (0.00s)
    --- PASS: FuzzTrie/031e84d77dee3e78e33c6345177c8922213b05ad (0.00s)
    --- PASS: FuzzTrie/034f5dec1da6b785dff8beac79da5d59bfa165b9 (0.00s)
    --- PASS: FuzzTrie/038ca250777ec88554d8ff5fcb1e20d0e9aea947 (0.00s)
    --- PASS: FuzzTrie/045f98527440166268eac5a4660dfb4fed6a9327 (0.00s)
    --- PASS: FuzzTrie/046cabc4168b3bdf2fb68bc20ec9519ff331efac (0.00s)
    --- PASS: FuzzTrie/05e1e71c41f530470c0e7eaef466f5d50750bd2b (0.02s)
    --- PASS: FuzzTrie/06012c19605a64353a73091893f8e579f5468338 (0.00s)
    --- PASS: FuzzTrie/06461db74846d1b5de40718945a4ff83f4230add (0.00s)
    --- PASS: FuzzTrie/06bcdf94b8c43ca77fbea7621d3fdf25f9709350 (0.00s)
    --- PASS: FuzzTrie/0888df2b75de2e2f6192e428c889e86f70f4a625 (0.00s)
    --- PASS: FuzzTrie/0b8e2821278efe115add4cbf318d15ec53556488 (0.00s)
    --- PASS: FuzzTrie/0bc1f3531f322402ab2692960d32710f272a71dd (0.00s)
    --- PASS: FuzzTrie/0c00f120acaad5e5e80c70ffdb15e145aa57438f (0.00s)
    --- PASS: FuzzTrie/0daea69217df17d676448b50e349176686455b57 (0.00s)
    --- PASS: FuzzTrie/0e3b4a9c92ecb25824501650921352b5c0ed23d6 (0.00s)
    --- PASS: FuzzTrie/0f9e762868f579935d798615e53410453b18d7b2 (0.00s)
    --- PASS: FuzzTrie/0fb95e6852942097bb43aae4fd005668c78731fa (0.00s)
    --- PASS: FuzzTrie/10bedc961a2ce913a0825ec6eef65fe8428eca11 (0.00s)
    --- PASS: FuzzTrie/10c26c6bed799c41114d425a91b01a0afef7dea5 (0.00s)
    --- PASS: FuzzTrie/113f5e63bee0d9216fe30d88fffaf1b263f64878 (0.00s)
    --- PASS: FuzzTrie/11aa3e8785104a540dd13c321ebad3a5b173f0f5 (0.00s)
    --- PASS: FuzzTrie/1216aa524aef75e75aa9214fb78ad1ac3ba1e34b (0.00s)
    --- PASS: FuzzTrie/134d62ce658ef60987d83d13d13bd0281fdc2412 (0.00s)
    --- PASS: FuzzTrie/13b82d5963d2f27fa9e0961340901b47c6814f2b (0.00s)
    --- PASS: FuzzTrie/1527b441145632ca28545b220e8686491ad7a212 (0.00s)
    --- PASS: FuzzTrie/1536f29174928d17ff7bbbd39e1dbb4f7a3a84d4 (0.01s)
    --- PASS: FuzzTrie/156884dbdb608c6766869b16ab016f58fc7d4bb6 (0.00s)
    --- PASS: FuzzTrie/156e32337ad848564dacb5ed9b441d927643413f (0.00s)
    --- PASS: FuzzTrie/15716befe3d7eb4c1d40fc29dcce5f26dcf71c7c (0.00s)
    --- PASS: FuzzTrie/16208eab1ecfa727532b240819721547c14db7e8 (0.00s)
    --- PASS: FuzzTrie/16a473a24c9ac27e50ad5f1fa9956e8a00b4b764 (0.00s)
    --- PASS: FuzzTrie/16c7f80216d48dce1df9c01aaaccc119f949d736 (0.00s)
    --- PASS: FuzzTrie/16f71c43e481039d54a68774cb0b9594ecf14f62 (0.00s)
    --- PASS: FuzzTrie/171cc5dfc873ac91a02e9af999877082cecb6669 (0.00s)
    --- PASS: FuzzTrie/1759bacb447c26e31d9e44599fcc05ec43793dda (0.00s)
    --- PASS: FuzzTrie/1849441d1cfc29a546b90344e00c646d95b91b37 (0.00s)
    --- PASS: FuzzTrie/18df443d05d235293a6f83de6ee36621dfd99252 (0.00s)
    --- PASS: FuzzTrie/1ad665d788f9298ff0df81fca805b6f980f62f1a (0.00s)
    --- PASS: FuzzTrie/1bc03d5e42d201e6c9c8d58381e30f73ef28f574 (0.00s)
    --- PASS: FuzzTrie/1be279d59421afeb35ae673a2bb077368e074e0f (0.00s)
    --- PASS: FuzzTrie/1be797138a714c845f3b6401fb4aaed7c89f8a05 (0.00s)
    --- PASS: FuzzTrie/1c2a1deb879a565ed49bb96fafe65b654bb31e71 (0.01s)
    --- PASS: FuzzTrie/1ce51478c3d0fb3bc0544777de935ef665c6f749 (0.00s)
    --- PASS: FuzzTrie/1d7d1c456172362aded151d22caaf78401333286 (0.00s)
    --- PASS: FuzzTrie/1e9ec1e6279f58cf3090709ecc80f95f403b03d0 (0.00s)
    --- PASS: FuzzTrie/1eab916a86a86bfaadb97d2de5c3235bdca4ef07 (0.00s)
    --- PASS: FuzzTrie/1ef0ab01fcc1aa3872e4ee1f77d50432c13e7492 (0.00s)
    --- PASS: FuzzTrie/1f7c4d7acce355afd03fe1cfc2b90c8e656d3e84 (0.00s)
    --- PASS: FuzzTrie/219751565b39d71543b857e6450d2dde2fb11818 (0.00s)
    --- PASS: FuzzTrie/21ddd25da382c0c30854dba51ab70471093685b5 (0.00s)
    --- PASS: FuzzTrie/21de6fd86ab34cbb7d7514ff8cb512ab6e28354c (0.00s)
    --- PASS: FuzzTrie/220e2b7ad81b17324eaf2820f1d45d513801ac22 (0.00s)
    --- PASS: FuzzTrie/22a61522cf5fd6048ce1e508404d323462714656 (0.00s)
    --- PASS: FuzzTrie/22cebcf13aac2d88be3987615de5bc4f94f10d8b (0.00s)
    --- PASS: FuzzTrie/22cf5e09862a92f4eba3e1924136d222a2ae0101 (0.00s)
    --- PASS: FuzzTrie/23d08563ea90779090595c09648cece7ed50d3b0 (0.00s)
    --- PASS: FuzzTrie/2416dc3f221815c55800396fd6b6d8071b615a38 (0.00s)
    --- PASS: FuzzTrie/24e72ae1bfec74d0cd532012eb5575ebd0978514 (0.00s)
    --- PASS: FuzzTrie/2556f0cbb046f297fd714f58caed45ea5c876e58 (0.00s)
    --- PASS: FuzzTrie/26dc3bc1ee6f1743289c3d3cf1814d58af281992 (0.00s)
    --- PASS: FuzzTrie/26f629c90af379dc3170386164e0296e9d0787eb (0.00s)
    --- PASS: FuzzTrie/2729f505bd70fee72a6e39cdcb9bd04b3e4d7d0a (0.00s)
    --- PASS: FuzzTrie/27477aa234ee288ea7496b6f40b97f1f71f0ca52 (0.00s)
    --- PASS: FuzzTrie/28aa5ef4bc694090a19a4fba9779ad0bbc88fc97 (0.00s)
    --- PASS: FuzzTrie/28aa6cf2b552a2912d28ddabf6d5958d2073053e (0.00s)
    --- PASS: FuzzTrie/2960439b1d86a7e450d55aa776620a6d941dd1f3 (0.00s)
    --- PASS: FuzzTrie/299438d912e320d7cab632f70b0ae3b9f5192364 (0.00s)
    --- PASS: FuzzTrie/29b093720903f5c8805e1fb83b2b67b0a1a08324 (0.00s)
    --- PASS: FuzzTrie/29b85165320ee6fa17cff44b2bb9951bf8767d0f (0.00s)
    --- PASS: FuzzTrie/29d20e646b4fb6dfe5ccab100d5ba845fd07c03c (0.00s)
    --- PASS: FuzzTrie/29ff608831a5b4aa4a1d0d74aa8d3f654038525d (0.00s)
    --- PASS: FuzzTrie/2a982c3b1b1f6d0e28b1d2a59a5f129cbef11651 (0.00s)
    --- PASS: FuzzTrie/2b03332aa79c71a2074d229e12ddf871bf4b24a8 (0.03s)
    --- PASS: FuzzTrie/2b9c68b73ad6a20b0b5224d073be189a45a229e3 (0.00s)
    --- PASS: FuzzTrie/2c066afc6876361513882f2148fafce7537976ce (0.00s)
    --- PASS: FuzzTrie/2c4480348ac8d89bb60c0109f7cb6b2b91729a57 (0.00s)
    --- PASS: FuzzTrie/2cae3a369ed85f7de1a64d56302b8be38e6c64f4 (0.00s)
    --- PASS: FuzzTrie/2cc826075ee6c4053cee1243034ba6eed6bb116c (0.00s)
    --- PASS: FuzzTrie/2d631ebe5cd63dea0d58aaf773326ebdd833b053 (0.00s)
    --- PASS: FuzzTrie/2f50fffea353acb88c38af80bc1a24517b6701d4 (0.00s)
    --- PASS: FuzzTrie/2fe42ddb122c43d85e2c7f12682c7f1b425d13d5 (0.00s)
    --- PASS: FuzzTrie/307277af22b4a0f9078e6df37467d61eed303a3a (0.00s)
    --- PASS: FuzzTrie/309daec3e09cc417199802f414db23536726ad51 (0.00s)
    --- PASS: FuzzTrie/31ee1b9945e347dcb4ae0c5135c6ec61b7ee1754 (0.00s)
    --- PASS: FuzzTrie/322874d5f4e2f14ed0418e64359bdcf98279d2b0 (0.04s)
    --- PASS: FuzzTrie/32d4805230f84daa2286c604ab3828fb6602bf78 (0.00s)
    --- PASS: FuzzTrie/3305dd0eeeb7435c935b5e200081bfd2c450aaee (0.00s)
    --- PASS: FuzzTrie/333b8c46a999edda8292796c3a5583955ec44c97 (0.01s)
    --- PASS: FuzzTrie/346322af46a10a0a675e26455a2f8cab62b7870e (0.00s)
    --- PASS: FuzzTrie/34ffa6349b0368eaae4f8f741b853f9c74e5b3f1 (0.00s)
    --- PASS: FuzzTrie/357a771b37275618ed0623491e1a6e31a2c4a6c9 (0.00s)
    --- PASS: FuzzTrie/359d52186c4482ed25d3e31ac45a385882a49ea8 (0.00s)
    --- PASS: FuzzTrie/378307437b7f9a219f4b6d054be4c3af1a1f2b27 (0.00s)
    --- PASS: FuzzTrie/37ef4a498976cb99378b6c4a5c801a30a6dc387e (0.00s)
    --- PASS: FuzzTrie/38a1fc5ddd649e7a8bcb52bad065a19236b5c8d4 (0.00s)
    --- PASS: FuzzTrie/3a56b270d8f73a8206234b6032b3e670297aba12 (0.00s)
    --- PASS: FuzzTrie/3aa305ffb38753a2c31249c982ccffe675966556 (0.00s)
    --- PASS: FuzzTrie/3ab0eb6debe5f9685d316328fa56262b24505758 (0.00s)
    --- PASS: FuzzTrie/3ac1c0b0c675c345b6573fdd994e89f11112a6c5 (0.00s)
    --- PASS: FuzzTrie/3b1d31698f67c70d509a2e7dae99d9a0bdafb580 (0.00s)
    --- PASS: FuzzTrie/3c531a6e9d71acf790d3870fa5e08a07abeb2b0f (0.00s)
    --- PASS: FuzzTrie/3c5eca3590062a68fbde683081ba58efe7cbd54d (0.00s)
    --- PASS: FuzzTrie/3ccbea9e9dcee441a398f4020d4cff613c16c885 (0.00s)
    --- PASS: FuzzTrie/3f4a20a3c89171ac276fe58fc3367bfb604bd7f3 (0.00s)
    --- PASS: FuzzTrie/405474eaadbcd35b607743025f131dfb3b63c26b (0.00s)
    --- PASS: FuzzTrie/40d615d3031e1ab40d5cefd0fe452628595a0d9b (0.00s)
    --- PASS: FuzzTrie/416994ab524e16e5ce01e42f088a0c406d622f46 (0.00s)
    --- PASS: FuzzTrie/41754673590fbb60b5c78e0520686a9ec1b86de2 (0.00s)
    --- PASS: FuzzTrie/42721c36783ac90f7571b91042785aa7ae836565 (0.00s)
    --- PASS: FuzzTrie/43e91dba690db95c7b51e941deeffa849fc69c20 (0.00s)
    --- PASS: FuzzTrie/441eea06fa38775a694c86520b1b26b1077c1f77 (0.00s)
    --- PASS: FuzzTrie/44a9a89bb639ad84eff797c864c7580f51e1a3c9 (0.00s)
    --- PASS: FuzzTrie/4541e75bfb7e0d39f62868830b603316955cb360 (0.00s)
    --- PASS: FuzzTrie/45983fdb9b145b2e48a1d943aeace170b140de97 (0.00s)
    --- PASS: FuzzTrie/45fc1929ff61ed33bc1a80d594781c7e6cd6a7a8 (0.00s)
    --- PASS: FuzzTrie/4625d6446a42a1035ffdf3dde80a205c615b8e55 (0.00s)
    --- PASS: FuzzTrie/474eb616851d52b128e911564e94fb14a619bde9 (0.00s)
    --- PASS: FuzzTrie/47d76856f06544dbb5d30a30945d48c0d510dd0f (0.00s)
    --- PASS: FuzzTrie/491c6d684172660b5ae84676e4875ac329a96a7c (0.00s)
    --- PASS: FuzzTrie/491f62862c89f4afc009946c05dcf9e2ff157b49 (0.00s)
    --- PASS: FuzzTrie/4a6a4349f8ab8a1cf41bb0e5acec12e2c284c93c (0.00s)
    --- PASS: FuzzTrie/4a7f2562b4d37882bbbbf0a39b7fbc77c252b40c (0.00s)
    --- PASS: FuzzTrie/4bb1ff7ddafc5fe9eaf8b6810a138e48b229fbf1 (0.00s)
    --- PASS: FuzzTrie/4c25c59559fb49d894fc929b49fc2b3a209d38c6 (0.00s)
    --- PASS: FuzzTrie/4c6f00cf9c738a7a01c55321ae87e8cbb5c72af1 (0.00s)
    --- PASS: FuzzTrie/4d3c25291045b32d52d142d5abbd4fc356f37659 (0.00s)
    --- PASS: FuzzTrie/4e98ac7bd18399c653b0930409bb0eead67caaf6 (0.00s)
    --- PASS: FuzzTrie/4ec7e7889f02e43e1c8ebfda84d1bf50adccd649 (0.00s)
    --- PASS: FuzzTrie/4ecaac0461ef41102901695745b7c3b96f261756 (0.00s)
    --- PASS: FuzzTrie/4f200d38cd776f0830b9dac84ebb434c6db8ee9c (0.00s)
    --- PASS: FuzzTrie/4f2a66735a3574f294f56a9188fcbbe73e1c50f2 (0.00s)
    --- PASS: FuzzTrie/4f734efe9ea123f33bb01225f375524fff324940 (0.00s)
    --- PASS: FuzzTrie/4f9197a880858c25d458f6b5d3fa34047b6acb4d (0.00s)
    --- PASS: FuzzTrie/4fc9d2cb3e655dfcb7ee69fe434de0d8b7fbc3a3 (0.00s)
    --- PASS: FuzzTrie/51e3c8e502c42f64141c051251b20ce58380c5de (0.00s)
    --- PASS: FuzzTrie/525f8f50ff0daa0e31044a1aa7bad5d8d2f0394c (0.00s)
    --- PASS: FuzzTrie/52697bfe84845e933f68deb968856b7a624e7305 (0.00s)
    --- PASS: FuzzTrie/52801acc6905ee2f2aedbec555f9e103d6360282 (0.00s)
    --- PASS: FuzzTrie/535515464ea371938a3f546f258aff4631efe100 (0.00s)
    --- PASS: FuzzTrie/53aaef80321168fe47eaa52bc5ab0455cfba666a (0.00s)
    --- PASS: FuzzTrie/53b4dd3b1659344240fd3b77bd3968d906cfe25c (0.00s)
    --- PASS: FuzzTrie/53ed0e5eab07128269575560d54d54ae1322f37e (0.00s)
    --- PASS: FuzzTrie/554f06924af6a373ae4631dfc7d174609e401ddc (0.00s)
    --- PASS: FuzzTrie/56e56ef3ab2e69c41e1703e8fc06b2adc14f3b52 (0.00s)
    --- PASS: FuzzTrie/56f5a6a6a73daee2cb6ef8199f930fe4ddf63004 (0.00s)
    --- PASS: FuzzTrie/573292cfb9c2c05b697bec0950fe57ea48e460fe (0.00s)
    --- PASS: FuzzTrie/577e44f65b4dd49636198d60185bfebf977ed9cc (0.00s)
    --- PASS: FuzzTrie/57a6f13440bbebfb6e14e43d289f10fef5dc1d1a (0.00s)
    --- PASS: FuzzTrie/58070bfb5e228d8e3bff22d2b27cd30768e055f4 (0.00s)
    --- PASS: FuzzTrie/583bd118c408e4352efb9fbbd0274fb5c56026b9 (0.00s)
    --- PASS: FuzzTrie/588bee941db1c93e9a9e3a96ea73808f25b82d85 (0.00s)
    --- PASS: FuzzTrie/58af0499bc38202fe72c4f248bcba02b2af6b918 (0.00s)
    --- PASS: FuzzTrie/58d5e3e691864448631bcbd2f661fe939ed16b3a (0.00s)
    --- PASS: FuzzTrie/590ee9a31e0ea55b82a280cd1c2fbbf866f3242f (0.00s)
    --- PASS: FuzzTrie/59f969fe26df885aa2df4f4e729acc353f104d85 (0.00s)
    --- PASS: FuzzTrie/5a15faf503c1c19e9f29cd160fd42c1e122253ef (0.00s)
    --- PASS: FuzzTrie/5a16a8764bfa221b53668aa6254def812ca64bff (0.00s)
    --- PASS: FuzzTrie/5ac0fa10ca208f895dfc55fb5db5454fc577ced2 (0.00s)
    --- PASS: FuzzTrie/5bac3bbdfa89c985346ae6f55c7ffd63aed125de (0.00s)
    --- PASS: FuzzTrie/5bf2e771b9b46bf481068703005eae2e0d463c48 (0.01s)
    --- PASS: FuzzTrie/5c2cb20cb7cb0d0adc6fb03439e0c6decfbe7939 (0.00s)
    --- PASS: FuzzTrie/5de17c69cb555622fd255af02c73dc3dd548f558 (0.00s)
    --- PASS: FuzzTrie/5e4104bce90b5e16b111348c7518fce1dcae6ca6 (0.00s)
    --- PASS: FuzzTrie/5f135098ac51e6977e8d6761281231c3b8b67a27 (0.00s)
    --- PASS: FuzzTrie/5f38763064c4b5363322e4ab84ad89a22458ca28 (0.00s)
    --- PASS: FuzzTrie/5f5f4621e31a5da16546b282dcd376f43f23a130 (0.00s)
    --- PASS: FuzzTrie/5f924c16a8da6ab70c8ba156eb23d576a435cc08 (0.00s)
    --- PASS: FuzzTrie/5fc9ac74a8637c1502217613c8acab2de4818e36 (0.00s)
    --- PASS: FuzzTrie/60c67ba97a7eedd1f5eee68075da9fe4a19748e3 (0.00s)
    --- PASS: FuzzTrie/614a173767c664c2877223492a1992dfb5af8d4f (0.00s)
    --- PASS: FuzzTrie/619785fd24f9809d388e288dd2ea817f1127abbc (0.00s)
    --- PASS: FuzzTrie/61ac3a5026f308385c662eb50e51a65c51f1b588 (0.00s)
    --- PASS: FuzzTrie/62079906149a1722173562c081b798596005d8ff (0.00s)
    --- PASS: FuzzTrie/6215536db5606bce553845791f5b439ed241e1d9 (0.00s)
    --- PASS: FuzzTrie/62b4a7a7eea65eebc75bd870393aea7a660b6683 (0.00s)
    --- PASS: FuzzTrie/63aff8c62e12e410d3e9b0754c0e71770a39d79d (0.00s)
    --- PASS: FuzzTrie/63b40ed5db9034711271ca66663dbcd2365fc514 (0.00s)
    --- PASS: FuzzTrie/63d567fddf46db3583864f2132748e92db53e201 (0.00s)
    --- PASS: FuzzTrie/6507e74e01b5003419a5942ea85683e7ae1bd2db (0.00s)
    --- PASS: FuzzTrie/655bd1ef32d311ffce000f93f047675ae12f3042 (0.00s)
    --- PASS: FuzzTrie/65ca04497099f3b17ab703e7154ae5a4962352b3 (0.00s)
    --- PASS: FuzzTrie/66c22039d5f1f0377f5e1bc51c006c5aa1741977 (0.00s)
    --- PASS: FuzzTrie/670cc223e74279ac5c4ac9b35299ddfe51659a7f (0.00s)
    --- PASS: FuzzTrie/673d11501d5420f1289f6742cd3e1c2f723eed6a (0.00s)
    --- PASS: FuzzTrie/6741f5266f5b1543804ff533bab4163f88507745 (0.01s)
    --- PASS: FuzzTrie/67a0acdd783cdaa4a0038817742d6df2800d1c70 (0.00s)
    --- PASS: FuzzTrie/67d4794dbda05d4e299b2655f9868b289bf09fd6 (0.00s)
    --- PASS: FuzzTrie/68704b78c63500cf5e63f22dbbd42fb2a3283105 (0.00s)
    --- PASS: FuzzTrie/689c146616b9828bae787584800ae799514f8ba1 (0.00s)
    --- PASS: FuzzTrie/6a3cc6b61d9a0195f66aed849ab337292a7f4dff (0.00s)
    --- PASS: FuzzTrie/6ae96001e34b14ddd21f432f93115cfc195f856f (0.00s)
    --- PASS: FuzzTrie/6c5c8728558b81405e4bc389add369e726f0e86d (0.00s)
    --- PASS: FuzzTrie/6c9e2da44223a52dd3ce427102428f56db0e1162 (0.00s)
    --- PASS: FuzzTrie/6e6e3f127c7fea7c4989ee826a2723d838fc2b77 (0.00s)
    --- PASS: FuzzTrie/6edd475e28219fbcac1a34567a90afc8a84c9f12 (0.00s)
    --- PASS: FuzzTrie/6ee69b47b78ff68ef3d27ea4688f9cd3cfc74576 (0.00s)
    --- PASS: FuzzTrie/6f4ebe79e56add032e564d7d0d0f8eea6c3a5d39 (0.00s)
    --- PASS: FuzzTrie/6f6553c0ddd4a9b3bcdc872f984db483fa4b60e8 (0.00s)
    --- PASS: FuzzTrie/6fb040e351bf9d65138a977fab705202b2e5064a (0.00s)
    --- PASS: FuzzTrie/707edfcb16005fdef1ab239f88745b7a77d469a5 (0.00s)
    --- PASS: FuzzTrie/708d342d0bbeca241d5af0a819d4eda6492baf54 (0.00s)
    --- PASS: FuzzTrie/70d601fc2f1a5acdc0baa8fe3b0c5a87bb132ee1 (0.00s)
    --- PASS: FuzzTrie/715590e062b444c455f27b1149d0bcd0cf543fc8 (0.00s)
    --- PASS: FuzzTrie/71bcb8220a801bde3430a09f9594649288552d8c (0.00s)
    --- PASS: FuzzTrie/71c69e90bdb3e58424d2ddc78224f51c861b1416 (0.00s)
    --- PASS: FuzzTrie/71f12da345cb03b9a097611fc9958c1080ec6a98 (0.00s)
    --- PASS: FuzzTrie/7240bf171759f90dd86dccf3eacc493fcc406f09 (0.00s)
    --- PASS: FuzzTrie/737492230580668ec78a722211d237c802ec6715 (0.00s)
    --- PASS: FuzzTrie/73a1eee1104bd15a243ad5c371eb2acde69b3b34 (0.00s)
    --- PASS: FuzzTrie/743529c831b2853c6c089748ace18ba5e73f6551 (0.00s)
    --- PASS: FuzzTrie/743b8dcb0e937d9a2d1d2c53d70ae39aab9fb578 (0.00s)
    --- PASS: FuzzTrie/746c963e13322c8ae20f6e8e1a0ea0427708f486 (0.00s)
    --- PASS: FuzzTrie/748e0768266fcb5cf89432a9fbca6d3ab4d86350 (0.00s)
    --- PASS: FuzzTrie/74adbee895591946f0e5bfe9341749543bfa2644 (0.00s)
    --- PASS: FuzzTrie/75e5438b941175987c4ecb2b65d4fc0505eaf18d (0.00s)
    --- PASS: FuzzTrie/7601b305a17ed2227578f3111046819b396b7ab2 (0.00s)
    --- PASS: FuzzTrie/76dce97890c6869435ebcb55797ff2aacdc5fc5b (0.00s)
    --- PASS: FuzzTrie/76e59b462a6742e42027a6740053c7ba64aaa80c (0.01s)
    --- PASS: FuzzTrie/76e728d6d3254531855ed44247be27502f18f674 (0.00s)
    --- PASS: FuzzTrie/76f821e0f90c9927767023e35033e0b10e5bbb76 (0.00s)
    --- PASS: FuzzTrie/77f368763a09d43d2d0588d7b4ac5e769b5165fa (0.00s)
    --- PASS: FuzzTrie/789a8cde0a44f80d390e8c312569c42210a71c41 (0.01s)
    --- PASS: FuzzTrie/79b97087aeae046907df0926cfd918e58117bb50 (0.01s)
    --- PASS: FuzzTrie/79fbeb30a50e4530706e37d166f765071da65edd (0.00s)
    --- PASS: FuzzTrie/7aa9bc6ce7f15e4c3fc61eb65fa12ac43612bd04 (0.00s)
    --- PASS: FuzzTrie/7b6501aef40af31d998256297b61528fc525f0c7 (0.00s)
    --- PASS: FuzzTrie/7b71c009de65f929656ba6d3b6fe76c7158f8ae2 (0.00s)
    --- PASS: FuzzTrie/7b9c8412701b01846748070cba2a4578e796c53d (0.00s)
    --- PASS: FuzzTrie/7cd29a8ad5a25cd6f9f5502535828253863b19a3 (0.00s)
    --- PASS: FuzzTrie/7d5e06aeee651dc16abb86f6b0323fe249188d6a (0.00s)
    --- PASS: FuzzTrie/7da88965a8bea6a565a545a3d30cfa53b5b9b18e (0.03s)
    --- PASS: FuzzTrie/7e5bc19fca615f4af959d3f86329db066bddebb5 (0.00s)
    --- PASS: FuzzTrie/7e7685caa5bf17f768de7bc87be0b635985012a5 (0.00s)
    --- PASS: FuzzTrie/803e75a4a84a8e64a0fecf752ce7e4f5b938b7ac (0.00s)
    --- PASS: FuzzTrie/806eb44f407084d31eb79a9204e97d9346c7f0a9 (0.00s)
    --- PASS: FuzzTrie/807ff27a9ce90c8ffc29b3acb0757f7c5e538e3e (0.00s)
    --- PASS: FuzzTrie/80d2ec32f5b7f14e79e594bf8fd09860ff0a5c52 (0.00s)
    --- PASS: FuzzTrie/80e3a76b7bcd870326dd1f25d5cbcd7dde09da25 (0.00s)
    --- PASS: FuzzTrie/812f93dfda7594f90e1a7a2b76101df7707d004e (0.00s)
    --- PASS: FuzzTrie/813d1514f191e4ed84094e2c6387ff9dff46ea8e (0.03s)
    --- PASS: FuzzTrie/8167d379c13af446f6d4c7893a0c286baf774421 (0.00s)
    --- PASS: FuzzTrie/81c4ee1efd514b2465acc5e6d4913cd49501e581 (0.00s)
    --- PASS: FuzzTrie/825d2f373ca0a79e9cf9262d7cf8a946002fda93 (0.00s)
    --- PASS: FuzzTrie/82da08bb7c697458338663e79c9832c76fc94488 (0.00s)
    --- PASS: FuzzTrie/830e929d09322cf996a99937c05c354704996cfe (0.00s)
    --- PASS: FuzzTrie/8311f7e38d32fdeb5e596ab34b6d1b1605627045 (0.00s)
    --- PASS: FuzzTrie/833b542d6bc940ff6400565ad03ca10115b969f8 (0.00s)
    --- PASS: FuzzTrie/84c4d7df1da840a548cefcfb055f7ce4b9caa2a6 (0.00s)
    --- PASS: FuzzTrie/861be3614775c9afd780aa5cf6f9d9e2ccedbb31 (0.00s)
    --- PASS: FuzzTrie/8623c2ba5186f4da75197145d59445fc3606da16 (0.00s)
    --- PASS: FuzzTrie/862591750f08fb55d75bb5d193e1502526d22d90 (0.00s)
    --- PASS: FuzzTrie/8657737ac842c566e8c9b96cd00cb05c353e2349 (0.00s)
    --- PASS: FuzzTrie/866e6ffb666c44921e764b128b4a3aa15b71d1a2 (0.00s)
    --- PASS: FuzzTrie/86f051c12bb523f2652aedd992f5f249935f471e (0.00s)
    --- PASS: FuzzTrie/870feabb494ee1f0f7353ec3c5ff5d2a417cc979 (0.00s)
    --- PASS: FuzzTrie/872737e68b939f0662d3acb3f073b4ffbbb43e3c (0.00s)
    --- PASS: FuzzTrie/876366f091a25360ea05ed65a3e408fff9ea6f05 (0.00s)
    --- PASS: FuzzTrie/879903f2af64d1230562e9d38979d24c2fca7d24 (0.00s)
    --- PASS: FuzzTrie/87c08b5d89ec6ec450c82f8fe100633a0a525af5 (0.00s)
    --- PASS: FuzzTrie/87ca85cbb26f904210c2fe9ab4aec52df74808fa (0.00s)
    --- PASS: FuzzTrie/87fac71a8cb330514239d893640d6e9fbfa5cf62 (0.00s)
    --- PASS: FuzzTrie/87fc7c96da7023d0b565a318898d9782cda3ba63 (0.00s)
    --- PASS: FuzzTrie/8819ed61c104244ae7d2f779819973f8b0aacf78 (0.00s)
    --- PASS: FuzzTrie/884bdb04feb7a61da278be9a61fe5b99e9012d6d (0.00s)
    --- PASS: FuzzTrie/8932b2b85ffefcb64626ff937d1a5286a7e262ce (0.00s)
    --- PASS: FuzzTrie/897351a7e6d599f70b6d1fcd770faca2012e60ff (0.00s)
    --- PASS: FuzzTrie/8a378803b72dfabb18fd593e5257a41590d73350 (0.00s)
    --- PASS: FuzzTrie/8ad4632acb2352aba16c49f7abb8d754b3c8f8ad (0.00s)
    --- PASS: FuzzTrie/8ae26814954451c1f92c515a6df2edeb1e0b8736 (0.01s)
    --- PASS: FuzzTrie/8affbbb61ebfc293042f5041f92d1385f2d73ac5 (0.00s)
    --- PASS: FuzzTrie/8bbe68f53c62e7ded058212fc9a2fd544405d232 (0.00s)
    --- PASS: FuzzTrie/8cc99886e2d64336057cddc0e687dc9f849cac7a (0.00s)
    --- PASS: FuzzTrie/8ccbfd4850b4c4a5df6205eac1f8008a93a9fa7c (0.00s)
    --- PASS: FuzzTrie/8cd4870e8925761f477068502b1d6f44ef56d406 (0.00s)
    --- PASS: FuzzTrie/8ec095a4a0a500447e566e87315607795a219be5 (0.00s)
    --- PASS: FuzzTrie/9017c0d90187d00b11d18c2235e25ddf17ded699 (0.00s)
    --- PASS: FuzzTrie/908799a25dc91399efc78136ba8a282d2b49f6a0 (0.00s)
    --- PASS: FuzzTrie/911bcadf1799c6e07638669c622891fb2bbaa325 (0.01s)
    --- PASS: FuzzTrie/91419184abc9db41cd2978c68107a2c6b650bb3c (0.00s)
    --- PASS: FuzzTrie/915526e269ddcd5820cd23f2182d08e69b84ac5e (0.00s)
    --- PASS: FuzzTrie/9300c3339b1841af13970ffdbcccacf7baa7f091 (0.00s)
    --- PASS: FuzzTrie/931827e482580d64aa9831fd445fadb38c7a19d3 (0.00s)
    --- PASS: FuzzTrie/93b6901edee16a62c5e178f6f5273603a9cce4ec (0.00s)
    --- PASS: FuzzTrie/94c835e045160de793c0cdc97843236b3ea0c158 (0.00s)
    --- PASS: FuzzTrie/95a7c75a1c8eb8d7d454993ebe03d8ea9008d68f (0.00s)
    --- PASS: FuzzTrie/9652df2ed5bfec05eb9c9903a9b4da0cfe35b602 (0.00s)
    --- PASS: FuzzTrie/965c4822f2f6925cb12aa00b22063ba624dda934 (0.00s)
    --- PASS: FuzzTrie/991bf5d1bb549b1afca877c547db178b6f091000 (0.00s)
    --- PASS: FuzzTrie/996a234bcafdf17388d1b9a686c53372ec13c86e (0.00s)
    --- PASS: FuzzTrie/99b553d28aa33cbe3e5205085b857f36e7074f69 (0.00s)
    --- PASS: FuzzTrie/9a0eccf3409ed5a73d00e633e6c527220b70a7e0 (0.00s)
    --- PASS: FuzzTrie/9ac17da751e94c138d6d5ba431ef73c045c3e185 (0.00s)
    --- PASS: FuzzTrie/9b53233072fe03c24c2dafd8ea4ea05346c0e5b9 (0.00s)
    --- PASS: FuzzTrie/9b99ca5a82629d86760451e0e2748586c96b1d86 (0.00s)
    --- PASS: FuzzTrie/9baaf14174e4fc994461292f8fa9004afee0eba2 (0.00s)
    --- PASS: FuzzTrie/9caab6470c42e800cb3d6145b71598c76a54d9a2 (0.00s)
    --- PASS: FuzzTrie/9e0656c990a21be15b454a94a39a2d665c5c52e4 (0.00s)
    --- PASS: FuzzTrie/9f53f6ab101ccc7c2e231ad3664962ce0cc4bf3b (0.00s)
    --- PASS: FuzzTrie/a049d1c5ef58d02f37499521a5e5b25f37e705e0 (0.00s)
    --- PASS: FuzzTrie/a0f8ce71ee5832718e46acf86f4bec46c5dbd530 (0.00s)
    --- PASS: FuzzTrie/a16c719b9c71ee162687d61ba2e585d143c61a39 (0.00s)
    --- PASS: FuzzTrie/a20b275e5b5615ed91056b662948f84e14abb331 (0.00s)
    --- PASS: FuzzTrie/a20bbb5835bdd0b8db7fa0c95300ba335141e7a3 (0.00s)
    --- PASS: FuzzTrie/a309e0affd6ca31448b5a9302135891fa07700f2 (0.00s)
    --- PASS: FuzzTrie/a4152afa2fbd597a01a9cb0efd0288ce78cd995f (0.00s)
    --- PASS: FuzzTrie/a44b8a39e2cafa081ac94baa8b219b52182df729 (0.00s)
    --- PASS: FuzzTrie/a4ce550efd6c32a8f673ed707e6a4c8f6081a829 (0.00s)
    --- PASS: FuzzTrie/a4db6fd3d7b8c642fac6e4e10cd95866fcf88767 (0.00s)
    --- PASS: FuzzTrie/a6455fd9a92e1466b8f88e51a7f0c83d73bb523b (0.00s)
    --- PASS: FuzzTrie/a6bd80e178d85d7b27cbd1f19a12c39b76047fd5 (0.00s)
    --- PASS: FuzzTrie/a706bcfe28ea1092ae571e29390a88d0c7761d1a (0.00s)
    --- PASS: FuzzTrie/a7074e7390eb44e124dea6883bc4e33257fe6f5e (0.00s)
    --- PASS: FuzzTrie/a74f8f88696d05e043ea5a0fea326b76ce5ce5cb (0.00s)
    --- PASS: FuzzTrie/a77b895fe8baa599a05d4fc1bf1caa1874424783 (0.00s)
    --- PASS: FuzzTrie/a77f01a150c8d534406ba1d54d00af33d7372abd (0.00s)
    --- PASS: FuzzTrie/a8f15965347fff6261d0893907501e2f5aa4758b (0.00s)
    --- PASS: FuzzTrie/a9a19b96be0833fd171b75239236d3df5a7a6215 (0.00s)
    --- PASS: FuzzTrie/aa5f19c559bbe02673cc65390cb8365156ffe52b (0.00s)
    --- PASS: FuzzTrie/aa609ea863de73871447bc865a86707a9cee0b9c (0.00s)
    --- PASS: FuzzTrie/aab45c9149b93e871968daf7a5199bdecb623fe1 (0.00s)
    --- PASS: FuzzTrie/ab526a5de10ff85733bb2287e5850f4d14e7483f (0.00s)
    --- PASS: FuzzTrie/ab960811726c4969c74803f6937e7353e612bb46 (0.01s)
    --- PASS: FuzzTrie/ac3fa598ed0b7c46f50628218c540196cc763561 (0.00s)
    --- PASS: FuzzTrie/ac5d0345f48fa39ebceedf749b9e6a8365b48482 (0.01s)
    --- PASS: FuzzTrie/aca2618e8c2aa8b5c507cbe88db8cafdb3710d0c (0.00s)
    --- PASS: FuzzTrie/ad96746a948c989b93e6770576d0e1195eb4816f (0.00s)
    --- PASS: FuzzTrie/adc83b19e793491b1c6ea0fd8b46cd9f32e592fc (0.00s)
    --- PASS: FuzzTrie/af3e06f207ccf9e8c6e149efb6365303c614d197 (0.00s)
    --- PASS: FuzzTrie/afc9fa131a589551864dcd39de115161dcc61fd1 (0.00s)
    --- PASS: FuzzTrie/b08c0efac27b5bac2ce5677277541f184d03b55d (0.00s)
    --- PASS: FuzzTrie/b0c4ab5e133878b99abf0463143e5c72e88bfd2b (0.00s)
    --- PASS: FuzzTrie/b119c058903a2095a260660342739b5d8f54dd07 (0.00s)
    --- PASS: FuzzTrie/b1c6b052a74fc6401ddaa999dd462e95c0d3194c (0.00s)
    --- PASS: FuzzTrie/b239d55d7d57523b41a401e4d2bc011fc19670b6 (0.00s)
    --- PASS: FuzzTrie/b26ec870c59b40a1d03a36fffc144c96b14998ad (0.00s)
    --- PASS: FuzzTrie/b2a4506139627ee832fda18d31629a069cbabe7b (0.00s)
    --- PASS: FuzzTrie/b2c3518e0996ce802cfcb18015240556fec36e60 (0.00s)
    --- PASS: FuzzTrie/b36c379265fdf6ff8801e0571e53bee0e731656d (0.00s)
    --- PASS: FuzzTrie/b39b999c2c22e21eda767d2308c549922b9e5172 (0.00s)
    --- PASS: FuzzTrie/b3cc33df5b66c8575aade3de6038346ef935371e (0.00s)
    --- PASS: FuzzTrie/b3fce3a01b00b49398f9462aaec44ee3a57f17b9 (0.00s)
    --- PASS: FuzzTrie/b4848bfeea730cd4f501129e0c6b5c3f13737cb8 (0.00s)
    --- PASS: FuzzTrie/b4db8c8bf0c95ff9061372dae5ca88bfdbd237e2 (0.03s)
    --- PASS: FuzzTrie/b58f814046db6675d44ec13c7b80cdf006af3a4f (0.00s)
    --- PASS: FuzzTrie/b703f86c51d8b37f744467d2e68e5f506c65ffc2 (0.00s)
    --- PASS: FuzzTrie/b72faac98d102d89733903c14d3a7854fcd11cda (0.00s)
    --- PASS: FuzzTrie/b85872c58a1eff7765372026d4850e9e7ac70439 (0.00s)
    --- PASS: FuzzTrie/b8682265ca20b54f38fdc4d3454a028a36ef889d (0.00s)
    --- PASS: FuzzTrie/b8b1c4f71e5dabf183079b328e290495dd1c333e (0.00s)
    --- PASS: FuzzTrie/b934db928f5dae885e56233c5f611eb34e50954f (0.00s)
    --- PASS: FuzzTrie/b991d62bf26e684e754a8623c269c4f8f8c71dfc (0.00s)
    --- PASS: FuzzTrie/b9ad72fb52faca7dea0567e1f843c86528fc5cd4 (0.00s)
    --- PASS: FuzzTrie/b9c9f45e16cff9b10472557032b3d2cd0e03edc1 (0.00s)
    --- PASS: FuzzTrie/bb1e5e2b32392762140a1c213a43b58af90802fe (0.00s)
    --- PASS: FuzzTrie/bb2fac10cd03015321dd0d967b835ba654190333 (0.00s)
    --- PASS: FuzzTrie/bb3310dc9e74adaafe8511256938599349f5627a (0.00s)
    --- PASS: FuzzTrie/bc55b59bda2ae4971f6d40d52c8c8b24a89eb8a7 (0.00s)
    --- PASS: FuzzTrie/bc61ac4386d44e6ff0ca609bdc910e509fcdacec (0.00s)
    --- PASS: FuzzTrie/be3ced41f2255e439a6735389239284b5af40b54 (0.00s)
    --- PASS: FuzzTrie/bed416558e54aea926dc2f765b39dbcfcfc7ea7c (0.00s)
    --- PASS: FuzzTrie/bf2c62d4a5f2265ae666e014eb97b5ca7be849b4 (0.00s)
    --- PASS: FuzzTrie/c039a2f6fe259c89b3e7a5abf86bed552bb710cb (0.00s)
    --- PASS: FuzzTrie/c0aac82ebc4d858315d3c5aa2c4b9db9a0687066 (0.00s)
    --- PASS: FuzzTrie/c13503b2da0ce48c87732321530208a6ca36228c (0.00s)
    --- PASS: FuzzTrie/c18260797c4efa008b49d0b2e41c395e56f9ac58 (0.00s)
    --- PASS: FuzzTrie/c189aae4b2db522266607791d02257b7120ede2b (0.00s)
    --- PASS: FuzzTrie/c3118c30d609858897c346cfccbbc307c3ac8773 (0.00s)
    --- PASS: FuzzTrie/c37908363bac31ce04fd2960e409e6a828a1d321 (0.00s)
    --- PASS: FuzzTrie/c498b2e0d87a2435f8cb467250ea340c10b3be06 (0.00s)
    --- PASS: FuzzTrie/c4f0c1446f66c53fa8e67e03b022b3e7d2c8893d (0.00s)
    --- PASS: FuzzTrie/c50ffa38f71d1f9d66b96beab1a6fa79b61539be (0.00s)
    --- PASS: FuzzTrie/c5a3bd30675307df3b397b1856e588174e6836b0 (0.00s)
    --- PASS: FuzzTrie/c5bc942a35f81e26a2ae3810787e8a98d222601c (0.00s)
    --- PASS: FuzzTrie/c745bc0211a0626ee72e5a17f5d147748ee71913 (0.00s)
    --- PASS: FuzzTrie/c820b06230ab6157dd554f9052034f75b933af94 (0.00s)
    --- PASS: FuzzTrie/c9ef70a41498cc175871b18ffc015cf57bd2c5d2 (0.00s)
    --- PASS: FuzzTrie/ca398638faa65cfbd9f6475b574d57419d27757f (0.00s)
    --- PASS: FuzzTrie/ca733323886b0659b0860cd51ab3da1fa81ca0e8 (0.00s)
    --- PASS: FuzzTrie/ca9c9320485f90f6d5006839ca83fd2a2797d658 (0.00s)
    --- PASS: FuzzTrie/cbac0bf39a920ef907a72bdff7904858db985fa8 (0.00s)
    --- PASS: FuzzTrie/ccfcc43b8e67a45ead3c5b81299ec7ac68b746b2 (0.00s)
    --- PASS: FuzzTrie/cd115d5d0a8daf30ef5c5543610bff4b0142cffc (0.00s)
    --- PASS: FuzzTrie/cd44b0acc75aa62efdb2d58d468b1731f8f59504 (0.00s)
    --- PASS: FuzzTrie/ce1b434b5a1ffda56bcc86364c1c9daeb072f1ce (0.00s)
    --- PASS: FuzzTrie/ce1fc241e5df48ccd712e81a724607c11d39013b (0.00s)
    --- PASS: FuzzTrie/ce3e32348c37614b1e7ded1543533c6c2f818c97 (0.00s)
    --- PASS: FuzzTrie/ce757d141b93fdb45bfa6e373f27b111dc62c991 (0.00s)
    --- PASS: FuzzTrie/cf0e687f1ecc0c56be51b0374f6c3fafceaa9b38 (0.00s)
    --- PASS: FuzzTrie/cf59de8d8cf27090ede8c1cd572dcc8587c50b91 (0.03s)
    --- PASS: FuzzTrie/cf690f6809de5454424fb5fe29db37996f19eb2b (0.00s)
    --- PASS: FuzzTrie/d04730f861ef035437bd989a76b9e2ff6d90b9e2 (0.00s)
    --- PASS: FuzzTrie/d05c31b38a98816242b13cc5fd18ae9cb337fa6a (0.00s)
    --- PASS: FuzzTrie/d0c68cae2204dfe78a0f6a07e8b0892faab284e7 (0.00s)
    --- PASS: FuzzTrie/d1927170deab3d025c56ead6576da2cbfcc89932 (0.00s)
    --- PASS: FuzzTrie/d1b89fb7d49e68d2686a2f9cad7d6be7f8800ac7 (0.00s)
    --- PASS: FuzzTrie/d2351aa3590ae429dc592f028801ec71610a2429 (0.00s)
    --- PASS: FuzzTrie/d30b6226d54728e19e461bb700ac98f8aab66e3d (0.00s)
    --- PASS: FuzzTrie/d38ef1268d5c16d2db31e3691a5a48225b16435c (0.00s)
    --- PASS: FuzzTrie/d3f7afd8f69c6366fb4026832b60aee8a3e17bd7 (0.00s)
    --- PASS: FuzzTrie/d4bedb7e3c89f885237e17c0fe806f684695d41e (0.00s)
    --- PASS: FuzzTrie/d4fcd8482273184d5fda3c009a4930312a07c11b (0.00s)
    --- PASS: FuzzTrie/d62b63f52a9522c731a181a203f7bca06434e9e9 (0.00s)
    --- PASS: FuzzTrie/d6390554e80b1703d4288d70df66cb3f28e83313 (0.01s)
    --- PASS: FuzzTrie/d67d6395dfd1d3227c6ea0b6ab2435a45a612ec4 (0.00s)
    --- PASS: FuzzTrie/d72b5020a08a1ec0d69d3ce35a0915dcb8cda47e (0.00s)
    --- PASS: FuzzTrie/d78ba3ffbd8d576cce082a603d03b0d6ba0d7cda (0.00s)
    --- PASS: FuzzTrie/d7d79bae0f6eaa87892f36eb61b23cf45d593a6b (0.00s)
    --- PASS: FuzzTrie/d8343bbb9a48ee2ae51f993514a4d8847e8d2903 (0.00s)
    --- PASS: FuzzTrie/d83975ee43166e41d7fde045afb05c64c119cc8d (0.01s)
    --- PASS: FuzzTrie/d8b7de72f5273095696cbbe1be370be73361e8b7 (0.00s)
    --- PASS: FuzzTrie/d8e63a0296143d5a8ecc320d65fe67109d39be7f (0.00s)
    --- PASS: FuzzTrie/dbeed8c0e1caa7355c3b8c43a6354709b94488d4 (0.00s)
    --- PASS: FuzzTrie/dc0c24291611dcefeff2ae89e29baf2b7905f36d (0.00s)
    --- PASS: FuzzTrie/dc854de1590e5ed0a2647312a6aba2f02a96dbfa (0.00s)
    --- PASS: FuzzTrie/ddfb0a6baf3dc34a7b12ead860aed9dbb199139c (0.00s)
    --- PASS: FuzzTrie/de89b3e1454083694bb067a420b14e77fe570882 (0.00s)
    --- PASS: FuzzTrie/df00240cbdd62835b36aa39f586b45bb600baa73 (0.00s)
    --- PASS: FuzzTrie/df5934693e84b24d0821abe9caebb8d4453b451a (0.00s)
    --- PASS: FuzzTrie/dff82a80c6e9b95461be4b0c06d961416e55ac2a (0.00s)
    --- PASS: FuzzTrie/e0ef25fb626742eadbc9f1801ea7aaf8fd102575 (0.00s)
    --- PASS: FuzzTrie/e21bed6db25d4aec9a4000eefff19b025e1d8641 (0.00s)
    --- PASS: FuzzTrie/e230f66f8645ab9319a929f0979f55a17ee2796f (0.00s)
    --- PASS: FuzzTrie/e24297efa12da5d28d672089136ae3c10698167f (0.00s)
    --- PASS: FuzzTrie/e2a85ff18200eb5deba17ca66f90c30dfe03d3be (0.00s)
    --- PASS: FuzzTrie/e38b36b26baf922633a903b81ae16b055f8eebc2 (0.00s)
    --- PASS: FuzzTrie/e420b158b48560f15df0d5d4486e3809af2498a5 (0.00s)
    --- PASS: FuzzTrie/e49d6f0ab622b4aaa8db6b76ff4e0d6bc29509ba (0.00s)
    --- PASS: FuzzTrie/e4aeb4addedf998ef6af6bb40e2a015e907f3249 (0.00s)
    --- PASS: FuzzTrie/e4b94f19ae65e4d423e7919663a51737bb7ab230 (0.00s)
    --- PASS: FuzzTrie/e51314cabfd233c1c469e8518891d81ab795962e (0.00s)
    --- PASS: FuzzTrie/e6385b421fd0c8e4da3a48082cd52123f6a29783 (0.00s)
    --- PASS: FuzzTrie/e70ad574385245584e94fa8e353acb86f478871f (0.00s)
    --- PASS: FuzzTrie/e739810c932f28eadd6db749cf0a0fe60657bd0b (0.00s)
    --- PASS: FuzzTrie/e7bac64beed00ca7920dbe108b3620e8c57e6be6 (0.00s)
    --- PASS: FuzzTrie/e89f871acea6f7b42df026d262e2369d7e6644bd (0.00s)
    --- PASS: FuzzTrie/e903a955ce5ff86c16c332b29edecc596c814ea4 (0.00s)
    --- PASS: FuzzTrie/ea1e0165f7878999faa595cee647c007e792139c (0.00s)
    --- PASS: FuzzTrie/ea3e65eb15a74af138fe80133db9fbe4960d91ed (0.00s)
    --- PASS: FuzzTrie/eaa5ebaebbba8c01d0233fb1b050ef59c2f1f834 (0.00s)
    --- PASS: FuzzTrie/ec2bde2ea88e76c9f8468e6214d8efbcdfde7c80 (0.00s)
    --- PASS: FuzzTrie/ec73be25fb28e3247b9bbceb6296fa5206a682b0 (0.00s)
    --- PASS: FuzzTrie/ec7e890f0aa3087b34385004133a5deaa146974f (0.00s)
    --- PASS: FuzzTrie/ec915fd6465bbfb071e5709c2d638c34670d07d5 (0.00s)
    --- PASS: FuzzTrie/ecb34757896c7d3c3895b82f161cbc49a081be34 (0.00s)
    --- PASS: FuzzTrie/edbff630df4f410f13f890a22980fd89008ebbca (0.00s)
    --- PASS: FuzzTrie/edc8304245b62eb4332be169f01b05a3815a0ccb (0.00s)
    --- PASS: FuzzTrie/ede39b72afa3aff3980fb6de8d8ae09b60f120ae (0.00s)
    --- PASS: FuzzTrie/ee55c770ca1d6d01650d6d3ab00565240c8098d2 (0.00s)
    --- PASS: FuzzTrie/eef5f7d6f72c455128416a441615c8e3bde2f4c6 (0.00s)
    --- PASS: FuzzTrie/ef4d11115ace632a5ee95848a268fbf811d9bf22 (0.01s)
    --- PASS: FuzzTrie/ef88203fc2975ec3b7a18d1e446c54b1f00e3d79 (0.00s)
    --- PASS: FuzzTrie/efac0e105f15b1946d7ff6eb40de5564e17afc04 (0.00s)
    --- PASS: FuzzTrie/efe5d91a4a2dc2608928be2ff6b479d523e32dec (0.00s)
    --- PASS: FuzzTrie/f03a376fa1461714e96765074ef3fda7521d68e3 (0.00s)
    --- PASS: FuzzTrie/f0befaea13b5dc97579584bbaa922379b1504843 (0.00s)
    --- PASS: FuzzTrie/f1bf54d51c5dad9af525a0c236b9272562934735 (0.00s)
    --- PASS: FuzzTrie/f1f65302f47c3e66cd921e7c1b9e232a27b7d7a5 (0.00s)
    --- PASS: FuzzTrie/f266e2c24a5d615277a636777bfd6efee3be5a59 (0.00s)
    --- PASS: FuzzTrie/f27b3deec4c4a29bf4baa2e0788dadaf2318b3e4 (0.00s)
    --- PASS: FuzzTrie/f3dfe0572e54e4e297d1ab5727de7adb9c53ee63 (0.00s)
    --- PASS: FuzzTrie/f4fa0c15d8087ff28931569dd082f8d43a66ffaf (0.01s)
    --- PASS: FuzzTrie/f54ab676b6be8a617ad287cc2bc6ab1bdf35b723 (0.00s)
    --- PASS: FuzzTrie/f54fdece32b80be4c08135fb5726218dc37fcf94 (0.00s)
    --- PASS: FuzzTrie/f58a35ec53879d6ece099fd0b53508c412446604 (0.00s)
    --- PASS: FuzzTrie/f59205935eca049ff2b70f440ac09a4655c62d07 (0.00s)
    --- PASS: FuzzTrie/f5928971641bece421939ea1bb1fe1ada8993bbf (0.00s)
    --- PASS: FuzzTrie/f61e34441a1fa0e1954f04cb15afe5d472fb4236 (0.00s)
    --- PASS: FuzzTrie/f61fabf6f8d5fd881a3eac9223466f9aa22224e5 (0.00s)
    --- PASS: FuzzTrie/f6b36e8421051282867b1c7b6a4c03bb41977c6f (0.00s)
    --- PASS: FuzzTrie/f6e8382f4215137d29ba3d986138efebc5533c4b (0.00s)
    --- PASS: FuzzTrie/f735e8672d9d59b7759ff5600e0ebaed721d295d (0.00s)
    --- PASS: FuzzTrie/f783ac4fe6f593658c0d9f8e49d626b7870b00d1 (0.00s)
    --- PASS: FuzzTrie/f78ecb54cee772487c029166c10210882e475694 (0.00s)
    --- PASS: FuzzTrie/f91ae8cec679135f20310085e61470d8ddcdd3c2 (0.00s)
    --- PASS: FuzzTrie/fa54660d537c3a90093746340e871ed74dedd6a5 (0.00s)
    --- PASS: FuzzTrie/fb384bfeb66560521bcaf9fb5c0487caf9a607f6 (0.00s)
    --- PASS: FuzzTrie/fb822d02077d022a7c493b2b2e29f2154e6e94f0 (0.00s)
    --- PASS: FuzzTrie/fbb1c1c2de82ed3cfe251748e1e34822d731551b (0.00s)
    --- PASS: FuzzTrie/fbef1ba2d2f6d200c8eba2eabcc03f7a72658c17 (0.00s)
    --- PASS: FuzzTrie/fc979761bdf0f8db2669c51844a0ebabc3795fd8 (0.00s)
    --- PASS: FuzzTrie/fe1fb7cdd52cea6a11e285985c317a1dbd251467 (0.00s)
    --- PASS: FuzzTrie/fe6b60c21ad4664ee91dc19e0188397ede645963 (0.00s)
    --- PASS: FuzzTrie/ff83227c60d3915e8e52e2dd76dfa3876506cb3a (0.00s)
    --- PASS: FuzzTrie/ff9a9b7a4c7e3e120c241e2ed0025cd997b910d5 (0.00s)
PASS
coverage: 88.1% of statements
ok  	github.com/morph-l2/go-ethereum/tests/fuzzers/trie	0.609s	coverage: 88.1% of statements
