=== RUN   FuzzTxfetcher
=== RUN   FuzzTxfetcher/00968c171d1d0f25a42b367c7374583841eef9f7
=== RUN   FuzzTxfetcher/00da6afce38b253503083ffde3ce71c195df8f9f
=== RUN   FuzzTxfetcher/016022a606f81522acff0495755c9a87b5c719cb
=== RUN   FuzzTxfetcher/01a39f7e556bc8c7595f259300f9e7807d73d497
=== RUN   FuzzTxfetcher/0233316e60b9ff1d366901d3af412c6b4532dfee
=== RUN   FuzzTxfetcher/02c0e8e50d5dbd8bf9407125c3e51aec640a1183
=== RUN   FuzzTxfetcher/02cc5ef0a459028e1a5816dd8c31ffd9c1bbccc5
=== RUN   FuzzTxfetcher/02d0f1672a87a27c4ad3b99f94eb57b0ea7f5cd1
=== RUN   FuzzTxfetcher/03417bf4ace2e149352cbf8243876523bef9a563
=== RUN   FuzzTxfetcher/043954d7d1b617e54a2fe8b9b04232f42a36992b
=== RUN   FuzzTxfetcher/04735112836e89499a9b0a2b8de124b6f7887e6e
=== RUN   FuzzTxfetcher/04b603a1c9fb03e51e99805e69c2b1a01fa4fe2b
=== RUN   FuzzTxfetcher/04ba8d40a46765eaffaa65ebb661982098381448
=== RUN   FuzzTxfetcher/05100811fd33ff1624803b45337d44a6d48b808e
=== RUN   FuzzTxfetcher/059d165cd5b672b566bfafa1f4bb472be81a4a2b
=== RUN   FuzzTxfetcher/05b67a621ef08c1bc491101db938763586bb32a8
=== RUN   FuzzTxfetcher/05ecaf0c4ef70b652452fa94c33177a49eb5bf73
=== RUN   FuzzTxfetcher/063e984a2326580bba1e3f1df2cee8f726244668
=== RUN   FuzzTxfetcher/0669ab07a068a8279dcad66a9e397c018ed33e3b
=== RUN   FuzzTxfetcher/072c5cc95701bf678a9493598f0729b06748322a
=== RUN   FuzzTxfetcher/07cef6788d31e2e2ff62b2fda376453312b6d68c
=== RUN   FuzzTxfetcher/080ab0fd85267b9bb224f495dc194ab6f12f787a
=== RUN   FuzzTxfetcher/08b5e192baef349fc5d7460ad8728aa7461c8b60
=== RUN   FuzzTxfetcher/0a65df448bc91e900648e70614b15f320e6708d4
=== RUN   FuzzTxfetcher/0a84179f6b3a380310b58c492ffef8fa32fc1d36
=== RUN   FuzzTxfetcher/0a99afb14cffbe8ed7ff9be2f3fe87f58adb5b84
=== RUN   FuzzTxfetcher/0abdce4d0e45705ad8198e053a016767e9b9254a
=== RUN   FuzzTxfetcher/0ad743f1479a078004de864cd89bec57b38e1a6f
=== RUN   FuzzTxfetcher/0c6a984cc7d72a9b51d0307c97d332c666b27618
=== RUN   FuzzTxfetcher/0ce55f9767ca397a1173b7f10157bcd6f6cb8bd4
=== RUN   FuzzTxfetcher/0d45cca825aedacdf662aef34acfa11103a04900
=== RUN   FuzzTxfetcher/0ddd920866b76a07ff2c08cbd8de39ee8ddc6dd5
=== RUN   FuzzTxfetcher/0e5e281cc91a6f95106b75bc73b4e6ffaf44739b
=== RUN   FuzzTxfetcher/0eb16987769ec8733519abf302916814b033e029
=== RUN   FuzzTxfetcher/0f3f9f912bcad7f524d059e81d0abfe55659c8bb
=== RUN   FuzzTxfetcher/0f6821ec7d4c14d1bc4d8e59507d6b24ff4da011
=== RUN   FuzzTxfetcher/0fc9e31c35e59b77dc2dc4673e0a6c5e2ca00d5b
=== RUN   FuzzTxfetcher/10093d7bf736a7b4b38f7c7d5ae5b5360e0b312f
=== RUN   FuzzTxfetcher/1012200d0559a0b76bd7be677d9ef44ef9b9a595
=== RUN   FuzzTxfetcher/107ba8ee3d6aa585531fbe86a0ca05497aa694f7
=== RUN   FuzzTxfetcher/109c89ae1195965c85442d511bdf5bdbc2b3ad40
=== RUN   FuzzTxfetcher/1123bc6b05231150303313ea118285694808e89b
=== RUN   FuzzTxfetcher/12d440f9f316cd7d46f5bd746a2a6c630ae2b5ba
=== RUN   FuzzTxfetcher/139d7f6d71040ffc3e0064057ad68d9e0c452c2b
=== RUN   FuzzTxfetcher/14758194c5f11f3a0d52cc4c6c431b291711db0b
=== RUN   FuzzTxfetcher/14ac75f2b63b27a96abdb4f7ca2044e895aa218a
=== RUN   FuzzTxfetcher/15657a1ab6e04676e9547325e958e923879af59e
=== RUN   FuzzTxfetcher/16b789a5f3bc4845e2cbb17423f11dd1392a1cd0
=== RUN   FuzzTxfetcher/1767c32d1867265f466ab67869ee52c41cb1165a
=== RUN   FuzzTxfetcher/17c59b243d3fce6879efe17b4262feece92f8210
=== RUN   FuzzTxfetcher/17fb8597b2c5447b3ca274b71291ef2cef5926b4
=== RUN   FuzzTxfetcher/1898861e0fc506b2d9cd9729a74a8c3ca06cec5f
=== RUN   FuzzTxfetcher/18c543cb16af4ccc68eeb8ed61ad8865dff6c325
=== RUN   FuzzTxfetcher/19addbc2e4ea3bf11291785299d24448204e48f4
=== RUN   FuzzTxfetcher/1a67ce6774cfe551785259730f93bad00bfda8c3
=== RUN   FuzzTxfetcher/1ad5fc8be6b34f16e6b09efda96133d66ce2ece6
=== RUN   FuzzTxfetcher/1b254ff227ff26f87035ae269be923ca463263f5
=== RUN   FuzzTxfetcher/1b92591d5dc7ac88c415ba173b316f611c047f52
=== RUN   FuzzTxfetcher/1bca179063feca07c6651d4fae18e6712fbac27f
=== RUN   FuzzTxfetcher/1bfeedd820f8563ca83501f355ac141518315412
=== RUN   FuzzTxfetcher/1d7bc4e5e2e37c80ca8b6f37869967622500f956
=== RUN   FuzzTxfetcher/1e6037967eda9e5a81b38b8b77d64913ffd35d95
=== RUN   FuzzTxfetcher/1e6fa526650f87cfc437c5d4960bee1cacebf90f
=== RUN   FuzzTxfetcher/1e847ea6428b6b86f10873c8e65004c7a63fb2ca
=== RUN   FuzzTxfetcher/1f13f179a5b9733d58bce3b29ef5ee7618c416f3
=== RUN   FuzzTxfetcher/1f94ee84af0bfd4f852dce5218f1453895bd19bf
=== RUN   FuzzTxfetcher/1fc2daa70dee5dc71cff0d2202325aa45160263c
=== RUN   FuzzTxfetcher/1fcb06245d9d118967920fb00b3d3b0980f88607
=== RUN   FuzzTxfetcher/2046bd3b0fb35ff88709afce091ed8f140098caa
=== RUN   FuzzTxfetcher/206cff87928e696bedb9cbb351c830f4f6770068
=== RUN   FuzzTxfetcher/20721dbd6a0bd4c15bec720082f4a0d0f27266fd
=== RUN   FuzzTxfetcher/2087c9259d16ca61c370e867fb41b303a6b70d46
=== RUN   FuzzTxfetcher/21a0477e6cec3649f5441118c6b5f20a3384dbda
=== RUN   FuzzTxfetcher/232170ec0ce868c1065b2d7b21372c077b303849
=== RUN   FuzzTxfetcher/23ae7f049deb887bb7702b95d9e2647d42b7b1eb
=== RUN   FuzzTxfetcher/254dbf5a5d54f7c0f59d2e7e3e8ce0fccce46529
=== RUN   FuzzTxfetcher/2573f163e96e6e61dbd763d915d5caa10965b5ed
=== RUN   FuzzTxfetcher/25d749653e547aa7c16b77b2001a7da7b05187bf
=== RUN   FuzzTxfetcher/2704a10213091f38f5cc295c5887cf9d8ca6b2b3
=== RUN   FuzzTxfetcher/273c8c9b3b965b0b6b5f0f45e8774865acef11a2
=== RUN   FuzzTxfetcher/27700d1d5d05b507834092da6675f4ba5016471a
=== RUN   FuzzTxfetcher/27ff10216d7d51d3af8879568d383323d51cc708
=== RUN   FuzzTxfetcher/29b6526d5703b8d7e36e6b5f62eb43ecb23c1772
=== RUN   FuzzTxfetcher/2a430d1021c43318bbee1ee9c4d0a7f21de9d394
=== RUN   FuzzTxfetcher/2b33ab21b0f2dc86e60b87a2613f5bcf5efc3285
=== RUN   FuzzTxfetcher/2b97e6854aa02d86ad93f90d22682e11518d3665
=== RUN   FuzzTxfetcher/2ba328da1dada4366fda578c97e7ae51259c6f0e
=== RUN   FuzzTxfetcher/2be8c5648449ec42fea147b5a608274ac72a6fbf
=== RUN   FuzzTxfetcher/2c1b3d1a8245f00b3bbb1c3cc531a84eb9a89fe0
=== RUN   FuzzTxfetcher/2c2b993937b547be4422b83c57f274d0d0bfdb60
=== RUN   FuzzTxfetcher/2c6a2842ab1510b8d8ef48d50d55fc721a4765af
=== RUN   FuzzTxfetcher/2c9662bf0b5e7719da9abd987428a21b2a72afd6
=== RUN   FuzzTxfetcher/2cf2fbeb67395e7dcb5d645b6b8f533f30d50213
=== RUN   FuzzTxfetcher/2d4d051d1b87c33c88cc3186db5be23659859510
=== RUN   FuzzTxfetcher/2d597b4bd4d973da711a920f32e6bea281aa5a6a
=== RUN   FuzzTxfetcher/2e2f486bd30b9aa4c7cbccb55adb9faf725dccb8
=== RUN   FuzzTxfetcher/2ea5559d48d80f5fdeb5576e2844c87f7516dc02
=== RUN   FuzzTxfetcher/2ecff9014e2e50bc72b923f0545b0f378a78223f
=== RUN   FuzzTxfetcher/2efa64bf961448474773f80a68e5ff3a7f8a516d
=== RUN   FuzzTxfetcher/2f6a720c110f50b89eba3723d3ff8d9d1c6cf2af
=== RUN   FuzzTxfetcher/30623edbcf633bc5155f7ace3b1e3c09f9c7510b
=== RUN   FuzzTxfetcher/30ca206e5b26c60791a10ea92780d0eb4573acda
=== RUN   FuzzTxfetcher/31d64bf8d7ea22f1f985e43bd53d153bf7074889
=== RUN   FuzzTxfetcher/3228855954f3546ba5f84677f14ad36e2a87bc97
=== RUN   FuzzTxfetcher/3290b2c33606ea92042cf201477d9008b98b0994
=== RUN   FuzzTxfetcher/32eed2dd37c8e69f01af4f5efd7c6e4a1bd6d880
=== RUN   FuzzTxfetcher/331edd59cd4d12fc550e60de73427facaf78a7c1
=== RUN   FuzzTxfetcher/334e777dbbfb356d54446ee9b6cde2b86a4267e0
=== RUN   FuzzTxfetcher/33e794a01118b8e5c17ae30d655f246aeb9fb131
=== RUN   FuzzTxfetcher/344d6ffeb70053cde7ea330c82d9d1a3eb34f2bd
=== RUN   FuzzTxfetcher/3451c435785ee3083b1dd131f1b7bf547a4152ba
=== RUN   FuzzTxfetcher/3512841b3280f5e209cde5b185e6fd8a36579659
=== RUN   FuzzTxfetcher/352827a9ad9bdb40052f1ce3c6ca2ceb82c1919f
=== RUN   FuzzTxfetcher/352b7759faaae5f4b1a1dc150e1070e0d1d741ce
=== RUN   FuzzTxfetcher/3535b46e374d28f93c0eb255abd6eab5f0134f56
=== RUN   FuzzTxfetcher/357be12ff0b7fcff06ce6c9e8af823b870b9c632
=== RUN   FuzzTxfetcher/3601c48f7cf02d36fd4a02cad2a0fb627bc5bb27
=== RUN   FuzzTxfetcher/379d9c74f0d9abf34b7f50adde7e3ce27b30aa28
=== RUN   FuzzTxfetcher/38443478bed386497106646282e3b2e02fca0555
=== RUN   FuzzTxfetcher/3855e252f33b1163bcbcf4c2b741236335222bcd
=== RUN   FuzzTxfetcher/3866fded438f5365f8d64e850428900a2dd1829a
=== RUN   FuzzTxfetcher/386b82f4eb6753018956392ee2d30bb692211cd5
=== RUN   FuzzTxfetcher/38d030a2f55eeb3e8d3c073765fc87bc2d239f10
=== RUN   FuzzTxfetcher/39101a79ff86b6bda5195a4685ca4a24d3ddda48
=== RUN   FuzzTxfetcher/394820744af0680f978e512e37c63542654b3ffd
=== RUN   FuzzTxfetcher/399f17287387177a3157068200c5614e0c473afe
=== RUN   FuzzTxfetcher/39ebd696aeb13afcde39a2e327b8712d8ef18029
=== RUN   FuzzTxfetcher/39fd5492b739400ee59be225d492d8544ac141ab
=== RUN   FuzzTxfetcher/3a2b96538f54d218270e05d0bf929b161cb09cdb
=== RUN   FuzzTxfetcher/3a7e536e8ccead11510aaa0ae971d59e79c73757
=== RUN   FuzzTxfetcher/3a905c181ff3188cb1c89c56f9866c93950e648e
=== RUN   FuzzTxfetcher/3b08ba1cb17bbef0d13e2a7a4c7b028ad347f76d
=== RUN   FuzzTxfetcher/3bb008cd99098d684dd2ae6ccfc833925826703f
=== RUN   FuzzTxfetcher/3bb1a580af45af669071e62bc189b7c88cc34962
=== RUN   FuzzTxfetcher/3c186b084589f07dd5f52a6713865a20d88a49c5
=== RUN   FuzzTxfetcher/3c404d0d06fa2b3e8b7e73f723841e5d8e1795ba
=== RUN   FuzzTxfetcher/3c879ec318190a63011994d1fa0737fb0245b45b
=== RUN   FuzzTxfetcher/3d0a305b84bf14f5509e9854619d1dfc3b5b9ad8
=== RUN   FuzzTxfetcher/3e2b3acd0b292b621f4a5fb10758577e6aec4292
=== RUN   FuzzTxfetcher/3e5951e207c87ddf550e1aa99eb12b468d644b41
=== RUN   FuzzTxfetcher/3ef4eb43e2e19a200e63c634e899c6c72901c4dd
=== RUN   FuzzTxfetcher/405059c7280d352f424929fb6d55785458b998e5
=== RUN   FuzzTxfetcher/40de7342a242a367b6d4360069684ebbbdd8cc41
=== RUN   FuzzTxfetcher/40e7c17f39a2a09628ad99ed68aa5f369c9d0063
=== RUN   FuzzTxfetcher/4187cdb6355ee40befed521cc2c19830caffe306
=== RUN   FuzzTxfetcher/44e455052a648eaeb57272a02556134660d032a0
=== RUN   FuzzTxfetcher/44ecf1b806c93d240595f081798cc104f2a253d2
=== RUN   FuzzTxfetcher/453a30b788a3229ff899c3bdedb4fe06e5caf036
=== RUN   FuzzTxfetcher/4547801a9a642c5e66e3fa55647d795b351fd76e
=== RUN   FuzzTxfetcher/4599a98de5116dd95c62170ef7736f6da530a9ad
=== RUN   FuzzTxfetcher/45d10c68885314adc564d9cbc4116eb3153adf5c
=== RUN   FuzzTxfetcher/45e26e59de307d4f98666c82c952b6b181f7b2ac
=== RUN   FuzzTxfetcher/4603b00ab97c68cb71c3d04d8261d78553fb5097
=== RUN   FuzzTxfetcher/462a2077a3d344b007b1d6ad3fd56dd555101685
=== RUN   FuzzTxfetcher/4698f3f806f6be388103585ae768808f8d23b1be
=== RUN   FuzzTxfetcher/46ac61ba114f160d0ee1bc5c399ec15817b7fdbd
=== RUN   FuzzTxfetcher/46cf3c9f9d69138727771c5a845209095fc056d6
=== RUN   FuzzTxfetcher/47b945008a2a3e89dc01eda30aa7149f7eadf15e
=== RUN   FuzzTxfetcher/4881765061e98e897e67c9c5741fb548b2a8503a
=== RUN   FuzzTxfetcher/49324e0c4369131e8ab9b2745f610c7a29569ad2
=== RUN   FuzzTxfetcher/49426363ace466149a733474ce1ae518c44abf44
=== RUN   FuzzTxfetcher/4942e0153304751a9496cb74e1299fb3c39e30be
=== RUN   FuzzTxfetcher/49ca646938ff8c035f42983d710e13c373a7fb5f
=== RUN   FuzzTxfetcher/4a9d2cfcb576d5997fb373231b38019b517318c5
=== RUN   FuzzTxfetcher/4b45d4072b1945afdcb583b53f7b3a1528c5fbf0
=== RUN   FuzzTxfetcher/4b9b655ad8a60df98136e65a13477d46d759e627
=== RUN   FuzzTxfetcher/4d0319bf1ec0c020ff160674c716d0bc880d4c6c
=== RUN   FuzzTxfetcher/4d23e10bc731f4c5abf4bfcd772d1a982243ab10
=== RUN   FuzzTxfetcher/4d2dc2d3f32f2616864728dc5fd000e50be2ca09
=== RUN   FuzzTxfetcher/4d3da337df609c513d8703f35b5dc4dae7c2917d
=== RUN   FuzzTxfetcher/4d5f645867a4c80184d1951dea59ea882919d3cb
=== RUN   FuzzTxfetcher/4d96e63d8b7ff83917ba2293d3971acd04ec798b
=== RUN   FuzzTxfetcher/4e487775d6d42a378c72593c8bd02dc2cd12ae23
=== RUN   FuzzTxfetcher/4e652f958c6b69fd1712f6e71612ac60fbc02657
=== RUN   FuzzTxfetcher/4eda5e879deab9e31b4aab87ff0bab3accf95863
=== RUN   FuzzTxfetcher/4edd10651dc48c8a64b5daad6592f652b836efcf
=== RUN   FuzzTxfetcher/4f2bac4f2ae14e9173b12cec7d047e1114cf5685
=== RUN   FuzzTxfetcher/4f5941a252543542f986b29fb05f4e93004fa428
=== RUN   FuzzTxfetcher/4f729014e7b97968a377cff6234c9134a366c927
=== RUN   FuzzTxfetcher/4ffe51bf5ab0f5d9a52085613a8026f9f2ae7264
=== RUN   FuzzTxfetcher/51772ce7e60503a1c25742d3aa0c8d62de6778ce
=== RUN   FuzzTxfetcher/51a2d473f5c838ef5d4e05e494f9bf1342e2e06f
=== RUN   FuzzTxfetcher/51ba671629307f6bcc41c52baea182560d755319
=== RUN   FuzzTxfetcher/5239d9b7c1334be5e01c718719cb3a8e67630968
=== RUN   FuzzTxfetcher/525dc5e3ba6c4923d21f91ec6677beee9496cadd
=== RUN   FuzzTxfetcher/54445bcc4afe5159b1108db87869f35faa387c45
=== RUN   FuzzTxfetcher/5536e5dc7b91a8cfe9be04d7bd641dea9506b9ba
=== RUN   FuzzTxfetcher/55ad79f4b2bf973c0abf7c828ad7a63dd0e16973
=== RUN   FuzzTxfetcher/55be3b3013e5095a339817578df7d9f028e4a786
=== RUN   FuzzTxfetcher/576bbcbd5b93b6d97810b3d42d1869d71bb41b44
=== RUN   FuzzTxfetcher/57a1fe77bd6a95cf2e698bb78ae12f425fb8df69
=== RUN   FuzzTxfetcher/57a93c28e87a57319c5f14a6362f0c57119a78e1
=== RUN   FuzzTxfetcher/57ce13bbba40df25cd0d223eb4e50db3376c96e9
=== RUN   FuzzTxfetcher/58f9aeb95b5104bf30559a8a5c5c44f2dcd100c4
=== RUN   FuzzTxfetcher/59ae3afcc40ee2118178b368ab28c621e6e9a8b1
=== RUN   FuzzTxfetcher/59ce13e184d547dc5a5e42f3ecb69d73c078b50f
=== RUN   FuzzTxfetcher/59e89aa330c1aeae53b5c80cde763387640b31ec
=== RUN   FuzzTxfetcher/5a051416480c7445bca690f595db766f655f3156
=== RUN   FuzzTxfetcher/5a5aa1897caaebd6a58b6914876e8272a1333118
=== RUN   FuzzTxfetcher/5b75f0c9dd4b59ee23d5674541c6617cebba18b7
=== RUN   FuzzTxfetcher/5b96f94b85ac0d1d0af5798c44306834e6d1e40e
=== RUN   FuzzTxfetcher/5cd46a81822310fcdb9e82d33b7a1439695b1254
=== RUN   FuzzTxfetcher/5d5d21aaf9f1f800201e0ace6087961617c6d4eb
=== RUN   FuzzTxfetcher/5de43666839043458af3fd30c8d4a8dedc0e8416
=== RUN   FuzzTxfetcher/5f31de06b612b2347fb351cd128076bba00c5361
=== RUN   FuzzTxfetcher/604a5424feee03debec6201c85bf937d8e3722cb
=== RUN   FuzzTxfetcher/608c31e7d98d4b1aae13da4e24056a53ac7adeee
=== RUN   FuzzTxfetcher/60a29e307bc9300c29624f044bb14d7837a81651
=== RUN   FuzzTxfetcher/60f8c841616e43f49e25dbff8aa47c2960e9263e
=== RUN   FuzzTxfetcher/61531bec751399a42193538706c0a3de00aa1e82
=== RUN   FuzzTxfetcher/617301306715fe13068d45df0371506aa6716c78
=== RUN   FuzzTxfetcher/62050eb96a48df71ec0df2f24a9205399c23f54e
=== RUN   FuzzTxfetcher/62416d01ece7e9dcefc10dd28ffb2fdf6a8b8058
=== RUN   FuzzTxfetcher/637d43497f2c309d9ff63bab527da3e679617609
=== RUN   FuzzTxfetcher/639b0bf6ce25835cac9d589a92639758bce59968
=== RUN   FuzzTxfetcher/64be77dbed6f9ee1d10e3cf82864b9f17b0f12af
=== RUN   FuzzTxfetcher/64fffccc2751993554abe0b2a9f217f8a76e3bd1
=== RUN   FuzzTxfetcher/6511a35a3ee5349ad6faaae68cc5906bf7715eb8
=== RUN   FuzzTxfetcher/6545068df6cc7d6061944cde248eeb9738d528c0
=== RUN   FuzzTxfetcher/658dd0f6e9088a169fc3ed32df9153fd8f2263a7
=== RUN   FuzzTxfetcher/659b2ab41c228a1aef5668a903b1acaee010c6f2
=== RUN   FuzzTxfetcher/65ee1ede78c0e2fee8f3147634b9192531f371c8
=== RUN   FuzzTxfetcher/661b71ae034ccc2cb6a0b411f5e11eb5b7a16f54
=== RUN   FuzzTxfetcher/664a863acc9a8bcf084c7457820f5d98b16d9816
=== RUN   FuzzTxfetcher/677214596a58ce38a79177218e6c203dd6d9c44a
=== RUN   FuzzTxfetcher/67a568d5b98bac0535f32a4d7bb5ce988bbea751
=== RUN   FuzzTxfetcher/67cdbd5fa9fbf34c7ac3f806e9ce8cc5fa0cc7b0
=== RUN   FuzzTxfetcher/67fa880e5d3ccfc76cf77faf59e2420a0cf6613f
=== RUN   FuzzTxfetcher/694d8af4cd3aee71eb87ddf6e334096f82d558f6
=== RUN   FuzzTxfetcher/699a7f90273dfa686ae2d65daf47a623ec7200b1
=== RUN   FuzzTxfetcher/69c90d0378a07315946104c200ba688f2b90b3c8
=== RUN   FuzzTxfetcher/69fa4be58d11427966c6aecbf2e83666d864d17f
=== RUN   FuzzTxfetcher/6a18008349bcc41fa66770885f4d7697ff9e9d4e
=== RUN   FuzzTxfetcher/6a1aee07b70fa093732232f1345d0c2bbce02c60
=== RUN   FuzzTxfetcher/6acc5d02b76310adbeafb19658e89f5ddaa81b27
=== RUN   FuzzTxfetcher/6b01f7430d193545b719bf47b3514bc3bbd94a08
=== RUN   FuzzTxfetcher/6b7f672db3b05fdc98c3547d2baa85d5e2cc92c3
=== RUN   FuzzTxfetcher/6b953d31b07c9878c12b46ef82a8ce6377baab33
=== RUN   FuzzTxfetcher/6b993fd060e98a710937f42a2b05997eb0c79341
=== RUN   FuzzTxfetcher/6c7f7c4584f91ececf5dea19f1619cc665374e0f
=== RUN   FuzzTxfetcher/6c9cdad7fb695563dca2b51e74f4d34efd56ed9a
=== RUN   FuzzTxfetcher/6d11149cf32c592109256168649d56f80e2d07d0
=== RUN   FuzzTxfetcher/6d784e0ed41a51f44e26aa60599add5e2b28f060
=== RUN   FuzzTxfetcher/6eeeaa0654dba0394a0d73fb40d79ec9e2f9ed58
=== RUN   FuzzTxfetcher/6fdac73fe8e46e94e85ea1820b11f79277275d48
=== RUN   FuzzTxfetcher/6ffe7ef5a80690e80ff01192ff57d3331380ada1
=== RUN   FuzzTxfetcher/70360eda96febabf8b795d0924c5eaee72494076
=== RUN   FuzzTxfetcher/70a03f5098d8b8a4399772d8bfae7b3995128cc3
=== RUN   FuzzTxfetcher/70b365837e718b4deb46f29a3a985f82fcf2eeb7
=== RUN   FuzzTxfetcher/71013782b96f912f99296b4d4875ed405ec310f2
=== RUN   FuzzTxfetcher/7151f529b50523646846392a9f2efd3c783e0d6b
=== RUN   FuzzTxfetcher/71f3d7232300792fb811ff8fc193f81b97b242c9
=== RUN   FuzzTxfetcher/71fd95eb39d4fe228ec88fbfa61197f925b5fd0b
=== RUN   FuzzTxfetcher/722970fc8bff1c5382063c0dfd0da9241542765d
=== RUN   FuzzTxfetcher/7237b9eae42a330c249ad06174d3143e5495f82b
=== RUN   FuzzTxfetcher/7237c2ea41f7652db28dbe075e2a270862c56fcd
=== RUN   FuzzTxfetcher/7303ecbbae787a29f5577fdea63d0af41c85f01e
=== RUN   FuzzTxfetcher/735ce90098efc51760a1b86c46df50d0463f1dcb
=== RUN   FuzzTxfetcher/73a3215023e2369ad26163671cdebeffbd673f58
=== RUN   FuzzTxfetcher/73a7d26e7e977c287467762593ddf4eca22d1d76
=== RUN   FuzzTxfetcher/73b7c923d82a935ccc219635d2fcf09556539b45
=== RUN   FuzzTxfetcher/744966f7122577d803eca13e6b536e9230b63a10
=== RUN   FuzzTxfetcher/74739712a7880c95b7db1d8fb5bd0ddbf3aecdea
=== RUN   FuzzTxfetcher/759ada99d347ce0dd2d82435f04dd460b0475975
=== RUN   FuzzTxfetcher/765bfeb84b12f8dd9e5c68dc397c4492faad5175
=== RUN   FuzzTxfetcher/773d84fbe3b909d5fa2bfd721dd854264ef9808d
=== RUN   FuzzTxfetcher/77a94030b8db6893dda5b38c45936706f5c7c1b3
=== RUN   FuzzTxfetcher/78368b817316bd253c45ab5902d100edbcda1e23
=== RUN   FuzzTxfetcher/7848f5642b30051c2d204ef910609e3990ead4ac
=== RUN   FuzzTxfetcher/787d2569fa599cd04103fc656db92e1f3fc5125d
=== RUN   FuzzTxfetcher/78d36ce3dba070142f771207d2ae6331dd6ddf98
=== RUN   FuzzTxfetcher/79051b0fb62f148b9a7735b04b658bad77f69016
=== RUN   FuzzTxfetcher/7b35aa716d785aacce3826acc2fedf19261d44da
=== RUN   FuzzTxfetcher/7b9ea3e72e69f0035ac8a6daf4b4972e0026eaf7
=== RUN   FuzzTxfetcher/7c7bb9d1640df6ab8aced985f426d6115eff1230
=== RUN   FuzzTxfetcher/7d893658aca04cb577f2c59b907ba3c75547edf3
=== RUN   FuzzTxfetcher/7d8d51eedd4271c154ce11516f2e52c999e88425
=== RUN   FuzzTxfetcher/7ea2d4680bd77290b57de39a82f87f840d6479b9
=== RUN   FuzzTxfetcher/7eccd4386d743887eaea49cbd04a2d19f9c6e32a
=== RUN   FuzzTxfetcher/7ece11fd55a2e6fd031d6722da22754803ad3e56
=== RUN   FuzzTxfetcher/7f3029f1e8992c32e157aead943755ac669b6dbb
=== RUN   FuzzTxfetcher/7f69c878f9c8f5563bace7ca81233880cd3910fb
=== RUN   FuzzTxfetcher/801d649988f0d66452a40b61332f81522e90b24b
=== RUN   FuzzTxfetcher/806317e1f346a72c06798380e93bcf78ac617287
=== RUN   FuzzTxfetcher/8106104b977883fbf97edee9ab8a7a77f5d345b2
=== RUN   FuzzTxfetcher/82b70848b49c335281e6f5e35f48085aa3ceebbb
=== RUN   FuzzTxfetcher/82c82c626da171da17f8e6ce843817d5f3a1f503
=== RUN   FuzzTxfetcher/82f8aea747f6879d29fbb0bf6458e8025c12b330
=== RUN   FuzzTxfetcher/83335fff3ae6b48fe14951de7698690f5f4ab0af
=== RUN   FuzzTxfetcher/83c92e4b39a161a4fc26baf43d035adeec44c357
=== RUN   FuzzTxfetcher/83d4e10eb9df4edd03ed87cd364164e2f95b9e30
=== RUN   FuzzTxfetcher/84c58dd61aa8d58dc7c7493030bbbc77e54b8bc1
=== RUN   FuzzTxfetcher/84d47b2f4bb740cfe30682ed9e8abf38e6eaaca8
=== RUN   FuzzTxfetcher/84f02fc660e26d1057dd6bdeb021fe1e804fb6eb
=== RUN   FuzzTxfetcher/8562678a42df1594f87db5dacac88e163c11fc9d
=== RUN   FuzzTxfetcher/85f5eb1188ee2c290030fe7007a77d5bcd3f9e6d
=== RUN   FuzzTxfetcher/86be95f887810a1b55527f99a804b40a58a1b5d7
=== RUN   FuzzTxfetcher/8716d5f1fdfd8b66b3de5a47dee6a82573806c1f
=== RUN   FuzzTxfetcher/88853c50dc0e5fb2ae42b283c2b868071b81d483
=== RUN   FuzzTxfetcher/88919c409af89a2ad69c14b21893375d98038178
=== RUN   FuzzTxfetcher/88e50eb64f532ea3a600279167f1beca8c16ff01
=== RUN   FuzzTxfetcher/898906139140ccfd15e3ff646d2822e6957164c8
=== RUN   FuzzTxfetcher/8a1e55b5f1d8fedc052257f73c1939eb8f8457e3
=== RUN   FuzzTxfetcher/8aceaed2c21251155797442cfa5224848aa8df6c
=== RUN   FuzzTxfetcher/8ae6019f48cecd96dfd1486422318000ce557520
=== RUN   FuzzTxfetcher/8bae917692cb387fbfd28f1aa8f17af5308af773
=== RUN   FuzzTxfetcher/8d4ce502bf33f1e76145c0e3e6e428d002db5f95
=== RUN   FuzzTxfetcher/8da7b028f93c269f41159f03496ff1c0a9283f66
=== RUN   FuzzTxfetcher/8f33d9325f17ae066108b9c46dc804055d314cf5
=== RUN   FuzzTxfetcher/9069ca78e7450a285173431b3e52c5c25299e473
=== RUN   FuzzTxfetcher/90a0c697973ae6792eb573b08929408f09eb49d7
=== RUN   FuzzTxfetcher/90b1e3ea6dd4b3e5a2edb44678aeac9b8df9ccb7
=== RUN   FuzzTxfetcher/915d0e643b89bf081780567fe04d20b54982770a
=== RUN   FuzzTxfetcher/9238ac85cc3ab21ef5a32f12aef420f78c3df7f9
=== RUN   FuzzTxfetcher/928e7d465bc38cf7072be920c697db2b19cf305c
=== RUN   FuzzTxfetcher/93934419f47ee3edbf6e6bdf8936a31922d8738a
=== RUN   FuzzTxfetcher/93a1f7e3a489b2fe52331e48e52e1602fa9e4d92
=== RUN   FuzzTxfetcher/93c456fe763d5ea8c6bc335c9d11679859e93e99
=== RUN   FuzzTxfetcher/93c78f8daf683dc9cf7ad0fd6eb4701ba99becdd
=== RUN   FuzzTxfetcher/9405995eb66934d60edcd6afa8dc8948f539aa31
=== RUN   FuzzTxfetcher/9447c2b06990091b8d29b0fbf80dfa57b740ce32
=== RUN   FuzzTxfetcher/946bd9c4c2510c9f45b656c2bb438d708577b0db
=== RUN   FuzzTxfetcher/947dd0e6725526cfe413828a8ba89d91e786a97a
=== RUN   FuzzTxfetcher/94a2c573aeb96ff1681eecb1418bb9256f8c4d80
=== RUN   FuzzTxfetcher/94ce27bc14b1b2c63375d9a4a6b2ec567e413a75
=== RUN   FuzzTxfetcher/951548053b49fc4e09ec4dcf5bbb6433e692d0d3
=== RUN   FuzzTxfetcher/95bb742e46d94c638e991a92ab66f74614f6f40d
=== RUN   FuzzTxfetcher/96bf98ee6493eab1d2c10cddcbb9c34bd131a402
=== RUN   FuzzTxfetcher/96fd5097cdffa886cf78836792995e9d23f2fa7b
=== RUN   FuzzTxfetcher/976ac55b84e922bac5fe802fa124a955ee378ffc
=== RUN   FuzzTxfetcher/978f690bb98cbe56b88cf18547dabd27571faad4
=== RUN   FuzzTxfetcher/97906f6e5aaff34ee902df5517e476443deac154
=== RUN   FuzzTxfetcher/99518c26c672802869c9df93ebfa2ae0c060d058
=== RUN   FuzzTxfetcher/996c94207f45763f0845d6f2643158edefef847c
=== RUN   FuzzTxfetcher/99dffbfae889c9023c36a6552816b38cf0f7c769
=== RUN   FuzzTxfetcher/99fc89939eb66ac31787896d73af72499f208543
=== RUN   FuzzTxfetcher/9a5a6452a9464ae8d44b4a0f4adc163480ac4694
=== RUN   FuzzTxfetcher/9a5cfe3c71439598a77c212beeb5272dd6792a16
=== RUN   FuzzTxfetcher/9b4e354498b80fc8c1b4d890e2b62393a2abe621
=== RUN   FuzzTxfetcher/9cbec63d6bd573b8bad833de0c203f17ff8dc47a
=== RUN   FuzzTxfetcher/9cf2f806c561b128595c5fada6d985615d5e5398
=== RUN   FuzzTxfetcher/9d02e17dcf95ff126f630a13abeeb8dbee3e27af
=== RUN   FuzzTxfetcher/9d5f3f02b8dd448ca5f1ad38fb5e2832ad3c4072
=== RUN   FuzzTxfetcher/9e09b77e15866d563df57609e2db435fbb4fc0f8
=== RUN   FuzzTxfetcher/9e3706f65a480c7d34c84a965dc25ca853401718
=== RUN   FuzzTxfetcher/9edd736094614852fc4d446b35cf6e9077916a7c
=== RUN   FuzzTxfetcher/9fa9a411adc117c8af1dc3dd4904af73ec51ab85
=== RUN   FuzzTxfetcher/9fc8110873b2a2a6c6c9ffb1e291a97f1f9e1d8b
=== RUN   FuzzTxfetcher/a12580305662c2cda863c59b4a444146b6407ca7
=== RUN   FuzzTxfetcher/a128d81d67007d648ab86d54e5cbc92ff2dd4af8
=== RUN   FuzzTxfetcher/a1f97b4d2f462bdb7796492b11e20b526f9246ac
=== RUN   FuzzTxfetcher/a240fd739bc4f69d8f9d0feed7fd853048c5b48b
=== RUN   FuzzTxfetcher/a2c93557acc80d1151642b7207434b1437db7b9f
=== RUN   FuzzTxfetcher/a3bef324ff1239c4e957e1f3daf4ea668cd6de5e
=== RUN   FuzzTxfetcher/a3ff6066906edae8c5f079e836a478fc67fb9428
=== RUN   FuzzTxfetcher/a408fe73843aa185d6e536105d6501895b025ed2
=== RUN   FuzzTxfetcher/a45da809d6b88938f93b2545c9beb1ae029df015
=== RUN   FuzzTxfetcher/a61a43cb8307ebb89b93da99448e1a5d07ad50f5
=== RUN   FuzzTxfetcher/a6ee2ef228b5bf33c7f2727ddd4916df8594672c
=== RUN   FuzzTxfetcher/a825b12f90488c367da108568affab186509c504
=== RUN   FuzzTxfetcher/a8a14f0b2458a2518a390a833eef871cd2354373
=== RUN   FuzzTxfetcher/a8e7145ecd42d538885fb30dfe55252297c14155
=== RUN   FuzzTxfetcher/a94d3df2e50e8809c8a59b57fb799f5028ae3213
=== RUN   FuzzTxfetcher/a9a78bc21b5ba00be523453c8772fe0fab7bfad3
=== RUN   FuzzTxfetcher/aa54b3057220ca3bca0bc687358b4a29dce89171
=== RUN   FuzzTxfetcher/ab28f691d70c31880bb565409e874c689d9267d2
=== RUN   FuzzTxfetcher/ab7d48c5667b8f0ed6e23f7ea05eed97b3f22fd2
=== RUN   FuzzTxfetcher/ac39ad8ab221ca8e412034f105a8f64f13835390
=== RUN   FuzzTxfetcher/ac3e8705e3ef9671db7ef7a1f3b3e1da884d5dea
=== RUN   FuzzTxfetcher/ac437165cff9f6730af0e0d42c0ea4d722a72c19
=== RUN   FuzzTxfetcher/ac855988137fc49ea35ef3b0b38e31998797670c
=== RUN   FuzzTxfetcher/ad6cd4b3a64c322d62cc06ab162ce502562eefcc
=== RUN   FuzzTxfetcher/ada289c67dbb9039f37f4ab825f46b8c1eedf245
=== RUN   FuzzTxfetcher/ae2f353c967e8662439e856f8f30a81682400b91
=== RUN   FuzzTxfetcher/ae30ddbdaaaac01e55004819193cf71b1a5ed07a
=== RUN   FuzzTxfetcher/ae3eaa1ed06307c15197937dce64ba7f3d02d687
=== RUN   FuzzTxfetcher/af2640085ae74519839daa59d123c2090f54348e
=== RUN   FuzzTxfetcher/b0a16467170616031d4d6204ac45f37dc3fc13ec
=== RUN   FuzzTxfetcher/b1058681fc91e70192275b435ff8e287b8c51529
=== RUN   FuzzTxfetcher/b16285bb9faee1a62fda857183805ac982d096f9
=== RUN   FuzzTxfetcher/b21a3fde9d2939812843f20a8cb5f8d08cd992e8
=== RUN   FuzzTxfetcher/b2385af414aa91400e7a79c2813518e72b02ad9a
=== RUN   FuzzTxfetcher/b2955dff2346ca879e68ef314f2a8868e88b4e87
=== RUN   FuzzTxfetcher/b2e2b14a11ea497d1f638fb1eb29bb364de3e151
=== RUN   FuzzTxfetcher/b33fd2e42878bc06a9b450f8eeef958021dccca9
=== RUN   FuzzTxfetcher/b34a289bdb8f08e1c491f3148e0d8980656d250e
=== RUN   FuzzTxfetcher/b37c476f47d2426ac9cf186954a4099c98a40b9c
=== RUN   FuzzTxfetcher/b49a8ae3c4e62c9d274aece25bb9a7542679dd26
=== RUN   FuzzTxfetcher/b52f4784d419bb9d259b8f164bb3801bbb7e562a
=== RUN   FuzzTxfetcher/b613f28d2ab25a8b5f8bd8ae97b4b9f6ae5397ff
=== RUN   FuzzTxfetcher/b705fb5a66ba02b65d49e874ffae67e0227401b7
=== RUN   FuzzTxfetcher/b744edaab5a7d21fab259d4b049aae2924413a36
=== RUN   FuzzTxfetcher/b767bd33ca40230085da2e2e2f54b4a4f7ddd419
=== RUN   FuzzTxfetcher/b881361abe032dcf4c84a5115d521d6dc09f69fa
=== RUN   FuzzTxfetcher/b8a20f9e3e374cb13cbf0d4d9af61c46f3a561b3
=== RUN   FuzzTxfetcher/b8b7c68deab671d0bdfd8b1ced74ea430c926b18
=== RUN   FuzzTxfetcher/b9110e90153dac52b02d801885e70d3d26502d2f
=== RUN   FuzzTxfetcher/b97d0b18421f79a060c1b960ae5ebf937aa84a5c
=== RUN   FuzzTxfetcher/b985eb6fc602c497811bf4d585ec316118543df2
=== RUN   FuzzTxfetcher/b9a226f14b2fe4ec1cd3183ff4084ceb988f890f
=== RUN   FuzzTxfetcher/ba501112f82c33f3edf98b1589632c548cc57890
=== RUN   FuzzTxfetcher/bb589d0621e5472f470fa3425a234c74b1e202e8
=== RUN   FuzzTxfetcher/bbc5925651956eebd807c7d2c40bd5366d29fd9b
=== RUN   FuzzTxfetcher/bbcf7e237b5c96720856304e4ac09f88502f0908
=== RUN   FuzzTxfetcher/bc96956a6e74c94bb0fbbdf262a86c3da3599c66
=== RUN   FuzzTxfetcher/bd15d4dd53157aec2a136757edc21455e1e7fcae
=== RUN   FuzzTxfetcher/bd589d088cee01e018c674bb370b839eacc9e14a
=== RUN   FuzzTxfetcher/bdac5b2d96df299bc1ffef1c89690b3e18e0a5a9
=== RUN   FuzzTxfetcher/be4c7cd4159ea25ea09cc717f9744528fd40a82b
=== RUN   FuzzTxfetcher/bf94ff9695681c54b1e4adc0591d07d6eb8f52a0
=== RUN   FuzzTxfetcher/bfb703f55d4b06406fb48e46f1c4a99324208fe5
=== RUN   FuzzTxfetcher/bfd9f24beadefd121ee078851c35f8f717e02c45
=== RUN   FuzzTxfetcher/c170763524e8d56cf54fc2f849eb9c4a45dabdd1
=== RUN   FuzzTxfetcher/c18eeccdffe4b0f05962be6a39feb2f434be4a1d
=== RUN   FuzzTxfetcher/c36b351c3dea5684f0b7607482d78d50a4333634
=== RUN   FuzzTxfetcher/c4b72b739bb47060ef45c6a6166b6c22236eec13
=== RUN   FuzzTxfetcher/c4c91ff24a635534c6f567d4d39caed84ce95dfc
=== RUN   FuzzTxfetcher/c54a88123bbb6e16f5587012cf7f77c32259a541
=== RUN   FuzzTxfetcher/c6aec150c5ff79328a6a79dcf9583c7977587c24
=== RUN   FuzzTxfetcher/c7d508cb2d942e8006cdc6db6a617c6b1cf41b61
=== RUN   FuzzTxfetcher/c9b2ef51daefb2e74ee8eedcef3ce09126dd261b
=== RUN   FuzzTxfetcher/c9e8907f211f1588f7e7f186b397dd0d4377d4e8
=== RUN   FuzzTxfetcher/ca51dddd86810f0eaccf9aa7cc8e21be8d6abd74
=== RUN   FuzzTxfetcher/cab90a08cccf0d21416f26813b26e79994e2c7c4
=== RUN   FuzzTxfetcher/cb75581194ac7fbbec2fb3ad1abf4b99fb6de432
=== RUN   FuzzTxfetcher/cc89b8fe701da7f97215fe77653a264fcb2eceeb
=== RUN   FuzzTxfetcher/cc8f4193603a3158d39c5582a389929dc464c47f
=== RUN   FuzzTxfetcher/ccd3128d77b7975de90c6150bf0e6ed389ebd1ba
=== RUN   FuzzTxfetcher/cd4a93ac58392fd54ecca9d8ddf39788e9f5f960
=== RUN   FuzzTxfetcher/cd8ffb6ff63cdcbbc550136c0880e430acdaa35a
=== RUN   FuzzTxfetcher/ce3939c92fc3674ce8b7221d6c6364d817deba87
=== RUN   FuzzTxfetcher/ce84dbd418eea3444884b607dab97eb75e2197d4
=== RUN   FuzzTxfetcher/cf14ded6dc3907de80f3685085e79c9b055902a3
=== RUN   FuzzTxfetcher/cf688bf00130deae84431396fc1244a7a885f01d
=== RUN   FuzzTxfetcher/d06e6fa10e60a7cb85aa1e58a1f8cda90309e0e0
=== RUN   FuzzTxfetcher/d07530217b3cbac1b7cac94e2051e4a6b72f532d
=== RUN   FuzzTxfetcher/d08ad0e152c06bc6be0d4d4dc90aec1397c00edd
=== RUN   FuzzTxfetcher/d10d71627805c998e2ec90039fe07c6bdc8a413d
=== RUN   FuzzTxfetcher/d127c25a161d1262540484caa94f3c942c31fa8a
=== RUN   FuzzTxfetcher/d137b83fa5820b96cb7b0592b0ec85d87e770976
=== RUN   FuzzTxfetcher/d1497a06fb7f4084be3a4a406a17050b16d8bf53
=== RUN   FuzzTxfetcher/d1d22d2e0018e7d33effb2d6c7ca3b2ac745a232
=== RUN   FuzzTxfetcher/d1d71303d78b7da4b4ced2b81eb2b00c74b84c62
=== RUN   FuzzTxfetcher/d257ba0bc2baeb158b7200571bf9b322b8f3d975
=== RUN   FuzzTxfetcher/d2a5caf1fd5039c83c286c31bfcd935f8847b9a8
=== RUN   FuzzTxfetcher/d3528c35b7016486bbf80e4aae1d65d947476aa9
=== RUN   FuzzTxfetcher/d46c0134d5dc266f3525ba88762c6e8d05d9b2be
=== RUN   FuzzTxfetcher/d47efb966a53cb9827eca8cf8d0743d1cffa1efc
=== RUN   FuzzTxfetcher/d5665b7e89dd1e5382e25da7e1676c45e1ff08c5
=== RUN   FuzzTxfetcher/d6ba8cdf6686c3da8c8d1dd25da3a7f56bb9c70e
=== RUN   FuzzTxfetcher/d6bb5881e324c74d0249b03db7438959a7678eeb
=== RUN   FuzzTxfetcher/d6ce339d3c1b99dc9a067018446d149d5c820bbb
=== RUN   FuzzTxfetcher/d734fe6ae1968aa80c114cbbb17eb5ba4c477ce9
=== RUN   FuzzTxfetcher/d7733040e0319fcc7322e34ef6856c184d832997
=== RUN   FuzzTxfetcher/d7e6ec9116c41cf46331e498b2d3169bfee36cb6
=== RUN   FuzzTxfetcher/d7e8876186dbae99385c20c0b8572a67d748f90a
=== RUN   FuzzTxfetcher/d80dcf600c358ae1c42655bea53af5386a159df5
=== RUN   FuzzTxfetcher/d8416bd52cbe9679d7e03d53ee610995ec95a650
=== RUN   FuzzTxfetcher/d88761826c6a4fc1180f07a49d1d9cbcf562753d
=== RUN   FuzzTxfetcher/d8eccc72cbad88a684ae8d8ba002bb034a360bce
=== RUN   FuzzTxfetcher/d93b90e5c088a54b3ca162e60568a973d22d9dc4
=== RUN   FuzzTxfetcher/d94f7b3815c18aa6f318117d65e42c8fc724061a
=== RUN   FuzzTxfetcher/d957947a006b1c7bf6d55129f07d6fad81c8071a
=== RUN   FuzzTxfetcher/d9d56616bdc77544f2a916b70d09306d971b0fe9
=== RUN   FuzzTxfetcher/da084d32368c6794aec36d0fc04c99297953610c
=== RUN   FuzzTxfetcher/da9cee7f3ae7be331c43284b306c0a179d6e24d8
=== RUN   FuzzTxfetcher/db1912f7183258dafe301800bf8b11e140582b12
=== RUN   FuzzTxfetcher/db2313e08f0f0e08b0bcba7f1763ea207e402599
=== RUN   FuzzTxfetcher/db31d6dd50cad521fa83572f865b75fa98e7b819
=== RUN   FuzzTxfetcher/dbd4c8bc05d6a38e1ef1da92880113eefa1bf701
=== RUN   FuzzTxfetcher/dbed6b3a0e6c3ff78ab517142e98b8e9ba0376c1
=== RUN   FuzzTxfetcher/dc55389c3114a0a9346417bcd4b1d18bb7c6930a
=== RUN   FuzzTxfetcher/dc6d3fde7e9f8437d6eb1c6b00e09c3446887f54
=== RUN   FuzzTxfetcher/dd6f5c654ab90d9b40f07174fe60535788f33935
=== RUN   FuzzTxfetcher/dd8e5c2c56815867b76146349e927fdb3f4ba63b
=== RUN   FuzzTxfetcher/ddbf99e035070524bb1226d6a9fe68bcd044c625
=== RUN   FuzzTxfetcher/de5ac6a82ad4719742e9ab77f55cf588945894ec
=== RUN   FuzzTxfetcher/de6728cb36a816aa56c54eacd9501450b0e158ba
=== RUN   FuzzTxfetcher/de9817cfc28acb1a9e855794c117f20b1e91c5df
=== RUN   FuzzTxfetcher/df2273872ce937d2f79f82987f46ce7f03157cca
=== RUN   FuzzTxfetcher/dff0baddbd12d4927b9fe8b1edb81c77d8a1a190
=== RUN   FuzzTxfetcher/e00e04334d4e300c2dcbd1e7d76b4aa04be55c04
=== RUN   FuzzTxfetcher/e01e0ee1d4acda0bd122835452918519e61271ce
=== RUN   FuzzTxfetcher/e11d04b4c9a315da1ccad4ea7d6dac496c60196f
=== RUN   FuzzTxfetcher/e18fe8a8529afc524ac09cd8f77407e64d000e70
=== RUN   FuzzTxfetcher/e2283d894610f6b263a4b57b2aee5434fcece3d2
=== RUN   FuzzTxfetcher/e258253a08b50098cd152e3a578caffe054b7510
=== RUN   FuzzTxfetcher/e4083e48e25b9a2054f12eb54abd579d15d5a200
=== RUN   FuzzTxfetcher/e43700620a1cc6d0a25415461ba292ba8e9ad085
=== RUN   FuzzTxfetcher/e4d10703c09a00580c6d829222e8cb83132efdfc
=== RUN   FuzzTxfetcher/e527a2a88ac3ebb8cade2ce8a210452b45cca4f0
=== RUN   FuzzTxfetcher/e565137658ce7c7a7d55a2a002c5e331c4ec2ab9
=== RUN   FuzzTxfetcher/e64e0e9e4874289d4e4e7e125f20794fbd7bb08d
=== RUN   FuzzTxfetcher/e6f1e863a822c6dc219bf54ed85a7c1db80332d0
=== RUN   FuzzTxfetcher/e7e9bfb770f264f7be6eac221cef6ef292d6503b
=== RUN   FuzzTxfetcher/e8b12f18a3d60a71b336df827b69cc59421f5a0f
=== RUN   FuzzTxfetcher/e8b788d7b974bf8d606e31c69720ada9d0f21e27
=== RUN   FuzzTxfetcher/e8f279ee7e5911ca8f6324b510d92e17dbf3ee01
=== RUN   FuzzTxfetcher/e901c523c716bc5b4babd73f1941292a5fb94002
=== RUN   FuzzTxfetcher/e94cfb336f060119de548dd5dbbc775a95a39f61
=== RUN   FuzzTxfetcher/e952297e0863cabd21b8ed45c793316ad3e556bd
=== RUN   FuzzTxfetcher/e9e723bef49568470e70cb71c6c3208357933c5f
=== RUN   FuzzTxfetcher/ea094ea432f290122621511eb1c0076953b64380
=== RUN   FuzzTxfetcher/ea7914e22c8b3aafd9f7212b4df4263811dd3f5b
=== RUN   FuzzTxfetcher/eb6d54b548e2c78a902439bd5ee0b2b59276211d
=== RUN   FuzzTxfetcher/ebc0afd31a1ad54f55b2d179d8eb79e214e39353
=== RUN   FuzzTxfetcher/ec3e10d63b222bcfd8d520e1ee71c389355dbabc
=== RUN   FuzzTxfetcher/ec4bf4997ef6bfd7a565d3e237e67f733f8626e3
=== RUN   FuzzTxfetcher/ec4f46e25e995b3f89edb66037f8941edb7fd9d8
=== RUN   FuzzTxfetcher/ecc8a5a3dbcc99c9ba8abfeb2c0cc3acd90658fc
=== RUN   FuzzTxfetcher/ecf463aa1cd73945266938f6b7624eedda224eba
=== RUN   FuzzTxfetcher/ed1d07673eb871ae1db821c07658677ea7f0371f
=== RUN   FuzzTxfetcher/ed68a31b05e3a10437bebf63bd13be076e50b026
=== RUN   FuzzTxfetcher/ed7b99eecc485e01c14fae9fc857e36d21c373ee
=== RUN   FuzzTxfetcher/ed8496415590bc8b1106f8bba6b59581cbed3503
=== RUN   FuzzTxfetcher/ee89d3dab6fcf20d1c4daf8c9e0a0e5887b850fa
=== RUN   FuzzTxfetcher/eec552c062d7b7d9efad72085d9b3c5039cea17d
=== RUN   FuzzTxfetcher/eefdfbb680a14ca497cd767a43204585567f100d
=== RUN   FuzzTxfetcher/efe43def97eb295fe99c3753f2d740d7b36df689
=== RUN   FuzzTxfetcher/f04495d359d0e012781bdcfc9570d32bdcf7ce5a
=== RUN   FuzzTxfetcher/f0d76188834b49b990389c5af4c2fc65f3dad801
=== RUN   FuzzTxfetcher/f0fc56e9f53a4024c04f8403267297c3de0fc879
=== RUN   FuzzTxfetcher/f2788921db0ea58b89f6397a1fd3c6ead84aef2a
=== RUN   FuzzTxfetcher/f50299e513733aa1fc9dd8ca311f4c0c246d9161
=== RUN   FuzzTxfetcher/f6c6c9ac691f789b6601505ce0936b06773dcd77
=== RUN   FuzzTxfetcher/f6f689e49d6276cbe1028284a529a568f322a699
=== RUN   FuzzTxfetcher/f7e47e799ff04e296768de846b34b4c772dd207f
=== RUN   FuzzTxfetcher/f7fcedf3773afaf4a7c2f84284141bb9bac17691
=== RUN   FuzzTxfetcher/f83956d92c0b427281614f1fd773307ddcedc71f
=== RUN   FuzzTxfetcher/f951aacbc7cdde80d12e5c2aef67d8e4362a44c5
=== RUN   FuzzTxfetcher/f97b01de7199da2b7af9048845afaaaa253a4dcb
=== RUN   FuzzTxfetcher/fa3246434b227a4c1a4e2a81d1f60bbd4d316170
=== RUN   FuzzTxfetcher/fa3e792b26f3a2757a8536304281df82f832d741
=== RUN   FuzzTxfetcher/fb196ca80242d810c2ade8856be53afffd4f4fed
=== RUN   FuzzTxfetcher/fbf938489f82914083b8007dba2bd02119be2f70
=== RUN   FuzzTxfetcher/fc20829ae8b3f90ebe0ee55d7684efe3b7c61b58
=== RUN   FuzzTxfetcher/fc3f5b1673f180897213cb7a9cf0ef4431dc47cf
=== RUN   FuzzTxfetcher/fc74d9ab921b293ab4a86c209e72fb8cfc8d357b
=== RUN   FuzzTxfetcher/fd27113468ae7d500e07c7021b6fe51d2a7e8df3
=== RUN   FuzzTxfetcher/fd28d4065e676bb58bd06a60df7feceba09f8b98
=== RUN   FuzzTxfetcher/fd8e31a68a044dc6e6e2cc39dc65d7e8f74a368e
=== RUN   FuzzTxfetcher/fd9c9970d9fd8426b87890f34264d6dd7d8d30de
=== RUN   FuzzTxfetcher/fdf741ec9be9bf75a1d51833188ec0a432888db2
=== RUN   FuzzTxfetcher/fe19033453b1f644b5624bec4264b730adf99b58
=== RUN   FuzzTxfetcher/fe79e18b088165270c5b67d143ce52c51189e0d2
=== RUN   FuzzTxfetcher/ff3d482f02f33bccd9406b63b129cb955cba6749
=== RUN   FuzzTxfetcher/ffdefbf5384b07639b63cf96d497af7fbefd75a6
=== RUN   FuzzTxfetcher/ffee718213630534db7b70b70f6ff8dcdd0e8917
--- PASS: FuzzTxfetcher (0.14s)
    --- PASS: FuzzTxfetcher/00968c171d1d0f25a42b367c7374583841eef9f7 (0.00s)
    --- PASS: FuzzTxfetcher/00da6afce38b253503083ffde3ce71c195df8f9f (0.00s)
    --- PASS: FuzzTxfetcher/016022a606f81522acff0495755c9a87b5c719cb (0.00s)
    --- PASS: FuzzTxfetcher/01a39f7e556bc8c7595f259300f9e7807d73d497 (0.00s)
    --- PASS: FuzzTxfetcher/0233316e60b9ff1d366901d3af412c6b4532dfee (0.00s)
    --- PASS: FuzzTxfetcher/02c0e8e50d5dbd8bf9407125c3e51aec640a1183 (0.00s)
    --- PASS: FuzzTxfetcher/02cc5ef0a459028e1a5816dd8c31ffd9c1bbccc5 (0.00s)
    --- PASS: FuzzTxfetcher/02d0f1672a87a27c4ad3b99f94eb57b0ea7f5cd1 (0.00s)
    --- PASS: FuzzTxfetcher/03417bf4ace2e149352cbf8243876523bef9a563 (0.00s)
    --- PASS: FuzzTxfetcher/043954d7d1b617e54a2fe8b9b04232f42a36992b (0.00s)
    --- PASS: FuzzTxfetcher/04735112836e89499a9b0a2b8de124b6f7887e6e (0.00s)
    --- PASS: FuzzTxfetcher/04b603a1c9fb03e51e99805e69c2b1a01fa4fe2b (0.00s)
    --- PASS: FuzzTxfetcher/04ba8d40a46765eaffaa65ebb661982098381448 (0.00s)
    --- PASS: FuzzTxfetcher/05100811fd33ff1624803b45337d44a6d48b808e (0.00s)
    --- PASS: FuzzTxfetcher/059d165cd5b672b566bfafa1f4bb472be81a4a2b (0.00s)
    --- PASS: FuzzTxfetcher/05b67a621ef08c1bc491101db938763586bb32a8 (0.00s)
    --- PASS: FuzzTxfetcher/05ecaf0c4ef70b652452fa94c33177a49eb5bf73 (0.00s)
    --- PASS: FuzzTxfetcher/063e984a2326580bba1e3f1df2cee8f726244668 (0.00s)
    --- PASS: FuzzTxfetcher/0669ab07a068a8279dcad66a9e397c018ed33e3b (0.00s)
    --- PASS: FuzzTxfetcher/072c5cc95701bf678a9493598f0729b06748322a (0.00s)
    --- PASS: FuzzTxfetcher/07cef6788d31e2e2ff62b2fda376453312b6d68c (0.00s)
    --- PASS: FuzzTxfetcher/080ab0fd85267b9bb224f495dc194ab6f12f787a (0.00s)
    --- PASS: FuzzTxfetcher/08b5e192baef349fc5d7460ad8728aa7461c8b60 (0.00s)
    --- PASS: FuzzTxfetcher/0a65df448bc91e900648e70614b15f320e6708d4 (0.00s)
    --- PASS: FuzzTxfetcher/0a84179f6b3a380310b58c492ffef8fa32fc1d36 (0.00s)
    --- PASS: FuzzTxfetcher/0a99afb14cffbe8ed7ff9be2f3fe87f58adb5b84 (0.00s)
    --- PASS: FuzzTxfetcher/0abdce4d0e45705ad8198e053a016767e9b9254a (0.00s)
    --- PASS: FuzzTxfetcher/0ad743f1479a078004de864cd89bec57b38e1a6f (0.00s)
    --- PASS: FuzzTxfetcher/0c6a984cc7d72a9b51d0307c97d332c666b27618 (0.00s)
    --- PASS: FuzzTxfetcher/0ce55f9767ca397a1173b7f10157bcd6f6cb8bd4 (0.00s)
    --- PASS: FuzzTxfetcher/0d45cca825aedacdf662aef34acfa11103a04900 (0.00s)
    --- PASS: FuzzTxfetcher/0ddd920866b76a07ff2c08cbd8de39ee8ddc6dd5 (0.00s)
    --- PASS: FuzzTxfetcher/0e5e281cc91a6f95106b75bc73b4e6ffaf44739b (0.00s)
    --- PASS: FuzzTxfetcher/0eb16987769ec8733519abf302916814b033e029 (0.00s)
    --- PASS: FuzzTxfetcher/0f3f9f912bcad7f524d059e81d0abfe55659c8bb (0.00s)
    --- PASS: FuzzTxfetcher/0f6821ec7d4c14d1bc4d8e59507d6b24ff4da011 (0.00s)
    --- PASS: FuzzTxfetcher/0fc9e31c35e59b77dc2dc4673e0a6c5e2ca00d5b (0.00s)
    --- PASS: FuzzTxfetcher/10093d7bf736a7b4b38f7c7d5ae5b5360e0b312f (0.00s)
    --- PASS: FuzzTxfetcher/1012200d0559a0b76bd7be677d9ef44ef9b9a595 (0.00s)
    --- PASS: FuzzTxfetcher/107ba8ee3d6aa585531fbe86a0ca05497aa694f7 (0.00s)
    --- PASS: FuzzTxfetcher/109c89ae1195965c85442d511bdf5bdbc2b3ad40 (0.00s)
    --- PASS: FuzzTxfetcher/1123bc6b05231150303313ea118285694808e89b (0.00s)
    --- PASS: FuzzTxfetcher/12d440f9f316cd7d46f5bd746a2a6c630ae2b5ba (0.00s)
    --- PASS: FuzzTxfetcher/139d7f6d71040ffc3e0064057ad68d9e0c452c2b (0.00s)
    --- PASS: FuzzTxfetcher/14758194c5f11f3a0d52cc4c6c431b291711db0b (0.00s)
    --- PASS: FuzzTxfetcher/14ac75f2b63b27a96abdb4f7ca2044e895aa218a (0.00s)
    --- PASS: FuzzTxfetcher/15657a1ab6e04676e9547325e958e923879af59e (0.00s)
    --- PASS: FuzzTxfetcher/16b789a5f3bc4845e2cbb17423f11dd1392a1cd0 (0.00s)
    --- PASS: FuzzTxfetcher/1767c32d1867265f466ab67869ee52c41cb1165a (0.00s)
    --- PASS: FuzzTxfetcher/17c59b243d3fce6879efe17b4262feece92f8210 (0.00s)
    --- PASS: FuzzTxfetcher/17fb8597b2c5447b3ca274b71291ef2cef5926b4 (0.00s)
    --- PASS: FuzzTxfetcher/1898861e0fc506b2d9cd9729a74a8c3ca06cec5f (0.00s)
    --- PASS: FuzzTxfetcher/18c543cb16af4ccc68eeb8ed61ad8865dff6c325 (0.00s)
    --- PASS: FuzzTxfetcher/19addbc2e4ea3bf11291785299d24448204e48f4 (0.00s)
    --- PASS: FuzzTxfetcher/1a67ce6774cfe551785259730f93bad00bfda8c3 (0.00s)
    --- PASS: FuzzTxfetcher/1ad5fc8be6b34f16e6b09efda96133d66ce2ece6 (0.00s)
    --- PASS: FuzzTxfetcher/1b254ff227ff26f87035ae269be923ca463263f5 (0.00s)
    --- PASS: FuzzTxfetcher/1b92591d5dc7ac88c415ba173b316f611c047f52 (0.00s)
    --- PASS: FuzzTxfetcher/1bca179063feca07c6651d4fae18e6712fbac27f (0.00s)
    --- PASS: FuzzTxfetcher/1bfeedd820f8563ca83501f355ac141518315412 (0.00s)
    --- PASS: FuzzTxfetcher/1d7bc4e5e2e37c80ca8b6f37869967622500f956 (0.00s)
    --- PASS: FuzzTxfetcher/1e6037967eda9e5a81b38b8b77d64913ffd35d95 (0.00s)
    --- PASS: FuzzTxfetcher/1e6fa526650f87cfc437c5d4960bee1cacebf90f (0.00s)
    --- PASS: FuzzTxfetcher/1e847ea6428b6b86f10873c8e65004c7a63fb2ca (0.00s)
    --- PASS: FuzzTxfetcher/1f13f179a5b9733d58bce3b29ef5ee7618c416f3 (0.00s)
    --- PASS: FuzzTxfetcher/1f94ee84af0bfd4f852dce5218f1453895bd19bf (0.00s)
    --- PASS: FuzzTxfetcher/1fc2daa70dee5dc71cff0d2202325aa45160263c (0.00s)
    --- PASS: FuzzTxfetcher/1fcb06245d9d118967920fb00b3d3b0980f88607 (0.00s)
    --- PASS: FuzzTxfetcher/2046bd3b0fb35ff88709afce091ed8f140098caa (0.00s)
    --- PASS: FuzzTxfetcher/206cff87928e696bedb9cbb351c830f4f6770068 (0.00s)
    --- PASS: FuzzTxfetcher/20721dbd6a0bd4c15bec720082f4a0d0f27266fd (0.00s)
    --- PASS: FuzzTxfetcher/2087c9259d16ca61c370e867fb41b303a6b70d46 (0.00s)
    --- PASS: FuzzTxfetcher/21a0477e6cec3649f5441118c6b5f20a3384dbda (0.00s)
    --- PASS: FuzzTxfetcher/232170ec0ce868c1065b2d7b21372c077b303849 (0.00s)
    --- PASS: FuzzTxfetcher/23ae7f049deb887bb7702b95d9e2647d42b7b1eb (0.00s)
    --- PASS: FuzzTxfetcher/254dbf5a5d54f7c0f59d2e7e3e8ce0fccce46529 (0.00s)
    --- PASS: FuzzTxfetcher/2573f163e96e6e61dbd763d915d5caa10965b5ed (0.00s)
    --- PASS: FuzzTxfetcher/25d749653e547aa7c16b77b2001a7da7b05187bf (0.00s)
    --- PASS: FuzzTxfetcher/2704a10213091f38f5cc295c5887cf9d8ca6b2b3 (0.00s)
    --- PASS: FuzzTxfetcher/273c8c9b3b965b0b6b5f0f45e8774865acef11a2 (0.00s)
    --- PASS: FuzzTxfetcher/27700d1d5d05b507834092da6675f4ba5016471a (0.00s)
    --- PASS: FuzzTxfetcher/27ff10216d7d51d3af8879568d383323d51cc708 (0.00s)
    --- PASS: FuzzTxfetcher/29b6526d5703b8d7e36e6b5f62eb43ecb23c1772 (0.00s)
    --- PASS: FuzzTxfetcher/2a430d1021c43318bbee1ee9c4d0a7f21de9d394 (0.00s)
    --- PASS: FuzzTxfetcher/2b33ab21b0f2dc86e60b87a2613f5bcf5efc3285 (0.00s)
    --- PASS: FuzzTxfetcher/2b97e6854aa02d86ad93f90d22682e11518d3665 (0.00s)
    --- PASS: FuzzTxfetcher/2ba328da1dada4366fda578c97e7ae51259c6f0e (0.00s)
    --- PASS: FuzzTxfetcher/2be8c5648449ec42fea147b5a608274ac72a6fbf (0.00s)
    --- PASS: FuzzTxfetcher/2c1b3d1a8245f00b3bbb1c3cc531a84eb9a89fe0 (0.00s)
    --- PASS: FuzzTxfetcher/2c2b993937b547be4422b83c57f274d0d0bfdb60 (0.00s)
    --- PASS: FuzzTxfetcher/2c6a2842ab1510b8d8ef48d50d55fc721a4765af (0.00s)
    --- PASS: FuzzTxfetcher/2c9662bf0b5e7719da9abd987428a21b2a72afd6 (0.00s)
    --- PASS: FuzzTxfetcher/2cf2fbeb67395e7dcb5d645b6b8f533f30d50213 (0.00s)
    --- PASS: FuzzTxfetcher/2d4d051d1b87c33c88cc3186db5be23659859510 (0.00s)
    --- PASS: FuzzTxfetcher/2d597b4bd4d973da711a920f32e6bea281aa5a6a (0.00s)
    --- PASS: FuzzTxfetcher/2e2f486bd30b9aa4c7cbccb55adb9faf725dccb8 (0.00s)
    --- PASS: FuzzTxfetcher/2ea5559d48d80f5fdeb5576e2844c87f7516dc02 (0.00s)
    --- PASS: FuzzTxfetcher/2ecff9014e2e50bc72b923f0545b0f378a78223f (0.00s)
    --- PASS: FuzzTxfetcher/2efa64bf961448474773f80a68e5ff3a7f8a516d (0.00s)
    --- PASS: FuzzTxfetcher/2f6a720c110f50b89eba3723d3ff8d9d1c6cf2af (0.00s)
    --- PASS: FuzzTxfetcher/30623edbcf633bc5155f7ace3b1e3c09f9c7510b (0.00s)
    --- PASS: FuzzTxfetcher/30ca206e5b26c60791a10ea92780d0eb4573acda (0.00s)
    --- PASS: FuzzTxfetcher/31d64bf8d7ea22f1f985e43bd53d153bf7074889 (0.00s)
    --- PASS: FuzzTxfetcher/3228855954f3546ba5f84677f14ad36e2a87bc97 (0.00s)
    --- PASS: FuzzTxfetcher/3290b2c33606ea92042cf201477d9008b98b0994 (0.00s)
    --- PASS: FuzzTxfetcher/32eed2dd37c8e69f01af4f5efd7c6e4a1bd6d880 (0.00s)
    --- PASS: FuzzTxfetcher/331edd59cd4d12fc550e60de73427facaf78a7c1 (0.00s)
    --- PASS: FuzzTxfetcher/334e777dbbfb356d54446ee9b6cde2b86a4267e0 (0.00s)
    --- PASS: FuzzTxfetcher/33e794a01118b8e5c17ae30d655f246aeb9fb131 (0.00s)
    --- PASS: FuzzTxfetcher/344d6ffeb70053cde7ea330c82d9d1a3eb34f2bd (0.00s)
    --- PASS: FuzzTxfetcher/3451c435785ee3083b1dd131f1b7bf547a4152ba (0.00s)
    --- PASS: FuzzTxfetcher/3512841b3280f5e209cde5b185e6fd8a36579659 (0.00s)
    --- PASS: FuzzTxfetcher/352827a9ad9bdb40052f1ce3c6ca2ceb82c1919f (0.00s)
    --- PASS: FuzzTxfetcher/352b7759faaae5f4b1a1dc150e1070e0d1d741ce (0.00s)
    --- PASS: FuzzTxfetcher/3535b46e374d28f93c0eb255abd6eab5f0134f56 (0.00s)
    --- PASS: FuzzTxfetcher/357be12ff0b7fcff06ce6c9e8af823b870b9c632 (0.00s)
    --- PASS: FuzzTxfetcher/3601c48f7cf02d36fd4a02cad2a0fb627bc5bb27 (0.00s)
    --- PASS: FuzzTxfetcher/379d9c74f0d9abf34b7f50adde7e3ce27b30aa28 (0.00s)
    --- PASS: FuzzTxfetcher/38443478bed386497106646282e3b2e02fca0555 (0.00s)
    --- PASS: FuzzTxfetcher/3855e252f33b1163bcbcf4c2b741236335222bcd (0.00s)
    --- PASS: FuzzTxfetcher/3866fded438f5365f8d64e850428900a2dd1829a (0.00s)
    --- PASS: FuzzTxfetcher/386b82f4eb6753018956392ee2d30bb692211cd5 (0.00s)
    --- PASS: FuzzTxfetcher/38d030a2f55eeb3e8d3c073765fc87bc2d239f10 (0.00s)
    --- PASS: FuzzTxfetcher/39101a79ff86b6bda5195a4685ca4a24d3ddda48 (0.00s)
    --- PASS: FuzzTxfetcher/394820744af0680f978e512e37c63542654b3ffd (0.00s)
    --- PASS: FuzzTxfetcher/399f17287387177a3157068200c5614e0c473afe (0.00s)
    --- PASS: FuzzTxfetcher/39ebd696aeb13afcde39a2e327b8712d8ef18029 (0.00s)
    --- PASS: FuzzTxfetcher/39fd5492b739400ee59be225d492d8544ac141ab (0.00s)
    --- PASS: FuzzTxfetcher/3a2b96538f54d218270e05d0bf929b161cb09cdb (0.00s)
    --- PASS: FuzzTxfetcher/3a7e536e8ccead11510aaa0ae971d59e79c73757 (0.00s)
    --- PASS: FuzzTxfetcher/3a905c181ff3188cb1c89c56f9866c93950e648e (0.00s)
    --- PASS: FuzzTxfetcher/3b08ba1cb17bbef0d13e2a7a4c7b028ad347f76d (0.00s)
    --- PASS: FuzzTxfetcher/3bb008cd99098d684dd2ae6ccfc833925826703f (0.00s)
    --- PASS: FuzzTxfetcher/3bb1a580af45af669071e62bc189b7c88cc34962 (0.00s)
    --- PASS: FuzzTxfetcher/3c186b084589f07dd5f52a6713865a20d88a49c5 (0.00s)
    --- PASS: FuzzTxfetcher/3c404d0d06fa2b3e8b7e73f723841e5d8e1795ba (0.00s)
    --- PASS: FuzzTxfetcher/3c879ec318190a63011994d1fa0737fb0245b45b (0.00s)
    --- PASS: FuzzTxfetcher/3d0a305b84bf14f5509e9854619d1dfc3b5b9ad8 (0.00s)
    --- PASS: FuzzTxfetcher/3e2b3acd0b292b621f4a5fb10758577e6aec4292 (0.00s)
    --- PASS: FuzzTxfetcher/3e5951e207c87ddf550e1aa99eb12b468d644b41 (0.00s)
    --- PASS: FuzzTxfetcher/3ef4eb43e2e19a200e63c634e899c6c72901c4dd (0.00s)
    --- PASS: FuzzTxfetcher/405059c7280d352f424929fb6d55785458b998e5 (0.00s)
    --- PASS: FuzzTxfetcher/40de7342a242a367b6d4360069684ebbbdd8cc41 (0.00s)
    --- PASS: FuzzTxfetcher/40e7c17f39a2a09628ad99ed68aa5f369c9d0063 (0.00s)
    --- PASS: FuzzTxfetcher/4187cdb6355ee40befed521cc2c19830caffe306 (0.00s)
    --- PASS: FuzzTxfetcher/44e455052a648eaeb57272a02556134660d032a0 (0.00s)
    --- PASS: FuzzTxfetcher/44ecf1b806c93d240595f081798cc104f2a253d2 (0.00s)
    --- PASS: FuzzTxfetcher/453a30b788a3229ff899c3bdedb4fe06e5caf036 (0.00s)
    --- PASS: FuzzTxfetcher/4547801a9a642c5e66e3fa55647d795b351fd76e (0.00s)
    --- PASS: FuzzTxfetcher/4599a98de5116dd95c62170ef7736f6da530a9ad (0.00s)
    --- PASS: FuzzTxfetcher/45d10c68885314adc564d9cbc4116eb3153adf5c (0.00s)
    --- PASS: FuzzTxfetcher/45e26e59de307d4f98666c82c952b6b181f7b2ac (0.00s)
    --- PASS: FuzzTxfetcher/4603b00ab97c68cb71c3d04d8261d78553fb5097 (0.00s)
    --- PASS: FuzzTxfetcher/462a2077a3d344b007b1d6ad3fd56dd555101685 (0.00s)
    --- PASS: FuzzTxfetcher/4698f3f806f6be388103585ae768808f8d23b1be (0.00s)
    --- PASS: FuzzTxfetcher/46ac61ba114f160d0ee1bc5c399ec15817b7fdbd (0.00s)
    --- PASS: FuzzTxfetcher/46cf3c9f9d69138727771c5a845209095fc056d6 (0.00s)
    --- PASS: FuzzTxfetcher/47b945008a2a3e89dc01eda30aa7149f7eadf15e (0.00s)
    --- PASS: FuzzTxfetcher/4881765061e98e897e67c9c5741fb548b2a8503a (0.00s)
    --- PASS: FuzzTxfetcher/49324e0c4369131e8ab9b2745f610c7a29569ad2 (0.00s)
    --- PASS: FuzzTxfetcher/49426363ace466149a733474ce1ae518c44abf44 (0.00s)
    --- PASS: FuzzTxfetcher/4942e0153304751a9496cb74e1299fb3c39e30be (0.00s)
    --- PASS: FuzzTxfetcher/49ca646938ff8c035f42983d710e13c373a7fb5f (0.00s)
    --- PASS: FuzzTxfetcher/4a9d2cfcb576d5997fb373231b38019b517318c5 (0.00s)
    --- PASS: FuzzTxfetcher/4b45d4072b1945afdcb583b53f7b3a1528c5fbf0 (0.00s)
    --- PASS: FuzzTxfetcher/4b9b655ad8a60df98136e65a13477d46d759e627 (0.00s)
    --- PASS: FuzzTxfetcher/4d0319bf1ec0c020ff160674c716d0bc880d4c6c (0.00s)
    --- PASS: FuzzTxfetcher/4d23e10bc731f4c5abf4bfcd772d1a982243ab10 (0.00s)
    --- PASS: FuzzTxfetcher/4d2dc2d3f32f2616864728dc5fd000e50be2ca09 (0.00s)
    --- PASS: FuzzTxfetcher/4d3da337df609c513d8703f35b5dc4dae7c2917d (0.00s)
    --- PASS: FuzzTxfetcher/4d5f645867a4c80184d1951dea59ea882919d3cb (0.00s)
    --- PASS: FuzzTxfetcher/4d96e63d8b7ff83917ba2293d3971acd04ec798b (0.00s)
    --- PASS: FuzzTxfetcher/4e487775d6d42a378c72593c8bd02dc2cd12ae23 (0.00s)
    --- PASS: FuzzTxfetcher/4e652f958c6b69fd1712f6e71612ac60fbc02657 (0.00s)
    --- PASS: FuzzTxfetcher/4eda5e879deab9e31b4aab87ff0bab3accf95863 (0.00s)
    --- PASS: FuzzTxfetcher/4edd10651dc48c8a64b5daad6592f652b836efcf (0.00s)
    --- PASS: FuzzTxfetcher/4f2bac4f2ae14e9173b12cec7d047e1114cf5685 (0.00s)
    --- PASS: FuzzTxfetcher/4f5941a252543542f986b29fb05f4e93004fa428 (0.00s)
    --- PASS: FuzzTxfetcher/4f729014e7b97968a377cff6234c9134a366c927 (0.00s)
    --- PASS: FuzzTxfetcher/4ffe51bf5ab0f5d9a52085613a8026f9f2ae7264 (0.00s)
    --- PASS: FuzzTxfetcher/51772ce7e60503a1c25742d3aa0c8d62de6778ce (0.00s)
    --- PASS: FuzzTxfetcher/51a2d473f5c838ef5d4e05e494f9bf1342e2e06f (0.00s)
    --- PASS: FuzzTxfetcher/51ba671629307f6bcc41c52baea182560d755319 (0.00s)
    --- PASS: FuzzTxfetcher/5239d9b7c1334be5e01c718719cb3a8e67630968 (0.00s)
    --- PASS: FuzzTxfetcher/525dc5e3ba6c4923d21f91ec6677beee9496cadd (0.00s)
    --- PASS: FuzzTxfetcher/54445bcc4afe5159b1108db87869f35faa387c45 (0.00s)
    --- PASS: FuzzTxfetcher/5536e5dc7b91a8cfe9be04d7bd641dea9506b9ba (0.00s)
    --- PASS: FuzzTxfetcher/55ad79f4b2bf973c0abf7c828ad7a63dd0e16973 (0.00s)
    --- PASS: FuzzTxfetcher/55be3b3013e5095a339817578df7d9f028e4a786 (0.00s)
    --- PASS: FuzzTxfetcher/576bbcbd5b93b6d97810b3d42d1869d71bb41b44 (0.00s)
    --- PASS: FuzzTxfetcher/57a1fe77bd6a95cf2e698bb78ae12f425fb8df69 (0.00s)
    --- PASS: FuzzTxfetcher/57a93c28e87a57319c5f14a6362f0c57119a78e1 (0.00s)
    --- PASS: FuzzTxfetcher/57ce13bbba40df25cd0d223eb4e50db3376c96e9 (0.00s)
    --- PASS: FuzzTxfetcher/58f9aeb95b5104bf30559a8a5c5c44f2dcd100c4 (0.00s)
    --- PASS: FuzzTxfetcher/59ae3afcc40ee2118178b368ab28c621e6e9a8b1 (0.00s)
    --- PASS: FuzzTxfetcher/59ce13e184d547dc5a5e42f3ecb69d73c078b50f (0.00s)
    --- PASS: FuzzTxfetcher/59e89aa330c1aeae53b5c80cde763387640b31ec (0.00s)
    --- PASS: FuzzTxfetcher/5a051416480c7445bca690f595db766f655f3156 (0.00s)
    --- PASS: FuzzTxfetcher/5a5aa1897caaebd6a58b6914876e8272a1333118 (0.00s)
    --- PASS: FuzzTxfetcher/5b75f0c9dd4b59ee23d5674541c6617cebba18b7 (0.00s)
    --- PASS: FuzzTxfetcher/5b96f94b85ac0d1d0af5798c44306834e6d1e40e (0.00s)
    --- PASS: FuzzTxfetcher/5cd46a81822310fcdb9e82d33b7a1439695b1254 (0.00s)
    --- PASS: FuzzTxfetcher/5d5d21aaf9f1f800201e0ace6087961617c6d4eb (0.00s)
    --- PASS: FuzzTxfetcher/5de43666839043458af3fd30c8d4a8dedc0e8416 (0.00s)
    --- PASS: FuzzTxfetcher/5f31de06b612b2347fb351cd128076bba00c5361 (0.00s)
    --- PASS: FuzzTxfetcher/604a5424feee03debec6201c85bf937d8e3722cb (0.00s)
    --- PASS: FuzzTxfetcher/608c31e7d98d4b1aae13da4e24056a53ac7adeee (0.00s)
    --- PASS: FuzzTxfetcher/60a29e307bc9300c29624f044bb14d7837a81651 (0.00s)
    --- PASS: FuzzTxfetcher/60f8c841616e43f49e25dbff8aa47c2960e9263e (0.00s)
    --- PASS: FuzzTxfetcher/61531bec751399a42193538706c0a3de00aa1e82 (0.00s)
    --- PASS: FuzzTxfetcher/617301306715fe13068d45df0371506aa6716c78 (0.00s)
    --- PASS: FuzzTxfetcher/62050eb96a48df71ec0df2f24a9205399c23f54e (0.00s)
    --- PASS: FuzzTxfetcher/62416d01ece7e9dcefc10dd28ffb2fdf6a8b8058 (0.00s)
    --- PASS: FuzzTxfetcher/637d43497f2c309d9ff63bab527da3e679617609 (0.00s)
    --- PASS: FuzzTxfetcher/639b0bf6ce25835cac9d589a92639758bce59968 (0.00s)
    --- PASS: FuzzTxfetcher/64be77dbed6f9ee1d10e3cf82864b9f17b0f12af (0.00s)
    --- PASS: FuzzTxfetcher/64fffccc2751993554abe0b2a9f217f8a76e3bd1 (0.00s)
    --- PASS: FuzzTxfetcher/6511a35a3ee5349ad6faaae68cc5906bf7715eb8 (0.00s)
    --- PASS: FuzzTxfetcher/6545068df6cc7d6061944cde248eeb9738d528c0 (0.00s)
    --- PASS: FuzzTxfetcher/658dd0f6e9088a169fc3ed32df9153fd8f2263a7 (0.00s)
    --- PASS: FuzzTxfetcher/659b2ab41c228a1aef5668a903b1acaee010c6f2 (0.00s)
    --- PASS: FuzzTxfetcher/65ee1ede78c0e2fee8f3147634b9192531f371c8 (0.00s)
    --- PASS: FuzzTxfetcher/661b71ae034ccc2cb6a0b411f5e11eb5b7a16f54 (0.00s)
    --- PASS: FuzzTxfetcher/664a863acc9a8bcf084c7457820f5d98b16d9816 (0.00s)
    --- PASS: FuzzTxfetcher/677214596a58ce38a79177218e6c203dd6d9c44a (0.00s)
    --- PASS: FuzzTxfetcher/67a568d5b98bac0535f32a4d7bb5ce988bbea751 (0.00s)
    --- PASS: FuzzTxfetcher/67cdbd5fa9fbf34c7ac3f806e9ce8cc5fa0cc7b0 (0.00s)
    --- PASS: FuzzTxfetcher/67fa880e5d3ccfc76cf77faf59e2420a0cf6613f (0.00s)
    --- PASS: FuzzTxfetcher/694d8af4cd3aee71eb87ddf6e334096f82d558f6 (0.00s)
    --- PASS: FuzzTxfetcher/699a7f90273dfa686ae2d65daf47a623ec7200b1 (0.00s)
    --- PASS: FuzzTxfetcher/69c90d0378a07315946104c200ba688f2b90b3c8 (0.00s)
    --- PASS: FuzzTxfetcher/69fa4be58d11427966c6aecbf2e83666d864d17f (0.00s)
    --- PASS: FuzzTxfetcher/6a18008349bcc41fa66770885f4d7697ff9e9d4e (0.00s)
    --- PASS: FuzzTxfetcher/6a1aee07b70fa093732232f1345d0c2bbce02c60 (0.00s)
    --- PASS: FuzzTxfetcher/6acc5d02b76310adbeafb19658e89f5ddaa81b27 (0.00s)
    --- PASS: FuzzTxfetcher/6b01f7430d193545b719bf47b3514bc3bbd94a08 (0.00s)
    --- PASS: FuzzTxfetcher/6b7f672db3b05fdc98c3547d2baa85d5e2cc92c3 (0.00s)
    --- PASS: FuzzTxfetcher/6b953d31b07c9878c12b46ef82a8ce6377baab33 (0.00s)
    --- PASS: FuzzTxfetcher/6b993fd060e98a710937f42a2b05997eb0c79341 (0.00s)
    --- PASS: FuzzTxfetcher/6c7f7c4584f91ececf5dea19f1619cc665374e0f (0.00s)
    --- PASS: FuzzTxfetcher/6c9cdad7fb695563dca2b51e74f4d34efd56ed9a (0.00s)
    --- PASS: FuzzTxfetcher/6d11149cf32c592109256168649d56f80e2d07d0 (0.00s)
    --- PASS: FuzzTxfetcher/6d784e0ed41a51f44e26aa60599add5e2b28f060 (0.00s)
    --- PASS: FuzzTxfetcher/6eeeaa0654dba0394a0d73fb40d79ec9e2f9ed58 (0.00s)
    --- PASS: FuzzTxfetcher/6fdac73fe8e46e94e85ea1820b11f79277275d48 (0.00s)
    --- PASS: FuzzTxfetcher/6ffe7ef5a80690e80ff01192ff57d3331380ada1 (0.00s)
    --- PASS: FuzzTxfetcher/70360eda96febabf8b795d0924c5eaee72494076 (0.00s)
    --- PASS: FuzzTxfetcher/70a03f5098d8b8a4399772d8bfae7b3995128cc3 (0.00s)
    --- PASS: FuzzTxfetcher/70b365837e718b4deb46f29a3a985f82fcf2eeb7 (0.00s)
    --- PASS: FuzzTxfetcher/71013782b96f912f99296b4d4875ed405ec310f2 (0.00s)
    --- PASS: FuzzTxfetcher/7151f529b50523646846392a9f2efd3c783e0d6b (0.00s)
    --- PASS: FuzzTxfetcher/71f3d7232300792fb811ff8fc193f81b97b242c9 (0.00s)
    --- PASS: FuzzTxfetcher/71fd95eb39d4fe228ec88fbfa61197f925b5fd0b (0.00s)
    --- PASS: FuzzTxfetcher/722970fc8bff1c5382063c0dfd0da9241542765d (0.00s)
    --- PASS: FuzzTxfetcher/7237b9eae42a330c249ad06174d3143e5495f82b (0.00s)
    --- PASS: FuzzTxfetcher/7237c2ea41f7652db28dbe075e2a270862c56fcd (0.00s)
    --- PASS: FuzzTxfetcher/7303ecbbae787a29f5577fdea63d0af41c85f01e (0.00s)
    --- PASS: FuzzTxfetcher/735ce90098efc51760a1b86c46df50d0463f1dcb (0.00s)
    --- PASS: FuzzTxfetcher/73a3215023e2369ad26163671cdebeffbd673f58 (0.00s)
    --- PASS: FuzzTxfetcher/73a7d26e7e977c287467762593ddf4eca22d1d76 (0.00s)
    --- PASS: FuzzTxfetcher/73b7c923d82a935ccc219635d2fcf09556539b45 (0.00s)
    --- PASS: FuzzTxfetcher/744966f7122577d803eca13e6b536e9230b63a10 (0.00s)
    --- PASS: FuzzTxfetcher/74739712a7880c95b7db1d8fb5bd0ddbf3aecdea (0.00s)
    --- PASS: FuzzTxfetcher/759ada99d347ce0dd2d82435f04dd460b0475975 (0.00s)
    --- PASS: FuzzTxfetcher/765bfeb84b12f8dd9e5c68dc397c4492faad5175 (0.00s)
    --- PASS: FuzzTxfetcher/773d84fbe3b909d5fa2bfd721dd854264ef9808d (0.00s)
    --- PASS: FuzzTxfetcher/77a94030b8db6893dda5b38c45936706f5c7c1b3 (0.00s)
    --- PASS: FuzzTxfetcher/78368b817316bd253c45ab5902d100edbcda1e23 (0.00s)
    --- PASS: FuzzTxfetcher/7848f5642b30051c2d204ef910609e3990ead4ac (0.00s)
    --- PASS: FuzzTxfetcher/787d2569fa599cd04103fc656db92e1f3fc5125d (0.00s)
    --- PASS: FuzzTxfetcher/78d36ce3dba070142f771207d2ae6331dd6ddf98 (0.00s)
    --- PASS: FuzzTxfetcher/79051b0fb62f148b9a7735b04b658bad77f69016 (0.00s)
    --- PASS: FuzzTxfetcher/7b35aa716d785aacce3826acc2fedf19261d44da (0.00s)
    --- PASS: FuzzTxfetcher/7b9ea3e72e69f0035ac8a6daf4b4972e0026eaf7 (0.00s)
    --- PASS: FuzzTxfetcher/7c7bb9d1640df6ab8aced985f426d6115eff1230 (0.00s)
    --- PASS: FuzzTxfetcher/7d893658aca04cb577f2c59b907ba3c75547edf3 (0.00s)
    --- PASS: FuzzTxfetcher/7d8d51eedd4271c154ce11516f2e52c999e88425 (0.00s)
    --- PASS: FuzzTxfetcher/7ea2d4680bd77290b57de39a82f87f840d6479b9 (0.00s)
    --- PASS: FuzzTxfetcher/7eccd4386d743887eaea49cbd04a2d19f9c6e32a (0.00s)
    --- PASS: FuzzTxfetcher/7ece11fd55a2e6fd031d6722da22754803ad3e56 (0.00s)
    --- PASS: FuzzTxfetcher/7f3029f1e8992c32e157aead943755ac669b6dbb (0.00s)
    --- PASS: FuzzTxfetcher/7f69c878f9c8f5563bace7ca81233880cd3910fb (0.00s)
    --- PASS: FuzzTxfetcher/801d649988f0d66452a40b61332f81522e90b24b (0.00s)
    --- PASS: FuzzTxfetcher/806317e1f346a72c06798380e93bcf78ac617287 (0.00s)
    --- PASS: FuzzTxfetcher/8106104b977883fbf97edee9ab8a7a77f5d345b2 (0.00s)
    --- PASS: FuzzTxfetcher/82b70848b49c335281e6f5e35f48085aa3ceebbb (0.00s)
    --- PASS: FuzzTxfetcher/82c82c626da171da17f8e6ce843817d5f3a1f503 (0.00s)
    --- PASS: FuzzTxfetcher/82f8aea747f6879d29fbb0bf6458e8025c12b330 (0.00s)
    --- PASS: FuzzTxfetcher/83335fff3ae6b48fe14951de7698690f5f4ab0af (0.00s)
    --- PASS: FuzzTxfetcher/83c92e4b39a161a4fc26baf43d035adeec44c357 (0.00s)
    --- PASS: FuzzTxfetcher/83d4e10eb9df4edd03ed87cd364164e2f95b9e30 (0.00s)
    --- PASS: FuzzTxfetcher/84c58dd61aa8d58dc7c7493030bbbc77e54b8bc1 (0.00s)
    --- PASS: FuzzTxfetcher/84d47b2f4bb740cfe30682ed9e8abf38e6eaaca8 (0.00s)
    --- PASS: FuzzTxfetcher/84f02fc660e26d1057dd6bdeb021fe1e804fb6eb (0.00s)
    --- PASS: FuzzTxfetcher/8562678a42df1594f87db5dacac88e163c11fc9d (0.00s)
    --- PASS: FuzzTxfetcher/85f5eb1188ee2c290030fe7007a77d5bcd3f9e6d (0.00s)
    --- PASS: FuzzTxfetcher/86be95f887810a1b55527f99a804b40a58a1b5d7 (0.00s)
    --- PASS: FuzzTxfetcher/8716d5f1fdfd8b66b3de5a47dee6a82573806c1f (0.00s)
    --- PASS: FuzzTxfetcher/88853c50dc0e5fb2ae42b283c2b868071b81d483 (0.00s)
    --- PASS: FuzzTxfetcher/88919c409af89a2ad69c14b21893375d98038178 (0.00s)
    --- PASS: FuzzTxfetcher/88e50eb64f532ea3a600279167f1beca8c16ff01 (0.00s)
    --- PASS: FuzzTxfetcher/898906139140ccfd15e3ff646d2822e6957164c8 (0.00s)
    --- PASS: FuzzTxfetcher/8a1e55b5f1d8fedc052257f73c1939eb8f8457e3 (0.00s)
    --- PASS: FuzzTxfetcher/8aceaed2c21251155797442cfa5224848aa8df6c (0.00s)
    --- PASS: FuzzTxfetcher/8ae6019f48cecd96dfd1486422318000ce557520 (0.00s)
    --- PASS: FuzzTxfetcher/8bae917692cb387fbfd28f1aa8f17af5308af773 (0.00s)
    --- PASS: FuzzTxfetcher/8d4ce502bf33f1e76145c0e3e6e428d002db5f95 (0.00s)
    --- PASS: FuzzTxfetcher/8da7b028f93c269f41159f03496ff1c0a9283f66 (0.00s)
    --- PASS: FuzzTxfetcher/8f33d9325f17ae066108b9c46dc804055d314cf5 (0.00s)
    --- PASS: FuzzTxfetcher/9069ca78e7450a285173431b3e52c5c25299e473 (0.00s)
    --- PASS: FuzzTxfetcher/90a0c697973ae6792eb573b08929408f09eb49d7 (0.00s)
    --- PASS: FuzzTxfetcher/90b1e3ea6dd4b3e5a2edb44678aeac9b8df9ccb7 (0.00s)
    --- PASS: FuzzTxfetcher/915d0e643b89bf081780567fe04d20b54982770a (0.00s)
    --- PASS: FuzzTxfetcher/9238ac85cc3ab21ef5a32f12aef420f78c3df7f9 (0.00s)
    --- PASS: FuzzTxfetcher/928e7d465bc38cf7072be920c697db2b19cf305c (0.00s)
    --- PASS: FuzzTxfetcher/93934419f47ee3edbf6e6bdf8936a31922d8738a (0.00s)
    --- PASS: FuzzTxfetcher/93a1f7e3a489b2fe52331e48e52e1602fa9e4d92 (0.00s)
    --- PASS: FuzzTxfetcher/93c456fe763d5ea8c6bc335c9d11679859e93e99 (0.00s)
    --- PASS: FuzzTxfetcher/93c78f8daf683dc9cf7ad0fd6eb4701ba99becdd (0.00s)
    --- PASS: FuzzTxfetcher/9405995eb66934d60edcd6afa8dc8948f539aa31 (0.00s)
    --- PASS: FuzzTxfetcher/9447c2b06990091b8d29b0fbf80dfa57b740ce32 (0.00s)
    --- PASS: FuzzTxfetcher/946bd9c4c2510c9f45b656c2bb438d708577b0db (0.00s)
    --- PASS: FuzzTxfetcher/947dd0e6725526cfe413828a8ba89d91e786a97a (0.00s)
    --- PASS: FuzzTxfetcher/94a2c573aeb96ff1681eecb1418bb9256f8c4d80 (0.00s)
    --- PASS: FuzzTxfetcher/94ce27bc14b1b2c63375d9a4a6b2ec567e413a75 (0.00s)
    --- PASS: FuzzTxfetcher/951548053b49fc4e09ec4dcf5bbb6433e692d0d3 (0.00s)
    --- PASS: FuzzTxfetcher/95bb742e46d94c638e991a92ab66f74614f6f40d (0.00s)
    --- PASS: FuzzTxfetcher/96bf98ee6493eab1d2c10cddcbb9c34bd131a402 (0.00s)
    --- PASS: FuzzTxfetcher/96fd5097cdffa886cf78836792995e9d23f2fa7b (0.00s)
    --- PASS: FuzzTxfetcher/976ac55b84e922bac5fe802fa124a955ee378ffc (0.00s)
    --- PASS: FuzzTxfetcher/978f690bb98cbe56b88cf18547dabd27571faad4 (0.00s)
    --- PASS: FuzzTxfetcher/97906f6e5aaff34ee902df5517e476443deac154 (0.00s)
    --- PASS: FuzzTxfetcher/99518c26c672802869c9df93ebfa2ae0c060d058 (0.00s)
    --- PASS: FuzzTxfetcher/996c94207f45763f0845d6f2643158edefef847c (0.00s)
    --- PASS: FuzzTxfetcher/99dffbfae889c9023c36a6552816b38cf0f7c769 (0.00s)
    --- PASS: FuzzTxfetcher/99fc89939eb66ac31787896d73af72499f208543 (0.00s)
    --- PASS: FuzzTxfetcher/9a5a6452a9464ae8d44b4a0f4adc163480ac4694 (0.00s)
    --- PASS: FuzzTxfetcher/9a5cfe3c71439598a77c212beeb5272dd6792a16 (0.00s)
    --- PASS: FuzzTxfetcher/9b4e354498b80fc8c1b4d890e2b62393a2abe621 (0.00s)
    --- PASS: FuzzTxfetcher/9cbec63d6bd573b8bad833de0c203f17ff8dc47a (0.00s)
    --- PASS: FuzzTxfetcher/9cf2f806c561b128595c5fada6d985615d5e5398 (0.00s)
    --- PASS: FuzzTxfetcher/9d02e17dcf95ff126f630a13abeeb8dbee3e27af (0.00s)
    --- PASS: FuzzTxfetcher/9d5f3f02b8dd448ca5f1ad38fb5e2832ad3c4072 (0.00s)
    --- PASS: FuzzTxfetcher/9e09b77e15866d563df57609e2db435fbb4fc0f8 (0.00s)
    --- PASS: FuzzTxfetcher/9e3706f65a480c7d34c84a965dc25ca853401718 (0.00s)
    --- PASS: FuzzTxfetcher/9edd736094614852fc4d446b35cf6e9077916a7c (0.00s)
    --- PASS: FuzzTxfetcher/9fa9a411adc117c8af1dc3dd4904af73ec51ab85 (0.00s)
    --- PASS: FuzzTxfetcher/9fc8110873b2a2a6c6c9ffb1e291a97f1f9e1d8b (0.00s)
    --- PASS: FuzzTxfetcher/a12580305662c2cda863c59b4a444146b6407ca7 (0.00s)
    --- PASS: FuzzTxfetcher/a128d81d67007d648ab86d54e5cbc92ff2dd4af8 (0.00s)
    --- PASS: FuzzTxfetcher/a1f97b4d2f462bdb7796492b11e20b526f9246ac (0.00s)
    --- PASS: FuzzTxfetcher/a240fd739bc4f69d8f9d0feed7fd853048c5b48b (0.00s)
    --- PASS: FuzzTxfetcher/a2c93557acc80d1151642b7207434b1437db7b9f (0.00s)
    --- PASS: FuzzTxfetcher/a3bef324ff1239c4e957e1f3daf4ea668cd6de5e (0.00s)
    --- PASS: FuzzTxfetcher/a3ff6066906edae8c5f079e836a478fc67fb9428 (0.00s)
    --- PASS: FuzzTxfetcher/a408fe73843aa185d6e536105d6501895b025ed2 (0.00s)
    --- PASS: FuzzTxfetcher/a45da809d6b88938f93b2545c9beb1ae029df015 (0.00s)
    --- PASS: FuzzTxfetcher/a61a43cb8307ebb89b93da99448e1a5d07ad50f5 (0.00s)
    --- PASS: FuzzTxfetcher/a6ee2ef228b5bf33c7f2727ddd4916df8594672c (0.00s)
    --- PASS: FuzzTxfetcher/a825b12f90488c367da108568affab186509c504 (0.00s)
    --- PASS: FuzzTxfetcher/a8a14f0b2458a2518a390a833eef871cd2354373 (0.00s)
    --- PASS: FuzzTxfetcher/a8e7145ecd42d538885fb30dfe55252297c14155 (0.00s)
    --- PASS: FuzzTxfetcher/a94d3df2e50e8809c8a59b57fb799f5028ae3213 (0.00s)
    --- PASS: FuzzTxfetcher/a9a78bc21b5ba00be523453c8772fe0fab7bfad3 (0.00s)
    --- PASS: FuzzTxfetcher/aa54b3057220ca3bca0bc687358b4a29dce89171 (0.00s)
    --- PASS: FuzzTxfetcher/ab28f691d70c31880bb565409e874c689d9267d2 (0.00s)
    --- PASS: FuzzTxfetcher/ab7d48c5667b8f0ed6e23f7ea05eed97b3f22fd2 (0.00s)
    --- PASS: FuzzTxfetcher/ac39ad8ab221ca8e412034f105a8f64f13835390 (0.00s)
    --- PASS: FuzzTxfetcher/ac3e8705e3ef9671db7ef7a1f3b3e1da884d5dea (0.00s)
    --- PASS: FuzzTxfetcher/ac437165cff9f6730af0e0d42c0ea4d722a72c19 (0.00s)
    --- PASS: FuzzTxfetcher/ac855988137fc49ea35ef3b0b38e31998797670c (0.00s)
    --- PASS: FuzzTxfetcher/ad6cd4b3a64c322d62cc06ab162ce502562eefcc (0.00s)
    --- PASS: FuzzTxfetcher/ada289c67dbb9039f37f4ab825f46b8c1eedf245 (0.00s)
    --- PASS: FuzzTxfetcher/ae2f353c967e8662439e856f8f30a81682400b91 (0.00s)
    --- PASS: FuzzTxfetcher/ae30ddbdaaaac01e55004819193cf71b1a5ed07a (0.00s)
    --- PASS: FuzzTxfetcher/ae3eaa1ed06307c15197937dce64ba7f3d02d687 (0.00s)
    --- PASS: FuzzTxfetcher/af2640085ae74519839daa59d123c2090f54348e (0.00s)
    --- PASS: FuzzTxfetcher/b0a16467170616031d4d6204ac45f37dc3fc13ec (0.00s)
    --- PASS: FuzzTxfetcher/b1058681fc91e70192275b435ff8e287b8c51529 (0.00s)
    --- PASS: FuzzTxfetcher/b16285bb9faee1a62fda857183805ac982d096f9 (0.00s)
    --- PASS: FuzzTxfetcher/b21a3fde9d2939812843f20a8cb5f8d08cd992e8 (0.00s)
    --- PASS: FuzzTxfetcher/b2385af414aa91400e7a79c2813518e72b02ad9a (0.00s)
    --- PASS: FuzzTxfetcher/b2955dff2346ca879e68ef314f2a8868e88b4e87 (0.00s)
    --- PASS: FuzzTxfetcher/b2e2b14a11ea497d1f638fb1eb29bb364de3e151 (0.00s)
    --- PASS: FuzzTxfetcher/b33fd2e42878bc06a9b450f8eeef958021dccca9 (0.00s)
    --- PASS: FuzzTxfetcher/b34a289bdb8f08e1c491f3148e0d8980656d250e (0.00s)
    --- PASS: FuzzTxfetcher/b37c476f47d2426ac9cf186954a4099c98a40b9c (0.00s)
    --- PASS: FuzzTxfetcher/b49a8ae3c4e62c9d274aece25bb9a7542679dd26 (0.00s)
    --- PASS: FuzzTxfetcher/b52f4784d419bb9d259b8f164bb3801bbb7e562a (0.00s)
    --- PASS: FuzzTxfetcher/b613f28d2ab25a8b5f8bd8ae97b4b9f6ae5397ff (0.00s)
    --- PASS: FuzzTxfetcher/b705fb5a66ba02b65d49e874ffae67e0227401b7 (0.00s)
    --- PASS: FuzzTxfetcher/b744edaab5a7d21fab259d4b049aae2924413a36 (0.00s)
    --- PASS: FuzzTxfetcher/b767bd33ca40230085da2e2e2f54b4a4f7ddd419 (0.00s)
    --- PASS: FuzzTxfetcher/b881361abe032dcf4c84a5115d521d6dc09f69fa (0.00s)
    --- PASS: FuzzTxfetcher/b8a20f9e3e374cb13cbf0d4d9af61c46f3a561b3 (0.00s)
    --- PASS: FuzzTxfetcher/b8b7c68deab671d0bdfd8b1ced74ea430c926b18 (0.00s)
    --- PASS: FuzzTxfetcher/b9110e90153dac52b02d801885e70d3d26502d2f (0.00s)
    --- PASS: FuzzTxfetcher/b97d0b18421f79a060c1b960ae5ebf937aa84a5c (0.00s)
    --- PASS: FuzzTxfetcher/b985eb6fc602c497811bf4d585ec316118543df2 (0.00s)
    --- PASS: FuzzTxfetcher/b9a226f14b2fe4ec1cd3183ff4084ceb988f890f (0.00s)
    --- PASS: FuzzTxfetcher/ba501112f82c33f3edf98b1589632c548cc57890 (0.00s)
    --- PASS: FuzzTxfetcher/bb589d0621e5472f470fa3425a234c74b1e202e8 (0.00s)
    --- PASS: FuzzTxfetcher/bbc5925651956eebd807c7d2c40bd5366d29fd9b (0.00s)
    --- PASS: FuzzTxfetcher/bbcf7e237b5c96720856304e4ac09f88502f0908 (0.00s)
    --- PASS: FuzzTxfetcher/bc96956a6e74c94bb0fbbdf262a86c3da3599c66 (0.00s)
    --- PASS: FuzzTxfetcher/bd15d4dd53157aec2a136757edc21455e1e7fcae (0.00s)
    --- PASS: FuzzTxfetcher/bd589d088cee01e018c674bb370b839eacc9e14a (0.00s)
    --- PASS: FuzzTxfetcher/bdac5b2d96df299bc1ffef1c89690b3e18e0a5a9 (0.00s)
    --- PASS: FuzzTxfetcher/be4c7cd4159ea25ea09cc717f9744528fd40a82b (0.00s)
    --- PASS: FuzzTxfetcher/bf94ff9695681c54b1e4adc0591d07d6eb8f52a0 (0.00s)
    --- PASS: FuzzTxfetcher/bfb703f55d4b06406fb48e46f1c4a99324208fe5 (0.00s)
    --- PASS: FuzzTxfetcher/bfd9f24beadefd121ee078851c35f8f717e02c45 (0.00s)
    --- PASS: FuzzTxfetcher/c170763524e8d56cf54fc2f849eb9c4a45dabdd1 (0.00s)
    --- PASS: FuzzTxfetcher/c18eeccdffe4b0f05962be6a39feb2f434be4a1d (0.00s)
    --- PASS: FuzzTxfetcher/c36b351c3dea5684f0b7607482d78d50a4333634 (0.00s)
    --- PASS: FuzzTxfetcher/c4b72b739bb47060ef45c6a6166b6c22236eec13 (0.00s)
    --- PASS: FuzzTxfetcher/c4c91ff24a635534c6f567d4d39caed84ce95dfc (0.00s)
    --- PASS: FuzzTxfetcher/c54a88123bbb6e16f5587012cf7f77c32259a541 (0.00s)
    --- PASS: FuzzTxfetcher/c6aec150c5ff79328a6a79dcf9583c7977587c24 (0.00s)
    --- PASS: FuzzTxfetcher/c7d508cb2d942e8006cdc6db6a617c6b1cf41b61 (0.00s)
    --- PASS: FuzzTxfetcher/c9b2ef51daefb2e74ee8eedcef3ce09126dd261b (0.00s)
    --- PASS: FuzzTxfetcher/c9e8907f211f1588f7e7f186b397dd0d4377d4e8 (0.00s)
    --- PASS: FuzzTxfetcher/ca51dddd86810f0eaccf9aa7cc8e21be8d6abd74 (0.00s)
    --- PASS: FuzzTxfetcher/cab90a08cccf0d21416f26813b26e79994e2c7c4 (0.00s)
    --- PASS: FuzzTxfetcher/cb75581194ac7fbbec2fb3ad1abf4b99fb6de432 (0.00s)
    --- PASS: FuzzTxfetcher/cc89b8fe701da7f97215fe77653a264fcb2eceeb (0.00s)
    --- PASS: FuzzTxfetcher/cc8f4193603a3158d39c5582a389929dc464c47f (0.00s)
    --- PASS: FuzzTxfetcher/ccd3128d77b7975de90c6150bf0e6ed389ebd1ba (0.00s)
    --- PASS: FuzzTxfetcher/cd4a93ac58392fd54ecca9d8ddf39788e9f5f960 (0.00s)
    --- PASS: FuzzTxfetcher/cd8ffb6ff63cdcbbc550136c0880e430acdaa35a (0.00s)
    --- PASS: FuzzTxfetcher/ce3939c92fc3674ce8b7221d6c6364d817deba87 (0.00s)
    --- PASS: FuzzTxfetcher/ce84dbd418eea3444884b607dab97eb75e2197d4 (0.00s)
    --- PASS: FuzzTxfetcher/cf14ded6dc3907de80f3685085e79c9b055902a3 (0.00s)
    --- PASS: FuzzTxfetcher/cf688bf00130deae84431396fc1244a7a885f01d (0.00s)
    --- PASS: FuzzTxfetcher/d06e6fa10e60a7cb85aa1e58a1f8cda90309e0e0 (0.00s)
    --- PASS: FuzzTxfetcher/d07530217b3cbac1b7cac94e2051e4a6b72f532d (0.00s)
    --- PASS: FuzzTxfetcher/d08ad0e152c06bc6be0d4d4dc90aec1397c00edd (0.00s)
    --- PASS: FuzzTxfetcher/d10d71627805c998e2ec90039fe07c6bdc8a413d (0.00s)
    --- PASS: FuzzTxfetcher/d127c25a161d1262540484caa94f3c942c31fa8a (0.00s)
    --- PASS: FuzzTxfetcher/d137b83fa5820b96cb7b0592b0ec85d87e770976 (0.00s)
    --- PASS: FuzzTxfetcher/d1497a06fb7f4084be3a4a406a17050b16d8bf53 (0.00s)
    --- PASS: FuzzTxfetcher/d1d22d2e0018e7d33effb2d6c7ca3b2ac745a232 (0.00s)
    --- PASS: FuzzTxfetcher/d1d71303d78b7da4b4ced2b81eb2b00c74b84c62 (0.00s)
    --- PASS: FuzzTxfetcher/d257ba0bc2baeb158b7200571bf9b322b8f3d975 (0.00s)
    --- PASS: FuzzTxfetcher/d2a5caf1fd5039c83c286c31bfcd935f8847b9a8 (0.00s)
    --- PASS: FuzzTxfetcher/d3528c35b7016486bbf80e4aae1d65d947476aa9 (0.00s)
    --- PASS: FuzzTxfetcher/d46c0134d5dc266f3525ba88762c6e8d05d9b2be (0.00s)
    --- PASS: FuzzTxfetcher/d47efb966a53cb9827eca8cf8d0743d1cffa1efc (0.00s)
    --- PASS: FuzzTxfetcher/d5665b7e89dd1e5382e25da7e1676c45e1ff08c5 (0.00s)
    --- PASS: FuzzTxfetcher/d6ba8cdf6686c3da8c8d1dd25da3a7f56bb9c70e (0.00s)
    --- PASS: FuzzTxfetcher/d6bb5881e324c74d0249b03db7438959a7678eeb (0.00s)
    --- PASS: FuzzTxfetcher/d6ce339d3c1b99dc9a067018446d149d5c820bbb (0.00s)
    --- PASS: FuzzTxfetcher/d734fe6ae1968aa80c114cbbb17eb5ba4c477ce9 (0.00s)
    --- PASS: FuzzTxfetcher/d7733040e0319fcc7322e34ef6856c184d832997 (0.00s)
    --- PASS: FuzzTxfetcher/d7e6ec9116c41cf46331e498b2d3169bfee36cb6 (0.00s)
    --- PASS: FuzzTxfetcher/d7e8876186dbae99385c20c0b8572a67d748f90a (0.00s)
    --- PASS: FuzzTxfetcher/d80dcf600c358ae1c42655bea53af5386a159df5 (0.00s)
    --- PASS: FuzzTxfetcher/d8416bd52cbe9679d7e03d53ee610995ec95a650 (0.00s)
    --- PASS: FuzzTxfetcher/d88761826c6a4fc1180f07a49d1d9cbcf562753d (0.00s)
    --- PASS: FuzzTxfetcher/d8eccc72cbad88a684ae8d8ba002bb034a360bce (0.00s)
    --- PASS: FuzzTxfetcher/d93b90e5c088a54b3ca162e60568a973d22d9dc4 (0.00s)
    --- PASS: FuzzTxfetcher/d94f7b3815c18aa6f318117d65e42c8fc724061a (0.00s)
    --- PASS: FuzzTxfetcher/d957947a006b1c7bf6d55129f07d6fad81c8071a (0.00s)
    --- PASS: FuzzTxfetcher/d9d56616bdc77544f2a916b70d09306d971b0fe9 (0.00s)
    --- PASS: FuzzTxfetcher/da084d32368c6794aec36d0fc04c99297953610c (0.00s)
    --- PASS: FuzzTxfetcher/da9cee7f3ae7be331c43284b306c0a179d6e24d8 (0.00s)
    --- PASS: FuzzTxfetcher/db1912f7183258dafe301800bf8b11e140582b12 (0.00s)
    --- PASS: FuzzTxfetcher/db2313e08f0f0e08b0bcba7f1763ea207e402599 (0.00s)
    --- PASS: FuzzTxfetcher/db31d6dd50cad521fa83572f865b75fa98e7b819 (0.00s)
    --- PASS: FuzzTxfetcher/dbd4c8bc05d6a38e1ef1da92880113eefa1bf701 (0.00s)
    --- PASS: FuzzTxfetcher/dbed6b3a0e6c3ff78ab517142e98b8e9ba0376c1 (0.00s)
    --- PASS: FuzzTxfetcher/dc55389c3114a0a9346417bcd4b1d18bb7c6930a (0.00s)
    --- PASS: FuzzTxfetcher/dc6d3fde7e9f8437d6eb1c6b00e09c3446887f54 (0.00s)
    --- PASS: FuzzTxfetcher/dd6f5c654ab90d9b40f07174fe60535788f33935 (0.00s)
    --- PASS: FuzzTxfetcher/dd8e5c2c56815867b76146349e927fdb3f4ba63b (0.00s)
    --- PASS: FuzzTxfetcher/ddbf99e035070524bb1226d6a9fe68bcd044c625 (0.00s)
    --- PASS: FuzzTxfetcher/de5ac6a82ad4719742e9ab77f55cf588945894ec (0.00s)
    --- PASS: FuzzTxfetcher/de6728cb36a816aa56c54eacd9501450b0e158ba (0.00s)
    --- PASS: FuzzTxfetcher/de9817cfc28acb1a9e855794c117f20b1e91c5df (0.00s)
    --- PASS: FuzzTxfetcher/df2273872ce937d2f79f82987f46ce7f03157cca (0.00s)
    --- PASS: FuzzTxfetcher/dff0baddbd12d4927b9fe8b1edb81c77d8a1a190 (0.00s)
    --- PASS: FuzzTxfetcher/e00e04334d4e300c2dcbd1e7d76b4aa04be55c04 (0.00s)
    --- PASS: FuzzTxfetcher/e01e0ee1d4acda0bd122835452918519e61271ce (0.00s)
    --- PASS: FuzzTxfetcher/e11d04b4c9a315da1ccad4ea7d6dac496c60196f (0.00s)
    --- PASS: FuzzTxfetcher/e18fe8a8529afc524ac09cd8f77407e64d000e70 (0.00s)
    --- PASS: FuzzTxfetcher/e2283d894610f6b263a4b57b2aee5434fcece3d2 (0.00s)
    --- PASS: FuzzTxfetcher/e258253a08b50098cd152e3a578caffe054b7510 (0.00s)
    --- PASS: FuzzTxfetcher/e4083e48e25b9a2054f12eb54abd579d15d5a200 (0.00s)
    --- PASS: FuzzTxfetcher/e43700620a1cc6d0a25415461ba292ba8e9ad085 (0.00s)
    --- PASS: FuzzTxfetcher/e4d10703c09a00580c6d829222e8cb83132efdfc (0.00s)
    --- PASS: FuzzTxfetcher/e527a2a88ac3ebb8cade2ce8a210452b45cca4f0 (0.00s)
    --- PASS: FuzzTxfetcher/e565137658ce7c7a7d55a2a002c5e331c4ec2ab9 (0.00s)
    --- PASS: FuzzTxfetcher/e64e0e9e4874289d4e4e7e125f20794fbd7bb08d (0.00s)
    --- PASS: FuzzTxfetcher/e6f1e863a822c6dc219bf54ed85a7c1db80332d0 (0.00s)
    --- PASS: FuzzTxfetcher/e7e9bfb770f264f7be6eac221cef6ef292d6503b (0.00s)
    --- PASS: FuzzTxfetcher/e8b12f18a3d60a71b336df827b69cc59421f5a0f (0.00s)
    --- PASS: FuzzTxfetcher/e8b788d7b974bf8d606e31c69720ada9d0f21e27 (0.00s)
    --- PASS: FuzzTxfetcher/e8f279ee7e5911ca8f6324b510d92e17dbf3ee01 (0.00s)
    --- PASS: FuzzTxfetcher/e901c523c716bc5b4babd73f1941292a5fb94002 (0.00s)
    --- PASS: FuzzTxfetcher/e94cfb336f060119de548dd5dbbc775a95a39f61 (0.00s)
    --- PASS: FuzzTxfetcher/e952297e0863cabd21b8ed45c793316ad3e556bd (0.00s)
    --- PASS: FuzzTxfetcher/e9e723bef49568470e70cb71c6c3208357933c5f (0.00s)
    --- PASS: FuzzTxfetcher/ea094ea432f290122621511eb1c0076953b64380 (0.00s)
    --- PASS: FuzzTxfetcher/ea7914e22c8b3aafd9f7212b4df4263811dd3f5b (0.00s)
    --- PASS: FuzzTxfetcher/eb6d54b548e2c78a902439bd5ee0b2b59276211d (0.00s)
    --- PASS: FuzzTxfetcher/ebc0afd31a1ad54f55b2d179d8eb79e214e39353 (0.00s)
    --- PASS: FuzzTxfetcher/ec3e10d63b222bcfd8d520e1ee71c389355dbabc (0.00s)
    --- PASS: FuzzTxfetcher/ec4bf4997ef6bfd7a565d3e237e67f733f8626e3 (0.00s)
    --- PASS: FuzzTxfetcher/ec4f46e25e995b3f89edb66037f8941edb7fd9d8 (0.00s)
    --- PASS: FuzzTxfetcher/ecc8a5a3dbcc99c9ba8abfeb2c0cc3acd90658fc (0.00s)
    --- PASS: FuzzTxfetcher/ecf463aa1cd73945266938f6b7624eedda224eba (0.00s)
    --- PASS: FuzzTxfetcher/ed1d07673eb871ae1db821c07658677ea7f0371f (0.00s)
    --- PASS: FuzzTxfetcher/ed68a31b05e3a10437bebf63bd13be076e50b026 (0.00s)
    --- PASS: FuzzTxfetcher/ed7b99eecc485e01c14fae9fc857e36d21c373ee (0.00s)
    --- PASS: FuzzTxfetcher/ed8496415590bc8b1106f8bba6b59581cbed3503 (0.00s)
    --- PASS: FuzzTxfetcher/ee89d3dab6fcf20d1c4daf8c9e0a0e5887b850fa (0.00s)
    --- PASS: FuzzTxfetcher/eec552c062d7b7d9efad72085d9b3c5039cea17d (0.00s)
    --- PASS: FuzzTxfetcher/eefdfbb680a14ca497cd767a43204585567f100d (0.00s)
    --- PASS: FuzzTxfetcher/efe43def97eb295fe99c3753f2d740d7b36df689 (0.00s)
    --- PASS: FuzzTxfetcher/f04495d359d0e012781bdcfc9570d32bdcf7ce5a (0.00s)
    --- PASS: FuzzTxfetcher/f0d76188834b49b990389c5af4c2fc65f3dad801 (0.00s)
    --- PASS: FuzzTxfetcher/f0fc56e9f53a4024c04f8403267297c3de0fc879 (0.00s)
    --- PASS: FuzzTxfetcher/f2788921db0ea58b89f6397a1fd3c6ead84aef2a (0.00s)
    --- PASS: FuzzTxfetcher/f50299e513733aa1fc9dd8ca311f4c0c246d9161 (0.00s)
    --- PASS: FuzzTxfetcher/f6c6c9ac691f789b6601505ce0936b06773dcd77 (0.00s)
    --- PASS: FuzzTxfetcher/f6f689e49d6276cbe1028284a529a568f322a699 (0.00s)
    --- PASS: FuzzTxfetcher/f7e47e799ff04e296768de846b34b4c772dd207f (0.00s)
    --- PASS: FuzzTxfetcher/f7fcedf3773afaf4a7c2f84284141bb9bac17691 (0.00s)
    --- PASS: FuzzTxfetcher/f83956d92c0b427281614f1fd773307ddcedc71f (0.00s)
    --- PASS: FuzzTxfetcher/f951aacbc7cdde80d12e5c2aef67d8e4362a44c5 (0.00s)
    --- PASS: FuzzTxfetcher/f97b01de7199da2b7af9048845afaaaa253a4dcb (0.00s)
    --- PASS: FuzzTxfetcher/fa3246434b227a4c1a4e2a81d1f60bbd4d316170 (0.00s)
    --- PASS: FuzzTxfetcher/fa3e792b26f3a2757a8536304281df82f832d741 (0.00s)
    --- PASS: FuzzTxfetcher/fb196ca80242d810c2ade8856be53afffd4f4fed (0.00s)
    --- PASS: FuzzTxfetcher/fbf938489f82914083b8007dba2bd02119be2f70 (0.00s)
    --- PASS: FuzzTxfetcher/fc20829ae8b3f90ebe0ee55d7684efe3b7c61b58 (0.00s)
    --- PASS: FuzzTxfetcher/fc3f5b1673f180897213cb7a9cf0ef4431dc47cf (0.00s)
    --- PASS: FuzzTxfetcher/fc74d9ab921b293ab4a86c209e72fb8cfc8d357b (0.00s)
    --- PASS: FuzzTxfetcher/fd27113468ae7d500e07c7021b6fe51d2a7e8df3 (0.00s)
    --- PASS: FuzzTxfetcher/fd28d4065e676bb58bd06a60df7feceba09f8b98 (0.00s)
    --- PASS: FuzzTxfetcher/fd8e31a68a044dc6e6e2cc39dc65d7e8f74a368e (0.00s)
    --- PASS: FuzzTxfetcher/fd9c9970d9fd8426b87890f34264d6dd7d8d30de (0.00s)
    --- PASS: FuzzTxfetcher/fdf741ec9be9bf75a1d51833188ec0a432888db2 (0.00s)
    --- PASS: FuzzTxfetcher/fe19033453b1f644b5624bec4264b730adf99b58 (0.00s)
    --- PASS: FuzzTxfetcher/fe79e18b088165270c5b67d143ce52c51189e0d2 (0.00s)
    --- PASS: FuzzTxfetcher/ff3d482f02f33bccd9406b63b129cb955cba6749 (0.00s)
    --- PASS: FuzzTxfetcher/ffdefbf5384b07639b63cf96d497af7fbefd75a6 (0.00s)
    --- PASS: FuzzTxfetcher/ffee718213630534db7b70b70f6ff8dcdd0e8917 (0.00s)
PASS
coverage: 89.8% of statements
ok  	github.com/morph-l2/go-ethereum/tests/fuzzers/txfetcher	0.218s	coverage: 89.8% of statements
