mode: set
github.com/morph-l2/go-ethereum/crypto/blake2b/blake2b.go:53.37,57.2 3 1
github.com/morph-l2/go-ethereum/crypto/blake2b/blake2b.go:60.40,66.2 5 1
github.com/morph-l2/go-ethereum/crypto/blake2b/blake2b.go:69.40,75.2 5 1
github.com/morph-l2/go-ethereum/crypto/blake2b/blake2b.go:79.44,79.75 1 1
github.com/morph-l2/go-ethereum/crypto/blake2b/blake2b.go:83.44,83.78 1 1
github.com/morph-l2/go-ethereum/crypto/blake2b/blake2b.go:87.44,87.78 1 1
github.com/morph-l2/go-ethereum/crypto/blake2b/blake2b.go:97.51,97.82 1 1
github.com/morph-l2/go-ethereum/crypto/blake2b/blake2b.go:103.76,105.11 2 1
github.com/morph-l2/go-ethereum/crypto/blake2b/blake2b.go:105.11,107.3 1 1
github.com/morph-l2/go-ethereum/crypto/blake2b/blake2b.go:108.2,108.44 1 1
github.com/morph-l2/go-ethereum/crypto/blake2b/blake2b.go:111.59,112.37 1 1
github.com/morph-l2/go-ethereum/crypto/blake2b/blake2b.go:112.37,114.3 1 0
github.com/morph-l2/go-ethereum/crypto/blake2b/blake2b.go:115.2,115.21 1 1
github.com/morph-l2/go-ethereum/crypto/blake2b/blake2b.go:115.21,117.3 1 0
github.com/morph-l2/go-ethereum/crypto/blake2b/blake2b.go:118.2,124.15 4 1
github.com/morph-l2/go-ethereum/crypto/blake2b/blake2b.go:127.59,132.45 4 1
github.com/morph-l2/go-ethereum/crypto/blake2b/blake2b.go:132.45,134.18 2 1
github.com/morph-l2/go-ethereum/crypto/blake2b/blake2b.go:134.18,136.4 1 1
github.com/morph-l2/go-ethereum/crypto/blake2b/blake2b.go:137.3,138.18 2 1
github.com/morph-l2/go-ethereum/crypto/blake2b/blake2b.go:141.2,144.22 4 1
github.com/morph-l2/go-ethereum/crypto/blake2b/blake2b.go:144.22,146.3 1 1
github.com/morph-l2/go-ethereum/crypto/blake2b/blake2b.go:147.2,151.39 3 1
github.com/morph-l2/go-ethereum/crypto/blake2b/blake2b.go:151.39,153.3 1 1
github.com/morph-l2/go-ethereum/crypto/blake2b/blake2b.go:156.73,160.31 3 1
github.com/morph-l2/go-ethereum/crypto/blake2b/blake2b.go:160.31,162.21 2 1
github.com/morph-l2/go-ethereum/crypto/blake2b/blake2b.go:162.21,164.4 1 1
github.com/morph-l2/go-ethereum/crypto/blake2b/blake2b.go:165.3,165.20 1 1
github.com/morph-l2/go-ethereum/crypto/blake2b/blake2b.go:165.20,168.4 2 1
github.com/morph-l2/go-ethereum/crypto/blake2b/blake2b.go:169.3,169.29 1 1
github.com/morph-l2/go-ethereum/crypto/blake2b/blake2b.go:171.2,171.21 1 1
github.com/morph-l2/go-ethereum/crypto/blake2b/blake2b.go:190.50,191.19 1 1
github.com/morph-l2/go-ethereum/crypto/blake2b/blake2b.go:191.19,193.3 1 0
github.com/morph-l2/go-ethereum/crypto/blake2b/blake2b.go:194.2,196.25 3 1
github.com/morph-l2/go-ethereum/crypto/blake2b/blake2b.go:196.25,198.3 1 1
github.com/morph-l2/go-ethereum/crypto/blake2b/blake2b.go:199.2,205.15 6 1
github.com/morph-l2/go-ethereum/crypto/blake2b/blake2b.go:208.50,209.60 1 1
github.com/morph-l2/go-ethereum/crypto/blake2b/blake2b.go:209.60,211.3 1 0
github.com/morph-l2/go-ethereum/crypto/blake2b/blake2b.go:212.2,212.29 1 1
github.com/morph-l2/go-ethereum/crypto/blake2b/blake2b.go:212.29,214.3 1 0
github.com/morph-l2/go-ethereum/crypto/blake2b/blake2b.go:215.2,216.25 2 1
github.com/morph-l2/go-ethereum/crypto/blake2b/blake2b.go:216.25,218.3 1 1
github.com/morph-l2/go-ethereum/crypto/blake2b/blake2b.go:219.2,226.12 8 1
github.com/morph-l2/go-ethereum/crypto/blake2b/blake2b.go:229.34,229.54 1 0
github.com/morph-l2/go-ethereum/crypto/blake2b/blake2b.go:231.29,231.46 1 0
github.com/morph-l2/go-ethereum/crypto/blake2b/blake2b.go:233.26,237.18 4 1
github.com/morph-l2/go-ethereum/crypto/blake2b/blake2b.go:237.18,240.3 2 1
github.com/morph-l2/go-ethereum/crypto/blake2b/blake2b.go:243.53,246.18 2 1
github.com/morph-l2/go-ethereum/crypto/blake2b/blake2b.go:246.18,248.21 2 1
github.com/morph-l2/go-ethereum/crypto/blake2b/blake2b.go:248.21,251.4 2 1
github.com/morph-l2/go-ethereum/crypto/blake2b/blake2b.go:252.3,255.20 4 1
github.com/morph-l2/go-ethereum/crypto/blake2b/blake2b.go:258.2,258.42 1 1
github.com/morph-l2/go-ethereum/crypto/blake2b/blake2b.go:258.42,260.19 2 1
github.com/morph-l2/go-ethereum/crypto/blake2b/blake2b.go:260.19,262.4 1 1
github.com/morph-l2/go-ethereum/crypto/blake2b/blake2b.go:263.3,264.13 2 1
github.com/morph-l2/go-ethereum/crypto/blake2b/blake2b.go:267.2,267.16 1 1
github.com/morph-l2/go-ethereum/crypto/blake2b/blake2b.go:267.16,269.3 1 1
github.com/morph-l2/go-ethereum/crypto/blake2b/blake2b.go:271.2,271.8 1 1
github.com/morph-l2/go-ethereum/crypto/blake2b/blake2b.go:274.41,278.2 3 1
github.com/morph-l2/go-ethereum/crypto/blake2b/blake2b.go:280.45,286.22 5 1
github.com/morph-l2/go-ethereum/crypto/blake2b/blake2b.go:286.22,288.3 1 1
github.com/morph-l2/go-ethereum/crypto/blake2b/blake2b.go:289.2,294.22 4 1
github.com/morph-l2/go-ethereum/crypto/blake2b/blake2b.go:294.22,296.3 1 1
github.com/morph-l2/go-ethereum/crypto/blake2b/blake2b.go:299.46,303.2 3 1
github.com/morph-l2/go-ethereum/crypto/blake2b/blake2b.go:305.46,309.2 3 0
github.com/morph-l2/go-ethereum/crypto/blake2b/blake2b.go:311.47,314.2 2 1
github.com/morph-l2/go-ethereum/crypto/blake2b/blake2b.go:316.47,319.2 2 0
github.com/morph-l2/go-ethereum/crypto/blake2b/blake2bAVX2_amd64.go:12.13,16.2 3 1
github.com/morph-l2/go-ethereum/crypto/blake2b/blake2bAVX2_amd64.go:27.80,28.9 1 1
github.com/morph-l2/go-ethereum/crypto/blake2b/blake2bAVX2_amd64.go:29.15,30.36 1 1
github.com/morph-l2/go-ethereum/crypto/blake2b/blake2bAVX2_amd64.go:31.14,32.35 1 1
github.com/morph-l2/go-ethereum/crypto/blake2b/blake2bAVX2_amd64.go:33.15,34.36 1 1
github.com/morph-l2/go-ethereum/crypto/blake2b/blake2bAVX2_amd64.go:35.10,36.39 1 1
github.com/morph-l2/go-ethereum/crypto/blake2b/blake2b_f_fuzz.go:10.28,12.22 1 1
github.com/morph-l2/go-ethereum/crypto/blake2b/blake2b_f_fuzz.go:12.22,14.3 1 1
github.com/morph-l2/go-ethereum/crypto/blake2b/blake2b_f_fuzz.go:16.2,24.25 2 0
github.com/morph-l2/go-ethereum/crypto/blake2b/blake2b_f_fuzz.go:24.25,27.3 2 0
github.com/morph-l2/go-ethereum/crypto/blake2b/blake2b_f_fuzz.go:28.2,28.26 1 0
github.com/morph-l2/go-ethereum/crypto/blake2b/blake2b_f_fuzz.go:28.26,31.3 2 0
github.com/morph-l2/go-ethereum/crypto/blake2b/blake2b_f_fuzz.go:32.2,35.22 3 0
github.com/morph-l2/go-ethereum/crypto/blake2b/blake2b_f_fuzz.go:35.22,37.3 1 0
github.com/morph-l2/go-ethereum/crypto/blake2b/blake2b_f_fuzz.go:39.2,44.18 5 0
github.com/morph-l2/go-ethereum/crypto/blake2b/blake2b_f_fuzz.go:44.18,45.40 1 0
github.com/morph-l2/go-ethereum/crypto/blake2b/blake2b_f_fuzz.go:47.2,49.18 3 0
github.com/morph-l2/go-ethereum/crypto/blake2b/blake2b_f_fuzz.go:49.18,50.39 1 0
github.com/morph-l2/go-ethereum/crypto/blake2b/blake2b_f_fuzz.go:52.2,54.18 3 0
github.com/morph-l2/go-ethereum/crypto/blake2b/blake2b_f_fuzz.go:54.18,55.40 1 0
github.com/morph-l2/go-ethereum/crypto/blake2b/blake2b_f_fuzz.go:57.2,57.10 1 0
github.com/morph-l2/go-ethereum/crypto/blake2b/blake2b_generic.go:28.80,32.31 3 0
github.com/morph-l2/go-ethereum/crypto/blake2b/blake2b_generic.go:32.31,34.21 2 0
github.com/morph-l2/go-ethereum/crypto/blake2b/blake2b_generic.go:34.21,36.4 1 0
github.com/morph-l2/go-ethereum/crypto/blake2b/blake2b_generic.go:37.3,37.20 1 0
github.com/morph-l2/go-ethereum/crypto/blake2b/blake2b_generic.go:37.20,40.4 2 0
github.com/morph-l2/go-ethereum/crypto/blake2b/blake2b_generic.go:41.3,41.36 1 0
github.com/morph-l2/go-ethereum/crypto/blake2b/blake2b_generic.go:43.2,43.21 1 0
github.com/morph-l2/go-ethereum/crypto/blake2b/blake2b_generic.go:46.87,53.35 6 1
github.com/morph-l2/go-ethereum/crypto/blake2b/blake2b_generic.go:53.35,171.3 113 1
github.com/morph-l2/go-ethereum/crypto/blake2b/blake2b_generic.go:172.2,179.18 8 1
github.com/morph-l2/go-ethereum/crypto/blake2b/blake2x.go:50.51,51.21 1 1
github.com/morph-l2/go-ethereum/crypto/blake2b/blake2x.go:51.21,53.3 1 0
github.com/morph-l2/go-ethereum/crypto/blake2b/blake2x.go:54.2,54.38 1 1
github.com/morph-l2/go-ethereum/crypto/blake2b/blake2x.go:54.38,58.3 1 0
github.com/morph-l2/go-ethereum/crypto/blake2b/blake2x.go:59.2,59.33 1 1
github.com/morph-l2/go-ethereum/crypto/blake2b/blake2x.go:59.33,61.3 1 1
github.com/morph-l2/go-ethereum/crypto/blake2b/blake2x.go:62.2,71.15 4 1
github.com/morph-l2/go-ethereum/crypto/blake2b/blake2x.go:84.50,85.16 1 1
github.com/morph-l2/go-ethereum/crypto/blake2b/blake2x.go:85.16,86.44 1 0
github.com/morph-l2/go-ethereum/crypto/blake2b/blake2x.go:88.2,88.21 1 1
github.com/morph-l2/go-ethereum/crypto/blake2b/blake2x.go:91.27,94.2 2 1
github.com/morph-l2/go-ethereum/crypto/blake2b/blake2x.go:96.23,106.45 8 1
github.com/morph-l2/go-ethereum/crypto/blake2b/blake2x.go:106.45,108.3 1 1
github.com/morph-l2/go-ethereum/crypto/blake2b/blake2x.go:109.2,110.20 2 1
github.com/morph-l2/go-ethereum/crypto/blake2b/blake2x.go:113.49,114.17 1 1
github.com/morph-l2/go-ethereum/crypto/blake2b/blake2x.go:114.17,117.3 2 1
github.com/morph-l2/go-ethereum/crypto/blake2b/blake2x.go:119.2,119.22 1 1
github.com/morph-l2/go-ethereum/crypto/blake2b/blake2x.go:119.22,121.3 1 1
github.com/morph-l2/go-ethereum/crypto/blake2b/blake2x.go:123.2,124.29 2 1
github.com/morph-l2/go-ethereum/crypto/blake2b/blake2x.go:124.29,127.3 2 0
github.com/morph-l2/go-ethereum/crypto/blake2b/blake2x.go:129.2,129.18 1 1
github.com/morph-l2/go-ethereum/crypto/blake2b/blake2x.go:129.18,131.25 2 1
github.com/morph-l2/go-ethereum/crypto/blake2b/blake2x.go:131.25,135.4 3 1
github.com/morph-l2/go-ethereum/crypto/blake2b/blake2x.go:136.3,139.40 4 1
github.com/morph-l2/go-ethereum/crypto/blake2b/blake2x.go:142.2,142.21 1 1
github.com/morph-l2/go-ethereum/crypto/blake2b/blake2x.go:142.21,153.3 8 1
github.com/morph-l2/go-ethereum/crypto/blake2b/blake2x.go:155.2,155.30 1 1
github.com/morph-l2/go-ethereum/crypto/blake2b/blake2x.go:155.30,156.33 1 1
github.com/morph-l2/go-ethereum/crypto/blake2b/blake2x.go:156.33,158.4 1 1
github.com/morph-l2/go-ethereum/crypto/blake2b/blake2x.go:159.3,167.30 7 1
github.com/morph-l2/go-ethereum/crypto/blake2b/blake2x.go:169.2,169.8 1 1
github.com/morph-l2/go-ethereum/crypto/blake2b/blake2x.go:172.46,174.21 2 1
github.com/morph-l2/go-ethereum/crypto/blake2b/blake2x.go:174.21,176.3 1 1
github.com/morph-l2/go-ethereum/crypto/blake2b/register.go:15.13,16.33 1 1
github.com/morph-l2/go-ethereum/crypto/blake2b/register.go:16.33,19.3 2 0
github.com/morph-l2/go-ethereum/crypto/blake2b/register.go:20.2,20.33 1 1
github.com/morph-l2/go-ethereum/crypto/blake2b/register.go:20.33,23.3 2 0
github.com/morph-l2/go-ethereum/crypto/blake2b/register.go:25.2,25.33 1 1
github.com/morph-l2/go-ethereum/crypto/blake2b/register.go:25.33,28.3 2 0
github.com/morph-l2/go-ethereum/crypto/blake2b/register.go:30.2,32.53 3 1
