=== RUN   FuzzRangeproof
=== RUN   FuzzRangeproof/000c90a3f67250d6b643a894ac4b7f7320976ffb
=== RUN   FuzzRangeproof/0056b5c3ad5cb85dcf2894667466751b2e850b20
=== RUN   FuzzRangeproof/012b6f5a39489f6668111f8b6d95447650d9c649
=== RUN   FuzzRangeproof/01715a24af0f124e752daed8b5da0901059aa1ee
=== RUN   FuzzRangeproof/01ef3681a981c4ac5f8cbe129a84a34f1a2a2999
=== RUN   FuzzRangeproof/0249339da0fa482342fc370112e0a63b685f5310
=== RUN   FuzzRangeproof/0258439bf670050b3cc29ca1fd2fa1ad035b25a1
=== RUN   FuzzRangeproof/02cc75df30a6446d088de0f6514a543acbde5fb3
=== RUN   FuzzRangeproof/031c155cd7c4325fc08876dc2ca11106b68426de
=== RUN   FuzzRangeproof/033dae7ae1134c2d1134ba8fd3a3c600070e9157
=== RUN   FuzzRangeproof/036aa2dd1b803b7768b163c5c7196bd0e4056c1d
=== RUN   FuzzRangeproof/040720710078601cbeff9ceed942aaccc7ed52a0
=== RUN   FuzzRangeproof/04b368df4bd65bf92a92c6a12f9827647fe74f76
=== RUN   FuzzRangeproof/04e71af5e39a6ec1ab729d5189fd539af74675ff
=== RUN   FuzzRangeproof/05c0965636d9a68c5f6dfbd0b7f8c7ffa82fa088
=== RUN   FuzzRangeproof/05ff9054f543271c55f88eb84a00fa66b6f5dbf6
=== RUN   FuzzRangeproof/06f0540a6b64bc755b3d75c568e4d479c94f160d
=== RUN   FuzzRangeproof/0748426d455355941299a733eb5a3903dc9b64e0
=== RUN   FuzzRangeproof/0a54f24216893de0b6e66fad63d71ee4753b8b0e
=== RUN   FuzzRangeproof/0a95fd186bcf5dd6e1d5c333ce3195a422c4a598
=== RUN   FuzzRangeproof/0b1f9b05f9ee841939e1d9da4f6ca894800c456e
=== RUN   FuzzRangeproof/0b2f35396ab2ed6d5a83b972f2f13175d91cea03
=== RUN   FuzzRangeproof/0b4e2954cd6b1f84b5cc553982519e8e90e6d0d7
=== RUN   FuzzRangeproof/0c2acbad3ce2d1c7f67ec29fe92c1ab2e7f1c763
=== RUN   FuzzRangeproof/0ca14b313e17184f7af039f3a32b8833ddc97c12
=== RUN   FuzzRangeproof/0cf3ef82a7dc55135b0ee007926a0bc25373000f
=== RUN   FuzzRangeproof/0dada780099827c8cf3fce1d153b13d6c496885e
=== RUN   FuzzRangeproof/0dc05fa70897796814db69ef9f67e6e79733fcb2
=== RUN   FuzzRangeproof/0e73e1e132c91c6705884039c084a33bed2adc4b
=== RUN   FuzzRangeproof/0f0c2cebfd474412ca90c58aaff8d468421723bc
=== RUN   FuzzRangeproof/0f1efd4d8c90a811763f12e99ebfe9b7a3a2e947
=== RUN   FuzzRangeproof/0faf50484d0f52e67ff872ceaef364512a189237
=== RUN   FuzzRangeproof/0fde68619ed8ff9018bf49a55bcb11484467227d
=== RUN   FuzzRangeproof/102ebea402d4d3f2bfcbffccbfebaeeffb6e3a4d
=== RUN   FuzzRangeproof/10d04fc6db8f913ae1139e286fa119ccb2839c66
=== RUN   FuzzRangeproof/10ec97d624f6147153234b140689c7bf3dc7e750
=== RUN   FuzzRangeproof/11197eb1dd7685ee372b5ceea08ed6b66ff0443a
=== RUN   FuzzRangeproof/11527bb8c2bac2052d438c6a82e0bbb486e165c5
=== RUN   FuzzRangeproof/11759bb4fea9902903126a02cd7245231419f3a9
=== RUN   FuzzRangeproof/128e6846827174e5db5ae83e39c1e2b7f5b56bce
=== RUN   FuzzRangeproof/13e87572f5267d784054d1787c6f2b0a0bbb89c1
=== RUN   FuzzRangeproof/14d5e6359d9fe60d43fbc4c03edf8eb0d61c9633
=== RUN   FuzzRangeproof/1630eaa5bf21a193a0c5deb848dddc6b8e18b4a9
=== RUN   FuzzRangeproof/167c46c1887498a31a178d22ef24e3d2ff48028d
=== RUN   FuzzRangeproof/16cde17d98c669b4ecd280b23c4e8f9bffa95f54
=== RUN   FuzzRangeproof/172ff4ff99acbb1f7d674e1ba67e2ef4734c1416
=== RUN   FuzzRangeproof/17b41dfa97109c34e11db207cc0f804b89cbee2e
=== RUN   FuzzRangeproof/17fb0bea64848ec2bd79b7e790f5dc0767159b92
=== RUN   FuzzRangeproof/181481233099ebb9779567bbef9847afd86daf0a
=== RUN   FuzzRangeproof/1881fd973e667d717b249d303573447e4c92eee4
=== RUN   FuzzRangeproof/193f3477eb0ac3d96aa83f6406c9c6782af17056
=== RUN   FuzzRangeproof/1a484cc799e4b0495af910f93e21c83a5ecb0140
=== RUN   FuzzRangeproof/1af1eacd814b999c079db25b0ebdf01de634069a
=== RUN   FuzzRangeproof/1b20fde4a8ce0a66e5fbe685f6f43cd00ad97bfb
=== RUN   FuzzRangeproof/1b78cc0dea81acbb3386cde71ab1dae3fbb6aff2
=== RUN   FuzzRangeproof/1c6b97cf341030d414f9bc19ad70598fc4c3160f
=== RUN   FuzzRangeproof/1da66d005e03682b064e13962a40127406fe5e06
=== RUN   FuzzRangeproof/1dd6093db63e3e95f32e367d23104eb55477d46b
=== RUN   FuzzRangeproof/1e64cda2a95d27ab62f56afe9efce9d40045cfc4
=== RUN   FuzzRangeproof/1e6c90152392bbcab4c0c11079a6f802e8eacda3
=== RUN   FuzzRangeproof/1eada47ddd4672489ce14fc77dd951d2f1d5f54d
=== RUN   FuzzRangeproof/1efe3f98b929e1a848e0f006ddd186f3387cb2a5
=== RUN   FuzzRangeproof/1f66500f4cffb23bbd4c0c86ec62489f76617f72
=== RUN   FuzzRangeproof/2072979270f187295a17d267535e2a9983917c14
=== RUN   FuzzRangeproof/208acf87cbe528a24f5e97a5e65f9ee6f3e0f10c
=== RUN   FuzzRangeproof/21218cf8a1308ce1321b4a40099a6393ca219cdf
=== RUN   FuzzRangeproof/214c969e854aae944890a51d2f1a4deeaac4d4a0
=== RUN   FuzzRangeproof/21a05d27a0d33f2fc71848ba29f25d8b013175b6
=== RUN   FuzzRangeproof/21b039f2ffb54274fcd1f1020fc64a91a2447515
=== RUN   FuzzRangeproof/2237239632e4d4423521c47e48ca27b8de36b2c8
=== RUN   FuzzRangeproof/22cd6b794166bcce3aebbc6facf38f1ff4a13912
=== RUN   FuzzRangeproof/230b63d749dfb3dfd8989157b352ecea2b306229
=== RUN   FuzzRangeproof/230b94da864671b7834c7de497f6aee33eee4868
=== RUN   FuzzRangeproof/23a2363d52965550902704417593363e1d5c7b85
=== RUN   FuzzRangeproof/24ef5bbcce2350095a6fa6b367cb32848b1b3061
=== RUN   FuzzRangeproof/25082e95ecd5fad2fb99ad6d1ec2903bca147dbb
=== RUN   FuzzRangeproof/25bb35b5247adb1d8a2e5bfbf48f2e20b4d80115
=== RUN   FuzzRangeproof/26b2a545056af386d17969dd7f7505b2659dca00
=== RUN   FuzzRangeproof/26b654f8eb20beeef050c3521c29a3fccbc65e3d
=== RUN   FuzzRangeproof/27cfc7f19f5ce1c217babee7c2a87985c157ecb5
=== RUN   FuzzRangeproof/27de98f863fb8c0c423d656c0952a865ceb5a8ae
=== RUN   FuzzRangeproof/28b3ebc3904d91374b63c254bcdf587f18dbeec7
=== RUN   FuzzRangeproof/29bceca4bbea51ad6b67b87196f7a40ce56d8a31
=== RUN   FuzzRangeproof/29be03a8dde17bbec652acb96d58c056acdbf208
=== RUN   FuzzRangeproof/29cd3e2f411ac67ab7c3b4b39484542492601c95
=== RUN   FuzzRangeproof/29da2016d6cbf4cf61c7d9e088cb6959a1bca2c3
=== RUN   FuzzRangeproof/2af680d4a5505bff480092e6628c4dc255c90bb8
=== RUN   FuzzRangeproof/2be342066fc7168e7659832342b279e3a2a99b67
=== RUN   FuzzRangeproof/2c05b1b41ec56c40c8e7edd6e7157256c931b00c
=== RUN   FuzzRangeproof/2c2ea6fd22f0598840477c0ea86ff1ad88558604
=== RUN   FuzzRangeproof/2c9e929a9eb75f83ab585c95a760e2557a86d7b0
=== RUN   FuzzRangeproof/2cee68165f1f9be10df724d38452341833a4efd3
=== RUN   FuzzRangeproof/2ddbe72bddd5a29745f8812528a1c768f6318302
=== RUN   FuzzRangeproof/2e8e1ff09b628892791d1a7bef70ce69616d79e7
=== RUN   FuzzRangeproof/2edc8fd76e4b600cb6d7483f942fbf261e08f074
=== RUN   FuzzRangeproof/2f876eb4922e2fa17ce9fab9857e872477cda218
=== RUN   FuzzRangeproof/31b45d97078b4e4bded27120570ab16dee867245
=== RUN   FuzzRangeproof/31dc9b8290a145b94bcb6461aa06cdb831c0c40d
=== RUN   FuzzRangeproof/31fabc2c61a3f75f1416e10e61f20b803274f0d3
=== RUN   FuzzRangeproof/32287a8c39540e2b75f6b3228bde2b5ba4d017dc
=== RUN   FuzzRangeproof/3278d5d8c7a49cd3ae2fb2b4e60b9016202cd62c
=== RUN   FuzzRangeproof/32c54a1e726adb4c89f03077ef57183e2bf724c4
=== RUN   FuzzRangeproof/3353991330a3c5edd5dd5c7437a023ee9e4e914e
=== RUN   FuzzRangeproof/35adbc2f456f96dee3d445552e312e6dd316ea73
=== RUN   FuzzRangeproof/35d869105dbc8e529c57683e3f307dcde037b807
=== RUN   FuzzRangeproof/364d932a096f24faf91126308a1e3111f31fb376
=== RUN   FuzzRangeproof/38bfffcc9dd35cd2aefd25421fabb52cf55616e1
=== RUN   FuzzRangeproof/38cc26f5ce32ac6957b2b6a711bdbcac918b5dbb
=== RUN   FuzzRangeproof/38e6a8941549ca621540a2ddad0c113315f750d0
=== RUN   FuzzRangeproof/38fee27383027773b37e2c02d3698a97595507e6
=== RUN   FuzzRangeproof/39136004b8623e85d21ca8bc086f6ac593383b50
=== RUN   FuzzRangeproof/3956c55d993725bd0c752530c10bfdd821031ff3
=== RUN   FuzzRangeproof/39bad5df99ed3f80ba470dcec3c9d05c5268d926
=== RUN   FuzzRangeproof/39ca941ad6fb180bbc9c05a972dffa5902e0bfde
=== RUN   FuzzRangeproof/39eeaf8016b90e9142399643a3ec4034a51c09c6
=== RUN   FuzzRangeproof/3a04f110c5e9eaa2aee6e3d4cc2eb227999cad05
=== RUN   FuzzRangeproof/3ae8e14efb76142c50efe114406e8fa1ab3fc4ff
=== RUN   FuzzRangeproof/3b6409df65ab06a8679ba967a5c80c130c77676b
=== RUN   FuzzRangeproof/3cebd54436c7ec9c2c839e7d184c627e5904234a
=== RUN   FuzzRangeproof/3cf4574cb76a5ee724a88302e23f47d042d7183d
=== RUN   FuzzRangeproof/3d1dc6839b929ce1423e333362b312b4da5e903f
=== RUN   FuzzRangeproof/3dab27a802bf391bcaf39aa74d60dee59c5924d6
=== RUN   FuzzRangeproof/3dc0c02ca8db2e4eb18a7a77e485805154d90eb2
=== RUN   FuzzRangeproof/3dcfc4437d82da412b50048dc61fec957f855c28
=== RUN   FuzzRangeproof/3ddf97554383aa3cf9adbfa3e176a8c772a392af
=== RUN   FuzzRangeproof/3f94aa3e5262f18ed677862974b9d1f1c06b05cd
=== RUN   FuzzRangeproof/3facd45494b44a57ddfc98187bf80c75df67b224
=== RUN   FuzzRangeproof/3ff005ab7dd7b72c5c95582f49e16fcc50f6aeea
=== RUN   FuzzRangeproof/4035723d983fc4c83f9e27719d452dd3770a5ffc
=== RUN   FuzzRangeproof/41248545c40b1689143894feb2d889823a0d0a3c
=== RUN   FuzzRangeproof/4362b1741eec53f9b1990cf962d6a1391ab77370
=== RUN   FuzzRangeproof/43ee6bc27e3f6739bdc84b2f40d12df1f5f9e912
=== RUN   FuzzRangeproof/44d92036660fac1e363d7402c4e7ce7147bdc622
=== RUN   FuzzRangeproof/45743cd0949f876c63e198b8b0a5c4e7fc32ca76
=== RUN   FuzzRangeproof/460c16b2955b65c2369ab65aa264be4958179536
=== RUN   FuzzRangeproof/470abab047815cb5a77b6bda04af5e7dabd4bd90
=== RUN   FuzzRangeproof/481a147ccaa41b530a63a52fde5054aedfa400e3
=== RUN   FuzzRangeproof/485a4adf9d7ac741d0ac64f26b58e17547931b3d
=== RUN   FuzzRangeproof/497eb8e8d12d88c556d031466198aa581f4c5d4a
=== RUN   FuzzRangeproof/49f70ff3abc16facba63025c461c86793ba5b551
=== RUN   FuzzRangeproof/4a076a72883fa9a7bff5da2942fa6d811aa22e60
=== RUN   FuzzRangeproof/4a25f35c46326b54869e09a429324e94bdedf4bd
=== RUN   FuzzRangeproof/4a33018c6cd3c849d6efb3098089694f9dffdb65
=== RUN   FuzzRangeproof/4a3edfd23dc74493643d0429f4a01e62186dbe30
=== RUN   FuzzRangeproof/4a53fb1ec8f9c328436948a86b04f735c3f174cd
=== RUN   FuzzRangeproof/4b55e8c87dbae1b613c807eef810674c5ec7110d
=== RUN   FuzzRangeproof/4b80f8723e8ecb5929c6af5f02316c40c712d49e
=== RUN   FuzzRangeproof/4c042bbacadb705fe0f3a717b9e4ac053ccb16db
=== RUN   FuzzRangeproof/4c5b926484d208e46ef7e833ea385ec72320f7be
=== RUN   FuzzRangeproof/4d6a22aa46a91c5628a272b3d1b6a441d633cafa
=== RUN   FuzzRangeproof/4d8671d00071d45c7e057079a7e133b30678e55c
=== RUN   FuzzRangeproof/4d9b8f9aad7d3de65d0520181fd1dfe98b6efb58
=== RUN   FuzzRangeproof/4dd9826829b399e2f655cec779febcab6156d3f9
=== RUN   FuzzRangeproof/4e11b026f62d7c44f9b8aedc18694eb2a1b646c7
=== RUN   FuzzRangeproof/4ffd3d628e51a3118680d26694ff1955a1b2164d
=== RUN   FuzzRangeproof/5056f0371b71386dcc7c72c66a3d78dd5c148719
=== RUN   FuzzRangeproof/50aa330e4993437700258738030168da1d2bb1e7
=== RUN   FuzzRangeproof/50fd657c81ed79f049f34767e78c99c96180e594
=== RUN   FuzzRangeproof/5152fb5554fd9df542ceb94ddf48ac4f4489e822
=== RUN   FuzzRangeproof/51eab08b50148b6d33b8bcc084539b92f9b402fd
=== RUN   FuzzRangeproof/5292abeed62854ea993452e1b2730f905cba8738
=== RUN   FuzzRangeproof/5300e2abefb9e92a717993570b83a03998851a48
=== RUN   FuzzRangeproof/535808220646e743ea25fc22841a4768f33d4207
=== RUN   FuzzRangeproof/540a774e5b5f89d16f81b50e9b8471e0140ff781
=== RUN   FuzzRangeproof/5494a9d8651424cf6bae64c021f82d235b4c378b
=== RUN   FuzzRangeproof/55a558ebb3133e7f9aaf166893bb29664cae8dca
=== RUN   FuzzRangeproof/568aaa22bdced4656faea0015a3a72615d24c7e6
=== RUN   FuzzRangeproof/57a21fca89073c78978913cfad9958bb69d196a3
=== RUN   FuzzRangeproof/59c24a86975ccc33cc7fc0f51d2dac555d3f94a9
=== RUN   FuzzRangeproof/5a3fec267aeba99437c1014f486437cff16746ba
=== RUN   FuzzRangeproof/5b86f12a991663428a1bb062585a0ed1e13ca706
=== RUN   FuzzRangeproof/5b885d1d27334f8e10c0f5659f811927a215e538
=== RUN   FuzzRangeproof/5bd8d48fcab38010874d39ad2dd13f3da1d604d4
=== RUN   FuzzRangeproof/5bfb48cf7aade00ef6cf342cbdd634e0a6ff2703
=== RUN   FuzzRangeproof/5bffa40445726c367f247d0687140f8abd9ea36f
=== RUN   FuzzRangeproof/5c58710ab885f256d8b7dba233191a925fb8dba7
=== RUN   FuzzRangeproof/5ca65d037d861f09d9f2173b8ca36836cdf56b62
=== RUN   FuzzRangeproof/5e38ec889c0d8bda3f780d37fdc571fd68117e10
=== RUN   FuzzRangeproof/5e6d041729e6df55c8d91a288600f889cbafacb0
=== RUN   FuzzRangeproof/5e76e88f59fa0e72f798e44dd41f07ef8c00cd9d
=== RUN   FuzzRangeproof/5f29c693178f7a0f9078cde927e0387704b707e1
=== RUN   FuzzRangeproof/5f54be7033618b76a9d7e048dbf0faab1519aed4
=== RUN   FuzzRangeproof/607ff0664e2b6f22788611396585d2b661d1e6ee
=== RUN   FuzzRangeproof/612d01cd29fe34a6a84b6ba0e0a69bbcb1821958
=== RUN   FuzzRangeproof/62b416d399d24f6e135069b381ee5ade72ff9919
=== RUN   FuzzRangeproof/6363db6e13ca22dd94bbd77782905778da04fa3f
=== RUN   FuzzRangeproof/64b14af14d66691533d6087b9e4c1a673068497b
=== RUN   FuzzRangeproof/650b19b1a166bbde0e30980cdae04747e5038c0a
=== RUN   FuzzRangeproof/65965d38a61c2a681e357a36ef374fef09024edf
=== RUN   FuzzRangeproof/6598c3b5ab07cbe61381e066c80e9935e5112663
=== RUN   FuzzRangeproof/659c0262543899747b3087f3ee6bd3a48756aaf0
=== RUN   FuzzRangeproof/662c057c07f916ccef22ee7d776dcdf4114964b8
=== RUN   FuzzRangeproof/672db64c0ea3f827074430e525fed6ac9aba8394
=== RUN   FuzzRangeproof/67350b085531a132d27023b45f0b28b54de0eb45
=== RUN   FuzzRangeproof/67e2efe4f24057f4c893cd3bc8f28b05c3c57fee
=== RUN   FuzzRangeproof/686131a4c6a6aa61b528eb1dafae6ed66f09d8d6
=== RUN   FuzzRangeproof/6981a7515a638c46f11259e2ae8054b22368d234
=== RUN   FuzzRangeproof/69cf87dc4a034fa47d534487bbb394202a15414c
=== RUN   FuzzRangeproof/6a88001d6a395997f95facef2f9bdf485796d374
=== RUN   FuzzRangeproof/6a9e04c2eda147bbaf3f0da2181d48a8b1860be1
=== RUN   FuzzRangeproof/6bfe7e61a71f2d16a97f44a3ac043be9eb8d9bdd
=== RUN   FuzzRangeproof/6d49736139c6c893d4b69a98f0cba06010676ced
=== RUN   FuzzRangeproof/6d980ac74e35de0b418c29381c827824ddeb27be
=== RUN   FuzzRangeproof/6dd3c76621378eb8042617deb98031a7a5515202
=== RUN   FuzzRangeproof/6dec6103d005a172e39100f9d496ef6544dd8102
=== RUN   FuzzRangeproof/6e6921cb3f59aa8449fbb5cd7f1eebaadb06ea1b
=== RUN   FuzzRangeproof/6e7ec65622915beb6a43eb7088095ecf10877a55
=== RUN   FuzzRangeproof/6eba4c9aaa46667dd8f22c54ce133f363575adf1
=== RUN   FuzzRangeproof/6f647710507343bf02cb52a2de196898758546a8
=== RUN   FuzzRangeproof/6f96c94b40d72f623fe4c72f01da09012f46bf84
=== RUN   FuzzRangeproof/701d184f44c70e7cafc40e1fcf5a132d31822deb
=== RUN   FuzzRangeproof/702d19f4ada7ce3c9e79d8cc63fce22ebf8a7f99
=== RUN   FuzzRangeproof/70659c3d610ae645b7f8fd0ddd1528aec3776418
=== RUN   FuzzRangeproof/712112de6820553885617a4de1e645fd56df035c
=== RUN   FuzzRangeproof/717acf426e8c945b604c3a9f1ecc6f160b1f6620
=== RUN   FuzzRangeproof/71b21ddd03399ae3bf4b01e199554ce3e7b11a7b
=== RUN   FuzzRangeproof/71cec8a8dbe23b0a2a8feb2a38de0e2f19088205
=== RUN   FuzzRangeproof/730c66057acff4c4f412f0294acc6325e9f65fcf
=== RUN   FuzzRangeproof/7361768ffec3e74547e0e3d67cae41f683fe6266
=== RUN   FuzzRangeproof/74c5f2e910639f9219d82dfe4a72a4d5379a333c
=== RUN   FuzzRangeproof/75b03fff5059f0835d3f92e4c872d54edb794e2c
=== RUN   FuzzRangeproof/75db4d24395bb8495fd4be2333e1fe06e7cbc271
=== RUN   FuzzRangeproof/7631f5479828a863c158b206678f93a9901e5568
=== RUN   FuzzRangeproof/76ea653b977955c9bcb2d6536d69414145e20fa9
=== RUN   FuzzRangeproof/7708c31905af247dcf091ca2d40ee3a8a3418025
=== RUN   FuzzRangeproof/774bc987f1720881f71c6aad88836094e4a16b7c
=== RUN   FuzzRangeproof/776090fa343ea0c43214905ec07aef2da8b3b184
=== RUN   FuzzRangeproof/77748c92049d3010fa6df53dc1c5cba8ab2f5fdc
=== RUN   FuzzRangeproof/77764b36eac91a1951de70b2c7379f82950551ff
=== RUN   FuzzRangeproof/7791d0f554a35c1b1c31bd3daaf674bdcfcc354f
=== RUN   FuzzRangeproof/77e4a8f0447289c635f08fefd520d94c3ec54174
=== RUN   FuzzRangeproof/77f519c4e2a25ed9d7858e3a3e90aaedee12d1a0
=== RUN   FuzzRangeproof/783cc7dd0b1615c32eed18413b85db840e70c11f
=== RUN   FuzzRangeproof/7858e417b8f5ac7bfdc553b9e8c6504dcd384cc5
=== RUN   FuzzRangeproof/7a3533cdbae260d67f7cef8c65eea62e66d0c188
=== RUN   FuzzRangeproof/7a5eda9d663700b8c8b25e12e20bd19d6590b658
=== RUN   FuzzRangeproof/7a9e3a3e505aef332d7313243b86793998872ac7
=== RUN   FuzzRangeproof/7b00109e8570af1c256aa475a176285ab8e8588b
=== RUN   FuzzRangeproof/7bd1d0405f90a2bf05fa44b914ce9d1c14ce569b
=== RUN   FuzzRangeproof/7c1bbd8fdbd0db627506678e36df0f2dc2e094b3
=== RUN   FuzzRangeproof/7c3404fb5e59461254ef1167a1c56071ae5952c3
=== RUN   FuzzRangeproof/7ce7c7b43f043822add2f8de74ea66bc3e844f67
=== RUN   FuzzRangeproof/7d4df5b4d26a20b24c35426cec386c7ecbf771d8
=== RUN   FuzzRangeproof/7ddaf7c08c5b20909a8914bbd2c05f743bac6be3
=== RUN   FuzzRangeproof/7e47d2fc76491f3b632ccafb4737ffcea79912bf
=== RUN   FuzzRangeproof/7ecd560478b09fce60b6a90b7069af170cd828ec
=== RUN   FuzzRangeproof/7f469ec31f5238349bb4f7688a797b5da7bfc1d7
=== RUN   FuzzRangeproof/7f6d895cd2aa08b5d425057560105d335a544bdc
=== RUN   FuzzRangeproof/7fd21a0e5ca020e40543b7767654049db6041d8a
=== RUN   FuzzRangeproof/804b6760619f1a0f74d96aa5c95b62e53c3bdff2
=== RUN   FuzzRangeproof/813b2f8e9c1fc8db26ede302a729f54d5deb8d1e
=== RUN   FuzzRangeproof/81e18d5217bb0e135bf8474f0d76858b6f539526
=== RUN   FuzzRangeproof/8232259587f282bfd4fb7a11022dea3df8e42ec8
=== RUN   FuzzRangeproof/82f51c357423e672c063dc1d700bc3ff5e7aa943
=== RUN   FuzzRangeproof/8338d039b06d053bef8a8227f8cc5c70d717a31f
=== RUN   FuzzRangeproof/8350b42c099ad378758855486ad38973b11b7490
=== RUN   FuzzRangeproof/841744053cd4e3f59e0cbfa79a46f4d39dbd1973
=== RUN   FuzzRangeproof/84233d1b8b595558a558b5d27c3d27471c589536
=== RUN   FuzzRangeproof/845c85b18f9a15bbec3562e81f12fd097da74883
=== RUN   FuzzRangeproof/855cb648f2fc9c1d4d44f5267d4e5718600d6a90
=== RUN   FuzzRangeproof/85d47a52a468c90de205b49669e247d65e4e89e7
=== RUN   FuzzRangeproof/867d3aa9f86ab572eb47d88f377b0b9396536625
=== RUN   FuzzRangeproof/872070646435bca4ddf7085288a719a13558b9ee
=== RUN   FuzzRangeproof/874931869398510fe79d78d3ec8927fd2077a7b7
=== RUN   FuzzRangeproof/8766ca456d6bec2108352fca35044c1c9539a920
=== RUN   FuzzRangeproof/87a8ae07583dc63024194c148d1a456dc26b8b70
=== RUN   FuzzRangeproof/89d3880e7660f21982dec08b477022b0a6559bfe
=== RUN   FuzzRangeproof/8a01cf068b40f4d5b4f13badfb4b47b7fdaf6c05
=== RUN   FuzzRangeproof/8a7e76e6f758b9674803f5b71a0e129d401e5a6d
=== RUN   FuzzRangeproof/8aa7e57e31732ddb19e6f7edc7eaca401db1a2c1
=== RUN   FuzzRangeproof/8bd0c99e812fc1d86ac76dd4d960580128251d4e
=== RUN   FuzzRangeproof/8c1bfc620355c8d0ffc70c15aa0a0d5d9d4a8ccc
=== RUN   FuzzRangeproof/8c766fdc92b49f53e98dfb0df34ac1f6038941ba
=== RUN   FuzzRangeproof/8d00d4a61175ab7e2a5588a66f552f8a23a62b76
=== RUN   FuzzRangeproof/8d055f35f16561d1435a9d6ae3da63d72686d7c4
=== RUN   FuzzRangeproof/8d9e140decd3a3d91ddbe0f9d975e37c6538d1b4
=== RUN   FuzzRangeproof/8da19273c71653380b931144987dfc194b6a07a7
=== RUN   FuzzRangeproof/8e27807215156a369791cc53766478ddd0d12504
=== RUN   FuzzRangeproof/8e9a7e391ef7d6575442aa58ae289b419156ac3e
=== RUN   FuzzRangeproof/8ef9a2dbb4f4c89adf54930b100c8a0f2a62e349
=== RUN   FuzzRangeproof/8f04615f682c51f7bf360e927d0adf2bc7548864
=== RUN   FuzzRangeproof/8fd638eeaac2a884b6c9933d7e38c0cc4c881f31
=== RUN   FuzzRangeproof/8ff65895800cff9396970dd7ca3c2472afc896f8
=== RUN   FuzzRangeproof/91a9f250ba53bf8e22cdbd418ccc79025379bd62
=== RUN   FuzzRangeproof/91b4af944373c691a2f627d2a61a5f2a09a7ed20
=== RUN   FuzzRangeproof/92f0b28b37adca894d8671fbb575edc82d209f77
=== RUN   FuzzRangeproof/938faa2e44a83a08b71533d36e4fb98bd8cdbc12
=== RUN   FuzzRangeproof/94493a22cbecb3e5adbb3679aad219daf7c7e71a
=== RUN   FuzzRangeproof/947724b8b4a02494dcb586fbe65079a2ca11005b
=== RUN   FuzzRangeproof/950fec108091e8015020d042edba86251e579751
=== RUN   FuzzRangeproof/954bd77e11f27c769c1d8fae79613c0d29064ee0
=== RUN   FuzzRangeproof/9621a20dd394b7cc3e24af092d9270bd6aebfa2a
=== RUN   FuzzRangeproof/9638477680f49336d3f5030c3aaea1885d32a8e8
=== RUN   FuzzRangeproof/96459340e0381f806cb66c23034673d1ab73fad5
=== RUN   FuzzRangeproof/96f4d64f554912057118980316201d9c2e3833d2
=== RUN   FuzzRangeproof/97f46cf4fa2ace4a9f1e0426d06ac8010727a37f
=== RUN   FuzzRangeproof/98cee9b278056d05bd51a591320b2e9bc6b0b769
=== RUN   FuzzRangeproof/99e3115044f5c2fad85c4a9215703498be06687d
=== RUN   FuzzRangeproof/9a289747ac4db8a9ad773c90f59ecfaea71ef74f
=== RUN   FuzzRangeproof/9a66e55d43e9f5798880f9a490f4d232e0c99e42
=== RUN   FuzzRangeproof/9a7b7ccb728f31d3e6cf1cc9247640f7f87a0205
=== RUN   FuzzRangeproof/9ad4c5292ada38449385f72545e604564faa026c
=== RUN   FuzzRangeproof/9b67fb5cbbaa39a442776b520a80ee1fdb57e2ac
=== RUN   FuzzRangeproof/9bc28baf2513bd27fb34fe37fa0895191ceced7a
=== RUN   FuzzRangeproof/9c11b57a2d9c474b64b277315eeb5a9608952a4a
=== RUN   FuzzRangeproof/9cbdb1a454b1d6988e3f4597864e4a47626d88cd
=== RUN   FuzzRangeproof/9d66211f9adf2f2f7252b3ae0b38637aa177f041
=== RUN   FuzzRangeproof/9da8122a7a9d19dc9aee3910e1e163c58ff7fef5
=== RUN   FuzzRangeproof/9e17fc764eeeb661e0328a7e3cb80bab9d1c8e88
=== RUN   FuzzRangeproof/9e9216d815dc6359a42cde49ff8b6918ab8aef2a
=== RUN   FuzzRangeproof/9f450a45d4f3c602d14a0b3803581f7875a0ac12
=== RUN   FuzzRangeproof/a10909c2cdcaf5adb7e6b092a4faba558b62bd96
=== RUN   FuzzRangeproof/a130706049ef7b3db14239bbdb1b06f6ab089798
=== RUN   FuzzRangeproof/a24514eda4052dda91775aafb8e4f700a106bbe9
=== RUN   FuzzRangeproof/a28733e39214ce33d1f37be0167c537903d4227f
=== RUN   FuzzRangeproof/a289c5433ba502147679ea4d9e86301703a23b51
=== RUN   FuzzRangeproof/a2e59082afc6aa0a98cf2f198ff3ac12853e795e
=== RUN   FuzzRangeproof/a322fd25db7c2905b3bf6b5e11179a7750af3a03
=== RUN   FuzzRangeproof/a418aba63947b78ec83e10d3a3c9af0e7c7b5419
=== RUN   FuzzRangeproof/a50e32ce70ba0b584baab3a77cd75934bdc21fc4
=== RUN   FuzzRangeproof/a51c38e6a29758261e8e22949100b4c557b6b80e
=== RUN   FuzzRangeproof/a72cfc04b7ccac433a4e00a84b568fad6755bd3e
=== RUN   FuzzRangeproof/a73676d12aea10e0fc598f9da52cce3d4d885f4c
=== RUN   FuzzRangeproof/a7401f84c183aeb5f8ba774befde2d581777d5df
=== RUN   FuzzRangeproof/a7ce396819078bbd3fda476c20717ccc78c31bcb
=== RUN   FuzzRangeproof/a82fd190de897aea5397ce665b8296685c733278
=== RUN   FuzzRangeproof/a97098341b35fd3c2557652587cce9ffad0c8bbc
=== RUN   FuzzRangeproof/a979ef10cc6f6a36df6b8a323307ee3bb2e2db9c
=== RUN   FuzzRangeproof/a9b5967fbaeeed7c2f4b2af85c9a3591f1b0298b
=== RUN   FuzzRangeproof/a9b86f0a5051eca0a4d2aa4a4edc047acba6f0e9
=== RUN   FuzzRangeproof/a9eb43dcecad588d59a819f7b889590f8d66e61d
=== RUN   FuzzRangeproof/aa289e97ee90bdf4542dd943bcc4ae699aa39f65
=== RUN   FuzzRangeproof/aa29883095d44e83a1294f54ed0158f71e54c068
=== RUN   FuzzRangeproof/aa94057f9c457a2cc74ffffe8b4751084586d904
=== RUN   FuzzRangeproof/aafab873731bfe6f6e557997d75e8b7ea32960c6
=== RUN   FuzzRangeproof/ab6bf7d6e6a29343689ed03d62d11f3172d862a8
=== RUN   FuzzRangeproof/ac0e4b1b4a4baa87dac424ae9173ea0c7ce03314
=== RUN   FuzzRangeproof/acb683394e3da3846bc4bd08cf8b7f9bd1c4af3f
=== RUN   FuzzRangeproof/ad9aaa377d7d36b0e82a61df6667b519f39272ef
=== RUN   FuzzRangeproof/adc83b19e793491b1c6ea0fd8b46cd9f32e592fc
=== RUN   FuzzRangeproof/adeea520f54d0f37ac538924e2b59d157ab797b2
=== RUN   FuzzRangeproof/ae6d5807c676ef963d281567ee69330ac8346155
=== RUN   FuzzRangeproof/ae71f6c0563bb8b870459eb9f2dec35634b1ddaa
=== RUN   FuzzRangeproof/af06daed2401e72055dc62ed067ca0aa941eff2c
=== RUN   FuzzRangeproof/afa81d45a8ff95af1186396b9d67d7906bd580c7
=== RUN   FuzzRangeproof/afbe6bbcf6dd5a8353e166a8c9ef0d02417e811b
=== RUN   FuzzRangeproof/afcf173a82ff070418720dd1541f8fcf323ec09a
=== RUN   FuzzRangeproof/b087e7efc9dd461cb6e14e4d7194667fd96e47f9
=== RUN   FuzzRangeproof/b0dc98004918ae14048ccc1c58c9015fb557aa28
=== RUN   FuzzRangeproof/b0f57aac0f7baf2eb869df9d34d97533d065c898
=== RUN   FuzzRangeproof/b12a182a42f0bcb3f80f705d4186588c16e34788
=== RUN   FuzzRangeproof/b3192a1b4598eed4a4e2c1f8729d2682c38130ef
=== RUN   FuzzRangeproof/b3d9a88c912f34e0c8db890fec2061cb4caee218
=== RUN   FuzzRangeproof/b3df055189989ba670cb3319061b26fbe42fa18c
=== RUN   FuzzRangeproof/b419bbefb0ea492b8182775fb7cd3edd02d07ad1
=== RUN   FuzzRangeproof/b58a0ab08077cf248ccd990d494d38ba3da8f3cc
=== RUN   FuzzRangeproof/b5e3715cdb17f373f513c589264b947cf123cf58
=== RUN   FuzzRangeproof/b5ebc337d2443c3feb681eacf5a4ddbdd44d6e9d
=== RUN   FuzzRangeproof/b5ffc3a2742204b795983adf1adcea5918aeebe4
=== RUN   FuzzRangeproof/b816ae242168faffa82e62fd79add2b07e1cf22b
=== RUN   FuzzRangeproof/b8cb733163370fb722b0de4e77ccf89ff2a14ec5
=== RUN   FuzzRangeproof/b956d2e0acb5577875d7b26adfcd6eaad4f8a21c
=== RUN   FuzzRangeproof/b9a4d551000a1639fe163bc07e1e3920686f15e5
=== RUN   FuzzRangeproof/ba7e0e6096438c9cc9d36253a4904e618e08bb88
=== RUN   FuzzRangeproof/bb8fcfaf6cd6cc1d8709f90a45d28d4fa1d2f5bf
=== RUN   FuzzRangeproof/bbc6616cdb772cc7de081c6f1dee4d356a775ba4
=== RUN   FuzzRangeproof/bbde23714e17b8034ae7ece5e62b72f195b3bf09
=== RUN   FuzzRangeproof/bbf21be877b5e89e33cfc9b31ef6773ae9f9a6da
=== RUN   FuzzRangeproof/bd395ca26e1c64777d66de18fffa751dffbc4681
=== RUN   FuzzRangeproof/bda1a7d3601f0ca278886c40e8a707c054627207
=== RUN   FuzzRangeproof/be21b7ae645d73a8f9118b46cf040e5a7c3d6804
=== RUN   FuzzRangeproof/bf1be7ffc2136a76c5c8aa006b95dc554affde70
=== RUN   FuzzRangeproof/bf64a337eb01760fa642b5aa7331b664ea155d41
=== RUN   FuzzRangeproof/bfefe3c4745605a47008540256c70d7b882e7921
=== RUN   FuzzRangeproof/c0135598cc2280adc9eee21b26a8e192767f111b
=== RUN   FuzzRangeproof/c05ffed195339463f9e696eb8f50271165e742e4
=== RUN   FuzzRangeproof/c1004d45ebcfa86e712d21067bde0c9e18a71e2a
=== RUN   FuzzRangeproof/c1019ebbac3ac46ea774f6f8bc2ec12082b3a079
=== RUN   FuzzRangeproof/c13207b61f0633d5c29d3755065a571be587ef70
=== RUN   FuzzRangeproof/c34c8db7f8ec6ba29c9e3a4ab1b0bd3f7ff7804f
=== RUN   FuzzRangeproof/c36580807e7ec0a698c0b6ac07ee90f4b39f94f7
=== RUN   FuzzRangeproof/c3a14058b40406139e0532b60d683fc3b1a0aa8f
=== RUN   FuzzRangeproof/c3e3587d9ea5e639c43d6d93a91701c25da76d39
=== RUN   FuzzRangeproof/c44f88db79a0d7f7eaa932454dbda60bcd1848b6
=== RUN   FuzzRangeproof/c52e0ec2e8e86d9bccfec3aa554c64b93cfd1029
=== RUN   FuzzRangeproof/c53d7b1354c23555b621a7a571a35be76c60e85b
=== RUN   FuzzRangeproof/c55351420063512e6b707406002f47c428f95ff8
=== RUN   FuzzRangeproof/c5641eb5281e0aeccfe0e7ee00a731f93ef9d783
=== RUN   FuzzRangeproof/c60d456e7ec78a55f7b3eb28f7c9299f2dc4e516
=== RUN   FuzzRangeproof/c63fb883908821f3afacaff31057ef7b28548b73
=== RUN   FuzzRangeproof/c647e417fc1ab0806fbcf8ed53058f9804107159
=== RUN   FuzzRangeproof/c743094f6623b8f98766aeb749590b5db6d84b7b
=== RUN   FuzzRangeproof/c76a26eb0887983080eb2cbd83e11680caa46076
=== RUN   FuzzRangeproof/c779ef2dd48b9880ff7cfe3401484d40d80a2bb4
=== RUN   FuzzRangeproof/c7c3878fce08b7a926ff31d59e99b68dce2acd01
=== RUN   FuzzRangeproof/c7c4151c0d9835f5fde52db856fde532ae0d8da9
=== RUN   FuzzRangeproof/c7d593ba9d32b4dcf5b009d2eb67ba16b55de2be
=== RUN   FuzzRangeproof/c7fae80548b81003cf525a755fc9d6bf5ad90c48
=== RUN   FuzzRangeproof/c8c444714f365ceef43ffd26daf8d4efc77abaa0
=== RUN   FuzzRangeproof/c8dc6b73d341442615bb98eecddc6df7e61c71f6
=== RUN   FuzzRangeproof/c93095ed328b061306c17322ca9a6405c98d3458
=== RUN   FuzzRangeproof/c95959c12dd03f16dd1633bf303cfe7e62a7c6d4
=== RUN   FuzzRangeproof/c972f2336ac641208871933edb78929058643a47
=== RUN   FuzzRangeproof/cb2e00f6aef5a369cb645d7df0416ae0f45f7aeb
=== RUN   FuzzRangeproof/cba3d98c5aea1807de2c736a2c9902b5bd59278c
=== RUN   FuzzRangeproof/cc4362184900e3efd65a617b58858efcf3caa835
=== RUN   FuzzRangeproof/cc9b143ccc1f61601359cdb6465d0b6262bb268e
=== RUN   FuzzRangeproof/ccdc5b60a7e1d4bb314120cb055a1083531832af
=== RUN   FuzzRangeproof/cd23e48377f62e3bb63a89bd9ac9526db0ec7027
=== RUN   FuzzRangeproof/cd2fc406692b79c8cc7d85583f57a42a6c6d1341
=== RUN   FuzzRangeproof/cd45ba8c192cacd520681614170f1ce0412a5c05
=== RUN   FuzzRangeproof/ce1477bd6b56cc10e00f60b1013c45958105048e
=== RUN   FuzzRangeproof/ceadf16f35ad8567129fd4abdc624398c13445fd
=== RUN   FuzzRangeproof/cebadce27d88a2fd070ae586bee8db264d9d7108
=== RUN   FuzzRangeproof/cece5d137f3c14ba023d92617c48c34b44411547
=== RUN   FuzzRangeproof/cfae20e795c25fa6db4ce3b691356822bed2ee63
=== RUN   FuzzRangeproof/cfef90a65252c80d603f1296e89ee4084db9d708
=== RUN   FuzzRangeproof/d117d9246e3868e88a5ef16f19a81cdd36c0ff1e
=== RUN   FuzzRangeproof/d12dad7e21746aaa5a650e051cdcd0084b2ec31d
=== RUN   FuzzRangeproof/d22153d1968bde7c361644127bf46a799289cd4b
=== RUN   FuzzRangeproof/d226d7898059212ee75fafbe7e2b797d56adcdcf
=== RUN   FuzzRangeproof/d24179900f78bb25bf2ca6c5d8471672f52abb94
=== RUN   FuzzRangeproof/d2a96249b29668850868ccfc203de48b4978e48b
=== RUN   FuzzRangeproof/d4fa79dbc854d98fab9f0c2cbadc6690e7c37e23
=== RUN   FuzzRangeproof/d529cadffbe0f3097d03de3e7638bb3bbc386c39
=== RUN   FuzzRangeproof/d601af49091943342dc28fe887ffe8793c5458f0
=== RUN   FuzzRangeproof/d6f41205aebcb897f677fdbdf86dd9ffcc9e70a3
=== RUN   FuzzRangeproof/d7f085195d781379fe320aa91c0570fb4d021cdb
=== RUN   FuzzRangeproof/d86da46237b9a5db4ec9dc46289102753085ac00
=== RUN   FuzzRangeproof/d9207f218777e23cdc849d65e6c40cfe8b9393a1
=== RUN   FuzzRangeproof/d98eaca8bb7701dd83a90ae9dfe1fa987e6c4e82
=== RUN   FuzzRangeproof/d9ea6d1a335c3755fb7183841a5d6e6c21c0bcfd
=== RUN   FuzzRangeproof/d9f4d5c7cb61ec324dd37ebd777fa7dcdb70e8b9
=== RUN   FuzzRangeproof/dad1cf619626b71f1cbdf5b9ae208ced29b109b6
=== RUN   FuzzRangeproof/db26d7f97e1b7f531d97cc74932e1dc44b946235
=== RUN   FuzzRangeproof/db2ad3619f5246e0fefcad654eae9e27abd3c145
=== RUN   FuzzRangeproof/dcaf32b8513e761dc820430a90cd15527668df76
=== RUN   FuzzRangeproof/dcceb92654f4f2412164ebbb38f00c4e9d923c51
=== RUN   FuzzRangeproof/dccf606bf2a95d1eb720d1765a80ba7b44aa1029
=== RUN   FuzzRangeproof/dcd0a217edca8675b1df8258a4cc61499b201a13
=== RUN   FuzzRangeproof/dcf6ad9841baa3d7c3ef0d02545624346d8a3f4a
=== RUN   FuzzRangeproof/dd17ed61bac120c460c624cef67d7da1536c8479
=== RUN   FuzzRangeproof/ddb4278e8b4f537920671de552e79d4c6b296ed1
=== RUN   FuzzRangeproof/ddec4453846e7b7cd536abc17f883fec6d2b8891
=== RUN   FuzzRangeproof/de55ae0f257e6713e3a5e92b36bff82e0ca04881
=== RUN   FuzzRangeproof/de603c91038f329cce1cca8a30ea161b2271e2f6
=== RUN   FuzzRangeproof/e026c3f86d04a42d75437c864e0ed7a4480eba39
=== RUN   FuzzRangeproof/e0765f96d258aad27d2e6c62885c830131540f8a
=== RUN   FuzzRangeproof/e0830dfa213dbb2d91e1f2bd5f8fad43b9115c65
=== RUN   FuzzRangeproof/e0878765d64f60ee99d5ad9bc1cfcb407a085d19
=== RUN   FuzzRangeproof/e1218aaed248b5f5b96fc1c118cf5f05a67be6ec
=== RUN   FuzzRangeproof/e128ebf8e7eeaaecd8a077f134818077e2b000a3
=== RUN   FuzzRangeproof/e155b8d22aebef08e0737b58ef3d7e6b229748a2
=== RUN   FuzzRangeproof/e1a2fa9aad1d9f1b784eee6b28a7c5bfcffefa30
=== RUN   FuzzRangeproof/e2770c42aceea052aec82c6cab492adf181f985b
=== RUN   FuzzRangeproof/e2870487bf53284a0b36941595ceaac4f2103793
=== RUN   FuzzRangeproof/e2f57d8557c77e96a59acfeaf561e7638b6affc1
=== RUN   FuzzRangeproof/e3d9eabb2c58b6af5c416116672aa5c0750aea87
=== RUN   FuzzRangeproof/e45587c2793bc39536e6e47da6bc84bb01c02873
=== RUN   FuzzRangeproof/e4a0f35f9745cb46e4b51c9d5eec34b4fed1e5a2
=== RUN   FuzzRangeproof/e69744c787b1f3139c5ca0b56a0143de8a986280
=== RUN   FuzzRangeproof/e7a9de6c0b435b28983ac4275f705cb3ed0dc6d5
=== RUN   FuzzRangeproof/e7b4c4b7b813077a6b50129ba274c7026bf7a38d
=== RUN   FuzzRangeproof/e7e8be5afc0d1a21dbccdb0ef78a94fbcb45ea9f
=== RUN   FuzzRangeproof/e890a915675253a451a37b3eab4010df50bd8679
=== RUN   FuzzRangeproof/e989ee8186e7539c0ff00b7c2aa97ba290abba27
=== RUN   FuzzRangeproof/e9ebebe9f4f95283ffc17e19b0260819e976e73d
=== RUN   FuzzRangeproof/ea8b61a73bf2ae5e1cf36f2d2f8d0c5fd78a826f
=== RUN   FuzzRangeproof/ea9bdde64db9cf839404b818df4ead21e3fdb729
=== RUN   FuzzRangeproof/eacb57c64dd3bd0b1bda98725ae427600ea91e26
=== RUN   FuzzRangeproof/ebf2683521344a4d17bf91470ce492f8ac232dd1
=== RUN   FuzzRangeproof/ec0549e2df9b09c940a1d29544539cb5e6c515d8
=== RUN   FuzzRangeproof/ec15c0238d39f957c3a8c0268ff851f78f14b58d
=== RUN   FuzzRangeproof/ecabcf590b4632770698a0e663d8b0c03374e241
=== RUN   FuzzRangeproof/ecbcc154ab83aa6dfcdec8ebbdfd155a9098773a
=== RUN   FuzzRangeproof/ed2146dedd3ba43a06bd7d2ef21eb76f1f5fff71
=== RUN   FuzzRangeproof/ed4c581e1375ff8f4dc082935c7f46975510a6ef
=== RUN   FuzzRangeproof/ed68d1f7c650d0ec5dfe8e886670c5f68d386d20
=== RUN   FuzzRangeproof/edb2586768067ef8b06c2d61ea5ab12e078ed640
=== RUN   FuzzRangeproof/ee352050e0636e7c1f45ff4e843ee0f8fd965a00
=== RUN   FuzzRangeproof/eee761a8e223a58deaf87b657e02321fd4c72d94
=== RUN   FuzzRangeproof/eef72d7e4243b224a616961d2c37ea1f1b4c40b1
=== RUN   FuzzRangeproof/f0043f09c63b93d772d5266a313f2908e5357dc1
=== RUN   FuzzRangeproof/f0b24df46c3a9727eda12a1fb2588cad58285e4c
=== RUN   FuzzRangeproof/f10bb5a6be998049d3e97acbc7e5469822d8c925
=== RUN   FuzzRangeproof/f237702e80427e8a87f015b144d948cef94733f2
=== RUN   FuzzRangeproof/f2afe580f1627c6a9b0b88216c881468b1155362
=== RUN   FuzzRangeproof/f3f5ca92203c4e816bb79deff09b2554b6053dfa
=== RUN   FuzzRangeproof/f4b6eb7b56823f5009f8fb4cc8bb0dc326ced3f5
=== RUN   FuzzRangeproof/f5158fac9d7c998ea1ccefa283abad73bcdf0f93
=== RUN   FuzzRangeproof/f5524c68bddf03351cabe67fea3bb443a624e226
=== RUN   FuzzRangeproof/f552a534df98984613ffe0da69e5316cc05ae20b
=== RUN   FuzzRangeproof/f5897c57844316154dd64349453692f828420507
=== RUN   FuzzRangeproof/f6018688ef4eaabf0d0fe9fb7394b09045a56fbc
=== RUN   FuzzRangeproof/f635b901e7ea1e79d0aaf65b37db34d12ffd7da3
=== RUN   FuzzRangeproof/f6a74dd02828c1f9229ef254325543ef2ca57319
=== RUN   FuzzRangeproof/f7956787ee8e33f5a56574f6f9cff47220c2ef99
=== RUN   FuzzRangeproof/f7b27fc4d7f7604e1c428cdab9ba25efff86c266
=== RUN   FuzzRangeproof/f8cf2c72e1fc1eb1fd54b03b0d6a2bc796bf238b
=== RUN   FuzzRangeproof/f93b7983bca8d3ecfc2413dc467bb526609d0c24
=== RUN   FuzzRangeproof/f95724e95087e01db79cea5d5e34ef0108f53fe0
=== RUN   FuzzRangeproof/f9809662562e679eed46ffb15111fde0339cb152
=== RUN   FuzzRangeproof/fa0930482477f4cbd7ca2628e480a8af01089ed9
=== RUN   FuzzRangeproof/fa0fdcc7a1ba12eb4484b304bfd54586559a346d
=== RUN   FuzzRangeproof/fc56e8c5e7cd767dc43a6fa26d6038908929c1b1
=== RUN   FuzzRangeproof/fc78d4ce6c71b3d348242a0181896dc440902024
=== RUN   FuzzRangeproof/fca812131dd1c46a727852b1ea1e00056d6ef875
=== RUN   FuzzRangeproof/fcaac6a77588cc6f389d269bb90beb0ec3d0fe9a
=== RUN   FuzzRangeproof/fdba9d670ca6acaa24c1a2112385243c4a660dfe
=== RUN   FuzzRangeproof/fe1f1983534f6f829cc1750b4a47555bf00427d8
=== RUN   FuzzRangeproof/fe712bf96932034308b9cdc817369f435168c235
=== RUN   FuzzRangeproof/fe72cb894b19f20e2fa3b74545687472ce68dba9
=== RUN   FuzzRangeproof/fec9dbb9d0a1ba037a36072d5f3be239a8212975
=== RUN   FuzzRangeproof/fee70c585da9aa89fc20db84e07211cdff549295
--- PASS: FuzzRangeproof (0.47s)
    --- PASS: FuzzRangeproof/000c90a3f67250d6b643a894ac4b7f7320976ffb (0.00s)
    --- PASS: FuzzRangeproof/0056b5c3ad5cb85dcf2894667466751b2e850b20 (0.00s)
    --- PASS: FuzzRangeproof/012b6f5a39489f6668111f8b6d95447650d9c649 (0.00s)
    --- PASS: FuzzRangeproof/01715a24af0f124e752daed8b5da0901059aa1ee (0.00s)
    --- PASS: FuzzRangeproof/01ef3681a981c4ac5f8cbe129a84a34f1a2a2999 (0.00s)
    --- PASS: FuzzRangeproof/0249339da0fa482342fc370112e0a63b685f5310 (0.00s)
    --- PASS: FuzzRangeproof/0258439bf670050b3cc29ca1fd2fa1ad035b25a1 (0.00s)
    --- PASS: FuzzRangeproof/02cc75df30a6446d088de0f6514a543acbde5fb3 (0.00s)
    --- PASS: FuzzRangeproof/031c155cd7c4325fc08876dc2ca11106b68426de (0.00s)
    --- PASS: FuzzRangeproof/033dae7ae1134c2d1134ba8fd3a3c600070e9157 (0.00s)
    --- PASS: FuzzRangeproof/036aa2dd1b803b7768b163c5c7196bd0e4056c1d (0.00s)
    --- PASS: FuzzRangeproof/040720710078601cbeff9ceed942aaccc7ed52a0 (0.00s)
    --- PASS: FuzzRangeproof/04b368df4bd65bf92a92c6a12f9827647fe74f76 (0.00s)
    --- PASS: FuzzRangeproof/04e71af5e39a6ec1ab729d5189fd539af74675ff (0.00s)
    --- PASS: FuzzRangeproof/05c0965636d9a68c5f6dfbd0b7f8c7ffa82fa088 (0.00s)
    --- PASS: FuzzRangeproof/05ff9054f543271c55f88eb84a00fa66b6f5dbf6 (0.00s)
    --- PASS: FuzzRangeproof/06f0540a6b64bc755b3d75c568e4d479c94f160d (0.00s)
    --- PASS: FuzzRangeproof/0748426d455355941299a733eb5a3903dc9b64e0 (0.00s)
    --- PASS: FuzzRangeproof/0a54f24216893de0b6e66fad63d71ee4753b8b0e (0.00s)
    --- PASS: FuzzRangeproof/0a95fd186bcf5dd6e1d5c333ce3195a422c4a598 (0.00s)
    --- PASS: FuzzRangeproof/0b1f9b05f9ee841939e1d9da4f6ca894800c456e (0.00s)
    --- PASS: FuzzRangeproof/0b2f35396ab2ed6d5a83b972f2f13175d91cea03 (0.00s)
    --- PASS: FuzzRangeproof/0b4e2954cd6b1f84b5cc553982519e8e90e6d0d7 (0.00s)
    --- PASS: FuzzRangeproof/0c2acbad3ce2d1c7f67ec29fe92c1ab2e7f1c763 (0.00s)
    --- PASS: FuzzRangeproof/0ca14b313e17184f7af039f3a32b8833ddc97c12 (0.00s)
    --- PASS: FuzzRangeproof/0cf3ef82a7dc55135b0ee007926a0bc25373000f (0.00s)
    --- PASS: FuzzRangeproof/0dada780099827c8cf3fce1d153b13d6c496885e (0.00s)
    --- PASS: FuzzRangeproof/0dc05fa70897796814db69ef9f67e6e79733fcb2 (0.00s)
    --- PASS: FuzzRangeproof/0e73e1e132c91c6705884039c084a33bed2adc4b (0.00s)
    --- PASS: FuzzRangeproof/0f0c2cebfd474412ca90c58aaff8d468421723bc (0.00s)
    --- PASS: FuzzRangeproof/0f1efd4d8c90a811763f12e99ebfe9b7a3a2e947 (0.00s)
    --- PASS: FuzzRangeproof/0faf50484d0f52e67ff872ceaef364512a189237 (0.00s)
    --- PASS: FuzzRangeproof/0fde68619ed8ff9018bf49a55bcb11484467227d (0.00s)
    --- PASS: FuzzRangeproof/102ebea402d4d3f2bfcbffccbfebaeeffb6e3a4d (0.00s)
    --- PASS: FuzzRangeproof/10d04fc6db8f913ae1139e286fa119ccb2839c66 (0.00s)
    --- PASS: FuzzRangeproof/10ec97d624f6147153234b140689c7bf3dc7e750 (0.00s)
    --- PASS: FuzzRangeproof/11197eb1dd7685ee372b5ceea08ed6b66ff0443a (0.00s)
    --- PASS: FuzzRangeproof/11527bb8c2bac2052d438c6a82e0bbb486e165c5 (0.00s)
    --- PASS: FuzzRangeproof/11759bb4fea9902903126a02cd7245231419f3a9 (0.00s)
    --- PASS: FuzzRangeproof/128e6846827174e5db5ae83e39c1e2b7f5b56bce (0.00s)
    --- PASS: FuzzRangeproof/13e87572f5267d784054d1787c6f2b0a0bbb89c1 (0.00s)
    --- PASS: FuzzRangeproof/14d5e6359d9fe60d43fbc4c03edf8eb0d61c9633 (0.00s)
    --- PASS: FuzzRangeproof/1630eaa5bf21a193a0c5deb848dddc6b8e18b4a9 (0.00s)
    --- PASS: FuzzRangeproof/167c46c1887498a31a178d22ef24e3d2ff48028d (0.00s)
    --- PASS: FuzzRangeproof/16cde17d98c669b4ecd280b23c4e8f9bffa95f54 (0.00s)
    --- PASS: FuzzRangeproof/172ff4ff99acbb1f7d674e1ba67e2ef4734c1416 (0.00s)
    --- PASS: FuzzRangeproof/17b41dfa97109c34e11db207cc0f804b89cbee2e (0.00s)
    --- PASS: FuzzRangeproof/17fb0bea64848ec2bd79b7e790f5dc0767159b92 (0.00s)
    --- PASS: FuzzRangeproof/181481233099ebb9779567bbef9847afd86daf0a (0.00s)
    --- PASS: FuzzRangeproof/1881fd973e667d717b249d303573447e4c92eee4 (0.00s)
    --- PASS: FuzzRangeproof/193f3477eb0ac3d96aa83f6406c9c6782af17056 (0.00s)
    --- PASS: FuzzRangeproof/1a484cc799e4b0495af910f93e21c83a5ecb0140 (0.00s)
    --- PASS: FuzzRangeproof/1af1eacd814b999c079db25b0ebdf01de634069a (0.00s)
    --- PASS: FuzzRangeproof/1b20fde4a8ce0a66e5fbe685f6f43cd00ad97bfb (0.00s)
    --- PASS: FuzzRangeproof/1b78cc0dea81acbb3386cde71ab1dae3fbb6aff2 (0.00s)
    --- PASS: FuzzRangeproof/1c6b97cf341030d414f9bc19ad70598fc4c3160f (0.00s)
    --- PASS: FuzzRangeproof/1da66d005e03682b064e13962a40127406fe5e06 (0.00s)
    --- PASS: FuzzRangeproof/1dd6093db63e3e95f32e367d23104eb55477d46b (0.00s)
    --- PASS: FuzzRangeproof/1e64cda2a95d27ab62f56afe9efce9d40045cfc4 (0.00s)
    --- PASS: FuzzRangeproof/1e6c90152392bbcab4c0c11079a6f802e8eacda3 (0.00s)
    --- PASS: FuzzRangeproof/1eada47ddd4672489ce14fc77dd951d2f1d5f54d (0.00s)
    --- PASS: FuzzRangeproof/1efe3f98b929e1a848e0f006ddd186f3387cb2a5 (0.00s)
    --- PASS: FuzzRangeproof/1f66500f4cffb23bbd4c0c86ec62489f76617f72 (0.00s)
    --- PASS: FuzzRangeproof/2072979270f187295a17d267535e2a9983917c14 (0.00s)
    --- PASS: FuzzRangeproof/208acf87cbe528a24f5e97a5e65f9ee6f3e0f10c (0.00s)
    --- PASS: FuzzRangeproof/21218cf8a1308ce1321b4a40099a6393ca219cdf (0.00s)
    --- PASS: FuzzRangeproof/214c969e854aae944890a51d2f1a4deeaac4d4a0 (0.00s)
    --- PASS: FuzzRangeproof/21a05d27a0d33f2fc71848ba29f25d8b013175b6 (0.00s)
    --- PASS: FuzzRangeproof/21b039f2ffb54274fcd1f1020fc64a91a2447515 (0.00s)
    --- PASS: FuzzRangeproof/2237239632e4d4423521c47e48ca27b8de36b2c8 (0.00s)
    --- PASS: FuzzRangeproof/22cd6b794166bcce3aebbc6facf38f1ff4a13912 (0.00s)
    --- PASS: FuzzRangeproof/230b63d749dfb3dfd8989157b352ecea2b306229 (0.00s)
    --- PASS: FuzzRangeproof/230b94da864671b7834c7de497f6aee33eee4868 (0.00s)
    --- PASS: FuzzRangeproof/23a2363d52965550902704417593363e1d5c7b85 (0.00s)
    --- PASS: FuzzRangeproof/24ef5bbcce2350095a6fa6b367cb32848b1b3061 (0.00s)
    --- PASS: FuzzRangeproof/25082e95ecd5fad2fb99ad6d1ec2903bca147dbb (0.00s)
    --- PASS: FuzzRangeproof/25bb35b5247adb1d8a2e5bfbf48f2e20b4d80115 (0.00s)
    --- PASS: FuzzRangeproof/26b2a545056af386d17969dd7f7505b2659dca00 (0.00s)
    --- PASS: FuzzRangeproof/26b654f8eb20beeef050c3521c29a3fccbc65e3d (0.00s)
    --- PASS: FuzzRangeproof/27cfc7f19f5ce1c217babee7c2a87985c157ecb5 (0.00s)
    --- PASS: FuzzRangeproof/27de98f863fb8c0c423d656c0952a865ceb5a8ae (0.00s)
    --- PASS: FuzzRangeproof/28b3ebc3904d91374b63c254bcdf587f18dbeec7 (0.00s)
    --- PASS: FuzzRangeproof/29bceca4bbea51ad6b67b87196f7a40ce56d8a31 (0.00s)
    --- PASS: FuzzRangeproof/29be03a8dde17bbec652acb96d58c056acdbf208 (0.00s)
    --- PASS: FuzzRangeproof/29cd3e2f411ac67ab7c3b4b39484542492601c95 (0.00s)
    --- PASS: FuzzRangeproof/29da2016d6cbf4cf61c7d9e088cb6959a1bca2c3 (0.00s)
    --- PASS: FuzzRangeproof/2af680d4a5505bff480092e6628c4dc255c90bb8 (0.00s)
    --- PASS: FuzzRangeproof/2be342066fc7168e7659832342b279e3a2a99b67 (0.00s)
    --- PASS: FuzzRangeproof/2c05b1b41ec56c40c8e7edd6e7157256c931b00c (0.00s)
    --- PASS: FuzzRangeproof/2c2ea6fd22f0598840477c0ea86ff1ad88558604 (0.00s)
    --- PASS: FuzzRangeproof/2c9e929a9eb75f83ab585c95a760e2557a86d7b0 (0.00s)
    --- PASS: FuzzRangeproof/2cee68165f1f9be10df724d38452341833a4efd3 (0.00s)
    --- PASS: FuzzRangeproof/2ddbe72bddd5a29745f8812528a1c768f6318302 (0.00s)
    --- PASS: FuzzRangeproof/2e8e1ff09b628892791d1a7bef70ce69616d79e7 (0.00s)
    --- PASS: FuzzRangeproof/2edc8fd76e4b600cb6d7483f942fbf261e08f074 (0.00s)
    --- PASS: FuzzRangeproof/2f876eb4922e2fa17ce9fab9857e872477cda218 (0.00s)
    --- PASS: FuzzRangeproof/31b45d97078b4e4bded27120570ab16dee867245 (0.00s)
    --- PASS: FuzzRangeproof/31dc9b8290a145b94bcb6461aa06cdb831c0c40d (0.00s)
    --- PASS: FuzzRangeproof/31fabc2c61a3f75f1416e10e61f20b803274f0d3 (0.00s)
    --- PASS: FuzzRangeproof/32287a8c39540e2b75f6b3228bde2b5ba4d017dc (0.00s)
    --- PASS: FuzzRangeproof/3278d5d8c7a49cd3ae2fb2b4e60b9016202cd62c (0.00s)
    --- PASS: FuzzRangeproof/32c54a1e726adb4c89f03077ef57183e2bf724c4 (0.00s)
    --- PASS: FuzzRangeproof/3353991330a3c5edd5dd5c7437a023ee9e4e914e (0.00s)
    --- PASS: FuzzRangeproof/35adbc2f456f96dee3d445552e312e6dd316ea73 (0.00s)
    --- PASS: FuzzRangeproof/35d869105dbc8e529c57683e3f307dcde037b807 (0.00s)
    --- PASS: FuzzRangeproof/364d932a096f24faf91126308a1e3111f31fb376 (0.00s)
    --- PASS: FuzzRangeproof/38bfffcc9dd35cd2aefd25421fabb52cf55616e1 (0.00s)
    --- PASS: FuzzRangeproof/38cc26f5ce32ac6957b2b6a711bdbcac918b5dbb (0.00s)
    --- PASS: FuzzRangeproof/38e6a8941549ca621540a2ddad0c113315f750d0 (0.00s)
    --- PASS: FuzzRangeproof/38fee27383027773b37e2c02d3698a97595507e6 (0.00s)
    --- PASS: FuzzRangeproof/39136004b8623e85d21ca8bc086f6ac593383b50 (0.00s)
    --- PASS: FuzzRangeproof/3956c55d993725bd0c752530c10bfdd821031ff3 (0.00s)
    --- PASS: FuzzRangeproof/39bad5df99ed3f80ba470dcec3c9d05c5268d926 (0.00s)
    --- PASS: FuzzRangeproof/39ca941ad6fb180bbc9c05a972dffa5902e0bfde (0.00s)
    --- PASS: FuzzRangeproof/39eeaf8016b90e9142399643a3ec4034a51c09c6 (0.00s)
    --- PASS: FuzzRangeproof/3a04f110c5e9eaa2aee6e3d4cc2eb227999cad05 (0.00s)
    --- PASS: FuzzRangeproof/3ae8e14efb76142c50efe114406e8fa1ab3fc4ff (0.00s)
    --- PASS: FuzzRangeproof/3b6409df65ab06a8679ba967a5c80c130c77676b (0.00s)
    --- PASS: FuzzRangeproof/3cebd54436c7ec9c2c839e7d184c627e5904234a (0.00s)
    --- PASS: FuzzRangeproof/3cf4574cb76a5ee724a88302e23f47d042d7183d (0.00s)
    --- PASS: FuzzRangeproof/3d1dc6839b929ce1423e333362b312b4da5e903f (0.00s)
    --- PASS: FuzzRangeproof/3dab27a802bf391bcaf39aa74d60dee59c5924d6 (0.00s)
    --- PASS: FuzzRangeproof/3dc0c02ca8db2e4eb18a7a77e485805154d90eb2 (0.00s)
    --- PASS: FuzzRangeproof/3dcfc4437d82da412b50048dc61fec957f855c28 (0.00s)
    --- PASS: FuzzRangeproof/3ddf97554383aa3cf9adbfa3e176a8c772a392af (0.00s)
    --- PASS: FuzzRangeproof/3f94aa3e5262f18ed677862974b9d1f1c06b05cd (0.00s)
    --- PASS: FuzzRangeproof/3facd45494b44a57ddfc98187bf80c75df67b224 (0.00s)
    --- PASS: FuzzRangeproof/3ff005ab7dd7b72c5c95582f49e16fcc50f6aeea (0.00s)
    --- PASS: FuzzRangeproof/4035723d983fc4c83f9e27719d452dd3770a5ffc (0.00s)
    --- PASS: FuzzRangeproof/41248545c40b1689143894feb2d889823a0d0a3c (0.00s)
    --- PASS: FuzzRangeproof/4362b1741eec53f9b1990cf962d6a1391ab77370 (0.00s)
    --- PASS: FuzzRangeproof/43ee6bc27e3f6739bdc84b2f40d12df1f5f9e912 (0.00s)
    --- PASS: FuzzRangeproof/44d92036660fac1e363d7402c4e7ce7147bdc622 (0.00s)
    --- PASS: FuzzRangeproof/45743cd0949f876c63e198b8b0a5c4e7fc32ca76 (0.00s)
    --- PASS: FuzzRangeproof/460c16b2955b65c2369ab65aa264be4958179536 (0.00s)
    --- PASS: FuzzRangeproof/470abab047815cb5a77b6bda04af5e7dabd4bd90 (0.00s)
    --- PASS: FuzzRangeproof/481a147ccaa41b530a63a52fde5054aedfa400e3 (0.00s)
    --- PASS: FuzzRangeproof/485a4adf9d7ac741d0ac64f26b58e17547931b3d (0.00s)
    --- PASS: FuzzRangeproof/497eb8e8d12d88c556d031466198aa581f4c5d4a (0.00s)
    --- PASS: FuzzRangeproof/49f70ff3abc16facba63025c461c86793ba5b551 (0.00s)
    --- PASS: FuzzRangeproof/4a076a72883fa9a7bff5da2942fa6d811aa22e60 (0.00s)
    --- PASS: FuzzRangeproof/4a25f35c46326b54869e09a429324e94bdedf4bd (0.00s)
    --- PASS: FuzzRangeproof/4a33018c6cd3c849d6efb3098089694f9dffdb65 (0.00s)
    --- PASS: FuzzRangeproof/4a3edfd23dc74493643d0429f4a01e62186dbe30 (0.00s)
    --- PASS: FuzzRangeproof/4a53fb1ec8f9c328436948a86b04f735c3f174cd (0.00s)
    --- PASS: FuzzRangeproof/4b55e8c87dbae1b613c807eef810674c5ec7110d (0.00s)
    --- PASS: FuzzRangeproof/4b80f8723e8ecb5929c6af5f02316c40c712d49e (0.00s)
    --- PASS: FuzzRangeproof/4c042bbacadb705fe0f3a717b9e4ac053ccb16db (0.00s)
    --- PASS: FuzzRangeproof/4c5b926484d208e46ef7e833ea385ec72320f7be (0.00s)
    --- PASS: FuzzRangeproof/4d6a22aa46a91c5628a272b3d1b6a441d633cafa (0.00s)
    --- PASS: FuzzRangeproof/4d8671d00071d45c7e057079a7e133b30678e55c (0.00s)
    --- PASS: FuzzRangeproof/4d9b8f9aad7d3de65d0520181fd1dfe98b6efb58 (0.00s)
    --- PASS: FuzzRangeproof/4dd9826829b399e2f655cec779febcab6156d3f9 (0.00s)
    --- PASS: FuzzRangeproof/4e11b026f62d7c44f9b8aedc18694eb2a1b646c7 (0.00s)
    --- PASS: FuzzRangeproof/4ffd3d628e51a3118680d26694ff1955a1b2164d (0.00s)
    --- PASS: FuzzRangeproof/5056f0371b71386dcc7c72c66a3d78dd5c148719 (0.00s)
    --- PASS: FuzzRangeproof/50aa330e4993437700258738030168da1d2bb1e7 (0.00s)
    --- PASS: FuzzRangeproof/50fd657c81ed79f049f34767e78c99c96180e594 (0.00s)
    --- PASS: FuzzRangeproof/5152fb5554fd9df542ceb94ddf48ac4f4489e822 (0.00s)
    --- PASS: FuzzRangeproof/51eab08b50148b6d33b8bcc084539b92f9b402fd (0.00s)
    --- PASS: FuzzRangeproof/5292abeed62854ea993452e1b2730f905cba8738 (0.00s)
    --- PASS: FuzzRangeproof/5300e2abefb9e92a717993570b83a03998851a48 (0.00s)
    --- PASS: FuzzRangeproof/535808220646e743ea25fc22841a4768f33d4207 (0.00s)
    --- PASS: FuzzRangeproof/540a774e5b5f89d16f81b50e9b8471e0140ff781 (0.00s)
    --- PASS: FuzzRangeproof/5494a9d8651424cf6bae64c021f82d235b4c378b (0.00s)
    --- PASS: FuzzRangeproof/55a558ebb3133e7f9aaf166893bb29664cae8dca (0.00s)
    --- PASS: FuzzRangeproof/568aaa22bdced4656faea0015a3a72615d24c7e6 (0.00s)
    --- PASS: FuzzRangeproof/57a21fca89073c78978913cfad9958bb69d196a3 (0.00s)
    --- PASS: FuzzRangeproof/59c24a86975ccc33cc7fc0f51d2dac555d3f94a9 (0.00s)
    --- PASS: FuzzRangeproof/5a3fec267aeba99437c1014f486437cff16746ba (0.00s)
    --- PASS: FuzzRangeproof/5b86f12a991663428a1bb062585a0ed1e13ca706 (0.00s)
    --- PASS: FuzzRangeproof/5b885d1d27334f8e10c0f5659f811927a215e538 (0.00s)
    --- PASS: FuzzRangeproof/5bd8d48fcab38010874d39ad2dd13f3da1d604d4 (0.00s)
    --- PASS: FuzzRangeproof/5bfb48cf7aade00ef6cf342cbdd634e0a6ff2703 (0.00s)
    --- PASS: FuzzRangeproof/5bffa40445726c367f247d0687140f8abd9ea36f (0.00s)
    --- PASS: FuzzRangeproof/5c58710ab885f256d8b7dba233191a925fb8dba7 (0.00s)
    --- PASS: FuzzRangeproof/5ca65d037d861f09d9f2173b8ca36836cdf56b62 (0.00s)
    --- PASS: FuzzRangeproof/5e38ec889c0d8bda3f780d37fdc571fd68117e10 (0.00s)
    --- PASS: FuzzRangeproof/5e6d041729e6df55c8d91a288600f889cbafacb0 (0.00s)
    --- PASS: FuzzRangeproof/5e76e88f59fa0e72f798e44dd41f07ef8c00cd9d (0.00s)
    --- PASS: FuzzRangeproof/5f29c693178f7a0f9078cde927e0387704b707e1 (0.00s)
    --- PASS: FuzzRangeproof/5f54be7033618b76a9d7e048dbf0faab1519aed4 (0.00s)
    --- PASS: FuzzRangeproof/607ff0664e2b6f22788611396585d2b661d1e6ee (0.00s)
    --- PASS: FuzzRangeproof/612d01cd29fe34a6a84b6ba0e0a69bbcb1821958 (0.00s)
    --- PASS: FuzzRangeproof/62b416d399d24f6e135069b381ee5ade72ff9919 (0.00s)
    --- PASS: FuzzRangeproof/6363db6e13ca22dd94bbd77782905778da04fa3f (0.00s)
    --- PASS: FuzzRangeproof/64b14af14d66691533d6087b9e4c1a673068497b (0.00s)
    --- PASS: FuzzRangeproof/650b19b1a166bbde0e30980cdae04747e5038c0a (0.00s)
    --- PASS: FuzzRangeproof/65965d38a61c2a681e357a36ef374fef09024edf (0.00s)
    --- PASS: FuzzRangeproof/6598c3b5ab07cbe61381e066c80e9935e5112663 (0.00s)
    --- PASS: FuzzRangeproof/659c0262543899747b3087f3ee6bd3a48756aaf0 (0.00s)
    --- PASS: FuzzRangeproof/662c057c07f916ccef22ee7d776dcdf4114964b8 (0.00s)
    --- PASS: FuzzRangeproof/672db64c0ea3f827074430e525fed6ac9aba8394 (0.00s)
    --- PASS: FuzzRangeproof/67350b085531a132d27023b45f0b28b54de0eb45 (0.00s)
    --- PASS: FuzzRangeproof/67e2efe4f24057f4c893cd3bc8f28b05c3c57fee (0.00s)
    --- PASS: FuzzRangeproof/686131a4c6a6aa61b528eb1dafae6ed66f09d8d6 (0.00s)
    --- PASS: FuzzRangeproof/6981a7515a638c46f11259e2ae8054b22368d234 (0.00s)
    --- PASS: FuzzRangeproof/69cf87dc4a034fa47d534487bbb394202a15414c (0.00s)
    --- PASS: FuzzRangeproof/6a88001d6a395997f95facef2f9bdf485796d374 (0.00s)
    --- PASS: FuzzRangeproof/6a9e04c2eda147bbaf3f0da2181d48a8b1860be1 (0.00s)
    --- PASS: FuzzRangeproof/6bfe7e61a71f2d16a97f44a3ac043be9eb8d9bdd (0.00s)
    --- PASS: FuzzRangeproof/6d49736139c6c893d4b69a98f0cba06010676ced (0.00s)
    --- PASS: FuzzRangeproof/6d980ac74e35de0b418c29381c827824ddeb27be (0.00s)
    --- PASS: FuzzRangeproof/6dd3c76621378eb8042617deb98031a7a5515202 (0.00s)
    --- PASS: FuzzRangeproof/6dec6103d005a172e39100f9d496ef6544dd8102 (0.00s)
    --- PASS: FuzzRangeproof/6e6921cb3f59aa8449fbb5cd7f1eebaadb06ea1b (0.00s)
    --- PASS: FuzzRangeproof/6e7ec65622915beb6a43eb7088095ecf10877a55 (0.00s)
    --- PASS: FuzzRangeproof/6eba4c9aaa46667dd8f22c54ce133f363575adf1 (0.00s)
    --- PASS: FuzzRangeproof/6f647710507343bf02cb52a2de196898758546a8 (0.00s)
    --- PASS: FuzzRangeproof/6f96c94b40d72f623fe4c72f01da09012f46bf84 (0.00s)
    --- PASS: FuzzRangeproof/701d184f44c70e7cafc40e1fcf5a132d31822deb (0.00s)
    --- PASS: FuzzRangeproof/702d19f4ada7ce3c9e79d8cc63fce22ebf8a7f99 (0.00s)
    --- PASS: FuzzRangeproof/70659c3d610ae645b7f8fd0ddd1528aec3776418 (0.00s)
    --- PASS: FuzzRangeproof/712112de6820553885617a4de1e645fd56df035c (0.00s)
    --- PASS: FuzzRangeproof/717acf426e8c945b604c3a9f1ecc6f160b1f6620 (0.00s)
    --- PASS: FuzzRangeproof/71b21ddd03399ae3bf4b01e199554ce3e7b11a7b (0.00s)
    --- PASS: FuzzRangeproof/71cec8a8dbe23b0a2a8feb2a38de0e2f19088205 (0.00s)
    --- PASS: FuzzRangeproof/730c66057acff4c4f412f0294acc6325e9f65fcf (0.00s)
    --- PASS: FuzzRangeproof/7361768ffec3e74547e0e3d67cae41f683fe6266 (0.00s)
    --- PASS: FuzzRangeproof/74c5f2e910639f9219d82dfe4a72a4d5379a333c (0.00s)
    --- PASS: FuzzRangeproof/75b03fff5059f0835d3f92e4c872d54edb794e2c (0.00s)
    --- PASS: FuzzRangeproof/75db4d24395bb8495fd4be2333e1fe06e7cbc271 (0.00s)
    --- PASS: FuzzRangeproof/7631f5479828a863c158b206678f93a9901e5568 (0.00s)
    --- PASS: FuzzRangeproof/76ea653b977955c9bcb2d6536d69414145e20fa9 (0.00s)
    --- PASS: FuzzRangeproof/7708c31905af247dcf091ca2d40ee3a8a3418025 (0.00s)
    --- PASS: FuzzRangeproof/774bc987f1720881f71c6aad88836094e4a16b7c (0.00s)
    --- PASS: FuzzRangeproof/776090fa343ea0c43214905ec07aef2da8b3b184 (0.00s)
    --- PASS: FuzzRangeproof/77748c92049d3010fa6df53dc1c5cba8ab2f5fdc (0.00s)
    --- PASS: FuzzRangeproof/77764b36eac91a1951de70b2c7379f82950551ff (0.00s)
    --- PASS: FuzzRangeproof/7791d0f554a35c1b1c31bd3daaf674bdcfcc354f (0.00s)
    --- PASS: FuzzRangeproof/77e4a8f0447289c635f08fefd520d94c3ec54174 (0.00s)
    --- PASS: FuzzRangeproof/77f519c4e2a25ed9d7858e3a3e90aaedee12d1a0 (0.00s)
    --- PASS: FuzzRangeproof/783cc7dd0b1615c32eed18413b85db840e70c11f (0.00s)
    --- PASS: FuzzRangeproof/7858e417b8f5ac7bfdc553b9e8c6504dcd384cc5 (0.00s)
    --- PASS: FuzzRangeproof/7a3533cdbae260d67f7cef8c65eea62e66d0c188 (0.00s)
    --- PASS: FuzzRangeproof/7a5eda9d663700b8c8b25e12e20bd19d6590b658 (0.00s)
    --- PASS: FuzzRangeproof/7a9e3a3e505aef332d7313243b86793998872ac7 (0.00s)
    --- PASS: FuzzRangeproof/7b00109e8570af1c256aa475a176285ab8e8588b (0.00s)
    --- PASS: FuzzRangeproof/7bd1d0405f90a2bf05fa44b914ce9d1c14ce569b (0.00s)
    --- PASS: FuzzRangeproof/7c1bbd8fdbd0db627506678e36df0f2dc2e094b3 (0.00s)
    --- PASS: FuzzRangeproof/7c3404fb5e59461254ef1167a1c56071ae5952c3 (0.00s)
    --- PASS: FuzzRangeproof/7ce7c7b43f043822add2f8de74ea66bc3e844f67 (0.00s)
    --- PASS: FuzzRangeproof/7d4df5b4d26a20b24c35426cec386c7ecbf771d8 (0.00s)
    --- PASS: FuzzRangeproof/7ddaf7c08c5b20909a8914bbd2c05f743bac6be3 (0.00s)
    --- PASS: FuzzRangeproof/7e47d2fc76491f3b632ccafb4737ffcea79912bf (0.00s)
    --- PASS: FuzzRangeproof/7ecd560478b09fce60b6a90b7069af170cd828ec (0.00s)
    --- PASS: FuzzRangeproof/7f469ec31f5238349bb4f7688a797b5da7bfc1d7 (0.00s)
    --- PASS: FuzzRangeproof/7f6d895cd2aa08b5d425057560105d335a544bdc (0.00s)
    --- PASS: FuzzRangeproof/7fd21a0e5ca020e40543b7767654049db6041d8a (0.00s)
    --- PASS: FuzzRangeproof/804b6760619f1a0f74d96aa5c95b62e53c3bdff2 (0.00s)
    --- PASS: FuzzRangeproof/813b2f8e9c1fc8db26ede302a729f54d5deb8d1e (0.00s)
    --- PASS: FuzzRangeproof/81e18d5217bb0e135bf8474f0d76858b6f539526 (0.00s)
    --- PASS: FuzzRangeproof/8232259587f282bfd4fb7a11022dea3df8e42ec8 (0.00s)
    --- PASS: FuzzRangeproof/82f51c357423e672c063dc1d700bc3ff5e7aa943 (0.00s)
    --- PASS: FuzzRangeproof/8338d039b06d053bef8a8227f8cc5c70d717a31f (0.00s)
    --- PASS: FuzzRangeproof/8350b42c099ad378758855486ad38973b11b7490 (0.00s)
    --- PASS: FuzzRangeproof/841744053cd4e3f59e0cbfa79a46f4d39dbd1973 (0.00s)
    --- PASS: FuzzRangeproof/84233d1b8b595558a558b5d27c3d27471c589536 (0.00s)
    --- PASS: FuzzRangeproof/845c85b18f9a15bbec3562e81f12fd097da74883 (0.00s)
    --- PASS: FuzzRangeproof/855cb648f2fc9c1d4d44f5267d4e5718600d6a90 (0.00s)
    --- PASS: FuzzRangeproof/85d47a52a468c90de205b49669e247d65e4e89e7 (0.00s)
    --- PASS: FuzzRangeproof/867d3aa9f86ab572eb47d88f377b0b9396536625 (0.00s)
    --- PASS: FuzzRangeproof/872070646435bca4ddf7085288a719a13558b9ee (0.00s)
    --- PASS: FuzzRangeproof/874931869398510fe79d78d3ec8927fd2077a7b7 (0.00s)
    --- PASS: FuzzRangeproof/8766ca456d6bec2108352fca35044c1c9539a920 (0.00s)
    --- PASS: FuzzRangeproof/87a8ae07583dc63024194c148d1a456dc26b8b70 (0.00s)
    --- PASS: FuzzRangeproof/89d3880e7660f21982dec08b477022b0a6559bfe (0.00s)
    --- PASS: FuzzRangeproof/8a01cf068b40f4d5b4f13badfb4b47b7fdaf6c05 (0.00s)
    --- PASS: FuzzRangeproof/8a7e76e6f758b9674803f5b71a0e129d401e5a6d (0.00s)
    --- PASS: FuzzRangeproof/8aa7e57e31732ddb19e6f7edc7eaca401db1a2c1 (0.00s)
    --- PASS: FuzzRangeproof/8bd0c99e812fc1d86ac76dd4d960580128251d4e (0.00s)
    --- PASS: FuzzRangeproof/8c1bfc620355c8d0ffc70c15aa0a0d5d9d4a8ccc (0.00s)
    --- PASS: FuzzRangeproof/8c766fdc92b49f53e98dfb0df34ac1f6038941ba (0.00s)
    --- PASS: FuzzRangeproof/8d00d4a61175ab7e2a5588a66f552f8a23a62b76 (0.00s)
    --- PASS: FuzzRangeproof/8d055f35f16561d1435a9d6ae3da63d72686d7c4 (0.00s)
    --- PASS: FuzzRangeproof/8d9e140decd3a3d91ddbe0f9d975e37c6538d1b4 (0.00s)
    --- PASS: FuzzRangeproof/8da19273c71653380b931144987dfc194b6a07a7 (0.00s)
    --- PASS: FuzzRangeproof/8e27807215156a369791cc53766478ddd0d12504 (0.00s)
    --- PASS: FuzzRangeproof/8e9a7e391ef7d6575442aa58ae289b419156ac3e (0.00s)
    --- PASS: FuzzRangeproof/8ef9a2dbb4f4c89adf54930b100c8a0f2a62e349 (0.00s)
    --- PASS: FuzzRangeproof/8f04615f682c51f7bf360e927d0adf2bc7548864 (0.00s)
    --- PASS: FuzzRangeproof/8fd638eeaac2a884b6c9933d7e38c0cc4c881f31 (0.00s)
    --- PASS: FuzzRangeproof/8ff65895800cff9396970dd7ca3c2472afc896f8 (0.00s)
    --- PASS: FuzzRangeproof/91a9f250ba53bf8e22cdbd418ccc79025379bd62 (0.00s)
    --- PASS: FuzzRangeproof/91b4af944373c691a2f627d2a61a5f2a09a7ed20 (0.00s)
    --- PASS: FuzzRangeproof/92f0b28b37adca894d8671fbb575edc82d209f77 (0.00s)
    --- PASS: FuzzRangeproof/938faa2e44a83a08b71533d36e4fb98bd8cdbc12 (0.00s)
    --- PASS: FuzzRangeproof/94493a22cbecb3e5adbb3679aad219daf7c7e71a (0.00s)
    --- PASS: FuzzRangeproof/947724b8b4a02494dcb586fbe65079a2ca11005b (0.00s)
    --- PASS: FuzzRangeproof/950fec108091e8015020d042edba86251e579751 (0.00s)
    --- PASS: FuzzRangeproof/954bd77e11f27c769c1d8fae79613c0d29064ee0 (0.00s)
    --- PASS: FuzzRangeproof/9621a20dd394b7cc3e24af092d9270bd6aebfa2a (0.00s)
    --- PASS: FuzzRangeproof/9638477680f49336d3f5030c3aaea1885d32a8e8 (0.00s)
    --- PASS: FuzzRangeproof/96459340e0381f806cb66c23034673d1ab73fad5 (0.00s)
    --- PASS: FuzzRangeproof/96f4d64f554912057118980316201d9c2e3833d2 (0.00s)
    --- PASS: FuzzRangeproof/97f46cf4fa2ace4a9f1e0426d06ac8010727a37f (0.00s)
    --- PASS: FuzzRangeproof/98cee9b278056d05bd51a591320b2e9bc6b0b769 (0.00s)
    --- PASS: FuzzRangeproof/99e3115044f5c2fad85c4a9215703498be06687d (0.00s)
    --- PASS: FuzzRangeproof/9a289747ac4db8a9ad773c90f59ecfaea71ef74f (0.00s)
    --- PASS: FuzzRangeproof/9a66e55d43e9f5798880f9a490f4d232e0c99e42 (0.00s)
    --- PASS: FuzzRangeproof/9a7b7ccb728f31d3e6cf1cc9247640f7f87a0205 (0.00s)
    --- PASS: FuzzRangeproof/9ad4c5292ada38449385f72545e604564faa026c (0.00s)
    --- PASS: FuzzRangeproof/9b67fb5cbbaa39a442776b520a80ee1fdb57e2ac (0.00s)
    --- PASS: FuzzRangeproof/9bc28baf2513bd27fb34fe37fa0895191ceced7a (0.00s)
    --- PASS: FuzzRangeproof/9c11b57a2d9c474b64b277315eeb5a9608952a4a (0.00s)
    --- PASS: FuzzRangeproof/9cbdb1a454b1d6988e3f4597864e4a47626d88cd (0.00s)
    --- PASS: FuzzRangeproof/9d66211f9adf2f2f7252b3ae0b38637aa177f041 (0.00s)
    --- PASS: FuzzRangeproof/9da8122a7a9d19dc9aee3910e1e163c58ff7fef5 (0.00s)
    --- PASS: FuzzRangeproof/9e17fc764eeeb661e0328a7e3cb80bab9d1c8e88 (0.00s)
    --- PASS: FuzzRangeproof/9e9216d815dc6359a42cde49ff8b6918ab8aef2a (0.00s)
    --- PASS: FuzzRangeproof/9f450a45d4f3c602d14a0b3803581f7875a0ac12 (0.00s)
    --- PASS: FuzzRangeproof/a10909c2cdcaf5adb7e6b092a4faba558b62bd96 (0.00s)
    --- PASS: FuzzRangeproof/a130706049ef7b3db14239bbdb1b06f6ab089798 (0.00s)
    --- PASS: FuzzRangeproof/a24514eda4052dda91775aafb8e4f700a106bbe9 (0.00s)
    --- PASS: FuzzRangeproof/a28733e39214ce33d1f37be0167c537903d4227f (0.00s)
    --- PASS: FuzzRangeproof/a289c5433ba502147679ea4d9e86301703a23b51 (0.00s)
    --- PASS: FuzzRangeproof/a2e59082afc6aa0a98cf2f198ff3ac12853e795e (0.00s)
    --- PASS: FuzzRangeproof/a322fd25db7c2905b3bf6b5e11179a7750af3a03 (0.00s)
    --- PASS: FuzzRangeproof/a418aba63947b78ec83e10d3a3c9af0e7c7b5419 (0.00s)
    --- PASS: FuzzRangeproof/a50e32ce70ba0b584baab3a77cd75934bdc21fc4 (0.00s)
    --- PASS: FuzzRangeproof/a51c38e6a29758261e8e22949100b4c557b6b80e (0.00s)
    --- PASS: FuzzRangeproof/a72cfc04b7ccac433a4e00a84b568fad6755bd3e (0.00s)
    --- PASS: FuzzRangeproof/a73676d12aea10e0fc598f9da52cce3d4d885f4c (0.00s)
    --- PASS: FuzzRangeproof/a7401f84c183aeb5f8ba774befde2d581777d5df (0.00s)
    --- PASS: FuzzRangeproof/a7ce396819078bbd3fda476c20717ccc78c31bcb (0.00s)
    --- PASS: FuzzRangeproof/a82fd190de897aea5397ce665b8296685c733278 (0.00s)
    --- PASS: FuzzRangeproof/a97098341b35fd3c2557652587cce9ffad0c8bbc (0.00s)
    --- PASS: FuzzRangeproof/a979ef10cc6f6a36df6b8a323307ee3bb2e2db9c (0.00s)
    --- PASS: FuzzRangeproof/a9b5967fbaeeed7c2f4b2af85c9a3591f1b0298b (0.00s)
    --- PASS: FuzzRangeproof/a9b86f0a5051eca0a4d2aa4a4edc047acba6f0e9 (0.00s)
    --- PASS: FuzzRangeproof/a9eb43dcecad588d59a819f7b889590f8d66e61d (0.00s)
    --- PASS: FuzzRangeproof/aa289e97ee90bdf4542dd943bcc4ae699aa39f65 (0.00s)
    --- PASS: FuzzRangeproof/aa29883095d44e83a1294f54ed0158f71e54c068 (0.00s)
    --- PASS: FuzzRangeproof/aa94057f9c457a2cc74ffffe8b4751084586d904 (0.00s)
    --- PASS: FuzzRangeproof/aafab873731bfe6f6e557997d75e8b7ea32960c6 (0.00s)
    --- PASS: FuzzRangeproof/ab6bf7d6e6a29343689ed03d62d11f3172d862a8 (0.00s)
    --- PASS: FuzzRangeproof/ac0e4b1b4a4baa87dac424ae9173ea0c7ce03314 (0.00s)
    --- PASS: FuzzRangeproof/acb683394e3da3846bc4bd08cf8b7f9bd1c4af3f (0.00s)
    --- PASS: FuzzRangeproof/ad9aaa377d7d36b0e82a61df6667b519f39272ef (0.00s)
    --- PASS: FuzzRangeproof/adc83b19e793491b1c6ea0fd8b46cd9f32e592fc (0.00s)
    --- PASS: FuzzRangeproof/adeea520f54d0f37ac538924e2b59d157ab797b2 (0.00s)
    --- PASS: FuzzRangeproof/ae6d5807c676ef963d281567ee69330ac8346155 (0.00s)
    --- PASS: FuzzRangeproof/ae71f6c0563bb8b870459eb9f2dec35634b1ddaa (0.00s)
    --- PASS: FuzzRangeproof/af06daed2401e72055dc62ed067ca0aa941eff2c (0.00s)
    --- PASS: FuzzRangeproof/afa81d45a8ff95af1186396b9d67d7906bd580c7 (0.00s)
    --- PASS: FuzzRangeproof/afbe6bbcf6dd5a8353e166a8c9ef0d02417e811b (0.00s)
    --- PASS: FuzzRangeproof/afcf173a82ff070418720dd1541f8fcf323ec09a (0.00s)
    --- PASS: FuzzRangeproof/b087e7efc9dd461cb6e14e4d7194667fd96e47f9 (0.00s)
    --- PASS: FuzzRangeproof/b0dc98004918ae14048ccc1c58c9015fb557aa28 (0.00s)
    --- PASS: FuzzRangeproof/b0f57aac0f7baf2eb869df9d34d97533d065c898 (0.00s)
    --- PASS: FuzzRangeproof/b12a182a42f0bcb3f80f705d4186588c16e34788 (0.00s)
    --- PASS: FuzzRangeproof/b3192a1b4598eed4a4e2c1f8729d2682c38130ef (0.00s)
    --- PASS: FuzzRangeproof/b3d9a88c912f34e0c8db890fec2061cb4caee218 (0.00s)
    --- PASS: FuzzRangeproof/b3df055189989ba670cb3319061b26fbe42fa18c (0.00s)
    --- PASS: FuzzRangeproof/b419bbefb0ea492b8182775fb7cd3edd02d07ad1 (0.00s)
    --- PASS: FuzzRangeproof/b58a0ab08077cf248ccd990d494d38ba3da8f3cc (0.00s)
    --- PASS: FuzzRangeproof/b5e3715cdb17f373f513c589264b947cf123cf58 (0.00s)
    --- PASS: FuzzRangeproof/b5ebc337d2443c3feb681eacf5a4ddbdd44d6e9d (0.00s)
    --- PASS: FuzzRangeproof/b5ffc3a2742204b795983adf1adcea5918aeebe4 (0.00s)
    --- PASS: FuzzRangeproof/b816ae242168faffa82e62fd79add2b07e1cf22b (0.00s)
    --- PASS: FuzzRangeproof/b8cb733163370fb722b0de4e77ccf89ff2a14ec5 (0.00s)
    --- PASS: FuzzRangeproof/b956d2e0acb5577875d7b26adfcd6eaad4f8a21c (0.00s)
    --- PASS: FuzzRangeproof/b9a4d551000a1639fe163bc07e1e3920686f15e5 (0.00s)
    --- PASS: FuzzRangeproof/ba7e0e6096438c9cc9d36253a4904e618e08bb88 (0.00s)
    --- PASS: FuzzRangeproof/bb8fcfaf6cd6cc1d8709f90a45d28d4fa1d2f5bf (0.00s)
    --- PASS: FuzzRangeproof/bbc6616cdb772cc7de081c6f1dee4d356a775ba4 (0.00s)
    --- PASS: FuzzRangeproof/bbde23714e17b8034ae7ece5e62b72f195b3bf09 (0.00s)
    --- PASS: FuzzRangeproof/bbf21be877b5e89e33cfc9b31ef6773ae9f9a6da (0.00s)
    --- PASS: FuzzRangeproof/bd395ca26e1c64777d66de18fffa751dffbc4681 (0.00s)
    --- PASS: FuzzRangeproof/bda1a7d3601f0ca278886c40e8a707c054627207 (0.00s)
    --- PASS: FuzzRangeproof/be21b7ae645d73a8f9118b46cf040e5a7c3d6804 (0.00s)
    --- PASS: FuzzRangeproof/bf1be7ffc2136a76c5c8aa006b95dc554affde70 (0.00s)
    --- PASS: FuzzRangeproof/bf64a337eb01760fa642b5aa7331b664ea155d41 (0.00s)
    --- PASS: FuzzRangeproof/bfefe3c4745605a47008540256c70d7b882e7921 (0.00s)
    --- PASS: FuzzRangeproof/c0135598cc2280adc9eee21b26a8e192767f111b (0.00s)
    --- PASS: FuzzRangeproof/c05ffed195339463f9e696eb8f50271165e742e4 (0.00s)
    --- PASS: FuzzRangeproof/c1004d45ebcfa86e712d21067bde0c9e18a71e2a (0.00s)
    --- PASS: FuzzRangeproof/c1019ebbac3ac46ea774f6f8bc2ec12082b3a079 (0.00s)
    --- PASS: FuzzRangeproof/c13207b61f0633d5c29d3755065a571be587ef70 (0.00s)
    --- PASS: FuzzRangeproof/c34c8db7f8ec6ba29c9e3a4ab1b0bd3f7ff7804f (0.00s)
    --- PASS: FuzzRangeproof/c36580807e7ec0a698c0b6ac07ee90f4b39f94f7 (0.00s)
    --- PASS: FuzzRangeproof/c3a14058b40406139e0532b60d683fc3b1a0aa8f (0.00s)
    --- PASS: FuzzRangeproof/c3e3587d9ea5e639c43d6d93a91701c25da76d39 (0.00s)
    --- PASS: FuzzRangeproof/c44f88db79a0d7f7eaa932454dbda60bcd1848b6 (0.00s)
    --- PASS: FuzzRangeproof/c52e0ec2e8e86d9bccfec3aa554c64b93cfd1029 (0.00s)
    --- PASS: FuzzRangeproof/c53d7b1354c23555b621a7a571a35be76c60e85b (0.00s)
    --- PASS: FuzzRangeproof/c55351420063512e6b707406002f47c428f95ff8 (0.00s)
    --- PASS: FuzzRangeproof/c5641eb5281e0aeccfe0e7ee00a731f93ef9d783 (0.00s)
    --- PASS: FuzzRangeproof/c60d456e7ec78a55f7b3eb28f7c9299f2dc4e516 (0.00s)
    --- PASS: FuzzRangeproof/c63fb883908821f3afacaff31057ef7b28548b73 (0.00s)
    --- PASS: FuzzRangeproof/c647e417fc1ab0806fbcf8ed53058f9804107159 (0.00s)
    --- PASS: FuzzRangeproof/c743094f6623b8f98766aeb749590b5db6d84b7b (0.00s)
    --- PASS: FuzzRangeproof/c76a26eb0887983080eb2cbd83e11680caa46076 (0.00s)
    --- PASS: FuzzRangeproof/c779ef2dd48b9880ff7cfe3401484d40d80a2bb4 (0.00s)
    --- PASS: FuzzRangeproof/c7c3878fce08b7a926ff31d59e99b68dce2acd01 (0.00s)
    --- PASS: FuzzRangeproof/c7c4151c0d9835f5fde52db856fde532ae0d8da9 (0.00s)
    --- PASS: FuzzRangeproof/c7d593ba9d32b4dcf5b009d2eb67ba16b55de2be (0.00s)
    --- PASS: FuzzRangeproof/c7fae80548b81003cf525a755fc9d6bf5ad90c48 (0.00s)
    --- PASS: FuzzRangeproof/c8c444714f365ceef43ffd26daf8d4efc77abaa0 (0.00s)
    --- PASS: FuzzRangeproof/c8dc6b73d341442615bb98eecddc6df7e61c71f6 (0.00s)
    --- PASS: FuzzRangeproof/c93095ed328b061306c17322ca9a6405c98d3458 (0.00s)
    --- PASS: FuzzRangeproof/c95959c12dd03f16dd1633bf303cfe7e62a7c6d4 (0.00s)
    --- PASS: FuzzRangeproof/c972f2336ac641208871933edb78929058643a47 (0.00s)
    --- PASS: FuzzRangeproof/cb2e00f6aef5a369cb645d7df0416ae0f45f7aeb (0.00s)
    --- PASS: FuzzRangeproof/cba3d98c5aea1807de2c736a2c9902b5bd59278c (0.00s)
    --- PASS: FuzzRangeproof/cc4362184900e3efd65a617b58858efcf3caa835 (0.00s)
    --- PASS: FuzzRangeproof/cc9b143ccc1f61601359cdb6465d0b6262bb268e (0.00s)
    --- PASS: FuzzRangeproof/ccdc5b60a7e1d4bb314120cb055a1083531832af (0.00s)
    --- PASS: FuzzRangeproof/cd23e48377f62e3bb63a89bd9ac9526db0ec7027 (0.00s)
    --- PASS: FuzzRangeproof/cd2fc406692b79c8cc7d85583f57a42a6c6d1341 (0.00s)
    --- PASS: FuzzRangeproof/cd45ba8c192cacd520681614170f1ce0412a5c05 (0.00s)
    --- PASS: FuzzRangeproof/ce1477bd6b56cc10e00f60b1013c45958105048e (0.00s)
    --- PASS: FuzzRangeproof/ceadf16f35ad8567129fd4abdc624398c13445fd (0.00s)
    --- PASS: FuzzRangeproof/cebadce27d88a2fd070ae586bee8db264d9d7108 (0.00s)
    --- PASS: FuzzRangeproof/cece5d137f3c14ba023d92617c48c34b44411547 (0.00s)
    --- PASS: FuzzRangeproof/cfae20e795c25fa6db4ce3b691356822bed2ee63 (0.00s)
    --- PASS: FuzzRangeproof/cfef90a65252c80d603f1296e89ee4084db9d708 (0.00s)
    --- PASS: FuzzRangeproof/d117d9246e3868e88a5ef16f19a81cdd36c0ff1e (0.00s)
    --- PASS: FuzzRangeproof/d12dad7e21746aaa5a650e051cdcd0084b2ec31d (0.00s)
    --- PASS: FuzzRangeproof/d22153d1968bde7c361644127bf46a799289cd4b (0.00s)
    --- PASS: FuzzRangeproof/d226d7898059212ee75fafbe7e2b797d56adcdcf (0.00s)
    --- PASS: FuzzRangeproof/d24179900f78bb25bf2ca6c5d8471672f52abb94 (0.00s)
    --- PASS: FuzzRangeproof/d2a96249b29668850868ccfc203de48b4978e48b (0.00s)
    --- PASS: FuzzRangeproof/d4fa79dbc854d98fab9f0c2cbadc6690e7c37e23 (0.00s)
    --- PASS: FuzzRangeproof/d529cadffbe0f3097d03de3e7638bb3bbc386c39 (0.00s)
    --- PASS: FuzzRangeproof/d601af49091943342dc28fe887ffe8793c5458f0 (0.00s)
    --- PASS: FuzzRangeproof/d6f41205aebcb897f677fdbdf86dd9ffcc9e70a3 (0.00s)
    --- PASS: FuzzRangeproof/d7f085195d781379fe320aa91c0570fb4d021cdb (0.00s)
    --- PASS: FuzzRangeproof/d86da46237b9a5db4ec9dc46289102753085ac00 (0.00s)
    --- PASS: FuzzRangeproof/d9207f218777e23cdc849d65e6c40cfe8b9393a1 (0.00s)
    --- PASS: FuzzRangeproof/d98eaca8bb7701dd83a90ae9dfe1fa987e6c4e82 (0.00s)
    --- PASS: FuzzRangeproof/d9ea6d1a335c3755fb7183841a5d6e6c21c0bcfd (0.00s)
    --- PASS: FuzzRangeproof/d9f4d5c7cb61ec324dd37ebd777fa7dcdb70e8b9 (0.00s)
    --- PASS: FuzzRangeproof/dad1cf619626b71f1cbdf5b9ae208ced29b109b6 (0.00s)
    --- PASS: FuzzRangeproof/db26d7f97e1b7f531d97cc74932e1dc44b946235 (0.00s)
    --- PASS: FuzzRangeproof/db2ad3619f5246e0fefcad654eae9e27abd3c145 (0.00s)
    --- PASS: FuzzRangeproof/dcaf32b8513e761dc820430a90cd15527668df76 (0.00s)
    --- PASS: FuzzRangeproof/dcceb92654f4f2412164ebbb38f00c4e9d923c51 (0.00s)
    --- PASS: FuzzRangeproof/dccf606bf2a95d1eb720d1765a80ba7b44aa1029 (0.00s)
    --- PASS: FuzzRangeproof/dcd0a217edca8675b1df8258a4cc61499b201a13 (0.00s)
    --- PASS: FuzzRangeproof/dcf6ad9841baa3d7c3ef0d02545624346d8a3f4a (0.00s)
    --- PASS: FuzzRangeproof/dd17ed61bac120c460c624cef67d7da1536c8479 (0.00s)
    --- PASS: FuzzRangeproof/ddb4278e8b4f537920671de552e79d4c6b296ed1 (0.00s)
    --- PASS: FuzzRangeproof/ddec4453846e7b7cd536abc17f883fec6d2b8891 (0.00s)
    --- PASS: FuzzRangeproof/de55ae0f257e6713e3a5e92b36bff82e0ca04881 (0.00s)
    --- PASS: FuzzRangeproof/de603c91038f329cce1cca8a30ea161b2271e2f6 (0.00s)
    --- PASS: FuzzRangeproof/e026c3f86d04a42d75437c864e0ed7a4480eba39 (0.00s)
    --- PASS: FuzzRangeproof/e0765f96d258aad27d2e6c62885c830131540f8a (0.00s)
    --- PASS: FuzzRangeproof/e0830dfa213dbb2d91e1f2bd5f8fad43b9115c65 (0.00s)
    --- PASS: FuzzRangeproof/e0878765d64f60ee99d5ad9bc1cfcb407a085d19 (0.00s)
    --- PASS: FuzzRangeproof/e1218aaed248b5f5b96fc1c118cf5f05a67be6ec (0.00s)
    --- PASS: FuzzRangeproof/e128ebf8e7eeaaecd8a077f134818077e2b000a3 (0.00s)
    --- PASS: FuzzRangeproof/e155b8d22aebef08e0737b58ef3d7e6b229748a2 (0.00s)
    --- PASS: FuzzRangeproof/e1a2fa9aad1d9f1b784eee6b28a7c5bfcffefa30 (0.00s)
    --- PASS: FuzzRangeproof/e2770c42aceea052aec82c6cab492adf181f985b (0.00s)
    --- PASS: FuzzRangeproof/e2870487bf53284a0b36941595ceaac4f2103793 (0.00s)
    --- PASS: FuzzRangeproof/e2f57d8557c77e96a59acfeaf561e7638b6affc1 (0.00s)
    --- PASS: FuzzRangeproof/e3d9eabb2c58b6af5c416116672aa5c0750aea87 (0.00s)
    --- PASS: FuzzRangeproof/e45587c2793bc39536e6e47da6bc84bb01c02873 (0.00s)
    --- PASS: FuzzRangeproof/e4a0f35f9745cb46e4b51c9d5eec34b4fed1e5a2 (0.00s)
    --- PASS: FuzzRangeproof/e69744c787b1f3139c5ca0b56a0143de8a986280 (0.00s)
    --- PASS: FuzzRangeproof/e7a9de6c0b435b28983ac4275f705cb3ed0dc6d5 (0.00s)
    --- PASS: FuzzRangeproof/e7b4c4b7b813077a6b50129ba274c7026bf7a38d (0.00s)
    --- PASS: FuzzRangeproof/e7e8be5afc0d1a21dbccdb0ef78a94fbcb45ea9f (0.00s)
    --- PASS: FuzzRangeproof/e890a915675253a451a37b3eab4010df50bd8679 (0.00s)
    --- PASS: FuzzRangeproof/e989ee8186e7539c0ff00b7c2aa97ba290abba27 (0.00s)
    --- PASS: FuzzRangeproof/e9ebebe9f4f95283ffc17e19b0260819e976e73d (0.00s)
    --- PASS: FuzzRangeproof/ea8b61a73bf2ae5e1cf36f2d2f8d0c5fd78a826f (0.00s)
    --- PASS: FuzzRangeproof/ea9bdde64db9cf839404b818df4ead21e3fdb729 (0.00s)
    --- PASS: FuzzRangeproof/eacb57c64dd3bd0b1bda98725ae427600ea91e26 (0.00s)
    --- PASS: FuzzRangeproof/ebf2683521344a4d17bf91470ce492f8ac232dd1 (0.00s)
    --- PASS: FuzzRangeproof/ec0549e2df9b09c940a1d29544539cb5e6c515d8 (0.00s)
    --- PASS: FuzzRangeproof/ec15c0238d39f957c3a8c0268ff851f78f14b58d (0.00s)
    --- PASS: FuzzRangeproof/ecabcf590b4632770698a0e663d8b0c03374e241 (0.00s)
    --- PASS: FuzzRangeproof/ecbcc154ab83aa6dfcdec8ebbdfd155a9098773a (0.00s)
    --- PASS: FuzzRangeproof/ed2146dedd3ba43a06bd7d2ef21eb76f1f5fff71 (0.00s)
    --- PASS: FuzzRangeproof/ed4c581e1375ff8f4dc082935c7f46975510a6ef (0.00s)
    --- PASS: FuzzRangeproof/ed68d1f7c650d0ec5dfe8e886670c5f68d386d20 (0.00s)
    --- PASS: FuzzRangeproof/edb2586768067ef8b06c2d61ea5ab12e078ed640 (0.00s)
    --- PASS: FuzzRangeproof/ee352050e0636e7c1f45ff4e843ee0f8fd965a00 (0.00s)
    --- PASS: FuzzRangeproof/eee761a8e223a58deaf87b657e02321fd4c72d94 (0.00s)
    --- PASS: FuzzRangeproof/eef72d7e4243b224a616961d2c37ea1f1b4c40b1 (0.00s)
    --- PASS: FuzzRangeproof/f0043f09c63b93d772d5266a313f2908e5357dc1 (0.00s)
    --- PASS: FuzzRangeproof/f0b24df46c3a9727eda12a1fb2588cad58285e4c (0.00s)
    --- PASS: FuzzRangeproof/f10bb5a6be998049d3e97acbc7e5469822d8c925 (0.00s)
    --- PASS: FuzzRangeproof/f237702e80427e8a87f015b144d948cef94733f2 (0.00s)
    --- PASS: FuzzRangeproof/f2afe580f1627c6a9b0b88216c881468b1155362 (0.00s)
    --- PASS: FuzzRangeproof/f3f5ca92203c4e816bb79deff09b2554b6053dfa (0.00s)
    --- PASS: FuzzRangeproof/f4b6eb7b56823f5009f8fb4cc8bb0dc326ced3f5 (0.00s)
    --- PASS: FuzzRangeproof/f5158fac9d7c998ea1ccefa283abad73bcdf0f93 (0.00s)
    --- PASS: FuzzRangeproof/f5524c68bddf03351cabe67fea3bb443a624e226 (0.00s)
    --- PASS: FuzzRangeproof/f552a534df98984613ffe0da69e5316cc05ae20b (0.00s)
    --- PASS: FuzzRangeproof/f5897c57844316154dd64349453692f828420507 (0.00s)
    --- PASS: FuzzRangeproof/f6018688ef4eaabf0d0fe9fb7394b09045a56fbc (0.00s)
    --- PASS: FuzzRangeproof/f635b901e7ea1e79d0aaf65b37db34d12ffd7da3 (0.00s)
    --- PASS: FuzzRangeproof/f6a74dd02828c1f9229ef254325543ef2ca57319 (0.00s)
    --- PASS: FuzzRangeproof/f7956787ee8e33f5a56574f6f9cff47220c2ef99 (0.00s)
    --- PASS: FuzzRangeproof/f7b27fc4d7f7604e1c428cdab9ba25efff86c266 (0.00s)
    --- PASS: FuzzRangeproof/f8cf2c72e1fc1eb1fd54b03b0d6a2bc796bf238b (0.00s)
    --- PASS: FuzzRangeproof/f93b7983bca8d3ecfc2413dc467bb526609d0c24 (0.00s)
    --- PASS: FuzzRangeproof/f95724e95087e01db79cea5d5e34ef0108f53fe0 (0.00s)
    --- PASS: FuzzRangeproof/f9809662562e679eed46ffb15111fde0339cb152 (0.00s)
    --- PASS: FuzzRangeproof/fa0930482477f4cbd7ca2628e480a8af01089ed9 (0.00s)
    --- PASS: FuzzRangeproof/fa0fdcc7a1ba12eb4484b304bfd54586559a346d (0.00s)
    --- PASS: FuzzRangeproof/fc56e8c5e7cd767dc43a6fa26d6038908929c1b1 (0.00s)
    --- PASS: FuzzRangeproof/fc78d4ce6c71b3d348242a0181896dc440902024 (0.00s)
    --- PASS: FuzzRangeproof/fca812131dd1c46a727852b1ea1e00056d6ef875 (0.00s)
    --- PASS: FuzzRangeproof/fcaac6a77588cc6f389d269bb90beb0ec3d0fe9a (0.00s)
    --- PASS: FuzzRangeproof/fdba9d670ca6acaa24c1a2112385243c4a660dfe (0.00s)
    --- PASS: FuzzRangeproof/fe1f1983534f6f829cc1750b4a47555bf00427d8 (0.00s)
    --- PASS: FuzzRangeproof/fe712bf96932034308b9cdc817369f435168c235 (0.00s)
    --- PASS: FuzzRangeproof/fe72cb894b19f20e2fa3b74545687472ce68dba9 (0.00s)
    --- PASS: FuzzRangeproof/fec9dbb9d0a1ba037a36072d5f3be239a8212975 (0.00s)
    --- PASS: FuzzRangeproof/fee70c585da9aa89fc20db84e07211cdff549295 (0.00s)
PASS
coverage: 94.4% of statements
ok  	github.com/morph-l2/go-ethereum/tests/fuzzers/rangeproof	0.513s	coverage: 94.4% of statements
	github.com/morph-l2/go-ethereum/tests/fuzzers/rangeproof/debug		coverage: 0.0% of statements
