=== RUN   FuzzRlp
=== RUN   FuzzRlp/00058b84748708908942c195599bd20b60a0877c
=== RUN   FuzzRlp/0193cdc0ba5bbcbfd5e1658bff5feefed54c3986
=== RUN   FuzzRlp/0198240eb40a3ea028f1f44efab847502785c01c
=== RUN   FuzzRlp/028dd0af6a7ce6f49133cec94af6d5fccdc3647c
=== RUN   FuzzRlp/0299ccbb506ded5c4b1b7a08b3718e8179444395
=== RUN   FuzzRlp/02b3d434b88bf4317c939a19039c1d9b9c3d28ef
=== RUN   FuzzRlp/044127546a0eb67b2fbdd47b53bba36b35d7f6f9
=== RUN   FuzzRlp/0534056d2fe1d95a718463d3ddcdbaef17ced26b
=== RUN   FuzzRlp/05b008642eb1099405929fe4b22c0524b3770d8c
=== RUN   FuzzRlp/062fc5cadf903cde5042276cebbf4912e7e29d9f
=== RUN   FuzzRlp/0671490a31e541e25cfcfc8caf3ff972168ed548
=== RUN   FuzzRlp/06937759788377c1b9254e86ae42d66916a8bb90
=== RUN   FuzzRlp/06961f4bc3294a36eab3a82054e304712b2c88f3
=== RUN   FuzzRlp/07187facbf4b908c0bb7d280381b1a7fcf307074
=== RUN   FuzzRlp/07f787e6fec0751af7f2d4885c0255c5855c3446
=== RUN   FuzzRlp/080ff98fd1163cb1c6fd6af67a31a485fa63fb0a
=== RUN   FuzzRlp/08200c5a6e87479fac3d59ccd1b3dc0adc5e650d
=== RUN   FuzzRlp/09409e093846d4e66a008ab0d24d54c08cf722e3
=== RUN   FuzzRlp/0a1c2567b213f7f9b7e295220295b80a6f96f3c7
=== RUN   FuzzRlp/0ac10fff10175880c90be3c0746c562b51c1e4d7
=== RUN   FuzzRlp/0acc3bfae3d67f27d6dbe36c0d2723d67341b35a
=== RUN   FuzzRlp/0cbe67f43df30fb3f33a868a34ea89496a7e2a06
=== RUN   FuzzRlp/0d06cef831c8d65db2299f6c1dd8f26200646ab5
=== RUN   FuzzRlp/0d1d264b5169527f7ddaeeb0bf9c97901a56c2a4
=== RUN   FuzzRlp/0d40dce99e10a04916b2af8d22b2cb61badf2085
=== RUN   FuzzRlp/0dc72e0fa74cac6498d0f0ff5f98ff825b3fcb73
=== RUN   FuzzRlp/0de5991e5fe5933937eb9de624880e9a857da40b
=== RUN   FuzzRlp/0e763f83296cd044a5fc97b277e9d807a2ef005d
=== RUN   FuzzRlp/0f3349dfe177df28ed1b106859612fe5aa4d0127
=== RUN   FuzzRlp/0ffdeda8e9c7b331ef628d21602ca21c7da2c7ea
=== RUN   FuzzRlp/115758c21623c5cb3554afc261436195c3449711
=== RUN   FuzzRlp/11d2bdf035b43157c45401f8b342c0c50af579ab
=== RUN   FuzzRlp/11dc2488aff2ae50a70baaedb012574ff5c90a2f
=== RUN   FuzzRlp/12841574f70c38baf7805958db6c45d2c7464d30
=== RUN   FuzzRlp/14ad863858b02eddf0b6f9394c3106f5befaf65b
=== RUN   FuzzRlp/156e48e64115038c1e2758e9086e8c1267931648
=== RUN   FuzzRlp/15c98111b4e2671415a068d038fe5c03abd1350b
=== RUN   FuzzRlp/170d8533dad98634383a87e639e05958bbf2e57f
=== RUN   FuzzRlp/176f7e231f8dd496525cfa5e03774ba8dc68238f
=== RUN   FuzzRlp/17e33132b2b089c7f84de75220f144be908f7f0f
=== RUN   FuzzRlp/1834243fcbf2e983c9e50946e4ab46622d256ec8
=== RUN   FuzzRlp/1854dde2c8079c63d008361e908e8b8c8992579e
=== RUN   FuzzRlp/18e2783d9cf7a99f02e7ed802f65b4369fc02dbb
=== RUN   FuzzRlp/1a1d9001e414b323c66d62404b45cdbbdf7ea236
=== RUN   FuzzRlp/1a853c5378540e79463f0be97d8eefde89a9d0b8
=== RUN   FuzzRlp/1aa99c7e675ea00078c36678b175a0ab627f904c
=== RUN   FuzzRlp/1abda6c4689d5b1e3a1a211ade32b037c188be29
=== RUN   FuzzRlp/1b5c6f3a91e15afdedaddfc2a409db3c011b51c5
=== RUN   FuzzRlp/1c30d394e74e9a88275ab15725a6ecfb7bc5a022
=== RUN   FuzzRlp/1c9d76a270378f98e3aace9d12924a485cd115f4
=== RUN   FuzzRlp/1d13a08007271c1674745f317d10e967abd08b34
=== RUN   FuzzRlp/1d542a114942de5bec7fe7f8ed5838b8f2e03a09
=== RUN   FuzzRlp/1dd3a319272f9d40a23672b363c1937c3eba7441
=== RUN   FuzzRlp/1e5beaace8183f58008d78eb09983396103875e4
=== RUN   FuzzRlp/1f43ae9032fc774f0f6a90fa4bfb866ba7530383
=== RUN   FuzzRlp/1fb6d1721a5f6367b12c34a3893fb361fd267f1d
=== RUN   FuzzRlp/1fda0c125ba2698d3bce12a99506263bd749aee7
=== RUN   FuzzRlp/201581aa50cde7618f37d355364076b937f0c175
=== RUN   FuzzRlp/202636afa9da2b7fef903bc3ce105a6aae335013
=== RUN   FuzzRlp/2080199518da2b48992a4e24220fd922360b0cfb
=== RUN   FuzzRlp/209a74d56dc767c1e66f3e5e189684d3d83a1b83
=== RUN   FuzzRlp/213f19ddd4962520631b19d30c697477b6636168
=== RUN   FuzzRlp/21780fce6680739bbde99db3f2e317c47120e35d
=== RUN   FuzzRlp/21e5cfd14914c4922d5dbc9269637170f5d040c0
=== RUN   FuzzRlp/21fc6e711a19f0643a4b0af30e627dc63c9b91fc
=== RUN   FuzzRlp/231b54ce1e6419127ec34ae78f181ea940c479f2
=== RUN   FuzzRlp/236faed230346ec11cc0ccf02896d4f01ddaf153
=== RUN   FuzzRlp/2383e493b42c709dbfe6f60dc3a022fa597658f1
=== RUN   FuzzRlp/23decf18879ed082bbb1d8db16a864397bd65442
=== RUN   FuzzRlp/24b33ae2b1e84e397247ab28d5dfbf66f66059ee
=== RUN   FuzzRlp/24cceb81e02c202e7783679a9c85f3af7cd1119d
=== RUN   FuzzRlp/24f1bae1ec5e8a910321cba574dd3d35085b6408
=== RUN   FuzzRlp/2543b905d1036837adf7571e2300c67a2dcd3ae4
=== RUN   FuzzRlp/259fca0fa80774055dca46d256fe0ce4f37c6b50
=== RUN   FuzzRlp/25eeaff42f6ee6ebac55edecee7744d7e8ce94f6
=== RUN   FuzzRlp/2661531248cfb9d2e2362d8fa08bdaf761486483
=== RUN   FuzzRlp/26b3e64c3ae1e1beab1b5be8806bb6d0d3a9d531
=== RUN   FuzzRlp/26f9eeeba1aba71327e1d33a9152a4e95f696840
=== RUN   FuzzRlp/271b4752786d6eb44a2901ccf87983fcdd6026cb
=== RUN   FuzzRlp/29159e8f6f417b2638df9dd1ebcc189053c640f8
=== RUN   FuzzRlp/295c04b279c5358afd243a3f0eb688e4f4424370
=== RUN   FuzzRlp/2a23ffb1efe80ce6997085fc7fef780f7882ee64
=== RUN   FuzzRlp/2a32e97b6391811714f13b85d870d4a7a562c276
=== RUN   FuzzRlp/2b2067b3490e0c24f7ee532d05f1a2b6fe164e1e
=== RUN   FuzzRlp/2b2b2a043580fae08f9e25f51cc4fa677dada8ee
=== RUN   FuzzRlp/2b66feed931e950bbcd9e7836adf89a718e1b9d5
=== RUN   FuzzRlp/2be3f98d6b0e38aa24491db62ffdb9f4537008c1
=== RUN   FuzzRlp/2cacbed6d26bdc8b17cad47760b9ff2326cb1a9b
=== RUN   FuzzRlp/2ccf7c5aa93cb8cc980eec623847937ae7ce9b53
=== RUN   FuzzRlp/2cd5433a7e8939834bb7feb1760c7c190163e298
=== RUN   FuzzRlp/2cda8e2b3bcf9091ceef615df78db7f5bccb331d
=== RUN   FuzzRlp/2dcb8815e72db5c27a69301f72467885babf0632
=== RUN   FuzzRlp/2f21a5aa413fcf55d2eb82a63ae585d68f626599
=== RUN   FuzzRlp/2f47d0a85dc2548c148d349791c416448ac012ad
=== RUN   FuzzRlp/2ffc172d1f7b6d1aa72922050f6b6b905af43da8
=== RUN   FuzzRlp/2ffce26a5a58e1303d9e81b732cf5af486e77662
=== RUN   FuzzRlp/30e9b6fbc6a1945df34a5a45692d63fe1694a103
=== RUN   FuzzRlp/30fed1a59687c37eecb7b0728cbb5c4417c33d1c
=== RUN   FuzzRlp/32050598339d91d91a9ba940c94e853526702058
=== RUN   FuzzRlp/3220a0f61c92fa37ed5187cf0da6887c60408d83
=== RUN   FuzzRlp/3223dad553107371214cec9b46136bee78d08711
=== RUN   FuzzRlp/32cb58b894aac1cb64ce89a63b4ba747a9bbb0c8
=== RUN   FuzzRlp/33283793135aff6ea11c4e5c8bf20bfe3dcba7d8
=== RUN   FuzzRlp/335e5ea950335142ac6439a06c253269a3d577c7
=== RUN   FuzzRlp/337bee6c82be2017c636cd8c3419ddc3dea95aa1
=== RUN   FuzzRlp/33a034da62bb3d07540310eecaf0e7e5ef9094a3
=== RUN   FuzzRlp/33f797cf0430230d3fdfc1e12db9d82408af7603
=== RUN   FuzzRlp/34a35067eccf5da67f96cc76df9a97fc2caeeba2
=== RUN   FuzzRlp/35517f2e1f4fd599ea63f5701b7a25fe29de4a52
=== RUN   FuzzRlp/359b256a309cb729ac7934838a0b3179c1a70206
=== RUN   FuzzRlp/36a0bdf0ec68c9667cb840c02e578876c862f350
=== RUN   FuzzRlp/36e709ae85a312205987985bae93d60cad26ad91
=== RUN   FuzzRlp/372f9eb614cba6527279993c6b48714dedde1c92
=== RUN   FuzzRlp/37815f0d32968a8b10d8c40eee5523afb00a6601
=== RUN   FuzzRlp/378a13b8818705fd4fcf6bd6fd214d7bc2c83e3f
=== RUN   FuzzRlp/37a1d75566a58e87e15929756249d795ea98e97a
=== RUN   FuzzRlp/37dcafc9b23f28aff2f1c1853ec9e0449267fbd3
=== RUN   FuzzRlp/37e9da4e9560a8e5178c527cbc62c3a6a78dd1ee
=== RUN   FuzzRlp/37fd786ae4a3a68047a7931a8db5e5974b27c30c
=== RUN   FuzzRlp/38cfbd92cb60e22d3c8f24c2d652d73fc6e7eb2d
=== RUN   FuzzRlp/399816554cc27490ca278ad5af80c94ef1772e5f
=== RUN   FuzzRlp/3b12dd3d2ab09a0a022633d68fb6910d4ad404d9
=== RUN   FuzzRlp/3b3c0749745274e77331dc4d0e185b60d37ac812
=== RUN   FuzzRlp/3b75fb9aae3cb8762b6c5ce0b396d97661bf5f3d
=== RUN   FuzzRlp/3b965409f3361452bec66ba8d86ca7036379d7bd
=== RUN   FuzzRlp/3b9c297ed4f6f622519f3c8e606c9b4e3ba78520
=== RUN   FuzzRlp/3c542663d905c2af75e4b6ddeaa15bf233df5500
=== RUN   FuzzRlp/3c8c4644013b7af76033c2d4692fe92ed6927cb0
=== RUN   FuzzRlp/3d82a15e89b0c87a48ae969a3e55078484a80121
=== RUN   FuzzRlp/3df9f1d043a314f5dadbb9efc15d2c7e09b8eed4
=== RUN   FuzzRlp/3e42e0bbfe056869cc4e99bbdb0a3679f4e9f5cf
=== RUN   FuzzRlp/3ebd94d10c4bcfd1dcd0adf6f88dbb8d0e523902
=== RUN   FuzzRlp/3f25cd360978b11edb4fe8061a6e6748b4b7fe0b
=== RUN   FuzzRlp/42291563bb53de4781f2e2cdb3a7311303dfae11
=== RUN   FuzzRlp/43986ff044d8f484c29817011599083f2b0a327b
=== RUN   FuzzRlp/455fd4afdf55e13f2b35371d85a9c781703e31ba
=== RUN   FuzzRlp/466c5c7bb5c4aca46aca88be4b34b7a5fe6ddb2d
=== RUN   FuzzRlp/4692764315ede18f589880bc1da432ca4edd1a08
=== RUN   FuzzRlp/4720c592da3daed01c2bb8ce2b5d455caf206884
=== RUN   FuzzRlp/474c49aaf2481590e5303c92cb10424aad37178b
=== RUN   FuzzRlp/476bf7df41757f8c8ceb4358daf89eb52a003400
=== RUN   FuzzRlp/47fe18bca2f48bd6a2ecad0cbfc5075efa19cb8f
=== RUN   FuzzRlp/4808a377a028a74bdb523669eceedc8b2b574802
=== RUN   FuzzRlp/485a04d13e17e6474a34150dc93d1df0c40a1e7c
=== RUN   FuzzRlp/4873421b6415384f2ec50e6e99883c7bd9e14364
=== RUN   FuzzRlp/491ddd980037f95435cc7cd81efdd604bba0902b
=== RUN   FuzzRlp/49842aa443c7cfdbf449ecba9e06c33d6a2f4e56
=== RUN   FuzzRlp/499c7400b62d2e949d6f1787ba4b39e802e5be28
=== RUN   FuzzRlp/4a035dd40876c5906729c217262178c371620355
=== RUN   FuzzRlp/4ad975ac564da8c2fb60b804a10030c2c801f4e5
=== RUN   FuzzRlp/4b214ef4fdc45ee2754654f0f8eb8e31ece41ccf
=== RUN   FuzzRlp/4b8da518077b2f98455cbd50278bccf3dcee04e3
=== RUN   FuzzRlp/4b981bbca5e00977bba94d366f882b525cfd80e8
=== RUN   FuzzRlp/4c71c56a64c46b630b20dd21a6662aee50ec82b2
=== RUN   FuzzRlp/4cebbddc0928bd09743e9347888e3dad9b83d42d
=== RUN   FuzzRlp/4d22d6309b3709fb5308562626e8d49b0403c488
=== RUN   FuzzRlp/4dce038485669342cb21a95c31eb4fd2524b1e65
=== RUN   FuzzRlp/4eb818e48f4a81ca07c1d18cb91b2036886dd5e7
=== RUN   FuzzRlp/4f9402ee1c7a2924c9b2719b57f819ab75763a3f
=== RUN   FuzzRlp/4fad27d4de108f634be56b2d6e24367f99f82c11
=== RUN   FuzzRlp/4fba637a9bed99173620294443d57f9b32c6be6a
=== RUN   FuzzRlp/50bc895d51b25f26769384fe91c1cd9e2ed92b27
=== RUN   FuzzRlp/50c1760b5c00941af55b9f368c60845bea5307da
=== RUN   FuzzRlp/50dbcd8def2c1a9f500c2b9711e8320bd552c67e
=== RUN   FuzzRlp/51c72230852536daad60c75223253b38479e93c2
=== RUN   FuzzRlp/529b9add7ae307f72b31ccd16aafccbfd1ebd8ab
=== RUN   FuzzRlp/52a95a6539616ba2ffdfde2bc53419f131fe0d27
=== RUN   FuzzRlp/5341e530c134a66a06ff836c4e3147065a392738
=== RUN   FuzzRlp/53fc45bdff8f15f39575d55647851450d554bd37
=== RUN   FuzzRlp/558b6cb96dea8fba65bfd360f0b13b224853336c
=== RUN   FuzzRlp/56040df96f8dd7a3f2a08cab3edaa34f1add6ba2
=== RUN   FuzzRlp/56206a9c09064f95ddb61417d09999ee8d3094b8
=== RUN   FuzzRlp/57ba55c4b88784f016ec82e95f05c5dc838be26d
=== RUN   FuzzRlp/58503957b39bd0b73c364d29e11bf8dce1c9cb2f
=== RUN   FuzzRlp/5860b9fcbdacb4f1e216e9d3e5ee5a3df136538a
=== RUN   FuzzRlp/5a131645618a35f03fbc8349a2f198ea3827eff3
=== RUN   FuzzRlp/5a4fcc7a002507358eb6f909515677de1800882e
=== RUN   FuzzRlp/5a5a9da8b46dff2633b7fd5a27d8740edb7a07fe
=== RUN   FuzzRlp/5b0573fd32fac6da0b622876574b59e4d1d2a980
=== RUN   FuzzRlp/5b38451fa14dc7a06418187a188ef275c4e0351d
=== RUN   FuzzRlp/5b66af017f77eecb46c15ef40847c57be9fc4961
=== RUN   FuzzRlp/5c3b76ef32a9c18c6a803c73d76d5b67d6f250e5
=== RUN   FuzzRlp/5c8705f5150c6629ebd20ad2f7bcf883621335d1
=== RUN   FuzzRlp/5d1bee388c199532c762af2b3f0c1396e8b7df83
=== RUN   FuzzRlp/5e3f1216863feb9a5f4faf8c9b1029a89eef7e41
=== RUN   FuzzRlp/5eca1c33de33c37c5b5ed418476cf014e300e6bc
=== RUN   FuzzRlp/5ed6e8760a2924703db8cf9954be172e33668949
=== RUN   FuzzRlp/5f02c061a8a17c2e6bcb5955eb4c4aaf7d4888e4
=== RUN   FuzzRlp/602ae64d9935b4984c642f4f7ac5b3aebd216fc9
=== RUN   FuzzRlp/6140b2c26d03d61614516f65131092c4a9cb7997
=== RUN   FuzzRlp/616c503c2a632b29bf62810219f8ddee89a97c18
=== RUN   FuzzRlp/61d64cc2cd66aed84061bcf9356d3f15982244f8
=== RUN   FuzzRlp/62467fb359d36c796fa96dc97ca980ac48443c7f
=== RUN   FuzzRlp/6292f90c7e08362ea191298b9b39a5e2276d9d5f
=== RUN   FuzzRlp/630628095022ba16df96327cacfcb1cece7be6ab
=== RUN   FuzzRlp/63223db17d9fb87d87b97c3ad7b9c4f8e8ec7ff2
=== RUN   FuzzRlp/63c13aefef1e6bfd8956e10a2485a2d912c539bd
=== RUN   FuzzRlp/63cbe7139f0fe4cae413072423a97d6c0fb8701a
=== RUN   FuzzRlp/6414828d1e40d27b03269611e5954073ea7c09b4
=== RUN   FuzzRlp/64c8af4c5b8d40f638ad956a225d4f21a33c2009
=== RUN   FuzzRlp/6684fda32153f01a5acde776edd21ca88e9409fc
=== RUN   FuzzRlp/6745621ceb6b6793eec1e7c0eba7b530fbc486f2
=== RUN   FuzzRlp/67d952307312f650a5aeff68b0309613782708e3
=== RUN   FuzzRlp/68c0d0d94b84cc19884007b73cc58f9aa03741aa
=== RUN   FuzzRlp/691368acfc7841513b71e6927ae2c5adeef55e94
=== RUN   FuzzRlp/6a7f2ad30b41830829560f13ba6ff771b468c566
=== RUN   FuzzRlp/6b3b311b8a53b28c634e0a429f8f3ffb1557d1a9
=== RUN   FuzzRlp/6b5c9e13e91e91555661ac51a245fd9820c6587e
=== RUN   FuzzRlp/6b87e2ae25174dd87a964346acfeca12bc06a21f
=== RUN   FuzzRlp/6c95dc0f43f47e3ff58376d406fb248168f0f044
=== RUN   FuzzRlp/6cf751afdd29a79f143e0fce7be93c6822d6a7b1
=== RUN   FuzzRlp/6d93be0a60fc531771f10420877e48477184285e
=== RUN   FuzzRlp/6f9042d9f9341b99edc12a6b42cf4f2b3ee6cb4f
=== RUN   FuzzRlp/701ebe6442e7087a6908c5d9c15608787599b755
=== RUN   FuzzRlp/7064cf7491032cdc3fed5c3435e6377ca447da9e
=== RUN   FuzzRlp/709f027728ee66f654c9c9294a12dfb6481cdb6b
=== RUN   FuzzRlp/70ae4d82f48749c0c3299db8bc0eeaff1e2ae804
=== RUN   FuzzRlp/72bba9d34724e778c2b28cb825577a691a0addf5
=== RUN   FuzzRlp/73572dd673b9ae920f9b4b5fd7a051833709e9c8
=== RUN   FuzzRlp/7402a20f7ca397bb837a9fed753ea2d15ac4754e
=== RUN   FuzzRlp/7425c0ed93d4f858e18ed6c0e23479f932f52c3b
=== RUN   FuzzRlp/74ce9ce9eef170cf64af3feb4152b3792f1b3fe4
=== RUN   FuzzRlp/74e00f80cfb1e98233f8706b4ddd3f8ae669226c
=== RUN   FuzzRlp/754b2cff2c697362f9894c9c4a370937e6ffe232
=== RUN   FuzzRlp/758c571741600c029841e99f1bc0d24a4103339c
=== RUN   FuzzRlp/75ffbced371b8253593a69ea0a52aad91bb62683
=== RUN   FuzzRlp/7913c5d566ab4aa87db597eb85c6e54d8ef94d29
=== RUN   FuzzRlp/7b1ef09457944fd5e7838168060d29ca3722443f
=== RUN   FuzzRlp/7bc78b8bc32d564ebc8112f7d93b88c4cfdfdd7f
=== RUN   FuzzRlp/7c70d1100479f3f86798546a954c6466aad361b2
=== RUN   FuzzRlp/7c78a3822b97cb1d7dc7af2bccf4b6c9faea94eb
=== RUN   FuzzRlp/7cc9b1ae014f6b5c8e3d3d299f36e07116817e9f
=== RUN   FuzzRlp/7d122e53102bc4dc08c297dc3642296f54c552ab
=== RUN   FuzzRlp/7da64f05f733e6c0fd61fa3b94c37f18b1d7e910
=== RUN   FuzzRlp/7db8f2c55b810d76b538bf3c8af84d66db3b5ee1
=== RUN   FuzzRlp/7eb500b0322a45d66c175e9ac1188a19ddb08f8c
=== RUN   FuzzRlp/7f1b304f91c5b4d2df532a2a72a2b6297e75b54d
=== RUN   FuzzRlp/7fca612846b8d70a574e170f15abbd162c0fa082
=== RUN   FuzzRlp/7fecae0be03e89b48e861cc28c5f35e80f706ce2
=== RUN   FuzzRlp/808b0a652b7835c505248809759294d534aafad5
=== RUN   FuzzRlp/80a3007ce27c93ad07a6d8ac5e8e15bf9e638ec6
=== RUN   FuzzRlp/80fdfe535ae224cddd3f5a5e11da4d34b63280e8
=== RUN   FuzzRlp/816bca3e51774cf21985f3fa15dd38344543a2f0
=== RUN   FuzzRlp/8172a032213955ace6a438972f35ffb98f356ba3
=== RUN   FuzzRlp/81af98af5f6d0626211da6f11b4b872d95c25199
=== RUN   FuzzRlp/82e53a71fa4f101d56ba1a487136f40ea7fa27f2
=== RUN   FuzzRlp/837e08d01da50064ea57f02684475a17ae533bbc
=== RUN   FuzzRlp/863268b2277e14f5a16fafbb060265b828820c54
=== RUN   FuzzRlp/86cdf420d6a9c4da603367a85540023e88015e69
=== RUN   FuzzRlp/86e5eb5d3cc5b3ee309947527f9c981697e47998
=== RUN   FuzzRlp/87231a4ddbb41bbee3f61022e81e40eed151554c
=== RUN   FuzzRlp/872a90a8104b58bd7d286971630d4a25f8a0db43
=== RUN   FuzzRlp/882d8908847f5ace950a857c5d3cd968d9427125
=== RUN   FuzzRlp/8907376e489fb69fddc6c182b4c1e5f09cb5380e
=== RUN   FuzzRlp/8a6131c88440af3212aa687a376287730d317ace
=== RUN   FuzzRlp/8a7f6981ae6f7cadc66a72ae49280d9d7d4f6212
=== RUN   FuzzRlp/8af6b4b347af6e7be655724c471b17f7f5de9e26
=== RUN   FuzzRlp/8c87c3bf457e8f6bbbd927d47f4f40e63008d16c
=== RUN   FuzzRlp/8c8ab379be25bb952fce81784aa6b71a46a9f55f
=== RUN   FuzzRlp/8cad9fff66ee63f5c17d61ac6dbdd8f942f1c5ee
=== RUN   FuzzRlp/8d528c854321ed9729e24760119550e21b9d1463
=== RUN   FuzzRlp/8d95ad6632d4823d970c67de219a62a923ce77c1
=== RUN   FuzzRlp/8f4cbcf568e886ff7a72edd369c2442d3ac71f1d
=== RUN   FuzzRlp/8f631be49fb58d730cc457c1d47331560eb7e7cf
=== RUN   FuzzRlp/8fa96b1107f8bb54fb8079186260a16b6227a147
=== RUN   FuzzRlp/8ff38c5ab63b54d4aa71320b56ca4ee95d8ad31d
=== RUN   FuzzRlp/9069ca78e7450a285173431b3e52c5c25299e473
=== RUN   FuzzRlp/90a3759778a88cef38ccb23273c82f1dc7d4ea60
=== RUN   FuzzRlp/9257c7a9af2f7891ba922f3e33367856486a694e
=== RUN   FuzzRlp/929be6bcfe62c79ed887137adaca892b33977106
=== RUN   FuzzRlp/93133df3809cd056cc191126de30666815b9fbbc
=== RUN   FuzzRlp/93fe0599aea78259cc53a6b487160fef8131441e
=== RUN   FuzzRlp/940a8c6d85fef79b55726f2840fea4bc28fc957f
=== RUN   FuzzRlp/946c702cee34f7296155da3c6aff42ff11642eab
=== RUN   FuzzRlp/94ee92e24167d525bea85eada33959873d04cbab
=== RUN   FuzzRlp/950c0eef410529cd0b7c6e75edb73f6b580493c9
=== RUN   FuzzRlp/950e1795066131a5a079f2f0d90643ba3ff29d36
=== RUN   FuzzRlp/952e8bdc760b6b761ce599721d2f4207e1006d27
=== RUN   FuzzRlp/953996ad2a433707f63d6a44ed8975b277498a70
=== RUN   FuzzRlp/95636bdd100589611c9da493fb84897f29312d4d
=== RUN   FuzzRlp/956822bbd0f5233326f6fa8f72fd6d84d590a7ca
=== RUN   FuzzRlp/9569ceb9eae1842b84e19b6d05cd23d874e9b50b
=== RUN   FuzzRlp/966bf06266888f04e8e91022f0783f38fcabd018
=== RUN   FuzzRlp/96a902cf35bde785fecbda8c2fd6c38615f1eca9
=== RUN   FuzzRlp/97907bb5ed50970c3c43149bf45fec7a1f90b45e
=== RUN   FuzzRlp/97ec7ce560e8f149d4c0353e3fb7758e10f2ca6b
=== RUN   FuzzRlp/981c6abec0c0f489245cf56180268d0a199af3cd
=== RUN   FuzzRlp/98d91d97b15fa85de108980b580bba51b7569846
=== RUN   FuzzRlp/98f8aed11e57bd69ab7fc710b99033ca045b27c1
=== RUN   FuzzRlp/9947bee7b57b55936c7c34ce03b04c4594f6b5bc
=== RUN   FuzzRlp/99c37084131577cf6d5f65132b3a436dc56ed797
=== RUN   FuzzRlp/9a00cc128e58999724a7b7749e7302a72804316a
=== RUN   FuzzRlp/9afb9370e398fc86eeed7b14392f56cbddc8d226
=== RUN   FuzzRlp/9b61df4e4618463609222771b3f74d4e38bf2cb6
=== RUN   FuzzRlp/9b880d2908797ca7442d9c5781cf6da471b9a50d
=== RUN   FuzzRlp/9b9eed6c3b26a4b260429ec6b8dfc61f0575a1ea
=== RUN   FuzzRlp/9ccaf36726be0472d042dec4b24005e7e34d0eef
=== RUN   FuzzRlp/9d6c0936625f4f3e683fc268240bd3a50fb2ce86
=== RUN   FuzzRlp/9da488b3a3a7936d882acbf7243a1ebc2af63330
=== RUN   FuzzRlp/9eb772824ee8946ca42f488cff36c51526318dc3
=== RUN   FuzzRlp/9fa7ed76560dad2d00c713d50b2db268c3b3281d
=== RUN   FuzzRlp/9faa86f9cafc1b0329b489f98d7a7b84bd01da79
=== RUN   FuzzRlp/9fb843cbc872cbfca40149b5f6debb47ece9825a
=== RUN   FuzzRlp/9fd498f67c968bfbe03b28b0d4a9e052f40981f3
=== RUN   FuzzRlp/a01c3cf2f369a1a156dfa62703153f2cdd6df5cb
=== RUN   FuzzRlp/a06ac9af0208913fd3f65a9bb5846bba033c408b
=== RUN   FuzzRlp/a10d81ad519ae5a022d97e32734e2311034ef2d3
=== RUN   FuzzRlp/a11773587188a9d579cdb64534f5fda7b4531071
=== RUN   FuzzRlp/a1e7d29cdeb8273187cd42749dc58ab1666f210b
=== RUN   FuzzRlp/a2b78b7221b002f346555aae16cc6b09b93c3892
=== RUN   FuzzRlp/a2bf49b7605778fcfc272976e33df5abb061e9a2
=== RUN   FuzzRlp/a3a9d420b6f64ab2903f5e9ad378e132c70db3d9
=== RUN   FuzzRlp/a424ecb531f2ca596c75d8b6a0eff9a9879c6c45
=== RUN   FuzzRlp/a49b0cb77fe7f699c24ce1997d9838d09de191f7
=== RUN   FuzzRlp/a4a0945d85c77eaed32785323441318ae5b6ec8f
=== RUN   FuzzRlp/a4da180dcf530a8794fbac5d4f35c98dd065e3e9
=== RUN   FuzzRlp/a642c1090640275a91ef6e13d4930b7074a94578
=== RUN   FuzzRlp/a6a3d6b0fb1906b3233dbfbaf01de8f5dce87f61
=== RUN   FuzzRlp/a84735c1c94bd100e70543b726b92778c0c86636
=== RUN   FuzzRlp/a85d9a80e99c68127fa0455638832e47bcb41596
=== RUN   FuzzRlp/a8a5e6c184b1a387508b7f8648bf3e1b14ce35e1
=== RUN   FuzzRlp/a9a9892e173e78c8fb6fe58dc703c9c8c0cc4b51
=== RUN   FuzzRlp/aa1aafc4fe5cf082fb592e65ac4f87fa44846fd0
=== RUN   FuzzRlp/aaac3b92fe50b5bbf85ca6759b1278e9f26ba117
=== RUN   FuzzRlp/aadea2ce5513f8afec3c5705f73058766193e4ab
=== RUN   FuzzRlp/aae0b3f6b1ac61a79e391e557c7ee74b0afe39fa
=== RUN   FuzzRlp/ab50727f5135d41a76878f86a4b02a1a8a408bf9
=== RUN   FuzzRlp/abbff560e60f5c539263dd082e57440d413b8185
=== RUN   FuzzRlp/ac673aee1e902a76783d1479bef44fa0cbbb4304
=== RUN   FuzzRlp/ad8c493776ae34a54e85707139f6d8fd13403ade
=== RUN   FuzzRlp/adc83b19e793491b1c6ea0fd8b46cd9f32e592fc
=== RUN   FuzzRlp/afba5f2844370cca48ca009ed9da9dcf8da3e113
=== RUN   FuzzRlp/afef0c733212162616b9dca46b4675d14d4e2de7
=== RUN   FuzzRlp/b08396d552613dc89529932657908baeb7f2473c
=== RUN   FuzzRlp/b40e68134656fe10b01e0200f5debc9882fa3bae
=== RUN   FuzzRlp/b431a1092054302f700d149b3ebccd98604283ca
=== RUN   FuzzRlp/b47124f58e1c71aba84071e26c5255d0140d842e
=== RUN   FuzzRlp/b497d26e5b1a88f924d012ff743f32ec01163d20
=== RUN   FuzzRlp/b57609ee0b1366ac5bb564da28279c5454ccc632
=== RUN   FuzzRlp/b5d28d5c39d797629cefb77d86f205ad80e8601c
=== RUN   FuzzRlp/b686a11572827c2304d536adca2f4b0096750143
=== RUN   FuzzRlp/b6acaf0748806a44a152c6eaff4d93b38fedcc79
=== RUN   FuzzRlp/b6d62720eb03a20ac3a185367a17be5acac244c1
=== RUN   FuzzRlp/b6ed8d0f256627682544320adbdf064be25e10b5
=== RUN   FuzzRlp/b74987cf409a07df8cc8386a6dceb7523f3051a2
=== RUN   FuzzRlp/b87f758d8825cd97f9f449d439cc6029105bc3d4
=== RUN   FuzzRlp/b90b720e90dd95042a27fd3e3c0466db216f169c
=== RUN   FuzzRlp/b94ef05f3728c7f72dc88c7b8eda27eb3fb0a461
=== RUN   FuzzRlp/b9688b8b3804a742f425251ee9ab032cfbc0a161
=== RUN   FuzzRlp/ba9c7829fba538e0f0d96da50ea2ab49b09197d8
=== RUN   FuzzRlp/bbed60647d4a66b74635fa5d47400c3792f6d8b2
=== RUN   FuzzRlp/bc5d42bde0d0ff3ed03b060ab5780c35adf1f248
=== RUN   FuzzRlp/bcf6652253b7ac6eb4054f61d704a5c5f97dc667
=== RUN   FuzzRlp/bcfe4eb505c8f4e201b4827bb8ebab36871195f2
=== RUN   FuzzRlp/be65002606f57adffd45f11d01f64ef4ae9a088b
=== RUN   FuzzRlp/bf2db6a9346a122a8b9f05e004bc0e0e7970972e
=== RUN   FuzzRlp/bf6e851033ba5c7733bb0202ccb0e343e979a383
=== RUN   FuzzRlp/bfad05df67f416954b24386987738881f411651d
=== RUN   FuzzRlp/c03e58ef35b3a600471de298aa40edef2b609ea6
=== RUN   FuzzRlp/c05d02105899602ab1844ac16ba7c6c6e98dbc1b
=== RUN   FuzzRlp/c0619922ee05b27a7eb2b132e005a728d53abc4f
=== RUN   FuzzRlp/c0b7709d63878dd00d094665a191e3845435740a
=== RUN   FuzzRlp/c20878a9f388812691d5e4ded58aeb8bebef61ad
=== RUN   FuzzRlp/c24e8d770c512ee99719792e0a31cbbdb7c5af51
=== RUN   FuzzRlp/c28c6a604735646475c20bced4c3521e764b4529
=== RUN   FuzzRlp/c2ab38f4b26869927c4df8b21ffb2a1d4c1dcf2a
=== RUN   FuzzRlp/c4c05532cbb6dad9266b66c522673fd39d135592
=== RUN   FuzzRlp/c58529e54acde50e54d8da905346d6ef7a9888e3
=== RUN   FuzzRlp/c59de53d7adab86004eecd82e7613641ab4faadf
=== RUN   FuzzRlp/c5def10c389dd665a2e8d5b058b59255a06c68f5
=== RUN   FuzzRlp/c60335416bdee324aae70490e82816c17f9d3eaf
=== RUN   FuzzRlp/c6f3e1d8f9867bba0152a26fcb28f9e3da387ce4
=== RUN   FuzzRlp/c71741952f64a0cf26db5b95f3f2d261f75ad31f
=== RUN   FuzzRlp/c74fa05963d61a17b1e493cefc9fd72116538c58
=== RUN   FuzzRlp/c76b94cbca452e0d3e64d3f49e56e9ec378987ce
=== RUN   FuzzRlp/c77897e9de58c348296f1dd6a1e45895de58f720
=== RUN   FuzzRlp/c9c85cd80e2b2926b8dd16500e3e3c5103513d5e
=== RUN   FuzzRlp/cbbcf063ca50d58cb1573f6b61f7bb3c81ebef01
=== RUN   FuzzRlp/cd42fe1e45e6610baf19f2d197d2caa12c2a3783
=== RUN   FuzzRlp/d381bc289e1e602fa6f058677035243fc639fb4d
=== RUN   FuzzRlp/d40df6e7dd2faf166ea270a12f7ceead5820d0b8
=== RUN   FuzzRlp/d4459ce257ece26b1a2f30d5f682a6e8d68b5300
=== RUN   FuzzRlp/d4694ca9656f6d12da16813b80f920aa4d0db200
=== RUN   FuzzRlp/d488e64c82f9367259d30987e836db20c77d32a9
=== RUN   FuzzRlp/d4a1e9b7612959dcb2315fa59f0603a43c9d05fc
=== RUN   FuzzRlp/d50395a82c97b0f7a7a914398cdad751c93cdfff
=== RUN   FuzzRlp/d51f70d0cfdf2e99308fa476fb451cf010210115
=== RUN   FuzzRlp/d660c02ed8dfe94ced7444a6005c51c0a21aca53
=== RUN   FuzzRlp/d67932811c53d34e54521e48ea97847b50e68516
=== RUN   FuzzRlp/d67e054f5458a3d5b47b2b4c687d4378ffc63bcf
=== RUN   FuzzRlp/d68f0b452bf409baf9c5615e2d8f6b5a19266905
=== RUN   FuzzRlp/d6a4792dec9511002b4a41e5c5bcd6aadd633911
=== RUN   FuzzRlp/d6fb2774c59283f99ecfd6d6a737338c7431b128
=== RUN   FuzzRlp/db8631f94524b8b77745959f8ae17e759cf7b31f
=== RUN   FuzzRlp/dc99d26438fe1f3b6f9e5eeb92fffb23d0f53a98
=== RUN   FuzzRlp/dcf9ce12ac176f2ed3c28b469a576e0fa47e5776
=== RUN   FuzzRlp/de1180c9e6bcdce34c701e70f8a647a61902c00f
=== RUN   FuzzRlp/e0bbc960e5168c274cf165327373f198ea2cda94
=== RUN   FuzzRlp/e18c5b1559de26d076515c3ffab0e699bafe5b0c
=== RUN   FuzzRlp/e18dd5da82aa5ef2d4b1febfb6b5041ced00f46e
=== RUN   FuzzRlp/e18fe552c2f0f7ce6b6c983d72f8c5ddcf1474d6
=== RUN   FuzzRlp/e1b0f07051dacd9be7d8b68a107c2f77cd4a80a9
=== RUN   FuzzRlp/e1bf256f119af86f5b916b61d6351cd20e361ef4
=== RUN   FuzzRlp/e1e27ac50ea9953a0c6df4c9d8942b81ccf33cb6
=== RUN   FuzzRlp/e1e43e18534cd19f7fafcd97880e90ce21b2e87a
=== RUN   FuzzRlp/e28f8ecd2baee51c72cd1022d80b0a54d0338308
=== RUN   FuzzRlp/e33fd57b3f36a3fa156804168faeb4dc45ebe57e
=== RUN   FuzzRlp/e3a88ffd604a1002a497f911711043f62bf3d9d9
=== RUN   FuzzRlp/e418c99b6a7c140c62c55de20ba2c22532994b43
=== RUN   FuzzRlp/e599f7743a69b82dc677c0dad3b28b29e10e2fe4
=== RUN   FuzzRlp/e745cd4134733190ba80c2918fc1a28a7a379d4a
=== RUN   FuzzRlp/e82f4881d849e1c18548b76f0a0f5ead757ed380
=== RUN   FuzzRlp/e834e9e644aef707fded29d58ce69b5f26111060
=== RUN   FuzzRlp/e8d31024d7d459d999893bfbaef476992c0896cb
=== RUN   FuzzRlp/e8eab10a879e9208d14f7963b20a560848deef80
=== RUN   FuzzRlp/e90e7629c3d52e4b1d0e950273f04a42c88bd030
=== RUN   FuzzRlp/e933522ac1b767db1419ebc98a54e58b6c88947f
=== RUN   FuzzRlp/ea54120bfbd13ced7b138b0865113b97f4e526f9
=== RUN   FuzzRlp/ebe5ffc11db1e1fdbfe0e0f5a09a053fc9c01f84
=== RUN   FuzzRlp/edd918c34c815b8e99c7dd24fd78c01bceaabc52
=== RUN   FuzzRlp/ee225f09bc798ae60e2e32b40e8993c9fedf69f4
=== RUN   FuzzRlp/ee35b357982bbb88d5afc36f5ee491f66d055eda
=== RUN   FuzzRlp/ee924da03cc7e232106bab55d3a303f322a8aa62
=== RUN   FuzzRlp/ef610f41ef9c9ac6608f2a8469f7d7fdbb7ad9e2
=== RUN   FuzzRlp/efbb4d8cc409d5ffbe5b50717ea1b9a1bc354939
=== RUN   FuzzRlp/efd5377939af5574751f472f3cd2bdc4925dee53
=== RUN   FuzzRlp/efdaf5bb1ad730a950f5313fc086c0c78611e03e
=== RUN   FuzzRlp/f0207560003acc9af2116ed39aa355ccee89076d
=== RUN   FuzzRlp/f04cceb1428547dd37e32726c8f918ecd94ffd8f
=== RUN   FuzzRlp/f184e3990e8b6e5509032640babb16d9764a787a
=== RUN   FuzzRlp/f188eb04d91a98d0ffbd266060c277cf31367920
=== RUN   FuzzRlp/f1ddcf512c6b4a9e46ab7c47445ee395757ee16b
=== RUN   FuzzRlp/f2edeb68a33f26a9355102cfc63a9a4972a6b846
=== RUN   FuzzRlp/f3550690b9589e0f8d5b05239903ca4fe31126f0
=== RUN   FuzzRlp/f576a3f9a3cb96b8352962adae7aaab399f6540a
=== RUN   FuzzRlp/f66093aa34d08297f508e2ba35707764c600d29e
=== RUN   FuzzRlp/f690c7c6327b72d6b1d138e81ea6c146ed2db10c
=== RUN   FuzzRlp/f6b88b8d1bf26e6d3ac0ce062cc417aa0d0e6ead
=== RUN   FuzzRlp/f6d9cae3145444f9a34ba30c066653b363a690fd
=== RUN   FuzzRlp/f75806976e2404feff3314eb0ec5e999c33b3ab9
=== RUN   FuzzRlp/f7af75e14b0ab1a8b330848bcf967a7f352717d6
=== RUN   FuzzRlp/f98ca1a668b952b32b2373e34212f28b714855f7
=== RUN   FuzzRlp/f9a33e418219304dda8315010ee6355f7da92ee8
=== RUN   FuzzRlp/f9f7a0f786a0dae97fcb68252ad333a81d28f0c4
=== RUN   FuzzRlp/fae18cdff64696a955f45317c50064a2cab32b33
=== RUN   FuzzRlp/fae23505bc529f3bc4e21cb4f7ff41b467a07f75
=== RUN   FuzzRlp/fb9b60a2a0accf91a6542b28825f84e2da34ef34
=== RUN   FuzzRlp/fbb1166ae1577e0132e8da1253c5e7ce9408c2c8
=== RUN   FuzzRlp/fbf1cf182ead112e4ca3da7cf2a6bd86468b5311
=== RUN   FuzzRlp/fc2cd4c3848904037206150f00d83de59f3bda50
=== RUN   FuzzRlp/fcd901aeff02aecc1d8b4907a003dcc95be226bb
=== RUN   FuzzRlp/fcfb0ccd6279765c8b92d37e3ef9e297719bbafb
=== RUN   FuzzRlp/fd63bf59f394c5a70c51cefb6357a11e27ad3a33
=== RUN   FuzzRlp/fe48576adcb0098bae2e9afa57378e9bd260cc47
--- PASS: FuzzRlp (0.03s)
    --- PASS: FuzzRlp/00058b84748708908942c195599bd20b60a0877c (0.00s)
    --- PASS: FuzzRlp/0193cdc0ba5bbcbfd5e1658bff5feefed54c3986 (0.00s)
    --- PASS: FuzzRlp/0198240eb40a3ea028f1f44efab847502785c01c (0.00s)
    --- PASS: FuzzRlp/028dd0af6a7ce6f49133cec94af6d5fccdc3647c (0.00s)
    --- PASS: FuzzRlp/0299ccbb506ded5c4b1b7a08b3718e8179444395 (0.00s)
    --- PASS: FuzzRlp/02b3d434b88bf4317c939a19039c1d9b9c3d28ef (0.00s)
    --- PASS: FuzzRlp/044127546a0eb67b2fbdd47b53bba36b35d7f6f9 (0.00s)
    --- PASS: FuzzRlp/0534056d2fe1d95a718463d3ddcdbaef17ced26b (0.00s)
    --- PASS: FuzzRlp/05b008642eb1099405929fe4b22c0524b3770d8c (0.00s)
    --- PASS: FuzzRlp/062fc5cadf903cde5042276cebbf4912e7e29d9f (0.00s)
    --- PASS: FuzzRlp/0671490a31e541e25cfcfc8caf3ff972168ed548 (0.00s)
    --- PASS: FuzzRlp/06937759788377c1b9254e86ae42d66916a8bb90 (0.00s)
    --- PASS: FuzzRlp/06961f4bc3294a36eab3a82054e304712b2c88f3 (0.00s)
    --- PASS: FuzzRlp/07187facbf4b908c0bb7d280381b1a7fcf307074 (0.00s)
    --- PASS: FuzzRlp/07f787e6fec0751af7f2d4885c0255c5855c3446 (0.00s)
    --- PASS: FuzzRlp/080ff98fd1163cb1c6fd6af67a31a485fa63fb0a (0.00s)
    --- PASS: FuzzRlp/08200c5a6e87479fac3d59ccd1b3dc0adc5e650d (0.00s)
    --- PASS: FuzzRlp/09409e093846d4e66a008ab0d24d54c08cf722e3 (0.00s)
    --- PASS: FuzzRlp/0a1c2567b213f7f9b7e295220295b80a6f96f3c7 (0.00s)
    --- PASS: FuzzRlp/0ac10fff10175880c90be3c0746c562b51c1e4d7 (0.00s)
    --- PASS: FuzzRlp/0acc3bfae3d67f27d6dbe36c0d2723d67341b35a (0.00s)
    --- PASS: FuzzRlp/0cbe67f43df30fb3f33a868a34ea89496a7e2a06 (0.00s)
    --- PASS: FuzzRlp/0d06cef831c8d65db2299f6c1dd8f26200646ab5 (0.00s)
    --- PASS: FuzzRlp/0d1d264b5169527f7ddaeeb0bf9c97901a56c2a4 (0.00s)
    --- PASS: FuzzRlp/0d40dce99e10a04916b2af8d22b2cb61badf2085 (0.00s)
    --- PASS: FuzzRlp/0dc72e0fa74cac6498d0f0ff5f98ff825b3fcb73 (0.00s)
    --- PASS: FuzzRlp/0de5991e5fe5933937eb9de624880e9a857da40b (0.00s)
    --- PASS: FuzzRlp/0e763f83296cd044a5fc97b277e9d807a2ef005d (0.00s)
    --- PASS: FuzzRlp/0f3349dfe177df28ed1b106859612fe5aa4d0127 (0.00s)
    --- PASS: FuzzRlp/0ffdeda8e9c7b331ef628d21602ca21c7da2c7ea (0.00s)
    --- PASS: FuzzRlp/115758c21623c5cb3554afc261436195c3449711 (0.00s)
    --- PASS: FuzzRlp/11d2bdf035b43157c45401f8b342c0c50af579ab (0.00s)
    --- PASS: FuzzRlp/11dc2488aff2ae50a70baaedb012574ff5c90a2f (0.00s)
    --- PASS: FuzzRlp/12841574f70c38baf7805958db6c45d2c7464d30 (0.00s)
    --- PASS: FuzzRlp/14ad863858b02eddf0b6f9394c3106f5befaf65b (0.00s)
    --- PASS: FuzzRlp/156e48e64115038c1e2758e9086e8c1267931648 (0.00s)
    --- PASS: FuzzRlp/15c98111b4e2671415a068d038fe5c03abd1350b (0.00s)
    --- PASS: FuzzRlp/170d8533dad98634383a87e639e05958bbf2e57f (0.00s)
    --- PASS: FuzzRlp/176f7e231f8dd496525cfa5e03774ba8dc68238f (0.00s)
    --- PASS: FuzzRlp/17e33132b2b089c7f84de75220f144be908f7f0f (0.00s)
    --- PASS: FuzzRlp/1834243fcbf2e983c9e50946e4ab46622d256ec8 (0.00s)
    --- PASS: FuzzRlp/1854dde2c8079c63d008361e908e8b8c8992579e (0.00s)
    --- PASS: FuzzRlp/18e2783d9cf7a99f02e7ed802f65b4369fc02dbb (0.00s)
    --- PASS: FuzzRlp/1a1d9001e414b323c66d62404b45cdbbdf7ea236 (0.00s)
    --- PASS: FuzzRlp/1a853c5378540e79463f0be97d8eefde89a9d0b8 (0.00s)
    --- PASS: FuzzRlp/1aa99c7e675ea00078c36678b175a0ab627f904c (0.00s)
    --- PASS: FuzzRlp/1abda6c4689d5b1e3a1a211ade32b037c188be29 (0.00s)
    --- PASS: FuzzRlp/1b5c6f3a91e15afdedaddfc2a409db3c011b51c5 (0.00s)
    --- PASS: FuzzRlp/1c30d394e74e9a88275ab15725a6ecfb7bc5a022 (0.00s)
    --- PASS: FuzzRlp/1c9d76a270378f98e3aace9d12924a485cd115f4 (0.00s)
    --- PASS: FuzzRlp/1d13a08007271c1674745f317d10e967abd08b34 (0.00s)
    --- PASS: FuzzRlp/1d542a114942de5bec7fe7f8ed5838b8f2e03a09 (0.00s)
    --- PASS: FuzzRlp/1dd3a319272f9d40a23672b363c1937c3eba7441 (0.00s)
    --- PASS: FuzzRlp/1e5beaace8183f58008d78eb09983396103875e4 (0.00s)
    --- PASS: FuzzRlp/1f43ae9032fc774f0f6a90fa4bfb866ba7530383 (0.00s)
    --- PASS: FuzzRlp/1fb6d1721a5f6367b12c34a3893fb361fd267f1d (0.00s)
    --- PASS: FuzzRlp/1fda0c125ba2698d3bce12a99506263bd749aee7 (0.00s)
    --- PASS: FuzzRlp/201581aa50cde7618f37d355364076b937f0c175 (0.00s)
    --- PASS: FuzzRlp/202636afa9da2b7fef903bc3ce105a6aae335013 (0.00s)
    --- PASS: FuzzRlp/2080199518da2b48992a4e24220fd922360b0cfb (0.00s)
    --- PASS: FuzzRlp/209a74d56dc767c1e66f3e5e189684d3d83a1b83 (0.00s)
    --- PASS: FuzzRlp/213f19ddd4962520631b19d30c697477b6636168 (0.00s)
    --- PASS: FuzzRlp/21780fce6680739bbde99db3f2e317c47120e35d (0.00s)
    --- PASS: FuzzRlp/21e5cfd14914c4922d5dbc9269637170f5d040c0 (0.00s)
    --- PASS: FuzzRlp/21fc6e711a19f0643a4b0af30e627dc63c9b91fc (0.00s)
    --- PASS: FuzzRlp/231b54ce1e6419127ec34ae78f181ea940c479f2 (0.00s)
    --- PASS: FuzzRlp/236faed230346ec11cc0ccf02896d4f01ddaf153 (0.00s)
    --- PASS: FuzzRlp/2383e493b42c709dbfe6f60dc3a022fa597658f1 (0.00s)
    --- PASS: FuzzRlp/23decf18879ed082bbb1d8db16a864397bd65442 (0.00s)
    --- PASS: FuzzRlp/24b33ae2b1e84e397247ab28d5dfbf66f66059ee (0.00s)
    --- PASS: FuzzRlp/24cceb81e02c202e7783679a9c85f3af7cd1119d (0.00s)
    --- PASS: FuzzRlp/24f1bae1ec5e8a910321cba574dd3d35085b6408 (0.00s)
    --- PASS: FuzzRlp/2543b905d1036837adf7571e2300c67a2dcd3ae4 (0.00s)
    --- PASS: FuzzRlp/259fca0fa80774055dca46d256fe0ce4f37c6b50 (0.00s)
    --- PASS: FuzzRlp/25eeaff42f6ee6ebac55edecee7744d7e8ce94f6 (0.00s)
    --- PASS: FuzzRlp/2661531248cfb9d2e2362d8fa08bdaf761486483 (0.00s)
    --- PASS: FuzzRlp/26b3e64c3ae1e1beab1b5be8806bb6d0d3a9d531 (0.00s)
    --- PASS: FuzzRlp/26f9eeeba1aba71327e1d33a9152a4e95f696840 (0.00s)
    --- PASS: FuzzRlp/271b4752786d6eb44a2901ccf87983fcdd6026cb (0.00s)
    --- PASS: FuzzRlp/29159e8f6f417b2638df9dd1ebcc189053c640f8 (0.00s)
    --- PASS: FuzzRlp/295c04b279c5358afd243a3f0eb688e4f4424370 (0.00s)
    --- PASS: FuzzRlp/2a23ffb1efe80ce6997085fc7fef780f7882ee64 (0.00s)
    --- PASS: FuzzRlp/2a32e97b6391811714f13b85d870d4a7a562c276 (0.00s)
    --- PASS: FuzzRlp/2b2067b3490e0c24f7ee532d05f1a2b6fe164e1e (0.00s)
    --- PASS: FuzzRlp/2b2b2a043580fae08f9e25f51cc4fa677dada8ee (0.00s)
    --- PASS: FuzzRlp/2b66feed931e950bbcd9e7836adf89a718e1b9d5 (0.00s)
    --- PASS: FuzzRlp/2be3f98d6b0e38aa24491db62ffdb9f4537008c1 (0.00s)
    --- PASS: FuzzRlp/2cacbed6d26bdc8b17cad47760b9ff2326cb1a9b (0.00s)
    --- PASS: FuzzRlp/2ccf7c5aa93cb8cc980eec623847937ae7ce9b53 (0.00s)
    --- PASS: FuzzRlp/2cd5433a7e8939834bb7feb1760c7c190163e298 (0.00s)
    --- PASS: FuzzRlp/2cda8e2b3bcf9091ceef615df78db7f5bccb331d (0.00s)
    --- PASS: FuzzRlp/2dcb8815e72db5c27a69301f72467885babf0632 (0.00s)
    --- PASS: FuzzRlp/2f21a5aa413fcf55d2eb82a63ae585d68f626599 (0.00s)
    --- PASS: FuzzRlp/2f47d0a85dc2548c148d349791c416448ac012ad (0.00s)
    --- PASS: FuzzRlp/2ffc172d1f7b6d1aa72922050f6b6b905af43da8 (0.00s)
    --- PASS: FuzzRlp/2ffce26a5a58e1303d9e81b732cf5af486e77662 (0.00s)
    --- PASS: FuzzRlp/30e9b6fbc6a1945df34a5a45692d63fe1694a103 (0.00s)
    --- PASS: FuzzRlp/30fed1a59687c37eecb7b0728cbb5c4417c33d1c (0.00s)
    --- PASS: FuzzRlp/32050598339d91d91a9ba940c94e853526702058 (0.00s)
    --- PASS: FuzzRlp/3220a0f61c92fa37ed5187cf0da6887c60408d83 (0.00s)
    --- PASS: FuzzRlp/3223dad553107371214cec9b46136bee78d08711 (0.00s)
    --- PASS: FuzzRlp/32cb58b894aac1cb64ce89a63b4ba747a9bbb0c8 (0.00s)
    --- PASS: FuzzRlp/33283793135aff6ea11c4e5c8bf20bfe3dcba7d8 (0.00s)
    --- PASS: FuzzRlp/335e5ea950335142ac6439a06c253269a3d577c7 (0.00s)
    --- PASS: FuzzRlp/337bee6c82be2017c636cd8c3419ddc3dea95aa1 (0.00s)
    --- PASS: FuzzRlp/33a034da62bb3d07540310eecaf0e7e5ef9094a3 (0.00s)
    --- PASS: FuzzRlp/33f797cf0430230d3fdfc1e12db9d82408af7603 (0.00s)
    --- PASS: FuzzRlp/34a35067eccf5da67f96cc76df9a97fc2caeeba2 (0.00s)
    --- PASS: FuzzRlp/35517f2e1f4fd599ea63f5701b7a25fe29de4a52 (0.00s)
    --- PASS: FuzzRlp/359b256a309cb729ac7934838a0b3179c1a70206 (0.00s)
    --- PASS: FuzzRlp/36a0bdf0ec68c9667cb840c02e578876c862f350 (0.00s)
    --- PASS: FuzzRlp/36e709ae85a312205987985bae93d60cad26ad91 (0.00s)
    --- PASS: FuzzRlp/372f9eb614cba6527279993c6b48714dedde1c92 (0.00s)
    --- PASS: FuzzRlp/37815f0d32968a8b10d8c40eee5523afb00a6601 (0.00s)
    --- PASS: FuzzRlp/378a13b8818705fd4fcf6bd6fd214d7bc2c83e3f (0.00s)
    --- PASS: FuzzRlp/37a1d75566a58e87e15929756249d795ea98e97a (0.00s)
    --- PASS: FuzzRlp/37dcafc9b23f28aff2f1c1853ec9e0449267fbd3 (0.00s)
    --- PASS: FuzzRlp/37e9da4e9560a8e5178c527cbc62c3a6a78dd1ee (0.00s)
    --- PASS: FuzzRlp/37fd786ae4a3a68047a7931a8db5e5974b27c30c (0.00s)
    --- PASS: FuzzRlp/38cfbd92cb60e22d3c8f24c2d652d73fc6e7eb2d (0.00s)
    --- PASS: FuzzRlp/399816554cc27490ca278ad5af80c94ef1772e5f (0.00s)
    --- PASS: FuzzRlp/3b12dd3d2ab09a0a022633d68fb6910d4ad404d9 (0.00s)
    --- PASS: FuzzRlp/3b3c0749745274e77331dc4d0e185b60d37ac812 (0.00s)
    --- PASS: FuzzRlp/3b75fb9aae3cb8762b6c5ce0b396d97661bf5f3d (0.00s)
    --- PASS: FuzzRlp/3b965409f3361452bec66ba8d86ca7036379d7bd (0.00s)
    --- PASS: FuzzRlp/3b9c297ed4f6f622519f3c8e606c9b4e3ba78520 (0.00s)
    --- PASS: FuzzRlp/3c542663d905c2af75e4b6ddeaa15bf233df5500 (0.00s)
    --- PASS: FuzzRlp/3c8c4644013b7af76033c2d4692fe92ed6927cb0 (0.00s)
    --- PASS: FuzzRlp/3d82a15e89b0c87a48ae969a3e55078484a80121 (0.00s)
    --- PASS: FuzzRlp/3df9f1d043a314f5dadbb9efc15d2c7e09b8eed4 (0.00s)
    --- PASS: FuzzRlp/3e42e0bbfe056869cc4e99bbdb0a3679f4e9f5cf (0.00s)
    --- PASS: FuzzRlp/3ebd94d10c4bcfd1dcd0adf6f88dbb8d0e523902 (0.00s)
    --- PASS: FuzzRlp/3f25cd360978b11edb4fe8061a6e6748b4b7fe0b (0.00s)
    --- PASS: FuzzRlp/42291563bb53de4781f2e2cdb3a7311303dfae11 (0.00s)
    --- PASS: FuzzRlp/43986ff044d8f484c29817011599083f2b0a327b (0.00s)
    --- PASS: FuzzRlp/455fd4afdf55e13f2b35371d85a9c781703e31ba (0.00s)
    --- PASS: FuzzRlp/466c5c7bb5c4aca46aca88be4b34b7a5fe6ddb2d (0.00s)
    --- PASS: FuzzRlp/4692764315ede18f589880bc1da432ca4edd1a08 (0.00s)
    --- PASS: FuzzRlp/4720c592da3daed01c2bb8ce2b5d455caf206884 (0.00s)
    --- PASS: FuzzRlp/474c49aaf2481590e5303c92cb10424aad37178b (0.00s)
    --- PASS: FuzzRlp/476bf7df41757f8c8ceb4358daf89eb52a003400 (0.00s)
    --- PASS: FuzzRlp/47fe18bca2f48bd6a2ecad0cbfc5075efa19cb8f (0.00s)
    --- PASS: FuzzRlp/4808a377a028a74bdb523669eceedc8b2b574802 (0.00s)
    --- PASS: FuzzRlp/485a04d13e17e6474a34150dc93d1df0c40a1e7c (0.00s)
    --- PASS: FuzzRlp/4873421b6415384f2ec50e6e99883c7bd9e14364 (0.00s)
    --- PASS: FuzzRlp/491ddd980037f95435cc7cd81efdd604bba0902b (0.00s)
    --- PASS: FuzzRlp/49842aa443c7cfdbf449ecba9e06c33d6a2f4e56 (0.00s)
    --- PASS: FuzzRlp/499c7400b62d2e949d6f1787ba4b39e802e5be28 (0.00s)
    --- PASS: FuzzRlp/4a035dd40876c5906729c217262178c371620355 (0.00s)
    --- PASS: FuzzRlp/4ad975ac564da8c2fb60b804a10030c2c801f4e5 (0.00s)
    --- PASS: FuzzRlp/4b214ef4fdc45ee2754654f0f8eb8e31ece41ccf (0.00s)
    --- PASS: FuzzRlp/4b8da518077b2f98455cbd50278bccf3dcee04e3 (0.00s)
    --- PASS: FuzzRlp/4b981bbca5e00977bba94d366f882b525cfd80e8 (0.00s)
    --- PASS: FuzzRlp/4c71c56a64c46b630b20dd21a6662aee50ec82b2 (0.00s)
    --- PASS: FuzzRlp/4cebbddc0928bd09743e9347888e3dad9b83d42d (0.00s)
    --- PASS: FuzzRlp/4d22d6309b3709fb5308562626e8d49b0403c488 (0.00s)
    --- PASS: FuzzRlp/4dce038485669342cb21a95c31eb4fd2524b1e65 (0.00s)
    --- PASS: FuzzRlp/4eb818e48f4a81ca07c1d18cb91b2036886dd5e7 (0.00s)
    --- PASS: FuzzRlp/4f9402ee1c7a2924c9b2719b57f819ab75763a3f (0.00s)
    --- PASS: FuzzRlp/4fad27d4de108f634be56b2d6e24367f99f82c11 (0.00s)
    --- PASS: FuzzRlp/4fba637a9bed99173620294443d57f9b32c6be6a (0.00s)
    --- PASS: FuzzRlp/50bc895d51b25f26769384fe91c1cd9e2ed92b27 (0.00s)
    --- PASS: FuzzRlp/50c1760b5c00941af55b9f368c60845bea5307da (0.00s)
    --- PASS: FuzzRlp/50dbcd8def2c1a9f500c2b9711e8320bd552c67e (0.00s)
    --- PASS: FuzzRlp/51c72230852536daad60c75223253b38479e93c2 (0.00s)
    --- PASS: FuzzRlp/529b9add7ae307f72b31ccd16aafccbfd1ebd8ab (0.00s)
    --- PASS: FuzzRlp/52a95a6539616ba2ffdfde2bc53419f131fe0d27 (0.00s)
    --- PASS: FuzzRlp/5341e530c134a66a06ff836c4e3147065a392738 (0.00s)
    --- PASS: FuzzRlp/53fc45bdff8f15f39575d55647851450d554bd37 (0.00s)
    --- PASS: FuzzRlp/558b6cb96dea8fba65bfd360f0b13b224853336c (0.00s)
    --- PASS: FuzzRlp/56040df96f8dd7a3f2a08cab3edaa34f1add6ba2 (0.00s)
    --- PASS: FuzzRlp/56206a9c09064f95ddb61417d09999ee8d3094b8 (0.00s)
    --- PASS: FuzzRlp/57ba55c4b88784f016ec82e95f05c5dc838be26d (0.00s)
    --- PASS: FuzzRlp/58503957b39bd0b73c364d29e11bf8dce1c9cb2f (0.00s)
    --- PASS: FuzzRlp/5860b9fcbdacb4f1e216e9d3e5ee5a3df136538a (0.00s)
    --- PASS: FuzzRlp/5a131645618a35f03fbc8349a2f198ea3827eff3 (0.00s)
    --- PASS: FuzzRlp/5a4fcc7a002507358eb6f909515677de1800882e (0.00s)
    --- PASS: FuzzRlp/5a5a9da8b46dff2633b7fd5a27d8740edb7a07fe (0.00s)
    --- PASS: FuzzRlp/5b0573fd32fac6da0b622876574b59e4d1d2a980 (0.00s)
    --- PASS: FuzzRlp/5b38451fa14dc7a06418187a188ef275c4e0351d (0.00s)
    --- PASS: FuzzRlp/5b66af017f77eecb46c15ef40847c57be9fc4961 (0.00s)
    --- PASS: FuzzRlp/5c3b76ef32a9c18c6a803c73d76d5b67d6f250e5 (0.00s)
    --- PASS: FuzzRlp/5c8705f5150c6629ebd20ad2f7bcf883621335d1 (0.00s)
    --- PASS: FuzzRlp/5d1bee388c199532c762af2b3f0c1396e8b7df83 (0.00s)
    --- PASS: FuzzRlp/5e3f1216863feb9a5f4faf8c9b1029a89eef7e41 (0.00s)
    --- PASS: FuzzRlp/5eca1c33de33c37c5b5ed418476cf014e300e6bc (0.00s)
    --- PASS: FuzzRlp/5ed6e8760a2924703db8cf9954be172e33668949 (0.00s)
    --- PASS: FuzzRlp/5f02c061a8a17c2e6bcb5955eb4c4aaf7d4888e4 (0.00s)
    --- PASS: FuzzRlp/602ae64d9935b4984c642f4f7ac5b3aebd216fc9 (0.00s)
    --- PASS: FuzzRlp/6140b2c26d03d61614516f65131092c4a9cb7997 (0.00s)
    --- PASS: FuzzRlp/616c503c2a632b29bf62810219f8ddee89a97c18 (0.00s)
    --- PASS: FuzzRlp/61d64cc2cd66aed84061bcf9356d3f15982244f8 (0.00s)
    --- PASS: FuzzRlp/62467fb359d36c796fa96dc97ca980ac48443c7f (0.00s)
    --- PASS: FuzzRlp/6292f90c7e08362ea191298b9b39a5e2276d9d5f (0.00s)
    --- PASS: FuzzRlp/630628095022ba16df96327cacfcb1cece7be6ab (0.00s)
    --- PASS: FuzzRlp/63223db17d9fb87d87b97c3ad7b9c4f8e8ec7ff2 (0.00s)
    --- PASS: FuzzRlp/63c13aefef1e6bfd8956e10a2485a2d912c539bd (0.00s)
    --- PASS: FuzzRlp/63cbe7139f0fe4cae413072423a97d6c0fb8701a (0.00s)
    --- PASS: FuzzRlp/6414828d1e40d27b03269611e5954073ea7c09b4 (0.00s)
    --- PASS: FuzzRlp/64c8af4c5b8d40f638ad956a225d4f21a33c2009 (0.00s)
    --- PASS: FuzzRlp/6684fda32153f01a5acde776edd21ca88e9409fc (0.00s)
    --- PASS: FuzzRlp/6745621ceb6b6793eec1e7c0eba7b530fbc486f2 (0.00s)
    --- PASS: FuzzRlp/67d952307312f650a5aeff68b0309613782708e3 (0.00s)
    --- PASS: FuzzRlp/68c0d0d94b84cc19884007b73cc58f9aa03741aa (0.00s)
    --- PASS: FuzzRlp/691368acfc7841513b71e6927ae2c5adeef55e94 (0.00s)
    --- PASS: FuzzRlp/6a7f2ad30b41830829560f13ba6ff771b468c566 (0.00s)
    --- PASS: FuzzRlp/6b3b311b8a53b28c634e0a429f8f3ffb1557d1a9 (0.00s)
    --- PASS: FuzzRlp/6b5c9e13e91e91555661ac51a245fd9820c6587e (0.00s)
    --- PASS: FuzzRlp/6b87e2ae25174dd87a964346acfeca12bc06a21f (0.00s)
    --- PASS: FuzzRlp/6c95dc0f43f47e3ff58376d406fb248168f0f044 (0.00s)
    --- PASS: FuzzRlp/6cf751afdd29a79f143e0fce7be93c6822d6a7b1 (0.00s)
    --- PASS: FuzzRlp/6d93be0a60fc531771f10420877e48477184285e (0.00s)
    --- PASS: FuzzRlp/6f9042d9f9341b99edc12a6b42cf4f2b3ee6cb4f (0.00s)
    --- PASS: FuzzRlp/701ebe6442e7087a6908c5d9c15608787599b755 (0.00s)
    --- PASS: FuzzRlp/7064cf7491032cdc3fed5c3435e6377ca447da9e (0.00s)
    --- PASS: FuzzRlp/709f027728ee66f654c9c9294a12dfb6481cdb6b (0.00s)
    --- PASS: FuzzRlp/70ae4d82f48749c0c3299db8bc0eeaff1e2ae804 (0.00s)
    --- PASS: FuzzRlp/72bba9d34724e778c2b28cb825577a691a0addf5 (0.00s)
    --- PASS: FuzzRlp/73572dd673b9ae920f9b4b5fd7a051833709e9c8 (0.00s)
    --- PASS: FuzzRlp/7402a20f7ca397bb837a9fed753ea2d15ac4754e (0.00s)
    --- PASS: FuzzRlp/7425c0ed93d4f858e18ed6c0e23479f932f52c3b (0.00s)
    --- PASS: FuzzRlp/74ce9ce9eef170cf64af3feb4152b3792f1b3fe4 (0.00s)
    --- PASS: FuzzRlp/74e00f80cfb1e98233f8706b4ddd3f8ae669226c (0.00s)
    --- PASS: FuzzRlp/754b2cff2c697362f9894c9c4a370937e6ffe232 (0.00s)
    --- PASS: FuzzRlp/758c571741600c029841e99f1bc0d24a4103339c (0.00s)
    --- PASS: FuzzRlp/75ffbced371b8253593a69ea0a52aad91bb62683 (0.00s)
    --- PASS: FuzzRlp/7913c5d566ab4aa87db597eb85c6e54d8ef94d29 (0.00s)
    --- PASS: FuzzRlp/7b1ef09457944fd5e7838168060d29ca3722443f (0.00s)
    --- PASS: FuzzRlp/7bc78b8bc32d564ebc8112f7d93b88c4cfdfdd7f (0.00s)
    --- PASS: FuzzRlp/7c70d1100479f3f86798546a954c6466aad361b2 (0.00s)
    --- PASS: FuzzRlp/7c78a3822b97cb1d7dc7af2bccf4b6c9faea94eb (0.00s)
    --- PASS: FuzzRlp/7cc9b1ae014f6b5c8e3d3d299f36e07116817e9f (0.00s)
    --- PASS: FuzzRlp/7d122e53102bc4dc08c297dc3642296f54c552ab (0.00s)
    --- PASS: FuzzRlp/7da64f05f733e6c0fd61fa3b94c37f18b1d7e910 (0.00s)
    --- PASS: FuzzRlp/7db8f2c55b810d76b538bf3c8af84d66db3b5ee1 (0.00s)
    --- PASS: FuzzRlp/7eb500b0322a45d66c175e9ac1188a19ddb08f8c (0.00s)
    --- PASS: FuzzRlp/7f1b304f91c5b4d2df532a2a72a2b6297e75b54d (0.00s)
    --- PASS: FuzzRlp/7fca612846b8d70a574e170f15abbd162c0fa082 (0.00s)
    --- PASS: FuzzRlp/7fecae0be03e89b48e861cc28c5f35e80f706ce2 (0.00s)
    --- PASS: FuzzRlp/808b0a652b7835c505248809759294d534aafad5 (0.00s)
    --- PASS: FuzzRlp/80a3007ce27c93ad07a6d8ac5e8e15bf9e638ec6 (0.00s)
    --- PASS: FuzzRlp/80fdfe535ae224cddd3f5a5e11da4d34b63280e8 (0.00s)
    --- PASS: FuzzRlp/816bca3e51774cf21985f3fa15dd38344543a2f0 (0.00s)
    --- PASS: FuzzRlp/8172a032213955ace6a438972f35ffb98f356ba3 (0.00s)
    --- PASS: FuzzRlp/81af98af5f6d0626211da6f11b4b872d95c25199 (0.00s)
    --- PASS: FuzzRlp/82e53a71fa4f101d56ba1a487136f40ea7fa27f2 (0.00s)
    --- PASS: FuzzRlp/837e08d01da50064ea57f02684475a17ae533bbc (0.00s)
    --- PASS: FuzzRlp/863268b2277e14f5a16fafbb060265b828820c54 (0.00s)
    --- PASS: FuzzRlp/86cdf420d6a9c4da603367a85540023e88015e69 (0.00s)
    --- PASS: FuzzRlp/86e5eb5d3cc5b3ee309947527f9c981697e47998 (0.00s)
    --- PASS: FuzzRlp/87231a4ddbb41bbee3f61022e81e40eed151554c (0.00s)
    --- PASS: FuzzRlp/872a90a8104b58bd7d286971630d4a25f8a0db43 (0.00s)
    --- PASS: FuzzRlp/882d8908847f5ace950a857c5d3cd968d9427125 (0.00s)
    --- PASS: FuzzRlp/8907376e489fb69fddc6c182b4c1e5f09cb5380e (0.00s)
    --- PASS: FuzzRlp/8a6131c88440af3212aa687a376287730d317ace (0.00s)
    --- PASS: FuzzRlp/8a7f6981ae6f7cadc66a72ae49280d9d7d4f6212 (0.00s)
    --- PASS: FuzzRlp/8af6b4b347af6e7be655724c471b17f7f5de9e26 (0.00s)
    --- PASS: FuzzRlp/8c87c3bf457e8f6bbbd927d47f4f40e63008d16c (0.00s)
    --- PASS: FuzzRlp/8c8ab379be25bb952fce81784aa6b71a46a9f55f (0.00s)
    --- PASS: FuzzRlp/8cad9fff66ee63f5c17d61ac6dbdd8f942f1c5ee (0.00s)
    --- PASS: FuzzRlp/8d528c854321ed9729e24760119550e21b9d1463 (0.00s)
    --- PASS: FuzzRlp/8d95ad6632d4823d970c67de219a62a923ce77c1 (0.00s)
    --- PASS: FuzzRlp/8f4cbcf568e886ff7a72edd369c2442d3ac71f1d (0.00s)
    --- PASS: FuzzRlp/8f631be49fb58d730cc457c1d47331560eb7e7cf (0.00s)
    --- PASS: FuzzRlp/8fa96b1107f8bb54fb8079186260a16b6227a147 (0.00s)
    --- PASS: FuzzRlp/8ff38c5ab63b54d4aa71320b56ca4ee95d8ad31d (0.00s)
    --- PASS: FuzzRlp/9069ca78e7450a285173431b3e52c5c25299e473 (0.00s)
    --- PASS: FuzzRlp/90a3759778a88cef38ccb23273c82f1dc7d4ea60 (0.00s)
    --- PASS: FuzzRlp/9257c7a9af2f7891ba922f3e33367856486a694e (0.00s)
    --- PASS: FuzzRlp/929be6bcfe62c79ed887137adaca892b33977106 (0.00s)
    --- PASS: FuzzRlp/93133df3809cd056cc191126de30666815b9fbbc (0.00s)
    --- PASS: FuzzRlp/93fe0599aea78259cc53a6b487160fef8131441e (0.00s)
    --- PASS: FuzzRlp/940a8c6d85fef79b55726f2840fea4bc28fc957f (0.00s)
    --- PASS: FuzzRlp/946c702cee34f7296155da3c6aff42ff11642eab (0.00s)
    --- PASS: FuzzRlp/94ee92e24167d525bea85eada33959873d04cbab (0.00s)
    --- PASS: FuzzRlp/950c0eef410529cd0b7c6e75edb73f6b580493c9 (0.00s)
    --- PASS: FuzzRlp/950e1795066131a5a079f2f0d90643ba3ff29d36 (0.00s)
    --- PASS: FuzzRlp/952e8bdc760b6b761ce599721d2f4207e1006d27 (0.00s)
    --- PASS: FuzzRlp/953996ad2a433707f63d6a44ed8975b277498a70 (0.00s)
    --- PASS: FuzzRlp/95636bdd100589611c9da493fb84897f29312d4d (0.00s)
    --- PASS: FuzzRlp/956822bbd0f5233326f6fa8f72fd6d84d590a7ca (0.00s)
    --- PASS: FuzzRlp/9569ceb9eae1842b84e19b6d05cd23d874e9b50b (0.00s)
    --- PASS: FuzzRlp/966bf06266888f04e8e91022f0783f38fcabd018 (0.00s)
    --- PASS: FuzzRlp/96a902cf35bde785fecbda8c2fd6c38615f1eca9 (0.00s)
    --- PASS: FuzzRlp/97907bb5ed50970c3c43149bf45fec7a1f90b45e (0.00s)
    --- PASS: FuzzRlp/97ec7ce560e8f149d4c0353e3fb7758e10f2ca6b (0.00s)
    --- PASS: FuzzRlp/981c6abec0c0f489245cf56180268d0a199af3cd (0.00s)
    --- PASS: FuzzRlp/98d91d97b15fa85de108980b580bba51b7569846 (0.00s)
    --- PASS: FuzzRlp/98f8aed11e57bd69ab7fc710b99033ca045b27c1 (0.00s)
    --- PASS: FuzzRlp/9947bee7b57b55936c7c34ce03b04c4594f6b5bc (0.00s)
    --- PASS: FuzzRlp/99c37084131577cf6d5f65132b3a436dc56ed797 (0.00s)
    --- PASS: FuzzRlp/9a00cc128e58999724a7b7749e7302a72804316a (0.00s)
    --- PASS: FuzzRlp/9afb9370e398fc86eeed7b14392f56cbddc8d226 (0.00s)
    --- PASS: FuzzRlp/9b61df4e4618463609222771b3f74d4e38bf2cb6 (0.00s)
    --- PASS: FuzzRlp/9b880d2908797ca7442d9c5781cf6da471b9a50d (0.00s)
    --- PASS: FuzzRlp/9b9eed6c3b26a4b260429ec6b8dfc61f0575a1ea (0.00s)
    --- PASS: FuzzRlp/9ccaf36726be0472d042dec4b24005e7e34d0eef (0.00s)
    --- PASS: FuzzRlp/9d6c0936625f4f3e683fc268240bd3a50fb2ce86 (0.00s)
    --- PASS: FuzzRlp/9da488b3a3a7936d882acbf7243a1ebc2af63330 (0.00s)
    --- PASS: FuzzRlp/9eb772824ee8946ca42f488cff36c51526318dc3 (0.00s)
    --- PASS: FuzzRlp/9fa7ed76560dad2d00c713d50b2db268c3b3281d (0.00s)
    --- PASS: FuzzRlp/9faa86f9cafc1b0329b489f98d7a7b84bd01da79 (0.00s)
    --- PASS: FuzzRlp/9fb843cbc872cbfca40149b5f6debb47ece9825a (0.00s)
    --- PASS: FuzzRlp/9fd498f67c968bfbe03b28b0d4a9e052f40981f3 (0.00s)
    --- PASS: FuzzRlp/a01c3cf2f369a1a156dfa62703153f2cdd6df5cb (0.00s)
    --- PASS: FuzzRlp/a06ac9af0208913fd3f65a9bb5846bba033c408b (0.00s)
    --- PASS: FuzzRlp/a10d81ad519ae5a022d97e32734e2311034ef2d3 (0.00s)
    --- PASS: FuzzRlp/a11773587188a9d579cdb64534f5fda7b4531071 (0.00s)
    --- PASS: FuzzRlp/a1e7d29cdeb8273187cd42749dc58ab1666f210b (0.00s)
    --- PASS: FuzzRlp/a2b78b7221b002f346555aae16cc6b09b93c3892 (0.00s)
    --- PASS: FuzzRlp/a2bf49b7605778fcfc272976e33df5abb061e9a2 (0.00s)
    --- PASS: FuzzRlp/a3a9d420b6f64ab2903f5e9ad378e132c70db3d9 (0.00s)
    --- PASS: FuzzRlp/a424ecb531f2ca596c75d8b6a0eff9a9879c6c45 (0.00s)
    --- PASS: FuzzRlp/a49b0cb77fe7f699c24ce1997d9838d09de191f7 (0.00s)
    --- PASS: FuzzRlp/a4a0945d85c77eaed32785323441318ae5b6ec8f (0.00s)
    --- PASS: FuzzRlp/a4da180dcf530a8794fbac5d4f35c98dd065e3e9 (0.00s)
    --- PASS: FuzzRlp/a642c1090640275a91ef6e13d4930b7074a94578 (0.00s)
    --- PASS: FuzzRlp/a6a3d6b0fb1906b3233dbfbaf01de8f5dce87f61 (0.00s)
    --- PASS: FuzzRlp/a84735c1c94bd100e70543b726b92778c0c86636 (0.00s)
    --- PASS: FuzzRlp/a85d9a80e99c68127fa0455638832e47bcb41596 (0.00s)
    --- PASS: FuzzRlp/a8a5e6c184b1a387508b7f8648bf3e1b14ce35e1 (0.00s)
    --- PASS: FuzzRlp/a9a9892e173e78c8fb6fe58dc703c9c8c0cc4b51 (0.00s)
    --- PASS: FuzzRlp/aa1aafc4fe5cf082fb592e65ac4f87fa44846fd0 (0.00s)
    --- PASS: FuzzRlp/aaac3b92fe50b5bbf85ca6759b1278e9f26ba117 (0.00s)
    --- PASS: FuzzRlp/aadea2ce5513f8afec3c5705f73058766193e4ab (0.00s)
    --- PASS: FuzzRlp/aae0b3f6b1ac61a79e391e557c7ee74b0afe39fa (0.00s)
    --- PASS: FuzzRlp/ab50727f5135d41a76878f86a4b02a1a8a408bf9 (0.00s)
    --- PASS: FuzzRlp/abbff560e60f5c539263dd082e57440d413b8185 (0.00s)
    --- PASS: FuzzRlp/ac673aee1e902a76783d1479bef44fa0cbbb4304 (0.00s)
    --- PASS: FuzzRlp/ad8c493776ae34a54e85707139f6d8fd13403ade (0.00s)
    --- PASS: FuzzRlp/adc83b19e793491b1c6ea0fd8b46cd9f32e592fc (0.00s)
    --- PASS: FuzzRlp/afba5f2844370cca48ca009ed9da9dcf8da3e113 (0.00s)
    --- PASS: FuzzRlp/afef0c733212162616b9dca46b4675d14d4e2de7 (0.00s)
    --- PASS: FuzzRlp/b08396d552613dc89529932657908baeb7f2473c (0.00s)
    --- PASS: FuzzRlp/b40e68134656fe10b01e0200f5debc9882fa3bae (0.00s)
    --- PASS: FuzzRlp/b431a1092054302f700d149b3ebccd98604283ca (0.00s)
    --- PASS: FuzzRlp/b47124f58e1c71aba84071e26c5255d0140d842e (0.00s)
    --- PASS: FuzzRlp/b497d26e5b1a88f924d012ff743f32ec01163d20 (0.00s)
    --- PASS: FuzzRlp/b57609ee0b1366ac5bb564da28279c5454ccc632 (0.00s)
    --- PASS: FuzzRlp/b5d28d5c39d797629cefb77d86f205ad80e8601c (0.00s)
    --- PASS: FuzzRlp/b686a11572827c2304d536adca2f4b0096750143 (0.00s)
    --- PASS: FuzzRlp/b6acaf0748806a44a152c6eaff4d93b38fedcc79 (0.00s)
    --- PASS: FuzzRlp/b6d62720eb03a20ac3a185367a17be5acac244c1 (0.00s)
    --- PASS: FuzzRlp/b6ed8d0f256627682544320adbdf064be25e10b5 (0.00s)
    --- PASS: FuzzRlp/b74987cf409a07df8cc8386a6dceb7523f3051a2 (0.00s)
    --- PASS: FuzzRlp/b87f758d8825cd97f9f449d439cc6029105bc3d4 (0.00s)
    --- PASS: FuzzRlp/b90b720e90dd95042a27fd3e3c0466db216f169c (0.00s)
    --- PASS: FuzzRlp/b94ef05f3728c7f72dc88c7b8eda27eb3fb0a461 (0.00s)
    --- PASS: FuzzRlp/b9688b8b3804a742f425251ee9ab032cfbc0a161 (0.00s)
    --- PASS: FuzzRlp/ba9c7829fba538e0f0d96da50ea2ab49b09197d8 (0.00s)
    --- PASS: FuzzRlp/bbed60647d4a66b74635fa5d47400c3792f6d8b2 (0.00s)
    --- PASS: FuzzRlp/bc5d42bde0d0ff3ed03b060ab5780c35adf1f248 (0.00s)
    --- PASS: FuzzRlp/bcf6652253b7ac6eb4054f61d704a5c5f97dc667 (0.00s)
    --- PASS: FuzzRlp/bcfe4eb505c8f4e201b4827bb8ebab36871195f2 (0.00s)
    --- PASS: FuzzRlp/be65002606f57adffd45f11d01f64ef4ae9a088b (0.00s)
    --- PASS: FuzzRlp/bf2db6a9346a122a8b9f05e004bc0e0e7970972e (0.00s)
    --- PASS: FuzzRlp/bf6e851033ba5c7733bb0202ccb0e343e979a383 (0.00s)
    --- PASS: FuzzRlp/bfad05df67f416954b24386987738881f411651d (0.00s)
    --- PASS: FuzzRlp/c03e58ef35b3a600471de298aa40edef2b609ea6 (0.00s)
    --- PASS: FuzzRlp/c05d02105899602ab1844ac16ba7c6c6e98dbc1b (0.00s)
    --- PASS: FuzzRlp/c0619922ee05b27a7eb2b132e005a728d53abc4f (0.00s)
    --- PASS: FuzzRlp/c0b7709d63878dd00d094665a191e3845435740a (0.00s)
    --- PASS: FuzzRlp/c20878a9f388812691d5e4ded58aeb8bebef61ad (0.00s)
    --- PASS: FuzzRlp/c24e8d770c512ee99719792e0a31cbbdb7c5af51 (0.00s)
    --- PASS: FuzzRlp/c28c6a604735646475c20bced4c3521e764b4529 (0.00s)
    --- PASS: FuzzRlp/c2ab38f4b26869927c4df8b21ffb2a1d4c1dcf2a (0.00s)
    --- PASS: FuzzRlp/c4c05532cbb6dad9266b66c522673fd39d135592 (0.00s)
    --- PASS: FuzzRlp/c58529e54acde50e54d8da905346d6ef7a9888e3 (0.00s)
    --- PASS: FuzzRlp/c59de53d7adab86004eecd82e7613641ab4faadf (0.00s)
    --- PASS: FuzzRlp/c5def10c389dd665a2e8d5b058b59255a06c68f5 (0.00s)
    --- PASS: FuzzRlp/c60335416bdee324aae70490e82816c17f9d3eaf (0.00s)
    --- PASS: FuzzRlp/c6f3e1d8f9867bba0152a26fcb28f9e3da387ce4 (0.00s)
    --- PASS: FuzzRlp/c71741952f64a0cf26db5b95f3f2d261f75ad31f (0.00s)
    --- PASS: FuzzRlp/c74fa05963d61a17b1e493cefc9fd72116538c58 (0.00s)
    --- PASS: FuzzRlp/c76b94cbca452e0d3e64d3f49e56e9ec378987ce (0.00s)
    --- PASS: FuzzRlp/c77897e9de58c348296f1dd6a1e45895de58f720 (0.00s)
    --- PASS: FuzzRlp/c9c85cd80e2b2926b8dd16500e3e3c5103513d5e (0.00s)
    --- PASS: FuzzRlp/cbbcf063ca50d58cb1573f6b61f7bb3c81ebef01 (0.00s)
    --- PASS: FuzzRlp/cd42fe1e45e6610baf19f2d197d2caa12c2a3783 (0.00s)
    --- PASS: FuzzRlp/d381bc289e1e602fa6f058677035243fc639fb4d (0.00s)
    --- PASS: FuzzRlp/d40df6e7dd2faf166ea270a12f7ceead5820d0b8 (0.00s)
    --- PASS: FuzzRlp/d4459ce257ece26b1a2f30d5f682a6e8d68b5300 (0.00s)
    --- PASS: FuzzRlp/d4694ca9656f6d12da16813b80f920aa4d0db200 (0.00s)
    --- PASS: FuzzRlp/d488e64c82f9367259d30987e836db20c77d32a9 (0.00s)
    --- PASS: FuzzRlp/d4a1e9b7612959dcb2315fa59f0603a43c9d05fc (0.00s)
    --- PASS: FuzzRlp/d50395a82c97b0f7a7a914398cdad751c93cdfff (0.00s)
    --- PASS: FuzzRlp/d51f70d0cfdf2e99308fa476fb451cf010210115 (0.00s)
    --- PASS: FuzzRlp/d660c02ed8dfe94ced7444a6005c51c0a21aca53 (0.00s)
    --- PASS: FuzzRlp/d67932811c53d34e54521e48ea97847b50e68516 (0.00s)
    --- PASS: FuzzRlp/d67e054f5458a3d5b47b2b4c687d4378ffc63bcf (0.00s)
    --- PASS: FuzzRlp/d68f0b452bf409baf9c5615e2d8f6b5a19266905 (0.00s)
    --- PASS: FuzzRlp/d6a4792dec9511002b4a41e5c5bcd6aadd633911 (0.00s)
    --- PASS: FuzzRlp/d6fb2774c59283f99ecfd6d6a737338c7431b128 (0.00s)
    --- PASS: FuzzRlp/db8631f94524b8b77745959f8ae17e759cf7b31f (0.00s)
    --- PASS: FuzzRlp/dc99d26438fe1f3b6f9e5eeb92fffb23d0f53a98 (0.00s)
    --- PASS: FuzzRlp/dcf9ce12ac176f2ed3c28b469a576e0fa47e5776 (0.00s)
    --- PASS: FuzzRlp/de1180c9e6bcdce34c701e70f8a647a61902c00f (0.00s)
    --- PASS: FuzzRlp/e0bbc960e5168c274cf165327373f198ea2cda94 (0.00s)
    --- PASS: FuzzRlp/e18c5b1559de26d076515c3ffab0e699bafe5b0c (0.00s)
    --- PASS: FuzzRlp/e18dd5da82aa5ef2d4b1febfb6b5041ced00f46e (0.00s)
    --- PASS: FuzzRlp/e18fe552c2f0f7ce6b6c983d72f8c5ddcf1474d6 (0.00s)
    --- PASS: FuzzRlp/e1b0f07051dacd9be7d8b68a107c2f77cd4a80a9 (0.00s)
    --- PASS: FuzzRlp/e1bf256f119af86f5b916b61d6351cd20e361ef4 (0.00s)
    --- PASS: FuzzRlp/e1e27ac50ea9953a0c6df4c9d8942b81ccf33cb6 (0.00s)
    --- PASS: FuzzRlp/e1e43e18534cd19f7fafcd97880e90ce21b2e87a (0.00s)
    --- PASS: FuzzRlp/e28f8ecd2baee51c72cd1022d80b0a54d0338308 (0.00s)
    --- PASS: FuzzRlp/e33fd57b3f36a3fa156804168faeb4dc45ebe57e (0.00s)
    --- PASS: FuzzRlp/e3a88ffd604a1002a497f911711043f62bf3d9d9 (0.00s)
    --- PASS: FuzzRlp/e418c99b6a7c140c62c55de20ba2c22532994b43 (0.00s)
    --- PASS: FuzzRlp/e599f7743a69b82dc677c0dad3b28b29e10e2fe4 (0.00s)
    --- PASS: FuzzRlp/e745cd4134733190ba80c2918fc1a28a7a379d4a (0.00s)
    --- PASS: FuzzRlp/e82f4881d849e1c18548b76f0a0f5ead757ed380 (0.00s)
    --- PASS: FuzzRlp/e834e9e644aef707fded29d58ce69b5f26111060 (0.00s)
    --- PASS: FuzzRlp/e8d31024d7d459d999893bfbaef476992c0896cb (0.00s)
    --- PASS: FuzzRlp/e8eab10a879e9208d14f7963b20a560848deef80 (0.00s)
    --- PASS: FuzzRlp/e90e7629c3d52e4b1d0e950273f04a42c88bd030 (0.00s)
    --- PASS: FuzzRlp/e933522ac1b767db1419ebc98a54e58b6c88947f (0.00s)
    --- PASS: FuzzRlp/ea54120bfbd13ced7b138b0865113b97f4e526f9 (0.00s)
    --- PASS: FuzzRlp/ebe5ffc11db1e1fdbfe0e0f5a09a053fc9c01f84 (0.00s)
    --- PASS: FuzzRlp/edd918c34c815b8e99c7dd24fd78c01bceaabc52 (0.00s)
    --- PASS: FuzzRlp/ee225f09bc798ae60e2e32b40e8993c9fedf69f4 (0.00s)
    --- PASS: FuzzRlp/ee35b357982bbb88d5afc36f5ee491f66d055eda (0.00s)
    --- PASS: FuzzRlp/ee924da03cc7e232106bab55d3a303f322a8aa62 (0.00s)
    --- PASS: FuzzRlp/ef610f41ef9c9ac6608f2a8469f7d7fdbb7ad9e2 (0.00s)
    --- PASS: FuzzRlp/efbb4d8cc409d5ffbe5b50717ea1b9a1bc354939 (0.00s)
    --- PASS: FuzzRlp/efd5377939af5574751f472f3cd2bdc4925dee53 (0.00s)
    --- PASS: FuzzRlp/efdaf5bb1ad730a950f5313fc086c0c78611e03e (0.00s)
    --- PASS: FuzzRlp/f0207560003acc9af2116ed39aa355ccee89076d (0.00s)
    --- PASS: FuzzRlp/f04cceb1428547dd37e32726c8f918ecd94ffd8f (0.00s)
    --- PASS: FuzzRlp/f184e3990e8b6e5509032640babb16d9764a787a (0.00s)
    --- PASS: FuzzRlp/f188eb04d91a98d0ffbd266060c277cf31367920 (0.00s)
    --- PASS: FuzzRlp/f1ddcf512c6b4a9e46ab7c47445ee395757ee16b (0.00s)
    --- PASS: FuzzRlp/f2edeb68a33f26a9355102cfc63a9a4972a6b846 (0.00s)
    --- PASS: FuzzRlp/f3550690b9589e0f8d5b05239903ca4fe31126f0 (0.00s)
    --- PASS: FuzzRlp/f576a3f9a3cb96b8352962adae7aaab399f6540a (0.00s)
    --- PASS: FuzzRlp/f66093aa34d08297f508e2ba35707764c600d29e (0.00s)
    --- PASS: FuzzRlp/f690c7c6327b72d6b1d138e81ea6c146ed2db10c (0.00s)
    --- PASS: FuzzRlp/f6b88b8d1bf26e6d3ac0ce062cc417aa0d0e6ead (0.00s)
    --- PASS: FuzzRlp/f6d9cae3145444f9a34ba30c066653b363a690fd (0.00s)
    --- PASS: FuzzRlp/f75806976e2404feff3314eb0ec5e999c33b3ab9 (0.00s)
    --- PASS: FuzzRlp/f7af75e14b0ab1a8b330848bcf967a7f352717d6 (0.00s)
    --- PASS: FuzzRlp/f98ca1a668b952b32b2373e34212f28b714855f7 (0.00s)
    --- PASS: FuzzRlp/f9a33e418219304dda8315010ee6355f7da92ee8 (0.00s)
    --- PASS: FuzzRlp/f9f7a0f786a0dae97fcb68252ad333a81d28f0c4 (0.00s)
    --- PASS: FuzzRlp/fae18cdff64696a955f45317c50064a2cab32b33 (0.00s)
    --- PASS: FuzzRlp/fae23505bc529f3bc4e21cb4f7ff41b467a07f75 (0.00s)
    --- PASS: FuzzRlp/fb9b60a2a0accf91a6542b28825f84e2da34ef34 (0.00s)
    --- PASS: FuzzRlp/fbb1166ae1577e0132e8da1253c5e7ce9408c2c8 (0.00s)
    --- PASS: FuzzRlp/fbf1cf182ead112e4ca3da7cf2a6bd86468b5311 (0.00s)
    --- PASS: FuzzRlp/fc2cd4c3848904037206150f00d83de59f3bda50 (0.00s)
    --- PASS: FuzzRlp/fcd901aeff02aecc1d8b4907a003dcc95be226bb (0.00s)
    --- PASS: FuzzRlp/fcfb0ccd6279765c8b92d37e3ef9e297719bbafb (0.00s)
    --- PASS: FuzzRlp/fd63bf59f394c5a70c51cefb6357a11e27ad3a33 (0.00s)
    --- PASS: FuzzRlp/fe48576adcb0098bae2e9afa57378e9bd260cc47 (0.00s)
PASS
coverage: 93.6% of statements
ok  	github.com/morph-l2/go-ethereum/tests/fuzzers/rlp	0.041s	coverage: 93.6% of statements
