=== RUN   TestFuzzer
--- PASS: TestFuzzer (0.01s)
=== RUN   FuzzSecp256k1
=== RUN   FuzzSecp256k1/0018bbe0c4df8598aafca519e61963219e82b7fc
=== RUN   FuzzSecp256k1/00ff1e5b54f168634a891acefa76486eb0f09172
=== RUN   FuzzSecp256k1/023796ef6172272bc04e6b5ea700a9acb0409b84
=== RUN   FuzzSecp256k1/048da94f047d06b03da821351ac734b075b80cbe
=== RUN   FuzzSecp256k1/04c3c3dc58a3de18bd969e970911b5165ca09ea9
=== RUN   FuzzSecp256k1/06ae3b10169b208d6d57fd07bc12507fbdb1b193
=== RUN   FuzzSecp256k1/0b5163871182997ef533dc9f44323f18386cd41d
=== RUN   FuzzSecp256k1/0b612e4b93be86d67694fab2e1f5023d0ef89c18
=== RUN   FuzzSecp256k1/13b770d966ab2f3326ca087f9e941a1f4eca4278
=== RUN   FuzzSecp256k1/1432cd37a146350719dc53bf9a3babf6d4d7c350
=== RUN   FuzzSecp256k1/1c983debdb3c0a465bab33bec0c36404cfae045c
=== RUN   FuzzSecp256k1/1f5bf3fdca542b001b90390711bcbd0534d51fe5
=== RUN   FuzzSecp256k1/241ab8af643ce41be66332a9024c4c92cd7ff04e
=== RUN   FuzzSecp256k1/2618ac32e8391c4846f2c609800ae555e7cf5a7d
=== RUN   FuzzSecp256k1/2689029dd2179a635566e7bbb9e345994bbc669c
=== RUN   FuzzSecp256k1/276b39cab879f110b26ce8db11f4ac57546f493c
=== RUN   FuzzSecp256k1/2bb631f14329b91b4c061694f96258932ed0b9b3
=== RUN   FuzzSecp256k1/2d823e400febe23e034a437faa54a61aa8cdfebc
=== RUN   FuzzSecp256k1/2d86ababaf5885c846edb33fee1228e806a28745
=== RUN   FuzzSecp256k1/2ed3ce0129a65472a50d8ed6f9e08b4d993799fc
=== RUN   FuzzSecp256k1/3317e1df52a15cb69a6ab14a2775a3a6fd1eccfa
=== RUN   FuzzSecp256k1/33a751c0191522f5e53eee8e39c456b893f9396a
=== RUN   FuzzSecp256k1/39aa04cdd311ea9a6a27013c1217aa8239664b1e
=== RUN   FuzzSecp256k1/3e4ae2a372600d2a2b72d3475b4593689e544308
=== RUN   FuzzSecp256k1/4161f2229dc331760fcb283579b9537107dfa6f3
=== RUN   FuzzSecp256k1/442530af8e6df1ef93b24a27efa751fbc08664a0
=== RUN   FuzzSecp256k1/46aeb7b8e0cc6635735e1772f00b40cba6a0c5c0
=== RUN   FuzzSecp256k1/48c675e9c49402ad1093c68f258da57f3b29a37a
=== RUN   FuzzSecp256k1/4c239d9890c31262e3031b2a9883495326e0f8fe
=== RUN   FuzzSecp256k1/52c70265c53e5b838aa48a786d3549e496aae756
=== RUN   FuzzSecp256k1/561339a2e8608d30689b0df06ed273685b48a3ae
=== RUN   FuzzSecp256k1/56b2e689fb0786a214b22e40acac55a4fd8a0428
=== RUN   FuzzSecp256k1/58336bf6853629013510c629f0f54377a7b11b09
=== RUN   FuzzSecp256k1/5bdee0aa938d54a78b809d8a9fdb5cc7830dbaf0
=== RUN   FuzzSecp256k1/62e3141c9e17e12d9412f68869589f48315f4c0b
=== RUN   FuzzSecp256k1/6516189035c55517f2c844ac7b0cd44ca25ba700
=== RUN   FuzzSecp256k1/6750dd1eb0446a86162c34468928c6546fe87d81
=== RUN   FuzzSecp256k1/6cf30536f2d38592e5f9f9f598dad01b6a7ce49a
=== RUN   FuzzSecp256k1/6f30ca37574bc737f3dca991860f46ebddcff2a3
=== RUN   FuzzSecp256k1/71853c6197a6a7f222db0f1978c7cb232b87c5ee
=== RUN   FuzzSecp256k1/744f60a3295b7c50c3d4c685804ba4e551cd6f35
=== RUN   FuzzSecp256k1/745834efad70e133c67f406d04f41f921fdec4cf
=== RUN   FuzzSecp256k1/75f4fec872899b35962c6ebd097af91d85173683
=== RUN   FuzzSecp256k1/78480d9a9ff0c4ef6e50c3eb09f2dddc4a62cb08
=== RUN   FuzzSecp256k1/7a57d6742ca15e10631e5fbc1d2b402f72a8ca8d
=== RUN   FuzzSecp256k1/7e3a123d584e16ecea76138e6e84955398111bb5
=== RUN   FuzzSecp256k1/8680633fa1773da3935de8b02a1cfc78729ad4cb
=== RUN   FuzzSecp256k1/87286a6bfd7803f48a67b28c502a6366c4d5bcfe
=== RUN   FuzzSecp256k1/87bb609dccad7c2722e474e5c9fdcdb91bef8d61
=== RUN   FuzzSecp256k1/8c2a70b01da1026c3d0192e9ac131dc99d9d1e11
=== RUN   FuzzSecp256k1/8de57adccdbc31f983264ce61b956cdb722f3529
=== RUN   FuzzSecp256k1/8eb850378727e4d14dd36a84cd4f203b97abef6a
=== RUN   FuzzSecp256k1/8f75bf4f4de3ad0bcf6a1513d689ddc5b12e9972
=== RUN   FuzzSecp256k1/9009a93c4bc6ba29db8037c4b3bd69b6b16ce36b
=== RUN   FuzzSecp256k1/9069ca78e7450a285173431b3e52c5c25299e473
=== RUN   FuzzSecp256k1/9234d9058d0026288f87d83f23605feece54edd2
=== RUN   FuzzSecp256k1/94b28eab29ed1b81a58ce8cab11ab52bc0853c0d
=== RUN   FuzzSecp256k1/9a60251a5323ea2fa5b04e219c081377f24d5259
=== RUN   FuzzSecp256k1/a6f2cc81c7a92720ae1842f2ecc18d58a5b76aab
=== RUN   FuzzSecp256k1/aaabe8e1058378ec08a5dab3e2b762a7ff8a85c4
=== RUN   FuzzSecp256k1/ad9bdf63ea3366fbe7cdf5cdbff6b5f08aa986e4
=== RUN   FuzzSecp256k1/adc83b19e793491b1c6ea0fd8b46cd9f32e592fc
=== RUN   FuzzSecp256k1/ae1cfd1eb167cc616ad90eac523c0d16529bc70d
=== RUN   FuzzSecp256k1/ae717a95fa6fab66b2fba6c83d3b1b54f3234ac3
=== RUN   FuzzSecp256k1/ae99711c0fb087791d827fd61af8f249ccf5d610
=== RUN   FuzzSecp256k1/aef0e6e8f8ba41f920da14a837746bdce3f38556
=== RUN   FuzzSecp256k1/b020310a3fc50e80859fed2537af65c6ad0dce2b
=== RUN   FuzzSecp256k1/b285c192d316c08b1bed530906a935cbeb80a2ec
=== RUN   FuzzSecp256k1/b5624305f573d28c9b9017e57e01d1cf5e05f295
=== RUN   FuzzSecp256k1/bff69579028c737e52176fdb4d2d6f813c1ce8ec
=== RUN   FuzzSecp256k1/c18f6735c53ce006d549caf58d5eaded54660d82
=== RUN   FuzzSecp256k1/c6902c621da91f8a6997fc96d430c2ed6668704f
=== RUN   FuzzSecp256k1/cc15852c96efac723ba80079c85694ab5d1857c8
=== RUN   FuzzSecp256k1/d0b87c20475d5f6c92bd3c735ddcc65346d4ed94
=== RUN   FuzzSecp256k1/d0cfc59dd3ab6713e5c041fbee285ad2ed077d0d
=== RUN   FuzzSecp256k1/d2c148dffcbc723410477683bb5d473f64a4011b
=== RUN   FuzzSecp256k1/d9a2faec73ddc005667b406e6d6f822da44b72f5
=== RUN   FuzzSecp256k1/de21ad7d5152c588a2ab76c6670d34776550b0fe
=== RUN   FuzzSecp256k1/e13a971c475a5a4b18d21784db920fa828345a6f
=== RUN   FuzzSecp256k1/e3e32233c4859a1a971a7c40356e499e5842f23d
=== RUN   FuzzSecp256k1/e529a5aa6cbfad9511922c5808bad6068553458c
=== RUN   FuzzSecp256k1/e931cb6c911c80ca119bde239d220c1f6580d3ba
=== RUN   FuzzSecp256k1/ea96c8c8ab82411f16c53b79eb1d578eff5254d6
=== RUN   FuzzSecp256k1/f1b460a961642e4d4aff22832511adabae5aa837
=== RUN   FuzzSecp256k1/f8ae109cbd01842c6a9562e629c9b890008ed017
=== RUN   FuzzSecp256k1/fe7430adc339f6d7297e8b13c6ffc748bdba8915
--- PASS: FuzzSecp256k1 (0.01s)
    --- PASS: FuzzSecp256k1/0018bbe0c4df8598aafca519e61963219e82b7fc (0.00s)
    --- PASS: FuzzSecp256k1/00ff1e5b54f168634a891acefa76486eb0f09172 (0.00s)
    --- PASS: FuzzSecp256k1/023796ef6172272bc04e6b5ea700a9acb0409b84 (0.00s)
    --- PASS: FuzzSecp256k1/048da94f047d06b03da821351ac734b075b80cbe (0.00s)
    --- PASS: FuzzSecp256k1/04c3c3dc58a3de18bd969e970911b5165ca09ea9 (0.00s)
    --- PASS: FuzzSecp256k1/06ae3b10169b208d6d57fd07bc12507fbdb1b193 (0.00s)
    --- PASS: FuzzSecp256k1/0b5163871182997ef533dc9f44323f18386cd41d (0.00s)
    --- PASS: FuzzSecp256k1/0b612e4b93be86d67694fab2e1f5023d0ef89c18 (0.00s)
    --- PASS: FuzzSecp256k1/13b770d966ab2f3326ca087f9e941a1f4eca4278 (0.00s)
    --- PASS: FuzzSecp256k1/1432cd37a146350719dc53bf9a3babf6d4d7c350 (0.00s)
    --- PASS: FuzzSecp256k1/1c983debdb3c0a465bab33bec0c36404cfae045c (0.00s)
    --- PASS: FuzzSecp256k1/1f5bf3fdca542b001b90390711bcbd0534d51fe5 (0.00s)
    --- PASS: FuzzSecp256k1/241ab8af643ce41be66332a9024c4c92cd7ff04e (0.00s)
    --- PASS: FuzzSecp256k1/2618ac32e8391c4846f2c609800ae555e7cf5a7d (0.00s)
    --- PASS: FuzzSecp256k1/2689029dd2179a635566e7bbb9e345994bbc669c (0.00s)
    --- PASS: FuzzSecp256k1/276b39cab879f110b26ce8db11f4ac57546f493c (0.00s)
    --- PASS: FuzzSecp256k1/2bb631f14329b91b4c061694f96258932ed0b9b3 (0.00s)
    --- PASS: FuzzSecp256k1/2d823e400febe23e034a437faa54a61aa8cdfebc (0.00s)
    --- PASS: FuzzSecp256k1/2d86ababaf5885c846edb33fee1228e806a28745 (0.00s)
    --- PASS: FuzzSecp256k1/2ed3ce0129a65472a50d8ed6f9e08b4d993799fc (0.00s)
    --- PASS: FuzzSecp256k1/3317e1df52a15cb69a6ab14a2775a3a6fd1eccfa (0.00s)
    --- PASS: FuzzSecp256k1/33a751c0191522f5e53eee8e39c456b893f9396a (0.00s)
    --- PASS: FuzzSecp256k1/39aa04cdd311ea9a6a27013c1217aa8239664b1e (0.00s)
    --- PASS: FuzzSecp256k1/3e4ae2a372600d2a2b72d3475b4593689e544308 (0.00s)
    --- PASS: FuzzSecp256k1/4161f2229dc331760fcb283579b9537107dfa6f3 (0.00s)
    --- PASS: FuzzSecp256k1/442530af8e6df1ef93b24a27efa751fbc08664a0 (0.00s)
    --- PASS: FuzzSecp256k1/46aeb7b8e0cc6635735e1772f00b40cba6a0c5c0 (0.00s)
    --- PASS: FuzzSecp256k1/48c675e9c49402ad1093c68f258da57f3b29a37a (0.00s)
    --- PASS: FuzzSecp256k1/4c239d9890c31262e3031b2a9883495326e0f8fe (0.00s)
    --- PASS: FuzzSecp256k1/52c70265c53e5b838aa48a786d3549e496aae756 (0.00s)
    --- PASS: FuzzSecp256k1/561339a2e8608d30689b0df06ed273685b48a3ae (0.00s)
    --- PASS: FuzzSecp256k1/56b2e689fb0786a214b22e40acac55a4fd8a0428 (0.00s)
    --- PASS: FuzzSecp256k1/58336bf6853629013510c629f0f54377a7b11b09 (0.00s)
    --- PASS: FuzzSecp256k1/5bdee0aa938d54a78b809d8a9fdb5cc7830dbaf0 (0.00s)
    --- PASS: FuzzSecp256k1/62e3141c9e17e12d9412f68869589f48315f4c0b (0.00s)
    --- PASS: FuzzSecp256k1/6516189035c55517f2c844ac7b0cd44ca25ba700 (0.00s)
    --- PASS: FuzzSecp256k1/6750dd1eb0446a86162c34468928c6546fe87d81 (0.00s)
    --- PASS: FuzzSecp256k1/6cf30536f2d38592e5f9f9f598dad01b6a7ce49a (0.00s)
    --- PASS: FuzzSecp256k1/6f30ca37574bc737f3dca991860f46ebddcff2a3 (0.00s)
    --- PASS: FuzzSecp256k1/71853c6197a6a7f222db0f1978c7cb232b87c5ee (0.00s)
    --- PASS: FuzzSecp256k1/744f60a3295b7c50c3d4c685804ba4e551cd6f35 (0.00s)
    --- PASS: FuzzSecp256k1/745834efad70e133c67f406d04f41f921fdec4cf (0.00s)
    --- PASS: FuzzSecp256k1/75f4fec872899b35962c6ebd097af91d85173683 (0.00s)
    --- PASS: FuzzSecp256k1/78480d9a9ff0c4ef6e50c3eb09f2dddc4a62cb08 (0.00s)
    --- PASS: FuzzSecp256k1/7a57d6742ca15e10631e5fbc1d2b402f72a8ca8d (0.00s)
    --- PASS: FuzzSecp256k1/7e3a123d584e16ecea76138e6e84955398111bb5 (0.00s)
    --- PASS: FuzzSecp256k1/8680633fa1773da3935de8b02a1cfc78729ad4cb (0.00s)
    --- PASS: FuzzSecp256k1/87286a6bfd7803f48a67b28c502a6366c4d5bcfe (0.00s)
    --- PASS: FuzzSecp256k1/87bb609dccad7c2722e474e5c9fdcdb91bef8d61 (0.00s)
    --- PASS: FuzzSecp256k1/8c2a70b01da1026c3d0192e9ac131dc99d9d1e11 (0.00s)
    --- PASS: FuzzSecp256k1/8de57adccdbc31f983264ce61b956cdb722f3529 (0.00s)
    --- PASS: FuzzSecp256k1/8eb850378727e4d14dd36a84cd4f203b97abef6a (0.00s)
    --- PASS: FuzzSecp256k1/8f75bf4f4de3ad0bcf6a1513d689ddc5b12e9972 (0.00s)
    --- PASS: FuzzSecp256k1/9009a93c4bc6ba29db8037c4b3bd69b6b16ce36b (0.00s)
    --- PASS: FuzzSecp256k1/9069ca78e7450a285173431b3e52c5c25299e473 (0.00s)
    --- PASS: FuzzSecp256k1/9234d9058d0026288f87d83f23605feece54edd2 (0.00s)
    --- PASS: FuzzSecp256k1/94b28eab29ed1b81a58ce8cab11ab52bc0853c0d (0.00s)
    --- PASS: FuzzSecp256k1/9a60251a5323ea2fa5b04e219c081377f24d5259 (0.00s)
    --- PASS: FuzzSecp256k1/a6f2cc81c7a92720ae1842f2ecc18d58a5b76aab (0.00s)
    --- PASS: FuzzSecp256k1/aaabe8e1058378ec08a5dab3e2b762a7ff8a85c4 (0.00s)
    --- PASS: FuzzSecp256k1/ad9bdf63ea3366fbe7cdf5cdbff6b5f08aa986e4 (0.00s)
    --- PASS: FuzzSecp256k1/adc83b19e793491b1c6ea0fd8b46cd9f32e592fc (0.00s)
    --- PASS: FuzzSecp256k1/ae1cfd1eb167cc616ad90eac523c0d16529bc70d (0.00s)
    --- PASS: FuzzSecp256k1/ae717a95fa6fab66b2fba6c83d3b1b54f3234ac3 (0.00s)
    --- PASS: FuzzSecp256k1/ae99711c0fb087791d827fd61af8f249ccf5d610 (0.00s)
    --- PASS: FuzzSecp256k1/aef0e6e8f8ba41f920da14a837746bdce3f38556 (0.00s)
    --- PASS: FuzzSecp256k1/b020310a3fc50e80859fed2537af65c6ad0dce2b (0.00s)
    --- PASS: FuzzSecp256k1/b285c192d316c08b1bed530906a935cbeb80a2ec (0.00s)
    --- PASS: FuzzSecp256k1/b5624305f573d28c9b9017e57e01d1cf5e05f295 (0.00s)
    --- PASS: FuzzSecp256k1/bff69579028c737e52176fdb4d2d6f813c1ce8ec (0.00s)
    --- PASS: FuzzSecp256k1/c18f6735c53ce006d549caf58d5eaded54660d82 (0.00s)
    --- PASS: FuzzSecp256k1/c6902c621da91f8a6997fc96d430c2ed6668704f (0.00s)
    --- PASS: FuzzSecp256k1/cc15852c96efac723ba80079c85694ab5d1857c8 (0.00s)
    --- PASS: FuzzSecp256k1/d0b87c20475d5f6c92bd3c735ddcc65346d4ed94 (0.00s)
    --- PASS: FuzzSecp256k1/d0cfc59dd3ab6713e5c041fbee285ad2ed077d0d (0.00s)
    --- PASS: FuzzSecp256k1/d2c148dffcbc723410477683bb5d473f64a4011b (0.00s)
    --- PASS: FuzzSecp256k1/d9a2faec73ddc005667b406e6d6f822da44b72f5 (0.00s)
    --- PASS: FuzzSecp256k1/de21ad7d5152c588a2ab76c6670d34776550b0fe (0.00s)
    --- PASS: FuzzSecp256k1/e13a971c475a5a4b18d21784db920fa828345a6f (0.00s)
    --- PASS: FuzzSecp256k1/e3e32233c4859a1a971a7c40356e499e5842f23d (0.00s)
    --- PASS: FuzzSecp256k1/e529a5aa6cbfad9511922c5808bad6068553458c (0.00s)
    --- PASS: FuzzSecp256k1/e931cb6c911c80ca119bde239d220c1f6580d3ba (0.00s)
    --- PASS: FuzzSecp256k1/ea96c8c8ab82411f16c53b79eb1d578eff5254d6 (0.00s)
    --- PASS: FuzzSecp256k1/f1b460a961642e4d4aff22832511adabae5aa837 (0.00s)
    --- PASS: FuzzSecp256k1/f8ae109cbd01842c6a9562e629c9b890008ed017 (0.00s)
    --- PASS: FuzzSecp256k1/fe7430adc339f6d7297e8b13c6ffc748bdba8915 (0.00s)
PASS
coverage: 81.8% of statements
ok  	github.com/morph-l2/go-ethereum/tests/fuzzers/secp256k1	0.039s	coverage: 81.8% of statements
