mode: set
github.com/morph-l2/go-ethereum/tests/fuzzers/txfetcher/txfetcher_fuzzer.go:37.13,42.34 3 1
github.com/morph-l2/go-ethereum/tests/fuzzers/txfetcher/txfetcher_fuzzer.go:42.34,44.3 1 1
github.com/morph-l2/go-ethereum/tests/fuzzers/txfetcher/txfetcher_fuzzer.go:45.2,46.32 2 1
github.com/morph-l2/go-ethereum/tests/fuzzers/txfetcher/txfetcher_fuzzer.go:46.32,48.3 1 1
github.com/morph-l2/go-ethereum/tests/fuzzers/txfetcher/txfetcher_fuzzer.go:51.29,53.26 1 1
github.com/morph-l2/go-ethereum/tests/fuzzers/txfetcher/txfetcher_fuzzer.go:53.26,55.3 1 0
github.com/morph-l2/go-ethereum/tests/fuzzers/txfetcher/txfetcher_fuzzer.go:56.2,63.16 4 1
github.com/morph-l2/go-ethereum/tests/fuzzers/txfetcher/txfetcher_fuzzer.go:63.16,65.3 1 0
github.com/morph-l2/go-ethereum/tests/fuzzers/txfetcher/txfetcher_fuzzer.go:66.2,66.19 1 1
github.com/morph-l2/go-ethereum/tests/fuzzers/txfetcher/txfetcher_fuzzer.go:67.9,68.16 1 1
github.com/morph-l2/go-ethereum/tests/fuzzers/txfetcher/txfetcher_fuzzer.go:69.9,70.18 1 1
github.com/morph-l2/go-ethereum/tests/fuzzers/txfetcher/txfetcher_fuzzer.go:71.9,72.19 1 1
github.com/morph-l2/go-ethereum/tests/fuzzers/txfetcher/txfetcher_fuzzer.go:73.9,73.9 0 1
github.com/morph-l2/go-ethereum/tests/fuzzers/txfetcher/txfetcher_fuzzer.go:77.2,81.26 3 1
github.com/morph-l2/go-ethereum/tests/fuzzers/txfetcher/txfetcher_fuzzer.go:81.26,81.42 1 1
github.com/morph-l2/go-ethereum/tests/fuzzers/txfetcher/txfetcher_fuzzer.go:82.42,84.4 1 1
github.com/morph-l2/go-ethereum/tests/fuzzers/txfetcher/txfetcher_fuzzer.go:85.37,85.51 1 1
github.com/morph-l2/go-ethereum/tests/fuzzers/txfetcher/txfetcher_fuzzer.go:88.2,92.6 3 1
github.com/morph-l2/go-ethereum/tests/fuzzers/txfetcher/txfetcher_fuzzer.go:92.6,95.17 2 1
github.com/morph-l2/go-ethereum/tests/fuzzers/txfetcher/txfetcher_fuzzer.go:95.17,97.4 1 1
github.com/morph-l2/go-ethereum/tests/fuzzers/txfetcher/txfetcher_fuzzer.go:98.3,98.18 1 1
github.com/morph-l2/go-ethereum/tests/fuzzers/txfetcher/txfetcher_fuzzer.go:99.10,105.18 2 1
github.com/morph-l2/go-ethereum/tests/fuzzers/txfetcher/txfetcher_fuzzer.go:105.18,107.5 1 1
github.com/morph-l2/go-ethereum/tests/fuzzers/txfetcher/txfetcher_fuzzer.go:108.4,111.18 3 1
github.com/morph-l2/go-ethereum/tests/fuzzers/txfetcher/txfetcher_fuzzer.go:111.18,113.5 1 1
github.com/morph-l2/go-ethereum/tests/fuzzers/txfetcher/txfetcher_fuzzer.go:114.4,120.40 3 1
github.com/morph-l2/go-ethereum/tests/fuzzers/txfetcher/txfetcher_fuzzer.go:120.40,122.55 2 1
github.com/morph-l2/go-ethereum/tests/fuzzers/txfetcher/txfetcher_fuzzer.go:122.55,124.6 1 1
github.com/morph-l2/go-ethereum/tests/fuzzers/txfetcher/txfetcher_fuzzer.go:125.5,126.47 2 1
github.com/morph-l2/go-ethereum/tests/fuzzers/txfetcher/txfetcher_fuzzer.go:128.4,128.15 1 1
github.com/morph-l2/go-ethereum/tests/fuzzers/txfetcher/txfetcher_fuzzer.go:128.15,130.5 1 0
github.com/morph-l2/go-ethereum/tests/fuzzers/txfetcher/txfetcher_fuzzer.go:131.4,131.52 1 1
github.com/morph-l2/go-ethereum/tests/fuzzers/txfetcher/txfetcher_fuzzer.go:131.52,132.15 1 0
github.com/morph-l2/go-ethereum/tests/fuzzers/txfetcher/txfetcher_fuzzer.go:135.10,141.18 2 1
github.com/morph-l2/go-ethereum/tests/fuzzers/txfetcher/txfetcher_fuzzer.go:141.18,143.5 1 1
github.com/morph-l2/go-ethereum/tests/fuzzers/txfetcher/txfetcher_fuzzer.go:144.4,147.18 3 1
github.com/morph-l2/go-ethereum/tests/fuzzers/txfetcher/txfetcher_fuzzer.go:147.18,149.5 1 1
github.com/morph-l2/go-ethereum/tests/fuzzers/txfetcher/txfetcher_fuzzer.go:150.4,156.41 3 1
github.com/morph-l2/go-ethereum/tests/fuzzers/txfetcher/txfetcher_fuzzer.go:156.41,158.59 2 1
github.com/morph-l2/go-ethereum/tests/fuzzers/txfetcher/txfetcher_fuzzer.go:158.59,160.6 1 1
github.com/morph-l2/go-ethereum/tests/fuzzers/txfetcher/txfetcher_fuzzer.go:161.5,162.40 2 1
github.com/morph-l2/go-ethereum/tests/fuzzers/txfetcher/txfetcher_fuzzer.go:164.4,165.18 2 1
github.com/morph-l2/go-ethereum/tests/fuzzers/txfetcher/txfetcher_fuzzer.go:165.18,167.5 1 1
github.com/morph-l2/go-ethereum/tests/fuzzers/txfetcher/txfetcher_fuzzer.go:168.4,169.15 2 1
github.com/morph-l2/go-ethereum/tests/fuzzers/txfetcher/txfetcher_fuzzer.go:169.15,171.5 1 0
github.com/morph-l2/go-ethereum/tests/fuzzers/txfetcher/txfetcher_fuzzer.go:172.4,172.62 1 1
github.com/morph-l2/go-ethereum/tests/fuzzers/txfetcher/txfetcher_fuzzer.go:172.62,173.15 1 0
github.com/morph-l2/go-ethereum/tests/fuzzers/txfetcher/txfetcher_fuzzer.go:176.10,180.18 2 1
github.com/morph-l2/go-ethereum/tests/fuzzers/txfetcher/txfetcher_fuzzer.go:180.18,182.5 1 1
github.com/morph-l2/go-ethereum/tests/fuzzers/txfetcher/txfetcher_fuzzer.go:183.4,184.15 2 1
github.com/morph-l2/go-ethereum/tests/fuzzers/txfetcher/txfetcher_fuzzer.go:184.15,186.5 1 0
github.com/morph-l2/go-ethereum/tests/fuzzers/txfetcher/txfetcher_fuzzer.go:187.4,187.39 1 1
github.com/morph-l2/go-ethereum/tests/fuzzers/txfetcher/txfetcher_fuzzer.go:187.39,188.15 1 0
github.com/morph-l2/go-ethereum/tests/fuzzers/txfetcher/txfetcher_fuzzer.go:191.10,195.18 2 1
github.com/morph-l2/go-ethereum/tests/fuzzers/txfetcher/txfetcher_fuzzer.go:195.18,197.5 1 1
github.com/morph-l2/go-ethereum/tests/fuzzers/txfetcher/txfetcher_fuzzer.go:198.4,199.15 2 1
github.com/morph-l2/go-ethereum/tests/fuzzers/txfetcher/txfetcher_fuzzer.go:199.15,201.5 1 0
github.com/morph-l2/go-ethereum/tests/fuzzers/txfetcher/txfetcher_fuzzer.go:202.4,202.19 1 1
