=== RUN   FuzzDifficulty
=== RUN   FuzzDifficulty/078f36e0e64769919e28ec4310bd9bb96ed2d4d4
=== RUN   FuzzDifficulty/0a4a225da436d333afe645f1724ccfcd33999a63
=== RUN   FuzzDifficulty/0d18e77b76738c5a9f34641f8c0f1611fb5b057b
=== RUN   FuzzDifficulty/0e6a6c414fdf7a20b12b97049e9dd5cac3129cef
=== RUN   FuzzDifficulty/1a47e3fe40fa70767051710ffbb4c3d6f0cf507a
=== RUN   FuzzDifficulty/1d61ee8993987ff9259c91731b519bf561edc228
=== RUN   FuzzDifficulty/1eda09d0166a8d9989878ac183abec4fd54d88ab
=== RUN   FuzzDifficulty/2154b3b045d92ca8112d100d28f779918ff3e9c4
=== RUN   FuzzDifficulty/2244c0fda360f554b1c372711fe03321e36683db
=== RUN   FuzzDifficulty/299b257de0457c2c06befaed40f7a79551d720f6
=== RUN   FuzzDifficulty/2db2b06e3718919082f23bc32d3999871ba48358
=== RUN   FuzzDifficulty/2eed273d016dc5ae4fb3b062bb87024d653a8e55
=== RUN   FuzzDifficulty/349ebbf323641a42296f283a367fd7346ec5a1bd
=== RUN   FuzzDifficulty/359b71b83f87c2b86bb4bd1590f373f89821ed0e
=== RUN   FuzzDifficulty/38ba14dd09c732972dd48e30c62ce2c78e676647
=== RUN   FuzzDifficulty/41fa521688e1eaf63aff5c873be9ecef8e4d4642
=== RUN   FuzzDifficulty/49f22b63fb8b926ab432bb82f1a779c33fd7607d
=== RUN   FuzzDifficulty/56f8c8031bd1af01e0f9f8f6d51b1f4d21b9c982
=== RUN   FuzzDifficulty/59905eca9ce76787cfe4c29929b0c8ff4b8cd3bc
=== RUN   FuzzDifficulty/5b69d65ef174687c47c4eef753c5f273864e0115
=== RUN   FuzzDifficulty/5cc8701ab9307d547b29dda74313119436efed53
=== RUN   FuzzDifficulty/5db8cedca585990519e3a8206913ce07bb97e31d
=== RUN   FuzzDifficulty/627c3277d82ffd5dee4649c573cbbe51d6e66adc
=== RUN   FuzzDifficulty/64f2f3f5fc9ce7f0be6bed3fd1c4b3bee5b5bb29
=== RUN   FuzzDifficulty/694dc3258b69b7a161f4bacac5bc2c97e36a9546
=== RUN   FuzzDifficulty/69a3caa488d7742029c65046aa0a163567d9dec9
=== RUN   FuzzDifficulty/6a214215797fe2cb4f12ad35298956659a8228e9
=== RUN   FuzzDifficulty/6c967267001b0f74a1689192623cb6be4faef9f9
=== RUN   FuzzDifficulty/6db5711fd5d86a5412bf1f6ed6c5b42505d785ef
=== RUN   FuzzDifficulty/73b74736664ad85828ce1be2e29fb4a68d24402b
=== RUN   FuzzDifficulty/74b4762b40d6377e78a9ee6c51e43a5049ee93b6
=== RUN   FuzzDifficulty/754b370242b9d8ebab3b31829fa42ce9c0fa90e6
=== RUN   FuzzDifficulty/774e6a979489881d43d415aff7bf7f7946e9e84a
=== RUN   FuzzDifficulty/7c0ab4c771ae75c52548dc84c30fb454081030cd
=== RUN   FuzzDifficulty/7c24e54c857ea0fdb70ed4d2b2f01aa011b63a30
=== RUN   FuzzDifficulty/7f31a68cf71cbed62f43743aca8d2f8d16d98851
=== RUN   FuzzDifficulty/7facec6e44afcab49440f7f48549e1c90da9246f
=== RUN   FuzzDifficulty/82f6795972f3ad00d6a05746a5f7580cf27462cc
=== RUN   FuzzDifficulty/85d6344b09d6e1af42bc2e4c4665f86f662d430a
=== RUN   FuzzDifficulty/870b1f6183b55bc22228f6b1d61c37ddaf277c8b
=== RUN   FuzzDifficulty/87331b1aac04b643901d99a304c71ba88ad69f6c
=== RUN   FuzzDifficulty/89b3d6375ab4d6d85d4d5eae2a7c96672aaef8cc
=== RUN   FuzzDifficulty/89e18b98c7ae08ed7e9bc796ec83ddb1bc36be51
=== RUN   FuzzDifficulty/8a2132d9f8258a7dfa423a5fde7f12739c04c7bd
=== RUN   FuzzDifficulty/8cbe57553fe9877e5ff497577a3ff18037baddd3
=== RUN   FuzzDifficulty/8d5a0aa5a82d94aa2cf05e27f935c8a2b4448c85
=== RUN   FuzzDifficulty/9069ca78e7450a285173431b3e52c5c25299e473
=== RUN   FuzzDifficulty/91291fad5e24d415b4f61bf4d3c5b4a6474e99f2
=== RUN   FuzzDifficulty/9166b2269ecba70ffa3df9ba4529b93e4a90460d
=== RUN   FuzzDifficulty/98ffd769d5966a61b78dc34d745a528d884bb6c9
=== RUN   FuzzDifficulty/9b7294d4c8eb11c09976d63d9b0b7e528ab23961
=== RUN   FuzzDifficulty/9dbe233ec99b7d4539da13c963943e7f5aec57e4
=== RUN   FuzzDifficulty/a5021bb4bf7fd1e4f98bdb8ee07ab68182d50c6a
=== RUN   FuzzDifficulty/ad77fad67f426cb083c13ee172df476455145df6
=== RUN   FuzzDifficulty/ae39fb6aff719916eb3fbbd5b2a8d79d10956ce4
=== RUN   FuzzDifficulty/aeb69c4e1346357fe9778b094c065c56f7371d23
=== RUN   FuzzDifficulty/b1a11e16fda5cd28d9a2a95cbedf5f12b4c19f8a
=== RUN   FuzzDifficulty/b621f30298dcd5373751e6b91bb0fe06fcbba90c
=== RUN   FuzzDifficulty/b68059f782e3522e1be4bb5a9cc07899ada6ff78
=== RUN   FuzzDifficulty/b6934a1d6a9c889b365829073362c596a9b8e40d
=== RUN   FuzzDifficulty/bee10147daf439e2e1a95e5510d9ae4b4ffbb574
=== RUN   FuzzDifficulty/c07f3bda37aa39a82d91914290c9d7ad95a7e2c0
=== RUN   FuzzDifficulty/c2a8b77c7ee6d83ff856182d92fdc5fdfbfc1c27
=== RUN   FuzzDifficulty/c2c6d609f56b9c8585b479dbc038275f9ca902b9
=== RUN   FuzzDifficulty/c31c566a391f85e9a9f54f382ca028c25f3ce1a3
=== RUN   FuzzDifficulty/c60fdbe34b583f5560df726b78327ce0a3fbcb54
=== RUN   FuzzDifficulty/c83369639a3875150ddb151b76cced3a70dd7511
=== RUN   FuzzDifficulty/caae107078382a156ba319493353bdee67179cf1
=== RUN   FuzzDifficulty/cb00412bd2882fe2790fb61104072afbabcc0a3d
=== RUN   FuzzDifficulty/cc629d77c23b6457e540aec06c0294a135150b53
=== RUN   FuzzDifficulty/ccae150a5267d1cc7d99841d30f7ca8f3d896f6f
=== RUN   FuzzDifficulty/cdcc803efd581b01b6ad47547364653037ccd326
=== RUN   FuzzDifficulty/ce7f0ceee26796b9e77c5069b50147e504aaea44
=== RUN   FuzzDifficulty/cee1b9329eb880752950b4d8ed2d04316ce33c17
=== RUN   FuzzDifficulty/d06af8ef7df3092e62159382f1379f0cc2cb106f
=== RUN   FuzzDifficulty/d08f88df745fa7950b104e4a707a31cfce7b5841
=== RUN   FuzzDifficulty/d5b90f6a51d4eb62736023bda40926d505943f9c
=== RUN   FuzzDifficulty/d759c4d751df4a35a1a2c67ae9df528512f3a72a
=== RUN   FuzzDifficulty/da6004f7a0d8963e747d69c5e5c0ed580dd9180a
=== RUN   FuzzDifficulty/da66180699cf86a08be25d9bf73d22d048382d17
=== RUN   FuzzDifficulty/daa7b26a5ccac299dc4847acf583d9aa3ef59fe6
=== RUN   FuzzDifficulty/e34e3566d1a3843246e075eef949d29fe75c86e1
=== RUN   FuzzDifficulty/e40e90122913e88554b2e4fd394cca5b3c50c82d
=== RUN   FuzzDifficulty/e841e9a05e797e1012289a68dcb10b58956fb5fb
=== RUN   FuzzDifficulty/e87680e6453a32ee70bcf112fabf2ab81e97ef2c
=== RUN   FuzzDifficulty/ed4f3244d8b8d7bc719b8a3155f9035edf5cc61e
=== RUN   FuzzDifficulty/ee5ecfe4dee27fe998787baa1ce7d9c6ba920077
=== RUN   FuzzDifficulty/ee60554d7c93a612b93fbd51701ece0467b7e9df
=== RUN   FuzzDifficulty/f02512b6957c8e8deec649ab5f3ad8982bb06a75
=== RUN   FuzzDifficulty/f38e9944cdece473da4284f83663f8e5e07f504b
=== RUN   FuzzDifficulty/f4489f441616a8ebab7f737a20ed4d22cf3d77bd
=== RUN   FuzzDifficulty/f78c5bfb434b99850ca61bc9fffff3c82a231ece
=== RUN   FuzzDifficulty/fb57c8d268ac7ddd33baadd3d7223a6508b7489d
=== RUN   FuzzDifficulty/ff55b51847daaba8eaead16c35cec29127d1bef8
--- PASS: FuzzDifficulty (0.00s)
    --- PASS: FuzzDifficulty/078f36e0e64769919e28ec4310bd9bb96ed2d4d4 (0.00s)
    --- PASS: FuzzDifficulty/0a4a225da436d333afe645f1724ccfcd33999a63 (0.00s)
    --- PASS: FuzzDifficulty/0d18e77b76738c5a9f34641f8c0f1611fb5b057b (0.00s)
    --- PASS: FuzzDifficulty/0e6a6c414fdf7a20b12b97049e9dd5cac3129cef (0.00s)
    --- PASS: FuzzDifficulty/1a47e3fe40fa70767051710ffbb4c3d6f0cf507a (0.00s)
    --- PASS: FuzzDifficulty/1d61ee8993987ff9259c91731b519bf561edc228 (0.00s)
    --- PASS: FuzzDifficulty/1eda09d0166a8d9989878ac183abec4fd54d88ab (0.00s)
    --- PASS: FuzzDifficulty/2154b3b045d92ca8112d100d28f779918ff3e9c4 (0.00s)
    --- PASS: FuzzDifficulty/2244c0fda360f554b1c372711fe03321e36683db (0.00s)
    --- PASS: FuzzDifficulty/299b257de0457c2c06befaed40f7a79551d720f6 (0.00s)
    --- PASS: FuzzDifficulty/2db2b06e3718919082f23bc32d3999871ba48358 (0.00s)
    --- PASS: FuzzDifficulty/2eed273d016dc5ae4fb3b062bb87024d653a8e55 (0.00s)
    --- PASS: FuzzDifficulty/349ebbf323641a42296f283a367fd7346ec5a1bd (0.00s)
    --- PASS: FuzzDifficulty/359b71b83f87c2b86bb4bd1590f373f89821ed0e (0.00s)
    --- PASS: FuzzDifficulty/38ba14dd09c732972dd48e30c62ce2c78e676647 (0.00s)
    --- PASS: FuzzDifficulty/41fa521688e1eaf63aff5c873be9ecef8e4d4642 (0.00s)
    --- PASS: FuzzDifficulty/49f22b63fb8b926ab432bb82f1a779c33fd7607d (0.00s)
    --- PASS: FuzzDifficulty/56f8c8031bd1af01e0f9f8f6d51b1f4d21b9c982 (0.00s)
    --- PASS: FuzzDifficulty/59905eca9ce76787cfe4c29929b0c8ff4b8cd3bc (0.00s)
    --- PASS: FuzzDifficulty/5b69d65ef174687c47c4eef753c5f273864e0115 (0.00s)
    --- PASS: FuzzDifficulty/5cc8701ab9307d547b29dda74313119436efed53 (0.00s)
    --- PASS: FuzzDifficulty/5db8cedca585990519e3a8206913ce07bb97e31d (0.00s)
    --- PASS: FuzzDifficulty/627c3277d82ffd5dee4649c573cbbe51d6e66adc (0.00s)
    --- PASS: FuzzDifficulty/64f2f3f5fc9ce7f0be6bed3fd1c4b3bee5b5bb29 (0.00s)
    --- PASS: FuzzDifficulty/694dc3258b69b7a161f4bacac5bc2c97e36a9546 (0.00s)
    --- PASS: FuzzDifficulty/69a3caa488d7742029c65046aa0a163567d9dec9 (0.00s)
    --- PASS: FuzzDifficulty/6a214215797fe2cb4f12ad35298956659a8228e9 (0.00s)
    --- PASS: FuzzDifficulty/6c967267001b0f74a1689192623cb6be4faef9f9 (0.00s)
    --- PASS: FuzzDifficulty/6db5711fd5d86a5412bf1f6ed6c5b42505d785ef (0.00s)
    --- PASS: FuzzDifficulty/73b74736664ad85828ce1be2e29fb4a68d24402b (0.00s)
    --- PASS: FuzzDifficulty/74b4762b40d6377e78a9ee6c51e43a5049ee93b6 (0.00s)
    --- PASS: FuzzDifficulty/754b370242b9d8ebab3b31829fa42ce9c0fa90e6 (0.00s)
    --- PASS: FuzzDifficulty/774e6a979489881d43d415aff7bf7f7946e9e84a (0.00s)
    --- PASS: FuzzDifficulty/7c0ab4c771ae75c52548dc84c30fb454081030cd (0.00s)
    --- PASS: FuzzDifficulty/7c24e54c857ea0fdb70ed4d2b2f01aa011b63a30 (0.00s)
    --- PASS: FuzzDifficulty/7f31a68cf71cbed62f43743aca8d2f8d16d98851 (0.00s)
    --- PASS: FuzzDifficulty/7facec6e44afcab49440f7f48549e1c90da9246f (0.00s)
    --- PASS: FuzzDifficulty/82f6795972f3ad00d6a05746a5f7580cf27462cc (0.00s)
    --- PASS: FuzzDifficulty/85d6344b09d6e1af42bc2e4c4665f86f662d430a (0.00s)
    --- PASS: FuzzDifficulty/870b1f6183b55bc22228f6b1d61c37ddaf277c8b (0.00s)
    --- PASS: FuzzDifficulty/87331b1aac04b643901d99a304c71ba88ad69f6c (0.00s)
    --- PASS: FuzzDifficulty/89b3d6375ab4d6d85d4d5eae2a7c96672aaef8cc (0.00s)
    --- PASS: FuzzDifficulty/89e18b98c7ae08ed7e9bc796ec83ddb1bc36be51 (0.00s)
    --- PASS: FuzzDifficulty/8a2132d9f8258a7dfa423a5fde7f12739c04c7bd (0.00s)
    --- PASS: FuzzDifficulty/8cbe57553fe9877e5ff497577a3ff18037baddd3 (0.00s)
    --- PASS: FuzzDifficulty/8d5a0aa5a82d94aa2cf05e27f935c8a2b4448c85 (0.00s)
    --- PASS: FuzzDifficulty/9069ca78e7450a285173431b3e52c5c25299e473 (0.00s)
    --- PASS: FuzzDifficulty/91291fad5e24d415b4f61bf4d3c5b4a6474e99f2 (0.00s)
    --- PASS: FuzzDifficulty/9166b2269ecba70ffa3df9ba4529b93e4a90460d (0.00s)
    --- PASS: FuzzDifficulty/98ffd769d5966a61b78dc34d745a528d884bb6c9 (0.00s)
    --- PASS: FuzzDifficulty/9b7294d4c8eb11c09976d63d9b0b7e528ab23961 (0.00s)
    --- PASS: FuzzDifficulty/9dbe233ec99b7d4539da13c963943e7f5aec57e4 (0.00s)
    --- PASS: FuzzDifficulty/a5021bb4bf7fd1e4f98bdb8ee07ab68182d50c6a (0.00s)
    --- PASS: FuzzDifficulty/ad77fad67f426cb083c13ee172df476455145df6 (0.00s)
    --- PASS: FuzzDifficulty/ae39fb6aff719916eb3fbbd5b2a8d79d10956ce4 (0.00s)
    --- PASS: FuzzDifficulty/aeb69c4e1346357fe9778b094c065c56f7371d23 (0.00s)
    --- PASS: FuzzDifficulty/b1a11e16fda5cd28d9a2a95cbedf5f12b4c19f8a (0.00s)
    --- PASS: FuzzDifficulty/b621f30298dcd5373751e6b91bb0fe06fcbba90c (0.00s)
    --- PASS: FuzzDifficulty/b68059f782e3522e1be4bb5a9cc07899ada6ff78 (0.00s)
    --- PASS: FuzzDifficulty/b6934a1d6a9c889b365829073362c596a9b8e40d (0.00s)
    --- PASS: FuzzDifficulty/bee10147daf439e2e1a95e5510d9ae4b4ffbb574 (0.00s)
    --- PASS: FuzzDifficulty/c07f3bda37aa39a82d91914290c9d7ad95a7e2c0 (0.00s)
    --- PASS: FuzzDifficulty/c2a8b77c7ee6d83ff856182d92fdc5fdfbfc1c27 (0.00s)
    --- PASS: FuzzDifficulty/c2c6d609f56b9c8585b479dbc038275f9ca902b9 (0.00s)
    --- PASS: FuzzDifficulty/c31c566a391f85e9a9f54f382ca028c25f3ce1a3 (0.00s)
    --- PASS: FuzzDifficulty/c60fdbe34b583f5560df726b78327ce0a3fbcb54 (0.00s)
    --- PASS: FuzzDifficulty/c83369639a3875150ddb151b76cced3a70dd7511 (0.00s)
    --- PASS: FuzzDifficulty/caae107078382a156ba319493353bdee67179cf1 (0.00s)
    --- PASS: FuzzDifficulty/cb00412bd2882fe2790fb61104072afbabcc0a3d (0.00s)
    --- PASS: FuzzDifficulty/cc629d77c23b6457e540aec06c0294a135150b53 (0.00s)
    --- PASS: FuzzDifficulty/ccae150a5267d1cc7d99841d30f7ca8f3d896f6f (0.00s)
    --- PASS: FuzzDifficulty/cdcc803efd581b01b6ad47547364653037ccd326 (0.00s)
    --- PASS: FuzzDifficulty/ce7f0ceee26796b9e77c5069b50147e504aaea44 (0.00s)
    --- PASS: FuzzDifficulty/cee1b9329eb880752950b4d8ed2d04316ce33c17 (0.00s)
    --- PASS: FuzzDifficulty/d06af8ef7df3092e62159382f1379f0cc2cb106f (0.00s)
    --- PASS: FuzzDifficulty/d08f88df745fa7950b104e4a707a31cfce7b5841 (0.00s)
    --- PASS: FuzzDifficulty/d5b90f6a51d4eb62736023bda40926d505943f9c (0.00s)
    --- PASS: FuzzDifficulty/d759c4d751df4a35a1a2c67ae9df528512f3a72a (0.00s)
    --- PASS: FuzzDifficulty/da6004f7a0d8963e747d69c5e5c0ed580dd9180a (0.00s)
    --- PASS: FuzzDifficulty/da66180699cf86a08be25d9bf73d22d048382d17 (0.00s)
    --- PASS: FuzzDifficulty/daa7b26a5ccac299dc4847acf583d9aa3ef59fe6 (0.00s)
    --- PASS: FuzzDifficulty/e34e3566d1a3843246e075eef949d29fe75c86e1 (0.00s)
    --- PASS: FuzzDifficulty/e40e90122913e88554b2e4fd394cca5b3c50c82d (0.00s)
    --- PASS: FuzzDifficulty/e841e9a05e797e1012289a68dcb10b58956fb5fb (0.00s)
    --- PASS: FuzzDifficulty/e87680e6453a32ee70bcf112fabf2ab81e97ef2c (0.00s)
    --- PASS: FuzzDifficulty/ed4f3244d8b8d7bc719b8a3155f9035edf5cc61e (0.00s)
    --- PASS: FuzzDifficulty/ee5ecfe4dee27fe998787baa1ce7d9c6ba920077 (0.00s)
    --- PASS: FuzzDifficulty/ee60554d7c93a612b93fbd51701ece0467b7e9df (0.00s)
    --- PASS: FuzzDifficulty/f02512b6957c8e8deec649ab5f3ad8982bb06a75 (0.00s)
    --- PASS: FuzzDifficulty/f38e9944cdece473da4284f83663f8e5e07f504b (0.00s)
    --- PASS: FuzzDifficulty/f4489f441616a8ebab7f737a20ed4d22cf3d77bd (0.00s)
    --- PASS: FuzzDifficulty/f78c5bfb434b99850ca61bc9fffff3c82a231ece (0.00s)
    --- PASS: FuzzDifficulty/fb57c8d268ac7ddd33baadd3d7223a6508b7489d (0.00s)
    --- PASS: FuzzDifficulty/ff55b51847daaba8eaead16c35cec29127d1bef8 (0.00s)
PASS
coverage: 95.7% of statements
ok  	github.com/morph-l2/go-ethereum/tests/fuzzers/difficulty	0.044s	coverage: 95.7% of statements
	github.com/morph-l2/go-ethereum/tests/fuzzers/difficulty/debug		coverage: 0.0% of statements
