=== RUN   FuzzStacktrie
=== RUN   FuzzStacktrie/005b7367afb442ffb3398cf91f9276505f44f0be
=== RUN   FuzzStacktrie/006bc5a86f96dab82aacdbf97ab690101e13d8ed
=== RUN   FuzzStacktrie/009bd4376fa0148a2985ce11aad47e2f8cfb3855
=== RUN   FuzzStacktrie/00b71828ab8204f108bc84508a0a2fe4cbe3f822
=== RUN   FuzzStacktrie/01bfac3602f6c888e4139f67d797ea9d025393ac
=== RUN   FuzzStacktrie/03da344e58d169531b7808e47e02776f9a37d828
=== RUN   FuzzStacktrie/03e21c9ea8c380a68064ecbee141cbc8c269da59
=== RUN   FuzzStacktrie/042c7c06a472ae40ca0a68993adba986829948b5
=== RUN   FuzzStacktrie/04dca20c09a8f6fba96293a42efcec553588c614
=== RUN   FuzzStacktrie/05040d33eaa56db106e5d55d9eeaa18f0acd48ab
=== RUN   FuzzStacktrie/05653b6f4917201b902e829e0993f8703f960bb0
=== RUN   FuzzStacktrie/057adb913f2aaea93dd48f3598845386a07e1a9e
=== RUN   FuzzStacktrie/05cdfece5ed2c7004bb4e11b69f8553e626c4a77
=== RUN   FuzzStacktrie/05ffc790bca685ce04be3e8697481f8f4e147f5a
=== RUN   FuzzStacktrie/064fc3280adcf01b1b5660bc1aadd903083c9648
=== RUN   FuzzStacktrie/08e1e687a583bd4591eb15c26af341a89e7910ba
=== RUN   FuzzStacktrie/0963d9713888216f4dde06100a7e8efbbf5e2b69
=== RUN   FuzzStacktrie/098652e3d302599c06100cf2aafecb7c6df0cd39
=== RUN   FuzzStacktrie/0994ca42f8d629f02333936b93da9d4589cbc6b0
=== RUN   FuzzStacktrie/0a2ac0d6b2323b673ed9ad61745cf8fec2e75660
=== RUN   FuzzStacktrie/0aa6c2d5b233febb922558ce45999fdb20795a0e
=== RUN   FuzzStacktrie/0b14dac02c5349bd7f1e1266c9d5b94106583ce9
=== RUN   FuzzStacktrie/0d8699b50b85703921688e0ad36487d4498c4a87
=== RUN   FuzzStacktrie/0da84313b8c3f98ec6174cce17807aaa8dcd1f38
=== RUN   FuzzStacktrie/0ebae4643b4faa8d2df91cb1a31954302fb08157
=== RUN   FuzzStacktrie/0eec3714b326c9bca7559564b01b23180792146c
=== RUN   FuzzStacktrie/1073ca6aef9cfee9c0404f960d73af3c8b1523d0
=== RUN   FuzzStacktrie/11af32b6d80d4e1c3daf980953f2307c4cc07a86
=== RUN   FuzzStacktrie/13b5db87b2c8c42a8e850491d3252c8f89ea7275
=== RUN   FuzzStacktrie/14c2fb9859f20d2ec2955a6c1cb11deabd1a1a75
=== RUN   FuzzStacktrie/14ca4ae9b328ead90f31188a24d740844302659c
=== RUN   FuzzStacktrie/159e6d72438ce1655059929e74ba2de5f13e893b
=== RUN   FuzzStacktrie/15e9d3ad1808e341b3ebf14faab3c166613d3003
=== RUN   FuzzStacktrie/16dba5ca04e4f2662b57698c0a667788e58700a5
=== RUN   FuzzStacktrie/181340349257f71c6911f0ad2c955086f3310bfe
=== RUN   FuzzStacktrie/1860d0e0fd2e7e9386d1ee91ce986477817ae352
=== RUN   FuzzStacktrie/189ee25e05837490adbe41b6555d170074b3f97a
=== RUN   FuzzStacktrie/18cae11c1b4ff73a3d1aafe57f3b07814ab8551f
=== RUN   FuzzStacktrie/199efa97fa77257e770a3a601e2a6d635e23f4ac
=== RUN   FuzzStacktrie/19ee32294a91a916e2fc1192425362b0972758f9
=== RUN   FuzzStacktrie/1a54d93b326ca030347d160826723e470f4c3c15
=== RUN   FuzzStacktrie/1ac5a273a0672b67b4512314cd77edd30107f446
=== RUN   FuzzStacktrie/1c6763f56a90090fae890b34519660346e5e8a11
=== RUN   FuzzStacktrie/1ca215079fe97846cb3a998cc3f0a1dcfa5e8bd4
=== RUN   FuzzStacktrie/1cca7ce7a368b2074a0dda26c95c915dbad35c32
=== RUN   FuzzStacktrie/1d502ca1b7dd3fe6c808dbb6250d00d7ee56101e
=== RUN   FuzzStacktrie/1d65ad19c0ce9f1aa69d598f066f59063b1e4e24
=== RUN   FuzzStacktrie/1d86c6b8aed8734b4b614198a7ec932db882602d
=== RUN   FuzzStacktrie/1e93587333a2d75133923cccbdfa15e7104c90ff
=== RUN   FuzzStacktrie/21acf2c8ef36a9bdb6ec050c1c52640a71a4d5aa
=== RUN   FuzzStacktrie/21fff4f724fe6d0c8ff2aa234795201f1e474265
=== RUN   FuzzStacktrie/22d0be556b2a151c3b3c981990f4c620b2e7bf2c
=== RUN   FuzzStacktrie/22e451fa01b7eea5369b76f71647870f9da990c8
=== RUN   FuzzStacktrie/24d932bf36de35a3da4594da686b1133ccc3777a
=== RUN   FuzzStacktrie/268a1a8e0ecad74b56efcca0e0f907389b28b235
=== RUN   FuzzStacktrie/26e151ef4a0f0b41eb144b04d3a7cbb1f15ae19c
=== RUN   FuzzStacktrie/27089d2bd777c2e3ff5d57770aa3d822133ea56d
=== RUN   FuzzStacktrie/274cf47e14d80dfaa50e657bbd0ddf4e1718800d
=== RUN   FuzzStacktrie/28b2603847a06c8a450c6a0dbaac8ab86f796c92
=== RUN   FuzzStacktrie/293df7d5bd453a916794417639e9fe4aed4c829d
=== RUN   FuzzStacktrie/294d3f0bc1caeb8cf05eb7a200b4f7703419470f
=== RUN   FuzzStacktrie/2b4c07b4150cf59d8e45c95a1bd9b43577eeabd1
=== RUN   FuzzStacktrie/2deefe96da6baeb5b3f866a899e0b812a74bf598
=== RUN   FuzzStacktrie/306145d74ec922295c4610b1cad8b34971128a4c
=== RUN   FuzzStacktrie/354dbf781a16b182b2c41fdcd6e6cc045d01af46
=== RUN   FuzzStacktrie/37c101c589b604a3a00c9d39d7cab111da6abdfd
=== RUN   FuzzStacktrie/397e7720c834bdcf1f0bab7ba57668b8ee0f16e5
=== RUN   FuzzStacktrie/39bcf5516fcb769fffd131360a8292fba415e4d4
=== RUN   FuzzStacktrie/3a2768ad3fce8d2d3d458d59900078ba75baf770
=== RUN   FuzzStacktrie/3a5cc39d824ac3c5559731ffd8dabd6efbca5f0b
=== RUN   FuzzStacktrie/3ab2fc34747ea36cb2b01b9a9dc306cf68da449f
=== RUN   FuzzStacktrie/3b1c164dfb62d8d9fbdf885c77cf7b9f0f085634
=== RUN   FuzzStacktrie/3ca8902297645192b1aff20f7933a89ee620cc1b
=== RUN   FuzzStacktrie/3d46a9e757997b533ae715ae2ec8ecb115e72477
=== RUN   FuzzStacktrie/3e392ccbfb7253753124fbdb5f6410ff1481cf58
=== RUN   FuzzStacktrie/3e82f8db0d5b4e202f377368a981bdbfe7d517d8
=== RUN   FuzzStacktrie/3ef6f0af8b52328767aec65e4ab3f4176e21a303
=== RUN   FuzzStacktrie/4092533de715755ff76a1a194893fd172fb859f5
=== RUN   FuzzStacktrie/414bb0a61d3da5300f2e32377a8b568abc6ee556
=== RUN   FuzzStacktrie/4165b512c5e7293952024f8782c0cf39c24752d2
=== RUN   FuzzStacktrie/41eb53037bbb3c9c23472734f63d6eb90947eb64
=== RUN   FuzzStacktrie/43cd823c58ea50542e6e457fd17fd60fd2802b9b
=== RUN   FuzzStacktrie/44b668b6a04e77325e937f99fa94d804c7e9b5a1
=== RUN   FuzzStacktrie/450de964754b1e764f1a8a04b76c5d4a3125c662
=== RUN   FuzzStacktrie/4513a044ec4b2d24f85e38f678dfdec4c7332057
=== RUN   FuzzStacktrie/455aca0fbc89c6ac5991d3fd4b4ad1abbac08b18
=== RUN   FuzzStacktrie/45b0d1d323f747daf9d9a9d5ff4394a497695248
=== RUN   FuzzStacktrie/4646f77e63dadb7b1881db96dd622c9f509b9011
=== RUN   FuzzStacktrie/4727478189334c51ed94e1a4a79ab040477b3178
=== RUN   FuzzStacktrie/47ed112279feec998e67c47cab7048812fda79bb
=== RUN   FuzzStacktrie/48b3df1b363e74095253450f3f4a0fe987e77c22
=== RUN   FuzzStacktrie/49199b36df5b85ec45935a38b159988fe5b930ea
=== RUN   FuzzStacktrie/4a8f45df55f812b10230c3f2b9a998d7b5264886
=== RUN   FuzzStacktrie/4aed1cf4ac007fc6c92454afc60e41c1b6a3b187
=== RUN   FuzzStacktrie/4b57dbf6a0febd9bb57358ce7c56d9a9947932a3
=== RUN   FuzzStacktrie/4c8391ee263c03889d57fc8a26f99892c880b894
=== RUN   FuzzStacktrie/4de0dee5ff5a7d303d6f5b9c77a96a838d7d4e41
=== RUN   FuzzStacktrie/4e0155914a3a2ba1b26f4b6d39fc509bf764eab1
=== RUN   FuzzStacktrie/4e3bd4415e18fafea8c27645733640155a34d4c0
=== RUN   FuzzStacktrie/4e60014775e51d9420b79d5503bb299b0c3c3452
=== RUN   FuzzStacktrie/4e9cf596f64abd827622ff8869bbe0455c3cd224
=== RUN   FuzzStacktrie/4f612e842d5434ab3cdb2bb0a285e954a72c0a73
=== RUN   FuzzStacktrie/502f2bc0e3d13063e378c5911d68467e5dca7358
=== RUN   FuzzStacktrie/50908942dfa32255a25d3cb3eba1ed83f69e1ffc
=== RUN   FuzzStacktrie/5376b9e542a29429053c06f4a3e6d5251f72c47b
=== RUN   FuzzStacktrie/53a5e8e039727ef45affd861582112606ac6ef71
=== RUN   FuzzStacktrie/55676bd068feaf71e4cdcc498862fb7d25e1422f
=== RUN   FuzzStacktrie/55d6fd5c07b4e4ef442ad2a3c5b789baea8affca
=== RUN   FuzzStacktrie/588d324834af63f11b98583be93a2a8337ed9099
=== RUN   FuzzStacktrie/58f3f1ab38b862bad99cc094cb42194e696c7c6a
=== RUN   FuzzStacktrie/597ad8b2f80ce6c5d71f058c87d68592e733905e
=== RUN   FuzzStacktrie/5d2f881932ceec54ddee8b00d35cbfaf7d948699
=== RUN   FuzzStacktrie/5dee4a692837920ba71082221ac4b793fcbdbd05
=== RUN   FuzzStacktrie/5f168e341f4a8e4bdacbcfe2d700a8bc6754f456
=== RUN   FuzzStacktrie/5fe388e560cbad184911ebc4eb87625fe943f9ed
=== RUN   FuzzStacktrie/60d0c2af4d9bdf074d5122529b1d830230f3acf6
=== RUN   FuzzStacktrie/6163b57b016143968632546d255e0cee64828352
=== RUN   FuzzStacktrie/61a92f642b2cf58f20bb1d706e4bb371e95857fb
=== RUN   FuzzStacktrie/62bf7edb9e53ea2b82d98210389e018f9ac6038f
=== RUN   FuzzStacktrie/631d3be8cafa82848b26b230479abcc2c601d31e
=== RUN   FuzzStacktrie/64c7b98bbf66f5073d7858a3f944ec620040456b
=== RUN   FuzzStacktrie/657930fb42383fa0ed7bbe91a41749b5f432a4c8
=== RUN   FuzzStacktrie/6766daae41a20c443d3b7ee6072dee68e1019da0
=== RUN   FuzzStacktrie/682317d75365fe08ed31acd5d03447e005b9497a
=== RUN   FuzzStacktrie/690629b32a6baf6c9e3de0b64912b08caa80b903
=== RUN   FuzzStacktrie/699b39bde72d9ae8682d72a0ed318dbf8e892673
=== RUN   FuzzStacktrie/699ed3c304648d2acee097e757192dc3bef9ec68
=== RUN   FuzzStacktrie/69d47955a6c09a9f802978284fcd7db627710f24
=== RUN   FuzzStacktrie/6e81ced965adde8e0724de6744802cd3cf7a95ac
=== RUN   FuzzStacktrie/6eb4ee6f0682b078962c8bdb6238b0aec448a988
=== RUN   FuzzStacktrie/6edcd06982531171d3600585a4431f80d13d3d41
=== RUN   FuzzStacktrie/6ee6b7f0e422ef3fe9bda83e7c7d87e4bbead4f9
=== RUN   FuzzStacktrie/6f0511d67c9948484ee4005498e7da9494e72646
=== RUN   FuzzStacktrie/6fa968e11de75d1b28e703e726f1ba25edc3c022
=== RUN   FuzzStacktrie/6fbd012930cb17559d448c96fbd61d54f78b5f2e
=== RUN   FuzzStacktrie/70587fe73bdb00fe2a43d370b5c26ceb7cd5af03
=== RUN   FuzzStacktrie/71eec0a3917e3f98b147811a4d1dbc59dc249aee
=== RUN   FuzzStacktrie/721f4d502b7e891e723e8a3e40e170072d12327d
=== RUN   FuzzStacktrie/72f285b9e0a8721d445ee18312b52dc8184b734c
=== RUN   FuzzStacktrie/7312981864da11813be699a85f044b4d4e693c1a
=== RUN   FuzzStacktrie/73dcf94e6be248cb17bb5e1cdeb912ae7b5cb76c
=== RUN   FuzzStacktrie/74aa279084d35d61f74b7b42576ff3359aed917e
=== RUN   FuzzStacktrie/74cce9f3ee589b060853477e2788ce9fcb34f188
=== RUN   FuzzStacktrie/7508444960adcb8c4f023d137b492cd35ca19b95
=== RUN   FuzzStacktrie/7676e9f708abb791300a0631d59cca80aab5d1d3
=== RUN   FuzzStacktrie/76a93becfdda835786899ea41a6fede9d418bb13
=== RUN   FuzzStacktrie/770f1b82aa89db02869b86ef21c515d154a3bcf0
=== RUN   FuzzStacktrie/773745b11718588023c46a55a7ef1e3e8426b453
=== RUN   FuzzStacktrie/798045646aba96578dc0268f54c81b7d6afcc3e4
=== RUN   FuzzStacktrie/7b1e9081965d9fdcae713f0f5b025dce7626f434
=== RUN   FuzzStacktrie/7b33d1b09a75e247995b904410b06f05c559b3f2
=== RUN   FuzzStacktrie/7b724afd8f96bb82535d0418b3beaf514c9fcb17
=== RUN   FuzzStacktrie/7d19bab54041dc1c4c42d015b26eb5c66e3a2e97
=== RUN   FuzzStacktrie/7d6ddc0cb63c3278e34531f5b7ac00a412182e77
=== RUN   FuzzStacktrie/7d8d11256f04b7ea701910e169d2cb33ae62d997
=== RUN   FuzzStacktrie/7f01171aa734567d1f574311e874c6d1957f786a
=== RUN   FuzzStacktrie/7f081effd25f421d8044c88f5db6f4f7e71ca8cd
=== RUN   FuzzStacktrie/8090dfa9f78c7599dcf603638410bb861bba4c10
=== RUN   FuzzStacktrie/80b5572eeb6e750157924f77e517e8edc5d53492
=== RUN   FuzzStacktrie/80e479cf290b2cbfeb98f0ebc2d6347457679b2e
=== RUN   FuzzStacktrie/81a9d9929d18bb03e25457434c0ac834122cdcb0
=== RUN   FuzzStacktrie/8270d5f580c161a39cff38b94ad86f3e72be2eb9
=== RUN   FuzzStacktrie/8379d2449a8ff76a32d978776b2c0a257c5dbb5e
=== RUN   FuzzStacktrie/83936338f883968ffdf28ec4836584a36b40f12f
=== RUN   FuzzStacktrie/85b88fe7f28b8ce02b360bdf1b374b538be38edd
=== RUN   FuzzStacktrie/861f7ebbfd25f17a2fff857d16ebd4c70648e1c9
=== RUN   FuzzStacktrie/871752173f16a2032e0123e510435ac295f8d4fa
=== RUN   FuzzStacktrie/877a644dbe78b19a27f9c37707917894a9ad9fcc
=== RUN   FuzzStacktrie/87a9f7e4532d1aeb8ac2ed5c384060f82e845576
=== RUN   FuzzStacktrie/89670f97e5e4861d42e8f2f37009240a78977d00
=== RUN   FuzzStacktrie/897ab61ad855a07b7455d2354ce964a4fbce1bd6
=== RUN   FuzzStacktrie/89913c49f1bd9bd7290e13ffb2375e6c94349ed7
=== RUN   FuzzStacktrie/8a1b9d4a1b07f6c3aac27f98420b7442ecfd3ef6
=== RUN   FuzzStacktrie/8a9070f47f4dd17008f9c2499a23a5d27aba550e
=== RUN   FuzzStacktrie/8b4ac87c3b54f7d125246c342e26884c8d77dcd0
=== RUN   FuzzStacktrie/8b872f117563371901c764aaef801e6e3ab65f10
=== RUN   FuzzStacktrie/8ba050697ccf81c302ffaba4bc2b08350f8a6073
=== RUN   FuzzStacktrie/8c402d42b38696e04c2c3f8c8b0651ec13eb1c7a
=== RUN   FuzzStacktrie/8c7216bf610e16d4b8b1ecb64cf18f8c5c4c4f16
=== RUN   FuzzStacktrie/8d522e07bd6ea36c8bd68f4d78cbd402f312d0b0
=== RUN   FuzzStacktrie/8d854bfd676ffa0007e79940cd3e349f480065d4
=== RUN   FuzzStacktrie/8e56df6d456833e27829a7242b9c740423401267
=== RUN   FuzzStacktrie/8ec1434760e47bd1a83c8d9a2274ec7c99ee0beb
=== RUN   FuzzStacktrie/8efbb9c04c87add2d9552e9f68c7660a3f1ee7d7
=== RUN   FuzzStacktrie/8f27084b6294ddbe28dbcbf98f798730e8a79289
=== RUN   FuzzStacktrie/8fb4c0160b49eaca6f26717c8946a84d72325c8d
=== RUN   FuzzStacktrie/9069ca78e7450a285173431b3e52c5c25299e473
=== RUN   FuzzStacktrie/9114ec0825391bf9d04bbc5651468a1b97861a8f
=== RUN   FuzzStacktrie/92088bdd3e0285c8453d1a511bd0b729d56dba2e
=== RUN   FuzzStacktrie/9300464d5ed41e13aaa523bec72eeb4c999237b0
=== RUN   FuzzStacktrie/93e9c7db8dbeef0bd68473aa354c85d786fb72a2
=== RUN   FuzzStacktrie/9443efbd84e40d1ab847670b46651a13a925eddd
=== RUN   FuzzStacktrie/946b6af5040e1281313311b380a51544110132bf
=== RUN   FuzzStacktrie/94e1d143c6ec9c2bad1f92c52c9c992d5e6b2c93
=== RUN   FuzzStacktrie/950dde4b3e3fde3ce5974414c5bb99c17dfbf067
=== RUN   FuzzStacktrie/959491badff8f21f8d875d2a3cb69b1e10a04798
=== RUN   FuzzStacktrie/973d27b44d9d3e59f2d4295351e3f6f78ed2d2c7
=== RUN   FuzzStacktrie/98c8d406183d8cc4a3f76ecc413aba7117e6c937
=== RUN   FuzzStacktrie/9aab32e3aaedd531ff76ad352a312131e1530cd5
=== RUN   FuzzStacktrie/9b9f4dba25e2f65f20d1807461c5c2c7ada17708
=== RUN   FuzzStacktrie/9d0b62a2676ed4f0e6dc386aa769f941209800d9
=== RUN   FuzzStacktrie/9d3bd851c96b92449df1a19e2c5f11dce434d5c1
=== RUN   FuzzStacktrie/9e11cefcfd1d9b55e89d1a6d5a56d96d64631287
=== RUN   FuzzStacktrie/a002b3e2e62083c9d0f224ab3fe028ed191a3e52
=== RUN   FuzzStacktrie/a2c76de75d1d6e0ad8e943ef1403c767654bbf75
=== RUN   FuzzStacktrie/a4752d41e622c686bcf5cc95dd068854b17da3ec
=== RUN   FuzzStacktrie/a4d97133536d4a9bbbfaf6e60ab85584f717f38c
=== RUN   FuzzStacktrie/a5d05a2ffcc8657b0feefba3d002f6457eb111f8
=== RUN   FuzzStacktrie/a60c5c47a218dff047c170c450ecc02aecc2beb4
=== RUN   FuzzStacktrie/a66306f8bd0e0adf833327ab425aabdd951c533e
=== RUN   FuzzStacktrie/a72cc912293ebe9320e89650681032277dd427ad
=== RUN   FuzzStacktrie/a852aaab997b489b4a37ab8bcee40a6bf97f1d2f
=== RUN   FuzzStacktrie/aa3f2d6afbcdfbbc7946b5c515c74e4b5554a207
=== RUN   FuzzStacktrie/ab48e85592e74659b0605b7693fa880d624d5dde
=== RUN   FuzzStacktrie/ab5c6bc39fa5d44a13faf430fa8d66133d1bd09b
=== RUN   FuzzStacktrie/abc8892e41c7aef08c612ea384cd805ade0560f5
=== RUN   FuzzStacktrie/abd386e4d5fae486f7018662f3287f1e6a1ae28b
=== RUN   FuzzStacktrie/ac6661cff45b9c2fa57ab022c5da71cc2cec7f0c
=== RUN   FuzzStacktrie/ac71ac363e4abac1a8b8d655370fec0218c51af4
=== RUN   FuzzStacktrie/ac739e76c7db8282baf0c5f38961097ab014a5fa
=== RUN   FuzzStacktrie/ac926692cd0c018cd2287d152000adf57201073f
=== RUN   FuzzStacktrie/acac6bd470ab09baa6c4c752cae20f0dd31c79c7
=== RUN   FuzzStacktrie/adc83b19e793491b1c6ea0fd8b46cd9f32e592fc
=== RUN   FuzzStacktrie/add29013a4c0dfd69af4b9af09d39ddee0109627
=== RUN   FuzzStacktrie/ae4ab25be2cafe78229bca87c1c1ddb49aa020f1
=== RUN   FuzzStacktrie/af2ea80fa5b9b9251fbbc71b1660f5558a754482
=== RUN   FuzzStacktrie/b0ddf9cdf1f7ac1b1b20eb57cccbfd8f40283434
=== RUN   FuzzStacktrie/b131e905be55442737a8b919745d94ac05b48de6
=== RUN   FuzzStacktrie/b17e0f2156ed7a185320fbe9fba664047bd114fb
=== RUN   FuzzStacktrie/b18de68ab58efdd5951487cb71febce445180352
=== RUN   FuzzStacktrie/b281f0eef04d2845b5e7f494e779f842764271be
=== RUN   FuzzStacktrie/b328ce9dc148f50fc1ff73c9d2ca404bd9d9baa8
=== RUN   FuzzStacktrie/b692106ccfccd18a6649cee08bf3708ba7b010e1
=== RUN   FuzzStacktrie/b725288b3e90a17f44e8cf1e2a2f3817cc00366c
=== RUN   FuzzStacktrie/b7fbb5c9025c8eb6aad509e941d6614c972b5e71
=== RUN   FuzzStacktrie/b853ffdbf5509a6d85b6f85832b198a5e7db3182
=== RUN   FuzzStacktrie/ba6e44d8e19169a28350c59627f441874ba99eb4
=== RUN   FuzzStacktrie/bacd5deaab3c5f68cbad8dc1b57fef14269abf52
=== RUN   FuzzStacktrie/bad166f38be19be3636d31c7c9f57e1b472936e4
=== RUN   FuzzStacktrie/bc916ff6c90fe9ffbef95aa24726bec0c81d6961
=== RUN   FuzzStacktrie/bd300d5c18cf9ddf3643180eed3fc2cde7c0eb91
=== RUN   FuzzStacktrie/bd581d1ad0f0ec99034e847c9de162fa313b57bd
=== RUN   FuzzStacktrie/c07aa34126a523f14ad0aa6790c9c1bad61b5b1b
=== RUN   FuzzStacktrie/c0d1bf94d59cb9d88ee8370dc3b03ac0f1caf114
=== RUN   FuzzStacktrie/c131268dec722331c3c6616561821a1a07aa4a2e
=== RUN   FuzzStacktrie/c151088ff84c612a11ea833a0810007fcafad513
=== RUN   FuzzStacktrie/c1dfd96eea8cc2b62785275bca38ac261256e278
=== RUN   FuzzStacktrie/c2b718e2b3803a23c0102cbc8db2db908e7bca08
=== RUN   FuzzStacktrie/c56964f75ff60d43239a65b944d6efd0596ddbd4
=== RUN   FuzzStacktrie/c59c2069be1068c3a899795ff9f8695aef27e131
=== RUN   FuzzStacktrie/c6061ef5ec8f6ffd6419abe11922e838e8e8615e
=== RUN   FuzzStacktrie/c68a10107a67361846d3ce7310fb1eac3b28f662
=== RUN   FuzzStacktrie/c745b922b542a7fe6fb8b0b669d0ba5d75fc9fd1
=== RUN   FuzzStacktrie/c7d8f75fcd729569ef5b887adc033c0f7cb376e8
=== RUN   FuzzStacktrie/c853f25b0346cb1b204f1f5f50ebc4a0b9438fab
=== RUN   FuzzStacktrie/cab38aa5a9413d6dc45896f681a316f8f45fbc13
=== RUN   FuzzStacktrie/cb46760c692a25333e39cf41889dca3a4af06693
=== RUN   FuzzStacktrie/cc0d476e211d354ad7e9b37b9f92cd37d7ce15b9
=== RUN   FuzzStacktrie/cc47ca50187856e023ca5abf646141ae4a53f405
=== RUN   FuzzStacktrie/cc4fdd88bfb2e8abb84daa76b629681a0ed5507a
=== RUN   FuzzStacktrie/cd320f4480aff96bd703d20a975ed99b807015f3
=== RUN   FuzzStacktrie/cd918e0b847bfb3d19b1546bfcc5cdac2428c01c
=== RUN   FuzzStacktrie/ce18166b0d98d5b70966c5b612248a94ab8e3afb
=== RUN   FuzzStacktrie/ce59e4b4154a62946b3f78e3adbc39d198f8cc2e
=== RUN   FuzzStacktrie/ce5f1137e02cb506c41024824295ac0f63e6ced6
=== RUN   FuzzStacktrie/cf2ad167665a67683ed600366be9dd03fae947f3
=== RUN   FuzzStacktrie/d1622e0caab24ded6a380d5d7eaf585dcff241de
=== RUN   FuzzStacktrie/d1ad03aeed0e888c3f938dc1e3f15a7033142421
=== RUN   FuzzStacktrie/d290d99e6b7680609ede9a8813bfb63df2363636
=== RUN   FuzzStacktrie/d4a1a72c8efc0234157068607bacda99b3368ad4
=== RUN   FuzzStacktrie/d5244a062253eeb5345942398b5c2cdd38b0f7f6
=== RUN   FuzzStacktrie/d731d22270956bb3d4788990f3d98e2b637e0e60
=== RUN   FuzzStacktrie/d749f6abb9c99ffb126964ba0e9beea546f252a2
=== RUN   FuzzStacktrie/d754f43158c8ec6122a92306da876f8293aa64d0
=== RUN   FuzzStacktrie/d9709d308ec9e97700efa87d562adab902d6d7ca
=== RUN   FuzzStacktrie/d9b78d59ed1a5238e7b6bb148ad022cfc1eccc0e
=== RUN   FuzzStacktrie/db688e2d2329022fc5f76ef6a200397cee2f1086
=== RUN   FuzzStacktrie/db6e75a7c5f50d3afe7e9623d31d4b8be1b86b0a
=== RUN   FuzzStacktrie/dce3bd5901b7d1e8654396d21d38ead65836adf8
=== RUN   FuzzStacktrie/df14ff1dcffbe12e929fbf585ea0c984135832e8
=== RUN   FuzzStacktrie/df504b4724fac3c54a19a9c4fb30cb6f1dd74f16
=== RUN   FuzzStacktrie/dfd518f1e2d4b3e2250d460c985b35c491174c0a
=== RUN   FuzzStacktrie/e086573a4e6b97a000f0913b5570c8caf357b264
=== RUN   FuzzStacktrie/e28369cec4b26ff76febbaee668d8967dc45d09d
=== RUN   FuzzStacktrie/e391d9319cc30dc1afc14cf2cac1ae53c019f4bc
=== RUN   FuzzStacktrie/e44d1e588a05e4e440080c2f5243f53b8d53a33b
=== RUN   FuzzStacktrie/e596cdb435d87fcc83bbde8a884e32cc257e2995
=== RUN   FuzzStacktrie/e5d91962be224dd5a6e5ace4e0eaa7b3a55ad985
=== RUN   FuzzStacktrie/e634fab74187cfbdfa856412de9e3bc4601f8535
=== RUN   FuzzStacktrie/e7894bc757e338f81cd1a01cc28998f37a0088f7
=== RUN   FuzzStacktrie/e79d60178c8a2a66e6db2eb3fadf35a8c46c2ce5
=== RUN   FuzzStacktrie/e90cb2443c41ddd92b1400ed5282657bf2cfe094
=== RUN   FuzzStacktrie/e932b9b91b8d674dcf0189d58d08826809e02765
=== RUN   FuzzStacktrie/e948f8b9911edfda9353fc7b7eb1681afcb22c67
=== RUN   FuzzStacktrie/e9eae7d62f0a48b44a2dfc427067991d9037be29
=== RUN   FuzzStacktrie/ea0543afbafc40357960808261e4b00577527abe
=== RUN   FuzzStacktrie/ea1e19a36aea785607b42cf7cde8d7464e4c57b5
=== RUN   FuzzStacktrie/eb9a448f44f4f1bfcaccffd772a76e81312ddde8
=== RUN   FuzzStacktrie/ebc0e2a80b818baae65fda5709bc5a2aeb1887c6
=== RUN   FuzzStacktrie/ebf34ee92289ae82e5e709c569676549ef0ec59b
=== RUN   FuzzStacktrie/eca1761ab1f6afc65147bd61c326613bc2fa507b
=== RUN   FuzzStacktrie/edc1d25127c73e538faaa47afadcb3e911acae47
=== RUN   FuzzStacktrie/ee47ee6410d11a685243a78468adbbe3406f7595
=== RUN   FuzzStacktrie/ee5d25ba5bbe01cfa3d563ee3fed226ac4688bf5
=== RUN   FuzzStacktrie/ee89fa6e454452d4258113519fd422d404585251
=== RUN   FuzzStacktrie/ef9c21755eaeb9a4e11c43530e7d890e014c1620
=== RUN   FuzzStacktrie/f09adc7d1bb8a50c16419c5596f522f443de4af6
=== RUN   FuzzStacktrie/f129694b8c19a3927998f7db6d08b81847d7cce0
=== RUN   FuzzStacktrie/f2d28feb30f5e811e5d46b03c76a5d73ff8f7baf
=== RUN   FuzzStacktrie/f328c5c29c1e02e54df422aeaab67ef5592c0d3a
=== RUN   FuzzStacktrie/f3741e207508293150f410d7bd30d4ed8f7e3dcc
=== RUN   FuzzStacktrie/f480efc194c96fcdb8d7455abb72d273699f8999
=== RUN   FuzzStacktrie/f6160119f394ef125e231d9fca783bb685c35cdf
=== RUN   FuzzStacktrie/f86274a51f7f4597b511fa354aaf66324b5007bb
=== RUN   FuzzStacktrie/f96d84741b025015804173d317d02ba35fff4096
=== RUN   FuzzStacktrie/fa24b6736a057de98283b47ce0e37d8a8663ecb5
=== RUN   FuzzStacktrie/faae53f0a241f839261aa029c075f430c5e7f639
=== RUN   FuzzStacktrie/fac0935a7e14aa8f5784ee353d989a5c5955067f
=== RUN   FuzzStacktrie/fb9ff698902ce57198ddb78dbc89c6ec97477319
=== RUN   FuzzStacktrie/fbb63731af1c60c51e416532dd0f764fbe8a9d4e
=== RUN   FuzzStacktrie/fc7651778e60add4a9ebc7d9b204015d55386757
=== RUN   FuzzStacktrie/fcb534ba4cb235089e32851ae1bb33811a67757a
=== RUN   FuzzStacktrie/fdf8903e78ff3e27ff6e0f9ab3503deaeb63121d
=== RUN   FuzzStacktrie/ffe5e96fe611f158089d6079ea96079d0899efc0
--- PASS: FuzzStacktrie (0.12s)
    --- PASS: FuzzStacktrie/005b7367afb442ffb3398cf91f9276505f44f0be (0.00s)
    --- PASS: FuzzStacktrie/006bc5a86f96dab82aacdbf97ab690101e13d8ed (0.00s)
    --- PASS: FuzzStacktrie/009bd4376fa0148a2985ce11aad47e2f8cfb3855 (0.00s)
    --- PASS: FuzzStacktrie/00b71828ab8204f108bc84508a0a2fe4cbe3f822 (0.00s)
    --- PASS: FuzzStacktrie/01bfac3602f6c888e4139f67d797ea9d025393ac (0.00s)
    --- PASS: FuzzStacktrie/03da344e58d169531b7808e47e02776f9a37d828 (0.00s)
    --- PASS: FuzzStacktrie/03e21c9ea8c380a68064ecbee141cbc8c269da59 (0.00s)
    --- PASS: FuzzStacktrie/042c7c06a472ae40ca0a68993adba986829948b5 (0.00s)
    --- PASS: FuzzStacktrie/04dca20c09a8f6fba96293a42efcec553588c614 (0.00s)
    --- PASS: FuzzStacktrie/05040d33eaa56db106e5d55d9eeaa18f0acd48ab (0.00s)
    --- PASS: FuzzStacktrie/05653b6f4917201b902e829e0993f8703f960bb0 (0.00s)
    --- PASS: FuzzStacktrie/057adb913f2aaea93dd48f3598845386a07e1a9e (0.00s)
    --- PASS: FuzzStacktrie/05cdfece5ed2c7004bb4e11b69f8553e626c4a77 (0.00s)
    --- PASS: FuzzStacktrie/05ffc790bca685ce04be3e8697481f8f4e147f5a (0.00s)
    --- PASS: FuzzStacktrie/064fc3280adcf01b1b5660bc1aadd903083c9648 (0.00s)
    --- PASS: FuzzStacktrie/08e1e687a583bd4591eb15c26af341a89e7910ba (0.00s)
    --- PASS: FuzzStacktrie/0963d9713888216f4dde06100a7e8efbbf5e2b69 (0.00s)
    --- PASS: FuzzStacktrie/098652e3d302599c06100cf2aafecb7c6df0cd39 (0.00s)
    --- PASS: FuzzStacktrie/0994ca42f8d629f02333936b93da9d4589cbc6b0 (0.00s)
    --- PASS: FuzzStacktrie/0a2ac0d6b2323b673ed9ad61745cf8fec2e75660 (0.00s)
    --- PASS: FuzzStacktrie/0aa6c2d5b233febb922558ce45999fdb20795a0e (0.00s)
    --- PASS: FuzzStacktrie/0b14dac02c5349bd7f1e1266c9d5b94106583ce9 (0.00s)
    --- PASS: FuzzStacktrie/0d8699b50b85703921688e0ad36487d4498c4a87 (0.00s)
    --- PASS: FuzzStacktrie/0da84313b8c3f98ec6174cce17807aaa8dcd1f38 (0.00s)
    --- PASS: FuzzStacktrie/0ebae4643b4faa8d2df91cb1a31954302fb08157 (0.00s)
    --- PASS: FuzzStacktrie/0eec3714b326c9bca7559564b01b23180792146c (0.00s)
    --- PASS: FuzzStacktrie/1073ca6aef9cfee9c0404f960d73af3c8b1523d0 (0.00s)
    --- PASS: FuzzStacktrie/11af32b6d80d4e1c3daf980953f2307c4cc07a86 (0.00s)
    --- PASS: FuzzStacktrie/13b5db87b2c8c42a8e850491d3252c8f89ea7275 (0.00s)
    --- PASS: FuzzStacktrie/14c2fb9859f20d2ec2955a6c1cb11deabd1a1a75 (0.00s)
    --- PASS: FuzzStacktrie/14ca4ae9b328ead90f31188a24d740844302659c (0.00s)
    --- PASS: FuzzStacktrie/159e6d72438ce1655059929e74ba2de5f13e893b (0.00s)
    --- PASS: FuzzStacktrie/15e9d3ad1808e341b3ebf14faab3c166613d3003 (0.00s)
    --- PASS: FuzzStacktrie/16dba5ca04e4f2662b57698c0a667788e58700a5 (0.00s)
    --- PASS: FuzzStacktrie/181340349257f71c6911f0ad2c955086f3310bfe (0.00s)
    --- PASS: FuzzStacktrie/1860d0e0fd2e7e9386d1ee91ce986477817ae352 (0.00s)
    --- PASS: FuzzStacktrie/189ee25e05837490adbe41b6555d170074b3f97a (0.00s)
    --- PASS: FuzzStacktrie/18cae11c1b4ff73a3d1aafe57f3b07814ab8551f (0.00s)
    --- PASS: FuzzStacktrie/199efa97fa77257e770a3a601e2a6d635e23f4ac (0.00s)
    --- PASS: FuzzStacktrie/19ee32294a91a916e2fc1192425362b0972758f9 (0.00s)
    --- PASS: FuzzStacktrie/1a54d93b326ca030347d160826723e470f4c3c15 (0.00s)
    --- PASS: FuzzStacktrie/1ac5a273a0672b67b4512314cd77edd30107f446 (0.00s)
    --- PASS: FuzzStacktrie/1c6763f56a90090fae890b34519660346e5e8a11 (0.00s)
    --- PASS: FuzzStacktrie/1ca215079fe97846cb3a998cc3f0a1dcfa5e8bd4 (0.00s)
    --- PASS: FuzzStacktrie/1cca7ce7a368b2074a0dda26c95c915dbad35c32 (0.00s)
    --- PASS: FuzzStacktrie/1d502ca1b7dd3fe6c808dbb6250d00d7ee56101e (0.00s)
    --- PASS: FuzzStacktrie/1d65ad19c0ce9f1aa69d598f066f59063b1e4e24 (0.00s)
    --- PASS: FuzzStacktrie/1d86c6b8aed8734b4b614198a7ec932db882602d (0.00s)
    --- PASS: FuzzStacktrie/1e93587333a2d75133923cccbdfa15e7104c90ff (0.00s)
    --- PASS: FuzzStacktrie/21acf2c8ef36a9bdb6ec050c1c52640a71a4d5aa (0.00s)
    --- PASS: FuzzStacktrie/21fff4f724fe6d0c8ff2aa234795201f1e474265 (0.00s)
    --- PASS: FuzzStacktrie/22d0be556b2a151c3b3c981990f4c620b2e7bf2c (0.00s)
    --- PASS: FuzzStacktrie/22e451fa01b7eea5369b76f71647870f9da990c8 (0.00s)
    --- PASS: FuzzStacktrie/24d932bf36de35a3da4594da686b1133ccc3777a (0.00s)
    --- PASS: FuzzStacktrie/268a1a8e0ecad74b56efcca0e0f907389b28b235 (0.00s)
    --- PASS: FuzzStacktrie/26e151ef4a0f0b41eb144b04d3a7cbb1f15ae19c (0.00s)
    --- PASS: FuzzStacktrie/27089d2bd777c2e3ff5d57770aa3d822133ea56d (0.00s)
    --- PASS: FuzzStacktrie/274cf47e14d80dfaa50e657bbd0ddf4e1718800d (0.00s)
    --- PASS: FuzzStacktrie/28b2603847a06c8a450c6a0dbaac8ab86f796c92 (0.00s)
    --- PASS: FuzzStacktrie/293df7d5bd453a916794417639e9fe4aed4c829d (0.00s)
    --- PASS: FuzzStacktrie/294d3f0bc1caeb8cf05eb7a200b4f7703419470f (0.00s)
    --- PASS: FuzzStacktrie/2b4c07b4150cf59d8e45c95a1bd9b43577eeabd1 (0.00s)
    --- PASS: FuzzStacktrie/2deefe96da6baeb5b3f866a899e0b812a74bf598 (0.00s)
    --- PASS: FuzzStacktrie/306145d74ec922295c4610b1cad8b34971128a4c (0.00s)
    --- PASS: FuzzStacktrie/354dbf781a16b182b2c41fdcd6e6cc045d01af46 (0.00s)
    --- PASS: FuzzStacktrie/37c101c589b604a3a00c9d39d7cab111da6abdfd (0.00s)
    --- PASS: FuzzStacktrie/397e7720c834bdcf1f0bab7ba57668b8ee0f16e5 (0.00s)
    --- PASS: FuzzStacktrie/39bcf5516fcb769fffd131360a8292fba415e4d4 (0.00s)
    --- PASS: FuzzStacktrie/3a2768ad3fce8d2d3d458d59900078ba75baf770 (0.00s)
    --- PASS: FuzzStacktrie/3a5cc39d824ac3c5559731ffd8dabd6efbca5f0b (0.00s)
    --- PASS: FuzzStacktrie/3ab2fc34747ea36cb2b01b9a9dc306cf68da449f (0.00s)
    --- PASS: FuzzStacktrie/3b1c164dfb62d8d9fbdf885c77cf7b9f0f085634 (0.00s)
    --- PASS: FuzzStacktrie/3ca8902297645192b1aff20f7933a89ee620cc1b (0.00s)
    --- PASS: FuzzStacktrie/3d46a9e757997b533ae715ae2ec8ecb115e72477 (0.00s)
    --- PASS: FuzzStacktrie/3e392ccbfb7253753124fbdb5f6410ff1481cf58 (0.00s)
    --- PASS: FuzzStacktrie/3e82f8db0d5b4e202f377368a981bdbfe7d517d8 (0.00s)
    --- PASS: FuzzStacktrie/3ef6f0af8b52328767aec65e4ab3f4176e21a303 (0.00s)
    --- PASS: FuzzStacktrie/4092533de715755ff76a1a194893fd172fb859f5 (0.00s)
    --- PASS: FuzzStacktrie/414bb0a61d3da5300f2e32377a8b568abc6ee556 (0.00s)
    --- PASS: FuzzStacktrie/4165b512c5e7293952024f8782c0cf39c24752d2 (0.00s)
    --- PASS: FuzzStacktrie/41eb53037bbb3c9c23472734f63d6eb90947eb64 (0.00s)
    --- PASS: FuzzStacktrie/43cd823c58ea50542e6e457fd17fd60fd2802b9b (0.00s)
    --- PASS: FuzzStacktrie/44b668b6a04e77325e937f99fa94d804c7e9b5a1 (0.00s)
    --- PASS: FuzzStacktrie/450de964754b1e764f1a8a04b76c5d4a3125c662 (0.00s)
    --- PASS: FuzzStacktrie/4513a044ec4b2d24f85e38f678dfdec4c7332057 (0.00s)
    --- PASS: FuzzStacktrie/455aca0fbc89c6ac5991d3fd4b4ad1abbac08b18 (0.00s)
    --- PASS: FuzzStacktrie/45b0d1d323f747daf9d9a9d5ff4394a497695248 (0.00s)
    --- PASS: FuzzStacktrie/4646f77e63dadb7b1881db96dd622c9f509b9011 (0.00s)
    --- PASS: FuzzStacktrie/4727478189334c51ed94e1a4a79ab040477b3178 (0.00s)
    --- PASS: FuzzStacktrie/47ed112279feec998e67c47cab7048812fda79bb (0.00s)
    --- PASS: FuzzStacktrie/48b3df1b363e74095253450f3f4a0fe987e77c22 (0.00s)
    --- PASS: FuzzStacktrie/49199b36df5b85ec45935a38b159988fe5b930ea (0.00s)
    --- PASS: FuzzStacktrie/4a8f45df55f812b10230c3f2b9a998d7b5264886 (0.00s)
    --- PASS: FuzzStacktrie/4aed1cf4ac007fc6c92454afc60e41c1b6a3b187 (0.00s)
    --- PASS: FuzzStacktrie/4b57dbf6a0febd9bb57358ce7c56d9a9947932a3 (0.00s)
    --- PASS: FuzzStacktrie/4c8391ee263c03889d57fc8a26f99892c880b894 (0.00s)
    --- PASS: FuzzStacktrie/4de0dee5ff5a7d303d6f5b9c77a96a838d7d4e41 (0.00s)
    --- PASS: FuzzStacktrie/4e0155914a3a2ba1b26f4b6d39fc509bf764eab1 (0.00s)
    --- PASS: FuzzStacktrie/4e3bd4415e18fafea8c27645733640155a34d4c0 (0.00s)
    --- PASS: FuzzStacktrie/4e60014775e51d9420b79d5503bb299b0c3c3452 (0.00s)
    --- PASS: FuzzStacktrie/4e9cf596f64abd827622ff8869bbe0455c3cd224 (0.00s)
    --- PASS: FuzzStacktrie/4f612e842d5434ab3cdb2bb0a285e954a72c0a73 (0.00s)
    --- PASS: FuzzStacktrie/502f2bc0e3d13063e378c5911d68467e5dca7358 (0.00s)
    --- PASS: FuzzStacktrie/50908942dfa32255a25d3cb3eba1ed83f69e1ffc (0.00s)
    --- PASS: FuzzStacktrie/5376b9e542a29429053c06f4a3e6d5251f72c47b (0.00s)
    --- PASS: FuzzStacktrie/53a5e8e039727ef45affd861582112606ac6ef71 (0.00s)
    --- PASS: FuzzStacktrie/55676bd068feaf71e4cdcc498862fb7d25e1422f (0.00s)
    --- PASS: FuzzStacktrie/55d6fd5c07b4e4ef442ad2a3c5b789baea8affca (0.00s)
    --- PASS: FuzzStacktrie/588d324834af63f11b98583be93a2a8337ed9099 (0.00s)
    --- PASS: FuzzStacktrie/58f3f1ab38b862bad99cc094cb42194e696c7c6a (0.00s)
    --- PASS: FuzzStacktrie/597ad8b2f80ce6c5d71f058c87d68592e733905e (0.00s)
    --- PASS: FuzzStacktrie/5d2f881932ceec54ddee8b00d35cbfaf7d948699 (0.00s)
    --- PASS: FuzzStacktrie/5dee4a692837920ba71082221ac4b793fcbdbd05 (0.00s)
    --- PASS: FuzzStacktrie/5f168e341f4a8e4bdacbcfe2d700a8bc6754f456 (0.00s)
    --- PASS: FuzzStacktrie/5fe388e560cbad184911ebc4eb87625fe943f9ed (0.00s)
    --- PASS: FuzzStacktrie/60d0c2af4d9bdf074d5122529b1d830230f3acf6 (0.00s)
    --- PASS: FuzzStacktrie/6163b57b016143968632546d255e0cee64828352 (0.00s)
    --- PASS: FuzzStacktrie/61a92f642b2cf58f20bb1d706e4bb371e95857fb (0.00s)
    --- PASS: FuzzStacktrie/62bf7edb9e53ea2b82d98210389e018f9ac6038f (0.00s)
    --- PASS: FuzzStacktrie/631d3be8cafa82848b26b230479abcc2c601d31e (0.00s)
    --- PASS: FuzzStacktrie/64c7b98bbf66f5073d7858a3f944ec620040456b (0.00s)
    --- PASS: FuzzStacktrie/657930fb42383fa0ed7bbe91a41749b5f432a4c8 (0.00s)
    --- PASS: FuzzStacktrie/6766daae41a20c443d3b7ee6072dee68e1019da0 (0.00s)
    --- PASS: FuzzStacktrie/682317d75365fe08ed31acd5d03447e005b9497a (0.00s)
    --- PASS: FuzzStacktrie/690629b32a6baf6c9e3de0b64912b08caa80b903 (0.00s)
    --- PASS: FuzzStacktrie/699b39bde72d9ae8682d72a0ed318dbf8e892673 (0.00s)
    --- PASS: FuzzStacktrie/699ed3c304648d2acee097e757192dc3bef9ec68 (0.00s)
    --- PASS: FuzzStacktrie/69d47955a6c09a9f802978284fcd7db627710f24 (0.00s)
    --- PASS: FuzzStacktrie/6e81ced965adde8e0724de6744802cd3cf7a95ac (0.00s)
    --- PASS: FuzzStacktrie/6eb4ee6f0682b078962c8bdb6238b0aec448a988 (0.00s)
    --- PASS: FuzzStacktrie/6edcd06982531171d3600585a4431f80d13d3d41 (0.00s)
    --- PASS: FuzzStacktrie/6ee6b7f0e422ef3fe9bda83e7c7d87e4bbead4f9 (0.00s)
    --- PASS: FuzzStacktrie/6f0511d67c9948484ee4005498e7da9494e72646 (0.00s)
    --- PASS: FuzzStacktrie/6fa968e11de75d1b28e703e726f1ba25edc3c022 (0.00s)
    --- PASS: FuzzStacktrie/6fbd012930cb17559d448c96fbd61d54f78b5f2e (0.00s)
    --- PASS: FuzzStacktrie/70587fe73bdb00fe2a43d370b5c26ceb7cd5af03 (0.00s)
    --- PASS: FuzzStacktrie/71eec0a3917e3f98b147811a4d1dbc59dc249aee (0.00s)
    --- PASS: FuzzStacktrie/721f4d502b7e891e723e8a3e40e170072d12327d (0.00s)
    --- PASS: FuzzStacktrie/72f285b9e0a8721d445ee18312b52dc8184b734c (0.00s)
    --- PASS: FuzzStacktrie/7312981864da11813be699a85f044b4d4e693c1a (0.00s)
    --- PASS: FuzzStacktrie/73dcf94e6be248cb17bb5e1cdeb912ae7b5cb76c (0.00s)
    --- PASS: FuzzStacktrie/74aa279084d35d61f74b7b42576ff3359aed917e (0.00s)
    --- PASS: FuzzStacktrie/74cce9f3ee589b060853477e2788ce9fcb34f188 (0.00s)
    --- PASS: FuzzStacktrie/7508444960adcb8c4f023d137b492cd35ca19b95 (0.00s)
    --- PASS: FuzzStacktrie/7676e9f708abb791300a0631d59cca80aab5d1d3 (0.00s)
    --- PASS: FuzzStacktrie/76a93becfdda835786899ea41a6fede9d418bb13 (0.00s)
    --- PASS: FuzzStacktrie/770f1b82aa89db02869b86ef21c515d154a3bcf0 (0.00s)
    --- PASS: FuzzStacktrie/773745b11718588023c46a55a7ef1e3e8426b453 (0.00s)
    --- PASS: FuzzStacktrie/798045646aba96578dc0268f54c81b7d6afcc3e4 (0.00s)
    --- PASS: FuzzStacktrie/7b1e9081965d9fdcae713f0f5b025dce7626f434 (0.00s)
    --- PASS: FuzzStacktrie/7b33d1b09a75e247995b904410b06f05c559b3f2 (0.00s)
    --- PASS: FuzzStacktrie/7b724afd8f96bb82535d0418b3beaf514c9fcb17 (0.00s)
    --- PASS: FuzzStacktrie/7d19bab54041dc1c4c42d015b26eb5c66e3a2e97 (0.00s)
    --- PASS: FuzzStacktrie/7d6ddc0cb63c3278e34531f5b7ac00a412182e77 (0.00s)
    --- PASS: FuzzStacktrie/7d8d11256f04b7ea701910e169d2cb33ae62d997 (0.00s)
    --- PASS: FuzzStacktrie/7f01171aa734567d1f574311e874c6d1957f786a (0.00s)
    --- PASS: FuzzStacktrie/7f081effd25f421d8044c88f5db6f4f7e71ca8cd (0.00s)
    --- PASS: FuzzStacktrie/8090dfa9f78c7599dcf603638410bb861bba4c10 (0.00s)
    --- PASS: FuzzStacktrie/80b5572eeb6e750157924f77e517e8edc5d53492 (0.00s)
    --- PASS: FuzzStacktrie/80e479cf290b2cbfeb98f0ebc2d6347457679b2e (0.00s)
    --- PASS: FuzzStacktrie/81a9d9929d18bb03e25457434c0ac834122cdcb0 (0.00s)
    --- PASS: FuzzStacktrie/8270d5f580c161a39cff38b94ad86f3e72be2eb9 (0.00s)
    --- PASS: FuzzStacktrie/8379d2449a8ff76a32d978776b2c0a257c5dbb5e (0.00s)
    --- PASS: FuzzStacktrie/83936338f883968ffdf28ec4836584a36b40f12f (0.00s)
    --- PASS: FuzzStacktrie/85b88fe7f28b8ce02b360bdf1b374b538be38edd (0.00s)
    --- PASS: FuzzStacktrie/861f7ebbfd25f17a2fff857d16ebd4c70648e1c9 (0.00s)
    --- PASS: FuzzStacktrie/871752173f16a2032e0123e510435ac295f8d4fa (0.00s)
    --- PASS: FuzzStacktrie/877a644dbe78b19a27f9c37707917894a9ad9fcc (0.00s)
    --- PASS: FuzzStacktrie/87a9f7e4532d1aeb8ac2ed5c384060f82e845576 (0.00s)
    --- PASS: FuzzStacktrie/89670f97e5e4861d42e8f2f37009240a78977d00 (0.00s)
    --- PASS: FuzzStacktrie/897ab61ad855a07b7455d2354ce964a4fbce1bd6 (0.00s)
    --- PASS: FuzzStacktrie/89913c49f1bd9bd7290e13ffb2375e6c94349ed7 (0.00s)
    --- PASS: FuzzStacktrie/8a1b9d4a1b07f6c3aac27f98420b7442ecfd3ef6 (0.00s)
    --- PASS: FuzzStacktrie/8a9070f47f4dd17008f9c2499a23a5d27aba550e (0.00s)
    --- PASS: FuzzStacktrie/8b4ac87c3b54f7d125246c342e26884c8d77dcd0 (0.00s)
    --- PASS: FuzzStacktrie/8b872f117563371901c764aaef801e6e3ab65f10 (0.00s)
    --- PASS: FuzzStacktrie/8ba050697ccf81c302ffaba4bc2b08350f8a6073 (0.00s)
    --- PASS: FuzzStacktrie/8c402d42b38696e04c2c3f8c8b0651ec13eb1c7a (0.00s)
    --- PASS: FuzzStacktrie/8c7216bf610e16d4b8b1ecb64cf18f8c5c4c4f16 (0.00s)
    --- PASS: FuzzStacktrie/8d522e07bd6ea36c8bd68f4d78cbd402f312d0b0 (0.00s)
    --- PASS: FuzzStacktrie/8d854bfd676ffa0007e79940cd3e349f480065d4 (0.00s)
    --- PASS: FuzzStacktrie/8e56df6d456833e27829a7242b9c740423401267 (0.00s)
    --- PASS: FuzzStacktrie/8ec1434760e47bd1a83c8d9a2274ec7c99ee0beb (0.00s)
    --- PASS: FuzzStacktrie/8efbb9c04c87add2d9552e9f68c7660a3f1ee7d7 (0.00s)
    --- PASS: FuzzStacktrie/8f27084b6294ddbe28dbcbf98f798730e8a79289 (0.00s)
    --- PASS: FuzzStacktrie/8fb4c0160b49eaca6f26717c8946a84d72325c8d (0.00s)
    --- PASS: FuzzStacktrie/9069ca78e7450a285173431b3e52c5c25299e473 (0.00s)
    --- PASS: FuzzStacktrie/9114ec0825391bf9d04bbc5651468a1b97861a8f (0.00s)
    --- PASS: FuzzStacktrie/92088bdd3e0285c8453d1a511bd0b729d56dba2e (0.00s)
    --- PASS: FuzzStacktrie/9300464d5ed41e13aaa523bec72eeb4c999237b0 (0.00s)
    --- PASS: FuzzStacktrie/93e9c7db8dbeef0bd68473aa354c85d786fb72a2 (0.00s)
    --- PASS: FuzzStacktrie/9443efbd84e40d1ab847670b46651a13a925eddd (0.00s)
    --- PASS: FuzzStacktrie/946b6af5040e1281313311b380a51544110132bf (0.00s)
    --- PASS: FuzzStacktrie/94e1d143c6ec9c2bad1f92c52c9c992d5e6b2c93 (0.00s)
    --- PASS: FuzzStacktrie/950dde4b3e3fde3ce5974414c5bb99c17dfbf067 (0.00s)
    --- PASS: FuzzStacktrie/959491badff8f21f8d875d2a3cb69b1e10a04798 (0.00s)
    --- PASS: FuzzStacktrie/973d27b44d9d3e59f2d4295351e3f6f78ed2d2c7 (0.00s)
    --- PASS: FuzzStacktrie/98c8d406183d8cc4a3f76ecc413aba7117e6c937 (0.00s)
    --- PASS: FuzzStacktrie/9aab32e3aaedd531ff76ad352a312131e1530cd5 (0.00s)
    --- PASS: FuzzStacktrie/9b9f4dba25e2f65f20d1807461c5c2c7ada17708 (0.00s)
    --- PASS: FuzzStacktrie/9d0b62a2676ed4f0e6dc386aa769f941209800d9 (0.00s)
    --- PASS: FuzzStacktrie/9d3bd851c96b92449df1a19e2c5f11dce434d5c1 (0.00s)
    --- PASS: FuzzStacktrie/9e11cefcfd1d9b55e89d1a6d5a56d96d64631287 (0.00s)
    --- PASS: FuzzStacktrie/a002b3e2e62083c9d0f224ab3fe028ed191a3e52 (0.00s)
    --- PASS: FuzzStacktrie/a2c76de75d1d6e0ad8e943ef1403c767654bbf75 (0.00s)
    --- PASS: FuzzStacktrie/a4752d41e622c686bcf5cc95dd068854b17da3ec (0.00s)
    --- PASS: FuzzStacktrie/a4d97133536d4a9bbbfaf6e60ab85584f717f38c (0.00s)
    --- PASS: FuzzStacktrie/a5d05a2ffcc8657b0feefba3d002f6457eb111f8 (0.00s)
    --- PASS: FuzzStacktrie/a60c5c47a218dff047c170c450ecc02aecc2beb4 (0.00s)
    --- PASS: FuzzStacktrie/a66306f8bd0e0adf833327ab425aabdd951c533e (0.00s)
    --- PASS: FuzzStacktrie/a72cc912293ebe9320e89650681032277dd427ad (0.00s)
    --- PASS: FuzzStacktrie/a852aaab997b489b4a37ab8bcee40a6bf97f1d2f (0.00s)
    --- PASS: FuzzStacktrie/aa3f2d6afbcdfbbc7946b5c515c74e4b5554a207 (0.00s)
    --- PASS: FuzzStacktrie/ab48e85592e74659b0605b7693fa880d624d5dde (0.00s)
    --- PASS: FuzzStacktrie/ab5c6bc39fa5d44a13faf430fa8d66133d1bd09b (0.00s)
    --- PASS: FuzzStacktrie/abc8892e41c7aef08c612ea384cd805ade0560f5 (0.00s)
    --- PASS: FuzzStacktrie/abd386e4d5fae486f7018662f3287f1e6a1ae28b (0.00s)
    --- PASS: FuzzStacktrie/ac6661cff45b9c2fa57ab022c5da71cc2cec7f0c (0.00s)
    --- PASS: FuzzStacktrie/ac71ac363e4abac1a8b8d655370fec0218c51af4 (0.00s)
    --- PASS: FuzzStacktrie/ac739e76c7db8282baf0c5f38961097ab014a5fa (0.00s)
    --- PASS: FuzzStacktrie/ac926692cd0c018cd2287d152000adf57201073f (0.00s)
    --- PASS: FuzzStacktrie/acac6bd470ab09baa6c4c752cae20f0dd31c79c7 (0.00s)
    --- PASS: FuzzStacktrie/adc83b19e793491b1c6ea0fd8b46cd9f32e592fc (0.00s)
    --- PASS: FuzzStacktrie/add29013a4c0dfd69af4b9af09d39ddee0109627 (0.00s)
    --- PASS: FuzzStacktrie/ae4ab25be2cafe78229bca87c1c1ddb49aa020f1 (0.00s)
    --- PASS: FuzzStacktrie/af2ea80fa5b9b9251fbbc71b1660f5558a754482 (0.00s)
    --- PASS: FuzzStacktrie/b0ddf9cdf1f7ac1b1b20eb57cccbfd8f40283434 (0.00s)
    --- PASS: FuzzStacktrie/b131e905be55442737a8b919745d94ac05b48de6 (0.00s)
    --- PASS: FuzzStacktrie/b17e0f2156ed7a185320fbe9fba664047bd114fb (0.00s)
    --- PASS: FuzzStacktrie/b18de68ab58efdd5951487cb71febce445180352 (0.00s)
    --- PASS: FuzzStacktrie/b281f0eef04d2845b5e7f494e779f842764271be (0.00s)
    --- PASS: FuzzStacktrie/b328ce9dc148f50fc1ff73c9d2ca404bd9d9baa8 (0.00s)
    --- PASS: FuzzStacktrie/b692106ccfccd18a6649cee08bf3708ba7b010e1 (0.00s)
    --- PASS: FuzzStacktrie/b725288b3e90a17f44e8cf1e2a2f3817cc00366c (0.00s)
    --- PASS: FuzzStacktrie/b7fbb5c9025c8eb6aad509e941d6614c972b5e71 (0.00s)
    --- PASS: FuzzStacktrie/b853ffdbf5509a6d85b6f85832b198a5e7db3182 (0.00s)
    --- PASS: FuzzStacktrie/ba6e44d8e19169a28350c59627f441874ba99eb4 (0.00s)
    --- PASS: FuzzStacktrie/bacd5deaab3c5f68cbad8dc1b57fef14269abf52 (0.00s)
    --- PASS: FuzzStacktrie/bad166f38be19be3636d31c7c9f57e1b472936e4 (0.00s)
    --- PASS: FuzzStacktrie/bc916ff6c90fe9ffbef95aa24726bec0c81d6961 (0.00s)
    --- PASS: FuzzStacktrie/bd300d5c18cf9ddf3643180eed3fc2cde7c0eb91 (0.00s)
    --- PASS: FuzzStacktrie/bd581d1ad0f0ec99034e847c9de162fa313b57bd (0.00s)
    --- PASS: FuzzStacktrie/c07aa34126a523f14ad0aa6790c9c1bad61b5b1b (0.00s)
    --- PASS: FuzzStacktrie/c0d1bf94d59cb9d88ee8370dc3b03ac0f1caf114 (0.00s)
    --- PASS: FuzzStacktrie/c131268dec722331c3c6616561821a1a07aa4a2e (0.00s)
    --- PASS: FuzzStacktrie/c151088ff84c612a11ea833a0810007fcafad513 (0.00s)
    --- PASS: FuzzStacktrie/c1dfd96eea8cc2b62785275bca38ac261256e278 (0.00s)
    --- PASS: FuzzStacktrie/c2b718e2b3803a23c0102cbc8db2db908e7bca08 (0.00s)
    --- PASS: FuzzStacktrie/c56964f75ff60d43239a65b944d6efd0596ddbd4 (0.00s)
    --- PASS: FuzzStacktrie/c59c2069be1068c3a899795ff9f8695aef27e131 (0.00s)
    --- PASS: FuzzStacktrie/c6061ef5ec8f6ffd6419abe11922e838e8e8615e (0.00s)
    --- PASS: FuzzStacktrie/c68a10107a67361846d3ce7310fb1eac3b28f662 (0.00s)
    --- PASS: FuzzStacktrie/c745b922b542a7fe6fb8b0b669d0ba5d75fc9fd1 (0.00s)
    --- PASS: FuzzStacktrie/c7d8f75fcd729569ef5b887adc033c0f7cb376e8 (0.00s)
    --- PASS: FuzzStacktrie/c853f25b0346cb1b204f1f5f50ebc4a0b9438fab (0.00s)
    --- PASS: FuzzStacktrie/cab38aa5a9413d6dc45896f681a316f8f45fbc13 (0.00s)
    --- PASS: FuzzStacktrie/cb46760c692a25333e39cf41889dca3a4af06693 (0.00s)
    --- PASS: FuzzStacktrie/cc0d476e211d354ad7e9b37b9f92cd37d7ce15b9 (0.00s)
    --- PASS: FuzzStacktrie/cc47ca50187856e023ca5abf646141ae4a53f405 (0.00s)
    --- PASS: FuzzStacktrie/cc4fdd88bfb2e8abb84daa76b629681a0ed5507a (0.00s)
    --- PASS: FuzzStacktrie/cd320f4480aff96bd703d20a975ed99b807015f3 (0.00s)
    --- PASS: FuzzStacktrie/cd918e0b847bfb3d19b1546bfcc5cdac2428c01c (0.00s)
    --- PASS: FuzzStacktrie/ce18166b0d98d5b70966c5b612248a94ab8e3afb (0.00s)
    --- PASS: FuzzStacktrie/ce59e4b4154a62946b3f78e3adbc39d198f8cc2e (0.00s)
    --- PASS: FuzzStacktrie/ce5f1137e02cb506c41024824295ac0f63e6ced6 (0.00s)
    --- PASS: FuzzStacktrie/cf2ad167665a67683ed600366be9dd03fae947f3 (0.00s)
    --- PASS: FuzzStacktrie/d1622e0caab24ded6a380d5d7eaf585dcff241de (0.00s)
    --- PASS: FuzzStacktrie/d1ad03aeed0e888c3f938dc1e3f15a7033142421 (0.00s)
    --- PASS: FuzzStacktrie/d290d99e6b7680609ede9a8813bfb63df2363636 (0.00s)
    --- PASS: FuzzStacktrie/d4a1a72c8efc0234157068607bacda99b3368ad4 (0.00s)
    --- PASS: FuzzStacktrie/d5244a062253eeb5345942398b5c2cdd38b0f7f6 (0.00s)
    --- PASS: FuzzStacktrie/d731d22270956bb3d4788990f3d98e2b637e0e60 (0.00s)
    --- PASS: FuzzStacktrie/d749f6abb9c99ffb126964ba0e9beea546f252a2 (0.00s)
    --- PASS: FuzzStacktrie/d754f43158c8ec6122a92306da876f8293aa64d0 (0.00s)
    --- PASS: FuzzStacktrie/d9709d308ec9e97700efa87d562adab902d6d7ca (0.00s)
    --- PASS: FuzzStacktrie/d9b78d59ed1a5238e7b6bb148ad022cfc1eccc0e (0.00s)
    --- PASS: FuzzStacktrie/db688e2d2329022fc5f76ef6a200397cee2f1086 (0.00s)
    --- PASS: FuzzStacktrie/db6e75a7c5f50d3afe7e9623d31d4b8be1b86b0a (0.00s)
    --- PASS: FuzzStacktrie/dce3bd5901b7d1e8654396d21d38ead65836adf8 (0.00s)
    --- PASS: FuzzStacktrie/df14ff1dcffbe12e929fbf585ea0c984135832e8 (0.00s)
    --- PASS: FuzzStacktrie/df504b4724fac3c54a19a9c4fb30cb6f1dd74f16 (0.00s)
    --- PASS: FuzzStacktrie/dfd518f1e2d4b3e2250d460c985b35c491174c0a (0.00s)
    --- PASS: FuzzStacktrie/e086573a4e6b97a000f0913b5570c8caf357b264 (0.00s)
    --- PASS: FuzzStacktrie/e28369cec4b26ff76febbaee668d8967dc45d09d (0.00s)
    --- PASS: FuzzStacktrie/e391d9319cc30dc1afc14cf2cac1ae53c019f4bc (0.00s)
    --- PASS: FuzzStacktrie/e44d1e588a05e4e440080c2f5243f53b8d53a33b (0.00s)
    --- PASS: FuzzStacktrie/e596cdb435d87fcc83bbde8a884e32cc257e2995 (0.00s)
    --- PASS: FuzzStacktrie/e5d91962be224dd5a6e5ace4e0eaa7b3a55ad985 (0.00s)
    --- PASS: FuzzStacktrie/e634fab74187cfbdfa856412de9e3bc4601f8535 (0.00s)
    --- PASS: FuzzStacktrie/e7894bc757e338f81cd1a01cc28998f37a0088f7 (0.00s)
    --- PASS: FuzzStacktrie/e79d60178c8a2a66e6db2eb3fadf35a8c46c2ce5 (0.00s)
    --- PASS: FuzzStacktrie/e90cb2443c41ddd92b1400ed5282657bf2cfe094 (0.00s)
    --- PASS: FuzzStacktrie/e932b9b91b8d674dcf0189d58d08826809e02765 (0.00s)
    --- PASS: FuzzStacktrie/e948f8b9911edfda9353fc7b7eb1681afcb22c67 (0.00s)
    --- PASS: FuzzStacktrie/e9eae7d62f0a48b44a2dfc427067991d9037be29 (0.00s)
    --- PASS: FuzzStacktrie/ea0543afbafc40357960808261e4b00577527abe (0.00s)
    --- PASS: FuzzStacktrie/ea1e19a36aea785607b42cf7cde8d7464e4c57b5 (0.00s)
    --- PASS: FuzzStacktrie/eb9a448f44f4f1bfcaccffd772a76e81312ddde8 (0.00s)
    --- PASS: FuzzStacktrie/ebc0e2a80b818baae65fda5709bc5a2aeb1887c6 (0.00s)
    --- PASS: FuzzStacktrie/ebf34ee92289ae82e5e709c569676549ef0ec59b (0.00s)
    --- PASS: FuzzStacktrie/eca1761ab1f6afc65147bd61c326613bc2fa507b (0.00s)
    --- PASS: FuzzStacktrie/edc1d25127c73e538faaa47afadcb3e911acae47 (0.00s)
    --- PASS: FuzzStacktrie/ee47ee6410d11a685243a78468adbbe3406f7595 (0.00s)
    --- PASS: FuzzStacktrie/ee5d25ba5bbe01cfa3d563ee3fed226ac4688bf5 (0.00s)
    --- PASS: FuzzStacktrie/ee89fa6e454452d4258113519fd422d404585251 (0.00s)
    --- PASS: FuzzStacktrie/ef9c21755eaeb9a4e11c43530e7d890e014c1620 (0.00s)
    --- PASS: FuzzStacktrie/f09adc7d1bb8a50c16419c5596f522f443de4af6 (0.00s)
    --- PASS: FuzzStacktrie/f129694b8c19a3927998f7db6d08b81847d7cce0 (0.00s)
    --- PASS: FuzzStacktrie/f2d28feb30f5e811e5d46b03c76a5d73ff8f7baf (0.00s)
    --- PASS: FuzzStacktrie/f328c5c29c1e02e54df422aeaab67ef5592c0d3a (0.00s)
    --- PASS: FuzzStacktrie/f3741e207508293150f410d7bd30d4ed8f7e3dcc (0.00s)
    --- PASS: FuzzStacktrie/f480efc194c96fcdb8d7455abb72d273699f8999 (0.00s)
    --- PASS: FuzzStacktrie/f6160119f394ef125e231d9fca783bb685c35cdf (0.00s)
    --- PASS: FuzzStacktrie/f86274a51f7f4597b511fa354aaf66324b5007bb (0.00s)
    --- PASS: FuzzStacktrie/f96d84741b025015804173d317d02ba35fff4096 (0.00s)
    --- PASS: FuzzStacktrie/fa24b6736a057de98283b47ce0e37d8a8663ecb5 (0.00s)
    --- PASS: FuzzStacktrie/faae53f0a241f839261aa029c075f430c5e7f639 (0.00s)
    --- PASS: FuzzStacktrie/fac0935a7e14aa8f5784ee353d989a5c5955067f (0.00s)
    --- PASS: FuzzStacktrie/fb9ff698902ce57198ddb78dbc89c6ec97477319 (0.00s)
    --- PASS: FuzzStacktrie/fbb63731af1c60c51e416532dd0f764fbe8a9d4e (0.00s)
    --- PASS: FuzzStacktrie/fc7651778e60add4a9ebc7d9b204015d55386757 (0.00s)
    --- PASS: FuzzStacktrie/fcb534ba4cb235089e32851ae1bb33811a67757a (0.00s)
    --- PASS: FuzzStacktrie/fdf8903e78ff3e27ff6e0f9ab3503deaeb63121d (0.00s)
    --- PASS: FuzzStacktrie/ffe5e96fe611f158089d6079ea96079d0899efc0 (0.00s)
PASS
coverage: 75.0% of statements
ok  	github.com/morph-l2/go-ethereum/tests/fuzzers/stacktrie	0.154s	coverage: 75.0% of statements
	github.com/morph-l2/go-ethereum/tests/fuzzers/stacktrie/debug		coverage: 0.0% of statements
