=== RUN   FuzzTxfetcher
=== RUN   FuzzTxfetcher/00aa7f2f3214252918fdb7e9ddaf9dfcf7c19a6a
=== RUN   FuzzTxfetcher/016022a606f81522acff0495755c9a87b5c719cb
=== RUN   FuzzTxfetcher/01a39f7e556bc8c7595f259300f9e7807d73d497
=== RUN   FuzzTxfetcher/0233316e60b9ff1d366901d3af412c6b4532dfee
=== RUN   FuzzTxfetcher/02c0e8e50d5dbd8bf9407125c3e51aec640a1183
=== RUN   FuzzTxfetcher/033cd2e57d49dc87395059b55f51299b1573e908
=== RUN   FuzzTxfetcher/04ba8d40a46765eaffaa65ebb661982098381448
=== RUN   FuzzTxfetcher/053f610b7fd512f8a7fe27debfb718f3b81d7a19
=== RUN   FuzzTxfetcher/059d165cd5b672b566bfafa1f4bb472be81a4a2b
=== RUN   FuzzTxfetcher/05ecaf0c4ef70b652452fa94c33177a49eb5bf73
=== RUN   FuzzTxfetcher/05f30544a0e9c13dabe7d9b589b64e414303e2b0
=== RUN   FuzzTxfetcher/067002c3e100635b464cd27051343a336bcf6ef6
=== RUN   FuzzTxfetcher/07cef6788d31e2e2ff62b2fda376453312b6d68c
=== RUN   FuzzTxfetcher/080ab0fd85267b9bb224f495dc194ab6f12f787a
=== RUN   FuzzTxfetcher/08b5e192baef349fc5d7460ad8728aa7461c8b60
=== RUN   FuzzTxfetcher/08f0ae42a0a9e2dbf53d769b8b82c985b957ed2b
=== RUN   FuzzTxfetcher/0a63424e5527425a0a384c9317b6f2eb4e62dcec
=== RUN   FuzzTxfetcher/0a65df448bc91e900648e70614b15f320e6708d4
=== RUN   FuzzTxfetcher/0a84179f6b3a380310b58c492ffef8fa32fc1d36
=== RUN   FuzzTxfetcher/0a99afb14cffbe8ed7ff9be2f3fe87f58adb5b84
=== RUN   FuzzTxfetcher/0abdce4d0e45705ad8198e053a016767e9b9254a
=== RUN   FuzzTxfetcher/0ad743f1479a078004de864cd89bec57b38e1a6f
=== RUN   FuzzTxfetcher/0c6a984cc7d72a9b51d0307c97d332c666b27618
=== RUN   FuzzTxfetcher/0ce55f9767ca397a1173b7f10157bcd6f6cb8bd4
=== RUN   FuzzTxfetcher/0d45cca825aedacdf662aef34acfa11103a04900
=== RUN   FuzzTxfetcher/0d72bb87f0bf1113203dc36086144640de3923cf
=== RUN   FuzzTxfetcher/0e1ca379508fb2528e0657fb31cdc51c0b206232
=== RUN   FuzzTxfetcher/0e5e281cc91a6f95106b75bc73b4e6ffaf44739b
=== RUN   FuzzTxfetcher/0eb16987769ec8733519abf302916814b033e029
=== RUN   FuzzTxfetcher/0f3f9f912bcad7f524d059e81d0abfe55659c8bb
=== RUN   FuzzTxfetcher/0f6821ec7d4c14d1bc4d8e59507d6b24ff4da011
=== RUN   FuzzTxfetcher/0f6f5434cfd9ed6d77a6ddd724cb4d54e08ce4fe
=== RUN   FuzzTxfetcher/0fc9e31c35e59b77dc2dc4673e0a6c5e2ca00d5b
=== RUN   FuzzTxfetcher/10093d7bf736a7b4b38f7c7d5ae5b5360e0b312f
=== RUN   FuzzTxfetcher/1012200d0559a0b76bd7be677d9ef44ef9b9a595
=== RUN   FuzzTxfetcher/104299f6f6aa5af8ec7f062ef742a76a799234de
=== RUN   FuzzTxfetcher/107ba8ee3d6aa585531fbe86a0ca05497aa694f7
=== RUN   FuzzTxfetcher/109c89ae1195965c85442d511bdf5bdbc2b3ad40
=== RUN   FuzzTxfetcher/1123bc6b05231150303313ea118285694808e89b
=== RUN   FuzzTxfetcher/1124b9be0ffaa2ffefbc081bd7511290d7fbe3a9
=== RUN   FuzzTxfetcher/12d440f9f316cd7d46f5bd746a2a6c630ae2b5ba
=== RUN   FuzzTxfetcher/13fe830d719898e4fa5af4da43295941f9de971f
=== RUN   FuzzTxfetcher/14758194c5f11f3a0d52cc4c6c431b291711db0b
=== RUN   FuzzTxfetcher/14ac75f2b63b27a96abdb4f7ca2044e895aa218a
=== RUN   FuzzTxfetcher/15909a9a3ee4c9b30bfa4a1eba7e2d270d4cf64f
=== RUN   FuzzTxfetcher/15fbec762f37e266caad20163eed7a7b2740bdb3
=== RUN   FuzzTxfetcher/16f41575d1563f192a4f0ebe1479144c97325bea
=== RUN   FuzzTxfetcher/1767c32d1867265f466ab67869ee52c41cb1165a
=== RUN   FuzzTxfetcher/17c59b243d3fce6879efe17b4262feece92f8210
=== RUN   FuzzTxfetcher/18c543cb16af4ccc68eeb8ed61ad8865dff6c325
=== RUN   FuzzTxfetcher/19c83116db59c6d14029d360e506c0ee17e39003
=== RUN   FuzzTxfetcher/1b254ff227ff26f87035ae269be923ca463263f5
=== RUN   FuzzTxfetcher/1b3c02e7037c33eb4f771c80eefe28c19bf34526
=== RUN   FuzzTxfetcher/1b92a87e6bf2c0a8424c467ad5ae1c6943006eee
=== RUN   FuzzTxfetcher/1bfeedd820f8563ca83501f355ac141518315412
=== RUN   FuzzTxfetcher/1d64518aad5dec07b41ee59574a2b35b9167aee1
=== RUN   FuzzTxfetcher/1dffc6ee7bb2bb3cc4f83d332a7ed164f3c1f6dc
=== RUN   FuzzTxfetcher/1e56f6aac8737b8e9039b66735f0e50fdb968789
=== RUN   FuzzTxfetcher/1e6037967eda9e5a81b38b8b77d64913ffd35d95
=== RUN   FuzzTxfetcher/1f94ee84af0bfd4f852dce5218f1453895bd19bf
=== RUN   FuzzTxfetcher/1fc2daa70dee5dc71cff0d2202325aa45160263c
=== RUN   FuzzTxfetcher/20721dbd6a0bd4c15bec720082f4a0d0f27266fd
=== RUN   FuzzTxfetcher/208b4034cee59c2ee3ef213a69169c887c6d12d2
=== RUN   FuzzTxfetcher/20f7fd24a20374ce5d8c024c4193f9ffc0039082
=== RUN   FuzzTxfetcher/21012cc071246469bef789c86b14d41ae8289a48
=== RUN   FuzzTxfetcher/2138f00ac92ba66d5656b0173fee677d39229156
=== RUN   FuzzTxfetcher/214a05b51a2efc88a83bc31e4dc476322a34d469
=== RUN   FuzzTxfetcher/21a0477e6cec3649f5441118c6b5f20a3384dbda
=== RUN   FuzzTxfetcher/2206ec2875e96698de3289239bf102c140c72351
=== RUN   FuzzTxfetcher/222d5c0e6b31504d2e790bf9f3fcb73111875446
=== RUN   FuzzTxfetcher/22afb26202bbaa237a1a90d941126092bd0a0fa3
=== RUN   FuzzTxfetcher/232170ec0ce868c1065b2d7b21372c077b303849
=== RUN   FuzzTxfetcher/2324487e5bb7c09b680d8eb8ca56c956c3037d28
=== RUN   FuzzTxfetcher/23ae7f049deb887bb7702b95d9e2647d42b7b1eb
=== RUN   FuzzTxfetcher/254dbf5a5d54f7c0f59d2e7e3e8ce0fccce46529
=== RUN   FuzzTxfetcher/2573f163e96e6e61dbd763d915d5caa10965b5ed
=== RUN   FuzzTxfetcher/25d749653e547aa7c16b77b2001a7da7b05187bf
=== RUN   FuzzTxfetcher/25fa06bc82790ad864a377bfd811d05422011beb
=== RUN   FuzzTxfetcher/2704a10213091f38f5cc295c5887cf9d8ca6b2b3
=== RUN   FuzzTxfetcher/27700d1d5d05b507834092da6675f4ba5016471a
=== RUN   FuzzTxfetcher/2788ea4fa7bf1595eeb7ebb43c77caf8310256d0
=== RUN   FuzzTxfetcher/2849fc9f74a296a05c04374d816db86b9a4021dd
=== RUN   FuzzTxfetcher/29b6526d5703b8d7e36e6b5f62eb43ecb23c1772
=== RUN   FuzzTxfetcher/2a2a8b6871470d17a741c49370c2637bbb1e6914
=== RUN   FuzzTxfetcher/2aa7ddb8652c8610553a2ad40252af25c9553a3f
=== RUN   FuzzTxfetcher/2b33ab21b0f2dc86e60b87a2613f5bcf5efc3285
=== RUN   FuzzTxfetcher/2ba328da1dada4366fda578c97e7ae51259c6f0e
=== RUN   FuzzTxfetcher/2bc798b68ca2ca5e9b8d753f63d79a57da68d400
=== RUN   FuzzTxfetcher/2be8c5648449ec42fea147b5a608274ac72a6fbf
=== RUN   FuzzTxfetcher/2c2b993937b547be4422b83c57f274d0d0bfdb60
=== RUN   FuzzTxfetcher/2c3f75ca88b826937d55c894305dc0f9fad28cde
=== RUN   FuzzTxfetcher/2c6a2842ab1510b8d8ef48d50d55fc721a4765af
=== RUN   FuzzTxfetcher/2c9662bf0b5e7719da9abd987428a21b2a72afd6
=== RUN   FuzzTxfetcher/2d597b4bd4d973da711a920f32e6bea281aa5a6a
=== RUN   FuzzTxfetcher/2e2f486bd30b9aa4c7cbccb55adb9faf725dccb8
=== RUN   FuzzTxfetcher/2ea5559d48d80f5fdeb5576e2844c87f7516dc02
=== RUN   FuzzTxfetcher/2ecff9014e2e50bc72b923f0545b0f378a78223f
=== RUN   FuzzTxfetcher/2ed218841fff70b3e123e3f39b87fd563a534bf6
=== RUN   FuzzTxfetcher/2efa64bf961448474773f80a68e5ff3a7f8a516d
=== RUN   FuzzTxfetcher/2f2509ead981d838a909807eafcc60fde3741c76
=== RUN   FuzzTxfetcher/2f6a720c110f50b89eba3723d3ff8d9d1c6cf2af
=== RUN   FuzzTxfetcher/2f95dc3d06d9ad7c031d9d382fc6d66c43cd73a5
=== RUN   FuzzTxfetcher/30110c64a35cdbc01ae6706b472edd6ddbd0c170
=== RUN   FuzzTxfetcher/3085642dcb373b365b074108654bd074d06ed721
=== RUN   FuzzTxfetcher/30ca206e5b26c60791a10ea92780d0eb4573acda
=== RUN   FuzzTxfetcher/30d4d9f9f26b50f96b5e0ac99ebe2a991f8ec264
=== RUN   FuzzTxfetcher/31d64bf8d7ea22f1f985e43bd53d153bf7074889
=== RUN   FuzzTxfetcher/3228855954f3546ba5f84677f14ad36e2a87bc97
=== RUN   FuzzTxfetcher/3290b2c33606ea92042cf201477d9008b98b0994
=== RUN   FuzzTxfetcher/32eed2dd37c8e69f01af4f5efd7c6e4a1bd6d880
=== RUN   FuzzTxfetcher/33001b69413432dc947aa4d6d10dcb3c4484589a
=== RUN   FuzzTxfetcher/334e777dbbfb356d54446ee9b6cde2b86a4267e0
=== RUN   FuzzTxfetcher/344d6ffeb70053cde7ea330c82d9d1a3eb34f2bd
=== RUN   FuzzTxfetcher/3451c435785ee3083b1dd131f1b7bf547a4152ba
=== RUN   FuzzTxfetcher/34de6c37f3eaf72f066fae24f2b75dbb92293362
=== RUN   FuzzTxfetcher/3512841b3280f5e209cde5b185e6fd8a36579659
=== RUN   FuzzTxfetcher/352827a9ad9bdb40052f1ce3c6ca2ceb82c1919f
=== RUN   FuzzTxfetcher/352b7759faaae5f4b1a1dc150e1070e0d1d741ce
=== RUN   FuzzTxfetcher/3535b46e374d28f93c0eb255abd6eab5f0134f56
=== RUN   FuzzTxfetcher/357be12ff0b7fcff06ce6c9e8af823b870b9c632
=== RUN   FuzzTxfetcher/3610b208dd34bed7f11b15b3efd27461755963f6
=== RUN   FuzzTxfetcher/366f2823e6009a218e3488f38bacfe8998ecdbbd
=== RUN   FuzzTxfetcher/3701632fde80a4cac92ee3998b4f353a57d0a3dd
=== RUN   FuzzTxfetcher/3855e252f33b1163bcbcf4c2b741236335222bcd
=== RUN   FuzzTxfetcher/3880e7cfd2323c5407690e6784e2aadf3ab4041e
=== RUN   FuzzTxfetcher/38d030a2f55eeb3e8d3c073765fc87bc2d239f10
=== RUN   FuzzTxfetcher/39101a79ff86b6bda5195a4685ca4a24d3ddda48
=== RUN   FuzzTxfetcher/394820744af0680f978e512e37c63542654b3ffd
=== RUN   FuzzTxfetcher/39908a42ce347219b7e03ef2f71ec14eea257295
=== RUN   FuzzTxfetcher/399f17287387177a3157068200c5614e0c473afe
=== RUN   FuzzTxfetcher/3a905c181ff3188cb1c89c56f9866c93950e648e
=== RUN   FuzzTxfetcher/3b6cdbed79be658231d999ccd2692386891685d9
=== RUN   FuzzTxfetcher/3bd190716714ad350bb17c0bea6317cc6366a850
=== RUN   FuzzTxfetcher/3c186b084589f07dd5f52a6713865a20d88a49c5
=== RUN   FuzzTxfetcher/3c404d0d06fa2b3e8b7e73f723841e5d8e1795ba
=== RUN   FuzzTxfetcher/3c879ec318190a63011994d1fa0737fb0245b45b
=== RUN   FuzzTxfetcher/3d0a305b84bf14f5509e9854619d1dfc3b5b9ad8
=== RUN   FuzzTxfetcher/3d3766d2570f149d60d2125a4e29769e96e66a94
=== RUN   FuzzTxfetcher/3ef4eb43e2e19a200e63c634e899c6c72901c4dd
=== RUN   FuzzTxfetcher/3fcf272fbe1041aad972a8c69c31a6b505e0bdbd
=== RUN   FuzzTxfetcher/405059c7280d352f424929fb6d55785458b998e5
=== RUN   FuzzTxfetcher/40de7342a242a367b6d4360069684ebbbdd8cc41
=== RUN   FuzzTxfetcher/416f157ee22646c63ab6ac66f053a33bbcc4ec80
=== RUN   FuzzTxfetcher/41b9c1fd3d460e64574f476397426e3a540c9adb
=== RUN   FuzzTxfetcher/4260abb9fe3bebd8f8c9a270f136e2c7f8313624
=== RUN   FuzzTxfetcher/42f690cc7299508911ab31c6412536c86aae120b
=== RUN   FuzzTxfetcher/4480eda9b19b2bccec28d6258cfed49bb9bc10c9
=== RUN   FuzzTxfetcher/449fe247654417cae41d4fa9906d468db33127d5
=== RUN   FuzzTxfetcher/44c902babdaed9bda3208d1adfe2d62f14e72ba4
=== RUN   FuzzTxfetcher/44e455052a648eaeb57272a02556134660d032a0
=== RUN   FuzzTxfetcher/453a30b788a3229ff899c3bdedb4fe06e5caf036
=== RUN   FuzzTxfetcher/4585ed36ee8aba6c169b028f41c864e2040d6e4f
=== RUN   FuzzTxfetcher/45d10c68885314adc564d9cbc4116eb3153adf5c
=== RUN   FuzzTxfetcher/4603b00ab97c68cb71c3d04d8261d78553fb5097
=== RUN   FuzzTxfetcher/462a2077a3d344b007b1d6ad3fd56dd555101685
=== RUN   FuzzTxfetcher/4784652ffbc04154a2a8cd32c401c023e9f1cd11
=== RUN   FuzzTxfetcher/478e73fc7f8dbe6556f9473d3a086e4ef8b09fbf
=== RUN   FuzzTxfetcher/4881765061e98e897e67c9c5741fb548b2a8503a
=== RUN   FuzzTxfetcher/48eac1a7fd2c3811f5575741539238337eb17bf0
=== RUN   FuzzTxfetcher/49324e0c4369131e8ab9b2745f610c7a29569ad2
=== RUN   FuzzTxfetcher/49426363ace466149a733474ce1ae518c44abf44
=== RUN   FuzzTxfetcher/4942e0153304751a9496cb74e1299fb3c39e30be
=== RUN   FuzzTxfetcher/4949a4d2e1e1ac48ac2703b406bbb45b00bebfcf
=== RUN   FuzzTxfetcher/49674825cc3ebbc0c623057bba16a0eb99e0123e
=== RUN   FuzzTxfetcher/49ca646938ff8c035f42983d710e13c373a7fb5f
=== RUN   FuzzTxfetcher/4a8ffcd7a764472b2bacda2738176b6a7d6231d6
=== RUN   FuzzTxfetcher/4b9b655ad8a60df98136e65a13477d46d759e627
=== RUN   FuzzTxfetcher/4cb9d5965fb6693fbac2aefdcb53142f8deda614
=== RUN   FuzzTxfetcher/4d23e10bc731f4c5abf4bfcd772d1a982243ab10
=== RUN   FuzzTxfetcher/4d2dc2d3f32f2616864728dc5fd000e50be2ca09
=== RUN   FuzzTxfetcher/4d5f645867a4c80184d1951dea59ea882919d3cb
=== RUN   FuzzTxfetcher/4e487775d6d42a378c72593c8bd02dc2cd12ae23
=== RUN   FuzzTxfetcher/4e849262130a8938c7afe552527e1ee317a25289
=== RUN   FuzzTxfetcher/4eda5e879deab9e31b4aab87ff0bab3accf95863
=== RUN   FuzzTxfetcher/4f5941a252543542f986b29fb05f4e93004fa428
=== RUN   FuzzTxfetcher/4f81d4f443addbcabe95f47cebf12ba1dc4c2a7c
=== RUN   FuzzTxfetcher/4ffe51bf5ab0f5d9a52085613a8026f9f2ae7264
=== RUN   FuzzTxfetcher/502178df8eb8d854834866b6a7c5564ffdbeefc0
=== RUN   FuzzTxfetcher/51772ce7e60503a1c25742d3aa0c8d62de6778ce
=== RUN   FuzzTxfetcher/51a2d473f5c838ef5d4e05e494f9bf1342e2e06f
=== RUN   FuzzTxfetcher/51ba671629307f6bcc41c52baea182560d755319
=== RUN   FuzzTxfetcher/525ecf0c27b987a5b1f2a4268230a1c593f32742
=== RUN   FuzzTxfetcher/532ab3c1f2f3d98490c7c4346bacceaf9e44087c
=== RUN   FuzzTxfetcher/542b8404fb4470c16829f2d3ec3b78bb7800914f
=== RUN   FuzzTxfetcher/54445bcc4afe5159b1108db87869f35faa387c45
=== RUN   FuzzTxfetcher/5455d5c410530ba9b7a1dac055399f4385b79237
=== RUN   FuzzTxfetcher/5536e5dc7b91a8cfe9be04d7bd641dea9506b9ba
=== RUN   FuzzTxfetcher/55d45be3168cdd0d12028ace82fdd33bf77aa909
=== RUN   FuzzTxfetcher/55f33b4cbe3ef40c2b3a6bd9942f0b01dae200a8
=== RUN   FuzzTxfetcher/563165bab147415ca6ea49372f510313696478ae
=== RUN   FuzzTxfetcher/57a00345efaf404ce1ab9d05687cd0d2239beceb
=== RUN   FuzzTxfetcher/57a1fe77bd6a95cf2e698bb78ae12f425fb8df69
=== RUN   FuzzTxfetcher/57ce13bbba40df25cd0d223eb4e50db3376c96e9
=== RUN   FuzzTxfetcher/587a21bd99af3a265223f3760d81e6b57e5c406a
=== RUN   FuzzTxfetcher/58f9aeb95b5104bf30559a8a5c5c44f2dcd100c4
=== RUN   FuzzTxfetcher/590e3771136b4a4f11d529efc79c05ae10d64676
=== RUN   FuzzTxfetcher/59179514741586b8decf741b16afeabb9b91a4f6
=== RUN   FuzzTxfetcher/59ae3afcc40ee2118178b368ab28c621e6e9a8b1
=== RUN   FuzzTxfetcher/59c2cdad7d47f75c247dff76ae06d568f9487dd4
=== RUN   FuzzTxfetcher/59e89aa330c1aeae53b5c80cde763387640b31ec
=== RUN   FuzzTxfetcher/5a26aac3a24939b16d258867d31e8a76a75d5310
=== RUN   FuzzTxfetcher/5aab089e6bcb9ed96e5281f5abfa09363b34f604
=== RUN   FuzzTxfetcher/5aab212dbe7efb77c776d1669545aac695dde91c
=== RUN   FuzzTxfetcher/5b10cfa5d788eee2f7167a90eb1c29d46bf77505
=== RUN   FuzzTxfetcher/5b75f0c9dd4b59ee23d5674541c6617cebba18b7
=== RUN   FuzzTxfetcher/5c7ad4fcfdff61c59245d0a9cdf4bd1556c27a2d
=== RUN   FuzzTxfetcher/5cb242a454d0b0f5dd44482be70bdec5e7aa8d6b
=== RUN   FuzzTxfetcher/5ce771c482ff440d6513bc13b93d852d28f0e82e
=== RUN   FuzzTxfetcher/5d3c9ca0d2f650fe9a96672c1c11854947baa9f8
=== RUN   FuzzTxfetcher/5d5d21aaf9f1f800201e0ace6087961617c6d4eb
=== RUN   FuzzTxfetcher/5dbd8299a58e0155a3fe0eb6c2b329387fdd3643
=== RUN   FuzzTxfetcher/5eaf3601d55d53b5c83e74d67585b89bc8d51ba5
=== RUN   FuzzTxfetcher/5f6713d05450a303a5499938b359f6a956d411fe
=== RUN   FuzzTxfetcher/5f801f25fde7a853449421749347027b910ff5c8
=== RUN   FuzzTxfetcher/604a5424feee03debec6201c85bf937d8e3722cb
=== RUN   FuzzTxfetcher/608c31e7d98d4b1aae13da4e24056a53ac7adeee
=== RUN   FuzzTxfetcher/60a29e307bc9300c29624f044bb14d7837a81651
=== RUN   FuzzTxfetcher/60dd05fc97621d1c08f8daff7f233e8fcfe2d7c3
=== RUN   FuzzTxfetcher/60f8c841616e43f49e25dbff8aa47c2960e9263e
=== RUN   FuzzTxfetcher/627f6cb662153493be4ca755da51aa64f3672e22
=== RUN   FuzzTxfetcher/6371b05d1341642a19ecbf26564b0a257cb5cba9
=== RUN   FuzzTxfetcher/637d43497f2c309d9ff63bab527da3e679617609
=== RUN   FuzzTxfetcher/63d406b80d24be5b8561f0b4857d0f88320f56be
=== RUN   FuzzTxfetcher/6511a35a3ee5349ad6faaae68cc5906bf7715eb8
=== RUN   FuzzTxfetcher/65371db0feffb23f29f4a98480a7bc3874147414
=== RUN   FuzzTxfetcher/6542686601def223c13866f59aed781d24ac65b9
=== RUN   FuzzTxfetcher/65ee1ede78c0e2fee8f3147634b9192531f371c8
=== RUN   FuzzTxfetcher/661b71ae034ccc2cb6a0b411f5e11eb5b7a16f54
=== RUN   FuzzTxfetcher/66e94b0393e2cafa0a6cf1ae740c98f762fd1218
=== RUN   FuzzTxfetcher/67cdbd5fa9fbf34c7ac3f806e9ce8cc5fa0cc7b0
=== RUN   FuzzTxfetcher/67fa880e5d3ccfc76cf77faf59e2420a0cf6613f
=== RUN   FuzzTxfetcher/68b5aa45db0cd473a1fdc536d6eabd17356c6e81
=== RUN   FuzzTxfetcher/698512e9c1b1596361985d24d825fac9c99fd3ac
=== RUN   FuzzTxfetcher/699c971bf793c9c5bff09c0c15bb7a03ff5522e2
=== RUN   FuzzTxfetcher/699ee505051d6e920034a7d9482275b2951d27fb
=== RUN   FuzzTxfetcher/69be1b77def5b0c9e23610468ed881f674bb9e6e
=== RUN   FuzzTxfetcher/69fa4be58d11427966c6aecbf2e83666d864d17f
=== RUN   FuzzTxfetcher/6acc5d02b76310adbeafb19658e89f5ddaa81b27
=== RUN   FuzzTxfetcher/6c9cdad7fb695563dca2b51e74f4d34efd56ed9a
=== RUN   FuzzTxfetcher/6d11149cf32c592109256168649d56f80e2d07d0
=== RUN   FuzzTxfetcher/6eeeaa0654dba0394a0d73fb40d79ec9e2f9ed58
=== RUN   FuzzTxfetcher/6fdac73fe8e46e94e85ea1820b11f79277275d48
=== RUN   FuzzTxfetcher/6ffe7ef5a80690e80ff01192ff57d3331380ada1
=== RUN   FuzzTxfetcher/70360eda96febabf8b795d0924c5eaee72494076
=== RUN   FuzzTxfetcher/70a03f5098d8b8a4399772d8bfae7b3995128cc3
=== RUN   FuzzTxfetcher/70b365837e718b4deb46f29a3a985f82fcf2eeb7
=== RUN   FuzzTxfetcher/71013782b96f912f99296b4d4875ed405ec310f2
=== RUN   FuzzTxfetcher/7129658553b89ab66ff12f659d7648c0fb918852
=== RUN   FuzzTxfetcher/71fd95eb39d4fe228ec88fbfa61197f925b5fd0b
=== RUN   FuzzTxfetcher/722970fc8bff1c5382063c0dfd0da9241542765d
=== RUN   FuzzTxfetcher/7237c2ea41f7652db28dbe075e2a270862c56fcd
=== RUN   FuzzTxfetcher/7303ecbbae787a29f5577fdea63d0af41c85f01e
=== RUN   FuzzTxfetcher/7359474216223b77f7e5625f11fa7f2c3ed4b499
=== RUN   FuzzTxfetcher/735ce90098efc51760a1b86c46df50d0463f1dcb
=== RUN   FuzzTxfetcher/73a3215023e2369ad26163671cdebeffbd673f58
=== RUN   FuzzTxfetcher/73a7d26e7e977c287467762593ddf4eca22d1d76
=== RUN   FuzzTxfetcher/73b7c923d82a935ccc219635d2fcf09556539b45
=== RUN   FuzzTxfetcher/757dad556537818e7164fabe56b1b12c6ad560a4
=== RUN   FuzzTxfetcher/760c805b9ecfa64611f4291032120040dd0c810b
=== RUN   FuzzTxfetcher/773d84fbe3b909d5fa2bfd721dd854264ef9808d
=== RUN   FuzzTxfetcher/7848f5642b30051c2d204ef910609e3990ead4ac
=== RUN   FuzzTxfetcher/787d2569fa599cd04103fc656db92e1f3fc5125d
=== RUN   FuzzTxfetcher/78d36ce3dba070142f771207d2ae6331dd6ddf98
=== RUN   FuzzTxfetcher/7a4484c2278dbd484046a0c3e863a2a95c2f7755
=== RUN   FuzzTxfetcher/7a75cb4b9b780360639061e1760ef4c3b610f2e9
=== RUN   FuzzTxfetcher/7aec55fa1ba4f22fcaf0163c3e14bfd1bfc9b6de
=== RUN   FuzzTxfetcher/7af9da4d280fd8e8152642766ce2f2655653e79a
=== RUN   FuzzTxfetcher/7bf83ee1084e3fee65d542db6f1de212acb72188
=== RUN   FuzzTxfetcher/7c4d65b4e3c946c9d455e939374695d8d11ae992
=== RUN   FuzzTxfetcher/7caca42add8bcbb69eaa6fb302f7c352c9abedc9
=== RUN   FuzzTxfetcher/7d8a5c047d8416081c2e6b1461276f1703249266
=== RUN   FuzzTxfetcher/7ea2d4680bd77290b57de39a82f87f840d6479b9
=== RUN   FuzzTxfetcher/7ece11fd55a2e6fd031d6722da22754803ad3e56
=== RUN   FuzzTxfetcher/7fe55d9f97e124054fdf662bf1bd92afa0837cfe
=== RUN   FuzzTxfetcher/8106104b977883fbf97edee9ab8a7a77f5d345b2
=== RUN   FuzzTxfetcher/82b70848b49c335281e6f5e35f48085aa3ceebbb
=== RUN   FuzzTxfetcher/82c82c626da171da17f8e6ce843817d5f3a1f503
=== RUN   FuzzTxfetcher/82f8aea747f6879d29fbb0bf6458e8025c12b330
=== RUN   FuzzTxfetcher/83335fff3ae6b48fe14951de7698690f5f4ab0af
=== RUN   FuzzTxfetcher/8365720ceffb5cac538f8ac124b161c5bb90a451
=== RUN   FuzzTxfetcher/83c92e4b39a161a4fc26baf43d035adeec44c357
=== RUN   FuzzTxfetcher/84f02fc660e26d1057dd6bdeb021fe1e804fb6eb
=== RUN   FuzzTxfetcher/84f61a96562d09f1a596c90dcfaae68d3a1accb1
=== RUN   FuzzTxfetcher/862ab3f39e4dc93fc0f3543a6b0bee686a26d9d7
=== RUN   FuzzTxfetcher/8666e8f7ef7b34c4592e3d5f5edfb1aa7b045a96
=== RUN   FuzzTxfetcher/86be95f887810a1b55527f99a804b40a58a1b5d7
=== RUN   FuzzTxfetcher/86f6f03e6e44b07b7b6297bb3388873c6cf9847f
=== RUN   FuzzTxfetcher/8716d5f1fdfd8b66b3de5a47dee6a82573806c1f
=== RUN   FuzzTxfetcher/88853c50dc0e5fb2ae42b283c2b868071b81d483
=== RUN   FuzzTxfetcher/88919c409af89a2ad69c14b21893375d98038178
=== RUN   FuzzTxfetcher/88955656de1dcc36a97c0ddad92197b171609b29
=== RUN   FuzzTxfetcher/894af06f2d426dcf985514b1e9c3f98502d1ad92
=== RUN   FuzzTxfetcher/89959eb9ab15c55165b154a4095c25014ae61723
=== RUN   FuzzTxfetcher/8af186e2692e417c846ae5b4630e236f3c244347
=== RUN   FuzzTxfetcher/8b7a653b0e560f888e9e50fdbe42bd5c6e04197a
=== RUN   FuzzTxfetcher/8bae917692cb387fbfd28f1aa8f17af5308af773
=== RUN   FuzzTxfetcher/8c3431a27868158c18b689904d001d3f2f9ad0a2
=== RUN   FuzzTxfetcher/8d4ce502bf33f1e76145c0e3e6e428d002db5f95
=== RUN   FuzzTxfetcher/8d56a50c0ca22936eab3d39eb3092b6ed54524c1
=== RUN   FuzzTxfetcher/8d9c7b555e6442b7b173517f7209e60bfd65d3bc
=== RUN   FuzzTxfetcher/8da7b028f93c269f41159f03496ff1c0a9283f66
=== RUN   FuzzTxfetcher/8e7f03cc03dddefe91ad3a50d1bd5268dda0a41b
=== RUN   FuzzTxfetcher/8f33d9325f17ae066108b9c46dc804055d314cf5
=== RUN   FuzzTxfetcher/9069ca78e7450a285173431b3e52c5c25299e473
=== RUN   FuzzTxfetcher/90dc510ea59c04ef13bf42ad34014d21358ea891
=== RUN   FuzzTxfetcher/915d0e643b89bf081780567fe04d20b54982770a
=== RUN   FuzzTxfetcher/91b2847e1657280e0d7791b80fc59fcff8b6b68a
=== RUN   FuzzTxfetcher/9238ac85cc3ab21ef5a32f12aef420f78c3df7f9
=== RUN   FuzzTxfetcher/93934419f47ee3edbf6e6bdf8936a31922d8738a
=== RUN   FuzzTxfetcher/93c78f8daf683dc9cf7ad0fd6eb4701ba99becdd
=== RUN   FuzzTxfetcher/9422e7fe560f4a077af37c98f8fe5e3708c48d39
=== RUN   FuzzTxfetcher/9447c2b06990091b8d29b0fbf80dfa57b740ce32
=== RUN   FuzzTxfetcher/946bd9c4c2510c9f45b656c2bb438d708577b0db
=== RUN   FuzzTxfetcher/947dd0e6725526cfe413828a8ba89d91e786a97a
=== RUN   FuzzTxfetcher/94a2c573aeb96ff1681eecb1418bb9256f8c4d80
=== RUN   FuzzTxfetcher/94ce27bc14b1b2c63375d9a4a6b2ec567e413a75
=== RUN   FuzzTxfetcher/951548053b49fc4e09ec4dcf5bbb6433e692d0d3
=== RUN   FuzzTxfetcher/96bf98ee6493eab1d2c10cddcbb9c34bd131a402
=== RUN   FuzzTxfetcher/96fd888c26d59e93d3c531ac15894f73bd05da18
=== RUN   FuzzTxfetcher/976ac55b84e922bac5fe802fa124a955ee378ffc
=== RUN   FuzzTxfetcher/98a240f7170b9be3e7cf79c20c6bb14c510fa59d
=== RUN   FuzzTxfetcher/98a8dda46852d93b41d486f3ac998b4c3be60c91
=== RUN   FuzzTxfetcher/98cc01bc0077020ae63b578d987a6902f8533c80
=== RUN   FuzzTxfetcher/98dead5d63f4d9950dfca44db096fc9bf23e641c
=== RUN   FuzzTxfetcher/99d8f80a6745f19d3cc011ce40c6d0dd4af26d4e
=== RUN   FuzzTxfetcher/99dffbfae889c9023c36a6552816b38cf0f7c769
=== RUN   FuzzTxfetcher/99fc89939eb66ac31787896d73af72499f208543
=== RUN   FuzzTxfetcher/9a1d62cbd2cabc4dce41470bc8c7811c3108443b
=== RUN   FuzzTxfetcher/9a5a6452a9464ae8d44b4a0f4adc163480ac4694
=== RUN   FuzzTxfetcher/9a5cfe3c71439598a77c212beeb5272dd6792a16
=== RUN   FuzzTxfetcher/9adc85033f3a62c7b375d003051bc02dbbe4a5a2
=== RUN   FuzzTxfetcher/9b201968021ae9fddaa13e23df44e97142db4504
=== RUN   FuzzTxfetcher/9b4e354498b80fc8c1b4d890e2b62393a2abe621
=== RUN   FuzzTxfetcher/9cbec63d6bd573b8bad833de0c203f17ff8dc47a
=== RUN   FuzzTxfetcher/9d02e17dcf95ff126f630a13abeeb8dbee3e27af
=== RUN   FuzzTxfetcher/9d5f3f02b8dd448ca5f1ad38fb5e2832ad3c4072
=== RUN   FuzzTxfetcher/9e09b77e15866d563df57609e2db435fbb4fc0f8
=== RUN   FuzzTxfetcher/9e2ecff47cd45afdd2ba0905cf0ba1b7786cfd82
=== RUN   FuzzTxfetcher/9f79dcc26ef6894a596f4f03de273568e478e03e
=== RUN   FuzzTxfetcher/9fc8110873b2a2a6c6c9ffb1e291a97f1f9e1d8b
=== RUN   FuzzTxfetcher/a09f55af3e82c4778ca69cac14df8361c6a1e51e
=== RUN   FuzzTxfetcher/a128d81d67007d648ab86d54e5cbc92ff2dd4af8
=== RUN   FuzzTxfetcher/a13b5bf068d32ec9563f507ad050b5fbde073fd7
=== RUN   FuzzTxfetcher/a1f97b4d2f462bdb7796492b11e20b526f9246ac
=== RUN   FuzzTxfetcher/a3bf39c30be8a7c4c25586b69138a147c5ab6f64
=== RUN   FuzzTxfetcher/a3ff6066906edae8c5f079e836a478fc67fb9428
=== RUN   FuzzTxfetcher/a45da809d6b88938f93b2545c9beb1ae029df015
=== RUN   FuzzTxfetcher/a4d2c34e9fe3615484abc22aaba916f628417b87
=== RUN   FuzzTxfetcher/a61a43cb8307ebb89b93da99448e1a5d07ad50f5
=== RUN   FuzzTxfetcher/a6ee2ef228b5bf33c7f2727ddd4916df8594672c
=== RUN   FuzzTxfetcher/a6f68f4b139c0c07ef8ec5e9936ea2a651e783f3
=== RUN   FuzzTxfetcher/a7aff6ff8905c11580ed18d8d9ab80181b5fe7eb
=== RUN   FuzzTxfetcher/a7cf8359e2dd55fddfa2037daed31646f2ffa5ff
=== RUN   FuzzTxfetcher/a88134c44807b6b0babd6342010ed6f5f6d07dd6
=== RUN   FuzzTxfetcher/a8afa0b99935859342cb31a653416988acdd20be
=== RUN   FuzzTxfetcher/a8e7145ecd42d538885fb30dfe55252297c14155
=== RUN   FuzzTxfetcher/a94d3df2e50e8809c8a59b57fb799f5028ae3213
=== RUN   FuzzTxfetcher/a9a78bc21b5ba00be523453c8772fe0fab7bfad3
=== RUN   FuzzTxfetcher/aa3b81824e18fe51b89fade9594fff9282e1b5eb
=== RUN   FuzzTxfetcher/ab7d48c5667b8f0ed6e23f7ea05eed97b3f22fd2
=== RUN   FuzzTxfetcher/ac3e8705e3ef9671db7ef7a1f3b3e1da884d5dea
=== RUN   FuzzTxfetcher/ac437165cff9f6730af0e0d42c0ea4d722a72c19
=== RUN   FuzzTxfetcher/ac550d5103078ee77fc846f050c195ecd23cc5e6
=== RUN   FuzzTxfetcher/ac55d80ec67d17a6436e57ed0a45e58c00103da6
=== RUN   FuzzTxfetcher/ac855988137fc49ea35ef3b0b38e31998797670c
=== RUN   FuzzTxfetcher/acca1992b1a0a8fdb6222d10bc25ecce0341b287
=== RUN   FuzzTxfetcher/accf27bb71e6611e1f769569c34068fc82f4916c
=== RUN   FuzzTxfetcher/ad2b9775618dd9611fc73722498ce65d7d09107d
=== RUN   FuzzTxfetcher/ada289c67dbb9039f37f4ab825f46b8c1eedf245
=== RUN   FuzzTxfetcher/ae092a1cbf9b644264fc4d8a5e95d54517f9687c
=== RUN   FuzzTxfetcher/ae3eaa1ed06307c15197937dce64ba7f3d02d687
=== RUN   FuzzTxfetcher/ae635eecc39b18c372ace981d04ce81241f2f3ab
=== RUN   FuzzTxfetcher/ae95bf253133ed07ba3df94bcf2c348d6e239626
=== RUN   FuzzTxfetcher/aeb23329801f77964603db4cf2ac89c14c892c81
=== RUN   FuzzTxfetcher/af21f85f241774e374032481722a4ab2ae15d84b
=== RUN   FuzzTxfetcher/af2640085ae74519839daa59d123c2090f54348e
=== RUN   FuzzTxfetcher/b0a16467170616031d4d6204ac45f37dc3fc13ec
=== RUN   FuzzTxfetcher/b0b8b8e21e03bed95177fd576e801feb96548aa6
=== RUN   FuzzTxfetcher/b0e95c87dc3e5943e51300ddee936a4518b9831c
=== RUN   FuzzTxfetcher/b1058681fc91e70192275b435ff8e287b8c51529
=== RUN   FuzzTxfetcher/b21a3fde9d2939812843f20a8cb5f8d08cd992e8
=== RUN   FuzzTxfetcher/b2955dff2346ca879e68ef314f2a8868e88b4e87
=== RUN   FuzzTxfetcher/b33fd2e42878bc06a9b450f8eeef958021dccca9
=== RUN   FuzzTxfetcher/b37c476f47d2426ac9cf186954a4099c98a40b9c
=== RUN   FuzzTxfetcher/b49a8ae3c4e62c9d274aece25bb9a7542679dd26
=== RUN   FuzzTxfetcher/b52f4784d419bb9d259b8f164bb3801bbb7e562a
=== RUN   FuzzTxfetcher/b5c46b995b18736e3f8e3748d12d244ab5428fa3
=== RUN   FuzzTxfetcher/b60b2dba422a1b9a0aa3a7ecefd66db538990af1
=== RUN   FuzzTxfetcher/b705fb5a66ba02b65d49e874ffae67e0227401b7
=== RUN   FuzzTxfetcher/b744edaab5a7d21fab259d4b049aae2924413a36
=== RUN   FuzzTxfetcher/b780dbf0d29e48ce3487c9d83387961262f88d4a
=== RUN   FuzzTxfetcher/b8a20f9e3e374cb13cbf0d4d9af61c46f3a561b3
=== RUN   FuzzTxfetcher/b8b7c68deab671d0bdfd8b1ced74ea430c926b18
=== RUN   FuzzTxfetcher/b8cf022db3aa508fde4fab18133d4a36c0e2e183
=== RUN   FuzzTxfetcher/b9110e90153dac52b02d801885e70d3d26502d2f
=== RUN   FuzzTxfetcher/b92c6a27a8bfd1b1446d561906985ed8a3e80ba3
=== RUN   FuzzTxfetcher/b92efa2e298a0ec42e252959b6732fd5a9f3c733
=== RUN   FuzzTxfetcher/b97d0b18421f79a060c1b960ae5ebf937aa84a5c
=== RUN   FuzzTxfetcher/b985eb6fc602c497811bf4d585ec316118543df2
=== RUN   FuzzTxfetcher/ba501112f82c33f3edf98b1589632c548cc57890
=== RUN   FuzzTxfetcher/bb589d0621e5472f470fa3425a234c74b1e202e8
=== RUN   FuzzTxfetcher/bbc5925651956eebd807c7d2c40bd5366d29fd9b
=== RUN   FuzzTxfetcher/bbcf7e237b5c96720856304e4ac09f88502f0908
=== RUN   FuzzTxfetcher/be5ab552d8e683bffb22b9fee4b1c35f2c4423a7
=== RUN   FuzzTxfetcher/bfd9f24beadefd121ee078851c35f8f717e02c45
=== RUN   FuzzTxfetcher/c0c24a424a35ad8032038fb1d35bcdb5f2fc08a8
=== RUN   FuzzTxfetcher/c1410e430c42ff862f078da1da0f326c1460fbaa
=== RUN   FuzzTxfetcher/c3bc2b80c708404e92902cc51ac63df672858e2b
=== RUN   FuzzTxfetcher/c4b72b739bb47060ef45c6a6166b6c22236eec13
=== RUN   FuzzTxfetcher/c54a88123bbb6e16f5587012cf7f77c32259a541
=== RUN   FuzzTxfetcher/c597b3927c9c939ae56c563cc05588616e29c147
=== RUN   FuzzTxfetcher/c5f09bab79f29bef1dded0963a577e2d2bbbdee3
=== RUN   FuzzTxfetcher/c684c45f5618e0c1d24a7ec02396c2a00809a90a
=== RUN   FuzzTxfetcher/c7d508cb2d942e8006cdc6db6a617c6b1cf41b61
=== RUN   FuzzTxfetcher/c7ea90340ae180f45774cd9314d88e02c3453e81
=== RUN   FuzzTxfetcher/c925b8aeec269356a229f616c4e8802e8d523bf7
=== RUN   FuzzTxfetcher/c9e8907f211f1588f7e7f186b397dd0d4377d4e8
=== RUN   FuzzTxfetcher/ca51dddd86810f0eaccf9aa7cc8e21be8d6abd74
=== RUN   FuzzTxfetcher/cab1d02041fe1c41bd42652c532bc08b0a2a7424
=== RUN   FuzzTxfetcher/cb325a425b29badf713d9ed4d4a4203d62a55fb8
=== RUN   FuzzTxfetcher/cbd3794f1f009bb4b0a284d3a408a54261a3d634
=== RUN   FuzzTxfetcher/cc89b8fe701da7f97215fe77653a264fcb2eceeb
=== RUN   FuzzTxfetcher/cc8f4193603a3158d39c5582a389929dc464c47f
=== RUN   FuzzTxfetcher/ccd3128d77b7975de90c6150bf0e6ed389ebd1ba
=== RUN   FuzzTxfetcher/cd385890cfd85496008a45b8780c020ccf6b6820
=== RUN   FuzzTxfetcher/cd8ffb6ff63cdcbbc550136c0880e430acdaa35a
=== RUN   FuzzTxfetcher/cdfe52d9e158ae936cd9790a9892a95fdab4b0db
=== RUN   FuzzTxfetcher/ce3939c92fc3674ce8b7221d6c6364d817deba87
=== RUN   FuzzTxfetcher/cf14ded6dc3907de80f3685085e79c9b055902a3
=== RUN   FuzzTxfetcher/d06e6fa10e60a7cb85aa1e58a1f8cda90309e0e0
=== RUN   FuzzTxfetcher/d072696bd3de3066d2788950a33ccbda0d7871ef
=== RUN   FuzzTxfetcher/d07530217b3cbac1b7cac94e2051e4a6b72f532d
=== RUN   FuzzTxfetcher/d0c4dc1f4f76a3760521494b2cc30e19383e5d45
=== RUN   FuzzTxfetcher/d127c25a161d1262540484caa94f3c942c31fa8a
=== RUN   FuzzTxfetcher/d137b83fa5820b96cb7b0592b0ec85d87e770976
=== RUN   FuzzTxfetcher/d156a485058273bcd3c070db8c716dc496baf57c
=== RUN   FuzzTxfetcher/d1d22d2e0018e7d33effb2d6c7ca3b2ac745a232
=== RUN   FuzzTxfetcher/d1d71303d78b7da4b4ced2b81eb2b00c74b84c62
=== RUN   FuzzTxfetcher/d257ba0bc2baeb158b7200571bf9b322b8f3d975
=== RUN   FuzzTxfetcher/d2a5caf1fd5039c83c286c31bfcd935f8847b9a8
=== RUN   FuzzTxfetcher/d342c7992046ee09ae495e9ebd70cd1f38eaadec
=== RUN   FuzzTxfetcher/d3528c35b7016486bbf80e4aae1d65d947476aa9
=== RUN   FuzzTxfetcher/d425961bf68672ac6ac677d70c6afe359f4f97ac
=== RUN   FuzzTxfetcher/d47efb966a53cb9827eca8cf8d0743d1cffa1efc
=== RUN   FuzzTxfetcher/d49c2829d229c361e73a99287d773d02eed8664e
=== RUN   FuzzTxfetcher/d4ff7ca7d1cdbd7a16fba9a6594cb995cb1e6f9a
=== RUN   FuzzTxfetcher/d5665b7e89dd1e5382e25da7e1676c45e1ff08c5
=== RUN   FuzzTxfetcher/d6168ed097f0dc20f5fdedf1a05661a363ae8506
=== RUN   FuzzTxfetcher/d6ba8cdf6686c3da8c8d1dd25da3a7f56bb9c70e
=== RUN   FuzzTxfetcher/d6bb5881e324c74d0249b03db7438959a7678eeb
=== RUN   FuzzTxfetcher/d6ce339d3c1b99dc9a067018446d149d5c820bbb
=== RUN   FuzzTxfetcher/d706db400d56e8de14594747b20d56f23f8c4af0
=== RUN   FuzzTxfetcher/d727f99312dc237a8248c81caeb6c352c5999d28
=== RUN   FuzzTxfetcher/d7989fae8d491ebe7d2f5e1ffd56d804a42305c3
=== RUN   FuzzTxfetcher/d7e6ec9116c41cf46331e498b2d3169bfee36cb6
=== RUN   FuzzTxfetcher/d80dcf600c358ae1c42655bea53af5386a159df5
=== RUN   FuzzTxfetcher/d8416bd52cbe9679d7e03d53ee610995ec95a650
=== RUN   FuzzTxfetcher/d88761826c6a4fc1180f07a49d1d9cbcf562753d
=== RUN   FuzzTxfetcher/d8e311a449f7aeda33a55020b2d61f6b0aa4d14a
=== RUN   FuzzTxfetcher/d8eccc72cbad88a684ae8d8ba002bb034a360bce
=== RUN   FuzzTxfetcher/d91ade3d9e2f47fb6abc91fd5fe98c9a2cd441e6
=== RUN   FuzzTxfetcher/d950d54046539776937a41dfa3a5a787bcb66cc0
=== RUN   FuzzTxfetcher/d9d56616bdc77544f2a916b70d09306d971b0fe9
=== RUN   FuzzTxfetcher/d9df3a3aeaca69ce281bca3b17f4dfc70b403243
=== RUN   FuzzTxfetcher/da9cee7f3ae7be331c43284b306c0a179d6e24d8
=== RUN   FuzzTxfetcher/dab4c8811fa9b2bf939cbd9610efd15c27a7d93b
=== RUN   FuzzTxfetcher/db1912f7183258dafe301800bf8b11e140582b12
=== RUN   FuzzTxfetcher/db2313e08f0f0e08b0bcba7f1763ea207e402599
=== RUN   FuzzTxfetcher/dbba8295811a57297266673220fcf77a1045adea
=== RUN   FuzzTxfetcher/dbed6b3a0e6c3ff78ab517142e98b8e9ba0376c1
=== RUN   FuzzTxfetcher/dc292520b87a591c0e9b030608c1e594721af0b5
=== RUN   FuzzTxfetcher/dc6d3fde7e9f8437d6eb1c6b00e09c3446887f54
=== RUN   FuzzTxfetcher/dd8e5c2c56815867b76146349e927fdb3f4ba63b
=== RUN   FuzzTxfetcher/ddbf99e035070524bb1226d6a9fe68bcd044c625
=== RUN   FuzzTxfetcher/de4f8d33b7c9ff3561c538ad4e856b78ac4837b7
=== RUN   FuzzTxfetcher/de6728cb36a816aa56c54eacd9501450b0e158ba
=== RUN   FuzzTxfetcher/defe900af57552e8a7c9580c866556d8ba36cc0e
=== RUN   FuzzTxfetcher/df0fcb717b598af8a8f40ca96694641a5c3f023b
=== RUN   FuzzTxfetcher/df2273872ce937d2f79f82987f46ce7f03157cca
=== RUN   FuzzTxfetcher/dff0baddbd12d4927b9fe8b1edb81c77d8a1a190
=== RUN   FuzzTxfetcher/e00cf2624de4afd868315b82e261528588116ff3
=== RUN   FuzzTxfetcher/e00e04334d4e300c2dcbd1e7d76b4aa04be55c04
=== RUN   FuzzTxfetcher/e01e0ee1d4acda0bd122835452918519e61271ce
=== RUN   FuzzTxfetcher/e184522e4062043bed84f836fac769dd47497586
=== RUN   FuzzTxfetcher/e2283d894610f6b263a4b57b2aee5434fcece3d2
=== RUN   FuzzTxfetcher/e2d4baa0268b37159e3afd8e10b3c27f5dd3bf86
=== RUN   FuzzTxfetcher/e2e40bf5808ed25adcae8dd7e02b3fb74831a1e0
=== RUN   FuzzTxfetcher/e398dc6ab167ead9484fd3cf3eff6701563cfddd
=== RUN   FuzzTxfetcher/e3b79144b4d83a17682ae63aec70f5f49863b259
=== RUN   FuzzTxfetcher/e4083e48e25b9a2054f12eb54abd579d15d5a200
=== RUN   FuzzTxfetcher/e4c5c41c274ebe9438dc8f3bf0a0670ed53ff3db
=== RUN   FuzzTxfetcher/e4d10703c09a00580c6d829222e8cb83132efdfc
=== RUN   FuzzTxfetcher/e527a2a88ac3ebb8cade2ce8a210452b45cca4f0
=== RUN   FuzzTxfetcher/e565137658ce7c7a7d55a2a002c5e331c4ec2ab9
=== RUN   FuzzTxfetcher/e6f1e863a822c6dc219bf54ed85a7c1db80332d0
=== RUN   FuzzTxfetcher/e7554f563d056e8a9c6ec5aedd092cfeb1ca402d
=== RUN   FuzzTxfetcher/e7e9bfb770f264f7be6eac221cef6ef292d6503b
=== RUN   FuzzTxfetcher/e8f279ee7e5911ca8f6324b510d92e17dbf3ee01
=== RUN   FuzzTxfetcher/e94cfb336f060119de548dd5dbbc775a95a39f61
=== RUN   FuzzTxfetcher/e952297e0863cabd21b8ed45c793316ad3e556bd
=== RUN   FuzzTxfetcher/e9cbdc1bd927276528f376b9b62b258d722b3971
=== RUN   FuzzTxfetcher/e9e723bef49568470e70cb71c6c3208357933c5f
=== RUN   FuzzTxfetcher/ea094ea432f290122621511eb1c0076953b64380
=== RUN   FuzzTxfetcher/eab0ec61a24a1dd657de99a6082fb38c786313d5
=== RUN   FuzzTxfetcher/eb6d54b548e2c78a902439bd5ee0b2b59276211d
=== RUN   FuzzTxfetcher/eb72197dbce987c81dde8b694cd52a9a1881804d
=== RUN   FuzzTxfetcher/ec1e608717f8382b7c09e945118c46a6497c589a
=== RUN   FuzzTxfetcher/ec3e10d63b222bcfd8d520e1ee71c389355dbabc
=== RUN   FuzzTxfetcher/ec4b86ac5078f26bb758c1201d5de0e9763160d7
=== RUN   FuzzTxfetcher/ecc8a5a3dbcc99c9ba8abfeb2c0cc3acd90658fc
=== RUN   FuzzTxfetcher/ece1fa49fc8834891f46327a7db9ae768444e0dc
=== RUN   FuzzTxfetcher/ed1b5ed8908669fa5521e5de2f1817d1bdf38c25
=== RUN   FuzzTxfetcher/ed7b99eecc485e01c14fae9fc857e36d21c373ee
=== RUN   FuzzTxfetcher/ed8496415590bc8b1106f8bba6b59581cbed3503
=== RUN   FuzzTxfetcher/ed875f0da915f98bc628ff7ed6f3430cf89c80f3
=== RUN   FuzzTxfetcher/ede16181148f8b346d50cf317412784ced164ffe
=== RUN   FuzzTxfetcher/ee89d3dab6fcf20d1c4daf8c9e0a0e5887b850fa
=== RUN   FuzzTxfetcher/eec552c062d7b7d9efad72085d9b3c5039cea17d
=== RUN   FuzzTxfetcher/ef752cc2278573bce4ee838366f966408e4d63b0
=== RUN   FuzzTxfetcher/ef7c1e7e75156527dbd3e12f9668ecc517285d54
=== RUN   FuzzTxfetcher/ef9248c22b538fdacef2ac9abac6be6ba47b41a0
=== RUN   FuzzTxfetcher/efe293bfebbc5f8de3f818f9bcece3a6f632fd80
=== RUN   FuzzTxfetcher/efe43def97eb295fe99c3753f2d740d7b36df689
=== RUN   FuzzTxfetcher/f03fff03d6668faf67d8f20fda1d60eab10f8659
=== RUN   FuzzTxfetcher/f09d65d9e7854efaf17b2726652de680352a1bc4
=== RUN   FuzzTxfetcher/f17d41e441b97d59da8f078e84d0a0dd0bb786e3
=== RUN   FuzzTxfetcher/f1fbd6e90e4a36a1054fd053643fb381fe1fe7f4
=== RUN   FuzzTxfetcher/f2788921db0ea58b89f6397a1fd3c6ead84aef2a
=== RUN   FuzzTxfetcher/f383f475548a6e949e23a78516b4e151da43fa7e
=== RUN   FuzzTxfetcher/f5292de43bf9770c442a97fd64c3f335ea1b1b9f
=== RUN   FuzzTxfetcher/f6c6c9ac691f789b6601505ce0936b06773dcd77
=== RUN   FuzzTxfetcher/f6d58a614402c6f13dc9c6287795cb92521f6858
=== RUN   FuzzTxfetcher/f6f689e49d6276cbe1028284a529a568f322a699
=== RUN   FuzzTxfetcher/f7e47e799ff04e296768de846b34b4c772dd207f
=== RUN   FuzzTxfetcher/f83956d92c0b427281614f1fd773307ddcedc71f
=== RUN   FuzzTxfetcher/f88e8eb286a45385ca5c8c162cb789a1ccd3e86c
=== RUN   FuzzTxfetcher/f92939d85c1a365c976b8d5113979a93b633243c
=== RUN   FuzzTxfetcher/f93a5b41c853b77b7084e91f06f10da818dfccb5
=== RUN   FuzzTxfetcher/f97b01de7199da2b7af9048845afaaaa253a4dcb
=== RUN   FuzzTxfetcher/fa0a8026686be1c879ba8076e629ba463a50aee1
=== RUN   FuzzTxfetcher/fa3246434b227a4c1a4e2a81d1f60bbd4d316170
=== RUN   FuzzTxfetcher/fa3b6f990a7f0a3f0b69400625452deaaedab903
=== RUN   FuzzTxfetcher/fbf938489f82914083b8007dba2bd02119be2f70
=== RUN   FuzzTxfetcher/fc74d9ab921b293ab4a86c209e72fb8cfc8d357b
=== RUN   FuzzTxfetcher/fc7f3785ab923d7732922e4f266a917bfdffb17e
=== RUN   FuzzTxfetcher/fc8e08817c14469de07d4099033e7ccc44934c70
=== RUN   FuzzTxfetcher/fd28d4065e676bb58bd06a60df7feceba09f8b98
=== RUN   FuzzTxfetcher/fd3b9dac72826feb8f588859b6a8e10dcfdb2763
=== RUN   FuzzTxfetcher/fd8e31a68a044dc6e6e2cc39dc65d7e8f74a368e
=== RUN   FuzzTxfetcher/fd9c9970d9fd8426b87890f34264d6dd7d8d30de
=== RUN   FuzzTxfetcher/fdd1b38a2ee9d993d9defc6dded3af2659026c00
=== RUN   FuzzTxfetcher/fdf741ec9be9bf75a1d51833188ec0a432888db2
=== RUN   FuzzTxfetcher/fe2b85ba35a53a04b0d5012b97f000178e7ae7c4
=== RUN   FuzzTxfetcher/fe79e18b088165270c5b67d143ce52c51189e0d2
=== RUN   FuzzTxfetcher/ff57d30cbcd748b589de8546e71e96a34eab565c
--- PASS: FuzzTxfetcher (0.12s)
    --- PASS: FuzzTxfetcher/00aa7f2f3214252918fdb7e9ddaf9dfcf7c19a6a (0.00s)
    --- PASS: FuzzTxfetcher/016022a606f81522acff0495755c9a87b5c719cb (0.00s)
    --- PASS: FuzzTxfetcher/01a39f7e556bc8c7595f259300f9e7807d73d497 (0.00s)
    --- PASS: FuzzTxfetcher/0233316e60b9ff1d366901d3af412c6b4532dfee (0.00s)
    --- PASS: FuzzTxfetcher/02c0e8e50d5dbd8bf9407125c3e51aec640a1183 (0.00s)
    --- PASS: FuzzTxfetcher/033cd2e57d49dc87395059b55f51299b1573e908 (0.00s)
    --- PASS: FuzzTxfetcher/04ba8d40a46765eaffaa65ebb661982098381448 (0.00s)
    --- PASS: FuzzTxfetcher/053f610b7fd512f8a7fe27debfb718f3b81d7a19 (0.00s)
    --- PASS: FuzzTxfetcher/059d165cd5b672b566bfafa1f4bb472be81a4a2b (0.00s)
    --- PASS: FuzzTxfetcher/05ecaf0c4ef70b652452fa94c33177a49eb5bf73 (0.00s)
    --- PASS: FuzzTxfetcher/05f30544a0e9c13dabe7d9b589b64e414303e2b0 (0.00s)
    --- PASS: FuzzTxfetcher/067002c3e100635b464cd27051343a336bcf6ef6 (0.00s)
    --- PASS: FuzzTxfetcher/07cef6788d31e2e2ff62b2fda376453312b6d68c (0.00s)
    --- PASS: FuzzTxfetcher/080ab0fd85267b9bb224f495dc194ab6f12f787a (0.00s)
    --- PASS: FuzzTxfetcher/08b5e192baef349fc5d7460ad8728aa7461c8b60 (0.00s)
    --- PASS: FuzzTxfetcher/08f0ae42a0a9e2dbf53d769b8b82c985b957ed2b (0.00s)
    --- PASS: FuzzTxfetcher/0a63424e5527425a0a384c9317b6f2eb4e62dcec (0.00s)
    --- PASS: FuzzTxfetcher/0a65df448bc91e900648e70614b15f320e6708d4 (0.00s)
    --- PASS: FuzzTxfetcher/0a84179f6b3a380310b58c492ffef8fa32fc1d36 (0.00s)
    --- PASS: FuzzTxfetcher/0a99afb14cffbe8ed7ff9be2f3fe87f58adb5b84 (0.00s)
    --- PASS: FuzzTxfetcher/0abdce4d0e45705ad8198e053a016767e9b9254a (0.00s)
    --- PASS: FuzzTxfetcher/0ad743f1479a078004de864cd89bec57b38e1a6f (0.00s)
    --- PASS: FuzzTxfetcher/0c6a984cc7d72a9b51d0307c97d332c666b27618 (0.00s)
    --- PASS: FuzzTxfetcher/0ce55f9767ca397a1173b7f10157bcd6f6cb8bd4 (0.00s)
    --- PASS: FuzzTxfetcher/0d45cca825aedacdf662aef34acfa11103a04900 (0.00s)
    --- PASS: FuzzTxfetcher/0d72bb87f0bf1113203dc36086144640de3923cf (0.00s)
    --- PASS: FuzzTxfetcher/0e1ca379508fb2528e0657fb31cdc51c0b206232 (0.00s)
    --- PASS: FuzzTxfetcher/0e5e281cc91a6f95106b75bc73b4e6ffaf44739b (0.00s)
    --- PASS: FuzzTxfetcher/0eb16987769ec8733519abf302916814b033e029 (0.00s)
    --- PASS: FuzzTxfetcher/0f3f9f912bcad7f524d059e81d0abfe55659c8bb (0.00s)
    --- PASS: FuzzTxfetcher/0f6821ec7d4c14d1bc4d8e59507d6b24ff4da011 (0.00s)
    --- PASS: FuzzTxfetcher/0f6f5434cfd9ed6d77a6ddd724cb4d54e08ce4fe (0.00s)
    --- PASS: FuzzTxfetcher/0fc9e31c35e59b77dc2dc4673e0a6c5e2ca00d5b (0.00s)
    --- PASS: FuzzTxfetcher/10093d7bf736a7b4b38f7c7d5ae5b5360e0b312f (0.00s)
    --- PASS: FuzzTxfetcher/1012200d0559a0b76bd7be677d9ef44ef9b9a595 (0.00s)
    --- PASS: FuzzTxfetcher/104299f6f6aa5af8ec7f062ef742a76a799234de (0.00s)
    --- PASS: FuzzTxfetcher/107ba8ee3d6aa585531fbe86a0ca05497aa694f7 (0.00s)
    --- PASS: FuzzTxfetcher/109c89ae1195965c85442d511bdf5bdbc2b3ad40 (0.00s)
    --- PASS: FuzzTxfetcher/1123bc6b05231150303313ea118285694808e89b (0.00s)
    --- PASS: FuzzTxfetcher/1124b9be0ffaa2ffefbc081bd7511290d7fbe3a9 (0.00s)
    --- PASS: FuzzTxfetcher/12d440f9f316cd7d46f5bd746a2a6c630ae2b5ba (0.00s)
    --- PASS: FuzzTxfetcher/13fe830d719898e4fa5af4da43295941f9de971f (0.00s)
    --- PASS: FuzzTxfetcher/14758194c5f11f3a0d52cc4c6c431b291711db0b (0.00s)
    --- PASS: FuzzTxfetcher/14ac75f2b63b27a96abdb4f7ca2044e895aa218a (0.00s)
    --- PASS: FuzzTxfetcher/15909a9a3ee4c9b30bfa4a1eba7e2d270d4cf64f (0.00s)
    --- PASS: FuzzTxfetcher/15fbec762f37e266caad20163eed7a7b2740bdb3 (0.00s)
    --- PASS: FuzzTxfetcher/16f41575d1563f192a4f0ebe1479144c97325bea (0.00s)
    --- PASS: FuzzTxfetcher/1767c32d1867265f466ab67869ee52c41cb1165a (0.00s)
    --- PASS: FuzzTxfetcher/17c59b243d3fce6879efe17b4262feece92f8210 (0.00s)
    --- PASS: FuzzTxfetcher/18c543cb16af4ccc68eeb8ed61ad8865dff6c325 (0.00s)
    --- PASS: FuzzTxfetcher/19c83116db59c6d14029d360e506c0ee17e39003 (0.00s)
    --- PASS: FuzzTxfetcher/1b254ff227ff26f87035ae269be923ca463263f5 (0.00s)
    --- PASS: FuzzTxfetcher/1b3c02e7037c33eb4f771c80eefe28c19bf34526 (0.00s)
    --- PASS: FuzzTxfetcher/1b92a87e6bf2c0a8424c467ad5ae1c6943006eee (0.00s)
    --- PASS: FuzzTxfetcher/1bfeedd820f8563ca83501f355ac141518315412 (0.00s)
    --- PASS: FuzzTxfetcher/1d64518aad5dec07b41ee59574a2b35b9167aee1 (0.00s)
    --- PASS: FuzzTxfetcher/1dffc6ee7bb2bb3cc4f83d332a7ed164f3c1f6dc (0.00s)
    --- PASS: FuzzTxfetcher/1e56f6aac8737b8e9039b66735f0e50fdb968789 (0.00s)
    --- PASS: FuzzTxfetcher/1e6037967eda9e5a81b38b8b77d64913ffd35d95 (0.00s)
    --- PASS: FuzzTxfetcher/1f94ee84af0bfd4f852dce5218f1453895bd19bf (0.00s)
    --- PASS: FuzzTxfetcher/1fc2daa70dee5dc71cff0d2202325aa45160263c (0.00s)
    --- PASS: FuzzTxfetcher/20721dbd6a0bd4c15bec720082f4a0d0f27266fd (0.00s)
    --- PASS: FuzzTxfetcher/208b4034cee59c2ee3ef213a69169c887c6d12d2 (0.00s)
    --- PASS: FuzzTxfetcher/20f7fd24a20374ce5d8c024c4193f9ffc0039082 (0.00s)
    --- PASS: FuzzTxfetcher/21012cc071246469bef789c86b14d41ae8289a48 (0.00s)
    --- PASS: FuzzTxfetcher/2138f00ac92ba66d5656b0173fee677d39229156 (0.00s)
    --- PASS: FuzzTxfetcher/214a05b51a2efc88a83bc31e4dc476322a34d469 (0.00s)
    --- PASS: FuzzTxfetcher/21a0477e6cec3649f5441118c6b5f20a3384dbda (0.00s)
    --- PASS: FuzzTxfetcher/2206ec2875e96698de3289239bf102c140c72351 (0.00s)
    --- PASS: FuzzTxfetcher/222d5c0e6b31504d2e790bf9f3fcb73111875446 (0.00s)
    --- PASS: FuzzTxfetcher/22afb26202bbaa237a1a90d941126092bd0a0fa3 (0.00s)
    --- PASS: FuzzTxfetcher/232170ec0ce868c1065b2d7b21372c077b303849 (0.00s)
    --- PASS: FuzzTxfetcher/2324487e5bb7c09b680d8eb8ca56c956c3037d28 (0.00s)
    --- PASS: FuzzTxfetcher/23ae7f049deb887bb7702b95d9e2647d42b7b1eb (0.00s)
    --- PASS: FuzzTxfetcher/254dbf5a5d54f7c0f59d2e7e3e8ce0fccce46529 (0.00s)
    --- PASS: FuzzTxfetcher/2573f163e96e6e61dbd763d915d5caa10965b5ed (0.00s)
    --- PASS: FuzzTxfetcher/25d749653e547aa7c16b77b2001a7da7b05187bf (0.00s)
    --- PASS: FuzzTxfetcher/25fa06bc82790ad864a377bfd811d05422011beb (0.00s)
    --- PASS: FuzzTxfetcher/2704a10213091f38f5cc295c5887cf9d8ca6b2b3 (0.00s)
    --- PASS: FuzzTxfetcher/27700d1d5d05b507834092da6675f4ba5016471a (0.00s)
    --- PASS: FuzzTxfetcher/2788ea4fa7bf1595eeb7ebb43c77caf8310256d0 (0.00s)
    --- PASS: FuzzTxfetcher/2849fc9f74a296a05c04374d816db86b9a4021dd (0.00s)
    --- PASS: FuzzTxfetcher/29b6526d5703b8d7e36e6b5f62eb43ecb23c1772 (0.00s)
    --- PASS: FuzzTxfetcher/2a2a8b6871470d17a741c49370c2637bbb1e6914 (0.00s)
    --- PASS: FuzzTxfetcher/2aa7ddb8652c8610553a2ad40252af25c9553a3f (0.00s)
    --- PASS: FuzzTxfetcher/2b33ab21b0f2dc86e60b87a2613f5bcf5efc3285 (0.00s)
    --- PASS: FuzzTxfetcher/2ba328da1dada4366fda578c97e7ae51259c6f0e (0.00s)
    --- PASS: FuzzTxfetcher/2bc798b68ca2ca5e9b8d753f63d79a57da68d400 (0.00s)
    --- PASS: FuzzTxfetcher/2be8c5648449ec42fea147b5a608274ac72a6fbf (0.00s)
    --- PASS: FuzzTxfetcher/2c2b993937b547be4422b83c57f274d0d0bfdb60 (0.00s)
    --- PASS: FuzzTxfetcher/2c3f75ca88b826937d55c894305dc0f9fad28cde (0.00s)
    --- PASS: FuzzTxfetcher/2c6a2842ab1510b8d8ef48d50d55fc721a4765af (0.00s)
    --- PASS: FuzzTxfetcher/2c9662bf0b5e7719da9abd987428a21b2a72afd6 (0.00s)
    --- PASS: FuzzTxfetcher/2d597b4bd4d973da711a920f32e6bea281aa5a6a (0.00s)
    --- PASS: FuzzTxfetcher/2e2f486bd30b9aa4c7cbccb55adb9faf725dccb8 (0.00s)
    --- PASS: FuzzTxfetcher/2ea5559d48d80f5fdeb5576e2844c87f7516dc02 (0.00s)
    --- PASS: FuzzTxfetcher/2ecff9014e2e50bc72b923f0545b0f378a78223f (0.00s)
    --- PASS: FuzzTxfetcher/2ed218841fff70b3e123e3f39b87fd563a534bf6 (0.00s)
    --- PASS: FuzzTxfetcher/2efa64bf961448474773f80a68e5ff3a7f8a516d (0.00s)
    --- PASS: FuzzTxfetcher/2f2509ead981d838a909807eafcc60fde3741c76 (0.00s)
    --- PASS: FuzzTxfetcher/2f6a720c110f50b89eba3723d3ff8d9d1c6cf2af (0.00s)
    --- PASS: FuzzTxfetcher/2f95dc3d06d9ad7c031d9d382fc6d66c43cd73a5 (0.00s)
    --- PASS: FuzzTxfetcher/30110c64a35cdbc01ae6706b472edd6ddbd0c170 (0.00s)
    --- PASS: FuzzTxfetcher/3085642dcb373b365b074108654bd074d06ed721 (0.00s)
    --- PASS: FuzzTxfetcher/30ca206e5b26c60791a10ea92780d0eb4573acda (0.00s)
    --- PASS: FuzzTxfetcher/30d4d9f9f26b50f96b5e0ac99ebe2a991f8ec264 (0.00s)
    --- PASS: FuzzTxfetcher/31d64bf8d7ea22f1f985e43bd53d153bf7074889 (0.00s)
    --- PASS: FuzzTxfetcher/3228855954f3546ba5f84677f14ad36e2a87bc97 (0.00s)
    --- PASS: FuzzTxfetcher/3290b2c33606ea92042cf201477d9008b98b0994 (0.00s)
    --- PASS: FuzzTxfetcher/32eed2dd37c8e69f01af4f5efd7c6e4a1bd6d880 (0.00s)
    --- PASS: FuzzTxfetcher/33001b69413432dc947aa4d6d10dcb3c4484589a (0.00s)
    --- PASS: FuzzTxfetcher/334e777dbbfb356d54446ee9b6cde2b86a4267e0 (0.00s)
    --- PASS: FuzzTxfetcher/344d6ffeb70053cde7ea330c82d9d1a3eb34f2bd (0.00s)
    --- PASS: FuzzTxfetcher/3451c435785ee3083b1dd131f1b7bf547a4152ba (0.00s)
    --- PASS: FuzzTxfetcher/34de6c37f3eaf72f066fae24f2b75dbb92293362 (0.00s)
    --- PASS: FuzzTxfetcher/3512841b3280f5e209cde5b185e6fd8a36579659 (0.00s)
    --- PASS: FuzzTxfetcher/352827a9ad9bdb40052f1ce3c6ca2ceb82c1919f (0.00s)
    --- PASS: FuzzTxfetcher/352b7759faaae5f4b1a1dc150e1070e0d1d741ce (0.00s)
    --- PASS: FuzzTxfetcher/3535b46e374d28f93c0eb255abd6eab5f0134f56 (0.00s)
    --- PASS: FuzzTxfetcher/357be12ff0b7fcff06ce6c9e8af823b870b9c632 (0.00s)
    --- PASS: FuzzTxfetcher/3610b208dd34bed7f11b15b3efd27461755963f6 (0.00s)
    --- PASS: FuzzTxfetcher/366f2823e6009a218e3488f38bacfe8998ecdbbd (0.00s)
    --- PASS: FuzzTxfetcher/3701632fde80a4cac92ee3998b4f353a57d0a3dd (0.00s)
    --- PASS: FuzzTxfetcher/3855e252f33b1163bcbcf4c2b741236335222bcd (0.00s)
    --- PASS: FuzzTxfetcher/3880e7cfd2323c5407690e6784e2aadf3ab4041e (0.00s)
    --- PASS: FuzzTxfetcher/38d030a2f55eeb3e8d3c073765fc87bc2d239f10 (0.00s)
    --- PASS: FuzzTxfetcher/39101a79ff86b6bda5195a4685ca4a24d3ddda48 (0.00s)
    --- PASS: FuzzTxfetcher/394820744af0680f978e512e37c63542654b3ffd (0.00s)
    --- PASS: FuzzTxfetcher/39908a42ce347219b7e03ef2f71ec14eea257295 (0.00s)
    --- PASS: FuzzTxfetcher/399f17287387177a3157068200c5614e0c473afe (0.00s)
    --- PASS: FuzzTxfetcher/3a905c181ff3188cb1c89c56f9866c93950e648e (0.00s)
    --- PASS: FuzzTxfetcher/3b6cdbed79be658231d999ccd2692386891685d9 (0.00s)
    --- PASS: FuzzTxfetcher/3bd190716714ad350bb17c0bea6317cc6366a850 (0.00s)
    --- PASS: FuzzTxfetcher/3c186b084589f07dd5f52a6713865a20d88a49c5 (0.00s)
    --- PASS: FuzzTxfetcher/3c404d0d06fa2b3e8b7e73f723841e5d8e1795ba (0.00s)
    --- PASS: FuzzTxfetcher/3c879ec318190a63011994d1fa0737fb0245b45b (0.00s)
    --- PASS: FuzzTxfetcher/3d0a305b84bf14f5509e9854619d1dfc3b5b9ad8 (0.00s)
    --- PASS: FuzzTxfetcher/3d3766d2570f149d60d2125a4e29769e96e66a94 (0.00s)
    --- PASS: FuzzTxfetcher/3ef4eb43e2e19a200e63c634e899c6c72901c4dd (0.00s)
    --- PASS: FuzzTxfetcher/3fcf272fbe1041aad972a8c69c31a6b505e0bdbd (0.00s)
    --- PASS: FuzzTxfetcher/405059c7280d352f424929fb6d55785458b998e5 (0.00s)
    --- PASS: FuzzTxfetcher/40de7342a242a367b6d4360069684ebbbdd8cc41 (0.00s)
    --- PASS: FuzzTxfetcher/416f157ee22646c63ab6ac66f053a33bbcc4ec80 (0.00s)
    --- PASS: FuzzTxfetcher/41b9c1fd3d460e64574f476397426e3a540c9adb (0.00s)
    --- PASS: FuzzTxfetcher/4260abb9fe3bebd8f8c9a270f136e2c7f8313624 (0.00s)
    --- PASS: FuzzTxfetcher/42f690cc7299508911ab31c6412536c86aae120b (0.00s)
    --- PASS: FuzzTxfetcher/4480eda9b19b2bccec28d6258cfed49bb9bc10c9 (0.00s)
    --- PASS: FuzzTxfetcher/449fe247654417cae41d4fa9906d468db33127d5 (0.00s)
    --- PASS: FuzzTxfetcher/44c902babdaed9bda3208d1adfe2d62f14e72ba4 (0.00s)
    --- PASS: FuzzTxfetcher/44e455052a648eaeb57272a02556134660d032a0 (0.00s)
    --- PASS: FuzzTxfetcher/453a30b788a3229ff899c3bdedb4fe06e5caf036 (0.00s)
    --- PASS: FuzzTxfetcher/4585ed36ee8aba6c169b028f41c864e2040d6e4f (0.00s)
    --- PASS: FuzzTxfetcher/45d10c68885314adc564d9cbc4116eb3153adf5c (0.00s)
    --- PASS: FuzzTxfetcher/4603b00ab97c68cb71c3d04d8261d78553fb5097 (0.00s)
    --- PASS: FuzzTxfetcher/462a2077a3d344b007b1d6ad3fd56dd555101685 (0.00s)
    --- PASS: FuzzTxfetcher/4784652ffbc04154a2a8cd32c401c023e9f1cd11 (0.00s)
    --- PASS: FuzzTxfetcher/478e73fc7f8dbe6556f9473d3a086e4ef8b09fbf (0.00s)
    --- PASS: FuzzTxfetcher/4881765061e98e897e67c9c5741fb548b2a8503a (0.00s)
    --- PASS: FuzzTxfetcher/48eac1a7fd2c3811f5575741539238337eb17bf0 (0.00s)
    --- PASS: FuzzTxfetcher/49324e0c4369131e8ab9b2745f610c7a29569ad2 (0.00s)
    --- PASS: FuzzTxfetcher/49426363ace466149a733474ce1ae518c44abf44 (0.00s)
    --- PASS: FuzzTxfetcher/4942e0153304751a9496cb74e1299fb3c39e30be (0.00s)
    --- PASS: FuzzTxfetcher/4949a4d2e1e1ac48ac2703b406bbb45b00bebfcf (0.00s)
    --- PASS: FuzzTxfetcher/49674825cc3ebbc0c623057bba16a0eb99e0123e (0.00s)
    --- PASS: FuzzTxfetcher/49ca646938ff8c035f42983d710e13c373a7fb5f (0.00s)
    --- PASS: FuzzTxfetcher/4a8ffcd7a764472b2bacda2738176b6a7d6231d6 (0.00s)
    --- PASS: FuzzTxfetcher/4b9b655ad8a60df98136e65a13477d46d759e627 (0.00s)
    --- PASS: FuzzTxfetcher/4cb9d5965fb6693fbac2aefdcb53142f8deda614 (0.00s)
    --- PASS: FuzzTxfetcher/4d23e10bc731f4c5abf4bfcd772d1a982243ab10 (0.00s)
    --- PASS: FuzzTxfetcher/4d2dc2d3f32f2616864728dc5fd000e50be2ca09 (0.00s)
    --- PASS: FuzzTxfetcher/4d5f645867a4c80184d1951dea59ea882919d3cb (0.00s)
    --- PASS: FuzzTxfetcher/4e487775d6d42a378c72593c8bd02dc2cd12ae23 (0.00s)
    --- PASS: FuzzTxfetcher/4e849262130a8938c7afe552527e1ee317a25289 (0.00s)
    --- PASS: FuzzTxfetcher/4eda5e879deab9e31b4aab87ff0bab3accf95863 (0.00s)
    --- PASS: FuzzTxfetcher/4f5941a252543542f986b29fb05f4e93004fa428 (0.00s)
    --- PASS: FuzzTxfetcher/4f81d4f443addbcabe95f47cebf12ba1dc4c2a7c (0.00s)
    --- PASS: FuzzTxfetcher/4ffe51bf5ab0f5d9a52085613a8026f9f2ae7264 (0.00s)
    --- PASS: FuzzTxfetcher/502178df8eb8d854834866b6a7c5564ffdbeefc0 (0.00s)
    --- PASS: FuzzTxfetcher/51772ce7e60503a1c25742d3aa0c8d62de6778ce (0.00s)
    --- PASS: FuzzTxfetcher/51a2d473f5c838ef5d4e05e494f9bf1342e2e06f (0.00s)
    --- PASS: FuzzTxfetcher/51ba671629307f6bcc41c52baea182560d755319 (0.00s)
    --- PASS: FuzzTxfetcher/525ecf0c27b987a5b1f2a4268230a1c593f32742 (0.00s)
    --- PASS: FuzzTxfetcher/532ab3c1f2f3d98490c7c4346bacceaf9e44087c (0.00s)
    --- PASS: FuzzTxfetcher/542b8404fb4470c16829f2d3ec3b78bb7800914f (0.00s)
    --- PASS: FuzzTxfetcher/54445bcc4afe5159b1108db87869f35faa387c45 (0.00s)
    --- PASS: FuzzTxfetcher/5455d5c410530ba9b7a1dac055399f4385b79237 (0.00s)
    --- PASS: FuzzTxfetcher/5536e5dc7b91a8cfe9be04d7bd641dea9506b9ba (0.00s)
    --- PASS: FuzzTxfetcher/55d45be3168cdd0d12028ace82fdd33bf77aa909 (0.00s)
    --- PASS: FuzzTxfetcher/55f33b4cbe3ef40c2b3a6bd9942f0b01dae200a8 (0.00s)
    --- PASS: FuzzTxfetcher/563165bab147415ca6ea49372f510313696478ae (0.00s)
    --- PASS: FuzzTxfetcher/57a00345efaf404ce1ab9d05687cd0d2239beceb (0.00s)
    --- PASS: FuzzTxfetcher/57a1fe77bd6a95cf2e698bb78ae12f425fb8df69 (0.00s)
    --- PASS: FuzzTxfetcher/57ce13bbba40df25cd0d223eb4e50db3376c96e9 (0.00s)
    --- PASS: FuzzTxfetcher/587a21bd99af3a265223f3760d81e6b57e5c406a (0.00s)
    --- PASS: FuzzTxfetcher/58f9aeb95b5104bf30559a8a5c5c44f2dcd100c4 (0.00s)
    --- PASS: FuzzTxfetcher/590e3771136b4a4f11d529efc79c05ae10d64676 (0.00s)
    --- PASS: FuzzTxfetcher/59179514741586b8decf741b16afeabb9b91a4f6 (0.00s)
    --- PASS: FuzzTxfetcher/59ae3afcc40ee2118178b368ab28c621e6e9a8b1 (0.00s)
    --- PASS: FuzzTxfetcher/59c2cdad7d47f75c247dff76ae06d568f9487dd4 (0.00s)
    --- PASS: FuzzTxfetcher/59e89aa330c1aeae53b5c80cde763387640b31ec (0.00s)
    --- PASS: FuzzTxfetcher/5a26aac3a24939b16d258867d31e8a76a75d5310 (0.00s)
    --- PASS: FuzzTxfetcher/5aab089e6bcb9ed96e5281f5abfa09363b34f604 (0.00s)
    --- PASS: FuzzTxfetcher/5aab212dbe7efb77c776d1669545aac695dde91c (0.00s)
    --- PASS: FuzzTxfetcher/5b10cfa5d788eee2f7167a90eb1c29d46bf77505 (0.00s)
    --- PASS: FuzzTxfetcher/5b75f0c9dd4b59ee23d5674541c6617cebba18b7 (0.00s)
    --- PASS: FuzzTxfetcher/5c7ad4fcfdff61c59245d0a9cdf4bd1556c27a2d (0.00s)
    --- PASS: FuzzTxfetcher/5cb242a454d0b0f5dd44482be70bdec5e7aa8d6b (0.00s)
    --- PASS: FuzzTxfetcher/5ce771c482ff440d6513bc13b93d852d28f0e82e (0.00s)
    --- PASS: FuzzTxfetcher/5d3c9ca0d2f650fe9a96672c1c11854947baa9f8 (0.00s)
    --- PASS: FuzzTxfetcher/5d5d21aaf9f1f800201e0ace6087961617c6d4eb (0.00s)
    --- PASS: FuzzTxfetcher/5dbd8299a58e0155a3fe0eb6c2b329387fdd3643 (0.00s)
    --- PASS: FuzzTxfetcher/5eaf3601d55d53b5c83e74d67585b89bc8d51ba5 (0.00s)
    --- PASS: FuzzTxfetcher/5f6713d05450a303a5499938b359f6a956d411fe (0.00s)
    --- PASS: FuzzTxfetcher/5f801f25fde7a853449421749347027b910ff5c8 (0.00s)
    --- PASS: FuzzTxfetcher/604a5424feee03debec6201c85bf937d8e3722cb (0.00s)
    --- PASS: FuzzTxfetcher/608c31e7d98d4b1aae13da4e24056a53ac7adeee (0.00s)
    --- PASS: FuzzTxfetcher/60a29e307bc9300c29624f044bb14d7837a81651 (0.00s)
    --- PASS: FuzzTxfetcher/60dd05fc97621d1c08f8daff7f233e8fcfe2d7c3 (0.00s)
    --- PASS: FuzzTxfetcher/60f8c841616e43f49e25dbff8aa47c2960e9263e (0.00s)
    --- PASS: FuzzTxfetcher/627f6cb662153493be4ca755da51aa64f3672e22 (0.00s)
    --- PASS: FuzzTxfetcher/6371b05d1341642a19ecbf26564b0a257cb5cba9 (0.00s)
    --- PASS: FuzzTxfetcher/637d43497f2c309d9ff63bab527da3e679617609 (0.00s)
    --- PASS: FuzzTxfetcher/63d406b80d24be5b8561f0b4857d0f88320f56be (0.00s)
    --- PASS: FuzzTxfetcher/6511a35a3ee5349ad6faaae68cc5906bf7715eb8 (0.00s)
    --- PASS: FuzzTxfetcher/65371db0feffb23f29f4a98480a7bc3874147414 (0.00s)
    --- PASS: FuzzTxfetcher/6542686601def223c13866f59aed781d24ac65b9 (0.00s)
    --- PASS: FuzzTxfetcher/65ee1ede78c0e2fee8f3147634b9192531f371c8 (0.00s)
    --- PASS: FuzzTxfetcher/661b71ae034ccc2cb6a0b411f5e11eb5b7a16f54 (0.00s)
    --- PASS: FuzzTxfetcher/66e94b0393e2cafa0a6cf1ae740c98f762fd1218 (0.00s)
    --- PASS: FuzzTxfetcher/67cdbd5fa9fbf34c7ac3f806e9ce8cc5fa0cc7b0 (0.00s)
    --- PASS: FuzzTxfetcher/67fa880e5d3ccfc76cf77faf59e2420a0cf6613f (0.00s)
    --- PASS: FuzzTxfetcher/68b5aa45db0cd473a1fdc536d6eabd17356c6e81 (0.00s)
    --- PASS: FuzzTxfetcher/698512e9c1b1596361985d24d825fac9c99fd3ac (0.00s)
    --- PASS: FuzzTxfetcher/699c971bf793c9c5bff09c0c15bb7a03ff5522e2 (0.00s)
    --- PASS: FuzzTxfetcher/699ee505051d6e920034a7d9482275b2951d27fb (0.00s)
    --- PASS: FuzzTxfetcher/69be1b77def5b0c9e23610468ed881f674bb9e6e (0.00s)
    --- PASS: FuzzTxfetcher/69fa4be58d11427966c6aecbf2e83666d864d17f (0.00s)
    --- PASS: FuzzTxfetcher/6acc5d02b76310adbeafb19658e89f5ddaa81b27 (0.00s)
    --- PASS: FuzzTxfetcher/6c9cdad7fb695563dca2b51e74f4d34efd56ed9a (0.00s)
    --- PASS: FuzzTxfetcher/6d11149cf32c592109256168649d56f80e2d07d0 (0.00s)
    --- PASS: FuzzTxfetcher/6eeeaa0654dba0394a0d73fb40d79ec9e2f9ed58 (0.00s)
    --- PASS: FuzzTxfetcher/6fdac73fe8e46e94e85ea1820b11f79277275d48 (0.00s)
    --- PASS: FuzzTxfetcher/6ffe7ef5a80690e80ff01192ff57d3331380ada1 (0.00s)
    --- PASS: FuzzTxfetcher/70360eda96febabf8b795d0924c5eaee72494076 (0.00s)
    --- PASS: FuzzTxfetcher/70a03f5098d8b8a4399772d8bfae7b3995128cc3 (0.00s)
    --- PASS: FuzzTxfetcher/70b365837e718b4deb46f29a3a985f82fcf2eeb7 (0.00s)
    --- PASS: FuzzTxfetcher/71013782b96f912f99296b4d4875ed405ec310f2 (0.00s)
    --- PASS: FuzzTxfetcher/7129658553b89ab66ff12f659d7648c0fb918852 (0.00s)
    --- PASS: FuzzTxfetcher/71fd95eb39d4fe228ec88fbfa61197f925b5fd0b (0.00s)
    --- PASS: FuzzTxfetcher/722970fc8bff1c5382063c0dfd0da9241542765d (0.00s)
    --- PASS: FuzzTxfetcher/7237c2ea41f7652db28dbe075e2a270862c56fcd (0.00s)
    --- PASS: FuzzTxfetcher/7303ecbbae787a29f5577fdea63d0af41c85f01e (0.00s)
    --- PASS: FuzzTxfetcher/7359474216223b77f7e5625f11fa7f2c3ed4b499 (0.00s)
    --- PASS: FuzzTxfetcher/735ce90098efc51760a1b86c46df50d0463f1dcb (0.00s)
    --- PASS: FuzzTxfetcher/73a3215023e2369ad26163671cdebeffbd673f58 (0.00s)
    --- PASS: FuzzTxfetcher/73a7d26e7e977c287467762593ddf4eca22d1d76 (0.00s)
    --- PASS: FuzzTxfetcher/73b7c923d82a935ccc219635d2fcf09556539b45 (0.00s)
    --- PASS: FuzzTxfetcher/757dad556537818e7164fabe56b1b12c6ad560a4 (0.00s)
    --- PASS: FuzzTxfetcher/760c805b9ecfa64611f4291032120040dd0c810b (0.00s)
    --- PASS: FuzzTxfetcher/773d84fbe3b909d5fa2bfd721dd854264ef9808d (0.00s)
    --- PASS: FuzzTxfetcher/7848f5642b30051c2d204ef910609e3990ead4ac (0.00s)
    --- PASS: FuzzTxfetcher/787d2569fa599cd04103fc656db92e1f3fc5125d (0.00s)
    --- PASS: FuzzTxfetcher/78d36ce3dba070142f771207d2ae6331dd6ddf98 (0.00s)
    --- PASS: FuzzTxfetcher/7a4484c2278dbd484046a0c3e863a2a95c2f7755 (0.00s)
    --- PASS: FuzzTxfetcher/7a75cb4b9b780360639061e1760ef4c3b610f2e9 (0.00s)
    --- PASS: FuzzTxfetcher/7aec55fa1ba4f22fcaf0163c3e14bfd1bfc9b6de (0.00s)
    --- PASS: FuzzTxfetcher/7af9da4d280fd8e8152642766ce2f2655653e79a (0.00s)
    --- PASS: FuzzTxfetcher/7bf83ee1084e3fee65d542db6f1de212acb72188 (0.00s)
    --- PASS: FuzzTxfetcher/7c4d65b4e3c946c9d455e939374695d8d11ae992 (0.00s)
    --- PASS: FuzzTxfetcher/7caca42add8bcbb69eaa6fb302f7c352c9abedc9 (0.00s)
    --- PASS: FuzzTxfetcher/7d8a5c047d8416081c2e6b1461276f1703249266 (0.00s)
    --- PASS: FuzzTxfetcher/7ea2d4680bd77290b57de39a82f87f840d6479b9 (0.00s)
    --- PASS: FuzzTxfetcher/7ece11fd55a2e6fd031d6722da22754803ad3e56 (0.00s)
    --- PASS: FuzzTxfetcher/7fe55d9f97e124054fdf662bf1bd92afa0837cfe (0.00s)
    --- PASS: FuzzTxfetcher/8106104b977883fbf97edee9ab8a7a77f5d345b2 (0.00s)
    --- PASS: FuzzTxfetcher/82b70848b49c335281e6f5e35f48085aa3ceebbb (0.00s)
    --- PASS: FuzzTxfetcher/82c82c626da171da17f8e6ce843817d5f3a1f503 (0.00s)
    --- PASS: FuzzTxfetcher/82f8aea747f6879d29fbb0bf6458e8025c12b330 (0.00s)
    --- PASS: FuzzTxfetcher/83335fff3ae6b48fe14951de7698690f5f4ab0af (0.00s)
    --- PASS: FuzzTxfetcher/8365720ceffb5cac538f8ac124b161c5bb90a451 (0.00s)
    --- PASS: FuzzTxfetcher/83c92e4b39a161a4fc26baf43d035adeec44c357 (0.00s)
    --- PASS: FuzzTxfetcher/84f02fc660e26d1057dd6bdeb021fe1e804fb6eb (0.00s)
    --- PASS: FuzzTxfetcher/84f61a96562d09f1a596c90dcfaae68d3a1accb1 (0.00s)
    --- PASS: FuzzTxfetcher/862ab3f39e4dc93fc0f3543a6b0bee686a26d9d7 (0.00s)
    --- PASS: FuzzTxfetcher/8666e8f7ef7b34c4592e3d5f5edfb1aa7b045a96 (0.00s)
    --- PASS: FuzzTxfetcher/86be95f887810a1b55527f99a804b40a58a1b5d7 (0.00s)
    --- PASS: FuzzTxfetcher/86f6f03e6e44b07b7b6297bb3388873c6cf9847f (0.00s)
    --- PASS: FuzzTxfetcher/8716d5f1fdfd8b66b3de5a47dee6a82573806c1f (0.00s)
    --- PASS: FuzzTxfetcher/88853c50dc0e5fb2ae42b283c2b868071b81d483 (0.00s)
    --- PASS: FuzzTxfetcher/88919c409af89a2ad69c14b21893375d98038178 (0.00s)
    --- PASS: FuzzTxfetcher/88955656de1dcc36a97c0ddad92197b171609b29 (0.00s)
    --- PASS: FuzzTxfetcher/894af06f2d426dcf985514b1e9c3f98502d1ad92 (0.00s)
    --- PASS: FuzzTxfetcher/89959eb9ab15c55165b154a4095c25014ae61723 (0.00s)
    --- PASS: FuzzTxfetcher/8af186e2692e417c846ae5b4630e236f3c244347 (0.00s)
    --- PASS: FuzzTxfetcher/8b7a653b0e560f888e9e50fdbe42bd5c6e04197a (0.00s)
    --- PASS: FuzzTxfetcher/8bae917692cb387fbfd28f1aa8f17af5308af773 (0.00s)
    --- PASS: FuzzTxfetcher/8c3431a27868158c18b689904d001d3f2f9ad0a2 (0.00s)
    --- PASS: FuzzTxfetcher/8d4ce502bf33f1e76145c0e3e6e428d002db5f95 (0.00s)
    --- PASS: FuzzTxfetcher/8d56a50c0ca22936eab3d39eb3092b6ed54524c1 (0.00s)
    --- PASS: FuzzTxfetcher/8d9c7b555e6442b7b173517f7209e60bfd65d3bc (0.00s)
    --- PASS: FuzzTxfetcher/8da7b028f93c269f41159f03496ff1c0a9283f66 (0.00s)
    --- PASS: FuzzTxfetcher/8e7f03cc03dddefe91ad3a50d1bd5268dda0a41b (0.00s)
    --- PASS: FuzzTxfetcher/8f33d9325f17ae066108b9c46dc804055d314cf5 (0.00s)
    --- PASS: FuzzTxfetcher/9069ca78e7450a285173431b3e52c5c25299e473 (0.00s)
    --- PASS: FuzzTxfetcher/90dc510ea59c04ef13bf42ad34014d21358ea891 (0.00s)
    --- PASS: FuzzTxfetcher/915d0e643b89bf081780567fe04d20b54982770a (0.00s)
    --- PASS: FuzzTxfetcher/91b2847e1657280e0d7791b80fc59fcff8b6b68a (0.00s)
    --- PASS: FuzzTxfetcher/9238ac85cc3ab21ef5a32f12aef420f78c3df7f9 (0.00s)
    --- PASS: FuzzTxfetcher/93934419f47ee3edbf6e6bdf8936a31922d8738a (0.00s)
    --- PASS: FuzzTxfetcher/93c78f8daf683dc9cf7ad0fd6eb4701ba99becdd (0.00s)
    --- PASS: FuzzTxfetcher/9422e7fe560f4a077af37c98f8fe5e3708c48d39 (0.00s)
    --- PASS: FuzzTxfetcher/9447c2b06990091b8d29b0fbf80dfa57b740ce32 (0.00s)
    --- PASS: FuzzTxfetcher/946bd9c4c2510c9f45b656c2bb438d708577b0db (0.00s)
    --- PASS: FuzzTxfetcher/947dd0e6725526cfe413828a8ba89d91e786a97a (0.00s)
    --- PASS: FuzzTxfetcher/94a2c573aeb96ff1681eecb1418bb9256f8c4d80 (0.00s)
    --- PASS: FuzzTxfetcher/94ce27bc14b1b2c63375d9a4a6b2ec567e413a75 (0.00s)
    --- PASS: FuzzTxfetcher/951548053b49fc4e09ec4dcf5bbb6433e692d0d3 (0.00s)
    --- PASS: FuzzTxfetcher/96bf98ee6493eab1d2c10cddcbb9c34bd131a402 (0.00s)
    --- PASS: FuzzTxfetcher/96fd888c26d59e93d3c531ac15894f73bd05da18 (0.00s)
    --- PASS: FuzzTxfetcher/976ac55b84e922bac5fe802fa124a955ee378ffc (0.00s)
    --- PASS: FuzzTxfetcher/98a240f7170b9be3e7cf79c20c6bb14c510fa59d (0.00s)
    --- PASS: FuzzTxfetcher/98a8dda46852d93b41d486f3ac998b4c3be60c91 (0.00s)
    --- PASS: FuzzTxfetcher/98cc01bc0077020ae63b578d987a6902f8533c80 (0.00s)
    --- PASS: FuzzTxfetcher/98dead5d63f4d9950dfca44db096fc9bf23e641c (0.00s)
    --- PASS: FuzzTxfetcher/99d8f80a6745f19d3cc011ce40c6d0dd4af26d4e (0.00s)
    --- PASS: FuzzTxfetcher/99dffbfae889c9023c36a6552816b38cf0f7c769 (0.00s)
    --- PASS: FuzzTxfetcher/99fc89939eb66ac31787896d73af72499f208543 (0.00s)
    --- PASS: FuzzTxfetcher/9a1d62cbd2cabc4dce41470bc8c7811c3108443b (0.00s)
    --- PASS: FuzzTxfetcher/9a5a6452a9464ae8d44b4a0f4adc163480ac4694 (0.00s)
    --- PASS: FuzzTxfetcher/9a5cfe3c71439598a77c212beeb5272dd6792a16 (0.00s)
    --- PASS: FuzzTxfetcher/9adc85033f3a62c7b375d003051bc02dbbe4a5a2 (0.00s)
    --- PASS: FuzzTxfetcher/9b201968021ae9fddaa13e23df44e97142db4504 (0.00s)
    --- PASS: FuzzTxfetcher/9b4e354498b80fc8c1b4d890e2b62393a2abe621 (0.00s)
    --- PASS: FuzzTxfetcher/9cbec63d6bd573b8bad833de0c203f17ff8dc47a (0.00s)
    --- PASS: FuzzTxfetcher/9d02e17dcf95ff126f630a13abeeb8dbee3e27af (0.00s)
    --- PASS: FuzzTxfetcher/9d5f3f02b8dd448ca5f1ad38fb5e2832ad3c4072 (0.00s)
    --- PASS: FuzzTxfetcher/9e09b77e15866d563df57609e2db435fbb4fc0f8 (0.00s)
    --- PASS: FuzzTxfetcher/9e2ecff47cd45afdd2ba0905cf0ba1b7786cfd82 (0.00s)
    --- PASS: FuzzTxfetcher/9f79dcc26ef6894a596f4f03de273568e478e03e (0.00s)
    --- PASS: FuzzTxfetcher/9fc8110873b2a2a6c6c9ffb1e291a97f1f9e1d8b (0.00s)
    --- PASS: FuzzTxfetcher/a09f55af3e82c4778ca69cac14df8361c6a1e51e (0.00s)
    --- PASS: FuzzTxfetcher/a128d81d67007d648ab86d54e5cbc92ff2dd4af8 (0.00s)
    --- PASS: FuzzTxfetcher/a13b5bf068d32ec9563f507ad050b5fbde073fd7 (0.00s)
    --- PASS: FuzzTxfetcher/a1f97b4d2f462bdb7796492b11e20b526f9246ac (0.00s)
    --- PASS: FuzzTxfetcher/a3bf39c30be8a7c4c25586b69138a147c5ab6f64 (0.00s)
    --- PASS: FuzzTxfetcher/a3ff6066906edae8c5f079e836a478fc67fb9428 (0.00s)
    --- PASS: FuzzTxfetcher/a45da809d6b88938f93b2545c9beb1ae029df015 (0.00s)
    --- PASS: FuzzTxfetcher/a4d2c34e9fe3615484abc22aaba916f628417b87 (0.00s)
    --- PASS: FuzzTxfetcher/a61a43cb8307ebb89b93da99448e1a5d07ad50f5 (0.00s)
    --- PASS: FuzzTxfetcher/a6ee2ef228b5bf33c7f2727ddd4916df8594672c (0.00s)
    --- PASS: FuzzTxfetcher/a6f68f4b139c0c07ef8ec5e9936ea2a651e783f3 (0.00s)
    --- PASS: FuzzTxfetcher/a7aff6ff8905c11580ed18d8d9ab80181b5fe7eb (0.00s)
    --- PASS: FuzzTxfetcher/a7cf8359e2dd55fddfa2037daed31646f2ffa5ff (0.00s)
    --- PASS: FuzzTxfetcher/a88134c44807b6b0babd6342010ed6f5f6d07dd6 (0.00s)
    --- PASS: FuzzTxfetcher/a8afa0b99935859342cb31a653416988acdd20be (0.00s)
    --- PASS: FuzzTxfetcher/a8e7145ecd42d538885fb30dfe55252297c14155 (0.00s)
    --- PASS: FuzzTxfetcher/a94d3df2e50e8809c8a59b57fb799f5028ae3213 (0.00s)
    --- PASS: FuzzTxfetcher/a9a78bc21b5ba00be523453c8772fe0fab7bfad3 (0.00s)
    --- PASS: FuzzTxfetcher/aa3b81824e18fe51b89fade9594fff9282e1b5eb (0.00s)
    --- PASS: FuzzTxfetcher/ab7d48c5667b8f0ed6e23f7ea05eed97b3f22fd2 (0.00s)
    --- PASS: FuzzTxfetcher/ac3e8705e3ef9671db7ef7a1f3b3e1da884d5dea (0.00s)
    --- PASS: FuzzTxfetcher/ac437165cff9f6730af0e0d42c0ea4d722a72c19 (0.00s)
    --- PASS: FuzzTxfetcher/ac550d5103078ee77fc846f050c195ecd23cc5e6 (0.00s)
    --- PASS: FuzzTxfetcher/ac55d80ec67d17a6436e57ed0a45e58c00103da6 (0.00s)
    --- PASS: FuzzTxfetcher/ac855988137fc49ea35ef3b0b38e31998797670c (0.00s)
    --- PASS: FuzzTxfetcher/acca1992b1a0a8fdb6222d10bc25ecce0341b287 (0.00s)
    --- PASS: FuzzTxfetcher/accf27bb71e6611e1f769569c34068fc82f4916c (0.00s)
    --- PASS: FuzzTxfetcher/ad2b9775618dd9611fc73722498ce65d7d09107d (0.00s)
    --- PASS: FuzzTxfetcher/ada289c67dbb9039f37f4ab825f46b8c1eedf245 (0.00s)
    --- PASS: FuzzTxfetcher/ae092a1cbf9b644264fc4d8a5e95d54517f9687c (0.00s)
    --- PASS: FuzzTxfetcher/ae3eaa1ed06307c15197937dce64ba7f3d02d687 (0.00s)
    --- PASS: FuzzTxfetcher/ae635eecc39b18c372ace981d04ce81241f2f3ab (0.00s)
    --- PASS: FuzzTxfetcher/ae95bf253133ed07ba3df94bcf2c348d6e239626 (0.00s)
    --- PASS: FuzzTxfetcher/aeb23329801f77964603db4cf2ac89c14c892c81 (0.00s)
    --- PASS: FuzzTxfetcher/af21f85f241774e374032481722a4ab2ae15d84b (0.00s)
    --- PASS: FuzzTxfetcher/af2640085ae74519839daa59d123c2090f54348e (0.00s)
    --- PASS: FuzzTxfetcher/b0a16467170616031d4d6204ac45f37dc3fc13ec (0.00s)
    --- PASS: FuzzTxfetcher/b0b8b8e21e03bed95177fd576e801feb96548aa6 (0.00s)
    --- PASS: FuzzTxfetcher/b0e95c87dc3e5943e51300ddee936a4518b9831c (0.00s)
    --- PASS: FuzzTxfetcher/b1058681fc91e70192275b435ff8e287b8c51529 (0.00s)
    --- PASS: FuzzTxfetcher/b21a3fde9d2939812843f20a8cb5f8d08cd992e8 (0.00s)
    --- PASS: FuzzTxfetcher/b2955dff2346ca879e68ef314f2a8868e88b4e87 (0.00s)
    --- PASS: FuzzTxfetcher/b33fd2e42878bc06a9b450f8eeef958021dccca9 (0.00s)
    --- PASS: FuzzTxfetcher/b37c476f47d2426ac9cf186954a4099c98a40b9c (0.00s)
    --- PASS: FuzzTxfetcher/b49a8ae3c4e62c9d274aece25bb9a7542679dd26 (0.00s)
    --- PASS: FuzzTxfetcher/b52f4784d419bb9d259b8f164bb3801bbb7e562a (0.00s)
    --- PASS: FuzzTxfetcher/b5c46b995b18736e3f8e3748d12d244ab5428fa3 (0.00s)
    --- PASS: FuzzTxfetcher/b60b2dba422a1b9a0aa3a7ecefd66db538990af1 (0.00s)
    --- PASS: FuzzTxfetcher/b705fb5a66ba02b65d49e874ffae67e0227401b7 (0.00s)
    --- PASS: FuzzTxfetcher/b744edaab5a7d21fab259d4b049aae2924413a36 (0.00s)
    --- PASS: FuzzTxfetcher/b780dbf0d29e48ce3487c9d83387961262f88d4a (0.00s)
    --- PASS: FuzzTxfetcher/b8a20f9e3e374cb13cbf0d4d9af61c46f3a561b3 (0.00s)
    --- PASS: FuzzTxfetcher/b8b7c68deab671d0bdfd8b1ced74ea430c926b18 (0.00s)
    --- PASS: FuzzTxfetcher/b8cf022db3aa508fde4fab18133d4a36c0e2e183 (0.00s)
    --- PASS: FuzzTxfetcher/b9110e90153dac52b02d801885e70d3d26502d2f (0.00s)
    --- PASS: FuzzTxfetcher/b92c6a27a8bfd1b1446d561906985ed8a3e80ba3 (0.00s)
    --- PASS: FuzzTxfetcher/b92efa2e298a0ec42e252959b6732fd5a9f3c733 (0.00s)
    --- PASS: FuzzTxfetcher/b97d0b18421f79a060c1b960ae5ebf937aa84a5c (0.00s)
    --- PASS: FuzzTxfetcher/b985eb6fc602c497811bf4d585ec316118543df2 (0.00s)
    --- PASS: FuzzTxfetcher/ba501112f82c33f3edf98b1589632c548cc57890 (0.00s)
    --- PASS: FuzzTxfetcher/bb589d0621e5472f470fa3425a234c74b1e202e8 (0.00s)
    --- PASS: FuzzTxfetcher/bbc5925651956eebd807c7d2c40bd5366d29fd9b (0.00s)
    --- PASS: FuzzTxfetcher/bbcf7e237b5c96720856304e4ac09f88502f0908 (0.00s)
    --- PASS: FuzzTxfetcher/be5ab552d8e683bffb22b9fee4b1c35f2c4423a7 (0.00s)
    --- PASS: FuzzTxfetcher/bfd9f24beadefd121ee078851c35f8f717e02c45 (0.00s)
    --- PASS: FuzzTxfetcher/c0c24a424a35ad8032038fb1d35bcdb5f2fc08a8 (0.00s)
    --- PASS: FuzzTxfetcher/c1410e430c42ff862f078da1da0f326c1460fbaa (0.00s)
    --- PASS: FuzzTxfetcher/c3bc2b80c708404e92902cc51ac63df672858e2b (0.00s)
    --- PASS: FuzzTxfetcher/c4b72b739bb47060ef45c6a6166b6c22236eec13 (0.00s)
    --- PASS: FuzzTxfetcher/c54a88123bbb6e16f5587012cf7f77c32259a541 (0.00s)
    --- PASS: FuzzTxfetcher/c597b3927c9c939ae56c563cc05588616e29c147 (0.00s)
    --- PASS: FuzzTxfetcher/c5f09bab79f29bef1dded0963a577e2d2bbbdee3 (0.00s)
    --- PASS: FuzzTxfetcher/c684c45f5618e0c1d24a7ec02396c2a00809a90a (0.00s)
    --- PASS: FuzzTxfetcher/c7d508cb2d942e8006cdc6db6a617c6b1cf41b61 (0.00s)
    --- PASS: FuzzTxfetcher/c7ea90340ae180f45774cd9314d88e02c3453e81 (0.00s)
    --- PASS: FuzzTxfetcher/c925b8aeec269356a229f616c4e8802e8d523bf7 (0.00s)
    --- PASS: FuzzTxfetcher/c9e8907f211f1588f7e7f186b397dd0d4377d4e8 (0.00s)
    --- PASS: FuzzTxfetcher/ca51dddd86810f0eaccf9aa7cc8e21be8d6abd74 (0.00s)
    --- PASS: FuzzTxfetcher/cab1d02041fe1c41bd42652c532bc08b0a2a7424 (0.00s)
    --- PASS: FuzzTxfetcher/cb325a425b29badf713d9ed4d4a4203d62a55fb8 (0.00s)
    --- PASS: FuzzTxfetcher/cbd3794f1f009bb4b0a284d3a408a54261a3d634 (0.00s)
    --- PASS: FuzzTxfetcher/cc89b8fe701da7f97215fe77653a264fcb2eceeb (0.00s)
    --- PASS: FuzzTxfetcher/cc8f4193603a3158d39c5582a389929dc464c47f (0.00s)
    --- PASS: FuzzTxfetcher/ccd3128d77b7975de90c6150bf0e6ed389ebd1ba (0.00s)
    --- PASS: FuzzTxfetcher/cd385890cfd85496008a45b8780c020ccf6b6820 (0.00s)
    --- PASS: FuzzTxfetcher/cd8ffb6ff63cdcbbc550136c0880e430acdaa35a (0.00s)
    --- PASS: FuzzTxfetcher/cdfe52d9e158ae936cd9790a9892a95fdab4b0db (0.00s)
    --- PASS: FuzzTxfetcher/ce3939c92fc3674ce8b7221d6c6364d817deba87 (0.00s)
    --- PASS: FuzzTxfetcher/cf14ded6dc3907de80f3685085e79c9b055902a3 (0.00s)
    --- PASS: FuzzTxfetcher/d06e6fa10e60a7cb85aa1e58a1f8cda90309e0e0 (0.00s)
    --- PASS: FuzzTxfetcher/d072696bd3de3066d2788950a33ccbda0d7871ef (0.00s)
    --- PASS: FuzzTxfetcher/d07530217b3cbac1b7cac94e2051e4a6b72f532d (0.00s)
    --- PASS: FuzzTxfetcher/d0c4dc1f4f76a3760521494b2cc30e19383e5d45 (0.00s)
    --- PASS: FuzzTxfetcher/d127c25a161d1262540484caa94f3c942c31fa8a (0.00s)
    --- PASS: FuzzTxfetcher/d137b83fa5820b96cb7b0592b0ec85d87e770976 (0.00s)
    --- PASS: FuzzTxfetcher/d156a485058273bcd3c070db8c716dc496baf57c (0.00s)
    --- PASS: FuzzTxfetcher/d1d22d2e0018e7d33effb2d6c7ca3b2ac745a232 (0.00s)
    --- PASS: FuzzTxfetcher/d1d71303d78b7da4b4ced2b81eb2b00c74b84c62 (0.00s)
    --- PASS: FuzzTxfetcher/d257ba0bc2baeb158b7200571bf9b322b8f3d975 (0.00s)
    --- PASS: FuzzTxfetcher/d2a5caf1fd5039c83c286c31bfcd935f8847b9a8 (0.00s)
    --- PASS: FuzzTxfetcher/d342c7992046ee09ae495e9ebd70cd1f38eaadec (0.00s)
    --- PASS: FuzzTxfetcher/d3528c35b7016486bbf80e4aae1d65d947476aa9 (0.00s)
    --- PASS: FuzzTxfetcher/d425961bf68672ac6ac677d70c6afe359f4f97ac (0.00s)
    --- PASS: FuzzTxfetcher/d47efb966a53cb9827eca8cf8d0743d1cffa1efc (0.00s)
    --- PASS: FuzzTxfetcher/d49c2829d229c361e73a99287d773d02eed8664e (0.00s)
    --- PASS: FuzzTxfetcher/d4ff7ca7d1cdbd7a16fba9a6594cb995cb1e6f9a (0.00s)
    --- PASS: FuzzTxfetcher/d5665b7e89dd1e5382e25da7e1676c45e1ff08c5 (0.00s)
    --- PASS: FuzzTxfetcher/d6168ed097f0dc20f5fdedf1a05661a363ae8506 (0.00s)
    --- PASS: FuzzTxfetcher/d6ba8cdf6686c3da8c8d1dd25da3a7f56bb9c70e (0.00s)
    --- PASS: FuzzTxfetcher/d6bb5881e324c74d0249b03db7438959a7678eeb (0.00s)
    --- PASS: FuzzTxfetcher/d6ce339d3c1b99dc9a067018446d149d5c820bbb (0.00s)
    --- PASS: FuzzTxfetcher/d706db400d56e8de14594747b20d56f23f8c4af0 (0.00s)
    --- PASS: FuzzTxfetcher/d727f99312dc237a8248c81caeb6c352c5999d28 (0.00s)
    --- PASS: FuzzTxfetcher/d7989fae8d491ebe7d2f5e1ffd56d804a42305c3 (0.00s)
    --- PASS: FuzzTxfetcher/d7e6ec9116c41cf46331e498b2d3169bfee36cb6 (0.00s)
    --- PASS: FuzzTxfetcher/d80dcf600c358ae1c42655bea53af5386a159df5 (0.00s)
    --- PASS: FuzzTxfetcher/d8416bd52cbe9679d7e03d53ee610995ec95a650 (0.00s)
    --- PASS: FuzzTxfetcher/d88761826c6a4fc1180f07a49d1d9cbcf562753d (0.00s)
    --- PASS: FuzzTxfetcher/d8e311a449f7aeda33a55020b2d61f6b0aa4d14a (0.00s)
    --- PASS: FuzzTxfetcher/d8eccc72cbad88a684ae8d8ba002bb034a360bce (0.00s)
    --- PASS: FuzzTxfetcher/d91ade3d9e2f47fb6abc91fd5fe98c9a2cd441e6 (0.00s)
    --- PASS: FuzzTxfetcher/d950d54046539776937a41dfa3a5a787bcb66cc0 (0.00s)
    --- PASS: FuzzTxfetcher/d9d56616bdc77544f2a916b70d09306d971b0fe9 (0.00s)
    --- PASS: FuzzTxfetcher/d9df3a3aeaca69ce281bca3b17f4dfc70b403243 (0.00s)
    --- PASS: FuzzTxfetcher/da9cee7f3ae7be331c43284b306c0a179d6e24d8 (0.00s)
    --- PASS: FuzzTxfetcher/dab4c8811fa9b2bf939cbd9610efd15c27a7d93b (0.00s)
    --- PASS: FuzzTxfetcher/db1912f7183258dafe301800bf8b11e140582b12 (0.00s)
    --- PASS: FuzzTxfetcher/db2313e08f0f0e08b0bcba7f1763ea207e402599 (0.00s)
    --- PASS: FuzzTxfetcher/dbba8295811a57297266673220fcf77a1045adea (0.00s)
    --- PASS: FuzzTxfetcher/dbed6b3a0e6c3ff78ab517142e98b8e9ba0376c1 (0.00s)
    --- PASS: FuzzTxfetcher/dc292520b87a591c0e9b030608c1e594721af0b5 (0.00s)
    --- PASS: FuzzTxfetcher/dc6d3fde7e9f8437d6eb1c6b00e09c3446887f54 (0.00s)
    --- PASS: FuzzTxfetcher/dd8e5c2c56815867b76146349e927fdb3f4ba63b (0.00s)
    --- PASS: FuzzTxfetcher/ddbf99e035070524bb1226d6a9fe68bcd044c625 (0.00s)
    --- PASS: FuzzTxfetcher/de4f8d33b7c9ff3561c538ad4e856b78ac4837b7 (0.00s)
    --- PASS: FuzzTxfetcher/de6728cb36a816aa56c54eacd9501450b0e158ba (0.00s)
    --- PASS: FuzzTxfetcher/defe900af57552e8a7c9580c866556d8ba36cc0e (0.00s)
    --- PASS: FuzzTxfetcher/df0fcb717b598af8a8f40ca96694641a5c3f023b (0.00s)
    --- PASS: FuzzTxfetcher/df2273872ce937d2f79f82987f46ce7f03157cca (0.00s)
    --- PASS: FuzzTxfetcher/dff0baddbd12d4927b9fe8b1edb81c77d8a1a190 (0.00s)
    --- PASS: FuzzTxfetcher/e00cf2624de4afd868315b82e261528588116ff3 (0.00s)
    --- PASS: FuzzTxfetcher/e00e04334d4e300c2dcbd1e7d76b4aa04be55c04 (0.00s)
    --- PASS: FuzzTxfetcher/e01e0ee1d4acda0bd122835452918519e61271ce (0.00s)
    --- PASS: FuzzTxfetcher/e184522e4062043bed84f836fac769dd47497586 (0.00s)
    --- PASS: FuzzTxfetcher/e2283d894610f6b263a4b57b2aee5434fcece3d2 (0.00s)
    --- PASS: FuzzTxfetcher/e2d4baa0268b37159e3afd8e10b3c27f5dd3bf86 (0.00s)
    --- PASS: FuzzTxfetcher/e2e40bf5808ed25adcae8dd7e02b3fb74831a1e0 (0.00s)
    --- PASS: FuzzTxfetcher/e398dc6ab167ead9484fd3cf3eff6701563cfddd (0.00s)
    --- PASS: FuzzTxfetcher/e3b79144b4d83a17682ae63aec70f5f49863b259 (0.00s)
    --- PASS: FuzzTxfetcher/e4083e48e25b9a2054f12eb54abd579d15d5a200 (0.00s)
    --- PASS: FuzzTxfetcher/e4c5c41c274ebe9438dc8f3bf0a0670ed53ff3db (0.00s)
    --- PASS: FuzzTxfetcher/e4d10703c09a00580c6d829222e8cb83132efdfc (0.00s)
    --- PASS: FuzzTxfetcher/e527a2a88ac3ebb8cade2ce8a210452b45cca4f0 (0.00s)
    --- PASS: FuzzTxfetcher/e565137658ce7c7a7d55a2a002c5e331c4ec2ab9 (0.00s)
    --- PASS: FuzzTxfetcher/e6f1e863a822c6dc219bf54ed85a7c1db80332d0 (0.00s)
    --- PASS: FuzzTxfetcher/e7554f563d056e8a9c6ec5aedd092cfeb1ca402d (0.00s)
    --- PASS: FuzzTxfetcher/e7e9bfb770f264f7be6eac221cef6ef292d6503b (0.00s)
    --- PASS: FuzzTxfetcher/e8f279ee7e5911ca8f6324b510d92e17dbf3ee01 (0.00s)
    --- PASS: FuzzTxfetcher/e94cfb336f060119de548dd5dbbc775a95a39f61 (0.00s)
    --- PASS: FuzzTxfetcher/e952297e0863cabd21b8ed45c793316ad3e556bd (0.00s)
    --- PASS: FuzzTxfetcher/e9cbdc1bd927276528f376b9b62b258d722b3971 (0.00s)
    --- PASS: FuzzTxfetcher/e9e723bef49568470e70cb71c6c3208357933c5f (0.00s)
    --- PASS: FuzzTxfetcher/ea094ea432f290122621511eb1c0076953b64380 (0.00s)
    --- PASS: FuzzTxfetcher/eab0ec61a24a1dd657de99a6082fb38c786313d5 (0.00s)
    --- PASS: FuzzTxfetcher/eb6d54b548e2c78a902439bd5ee0b2b59276211d (0.00s)
    --- PASS: FuzzTxfetcher/eb72197dbce987c81dde8b694cd52a9a1881804d (0.00s)
    --- PASS: FuzzTxfetcher/ec1e608717f8382b7c09e945118c46a6497c589a (0.00s)
    --- PASS: FuzzTxfetcher/ec3e10d63b222bcfd8d520e1ee71c389355dbabc (0.00s)
    --- PASS: FuzzTxfetcher/ec4b86ac5078f26bb758c1201d5de0e9763160d7 (0.00s)
    --- PASS: FuzzTxfetcher/ecc8a5a3dbcc99c9ba8abfeb2c0cc3acd90658fc (0.00s)
    --- PASS: FuzzTxfetcher/ece1fa49fc8834891f46327a7db9ae768444e0dc (0.00s)
    --- PASS: FuzzTxfetcher/ed1b5ed8908669fa5521e5de2f1817d1bdf38c25 (0.00s)
    --- PASS: FuzzTxfetcher/ed7b99eecc485e01c14fae9fc857e36d21c373ee (0.00s)
    --- PASS: FuzzTxfetcher/ed8496415590bc8b1106f8bba6b59581cbed3503 (0.00s)
    --- PASS: FuzzTxfetcher/ed875f0da915f98bc628ff7ed6f3430cf89c80f3 (0.00s)
    --- PASS: FuzzTxfetcher/ede16181148f8b346d50cf317412784ced164ffe (0.00s)
    --- PASS: FuzzTxfetcher/ee89d3dab6fcf20d1c4daf8c9e0a0e5887b850fa (0.00s)
    --- PASS: FuzzTxfetcher/eec552c062d7b7d9efad72085d9b3c5039cea17d (0.00s)
    --- PASS: FuzzTxfetcher/ef752cc2278573bce4ee838366f966408e4d63b0 (0.00s)
    --- PASS: FuzzTxfetcher/ef7c1e7e75156527dbd3e12f9668ecc517285d54 (0.00s)
    --- PASS: FuzzTxfetcher/ef9248c22b538fdacef2ac9abac6be6ba47b41a0 (0.00s)
    --- PASS: FuzzTxfetcher/efe293bfebbc5f8de3f818f9bcece3a6f632fd80 (0.00s)
    --- PASS: FuzzTxfetcher/efe43def97eb295fe99c3753f2d740d7b36df689 (0.00s)
    --- PASS: FuzzTxfetcher/f03fff03d6668faf67d8f20fda1d60eab10f8659 (0.00s)
    --- PASS: FuzzTxfetcher/f09d65d9e7854efaf17b2726652de680352a1bc4 (0.00s)
    --- PASS: FuzzTxfetcher/f17d41e441b97d59da8f078e84d0a0dd0bb786e3 (0.00s)
    --- PASS: FuzzTxfetcher/f1fbd6e90e4a36a1054fd053643fb381fe1fe7f4 (0.00s)
    --- PASS: FuzzTxfetcher/f2788921db0ea58b89f6397a1fd3c6ead84aef2a (0.00s)
    --- PASS: FuzzTxfetcher/f383f475548a6e949e23a78516b4e151da43fa7e (0.00s)
    --- PASS: FuzzTxfetcher/f5292de43bf9770c442a97fd64c3f335ea1b1b9f (0.00s)
    --- PASS: FuzzTxfetcher/f6c6c9ac691f789b6601505ce0936b06773dcd77 (0.00s)
    --- PASS: FuzzTxfetcher/f6d58a614402c6f13dc9c6287795cb92521f6858 (0.00s)
    --- PASS: FuzzTxfetcher/f6f689e49d6276cbe1028284a529a568f322a699 (0.00s)
    --- PASS: FuzzTxfetcher/f7e47e799ff04e296768de846b34b4c772dd207f (0.00s)
    --- PASS: FuzzTxfetcher/f83956d92c0b427281614f1fd773307ddcedc71f (0.00s)
    --- PASS: FuzzTxfetcher/f88e8eb286a45385ca5c8c162cb789a1ccd3e86c (0.00s)
    --- PASS: FuzzTxfetcher/f92939d85c1a365c976b8d5113979a93b633243c (0.00s)
    --- PASS: FuzzTxfetcher/f93a5b41c853b77b7084e91f06f10da818dfccb5 (0.00s)
    --- PASS: FuzzTxfetcher/f97b01de7199da2b7af9048845afaaaa253a4dcb (0.00s)
    --- PASS: FuzzTxfetcher/fa0a8026686be1c879ba8076e629ba463a50aee1 (0.00s)
    --- PASS: FuzzTxfetcher/fa3246434b227a4c1a4e2a81d1f60bbd4d316170 (0.00s)
    --- PASS: FuzzTxfetcher/fa3b6f990a7f0a3f0b69400625452deaaedab903 (0.00s)
    --- PASS: FuzzTxfetcher/fbf938489f82914083b8007dba2bd02119be2f70 (0.00s)
    --- PASS: FuzzTxfetcher/fc74d9ab921b293ab4a86c209e72fb8cfc8d357b (0.00s)
    --- PASS: FuzzTxfetcher/fc7f3785ab923d7732922e4f266a917bfdffb17e (0.00s)
    --- PASS: FuzzTxfetcher/fc8e08817c14469de07d4099033e7ccc44934c70 (0.00s)
    --- PASS: FuzzTxfetcher/fd28d4065e676bb58bd06a60df7feceba09f8b98 (0.00s)
    --- PASS: FuzzTxfetcher/fd3b9dac72826feb8f588859b6a8e10dcfdb2763 (0.00s)
    --- PASS: FuzzTxfetcher/fd8e31a68a044dc6e6e2cc39dc65d7e8f74a368e (0.00s)
    --- PASS: FuzzTxfetcher/fd9c9970d9fd8426b87890f34264d6dd7d8d30de (0.00s)
    --- PASS: FuzzTxfetcher/fdd1b38a2ee9d993d9defc6dded3af2659026c00 (0.00s)
    --- PASS: FuzzTxfetcher/fdf741ec9be9bf75a1d51833188ec0a432888db2 (0.00s)
    --- PASS: FuzzTxfetcher/fe2b85ba35a53a04b0d5012b97f000178e7ae7c4 (0.00s)
    --- PASS: FuzzTxfetcher/fe79e18b088165270c5b67d143ce52c51189e0d2 (0.00s)
    --- PASS: FuzzTxfetcher/ff57d30cbcd748b589de8546e71e96a34eab565c (0.00s)
PASS
coverage: 89.8% of statements
ok  	github.com/morph-l2/go-ethereum/tests/fuzzers/txfetcher	0.204s	coverage: 89.8% of statements
