=== RUN   TestF
=== RUN   TestF/test_vector_0
--- PASS: TestF (0.00s)
    --- PASS: TestF/test_vector_0 (0.00s)
=== RUN   TestHashes
    blake2b_test.go:31: AVX2 version
    blake2b_test.go:36: AVX version
    blake2b_test.go:41: SSE4 version
    blake2b_test.go:45: generic version
--- PASS: TestHashes (0.00s)
=== RUN   TestHashes2X
    blake2b_test.go:55: AVX2 version
    blake2b_test.go:60: AVX version
    blake2b_test.go:65: SSE4 version
    blake2b_test.go:69: generic version
--- PASS: TestHashes2X (0.02s)
=== RUN   TestMarshal
--- PASS: TestMarshal (0.00s)
=== RUN   TestSelfTest
--- PASS: TestSelfTest (0.00s)
=== RUN   FuzzBlake2bF
=== RUN   FuzzBlake2bF/0b4def861c80e2b67cc137fb62fbd3e65965655f
=== RUN   FuzzBlake2bF/0f80407306415504fd6df20f7da9ad612c1cc6b0
=== RUN   FuzzBlake2bF/2d0134ed3b9de132c720fe697b532b4c232ff9fe
=== RUN   FuzzBlake2bF/467a373b2a716a870de25416e466efc975b94f09
=== RUN   FuzzBlake2bF/4ad70832ea9ad4c44f917eaec6053ce1707a9779
=== RUN   FuzzBlake2bF/53145d7a5d4c1908e6ff71d01454adad5cc752ac
=== RUN   FuzzBlake2bF/5b9941f4fc4b3bbbbabdef037beacc6684822a77
=== RUN   FuzzBlake2bF/71853c6197a6a7f222db0f1978c7cb232b87c5ee
=== RUN   FuzzBlake2bF/9069ca78e7450a285173431b3e52c5c25299e473
=== RUN   FuzzBlake2bF/98f9cbf8406eff6eea8013989981cfa1dbb7cd0d
=== RUN   FuzzBlake2bF/afcc53fb1478f02de8104f84f3d2bdf11196cb09
=== RUN   FuzzBlake2bF/b81a4be1cbf7957f3c75a9b1ded267355f647958
=== RUN   FuzzBlake2bF/c36b26905bf992e87cc69382d3b8565dadfaeed9
=== RUN   FuzzBlake2bF/d51b02ee1725d000acf824665bd1f7a2a8087bf0
=== RUN   FuzzBlake2bF/f1a7c5275567c3eae7920d18a9631075df483d87
--- PASS: FuzzBlake2bF (0.00s)
    --- PASS: FuzzBlake2bF/0b4def861c80e2b67cc137fb62fbd3e65965655f (0.00s)
    --- PASS: FuzzBlake2bF/0f80407306415504fd6df20f7da9ad612c1cc6b0 (0.00s)
    --- PASS: FuzzBlake2bF/2d0134ed3b9de132c720fe697b532b4c232ff9fe (0.00s)
    --- PASS: FuzzBlake2bF/467a373b2a716a870de25416e466efc975b94f09 (0.00s)
    --- PASS: FuzzBlake2bF/4ad70832ea9ad4c44f917eaec6053ce1707a9779 (0.00s)
    --- PASS: FuzzBlake2bF/53145d7a5d4c1908e6ff71d01454adad5cc752ac (0.00s)
    --- PASS: FuzzBlake2bF/5b9941f4fc4b3bbbbabdef037beacc6684822a77 (0.00s)
    --- PASS: FuzzBlake2bF/71853c6197a6a7f222db0f1978c7cb232b87c5ee (0.00s)
    --- PASS: FuzzBlake2bF/9069ca78e7450a285173431b3e52c5c25299e473 (0.00s)
    --- PASS: FuzzBlake2bF/98f9cbf8406eff6eea8013989981cfa1dbb7cd0d (0.00s)
    --- PASS: FuzzBlake2bF/afcc53fb1478f02de8104f84f3d2bdf11196cb09 (0.00s)
    --- PASS: FuzzBlake2bF/b81a4be1cbf7957f3c75a9b1ded267355f647958 (0.00s)
    --- PASS: FuzzBlake2bF/c36b26905bf992e87cc69382d3b8565dadfaeed9 (0.00s)
    --- PASS: FuzzBlake2bF/d51b02ee1725d000acf824665bd1f7a2a8087bf0 (0.00s)
    --- PASS: FuzzBlake2bF/f1a7c5275567c3eae7920d18a9631075df483d87 (0.00s)
PASS
coverage: 84.6% of statements
ok  	github.com/morph-l2/go-ethereum/crypto/blake2b	0.035s	coverage: 84.6% of statements
