go: downloading github.com/ethereum/go-ethereum v1.10.26
=== RUN   TestFuzzPair
    bn256_fuzz_test.go:23: 1000 iterations passed
--- PASS: TestFuzzPair (15.26s)
=== RUN   TestFuzzAdd
    bn256_fuzz_test.go:40: 1000 iterations passed
--- PASS: TestFuzzAdd (0.24s)
=== RUN   TestFuzzMul
    bn256_fuzz_test.go:57: 1000 iterations passed
--- PASS: TestFuzzMul (0.16s)
=== RUN   FuzzBn256Add
=== RUN   FuzzBn256Add/00aec03b2ccf5cbc0f986c1f49499cf81452f93c
=== RUN   FuzzBn256Add/02a70a85d739bed988392e3592af746df81e89d4
=== RUN   FuzzBn256Add/0332c763c44f7754bd4ad7ec93ad98fe1fafa049
=== RUN   FuzzBn256Add/07b8486f162f876ab285df5295a0f598402c381a
=== RUN   FuzzBn256Add/083be8f6b8437a89f5dfdff8db31dfdf5c4169dd
=== RUN   FuzzBn256Add/0e34e1ccc6bcf36a908977ef5b95266d06dfff39
=== RUN   FuzzBn256Add/0f65cfd8db2390392c022cd6e07b6049a9af8a3c
=== RUN   FuzzBn256Add/1011166133e64e3a0fc4462cf5e34ebd102cbbc9
=== RUN   FuzzBn256Add/10ee847e0b250c440bd881ac38c822883f995475
=== RUN   FuzzBn256Add/11fdeb36520c644cf990d99eb4dd0f9568e6bab1
=== RUN   FuzzBn256Add/13e402761eb48675b80c0994cd7d971fcbf70224
=== RUN   FuzzBn256Add/177bfc64889e7df24440c68753af6085b6521d13
=== RUN   FuzzBn256Add/17b4899ea577714f074dea520a0760d372e305d3
=== RUN   FuzzBn256Add/1a66181bf4d7e768d39ed29478f6d2e05544faae
=== RUN   FuzzBn256Add/1f69cf675e9ec74c78a6cb3b77f20ef53f0ccb12
=== RUN   FuzzBn256Add/1facdd854d888ebd87f46e3e83e1c0c32383e8cd
=== RUN   FuzzBn256Add/1ffd40347904c86d5ea1d16dde4e71e61480dd77
=== RUN   FuzzBn256Add/21d4dd5dfee7ddf5ba02c76de7934c1fc600b196
=== RUN   FuzzBn256Add/22c1db6ec6fcf485bfd7aafab27a975d67ee394b
=== RUN   FuzzBn256Add/235e3f67201c2f01de4215bcb4a1422fe6123745
=== RUN   FuzzBn256Add/2376c3e18da36bf2cc32675c73e6b8cd99270445
=== RUN   FuzzBn256Add/23b59a59e9792274003189eb5d9f31c33c000d87
=== RUN   FuzzBn256Add/23dc38278141a32b55ca60ee85209c175780ebda
=== RUN   FuzzBn256Add/24bf8f330d6bce07c8df3feba7ad1eae04d8d66b
=== RUN   FuzzBn256Add/263b8d757db7c1abcff0bbb816a6d173b13c650a
=== RUN   FuzzBn256Add/264028a71576a524c8c56e29d94eeb843c01b779
=== RUN   FuzzBn256Add/26d4fa8255ca1663b42373d0252633f84522d931
=== RUN   FuzzBn256Add/26fbae8e23f59580dabc027bc29d15a02a0e5b60
=== RUN   FuzzBn256Add/2959cd90148c4539b924a8e2facb42ca494dbd92
=== RUN   FuzzBn256Add/29a7cb3787a7fc20f3d676ac05719052167399d1
=== RUN   FuzzBn256Add/2e2a328d470b5b794b10919a5920fdaf76804b33
=== RUN   FuzzBn256Add/2f792471f1d1bffe1d9cc433cc0dfaf5928f9e69
=== RUN   FuzzBn256Add/306992c0a94d1f6ea7753bd95f6bcb061b77797a
=== RUN   FuzzBn256Add/362bce495e89556cd46a9b5254109dcc78a81444
=== RUN   FuzzBn256Add/374971f98a4409f344a7412172944ae5705f0c4e
=== RUN   FuzzBn256Add/390d4a82a27efeffdc7c60ee44f6a5fccee6f535
=== RUN   FuzzBn256Add/3a03e2ded5c2a003ecf0b5844575242d0e50b26d
=== RUN   FuzzBn256Add/3c26abe72b2890ebfec2f3db995635c037611728
=== RUN   FuzzBn256Add/3d3cbf58a9459e538fea7629a401154ecccb1cff
=== RUN   FuzzBn256Add/3e2a67b22f424761bc6d85dca182b1f2bff8e53d
=== RUN   FuzzBn256Add/3e9d26804f396ca564a5c1201a5966d6e4d06782
=== RUN   FuzzBn256Add/3f25cd878ec09afeb3c6d9e1a57fc1853f586485
=== RUN   FuzzBn256Add/3f95bc501a76caf56eeaa7a552b1774b6f7cf939
=== RUN   FuzzBn256Add/403fc40ddb5a9d2269c89efe507fc0aa2f08194b
=== RUN   FuzzBn256Add/41099e7507bc6bff6db0972d48f5830640aa0c9d
=== RUN   FuzzBn256Add/433e77ce1c8d4be3ff40a41f49e90c8b36045f1d
=== RUN   FuzzBn256Add/47a93471104b1935608f03ae6d5b75f895d39806
=== RUN   FuzzBn256Add/49435461a6e2c81d1c73617ecf9ed9b32a3e306e
=== RUN   FuzzBn256Add/4c0b77fe139881694ae40cc842d3a6352935d5d5
=== RUN   FuzzBn256Add/4ca207b85fd050fb98fa952e238e419ae38a7daa
=== RUN   FuzzBn256Add/4f9f4275a2a114435dd800ead4df5dbeef7b27d1
=== RUN   FuzzBn256Add/556290c6eff62d36f4c72a7dec45ac244378cc0b
=== RUN   FuzzBn256Add/590a50ef731ccdecf35e9ab4845d53658d0588d7
=== RUN   FuzzBn256Add/599f98367859c1e02bdaf977fef32adb08bbae76
=== RUN   FuzzBn256Add/5a1f82d405f33d6ac758cef817ba633ac6d94420
=== RUN   FuzzBn256Add/5c0d24f95d8992dda451913b2681e1c05b604158
=== RUN   FuzzBn256Add/5c4f8e6ba4579925545ca50d91cfdbcf52d9a95d
=== RUN   FuzzBn256Add/5fb2062766c7f788cb649e952bd0cf6ee7c43e54
=== RUN   FuzzBn256Add/608a42faf722d99da5aa8136a378a20b48d3d47a
=== RUN   FuzzBn256Add/614bbaf82dad15a699fcfde987d429d1ee88a75d
=== RUN   FuzzBn256Add/615c53b4e91a3813fa5b0d401da5bb6fc3ed38a5
=== RUN   FuzzBn256Add/61d60c415d7be9d23400eafcde95305f3cefe138
=== RUN   FuzzBn256Add/62b8afb39dc37bc04fde4c2b4a8550b2007bd2e5
=== RUN   FuzzBn256Add/63db7d8df955a4ed1b71357f406d1418356873a7
=== RUN   FuzzBn256Add/6617b10dcf93c348e49b2758b58ce7c98033ff70
=== RUN   FuzzBn256Add/69144bd5f1b55ac1390e4e78a163decf50d4b0ee
=== RUN   FuzzBn256Add/6c5ab4a5da58f50acf5ef462cd50ecd587d58741
=== RUN   FuzzBn256Add/6dcd4ce23d88e2ee9568ba546c007c63d9131c1b
=== RUN   FuzzBn256Add/6f55260e602c96e457b5e566a1a070a1153ac12c
=== RUN   FuzzBn256Add/70964f5ff38f6e076adc079387f0da403f0b3802
=== RUN   FuzzBn256Add/70af22cfa3d319fb986cb80464bf80e6fb346ec6
=== RUN   FuzzBn256Add/71853c6197a6a7f222db0f1978c7cb232b87c5ee
=== RUN   FuzzBn256Add/7249241f422ac0a59f5213042d6c755ff909e6fa
=== RUN   FuzzBn256Add/729e9a3dad8f8531157fafecc8ebc2b4546aa0f1
=== RUN   FuzzBn256Add/73d38ab1cb49338e07e6db2d2acf2f61fa2c979a
=== RUN   FuzzBn256Add/77a59164af32308b05b32b370e71fa4c17e97d2e
=== RUN   FuzzBn256Add/77e31fb476bd02565caa79d2c2429a3c97eb64cc
=== RUN   FuzzBn256Add/7918190e04375857b7e9f918e14f7324c35f9c3b
=== RUN   FuzzBn256Add/7930d7f5d138b61ddfc0ba81934bb56f5055d273
=== RUN   FuzzBn256Add/7a6ef8c026df7430e05b824401a1ed7224177415
=== RUN   FuzzBn256Add/7bad8408701fb3294375b89c4fbf7fdf8bf3541a
=== RUN   FuzzBn256Add/7baeab63ad11f955b4c1d28a68523c81ce04183d
=== RUN   FuzzBn256Add/7de05e3f0a91fcbbd1c8896dc4107028670d91fb
=== RUN   FuzzBn256Add/7e5b7caeda192631cb81ae6fc5c4b127d0f0e1cb
=== RUN   FuzzBn256Add/80b11a02d13bc1e2cb9ffafff521639eb800c26e
=== RUN   FuzzBn256Add/8114326ce5c0a92437260c6c43469955e33a1372
=== RUN   FuzzBn256Add/814e8b24d82e963c52533455b634b7d8ce74f052
=== RUN   FuzzBn256Add/82e37a1b5a38e42202b5033711360cf13c908394
=== RUN   FuzzBn256Add/83fc1f3afab069cae925a3b62575d9c0bc780194
=== RUN   FuzzBn256Add/84ea610e2bf34395d98cf1ae59aa930eb5bb3259
=== RUN   FuzzBn256Add/862addf6ec0ba1b0c3becf4cca7c9e4f0ed1c4a5
=== RUN   FuzzBn256Add/88c266ed9bdb19afd0782126527ac7820f6eefa0
=== RUN   FuzzBn256Add/88ec87daf113eb7364ae47ea1abe17f314c66052
=== RUN   FuzzBn256Add/8949c29a8c27280524802e3e0fb6cd09e386b4c4
=== RUN   FuzzBn256Add/8a291d4fc77033cfa54d3be6adb5a65707c02c00
=== RUN   FuzzBn256Add/8becf80d71277fc9659108bfe6ffc365eea22d57
=== RUN   FuzzBn256Add/8d2b9d29df901e9b1b07adba6218ca144e9e9853
=== RUN   FuzzBn256Add/8d56da42d48c9f61b4374f74b36d1d42b77d1cce
=== RUN   FuzzBn256Add/8df86af9197fc1589fcc60d18377618d3cd4f551
=== RUN   FuzzBn256Add/8f87d922208af08d7cd3cef87334f81b6e2e1dcf
=== RUN   FuzzBn256Add/9069ca78e7450a285173431b3e52c5c25299e473
=== RUN   FuzzBn256Add/919b1a0c8919b5b8bc0f32cb6562dcd9b027bdf8
=== RUN   FuzzBn256Add/91bd8942e8bf174afac7a0c851b8cd35b717c2c5
=== RUN   FuzzBn256Add/93ec939324c90f13cc19f6e0570824acd432ee0b
=== RUN   FuzzBn256Add/9664e8aafee2c768dfe74a0a7d28e05587d2ed0e
=== RUN   FuzzBn256Add/96ec503a76d50fa05085b644eeb5d3c7450f1531
=== RUN   FuzzBn256Add/9bb01750937f5d9eb154f65e15a88fdf0eed09b5
=== RUN   FuzzBn256Add/9cdd4d6369279f1ce6d55d016962949f5be8d1e8
=== RUN   FuzzBn256Add/9da5375bd50fe0f2722c48a05fc9e2f7fdd81960
=== RUN   FuzzBn256Add/a124e0e67a3fd96930f9344ceb70cb3e7c007045
=== RUN   FuzzBn256Add/a152c82dd95228f0adc5e0e897d90c7d6165d83b
=== RUN   FuzzBn256Add/a1fbac3e83d5d5e8a93649939ef5557e281d054a
=== RUN   FuzzBn256Add/a30425e658c3803af9da4f284e70a79a2ee27371
=== RUN   FuzzBn256Add/a4b843a5a42f10f7c5b7275bf83418b5f326183b
=== RUN   FuzzBn256Add/a77ba90c312ae0d0860892a8b66546e6799feb12
=== RUN   FuzzBn256Add/b0b10f598d29171d9865ae50958a6fc4359d3dd7
=== RUN   FuzzBn256Add/b7c464135bda19e82d373b27358101f57493aefc
=== RUN   FuzzBn256Add/bf305c9ec58f1ce4c0da503ef01fc103a935b569
=== RUN   FuzzBn256Add/c0c7cbc37d1d9b5e775f49afc8497c263d33c9ba
=== RUN   FuzzBn256Add/c32adf9ff1c4c6959c8a1ea8674d65775631fb8a
=== RUN   FuzzBn256Add/c4f680cd80376ecfb364031d13facabf451c3c2a
=== RUN   FuzzBn256Add/c6a95a655757919ee6fd66399ef4e3b940378bfb
=== RUN   FuzzBn256Add/c98f8fa6ceb884326dfdb1bf6fd54c2394b380ff
=== RUN   FuzzBn256Add/ccd9635abc3a16dc98780cb4746480657f02d222
=== RUN   FuzzBn256Add/cdb109d6cb4b56ac8ae0370c53e3bfb54571ba0e
=== RUN   FuzzBn256Add/d0164db8c8d803f2dd7e7e3c14f2f399bf8a9c6e
=== RUN   FuzzBn256Add/d3d7f187e1bd7ba9afbe0ec0e74ba2b9cb46907d
=== RUN   FuzzBn256Add/d926ed7825c1c20e175f6e10ba7a3ecdf83eb31d
=== RUN   FuzzBn256Add/d9d222f92d28ed627f22cb2c6f470c9d23517fd0
=== RUN   FuzzBn256Add/d9eda9e543ae42f1683edbc0a6350f02e6ca149c
=== RUN   FuzzBn256Add/daa7072540aa5bae6f19a6b679f762eaf6c0557c
=== RUN   FuzzBn256Add/dc56cc83cac86b9ed6e29d26d50dca52bac1fca9
=== RUN   FuzzBn256Add/dd02f54f546b4b38a7c6f7300fc6b55a358b06ff
=== RUN   FuzzBn256Add/dd7313ffa083af7137ab5a0748a80b3ee2235420
=== RUN   FuzzBn256Add/de547d20f89404688de03725f11e1c3dc4cf946a
=== RUN   FuzzBn256Add/e113077c631cc60d860251107c909c07e64d3173
=== RUN   FuzzBn256Add/e6b0b307b1a8fb9de9abeb7fe73e21c1b1f8feaf
=== RUN   FuzzBn256Add/e71c9269188b7693bc70b52952a03a13cac2f384
=== RUN   FuzzBn256Add/ea27bffff312d6f7f7e4f7ac484349e445fa3d5d
=== RUN   FuzzBn256Add/eb4294b5d0069c4884745df9ffaeaa72fb74a82c
=== RUN   FuzzBn256Add/ed1ab938afbb737a2d0b2af021efc03a843980d8
=== RUN   FuzzBn256Add/eeace274d4a8bc36b6986ebc32fde65099634b09
=== RUN   FuzzBn256Add/eed4cdac6491f0a18a80848c5c06f7ad341cf7c3
=== RUN   FuzzBn256Add/efe6440e949d13ca95ff296299ebceb042b6a6eb
=== RUN   FuzzBn256Add/f219cb207c51060308e60fab06f2b1044585c3ac
=== RUN   FuzzBn256Add/f38ec736913dcf79dd1427f6b4b6a8f1508c6835
=== RUN   FuzzBn256Add/f3bc425574c68c07eda7dda26b38d81740aa9a7c
=== RUN   FuzzBn256Add/f4032445ba50c619cee70b80272f316d13142028
=== RUN   FuzzBn256Add/f770fc017a6ed505a2bcac29a291145d74f24b46
=== RUN   FuzzBn256Add/f9cf389d6165e80903ec07275420d411589ce6df
=== RUN   FuzzBn256Add/f9d885291c0cc1e2f4c0ca16ed2cd57deb8890e3
=== RUN   FuzzBn256Add/fb895fbbae481f80325f00365ffd8f3a1dd6e2a8
=== RUN   FuzzBn256Add/fc1f9624d06f55dcc47e765d862c6787a362df8e
--- PASS: FuzzBn256Add (0.04s)
    --- PASS: FuzzBn256Add/00aec03b2ccf5cbc0f986c1f49499cf81452f93c (0.00s)
    --- PASS: FuzzBn256Add/02a70a85d739bed988392e3592af746df81e89d4 (0.00s)
    --- PASS: FuzzBn256Add/0332c763c44f7754bd4ad7ec93ad98fe1fafa049 (0.00s)
    --- PASS: FuzzBn256Add/07b8486f162f876ab285df5295a0f598402c381a (0.00s)
    --- PASS: FuzzBn256Add/083be8f6b8437a89f5dfdff8db31dfdf5c4169dd (0.00s)
    --- PASS: FuzzBn256Add/0e34e1ccc6bcf36a908977ef5b95266d06dfff39 (0.00s)
    --- PASS: FuzzBn256Add/0f65cfd8db2390392c022cd6e07b6049a9af8a3c (0.00s)
    --- PASS: FuzzBn256Add/1011166133e64e3a0fc4462cf5e34ebd102cbbc9 (0.00s)
    --- PASS: FuzzBn256Add/10ee847e0b250c440bd881ac38c822883f995475 (0.00s)
    --- PASS: FuzzBn256Add/11fdeb36520c644cf990d99eb4dd0f9568e6bab1 (0.00s)
    --- PASS: FuzzBn256Add/13e402761eb48675b80c0994cd7d971fcbf70224 (0.00s)
    --- PASS: FuzzBn256Add/177bfc64889e7df24440c68753af6085b6521d13 (0.00s)
    --- PASS: FuzzBn256Add/17b4899ea577714f074dea520a0760d372e305d3 (0.00s)
    --- PASS: FuzzBn256Add/1a66181bf4d7e768d39ed29478f6d2e05544faae (0.00s)
    --- PASS: FuzzBn256Add/1f69cf675e9ec74c78a6cb3b77f20ef53f0ccb12 (0.00s)
    --- PASS: FuzzBn256Add/1facdd854d888ebd87f46e3e83e1c0c32383e8cd (0.00s)
    --- PASS: FuzzBn256Add/1ffd40347904c86d5ea1d16dde4e71e61480dd77 (0.00s)
    --- PASS: FuzzBn256Add/21d4dd5dfee7ddf5ba02c76de7934c1fc600b196 (0.00s)
    --- PASS: FuzzBn256Add/22c1db6ec6fcf485bfd7aafab27a975d67ee394b (0.00s)
    --- PASS: FuzzBn256Add/235e3f67201c2f01de4215bcb4a1422fe6123745 (0.00s)
    --- PASS: FuzzBn256Add/2376c3e18da36bf2cc32675c73e6b8cd99270445 (0.00s)
    --- PASS: FuzzBn256Add/23b59a59e9792274003189eb5d9f31c33c000d87 (0.00s)
    --- PASS: FuzzBn256Add/23dc38278141a32b55ca60ee85209c175780ebda (0.00s)
    --- PASS: FuzzBn256Add/24bf8f330d6bce07c8df3feba7ad1eae04d8d66b (0.00s)
    --- PASS: FuzzBn256Add/263b8d757db7c1abcff0bbb816a6d173b13c650a (0.00s)
    --- PASS: FuzzBn256Add/264028a71576a524c8c56e29d94eeb843c01b779 (0.00s)
    --- PASS: FuzzBn256Add/26d4fa8255ca1663b42373d0252633f84522d931 (0.00s)
    --- PASS: FuzzBn256Add/26fbae8e23f59580dabc027bc29d15a02a0e5b60 (0.00s)
    --- PASS: FuzzBn256Add/2959cd90148c4539b924a8e2facb42ca494dbd92 (0.00s)
    --- PASS: FuzzBn256Add/29a7cb3787a7fc20f3d676ac05719052167399d1 (0.00s)
    --- PASS: FuzzBn256Add/2e2a328d470b5b794b10919a5920fdaf76804b33 (0.00s)
    --- PASS: FuzzBn256Add/2f792471f1d1bffe1d9cc433cc0dfaf5928f9e69 (0.00s)
    --- PASS: FuzzBn256Add/306992c0a94d1f6ea7753bd95f6bcb061b77797a (0.00s)
    --- PASS: FuzzBn256Add/362bce495e89556cd46a9b5254109dcc78a81444 (0.00s)
    --- PASS: FuzzBn256Add/374971f98a4409f344a7412172944ae5705f0c4e (0.00s)
    --- PASS: FuzzBn256Add/390d4a82a27efeffdc7c60ee44f6a5fccee6f535 (0.00s)
    --- PASS: FuzzBn256Add/3a03e2ded5c2a003ecf0b5844575242d0e50b26d (0.00s)
    --- PASS: FuzzBn256Add/3c26abe72b2890ebfec2f3db995635c037611728 (0.00s)
    --- PASS: FuzzBn256Add/3d3cbf58a9459e538fea7629a401154ecccb1cff (0.00s)
    --- PASS: FuzzBn256Add/3e2a67b22f424761bc6d85dca182b1f2bff8e53d (0.00s)
    --- PASS: FuzzBn256Add/3e9d26804f396ca564a5c1201a5966d6e4d06782 (0.00s)
    --- PASS: FuzzBn256Add/3f25cd878ec09afeb3c6d9e1a57fc1853f586485 (0.00s)
    --- PASS: FuzzBn256Add/3f95bc501a76caf56eeaa7a552b1774b6f7cf939 (0.00s)
    --- PASS: FuzzBn256Add/403fc40ddb5a9d2269c89efe507fc0aa2f08194b (0.00s)
    --- PASS: FuzzBn256Add/41099e7507bc6bff6db0972d48f5830640aa0c9d (0.00s)
    --- PASS: FuzzBn256Add/433e77ce1c8d4be3ff40a41f49e90c8b36045f1d (0.00s)
    --- PASS: FuzzBn256Add/47a93471104b1935608f03ae6d5b75f895d39806 (0.00s)
    --- PASS: FuzzBn256Add/49435461a6e2c81d1c73617ecf9ed9b32a3e306e (0.00s)
    --- PASS: FuzzBn256Add/4c0b77fe139881694ae40cc842d3a6352935d5d5 (0.00s)
    --- PASS: FuzzBn256Add/4ca207b85fd050fb98fa952e238e419ae38a7daa (0.00s)
    --- PASS: FuzzBn256Add/4f9f4275a2a114435dd800ead4df5dbeef7b27d1 (0.00s)
    --- PASS: FuzzBn256Add/556290c6eff62d36f4c72a7dec45ac244378cc0b (0.00s)
    --- PASS: FuzzBn256Add/590a50ef731ccdecf35e9ab4845d53658d0588d7 (0.00s)
    --- PASS: FuzzBn256Add/599f98367859c1e02bdaf977fef32adb08bbae76 (0.00s)
    --- PASS: FuzzBn256Add/5a1f82d405f33d6ac758cef817ba633ac6d94420 (0.00s)
    --- PASS: FuzzBn256Add/5c0d24f95d8992dda451913b2681e1c05b604158 (0.00s)
    --- PASS: FuzzBn256Add/5c4f8e6ba4579925545ca50d91cfdbcf52d9a95d (0.00s)
    --- PASS: FuzzBn256Add/5fb2062766c7f788cb649e952bd0cf6ee7c43e54 (0.00s)
    --- PASS: FuzzBn256Add/608a42faf722d99da5aa8136a378a20b48d3d47a (0.00s)
    --- PASS: FuzzBn256Add/614bbaf82dad15a699fcfde987d429d1ee88a75d (0.00s)
    --- PASS: FuzzBn256Add/615c53b4e91a3813fa5b0d401da5bb6fc3ed38a5 (0.00s)
    --- PASS: FuzzBn256Add/61d60c415d7be9d23400eafcde95305f3cefe138 (0.00s)
    --- PASS: FuzzBn256Add/62b8afb39dc37bc04fde4c2b4a8550b2007bd2e5 (0.00s)
    --- PASS: FuzzBn256Add/63db7d8df955a4ed1b71357f406d1418356873a7 (0.00s)
    --- PASS: FuzzBn256Add/6617b10dcf93c348e49b2758b58ce7c98033ff70 (0.00s)
    --- PASS: FuzzBn256Add/69144bd5f1b55ac1390e4e78a163decf50d4b0ee (0.00s)
    --- PASS: FuzzBn256Add/6c5ab4a5da58f50acf5ef462cd50ecd587d58741 (0.00s)
    --- PASS: FuzzBn256Add/6dcd4ce23d88e2ee9568ba546c007c63d9131c1b (0.00s)
    --- PASS: FuzzBn256Add/6f55260e602c96e457b5e566a1a070a1153ac12c (0.00s)
    --- PASS: FuzzBn256Add/70964f5ff38f6e076adc079387f0da403f0b3802 (0.00s)
    --- PASS: FuzzBn256Add/70af22cfa3d319fb986cb80464bf80e6fb346ec6 (0.00s)
    --- PASS: FuzzBn256Add/71853c6197a6a7f222db0f1978c7cb232b87c5ee (0.00s)
    --- PASS: FuzzBn256Add/7249241f422ac0a59f5213042d6c755ff909e6fa (0.00s)
    --- PASS: FuzzBn256Add/729e9a3dad8f8531157fafecc8ebc2b4546aa0f1 (0.00s)
    --- PASS: FuzzBn256Add/73d38ab1cb49338e07e6db2d2acf2f61fa2c979a (0.00s)
    --- PASS: FuzzBn256Add/77a59164af32308b05b32b370e71fa4c17e97d2e (0.00s)
    --- PASS: FuzzBn256Add/77e31fb476bd02565caa79d2c2429a3c97eb64cc (0.00s)
    --- PASS: FuzzBn256Add/7918190e04375857b7e9f918e14f7324c35f9c3b (0.00s)
    --- PASS: FuzzBn256Add/7930d7f5d138b61ddfc0ba81934bb56f5055d273 (0.00s)
    --- PASS: FuzzBn256Add/7a6ef8c026df7430e05b824401a1ed7224177415 (0.00s)
    --- PASS: FuzzBn256Add/7bad8408701fb3294375b89c4fbf7fdf8bf3541a (0.00s)
    --- PASS: FuzzBn256Add/7baeab63ad11f955b4c1d28a68523c81ce04183d (0.00s)
    --- PASS: FuzzBn256Add/7de05e3f0a91fcbbd1c8896dc4107028670d91fb (0.00s)
    --- PASS: FuzzBn256Add/7e5b7caeda192631cb81ae6fc5c4b127d0f0e1cb (0.00s)
    --- PASS: FuzzBn256Add/80b11a02d13bc1e2cb9ffafff521639eb800c26e (0.00s)
    --- PASS: FuzzBn256Add/8114326ce5c0a92437260c6c43469955e33a1372 (0.00s)
    --- PASS: FuzzBn256Add/814e8b24d82e963c52533455b634b7d8ce74f052 (0.00s)
    --- PASS: FuzzBn256Add/82e37a1b5a38e42202b5033711360cf13c908394 (0.00s)
    --- PASS: FuzzBn256Add/83fc1f3afab069cae925a3b62575d9c0bc780194 (0.00s)
    --- PASS: FuzzBn256Add/84ea610e2bf34395d98cf1ae59aa930eb5bb3259 (0.00s)
    --- PASS: FuzzBn256Add/862addf6ec0ba1b0c3becf4cca7c9e4f0ed1c4a5 (0.00s)
    --- PASS: FuzzBn256Add/88c266ed9bdb19afd0782126527ac7820f6eefa0 (0.00s)
    --- PASS: FuzzBn256Add/88ec87daf113eb7364ae47ea1abe17f314c66052 (0.00s)
    --- PASS: FuzzBn256Add/8949c29a8c27280524802e3e0fb6cd09e386b4c4 (0.00s)
    --- PASS: FuzzBn256Add/8a291d4fc77033cfa54d3be6adb5a65707c02c00 (0.00s)
    --- PASS: FuzzBn256Add/8becf80d71277fc9659108bfe6ffc365eea22d57 (0.00s)
    --- PASS: FuzzBn256Add/8d2b9d29df901e9b1b07adba6218ca144e9e9853 (0.00s)
    --- PASS: FuzzBn256Add/8d56da42d48c9f61b4374f74b36d1d42b77d1cce (0.00s)
    --- PASS: FuzzBn256Add/8df86af9197fc1589fcc60d18377618d3cd4f551 (0.00s)
    --- PASS: FuzzBn256Add/8f87d922208af08d7cd3cef87334f81b6e2e1dcf (0.00s)
    --- PASS: FuzzBn256Add/9069ca78e7450a285173431b3e52c5c25299e473 (0.00s)
    --- PASS: FuzzBn256Add/919b1a0c8919b5b8bc0f32cb6562dcd9b027bdf8 (0.00s)
    --- PASS: FuzzBn256Add/91bd8942e8bf174afac7a0c851b8cd35b717c2c5 (0.00s)
    --- PASS: FuzzBn256Add/93ec939324c90f13cc19f6e0570824acd432ee0b (0.00s)
    --- PASS: FuzzBn256Add/9664e8aafee2c768dfe74a0a7d28e05587d2ed0e (0.00s)
    --- PASS: FuzzBn256Add/96ec503a76d50fa05085b644eeb5d3c7450f1531 (0.00s)
    --- PASS: FuzzBn256Add/9bb01750937f5d9eb154f65e15a88fdf0eed09b5 (0.00s)
    --- PASS: FuzzBn256Add/9cdd4d6369279f1ce6d55d016962949f5be8d1e8 (0.00s)
    --- PASS: FuzzBn256Add/9da5375bd50fe0f2722c48a05fc9e2f7fdd81960 (0.00s)
    --- PASS: FuzzBn256Add/a124e0e67a3fd96930f9344ceb70cb3e7c007045 (0.00s)
    --- PASS: FuzzBn256Add/a152c82dd95228f0adc5e0e897d90c7d6165d83b (0.00s)
    --- PASS: FuzzBn256Add/a1fbac3e83d5d5e8a93649939ef5557e281d054a (0.00s)
    --- PASS: FuzzBn256Add/a30425e658c3803af9da4f284e70a79a2ee27371 (0.00s)
    --- PASS: FuzzBn256Add/a4b843a5a42f10f7c5b7275bf83418b5f326183b (0.00s)
    --- PASS: FuzzBn256Add/a77ba90c312ae0d0860892a8b66546e6799feb12 (0.00s)
    --- PASS: FuzzBn256Add/b0b10f598d29171d9865ae50958a6fc4359d3dd7 (0.00s)
    --- PASS: FuzzBn256Add/b7c464135bda19e82d373b27358101f57493aefc (0.00s)
    --- PASS: FuzzBn256Add/bf305c9ec58f1ce4c0da503ef01fc103a935b569 (0.00s)
    --- PASS: FuzzBn256Add/c0c7cbc37d1d9b5e775f49afc8497c263d33c9ba (0.00s)
    --- PASS: FuzzBn256Add/c32adf9ff1c4c6959c8a1ea8674d65775631fb8a (0.00s)
    --- PASS: FuzzBn256Add/c4f680cd80376ecfb364031d13facabf451c3c2a (0.00s)
    --- PASS: FuzzBn256Add/c6a95a655757919ee6fd66399ef4e3b940378bfb (0.00s)
    --- PASS: FuzzBn256Add/c98f8fa6ceb884326dfdb1bf6fd54c2394b380ff (0.00s)
    --- PASS: FuzzBn256Add/ccd9635abc3a16dc98780cb4746480657f02d222 (0.00s)
    --- PASS: FuzzBn256Add/cdb109d6cb4b56ac8ae0370c53e3bfb54571ba0e (0.00s)
    --- PASS: FuzzBn256Add/d0164db8c8d803f2dd7e7e3c14f2f399bf8a9c6e (0.00s)
    --- PASS: FuzzBn256Add/d3d7f187e1bd7ba9afbe0ec0e74ba2b9cb46907d (0.00s)
    --- PASS: FuzzBn256Add/d926ed7825c1c20e175f6e10ba7a3ecdf83eb31d (0.00s)
    --- PASS: FuzzBn256Add/d9d222f92d28ed627f22cb2c6f470c9d23517fd0 (0.00s)
    --- PASS: FuzzBn256Add/d9eda9e543ae42f1683edbc0a6350f02e6ca149c (0.00s)
    --- PASS: FuzzBn256Add/daa7072540aa5bae6f19a6b679f762eaf6c0557c (0.00s)
    --- PASS: FuzzBn256Add/dc56cc83cac86b9ed6e29d26d50dca52bac1fca9 (0.00s)
    --- PASS: FuzzBn256Add/dd02f54f546b4b38a7c6f7300fc6b55a358b06ff (0.00s)
    --- PASS: FuzzBn256Add/dd7313ffa083af7137ab5a0748a80b3ee2235420 (0.00s)
    --- PASS: FuzzBn256Add/de547d20f89404688de03725f11e1c3dc4cf946a (0.00s)
    --- PASS: FuzzBn256Add/e113077c631cc60d860251107c909c07e64d3173 (0.00s)
    --- PASS: FuzzBn256Add/e6b0b307b1a8fb9de9abeb7fe73e21c1b1f8feaf (0.00s)
    --- PASS: FuzzBn256Add/e71c9269188b7693bc70b52952a03a13cac2f384 (0.00s)
    --- PASS: FuzzBn256Add/ea27bffff312d6f7f7e4f7ac484349e445fa3d5d (0.00s)
    --- PASS: FuzzBn256Add/eb4294b5d0069c4884745df9ffaeaa72fb74a82c (0.00s)
    --- PASS: FuzzBn256Add/ed1ab938afbb737a2d0b2af021efc03a843980d8 (0.00s)
    --- PASS: FuzzBn256Add/eeace274d4a8bc36b6986ebc32fde65099634b09 (0.00s)
    --- PASS: FuzzBn256Add/eed4cdac6491f0a18a80848c5c06f7ad341cf7c3 (0.00s)
    --- PASS: FuzzBn256Add/efe6440e949d13ca95ff296299ebceb042b6a6eb (0.00s)
    --- PASS: FuzzBn256Add/f219cb207c51060308e60fab06f2b1044585c3ac (0.00s)
    --- PASS: FuzzBn256Add/f38ec736913dcf79dd1427f6b4b6a8f1508c6835 (0.00s)
    --- PASS: FuzzBn256Add/f3bc425574c68c07eda7dda26b38d81740aa9a7c (0.00s)
    --- PASS: FuzzBn256Add/f4032445ba50c619cee70b80272f316d13142028 (0.00s)
    --- PASS: FuzzBn256Add/f770fc017a6ed505a2bcac29a291145d74f24b46 (0.00s)
    --- PASS: FuzzBn256Add/f9cf389d6165e80903ec07275420d411589ce6df (0.00s)
    --- PASS: FuzzBn256Add/f9d885291c0cc1e2f4c0ca16ed2cd57deb8890e3 (0.00s)
    --- PASS: FuzzBn256Add/fb895fbbae481f80325f00365ffd8f3a1dd6e2a8 (0.00s)
    --- PASS: FuzzBn256Add/fc1f9624d06f55dcc47e765d862c6787a362df8e (0.00s)
=== RUN   FuzzBn256Mul
=== RUN   FuzzBn256Mul/018777d483963810f6cf594f89f99a8951c2d1da
=== RUN   FuzzBn256Mul/030f26c81c11b892d56f2b339841bf561e6ed811
=== RUN   FuzzBn256Mul/03408a9e3b622fd21a22a55b1d1ac9821652a3f8
=== RUN   FuzzBn256Mul/05cd174270a428350eb78bf0c968be0e863a989c
=== RUN   FuzzBn256Mul/06686ae31c59048331977997b6c555456097565d
=== RUN   FuzzBn256Mul/072b16636719f7bdb463d571c5a47bfc3b864659
=== RUN   FuzzBn256Mul/0737e875b8d726db0a98d1b7f4aa66d3a9c1f7d6
=== RUN   FuzzBn256Mul/0763c22e3a8681008b8b583528c347b30faf8544
=== RUN   FuzzBn256Mul/08505dfad0605c9b027520c4fcb8fc887a275360
=== RUN   FuzzBn256Mul/0b4dfb40d0c27e1d92366bc1a5c6b7293d1c06e0
=== RUN   FuzzBn256Mul/0bcbc1bec31f043b129935134df274b5aaa85ceb
=== RUN   FuzzBn256Mul/0c97ea3d4de348993f4dd98804b53116e35cd472
=== RUN   FuzzBn256Mul/0d03550bd7942b2e34c5611bd40249e2c58a2e31
=== RUN   FuzzBn256Mul/0d1d050451e0c82764e2116466562f356dbf0945
=== RUN   FuzzBn256Mul/0e5b71bb5fececffbd4a4741c7c6972e4166e1c3
=== RUN   FuzzBn256Mul/0e97c627e0cfc588f93f6dc6bf86f374019771e7
=== RUN   FuzzBn256Mul/14bffee3884db19dd4f01afdaf873ffa5804232e
=== RUN   FuzzBn256Mul/165206025a8ece6680f1dc1f0d0701a98e5ca8af
=== RUN   FuzzBn256Mul/1b51a96d78a7bd768437eb77fd0d737a636ea5b4
=== RUN   FuzzBn256Mul/1d25110934e0e09c8fdd2a95cb816570bebbc891
=== RUN   FuzzBn256Mul/1daeb877ab4033c1abb06445cbc8f5139fd91804
=== RUN   FuzzBn256Mul/1f2827f7b1bdc68b12b705f6ddeb7af6598300d7
=== RUN   FuzzBn256Mul/216c846eab8d114e5abdcc5c0ff45590cb783b79
=== RUN   FuzzBn256Mul/22a3c78bfb28d46616613e0553a3a70a9923aceb
=== RUN   FuzzBn256Mul/22a819ba8720f383623d332f86b53624fbd37af2
=== RUN   FuzzBn256Mul/232fbd6530d98a10611a5318c1ea5b226e84a143
=== RUN   FuzzBn256Mul/243fd163cfd24401d78b5508cc75ca5f887d5e66
=== RUN   FuzzBn256Mul/26187308d1733cefb1d886251ea3c64ca595034f
=== RUN   FuzzBn256Mul/284ca82eb9b37595f28628f8ba57d92a2cee67f3
=== RUN   FuzzBn256Mul/286e198e6634bbb10531b1bfafa82d7382639387
=== RUN   FuzzBn256Mul/28b2822588f764e26b8a2cc7867222943cf2fc72
=== RUN   FuzzBn256Mul/2968d503b2e5cebd56186484dd10c430772309cc
=== RUN   FuzzBn256Mul/2994b20cc8c420105aeba9e34ab3396572835b2f
=== RUN   FuzzBn256Mul/29ed941353208b2a913bc0b61ef4298204692b3f
=== RUN   FuzzBn256Mul/2ac1fa8e9689fd3fc12f9f36441d6e2fbb452ee3
=== RUN   FuzzBn256Mul/2b1e57a62a6ce0e4ae4faf1b4828456be0464e72
=== RUN   FuzzBn256Mul/2dd239d0c8ca8a2bdd9f44093ab210214065e3cc
=== RUN   FuzzBn256Mul/2ecb1bb7087d65c8fa2a7fc6bf784aae0a68e69d
=== RUN   FuzzBn256Mul/2edf8b57f3ae5fc644a4fa9f08c8001350077211
=== RUN   FuzzBn256Mul/2f767f47c7799b046a87b0cf983ee132c521567d
=== RUN   FuzzBn256Mul/301bb328967dc12e890d694947f39df3b54acbaa
=== RUN   FuzzBn256Mul/3109234936a8c03ff867df98f4791ab3df4d9344
=== RUN   FuzzBn256Mul/311af8e3aad1e9f8fcf7423c3a712c9b8b3367b3
=== RUN   FuzzBn256Mul/3120cb96547420d0385fae3d162da4e4cc33e38a
=== RUN   FuzzBn256Mul/33193d42a733f26e5031a6d751446a071dbc5e65
=== RUN   FuzzBn256Mul/341f4d166867cf59470124155657a55601ebc1fe
=== RUN   FuzzBn256Mul/35720b70a15daee3fa4c548e86a810ceaa2cbb0b
=== RUN   FuzzBn256Mul/36c08e5316cdc20a7064c3c6355003727b5418b7
=== RUN   FuzzBn256Mul/3745f122b7ebcc4b604de23c71431aca25948624
=== RUN   FuzzBn256Mul/37ba6f91de93cfb590fb3f734d7a5d9a79203df2
=== RUN   FuzzBn256Mul/390fe894c6059f06d6fa9ca24150ca379d8f169f
=== RUN   FuzzBn256Mul/3c52272c192f3f77bf1efc9d1613f9cb70200bcb
=== RUN   FuzzBn256Mul/3da04a00acf5edd7e7c89a5dfdd7c45ec41015d3
=== RUN   FuzzBn256Mul/3fb171a6f0a90b1f13ddb27ef4e1728ed6e320ea
=== RUN   FuzzBn256Mul/402596abf37652c73af2dfaaa0490e136d1abfd8
=== RUN   FuzzBn256Mul/4074201217548f245be624614cd7b1ede9a565db
=== RUN   FuzzBn256Mul/43193a91a6c32a1bcb8ae97c56a211b896bb8f6f
=== RUN   FuzzBn256Mul/4351c82a0a1c59aa83ceecbf1c929b4f998efa0f
=== RUN   FuzzBn256Mul/436560fefa2c5883214dd7682cfe18582667c874
=== RUN   FuzzBn256Mul/44e6491d66ec7e52757f102c698bfb86e19e3d99
=== RUN   FuzzBn256Mul/45d754a72048f4c72b1204a847cb7228c9b97321
=== RUN   FuzzBn256Mul/474506c4faf45ebba83bfbb9acf09c9cac1920fe
=== RUN   FuzzBn256Mul/47621481bae7bd9bc9bcaea936c3e8c32da92269
=== RUN   FuzzBn256Mul/486223cb6dc65e86d94ba3c4d72dc5b3c728be4c
=== RUN   FuzzBn256Mul/48a888634696929fb4390cd09a2f2d370d0a9941
=== RUN   FuzzBn256Mul/49086959e4580c9dc86fbfe56ebc33ddbd529f3f
=== RUN   FuzzBn256Mul/49fad3b6120f48798042de91cbdf335b9e374e6a
=== RUN   FuzzBn256Mul/49fbde5ef115cffb5673e5237d428116e2d068fa
=== RUN   FuzzBn256Mul/4a8828084e2e70ade4afa831bb939d83f091abda
=== RUN   FuzzBn256Mul/4cf563e694048e9d15b5256662c302407db88367
=== RUN   FuzzBn256Mul/4e4ca4cf451e8218bfd06071422692c906f6afdb
=== RUN   FuzzBn256Mul/5047a93fc19831559934c844930e724dfd86e97f
=== RUN   FuzzBn256Mul/51114243e72c75ffff5f9e8a5b9e3bd0e7808a81
=== RUN   FuzzBn256Mul/5168b27c21d2de36a9ca89a6b8e0d7c0525c70ad
=== RUN   FuzzBn256Mul/5190e6f559320c4d7b1abccffbc7c306d220f731
=== RUN   FuzzBn256Mul/5244bcc9ca24bf4039813fc13905fa8b64e09495
=== RUN   FuzzBn256Mul/52f5977c5587e6b53d580e33733d173e1c818a08
=== RUN   FuzzBn256Mul/542ae3f7c31d4b0dc7818dd687994dfcffd27a7c
=== RUN   FuzzBn256Mul/5493ca6d28347441d0b559189f76a73e85d3f27a
=== RUN   FuzzBn256Mul/54ce49133084c47c917d7568817af0e2d55af28c
=== RUN   FuzzBn256Mul/55ab3eb8e297e61389245e2c412634c3f2a9217c
=== RUN   FuzzBn256Mul/5632877e958e482f7ee78fee4a1ab66ce675e2a2
=== RUN   FuzzBn256Mul/564b0ae723c794e9f9c4214bd18076d43607732b
=== RUN   FuzzBn256Mul/57307441586472396b77f3ffa5a9ac9fc82fb808
=== RUN   FuzzBn256Mul/577e147c2728d44a4b61ac2bd1adcc8f295afb92
=== RUN   FuzzBn256Mul/57a840672c13a93b1c0c9a556c63b53bcbded480
=== RUN   FuzzBn256Mul/57dca11f658145d9d144c0f31b9ba9924c06b754
=== RUN   FuzzBn256Mul/580413fc6b898626b6db0c2e8354f0556840e497
=== RUN   FuzzBn256Mul/58b6b47663502ec13c717139c6b11d87807b5c50
=== RUN   FuzzBn256Mul/5a6e4e3c39a8e0e70e00ceccb2e06c2ac329b3e9
=== RUN   FuzzBn256Mul/5bb774bb8d85e39fa39b0a2872184a50a01dd55c
=== RUN   FuzzBn256Mul/5c0b4d21b6af8ae510748056302a47f7beac2327
=== RUN   FuzzBn256Mul/5c204af96cf7e149582991832fd31e1c7bd63dc4
=== RUN   FuzzBn256Mul/60b7bc9daa8bb4258aa8d79df723d4b46e03052a
=== RUN   FuzzBn256Mul/636d864e8d7571264cd2ba9b9a94485d81d3428f
=== RUN   FuzzBn256Mul/658d58c6b8544e528e0488cb7015e602fdf5cd4d
=== RUN   FuzzBn256Mul/67b902b050861206ecd7626189a1b3ebc00410dc
=== RUN   FuzzBn256Mul/67c571fb5534b77c5caead6692315cdd23dc9046
=== RUN   FuzzBn256Mul/689e51fff9a3e46dd79d2a088c4582213791b526
=== RUN   FuzzBn256Mul/68ca339677492a014f4ba233089ccc33d7684d75
=== RUN   FuzzBn256Mul/68e152fcf93784d5f8f31fb23513435dea10b262
=== RUN   FuzzBn256Mul/6a0082171f918f3d81075e8c03cc3c9c1907685a
=== RUN   FuzzBn256Mul/6b7d9fce205ce8b24010c1aff07c28bbd4060073
=== RUN   FuzzBn256Mul/6d348aaf3fa26a53dddf0745abd750f1484f1e32
=== RUN   FuzzBn256Mul/6d63646b499641fdda85c05d16b9bdeb0bc4d470
=== RUN   FuzzBn256Mul/6ee53fb39f0bfa808d134065cb2da9536de69a62
=== RUN   FuzzBn256Mul/6f02f414df5554160e28bda4d9dfe60411507b86
=== RUN   FuzzBn256Mul/6f18f35ccbaa6623083f21dbb5de8efeadbfa3fb
=== RUN   FuzzBn256Mul/6fb4b9389348903a2102da61257191559b844a12
=== RUN   FuzzBn256Mul/720750b80d09c6d91b112097fb7e5c5d2d147dd9
=== RUN   FuzzBn256Mul/72f8bd16012636cec4fc94f155c18a50a037c773
=== RUN   FuzzBn256Mul/7543bf297e18a2a16b1f72ae0f6d4805b7d024f1
=== RUN   FuzzBn256Mul/75864cd0817a8d29907b0a79168a89be6cb87ac1
=== RUN   FuzzBn256Mul/76f1109799e4111e630cbcdc13babcf7467cf7f1
=== RUN   FuzzBn256Mul/77c10e03706ae6b280077294c07761fe1c8a8120
=== RUN   FuzzBn256Mul/7ed826ed08040787dbc38c3612b828f018be0ceb
=== RUN   FuzzBn256Mul/8194fb50482e04688a3d7d433ae89593e9dbffe8
=== RUN   FuzzBn256Mul/8318f2b01a472565b84dc58085115de8a4994aee
=== RUN   FuzzBn256Mul/8347df7c0593203339fce9eedc0b27f5b947e706
=== RUN   FuzzBn256Mul/83aafa3186ed604945ed27f845757ea196d39f4e
=== RUN   FuzzBn256Mul/83b107a30f0c68023473f74dd71e75b31a8deea1
=== RUN   FuzzBn256Mul/868bc6e9b6ed8f72d5b9004618b6468a9128f085
=== RUN   FuzzBn256Mul/8784d2b27fa64c356d3b22ef4b65544fabb15639
=== RUN   FuzzBn256Mul/88d0beaa4a94297b219203836e6a70319cc73f3e
=== RUN   FuzzBn256Mul/8ae8468dc5b5e5c3f986d37b7223b207fef03523
=== RUN   FuzzBn256Mul/8b7da15e6ed77fadd2ff161ad7b1d2737450cf43
=== RUN   FuzzBn256Mul/8cc88c083b16a837fb119786dd0af4004d867d48
=== RUN   FuzzBn256Mul/8d1337b5cca0a903df8f5b6e7315e2ad0b513ae0
=== RUN   FuzzBn256Mul/8d6208ff661966c0bd89eed9bd63305af7456d7f
=== RUN   FuzzBn256Mul/8d643a8e7e3ea4c2deb8e34bbce4c1d288823054
=== RUN   FuzzBn256Mul/8e31983d0d3660124d525cb0b1e4456f86de62de
=== RUN   FuzzBn256Mul/900a7036a43d2dd5179368d9e0e8531b5573aa7c
=== RUN   FuzzBn256Mul/9069ca78e7450a285173431b3e52c5c25299e473
=== RUN   FuzzBn256Mul/9147fce4b53dff67f628fc1f7b1d045e80d5170e
=== RUN   FuzzBn256Mul/91fb9d615b776ad2c7043742ef91cdddb1d94e4d
=== RUN   FuzzBn256Mul/922da9bdde1e722f08c39b7fc7b1de32e30b8e28
=== RUN   FuzzBn256Mul/9234763080e53892e94231cf2a75ff68ee1dcb4d
=== RUN   FuzzBn256Mul/92bc5f00d2ea2f90d07230e8f4c5d1bf598e2288
=== RUN   FuzzBn256Mul/9528b12f38513738639674c9f008f77a47192bc1
=== RUN   FuzzBn256Mul/955496b69bcf3ff9329b43dbc3a6df9965334aa5
=== RUN   FuzzBn256Mul/955e30c454b6709c9f0e9ea5a72b679838870226
=== RUN   FuzzBn256Mul/96737c8c7186e8ab8fa1e8bf15c18447ef124ed4
=== RUN   FuzzBn256Mul/9697da8de5b442f8ed1ba7832e9428f02c8935ec
=== RUN   FuzzBn256Mul/98ab36e6576cf18bc55c38b12da126721452884e
=== RUN   FuzzBn256Mul/991c3f29548baaa1cfcf62f5ccd0afad150bd849
=== RUN   FuzzBn256Mul/9bd25d92ea9e6bd3b0e8787d50967e443376a4d9
=== RUN   FuzzBn256Mul/9e8186987bf1117ca7c240217f58cb79accf48a0
=== RUN   FuzzBn256Mul/9e9444ef5bacd0090a58edfd573fc72fcbb91fe4
=== RUN   FuzzBn256Mul/9edd29d65ff67b9cd2add6bf776de4d9d42a7fa0
=== RUN   FuzzBn256Mul/9f6d106d405e1353250320365e58f2b06e510253
=== RUN   FuzzBn256Mul/a11413efa0237f4c166daa338682d3c7e801d2a9
=== RUN   FuzzBn256Mul/a182fe93794db7ec62f39c2aa2f876dfd3fb98dd
=== RUN   FuzzBn256Mul/a349f5e054d4c62c24ad279bf16b1100d3d6a30c
=== RUN   FuzzBn256Mul/a3da2ff605abdd7e3f66d6c2a4eedf2018a872a6
=== RUN   FuzzBn256Mul/a5169daea0aba79604259af76623b9415e260f61
=== RUN   FuzzBn256Mul/a5a8b171cd97783ac87c65655c1a484d724dcd71
=== RUN   FuzzBn256Mul/a705f359dea3e5ac6254ff7a790ceb44675aadec
=== RUN   FuzzBn256Mul/a76ebcd0d319fd6a411cfb35407d778f238d60ac
=== RUN   FuzzBn256Mul/a7d2b4bbe9c7caf809ea2faafd9a5f90b22a6441
=== RUN   FuzzBn256Mul/a80d4ce1d1143d756f98e541d39f672d441bc789
=== RUN   FuzzBn256Mul/a8de61f601d4670c91f163df7464cf4d3ccf4705
=== RUN   FuzzBn256Mul/aadfa9085deb76a9eb9b94baba51587431d4fe03
=== RUN   FuzzBn256Mul/ab2526809b2ad2e51207f147d0f846d7c8e75438
=== RUN   FuzzBn256Mul/ac95e0f0f5a4196e057c07f67a320ef718d06900
=== RUN   FuzzBn256Mul/adbebcfa0cb7044e1d59b07d0c9f608f696996b0
=== RUN   FuzzBn256Mul/adc83b19e793491b1c6ea0fd8b46cd9f32e592fc
=== RUN   FuzzBn256Mul/ae0cd65583458cf183d72c2bd32e5112e49309fb
=== RUN   FuzzBn256Mul/b01be0d2fb4481d21ffa9bc7fbc0c05dc77b6c7a
=== RUN   FuzzBn256Mul/b3e46474b033ed0165faf2e70795963a4bf02788
=== RUN   FuzzBn256Mul/b5a2226c82cc6a8fc830c2117918e04a4e304467
=== RUN   FuzzBn256Mul/b5ced06b592abce4a75cbef21bd8e818b2423583
=== RUN   FuzzBn256Mul/b5e2048a4cd40bbcf24d510f42acc062b4e2b676
=== RUN   FuzzBn256Mul/b67b8aa8046bdbfe37524935bdfb32fa59fb474c
=== RUN   FuzzBn256Mul/b71517dc64dad824bf4837237cca587a02996c72
=== RUN   FuzzBn256Mul/b715910d145313b5a9bb5a3825681229206d1286
=== RUN   FuzzBn256Mul/b956d3f2195817ef2d7721640cd26a827530fcc6
=== RUN   FuzzBn256Mul/ba42be4178f270bed9f48552cacdca88437a0e3f
=== RUN   FuzzBn256Mul/bcd13ed9afa74e49293ac9c7ed3e2cf1e0a34483
=== RUN   FuzzBn256Mul/bd723e96122a9fdfedad9c4fe72f6f9a5161d26c
=== RUN   FuzzBn256Mul/bde9d46052a3c4ff7f7f3dcf8d17a3c0882156b4
=== RUN   FuzzBn256Mul/be397747230b790377acff2d637d6f0f340b22fa
=== RUN   FuzzBn256Mul/bf7d4811cf41384f4cfe8bc0274d729596e1fe55
=== RUN   FuzzBn256Mul/c12255773b32f676dc830b73ea297fd17e93ecf5
=== RUN   FuzzBn256Mul/c3122abc524f07bcbab1c5222bbe79dcae76d45c
=== RUN   FuzzBn256Mul/c4982a4021799dbfa2e774b72fa080b28ab42d84
=== RUN   FuzzBn256Mul/c4ee742a43d0153543d5ee5ed4848820fdfbf23b
=== RUN   FuzzBn256Mul/c564216c8ca3c4f90c70c6f46f3129d82ba49890
=== RUN   FuzzBn256Mul/c5e2de15861f61cc6ec6c66b3692703dc644ebd2
=== RUN   FuzzBn256Mul/c6d6973f22f58fb304c5b04083a903801a1c9b5c
=== RUN   FuzzBn256Mul/c86d986d663c369da11d9c1e3d4c11dcc3eca838
=== RUN   FuzzBn256Mul/c985d38f471c42652f7b750c0e84b56cb9f8a411
=== RUN   FuzzBn256Mul/c9a7d100da01428906eb839bee6197e1be16be9c
=== RUN   FuzzBn256Mul/ca08e60e534593494a582064c100907f6ac5c607
=== RUN   FuzzBn256Mul/ca9ede5597eea1b6e444c8fd7e378a8dfd2e01a4
=== RUN   FuzzBn256Mul/cae4d43108f44a98afe7d27490216d70cfab1733
=== RUN   FuzzBn256Mul/cbf463467b84aa091c6c7fc03f0682255ad3c150
=== RUN   FuzzBn256Mul/cc466081eb9db705d8936c03161ba08be04a2fc7
=== RUN   FuzzBn256Mul/cc942328d546fa9e9710a3023d83a574feac2091
=== RUN   FuzzBn256Mul/cd0641f9ea6e71bcc6e0e07574ee17d02dc897c2
=== RUN   FuzzBn256Mul/cd93fcd8cccc7826c2d11b749e8c6a5536af47b9
=== RUN   FuzzBn256Mul/cef2f3840ce8da941cb4bcca366dead02ed367c5
=== RUN   FuzzBn256Mul/cf055b5c02b62f97cbffae588340b82ca6b26425
=== RUN   FuzzBn256Mul/d00a39de55627a7c57687d9dd205b3d28e328310
=== RUN   FuzzBn256Mul/d03f950fd554620800e0438608b15c4e7a93c482
=== RUN   FuzzBn256Mul/d0d36d69331600cba17d2d735621dfbd239e5afd
=== RUN   FuzzBn256Mul/d1f07771e9e315b05f0cf0e7dc26206c64e7a8e9
=== RUN   FuzzBn256Mul/d3061a42cf53dd8af39ed201af71702ad46a8c87
=== RUN   FuzzBn256Mul/d327029ce8745cac19fc48cc8eb4b2972f15a7dd
=== RUN   FuzzBn256Mul/d3a28cb242a54ffbc0d486037c155146b4286e9d
=== RUN   FuzzBn256Mul/d434b511482bd8011df060e10cf4e2ef364633e1
=== RUN   FuzzBn256Mul/d7e0495116ff30efd4639448e15bf774fff62bed
=== RUN   FuzzBn256Mul/d8f86ef9c5bf510d2917bebe3dd0fa0e221a4d49
=== RUN   FuzzBn256Mul/d922938738537c9ee75608d11da5365a762271bf
=== RUN   FuzzBn256Mul/d92893a056788b761a53b490f0056ba67fc6e245
=== RUN   FuzzBn256Mul/d99a2115b2b465f372a9f438075c52719b70ff40
=== RUN   FuzzBn256Mul/d9a702aa3368bc8aff1c27ca70f01b100552f5f4
=== RUN   FuzzBn256Mul/da0a49d417b7b8611c5b483d348c0ed8ed255f31
=== RUN   FuzzBn256Mul/dabbe6b3035ba97306357a2a137767729f1694d1
=== RUN   FuzzBn256Mul/db4574157cf3148988fbbf098718df8ec6e5be0d
=== RUN   FuzzBn256Mul/de15cc80e9c3726973535a2b04f1378c27b38edd
=== RUN   FuzzBn256Mul/de2b11a5a2cfd3ae20058342407203f252ceaf82
=== RUN   FuzzBn256Mul/de6bd5b3104b58b3e4d4b3eeabad69e0e36621d9
=== RUN   FuzzBn256Mul/e1f4d58702b5ea5b01d1c26b7c3075d0f522bdcf
=== RUN   FuzzBn256Mul/e2a29e4ac5de05059ea6061348a0465110b5af00
=== RUN   FuzzBn256Mul/e2de9beed12cd92f5ed75c2a25f5241dd7d5a273
=== RUN   FuzzBn256Mul/e3b55dbf96abcccb8d813a08aac5be86035b3fdd
=== RUN   FuzzBn256Mul/e3dc79edb42806c0e4f49b9d0195f0e4512f3be6
=== RUN   FuzzBn256Mul/e3ef856b124e96de84872148d478f4a7cc2f0903
=== RUN   FuzzBn256Mul/e4bc0974d1db9cb4c3763d106094775ec5823528
=== RUN   FuzzBn256Mul/e7b9d2db4b1d4661731c9096c94ee454051cd4ed
=== RUN   FuzzBn256Mul/e7f2d26fe5c7c382b67ae77b7aefb859f2fff83b
=== RUN   FuzzBn256Mul/e8c403c2e5600f6cf3723943efd03f8e6b04231f
=== RUN   FuzzBn256Mul/eaaa00aeb3790b9789358d1cb14aac50f762ac09
=== RUN   FuzzBn256Mul/eb2c50c8e928bed162ed7c2c4127517e599365c3
=== RUN   FuzzBn256Mul/eb52458e5ce681db7bc2081ebf9740b413819c43
=== RUN   FuzzBn256Mul/ed12e914fc9359babb3d29a255c13f53979baeab
=== RUN   FuzzBn256Mul/ef6684158e4ed30f288d04c5149ef0d3688c9017
=== RUN   FuzzBn256Mul/ef807cc9022155b1a8a3f457aa0a8fbe7cf54e18
=== RUN   FuzzBn256Mul/f0956b64dfc389506cfd5369c59edabf7c6f7ce8
=== RUN   FuzzBn256Mul/f41228cf66eeb703d441a5add6431704810bbaf7
=== RUN   FuzzBn256Mul/f49585cee10d09ec2ffb6c91e80fefc53c063ff8
=== RUN   FuzzBn256Mul/f4c3f7e8a0cd6bc4cedf932810126895d6739a8c
=== RUN   FuzzBn256Mul/f549daf088295d67f78fa02d6c33a7378be47575
=== RUN   FuzzBn256Mul/f5a7b4f6257b1cadec44fcc140d014205479aae1
=== RUN   FuzzBn256Mul/f7110c802684db31a81fc6ac2464e4c017c135cd
=== RUN   FuzzBn256Mul/f8c04e36ba765b4d73efcb76459f71b74ce2af4a
=== RUN   FuzzBn256Mul/f8c2ebf99f208ae8d1725e45b5702a92696964ad
=== RUN   FuzzBn256Mul/f90ad1072fd09d467b5db914b61807e1adce6c60
=== RUN   FuzzBn256Mul/f9151cb97c2fd4ac8f920b892351b5db55e7c6c9
=== RUN   FuzzBn256Mul/f9baab0447d47881ac4e7e9b5535a07455582815
=== RUN   FuzzBn256Mul/fa6d42eda4e173160a04eb5715cf5a4e95a070a2
=== RUN   FuzzBn256Mul/faaf4e64e3ee90c818fe038d2c247666361bf7b2
=== RUN   FuzzBn256Mul/fbd4f1f6dc3572c0945d1280b759f9425ad89090
=== RUN   FuzzBn256Mul/fc1aea176d7d52e5d49dbffe82f68f3db8f8f3c8
=== RUN   FuzzBn256Mul/fc2c540fdec0654353c5cfa903fccdbff78ec3a9
=== RUN   FuzzBn256Mul/fcf9d2d98fdf6c37360d78f949837f4f16832b3c
=== RUN   FuzzBn256Mul/fddacfe72414a712cdf64ae0685d43ab7b735780
=== RUN   FuzzBn256Mul/ff00835b5b3c466ef386afe500fe3b8e6d2a6283
=== RUN   FuzzBn256Mul/ffb725067836b5e5689e32290b0ec4f8e6c2e4dd
--- PASS: FuzzBn256Mul (0.46s)
    --- PASS: FuzzBn256Mul/018777d483963810f6cf594f89f99a8951c2d1da (0.00s)
    --- PASS: FuzzBn256Mul/030f26c81c11b892d56f2b339841bf561e6ed811 (0.00s)
    --- PASS: FuzzBn256Mul/03408a9e3b622fd21a22a55b1d1ac9821652a3f8 (0.00s)
    --- PASS: FuzzBn256Mul/05cd174270a428350eb78bf0c968be0e863a989c (0.00s)
    --- PASS: FuzzBn256Mul/06686ae31c59048331977997b6c555456097565d (0.00s)
    --- PASS: FuzzBn256Mul/072b16636719f7bdb463d571c5a47bfc3b864659 (0.00s)
    --- PASS: FuzzBn256Mul/0737e875b8d726db0a98d1b7f4aa66d3a9c1f7d6 (0.00s)
    --- PASS: FuzzBn256Mul/0763c22e3a8681008b8b583528c347b30faf8544 (0.00s)
    --- PASS: FuzzBn256Mul/08505dfad0605c9b027520c4fcb8fc887a275360 (0.00s)
    --- PASS: FuzzBn256Mul/0b4dfb40d0c27e1d92366bc1a5c6b7293d1c06e0 (0.00s)
    --- PASS: FuzzBn256Mul/0bcbc1bec31f043b129935134df274b5aaa85ceb (0.00s)
    --- PASS: FuzzBn256Mul/0c97ea3d4de348993f4dd98804b53116e35cd472 (0.00s)
    --- PASS: FuzzBn256Mul/0d03550bd7942b2e34c5611bd40249e2c58a2e31 (0.00s)
    --- PASS: FuzzBn256Mul/0d1d050451e0c82764e2116466562f356dbf0945 (0.01s)
    --- PASS: FuzzBn256Mul/0e5b71bb5fececffbd4a4741c7c6972e4166e1c3 (0.00s)
    --- PASS: FuzzBn256Mul/0e97c627e0cfc588f93f6dc6bf86f374019771e7 (0.00s)
    --- PASS: FuzzBn256Mul/14bffee3884db19dd4f01afdaf873ffa5804232e (0.00s)
    --- PASS: FuzzBn256Mul/165206025a8ece6680f1dc1f0d0701a98e5ca8af (0.00s)
    --- PASS: FuzzBn256Mul/1b51a96d78a7bd768437eb77fd0d737a636ea5b4 (0.00s)
    --- PASS: FuzzBn256Mul/1d25110934e0e09c8fdd2a95cb816570bebbc891 (0.00s)
    --- PASS: FuzzBn256Mul/1daeb877ab4033c1abb06445cbc8f5139fd91804 (0.00s)
    --- PASS: FuzzBn256Mul/1f2827f7b1bdc68b12b705f6ddeb7af6598300d7 (0.00s)
    --- PASS: FuzzBn256Mul/216c846eab8d114e5abdcc5c0ff45590cb783b79 (0.00s)
    --- PASS: FuzzBn256Mul/22a3c78bfb28d46616613e0553a3a70a9923aceb (0.00s)
    --- PASS: FuzzBn256Mul/22a819ba8720f383623d332f86b53624fbd37af2 (0.00s)
    --- PASS: FuzzBn256Mul/232fbd6530d98a10611a5318c1ea5b226e84a143 (0.00s)
    --- PASS: FuzzBn256Mul/243fd163cfd24401d78b5508cc75ca5f887d5e66 (0.00s)
    --- PASS: FuzzBn256Mul/26187308d1733cefb1d886251ea3c64ca595034f (0.00s)
    --- PASS: FuzzBn256Mul/284ca82eb9b37595f28628f8ba57d92a2cee67f3 (0.00s)
    --- PASS: FuzzBn256Mul/286e198e6634bbb10531b1bfafa82d7382639387 (0.00s)
    --- PASS: FuzzBn256Mul/28b2822588f764e26b8a2cc7867222943cf2fc72 (0.00s)
    --- PASS: FuzzBn256Mul/2968d503b2e5cebd56186484dd10c430772309cc (0.00s)
    --- PASS: FuzzBn256Mul/2994b20cc8c420105aeba9e34ab3396572835b2f (0.00s)
    --- PASS: FuzzBn256Mul/29ed941353208b2a913bc0b61ef4298204692b3f (0.00s)
    --- PASS: FuzzBn256Mul/2ac1fa8e9689fd3fc12f9f36441d6e2fbb452ee3 (0.00s)
    --- PASS: FuzzBn256Mul/2b1e57a62a6ce0e4ae4faf1b4828456be0464e72 (0.00s)
    --- PASS: FuzzBn256Mul/2dd239d0c8ca8a2bdd9f44093ab210214065e3cc (0.00s)
    --- PASS: FuzzBn256Mul/2ecb1bb7087d65c8fa2a7fc6bf784aae0a68e69d (0.00s)
    --- PASS: FuzzBn256Mul/2edf8b57f3ae5fc644a4fa9f08c8001350077211 (0.00s)
    --- PASS: FuzzBn256Mul/2f767f47c7799b046a87b0cf983ee132c521567d (0.00s)
    --- PASS: FuzzBn256Mul/301bb328967dc12e890d694947f39df3b54acbaa (0.00s)
    --- PASS: FuzzBn256Mul/3109234936a8c03ff867df98f4791ab3df4d9344 (0.00s)
    --- PASS: FuzzBn256Mul/311af8e3aad1e9f8fcf7423c3a712c9b8b3367b3 (0.00s)
    --- PASS: FuzzBn256Mul/3120cb96547420d0385fae3d162da4e4cc33e38a (0.00s)
    --- PASS: FuzzBn256Mul/33193d42a733f26e5031a6d751446a071dbc5e65 (0.00s)
    --- PASS: FuzzBn256Mul/341f4d166867cf59470124155657a55601ebc1fe (0.00s)
    --- PASS: FuzzBn256Mul/35720b70a15daee3fa4c548e86a810ceaa2cbb0b (0.00s)
    --- PASS: FuzzBn256Mul/36c08e5316cdc20a7064c3c6355003727b5418b7 (0.00s)
    --- PASS: FuzzBn256Mul/3745f122b7ebcc4b604de23c71431aca25948624 (0.00s)
    --- PASS: FuzzBn256Mul/37ba6f91de93cfb590fb3f734d7a5d9a79203df2 (0.01s)
    --- PASS: FuzzBn256Mul/390fe894c6059f06d6fa9ca24150ca379d8f169f (0.00s)
    --- PASS: FuzzBn256Mul/3c52272c192f3f77bf1efc9d1613f9cb70200bcb (0.00s)
    --- PASS: FuzzBn256Mul/3da04a00acf5edd7e7c89a5dfdd7c45ec41015d3 (0.01s)
    --- PASS: FuzzBn256Mul/3fb171a6f0a90b1f13ddb27ef4e1728ed6e320ea (0.00s)
    --- PASS: FuzzBn256Mul/402596abf37652c73af2dfaaa0490e136d1abfd8 (0.00s)
    --- PASS: FuzzBn256Mul/4074201217548f245be624614cd7b1ede9a565db (0.00s)
    --- PASS: FuzzBn256Mul/43193a91a6c32a1bcb8ae97c56a211b896bb8f6f (0.00s)
    --- PASS: FuzzBn256Mul/4351c82a0a1c59aa83ceecbf1c929b4f998efa0f (0.00s)
    --- PASS: FuzzBn256Mul/436560fefa2c5883214dd7682cfe18582667c874 (0.00s)
    --- PASS: FuzzBn256Mul/44e6491d66ec7e52757f102c698bfb86e19e3d99 (0.00s)
    --- PASS: FuzzBn256Mul/45d754a72048f4c72b1204a847cb7228c9b97321 (0.01s)
    --- PASS: FuzzBn256Mul/474506c4faf45ebba83bfbb9acf09c9cac1920fe (0.00s)
    --- PASS: FuzzBn256Mul/47621481bae7bd9bc9bcaea936c3e8c32da92269 (0.00s)
    --- PASS: FuzzBn256Mul/486223cb6dc65e86d94ba3c4d72dc5b3c728be4c (0.00s)
    --- PASS: FuzzBn256Mul/48a888634696929fb4390cd09a2f2d370d0a9941 (0.00s)
    --- PASS: FuzzBn256Mul/49086959e4580c9dc86fbfe56ebc33ddbd529f3f (0.00s)
    --- PASS: FuzzBn256Mul/49fad3b6120f48798042de91cbdf335b9e374e6a (0.00s)
    --- PASS: FuzzBn256Mul/49fbde5ef115cffb5673e5237d428116e2d068fa (0.00s)
    --- PASS: FuzzBn256Mul/4a8828084e2e70ade4afa831bb939d83f091abda (0.00s)
    --- PASS: FuzzBn256Mul/4cf563e694048e9d15b5256662c302407db88367 (0.00s)
    --- PASS: FuzzBn256Mul/4e4ca4cf451e8218bfd06071422692c906f6afdb (0.01s)
    --- PASS: FuzzBn256Mul/5047a93fc19831559934c844930e724dfd86e97f (0.01s)
    --- PASS: FuzzBn256Mul/51114243e72c75ffff5f9e8a5b9e3bd0e7808a81 (0.00s)
    --- PASS: FuzzBn256Mul/5168b27c21d2de36a9ca89a6b8e0d7c0525c70ad (0.00s)
    --- PASS: FuzzBn256Mul/5190e6f559320c4d7b1abccffbc7c306d220f731 (0.00s)
    --- PASS: FuzzBn256Mul/5244bcc9ca24bf4039813fc13905fa8b64e09495 (0.00s)
    --- PASS: FuzzBn256Mul/52f5977c5587e6b53d580e33733d173e1c818a08 (0.00s)
    --- PASS: FuzzBn256Mul/542ae3f7c31d4b0dc7818dd687994dfcffd27a7c (0.00s)
    --- PASS: FuzzBn256Mul/5493ca6d28347441d0b559189f76a73e85d3f27a (0.00s)
    --- PASS: FuzzBn256Mul/54ce49133084c47c917d7568817af0e2d55af28c (0.00s)
    --- PASS: FuzzBn256Mul/55ab3eb8e297e61389245e2c412634c3f2a9217c (0.00s)
    --- PASS: FuzzBn256Mul/5632877e958e482f7ee78fee4a1ab66ce675e2a2 (0.00s)
    --- PASS: FuzzBn256Mul/564b0ae723c794e9f9c4214bd18076d43607732b (0.00s)
    --- PASS: FuzzBn256Mul/57307441586472396b77f3ffa5a9ac9fc82fb808 (0.00s)
    --- PASS: FuzzBn256Mul/577e147c2728d44a4b61ac2bd1adcc8f295afb92 (0.00s)
    --- PASS: FuzzBn256Mul/57a840672c13a93b1c0c9a556c63b53bcbded480 (0.00s)
    --- PASS: FuzzBn256Mul/57dca11f658145d9d144c0f31b9ba9924c06b754 (0.00s)
    --- PASS: FuzzBn256Mul/580413fc6b898626b6db0c2e8354f0556840e497 (0.00s)
    --- PASS: FuzzBn256Mul/58b6b47663502ec13c717139c6b11d87807b5c50 (0.00s)
    --- PASS: FuzzBn256Mul/5a6e4e3c39a8e0e70e00ceccb2e06c2ac329b3e9 (0.00s)
    --- PASS: FuzzBn256Mul/5bb774bb8d85e39fa39b0a2872184a50a01dd55c (0.00s)
    --- PASS: FuzzBn256Mul/5c0b4d21b6af8ae510748056302a47f7beac2327 (0.00s)
    --- PASS: FuzzBn256Mul/5c204af96cf7e149582991832fd31e1c7bd63dc4 (0.00s)
    --- PASS: FuzzBn256Mul/60b7bc9daa8bb4258aa8d79df723d4b46e03052a (0.00s)
    --- PASS: FuzzBn256Mul/636d864e8d7571264cd2ba9b9a94485d81d3428f (0.00s)
    --- PASS: FuzzBn256Mul/658d58c6b8544e528e0488cb7015e602fdf5cd4d (0.00s)
    --- PASS: FuzzBn256Mul/67b902b050861206ecd7626189a1b3ebc00410dc (0.00s)
    --- PASS: FuzzBn256Mul/67c571fb5534b77c5caead6692315cdd23dc9046 (0.00s)
    --- PASS: FuzzBn256Mul/689e51fff9a3e46dd79d2a088c4582213791b526 (0.00s)
    --- PASS: FuzzBn256Mul/68ca339677492a014f4ba233089ccc33d7684d75 (0.00s)
    --- PASS: FuzzBn256Mul/68e152fcf93784d5f8f31fb23513435dea10b262 (0.00s)
    --- PASS: FuzzBn256Mul/6a0082171f918f3d81075e8c03cc3c9c1907685a (0.00s)
    --- PASS: FuzzBn256Mul/6b7d9fce205ce8b24010c1aff07c28bbd4060073 (0.00s)
    --- PASS: FuzzBn256Mul/6d348aaf3fa26a53dddf0745abd750f1484f1e32 (0.00s)
    --- PASS: FuzzBn256Mul/6d63646b499641fdda85c05d16b9bdeb0bc4d470 (0.00s)
    --- PASS: FuzzBn256Mul/6ee53fb39f0bfa808d134065cb2da9536de69a62 (0.00s)
    --- PASS: FuzzBn256Mul/6f02f414df5554160e28bda4d9dfe60411507b86 (0.00s)
    --- PASS: FuzzBn256Mul/6f18f35ccbaa6623083f21dbb5de8efeadbfa3fb (0.00s)
    --- PASS: FuzzBn256Mul/6fb4b9389348903a2102da61257191559b844a12 (0.00s)
    --- PASS: FuzzBn256Mul/720750b80d09c6d91b112097fb7e5c5d2d147dd9 (0.00s)
    --- PASS: FuzzBn256Mul/72f8bd16012636cec4fc94f155c18a50a037c773 (0.00s)
    --- PASS: FuzzBn256Mul/7543bf297e18a2a16b1f72ae0f6d4805b7d024f1 (0.00s)
    --- PASS: FuzzBn256Mul/75864cd0817a8d29907b0a79168a89be6cb87ac1 (0.00s)
    --- PASS: FuzzBn256Mul/76f1109799e4111e630cbcdc13babcf7467cf7f1 (0.00s)
    --- PASS: FuzzBn256Mul/77c10e03706ae6b280077294c07761fe1c8a8120 (0.00s)
    --- PASS: FuzzBn256Mul/7ed826ed08040787dbc38c3612b828f018be0ceb (0.00s)
    --- PASS: FuzzBn256Mul/8194fb50482e04688a3d7d433ae89593e9dbffe8 (0.00s)
    --- PASS: FuzzBn256Mul/8318f2b01a472565b84dc58085115de8a4994aee (0.01s)
    --- PASS: FuzzBn256Mul/8347df7c0593203339fce9eedc0b27f5b947e706 (0.00s)
    --- PASS: FuzzBn256Mul/83aafa3186ed604945ed27f845757ea196d39f4e (0.00s)
    --- PASS: FuzzBn256Mul/83b107a30f0c68023473f74dd71e75b31a8deea1 (0.00s)
    --- PASS: FuzzBn256Mul/868bc6e9b6ed8f72d5b9004618b6468a9128f085 (0.00s)
    --- PASS: FuzzBn256Mul/8784d2b27fa64c356d3b22ef4b65544fabb15639 (0.00s)
    --- PASS: FuzzBn256Mul/88d0beaa4a94297b219203836e6a70319cc73f3e (0.01s)
    --- PASS: FuzzBn256Mul/8ae8468dc5b5e5c3f986d37b7223b207fef03523 (0.00s)
    --- PASS: FuzzBn256Mul/8b7da15e6ed77fadd2ff161ad7b1d2737450cf43 (0.00s)
    --- PASS: FuzzBn256Mul/8cc88c083b16a837fb119786dd0af4004d867d48 (0.00s)
    --- PASS: FuzzBn256Mul/8d1337b5cca0a903df8f5b6e7315e2ad0b513ae0 (0.00s)
    --- PASS: FuzzBn256Mul/8d6208ff661966c0bd89eed9bd63305af7456d7f (0.00s)
    --- PASS: FuzzBn256Mul/8d643a8e7e3ea4c2deb8e34bbce4c1d288823054 (0.00s)
    --- PASS: FuzzBn256Mul/8e31983d0d3660124d525cb0b1e4456f86de62de (0.00s)
    --- PASS: FuzzBn256Mul/900a7036a43d2dd5179368d9e0e8531b5573aa7c (0.00s)
    --- PASS: FuzzBn256Mul/9069ca78e7450a285173431b3e52c5c25299e473 (0.00s)
    --- PASS: FuzzBn256Mul/9147fce4b53dff67f628fc1f7b1d045e80d5170e (0.00s)
    --- PASS: FuzzBn256Mul/91fb9d615b776ad2c7043742ef91cdddb1d94e4d (0.00s)
    --- PASS: FuzzBn256Mul/922da9bdde1e722f08c39b7fc7b1de32e30b8e28 (0.00s)
    --- PASS: FuzzBn256Mul/9234763080e53892e94231cf2a75ff68ee1dcb4d (0.00s)
    --- PASS: FuzzBn256Mul/92bc5f00d2ea2f90d07230e8f4c5d1bf598e2288 (0.00s)
    --- PASS: FuzzBn256Mul/9528b12f38513738639674c9f008f77a47192bc1 (0.00s)
    --- PASS: FuzzBn256Mul/955496b69bcf3ff9329b43dbc3a6df9965334aa5 (0.00s)
    --- PASS: FuzzBn256Mul/955e30c454b6709c9f0e9ea5a72b679838870226 (0.00s)
    --- PASS: FuzzBn256Mul/96737c8c7186e8ab8fa1e8bf15c18447ef124ed4 (0.00s)
    --- PASS: FuzzBn256Mul/9697da8de5b442f8ed1ba7832e9428f02c8935ec (0.00s)
    --- PASS: FuzzBn256Mul/98ab36e6576cf18bc55c38b12da126721452884e (0.00s)
    --- PASS: FuzzBn256Mul/991c3f29548baaa1cfcf62f5ccd0afad150bd849 (0.00s)
    --- PASS: FuzzBn256Mul/9bd25d92ea9e6bd3b0e8787d50967e443376a4d9 (0.00s)
    --- PASS: FuzzBn256Mul/9e8186987bf1117ca7c240217f58cb79accf48a0 (0.00s)
    --- PASS: FuzzBn256Mul/9e9444ef5bacd0090a58edfd573fc72fcbb91fe4 (0.00s)
    --- PASS: FuzzBn256Mul/9edd29d65ff67b9cd2add6bf776de4d9d42a7fa0 (0.00s)
    --- PASS: FuzzBn256Mul/9f6d106d405e1353250320365e58f2b06e510253 (0.00s)
    --- PASS: FuzzBn256Mul/a11413efa0237f4c166daa338682d3c7e801d2a9 (0.00s)
    --- PASS: FuzzBn256Mul/a182fe93794db7ec62f39c2aa2f876dfd3fb98dd (0.00s)
    --- PASS: FuzzBn256Mul/a349f5e054d4c62c24ad279bf16b1100d3d6a30c (0.00s)
    --- PASS: FuzzBn256Mul/a3da2ff605abdd7e3f66d6c2a4eedf2018a872a6 (0.00s)
    --- PASS: FuzzBn256Mul/a5169daea0aba79604259af76623b9415e260f61 (0.00s)
    --- PASS: FuzzBn256Mul/a5a8b171cd97783ac87c65655c1a484d724dcd71 (0.00s)
    --- PASS: FuzzBn256Mul/a705f359dea3e5ac6254ff7a790ceb44675aadec (0.00s)
    --- PASS: FuzzBn256Mul/a76ebcd0d319fd6a411cfb35407d778f238d60ac (0.00s)
    --- PASS: FuzzBn256Mul/a7d2b4bbe9c7caf809ea2faafd9a5f90b22a6441 (0.00s)
    --- PASS: FuzzBn256Mul/a80d4ce1d1143d756f98e541d39f672d441bc789 (0.00s)
    --- PASS: FuzzBn256Mul/a8de61f601d4670c91f163df7464cf4d3ccf4705 (0.00s)
    --- PASS: FuzzBn256Mul/aadfa9085deb76a9eb9b94baba51587431d4fe03 (0.00s)
    --- PASS: FuzzBn256Mul/ab2526809b2ad2e51207f147d0f846d7c8e75438 (0.00s)
    --- PASS: FuzzBn256Mul/ac95e0f0f5a4196e057c07f67a320ef718d06900 (0.00s)
    --- PASS: FuzzBn256Mul/adbebcfa0cb7044e1d59b07d0c9f608f696996b0 (0.00s)
    --- PASS: FuzzBn256Mul/adc83b19e793491b1c6ea0fd8b46cd9f32e592fc (0.00s)
    --- PASS: FuzzBn256Mul/ae0cd65583458cf183d72c2bd32e5112e49309fb (0.00s)
    --- PASS: FuzzBn256Mul/b01be0d2fb4481d21ffa9bc7fbc0c05dc77b6c7a (0.00s)
    --- PASS: FuzzBn256Mul/b3e46474b033ed0165faf2e70795963a4bf02788 (0.00s)
    --- PASS: FuzzBn256Mul/b5a2226c82cc6a8fc830c2117918e04a4e304467 (0.00s)
    --- PASS: FuzzBn256Mul/b5ced06b592abce4a75cbef21bd8e818b2423583 (0.00s)
    --- PASS: FuzzBn256Mul/b5e2048a4cd40bbcf24d510f42acc062b4e2b676 (0.00s)
    --- PASS: FuzzBn256Mul/b67b8aa8046bdbfe37524935bdfb32fa59fb474c (0.00s)
    --- PASS: FuzzBn256Mul/b71517dc64dad824bf4837237cca587a02996c72 (0.00s)
    --- PASS: FuzzBn256Mul/b715910d145313b5a9bb5a3825681229206d1286 (0.00s)
    --- PASS: FuzzBn256Mul/b956d3f2195817ef2d7721640cd26a827530fcc6 (0.00s)
    --- PASS: FuzzBn256Mul/ba42be4178f270bed9f48552cacdca88437a0e3f (0.00s)
    --- PASS: FuzzBn256Mul/bcd13ed9afa74e49293ac9c7ed3e2cf1e0a34483 (0.00s)
    --- PASS: FuzzBn256Mul/bd723e96122a9fdfedad9c4fe72f6f9a5161d26c (0.00s)
    --- PASS: FuzzBn256Mul/bde9d46052a3c4ff7f7f3dcf8d17a3c0882156b4 (0.00s)
    --- PASS: FuzzBn256Mul/be397747230b790377acff2d637d6f0f340b22fa (0.00s)
    --- PASS: FuzzBn256Mul/bf7d4811cf41384f4cfe8bc0274d729596e1fe55 (0.00s)
    --- PASS: FuzzBn256Mul/c12255773b32f676dc830b73ea297fd17e93ecf5 (0.00s)
    --- PASS: FuzzBn256Mul/c3122abc524f07bcbab1c5222bbe79dcae76d45c (0.01s)
    --- PASS: FuzzBn256Mul/c4982a4021799dbfa2e774b72fa080b28ab42d84 (0.00s)
    --- PASS: FuzzBn256Mul/c4ee742a43d0153543d5ee5ed4848820fdfbf23b (0.00s)
    --- PASS: FuzzBn256Mul/c564216c8ca3c4f90c70c6f46f3129d82ba49890 (0.00s)
    --- PASS: FuzzBn256Mul/c5e2de15861f61cc6ec6c66b3692703dc644ebd2 (0.00s)
    --- PASS: FuzzBn256Mul/c6d6973f22f58fb304c5b04083a903801a1c9b5c (0.00s)
    --- PASS: FuzzBn256Mul/c86d986d663c369da11d9c1e3d4c11dcc3eca838 (0.00s)
    --- PASS: FuzzBn256Mul/c985d38f471c42652f7b750c0e84b56cb9f8a411 (0.00s)
    --- PASS: FuzzBn256Mul/c9a7d100da01428906eb839bee6197e1be16be9c (0.00s)
    --- PASS: FuzzBn256Mul/ca08e60e534593494a582064c100907f6ac5c607 (0.00s)
    --- PASS: FuzzBn256Mul/ca9ede5597eea1b6e444c8fd7e378a8dfd2e01a4 (0.00s)
    --- PASS: FuzzBn256Mul/cae4d43108f44a98afe7d27490216d70cfab1733 (0.00s)
    --- PASS: FuzzBn256Mul/cbf463467b84aa091c6c7fc03f0682255ad3c150 (0.00s)
    --- PASS: FuzzBn256Mul/cc466081eb9db705d8936c03161ba08be04a2fc7 (0.00s)
    --- PASS: FuzzBn256Mul/cc942328d546fa9e9710a3023d83a574feac2091 (0.00s)
    --- PASS: FuzzBn256Mul/cd0641f9ea6e71bcc6e0e07574ee17d02dc897c2 (0.00s)
    --- PASS: FuzzBn256Mul/cd93fcd8cccc7826c2d11b749e8c6a5536af47b9 (0.00s)
    --- PASS: FuzzBn256Mul/cef2f3840ce8da941cb4bcca366dead02ed367c5 (0.00s)
    --- PASS: FuzzBn256Mul/cf055b5c02b62f97cbffae588340b82ca6b26425 (0.00s)
    --- PASS: FuzzBn256Mul/d00a39de55627a7c57687d9dd205b3d28e328310 (0.00s)
    --- PASS: FuzzBn256Mul/d03f950fd554620800e0438608b15c4e7a93c482 (0.00s)
    --- PASS: FuzzBn256Mul/d0d36d69331600cba17d2d735621dfbd239e5afd (0.00s)
    --- PASS: FuzzBn256Mul/d1f07771e9e315b05f0cf0e7dc26206c64e7a8e9 (0.00s)
    --- PASS: FuzzBn256Mul/d3061a42cf53dd8af39ed201af71702ad46a8c87 (0.00s)
    --- PASS: FuzzBn256Mul/d327029ce8745cac19fc48cc8eb4b2972f15a7dd (0.00s)
    --- PASS: FuzzBn256Mul/d3a28cb242a54ffbc0d486037c155146b4286e9d (0.00s)
    --- PASS: FuzzBn256Mul/d434b511482bd8011df060e10cf4e2ef364633e1 (0.00s)
    --- PASS: FuzzBn256Mul/d7e0495116ff30efd4639448e15bf774fff62bed (0.00s)
    --- PASS: FuzzBn256Mul/d8f86ef9c5bf510d2917bebe3dd0fa0e221a4d49 (0.00s)
    --- PASS: FuzzBn256Mul/d922938738537c9ee75608d11da5365a762271bf (0.00s)
    --- PASS: FuzzBn256Mul/d92893a056788b761a53b490f0056ba67fc6e245 (0.00s)
    --- PASS: FuzzBn256Mul/d99a2115b2b465f372a9f438075c52719b70ff40 (0.00s)
    --- PASS: FuzzBn256Mul/d9a702aa3368bc8aff1c27ca70f01b100552f5f4 (0.00s)
    --- PASS: FuzzBn256Mul/da0a49d417b7b8611c5b483d348c0ed8ed255f31 (0.00s)
    --- PASS: FuzzBn256Mul/dabbe6b3035ba97306357a2a137767729f1694d1 (0.00s)
    --- PASS: FuzzBn256Mul/db4574157cf3148988fbbf098718df8ec6e5be0d (0.00s)
    --- PASS: FuzzBn256Mul/de15cc80e9c3726973535a2b04f1378c27b38edd (0.01s)
    --- PASS: FuzzBn256Mul/de2b11a5a2cfd3ae20058342407203f252ceaf82 (0.00s)
    --- PASS: FuzzBn256Mul/de6bd5b3104b58b3e4d4b3eeabad69e0e36621d9 (0.00s)
    --- PASS: FuzzBn256Mul/e1f4d58702b5ea5b01d1c26b7c3075d0f522bdcf (0.01s)
    --- PASS: FuzzBn256Mul/e2a29e4ac5de05059ea6061348a0465110b5af00 (0.00s)
    --- PASS: FuzzBn256Mul/e2de9beed12cd92f5ed75c2a25f5241dd7d5a273 (0.00s)
    --- PASS: FuzzBn256Mul/e3b55dbf96abcccb8d813a08aac5be86035b3fdd (0.00s)
    --- PASS: FuzzBn256Mul/e3dc79edb42806c0e4f49b9d0195f0e4512f3be6 (0.00s)
    --- PASS: FuzzBn256Mul/e3ef856b124e96de84872148d478f4a7cc2f0903 (0.00s)
    --- PASS: FuzzBn256Mul/e4bc0974d1db9cb4c3763d106094775ec5823528 (0.00s)
    --- PASS: FuzzBn256Mul/e7b9d2db4b1d4661731c9096c94ee454051cd4ed (0.00s)
    --- PASS: FuzzBn256Mul/e7f2d26fe5c7c382b67ae77b7aefb859f2fff83b (0.00s)
    --- PASS: FuzzBn256Mul/e8c403c2e5600f6cf3723943efd03f8e6b04231f (0.00s)
    --- PASS: FuzzBn256Mul/eaaa00aeb3790b9789358d1cb14aac50f762ac09 (0.00s)
    --- PASS: FuzzBn256Mul/eb2c50c8e928bed162ed7c2c4127517e599365c3 (0.00s)
    --- PASS: FuzzBn256Mul/eb52458e5ce681db7bc2081ebf9740b413819c43 (0.00s)
    --- PASS: FuzzBn256Mul/ed12e914fc9359babb3d29a255c13f53979baeab (0.00s)
    --- PASS: FuzzBn256Mul/ef6684158e4ed30f288d04c5149ef0d3688c9017 (0.00s)
    --- PASS: FuzzBn256Mul/ef807cc9022155b1a8a3f457aa0a8fbe7cf54e18 (0.00s)
    --- PASS: FuzzBn256Mul/f0956b64dfc389506cfd5369c59edabf7c6f7ce8 (0.00s)
    --- PASS: FuzzBn256Mul/f41228cf66eeb703d441a5add6431704810bbaf7 (0.00s)
    --- PASS: FuzzBn256Mul/f49585cee10d09ec2ffb6c91e80fefc53c063ff8 (0.00s)
    --- PASS: FuzzBn256Mul/f4c3f7e8a0cd6bc4cedf932810126895d6739a8c (0.00s)
    --- PASS: FuzzBn256Mul/f549daf088295d67f78fa02d6c33a7378be47575 (0.00s)
    --- PASS: FuzzBn256Mul/f5a7b4f6257b1cadec44fcc140d014205479aae1 (0.00s)
    --- PASS: FuzzBn256Mul/f7110c802684db31a81fc6ac2464e4c017c135cd (0.00s)
    --- PASS: FuzzBn256Mul/f8c04e36ba765b4d73efcb76459f71b74ce2af4a (0.00s)
    --- PASS: FuzzBn256Mul/f8c2ebf99f208ae8d1725e45b5702a92696964ad (0.00s)
    --- PASS: FuzzBn256Mul/f90ad1072fd09d467b5db914b61807e1adce6c60 (0.00s)
    --- PASS: FuzzBn256Mul/f9151cb97c2fd4ac8f920b892351b5db55e7c6c9 (0.00s)
    --- PASS: FuzzBn256Mul/f9baab0447d47881ac4e7e9b5535a07455582815 (0.00s)
    --- PASS: FuzzBn256Mul/fa6d42eda4e173160a04eb5715cf5a4e95a070a2 (0.00s)
    --- PASS: FuzzBn256Mul/faaf4e64e3ee90c818fe038d2c247666361bf7b2 (0.00s)
    --- PASS: FuzzBn256Mul/fbd4f1f6dc3572c0945d1280b759f9425ad89090 (0.00s)
    --- PASS: FuzzBn256Mul/fc1aea176d7d52e5d49dbffe82f68f3db8f8f3c8 (0.00s)
    --- PASS: FuzzBn256Mul/fc2c540fdec0654353c5cfa903fccdbff78ec3a9 (0.00s)
    --- PASS: FuzzBn256Mul/fcf9d2d98fdf6c37360d78f949837f4f16832b3c (0.00s)
    --- PASS: FuzzBn256Mul/fddacfe72414a712cdf64ae0685d43ab7b735780 (0.00s)
    --- PASS: FuzzBn256Mul/ff00835b5b3c466ef386afe500fe3b8e6d2a6283 (0.00s)
    --- PASS: FuzzBn256Mul/ffb725067836b5e5689e32290b0ec4f8e6c2e4dd (0.00s)
=== RUN   FuzzBn256Pair
=== RUN   FuzzBn256Pair/047eac2db06aea55e3e25632062a349d5f2634f4
=== RUN   FuzzBn256Pair/052b3b6e595f0d8012226c961fa5b39bbd3abccb
=== RUN   FuzzBn256Pair/07f658f5123304544a54aa0a8e01f1d8db11d649
=== RUN   FuzzBn256Pair/084487598a92f947b709c151bdfa954cf43b6a86
=== RUN   FuzzBn256Pair/08da95bf14d641dcb187be0ac39e98ce35331df7
=== RUN   FuzzBn256Pair/092b598cd72b7f5e5a828ddaf6b2367b577b2565
=== RUN   FuzzBn256Pair/0953fa4bc6153e79572be9d7b95169696337e6e8
=== RUN   FuzzBn256Pair/09af306c9415ed033c43812713371d9b48db486c
=== RUN   FuzzBn256Pair/0a55bc3b5fff660c2fd747ff9ad35b8fd208abca
=== RUN   FuzzBn256Pair/0bf7a7f2411a64061642b878515e72d4ed78f6e0
=== RUN   FuzzBn256Pair/0c1822bfa787e0fe40dbd73a501f57c92f239387
=== RUN   FuzzBn256Pair/0e854220da730a54a1361f2c618066a0a192f9a3
=== RUN   FuzzBn256Pair/0f3ed3a9e2afa68d75cd96b1c310f96601c2fe1e
=== RUN   FuzzBn256Pair/11322b05bd3f321230aa948bfad7d983462f2330
=== RUN   FuzzBn256Pair/1155a031d5e80ed0b2245e26e2c1f7895bc4ba53
=== RUN   FuzzBn256Pair/11fd533d190ed5ae23577be1ee4c65accde3c679
=== RUN   FuzzBn256Pair/12cc60340461055d8d0fabbffb663c0f8eeac05b
=== RUN   FuzzBn256Pair/1532f19fcc921dedee3584c93fa4a8baa5605f85
=== RUN   FuzzBn256Pair/1ac0d268d2007892629a7967cb3a870a18868ccd
=== RUN   FuzzBn256Pair/1ce16afd23ca5c0315c802e6fe6bc89747d9535e
=== RUN   FuzzBn256Pair/1e81db71408360de4a6d3d55fe8baa992f4c3003
=== RUN   FuzzBn256Pair/1f89008705e4921793a44101c9873dbc140447f6
=== RUN   FuzzBn256Pair/2030c43fcd4c45a92c36830e776e7ddba22756b9
=== RUN   FuzzBn256Pair/2078140f4c90d38ecaef443012f285cfecfd88c2
=== RUN   FuzzBn256Pair/21c0418927fbffb957711c0e37e04bb3c00da427
=== RUN   FuzzBn256Pair/23d8e78b7c5a031027332d11bc886f38e28f0c96
=== RUN   FuzzBn256Pair/24ead9f9ece3db6adb13b7a1c5ef98c24912a22a
=== RUN   FuzzBn256Pair/2903376d5d9cfbf951d282b0bb0b71009bc3793d
=== RUN   FuzzBn256Pair/2ae78f2e0207ef666e4393ae0132648357365ff0
=== RUN   FuzzBn256Pair/2ed2e7bf1bce372fb65b34ac18e0fef37dccbb55
=== RUN   FuzzBn256Pair/2f487cd60641d5a917d1be1310a2894c71c00e96
=== RUN   FuzzBn256Pair/303f9de6e0591e2990bf11ee52724f2513c9e8e1
=== RUN   FuzzBn256Pair/31450f787d18712dc9d916cb5e6bd73cb1a6013d
=== RUN   FuzzBn256Pair/337955b9781aca1297aac01be1edff4b97b35fc1
=== RUN   FuzzBn256Pair/37f3cc67985dc708f00b832f531d08fc7a4b8478
=== RUN   FuzzBn256Pair/39e4afdbb60bedc8f3afa8624599a1d5abc3b074
=== RUN   FuzzBn256Pair/39f5266446383f9b69be4c700c933163c2c9943a
=== RUN   FuzzBn256Pair/3bddae5620860d3f0b071099ed5b7f4901677966
=== RUN   FuzzBn256Pair/3c643d14c3fe2d34b3360c1079c222861c953ae4
=== RUN   FuzzBn256Pair/3c9066af69a7eb8737db6146ad4ea0a97f05a8d1
=== RUN   FuzzBn256Pair/3e3c193bf63f8fe3d3ff07935002b9806419f4d5
=== RUN   FuzzBn256Pair/3f067f1ba6c374bb106d2b3c38e52152185ecbc7
=== RUN   FuzzBn256Pair/3f44617dfc90e895fdee81c93c6e4d8bab7d00a3
=== RUN   FuzzBn256Pair/3ffc35ae6310e1e3b63e5a3f056e1e53a11081a7
=== RUN   FuzzBn256Pair/4100ae022899efa2265a22a970a20ff0c85fdecd
=== RUN   FuzzBn256Pair/441404503eb81a118b5e3b7f1afe4c5cdb5af4d8
=== RUN   FuzzBn256Pair/4641f053c4b8e9fee61aa9e3ddb956eb8ed3504c
=== RUN   FuzzBn256Pair/46a39d3c32abb0a5f0135d1da55446c60656a539
=== RUN   FuzzBn256Pair/47212bd4a42fb4218265a9fd7dbd5dfa5aa2934f
=== RUN   FuzzBn256Pair/48ac08bd572aad390ad821f63284a678425dce0e
=== RUN   FuzzBn256Pair/48cb04629a2920ba99d0bfec1ee776a590087c61
=== RUN   FuzzBn256Pair/4c86b65e2ef104f7cc0740c09a3cf70d17cf6dfb
=== RUN   FuzzBn256Pair/4d9dc2347d6f301980f7d767ddd492e32bd2160e
=== RUN   FuzzBn256Pair/4dd4b84159d234786ac0667a43b2e7418a68a625
=== RUN   FuzzBn256Pair/4e14c56cc21f3ee0ca496cf7da46f21865f88130
=== RUN   FuzzBn256Pair/4ec0d7731fd82f1a8aca2bbe848e1e3875f0c9ad
=== RUN   FuzzBn256Pair/4f059493dca2d3ff34f47546de2426a93f8f332a
=== RUN   FuzzBn256Pair/500db87548c44a5779f36fda07376ae9746bbe93
=== RUN   FuzzBn256Pair/50b4ed60180916e75c985c205fc5ffdea95f2a75
=== RUN   FuzzBn256Pair/5173a9a27e4fba61eb3c12af71cb48dd415239ba
=== RUN   FuzzBn256Pair/520ba6daee023759d264b15d910e5d79baf5ed43
=== RUN   FuzzBn256Pair/5598d5bc39ca22b2c0d6deb66d3c82667dc5d292
=== RUN   FuzzBn256Pair/55cd32d1272a92e8ce19e974a795014cc870eee5
=== RUN   FuzzBn256Pair/57fb4fb85587bd4f6d2a25ab47adea819a7679c4
=== RUN   FuzzBn256Pair/58ae1b218b4a8b44827dbdfdb50b603164a984fc
=== RUN   FuzzBn256Pair/597f8afbcdd8c272cd4dfc3a518bca93f178bff7
=== RUN   FuzzBn256Pair/5bb5367ce4fed827e724d4f608f9dcc1eeffc22b
=== RUN   FuzzBn256Pair/5c99330f3b7db2a2e7e7d0265be1c2da0178f449
=== RUN   FuzzBn256Pair/5cd25d707e625123a7742d7a5ed3fc46ef08d878
=== RUN   FuzzBn256Pair/5ed76b13a059e2355e0a1c8337919224d8d9d7f2
=== RUN   FuzzBn256Pair/5f0dfa706ff57110080ceb114cbabc6dc3abe58b
=== RUN   FuzzBn256Pair/5fbdeb05eca3bca4da711d05a4a729e9f4e894b7
=== RUN   FuzzBn256Pair/60a1dc6894a8c26d3ca17ac5ee1e32e87b0a9dbc
=== RUN   FuzzBn256Pair/60d57250f598c347eb567bb5bb256bb16c6c67d9
=== RUN   FuzzBn256Pair/6384be4ff3bbf4808f4a82749ad9cd87386f2f05
=== RUN   FuzzBn256Pair/63b3b7fb4b42ab203ac706b0f40c17529b0b99f5
=== RUN   FuzzBn256Pair/640a2f743104bd380b758ea890ea4bfee5dcd446
=== RUN   FuzzBn256Pair/641f93915c79d15f15cee2ec945a0896204300c1
=== RUN   FuzzBn256Pair/68cb5d2ffef31f5ffe2554310270a905d8484c3a
=== RUN   FuzzBn256Pair/6a086fd9158dcc8a2b6190b5f6325d1563e6baec
=== RUN   FuzzBn256Pair/6ba128e6367a3062fdd111afe55de52bbe44a243
=== RUN   FuzzBn256Pair/6bd83763a81aa137587abadefdcdc7b2bb22745d
=== RUN   FuzzBn256Pair/6bf2916a4c12f884ad7ddbdfca688475b07cddca
=== RUN   FuzzBn256Pair/6c72e51b679d5ac7b8116ed65fc24f66b4fa3263
=== RUN   FuzzBn256Pair/6d54bd2a1733a144980102ce451dd007e4604402
=== RUN   FuzzBn256Pair/6f235ce3e40cf50bd0b63d5a295d3e375cc2a9b4
=== RUN   FuzzBn256Pair/70e93dcd2c30c426c008bfe9209bd3a717c94901
=== RUN   FuzzBn256Pair/716d9e3a9db7bf21971acc84255f2948ab655e36
=== RUN   FuzzBn256Pair/71853c6197a6a7f222db0f1978c7cb232b87c5ee
=== RUN   FuzzBn256Pair/725a684c68234b467438c7c273297982c3dccb13
=== RUN   FuzzBn256Pair/774477c68789431a02554599424039bb633c8e8b
=== RUN   FuzzBn256Pair/797d213a61f87caaf872754b8ce43925a0d4926a
=== RUN   FuzzBn256Pair/7991eae16d283e623c71617ecdaeaad56bbc7a56
=== RUN   FuzzBn256Pair/7c338ed2840d2bf55f9f5e4eed04f66c80840eb3
=== RUN   FuzzBn256Pair/7ec7fe9d7768985700674f9205f49ed4face49f2
=== RUN   FuzzBn256Pair/7f4522e7dd3e9cd969be1477d1a25a260e9b4aba
=== RUN   FuzzBn256Pair/801d6d3c1aec6969f5f653278ee79b8d75b523f6
=== RUN   FuzzBn256Pair/80ab750a8f8d643fc2d5ea1dec52679444dc0a4e
=== RUN   FuzzBn256Pair/80daf77324961c59ed3aed5236a37bb9387bd5ad
=== RUN   FuzzBn256Pair/80fba45518685e8efdf5b40bc622d8710b044666
=== RUN   FuzzBn256Pair/816b33eee97d08d0c36f35ab54394e557571715e
=== RUN   FuzzBn256Pair/81de7ae03e49eefdb501d9e5282a506f808b9faf
=== RUN   FuzzBn256Pair/8215df76cc36e8b8b0be031d1b07892b997049f5
=== RUN   FuzzBn256Pair/82dfbbb1e58fe21e764fee38173710d25877bdb1
=== RUN   FuzzBn256Pair/840199370cd30a7aa3f61b45c2f00831df0833d9
=== RUN   FuzzBn256Pair/86c58bdca268db8ed32a695897ce0bb2f443fbbf
=== RUN   FuzzBn256Pair/8804b823ab66e286bb31f768b3dc5e1814d81bda
=== RUN   FuzzBn256Pair/88a8499b0c9761cf1dfc82353e9ce12fba0b637a
=== RUN   FuzzBn256Pair/89f4c00be3b68ae75cf23b133acfbe69aea82d4a
=== RUN   FuzzBn256Pair/8f4be9c41d645d2188692c315a81865d1846cbc3
=== RUN   FuzzBn256Pair/903215e36183a1c61a986a9657e78eae9c4ccdb9
=== RUN   FuzzBn256Pair/9069ca78e7450a285173431b3e52c5c25299e473
=== RUN   FuzzBn256Pair/920a64cf7d06f055ede3b9b3833ea9ce00f3b4dc
=== RUN   FuzzBn256Pair/921ca98a5a20397638cd8bf1d7cb72dc48b0a889
=== RUN   FuzzBn256Pair/92cc096c24e0325e516cc8109e5c55b31df067d5
=== RUN   FuzzBn256Pair/949e241b752af30818ce013333471bc368f6f954
=== RUN   FuzzBn256Pair/956dc892a621fb4ccfc350b52923250ab91e3a50
=== RUN   FuzzBn256Pair/96194108f7c574e239802600a32c97b8b9955b6b
=== RUN   FuzzBn256Pair/973f52d18231c525cf5c08de51f09db102e6df28
=== RUN   FuzzBn256Pair/98a67815f4a041bceac5ad92c5e962932e153e88
=== RUN   FuzzBn256Pair/9bfe149c860cf9c0b8e5ba8b73b9999be478dbee
=== RUN   FuzzBn256Pair/9c40840e58b2fb4e2aaba410906ca3a2b086eb58
=== RUN   FuzzBn256Pair/9e30720cf79f8e2c3aaeaa3d15624359f5cd7624
=== RUN   FuzzBn256Pair/9e8343b3fb5abfd7d1d9dff0d85250481e1f22e0
=== RUN   FuzzBn256Pair/9f47508f74e9813ebb1c023a360171f0fad4aaba
=== RUN   FuzzBn256Pair/9f828012f28c06e7d9de37d7ce910e1f3b186bb6
=== RUN   FuzzBn256Pair/a0d5eda40609ecf6841c9d31ed19da380a491b1a
=== RUN   FuzzBn256Pair/a10abbb1a2c8c552629128fbc5f8ebc1c9f6af35
=== RUN   FuzzBn256Pair/a2c5ba941a1d7faf9e9ff44c29d8f64c20ff3b62
=== RUN   FuzzBn256Pair/a3bc45178087bc9b818aee50c3b3dbe11baba6cb
=== RUN   FuzzBn256Pair/a527dd7d03cda640a69104f90cfef531cd8e143d
=== RUN   FuzzBn256Pair/a58fad0f8a576406e4a725df6ae92bd5dacc78ee
=== RUN   FuzzBn256Pair/a7d5b187a113f2addd2bbc1f2c21acc3d0696e80
=== RUN   FuzzBn256Pair/a89a3fb753fd1193708c30340cad70ed1b93c19f
=== RUN   FuzzBn256Pair/a9f7e7a929b78fa380ea209ff6bb23bc5093e63d
=== RUN   FuzzBn256Pair/aaf5717f55d318ef62141f2e3fc017579b974a7a
=== RUN   FuzzBn256Pair/ab83e2681c35c1cb82035ea0751be3cc804e8be4
=== RUN   FuzzBn256Pair/abce485e20226a3b585b859797de01dc24cdf146
=== RUN   FuzzBn256Pair/ac1d5deef496eee8f2b139275cbdff01d78f5c30
=== RUN   FuzzBn256Pair/ad3715f25ac8a4476b3ec9a07165b0f9f645e004
=== RUN   FuzzBn256Pair/adc83b19e793491b1c6ea0fd8b46cd9f32e592fc
=== RUN   FuzzBn256Pair/afe55d019f0b0ba7c58090ca27667b8282c557cc
=== RUN   FuzzBn256Pair/b0e50f486561d87a7ca3a4a82b1c84f203d613f7
=== RUN   FuzzBn256Pair/b0ebe4da2ca17e2290beb9f2175a181e95206aed
=== RUN   FuzzBn256Pair/b12bc2c289d954e8e70c4d27d442eff06494411f
=== RUN   FuzzBn256Pair/b4b46a25c77bb3e085e46d80be00023939603f41
=== RUN   FuzzBn256Pair/b73e65e6a2022f64572b1278af100dc59dd92055
=== RUN   FuzzBn256Pair/b7593767967b30b6e508615ba21bf79606dc5615
=== RUN   FuzzBn256Pair/b7e55218e024bf61e17b35ff4b79ab360ec1efdd
=== RUN   FuzzBn256Pair/b7fa01fa38d5ff9d9ee6ef79dd025e992ec3e582
=== RUN   FuzzBn256Pair/b90ccb639b15ea3840bdf93029cbba64f1e254e6
=== RUN   FuzzBn256Pair/bba2e1c8b99d59d969bc4fa20d6004fadfeb2323
=== RUN   FuzzBn256Pair/bd7f0cc163e48184401547ee5c9a0389173bff6d
=== RUN   FuzzBn256Pair/bda6d92d29f3a9de89e5ee2ea5727ea8554dc24c
=== RUN   FuzzBn256Pair/bedb38ddf4696ab189dce234ad4ffad6ffb55137
=== RUN   FuzzBn256Pair/c00c6f625e7c14609816198ae4c02694bdacc326
=== RUN   FuzzBn256Pair/c0e6f88aafb1ff3a35ca22c6b8078df3da5014c6
=== RUN   FuzzBn256Pair/c0f1fac5136a4d9316f870c66bbf1109f34b5efa
=== RUN   FuzzBn256Pair/c23dbebb372178fb2420d4ff2b7da9ea9c032230
=== RUN   FuzzBn256Pair/c2af96ce3d49e74064148790e1796c74a3dfe21e
=== RUN   FuzzBn256Pair/c6ecbbbefdc1ef86dc21d86065a7b4210766fb38
=== RUN   FuzzBn256Pair/c95bd83add710dd62bb9c1308b3d8d4badb287f8
=== RUN   FuzzBn256Pair/c99f7ad5b7d89ad622b695bc010f87afa58456df
=== RUN   FuzzBn256Pair/cb362ebd83303b51543b514d63cf8024b4e3e3b4
=== RUN   FuzzBn256Pair/cc50d3a2203a08f1f5fd377628ee57fb324a4f2a
=== RUN   FuzzBn256Pair/ccc56f54042d1bcb260bd926473607b2b3b7b1a8
=== RUN   FuzzBn256Pair/cd28836aeaba7573a439283f23dfcf6b98f76990
=== RUN   FuzzBn256Pair/cdf9fa61d740333e0097383fe304902207f1ba13
=== RUN   FuzzBn256Pair/cfb65d81ef2ce421260b4a560b6c01d686c3fe34
=== RUN   FuzzBn256Pair/d0e5cd9e58185a77a2ac28472f4cd30b412a2533
=== RUN   FuzzBn256Pair/d1725240097efd54784c8c4f4a471f1d7245bd5e
=== RUN   FuzzBn256Pair/d32d5e6c58743d83b8cf9fea03ce85f011e43f82
=== RUN   FuzzBn256Pair/d40b2a9a0a6cce267e891512f91e91f2f8d5f4af
=== RUN   FuzzBn256Pair/d564fdc2c440d1635fff25f807e78d4dff767b8d
=== RUN   FuzzBn256Pair/d56c251dd46de467d5a733f79c2fa118cfc13566
=== RUN   FuzzBn256Pair/d6a74957fa968bf1d2265f06c80c6ffd1c079b01
=== RUN   FuzzBn256Pair/d6fb5d86f9ee3832b5a701126e048ac4264e4d4f
=== RUN   FuzzBn256Pair/d72198896d6329f5f84f2bf7f8b3a18bb775c987
=== RUN   FuzzBn256Pair/d78981d10ff65fef5328a918e14aca3edcd0dc87
=== RUN   FuzzBn256Pair/d795bc591c03c34472dfdd18d659fcb2933be7f8
=== RUN   FuzzBn256Pair/d7ed95f66241b49d1a923da5647a984d88e683a7
=== RUN   FuzzBn256Pair/d85a0c3e840e6bf0621460397b12adf2f123c62e
=== RUN   FuzzBn256Pair/d9fca5683ef41fc84a10c5e76075d4f0c5865657
=== RUN   FuzzBn256Pair/da86e597af1977de18d6689876cfc587e54e3a3f
=== RUN   FuzzBn256Pair/dbe4c76ab72a5791182a14a0b5e9f8ef2339ebcb
=== RUN   FuzzBn256Pair/dc87ef2e5c7070d4f1ef8469e6e8d256ac19f8e4
=== RUN   FuzzBn256Pair/de8663f18cd755278000acc609c1f8f214ad1262
=== RUN   FuzzBn256Pair/e128034983029e079ef93602eedd324ad6c49d54
=== RUN   FuzzBn256Pair/e368b9f2271b8cf367e7c2ea9329ac38389275e2
=== RUN   FuzzBn256Pair/e3903ca83350129ceac729f4795a76c128fd1f50
=== RUN   FuzzBn256Pair/e3a3de43993fbcbe4e88e9a0c3eb0fc225fdf58a
=== RUN   FuzzBn256Pair/e3be37420a3cfb4c04b4330da0d6ebe5e5ff61cf
=== RUN   FuzzBn256Pair/e4ed05b4bb4ef8ea9c4b2c60a597feeff5b7cb6b
=== RUN   FuzzBn256Pair/ebab3f5c99726b59b305f2520a85f9496cc35d77
=== RUN   FuzzBn256Pair/ec56c231fdad66eb5c72c6a4a2ddb1961968f3d6
=== RUN   FuzzBn256Pair/ec90c9d882c85bfcaa8af471e08db41054a040d1
=== RUN   FuzzBn256Pair/edff7f80416aa5c025d8b0ba44ac28905da62110
=== RUN   FuzzBn256Pair/ee988e4cf728fea97f5ec260692985d6d4e7d8c4
=== RUN   FuzzBn256Pair/f202b89a27e96a19c24ebc4fb5006ce2cf63846f
=== RUN   FuzzBn256Pair/f218a6e9e72f24cb6b67dd206c40e646835d2a5a
=== RUN   FuzzBn256Pair/f31b2b1e68b2ddf8a5ff5949a358eb8e54073cde
=== RUN   FuzzBn256Pair/f3ed01c1e1b70b46b52f19b461ccf450d04f571e
=== RUN   FuzzBn256Pair/f4e04d11b04853c14c05fb8b9b0474d1440b7661
=== RUN   FuzzBn256Pair/f520068a6d99f3abc8cc53ba82ff678babe59f62
=== RUN   FuzzBn256Pair/f599422de718fbe14d6187c7cdfc955b716bcc47
=== RUN   FuzzBn256Pair/f5c3b85dd76112391dc0ca4827704cde0c2d506d
=== RUN   FuzzBn256Pair/f8cf35997a03e6b84170fbe7c004bdd36fc34ff4
=== RUN   FuzzBn256Pair/fa2df0085aa2500c49b7e528ad49ed660aeeae49
=== RUN   FuzzBn256Pair/fd0f99467491c8bf1aa536d3188ea0a981960dcf
=== RUN   FuzzBn256Pair/fe69e79ed392b1a0e1e7d098b7484b4f85035c5b
--- PASS: FuzzBn256Pair (2.63s)
    --- PASS: FuzzBn256Pair/047eac2db06aea55e3e25632062a349d5f2634f4 (0.00s)
    --- PASS: FuzzBn256Pair/052b3b6e595f0d8012226c961fa5b39bbd3abccb (0.02s)
    --- PASS: FuzzBn256Pair/07f658f5123304544a54aa0a8e01f1d8db11d649 (0.00s)
    --- PASS: FuzzBn256Pair/084487598a92f947b709c151bdfa954cf43b6a86 (0.02s)
    --- PASS: FuzzBn256Pair/08da95bf14d641dcb187be0ac39e98ce35331df7 (0.02s)
    --- PASS: FuzzBn256Pair/092b598cd72b7f5e5a828ddaf6b2367b577b2565 (0.01s)
    --- PASS: FuzzBn256Pair/0953fa4bc6153e79572be9d7b95169696337e6e8 (0.02s)
    --- PASS: FuzzBn256Pair/09af306c9415ed033c43812713371d9b48db486c (0.02s)
    --- PASS: FuzzBn256Pair/0a55bc3b5fff660c2fd747ff9ad35b8fd208abca (0.01s)
    --- PASS: FuzzBn256Pair/0bf7a7f2411a64061642b878515e72d4ed78f6e0 (0.02s)
    --- PASS: FuzzBn256Pair/0c1822bfa787e0fe40dbd73a501f57c92f239387 (0.02s)
    --- PASS: FuzzBn256Pair/0e854220da730a54a1361f2c618066a0a192f9a3 (0.01s)
    --- PASS: FuzzBn256Pair/0f3ed3a9e2afa68d75cd96b1c310f96601c2fe1e (0.02s)
    --- PASS: FuzzBn256Pair/11322b05bd3f321230aa948bfad7d983462f2330 (0.00s)
    --- PASS: FuzzBn256Pair/1155a031d5e80ed0b2245e26e2c1f7895bc4ba53 (0.02s)
    --- PASS: FuzzBn256Pair/11fd533d190ed5ae23577be1ee4c65accde3c679 (0.01s)
    --- PASS: FuzzBn256Pair/12cc60340461055d8d0fabbffb663c0f8eeac05b (0.02s)
    --- PASS: FuzzBn256Pair/1532f19fcc921dedee3584c93fa4a8baa5605f85 (0.02s)
    --- PASS: FuzzBn256Pair/1ac0d268d2007892629a7967cb3a870a18868ccd (0.01s)
    --- PASS: FuzzBn256Pair/1ce16afd23ca5c0315c802e6fe6bc89747d9535e (0.02s)
    --- PASS: FuzzBn256Pair/1e81db71408360de4a6d3d55fe8baa992f4c3003 (0.02s)
    --- PASS: FuzzBn256Pair/1f89008705e4921793a44101c9873dbc140447f6 (0.02s)
    --- PASS: FuzzBn256Pair/2030c43fcd4c45a92c36830e776e7ddba22756b9 (0.01s)
    --- PASS: FuzzBn256Pair/2078140f4c90d38ecaef443012f285cfecfd88c2 (0.02s)
    --- PASS: FuzzBn256Pair/21c0418927fbffb957711c0e37e04bb3c00da427 (0.00s)
    --- PASS: FuzzBn256Pair/23d8e78b7c5a031027332d11bc886f38e28f0c96 (0.00s)
    --- PASS: FuzzBn256Pair/24ead9f9ece3db6adb13b7a1c5ef98c24912a22a (0.02s)
    --- PASS: FuzzBn256Pair/2903376d5d9cfbf951d282b0bb0b71009bc3793d (0.02s)
    --- PASS: FuzzBn256Pair/2ae78f2e0207ef666e4393ae0132648357365ff0 (0.02s)
    --- PASS: FuzzBn256Pair/2ed2e7bf1bce372fb65b34ac18e0fef37dccbb55 (0.00s)
    --- PASS: FuzzBn256Pair/2f487cd60641d5a917d1be1310a2894c71c00e96 (0.00s)
    --- PASS: FuzzBn256Pair/303f9de6e0591e2990bf11ee52724f2513c9e8e1 (0.02s)
    --- PASS: FuzzBn256Pair/31450f787d18712dc9d916cb5e6bd73cb1a6013d (0.01s)
    --- PASS: FuzzBn256Pair/337955b9781aca1297aac01be1edff4b97b35fc1 (0.02s)
    --- PASS: FuzzBn256Pair/37f3cc67985dc708f00b832f531d08fc7a4b8478 (0.02s)
    --- PASS: FuzzBn256Pair/39e4afdbb60bedc8f3afa8624599a1d5abc3b074 (0.01s)
    --- PASS: FuzzBn256Pair/39f5266446383f9b69be4c700c933163c2c9943a (0.02s)
    --- PASS: FuzzBn256Pair/3bddae5620860d3f0b071099ed5b7f4901677966 (0.02s)
    --- PASS: FuzzBn256Pair/3c643d14c3fe2d34b3360c1079c222861c953ae4 (0.01s)
    --- PASS: FuzzBn256Pair/3c9066af69a7eb8737db6146ad4ea0a97f05a8d1 (0.02s)
    --- PASS: FuzzBn256Pair/3e3c193bf63f8fe3d3ff07935002b9806419f4d5 (0.02s)
    --- PASS: FuzzBn256Pair/3f067f1ba6c374bb106d2b3c38e52152185ecbc7 (0.00s)
    --- PASS: FuzzBn256Pair/3f44617dfc90e895fdee81c93c6e4d8bab7d00a3 (0.01s)
    --- PASS: FuzzBn256Pair/3ffc35ae6310e1e3b63e5a3f056e1e53a11081a7 (0.02s)
    --- PASS: FuzzBn256Pair/4100ae022899efa2265a22a970a20ff0c85fdecd (0.02s)
    --- PASS: FuzzBn256Pair/441404503eb81a118b5e3b7f1afe4c5cdb5af4d8 (0.02s)
    --- PASS: FuzzBn256Pair/4641f053c4b8e9fee61aa9e3ddb956eb8ed3504c (0.02s)
    --- PASS: FuzzBn256Pair/46a39d3c32abb0a5f0135d1da55446c60656a539 (0.02s)
    --- PASS: FuzzBn256Pair/47212bd4a42fb4218265a9fd7dbd5dfa5aa2934f (0.00s)
    --- PASS: FuzzBn256Pair/48ac08bd572aad390ad821f63284a678425dce0e (0.02s)
    --- PASS: FuzzBn256Pair/48cb04629a2920ba99d0bfec1ee776a590087c61 (0.02s)
    --- PASS: FuzzBn256Pair/4c86b65e2ef104f7cc0740c09a3cf70d17cf6dfb (0.02s)
    --- PASS: FuzzBn256Pair/4d9dc2347d6f301980f7d767ddd492e32bd2160e (0.01s)
    --- PASS: FuzzBn256Pair/4dd4b84159d234786ac0667a43b2e7418a68a625 (0.01s)
    --- PASS: FuzzBn256Pair/4e14c56cc21f3ee0ca496cf7da46f21865f88130 (0.02s)
    --- PASS: FuzzBn256Pair/4ec0d7731fd82f1a8aca2bbe848e1e3875f0c9ad (0.02s)
    --- PASS: FuzzBn256Pair/4f059493dca2d3ff34f47546de2426a93f8f332a (0.01s)
    --- PASS: FuzzBn256Pair/500db87548c44a5779f36fda07376ae9746bbe93 (0.01s)
    --- PASS: FuzzBn256Pair/50b4ed60180916e75c985c205fc5ffdea95f2a75 (0.02s)
    --- PASS: FuzzBn256Pair/5173a9a27e4fba61eb3c12af71cb48dd415239ba (0.01s)
    --- PASS: FuzzBn256Pair/520ba6daee023759d264b15d910e5d79baf5ed43 (0.02s)
    --- PASS: FuzzBn256Pair/5598d5bc39ca22b2c0d6deb66d3c82667dc5d292 (0.02s)
    --- PASS: FuzzBn256Pair/55cd32d1272a92e8ce19e974a795014cc870eee5 (0.01s)
    --- PASS: FuzzBn256Pair/57fb4fb85587bd4f6d2a25ab47adea819a7679c4 (0.00s)
    --- PASS: FuzzBn256Pair/58ae1b218b4a8b44827dbdfdb50b603164a984fc (0.02s)
    --- PASS: FuzzBn256Pair/597f8afbcdd8c272cd4dfc3a518bca93f178bff7 (0.02s)
    --- PASS: FuzzBn256Pair/5bb5367ce4fed827e724d4f608f9dcc1eeffc22b (0.02s)
    --- PASS: FuzzBn256Pair/5c99330f3b7db2a2e7e7d0265be1c2da0178f449 (0.02s)
    --- PASS: FuzzBn256Pair/5cd25d707e625123a7742d7a5ed3fc46ef08d878 (0.02s)
    --- PASS: FuzzBn256Pair/5ed76b13a059e2355e0a1c8337919224d8d9d7f2 (0.01s)
    --- PASS: FuzzBn256Pair/5f0dfa706ff57110080ceb114cbabc6dc3abe58b (0.02s)
    --- PASS: FuzzBn256Pair/5fbdeb05eca3bca4da711d05a4a729e9f4e894b7 (0.02s)
    --- PASS: FuzzBn256Pair/60a1dc6894a8c26d3ca17ac5ee1e32e87b0a9dbc (0.02s)
    --- PASS: FuzzBn256Pair/60d57250f598c347eb567bb5bb256bb16c6c67d9 (0.02s)
    --- PASS: FuzzBn256Pair/6384be4ff3bbf4808f4a82749ad9cd87386f2f05 (0.02s)
    --- PASS: FuzzBn256Pair/63b3b7fb4b42ab203ac706b0f40c17529b0b99f5 (0.02s)
    --- PASS: FuzzBn256Pair/640a2f743104bd380b758ea890ea4bfee5dcd446 (0.01s)
    --- PASS: FuzzBn256Pair/641f93915c79d15f15cee2ec945a0896204300c1 (0.02s)
    --- PASS: FuzzBn256Pair/68cb5d2ffef31f5ffe2554310270a905d8484c3a (0.02s)
    --- PASS: FuzzBn256Pair/6a086fd9158dcc8a2b6190b5f6325d1563e6baec (0.00s)
    --- PASS: FuzzBn256Pair/6ba128e6367a3062fdd111afe55de52bbe44a243 (0.02s)
    --- PASS: FuzzBn256Pair/6bd83763a81aa137587abadefdcdc7b2bb22745d (0.00s)
    --- PASS: FuzzBn256Pair/6bf2916a4c12f884ad7ddbdfca688475b07cddca (0.02s)
    --- PASS: FuzzBn256Pair/6c72e51b679d5ac7b8116ed65fc24f66b4fa3263 (0.02s)
    --- PASS: FuzzBn256Pair/6d54bd2a1733a144980102ce451dd007e4604402 (0.02s)
    --- PASS: FuzzBn256Pair/6f235ce3e40cf50bd0b63d5a295d3e375cc2a9b4 (0.01s)
    --- PASS: FuzzBn256Pair/70e93dcd2c30c426c008bfe9209bd3a717c94901 (0.02s)
    --- PASS: FuzzBn256Pair/716d9e3a9db7bf21971acc84255f2948ab655e36 (0.02s)
    --- PASS: FuzzBn256Pair/71853c6197a6a7f222db0f1978c7cb232b87c5ee (0.00s)
    --- PASS: FuzzBn256Pair/725a684c68234b467438c7c273297982c3dccb13 (0.00s)
    --- PASS: FuzzBn256Pair/774477c68789431a02554599424039bb633c8e8b (0.01s)
    --- PASS: FuzzBn256Pair/797d213a61f87caaf872754b8ce43925a0d4926a (0.01s)
    --- PASS: FuzzBn256Pair/7991eae16d283e623c71617ecdaeaad56bbc7a56 (0.02s)
    --- PASS: FuzzBn256Pair/7c338ed2840d2bf55f9f5e4eed04f66c80840eb3 (0.00s)
    --- PASS: FuzzBn256Pair/7ec7fe9d7768985700674f9205f49ed4face49f2 (0.01s)
    --- PASS: FuzzBn256Pair/7f4522e7dd3e9cd969be1477d1a25a260e9b4aba (0.02s)
    --- PASS: FuzzBn256Pair/801d6d3c1aec6969f5f653278ee79b8d75b523f6 (0.02s)
    --- PASS: FuzzBn256Pair/80ab750a8f8d643fc2d5ea1dec52679444dc0a4e (0.01s)
    --- PASS: FuzzBn256Pair/80daf77324961c59ed3aed5236a37bb9387bd5ad (0.02s)
    --- PASS: FuzzBn256Pair/80fba45518685e8efdf5b40bc622d8710b044666 (0.02s)
    --- PASS: FuzzBn256Pair/816b33eee97d08d0c36f35ab54394e557571715e (0.01s)
    --- PASS: FuzzBn256Pair/81de7ae03e49eefdb501d9e5282a506f808b9faf (0.02s)
    --- PASS: FuzzBn256Pair/8215df76cc36e8b8b0be031d1b07892b997049f5 (0.02s)
    --- PASS: FuzzBn256Pair/82dfbbb1e58fe21e764fee38173710d25877bdb1 (0.00s)
    --- PASS: FuzzBn256Pair/840199370cd30a7aa3f61b45c2f00831df0833d9 (0.01s)
    --- PASS: FuzzBn256Pair/86c58bdca268db8ed32a695897ce0bb2f443fbbf (0.02s)
    --- PASS: FuzzBn256Pair/8804b823ab66e286bb31f768b3dc5e1814d81bda (0.00s)
    --- PASS: FuzzBn256Pair/88a8499b0c9761cf1dfc82353e9ce12fba0b637a (0.02s)
    --- PASS: FuzzBn256Pair/89f4c00be3b68ae75cf23b133acfbe69aea82d4a (0.02s)
    --- PASS: FuzzBn256Pair/8f4be9c41d645d2188692c315a81865d1846cbc3 (0.02s)
    --- PASS: FuzzBn256Pair/903215e36183a1c61a986a9657e78eae9c4ccdb9 (0.00s)
    --- PASS: FuzzBn256Pair/9069ca78e7450a285173431b3e52c5c25299e473 (0.00s)
    --- PASS: FuzzBn256Pair/920a64cf7d06f055ede3b9b3833ea9ce00f3b4dc (0.02s)
    --- PASS: FuzzBn256Pair/921ca98a5a20397638cd8bf1d7cb72dc48b0a889 (0.02s)
    --- PASS: FuzzBn256Pair/92cc096c24e0325e516cc8109e5c55b31df067d5 (0.01s)
    --- PASS: FuzzBn256Pair/949e241b752af30818ce013333471bc368f6f954 (0.02s)
    --- PASS: FuzzBn256Pair/956dc892a621fb4ccfc350b52923250ab91e3a50 (0.02s)
    --- PASS: FuzzBn256Pair/96194108f7c574e239802600a32c97b8b9955b6b (0.01s)
    --- PASS: FuzzBn256Pair/973f52d18231c525cf5c08de51f09db102e6df28 (0.02s)
    --- PASS: FuzzBn256Pair/98a67815f4a041bceac5ad92c5e962932e153e88 (0.02s)
    --- PASS: FuzzBn256Pair/9bfe149c860cf9c0b8e5ba8b73b9999be478dbee (0.02s)
    --- PASS: FuzzBn256Pair/9c40840e58b2fb4e2aaba410906ca3a2b086eb58 (0.02s)
    --- PASS: FuzzBn256Pair/9e30720cf79f8e2c3aaeaa3d15624359f5cd7624 (0.00s)
    --- PASS: FuzzBn256Pair/9e8343b3fb5abfd7d1d9dff0d85250481e1f22e0 (0.01s)
    --- PASS: FuzzBn256Pair/9f47508f74e9813ebb1c023a360171f0fad4aaba (0.02s)
    --- PASS: FuzzBn256Pair/9f828012f28c06e7d9de37d7ce910e1f3b186bb6 (0.02s)
    --- PASS: FuzzBn256Pair/a0d5eda40609ecf6841c9d31ed19da380a491b1a (0.00s)
    --- PASS: FuzzBn256Pair/a10abbb1a2c8c552629128fbc5f8ebc1c9f6af35 (0.02s)
    --- PASS: FuzzBn256Pair/a2c5ba941a1d7faf9e9ff44c29d8f64c20ff3b62 (0.00s)
    --- PASS: FuzzBn256Pair/a3bc45178087bc9b818aee50c3b3dbe11baba6cb (0.02s)
    --- PASS: FuzzBn256Pair/a527dd7d03cda640a69104f90cfef531cd8e143d (0.01s)
    --- PASS: FuzzBn256Pair/a58fad0f8a576406e4a725df6ae92bd5dacc78ee (0.02s)
    --- PASS: FuzzBn256Pair/a7d5b187a113f2addd2bbc1f2c21acc3d0696e80 (0.00s)
    --- PASS: FuzzBn256Pair/a89a3fb753fd1193708c30340cad70ed1b93c19f (0.02s)
    --- PASS: FuzzBn256Pair/a9f7e7a929b78fa380ea209ff6bb23bc5093e63d (0.00s)
    --- PASS: FuzzBn256Pair/aaf5717f55d318ef62141f2e3fc017579b974a7a (0.01s)
    --- PASS: FuzzBn256Pair/ab83e2681c35c1cb82035ea0751be3cc804e8be4 (0.02s)
    --- PASS: FuzzBn256Pair/abce485e20226a3b585b859797de01dc24cdf146 (0.00s)
    --- PASS: FuzzBn256Pair/ac1d5deef496eee8f2b139275cbdff01d78f5c30 (0.02s)
    --- PASS: FuzzBn256Pair/ad3715f25ac8a4476b3ec9a07165b0f9f645e004 (0.00s)
    --- PASS: FuzzBn256Pair/adc83b19e793491b1c6ea0fd8b46cd9f32e592fc (0.00s)
    --- PASS: FuzzBn256Pair/afe55d019f0b0ba7c58090ca27667b8282c557cc (0.01s)
    --- PASS: FuzzBn256Pair/b0e50f486561d87a7ca3a4a82b1c84f203d613f7 (0.00s)
    --- PASS: FuzzBn256Pair/b0ebe4da2ca17e2290beb9f2175a181e95206aed (0.02s)
    --- PASS: FuzzBn256Pair/b12bc2c289d954e8e70c4d27d442eff06494411f (0.02s)
    --- PASS: FuzzBn256Pair/b4b46a25c77bb3e085e46d80be00023939603f41 (0.00s)
    --- PASS: FuzzBn256Pair/b73e65e6a2022f64572b1278af100dc59dd92055 (0.01s)
    --- PASS: FuzzBn256Pair/b7593767967b30b6e508615ba21bf79606dc5615 (0.02s)
    --- PASS: FuzzBn256Pair/b7e55218e024bf61e17b35ff4b79ab360ec1efdd (0.02s)
    --- PASS: FuzzBn256Pair/b7fa01fa38d5ff9d9ee6ef79dd025e992ec3e582 (0.00s)
    --- PASS: FuzzBn256Pair/b90ccb639b15ea3840bdf93029cbba64f1e254e6 (0.02s)
    --- PASS: FuzzBn256Pair/bba2e1c8b99d59d969bc4fa20d6004fadfeb2323 (0.01s)
    --- PASS: FuzzBn256Pair/bd7f0cc163e48184401547ee5c9a0389173bff6d (0.02s)
    --- PASS: FuzzBn256Pair/bda6d92d29f3a9de89e5ee2ea5727ea8554dc24c (0.02s)
    --- PASS: FuzzBn256Pair/bedb38ddf4696ab189dce234ad4ffad6ffb55137 (0.00s)
    --- PASS: FuzzBn256Pair/c00c6f625e7c14609816198ae4c02694bdacc326 (0.01s)
    --- PASS: FuzzBn256Pair/c0e6f88aafb1ff3a35ca22c6b8078df3da5014c6 (0.02s)
    --- PASS: FuzzBn256Pair/c0f1fac5136a4d9316f870c66bbf1109f34b5efa (0.02s)
    --- PASS: FuzzBn256Pair/c23dbebb372178fb2420d4ff2b7da9ea9c032230 (0.02s)
    --- PASS: FuzzBn256Pair/c2af96ce3d49e74064148790e1796c74a3dfe21e (0.02s)
    --- PASS: FuzzBn256Pair/c6ecbbbefdc1ef86dc21d86065a7b4210766fb38 (0.02s)
    --- PASS: FuzzBn256Pair/c95bd83add710dd62bb9c1308b3d8d4badb287f8 (0.02s)
    --- PASS: FuzzBn256Pair/c99f7ad5b7d89ad622b695bc010f87afa58456df (0.02s)
    --- PASS: FuzzBn256Pair/cb362ebd83303b51543b514d63cf8024b4e3e3b4 (0.02s)
    --- PASS: FuzzBn256Pair/cc50d3a2203a08f1f5fd377628ee57fb324a4f2a (0.02s)
    --- PASS: FuzzBn256Pair/ccc56f54042d1bcb260bd926473607b2b3b7b1a8 (0.00s)
    --- PASS: FuzzBn256Pair/cd28836aeaba7573a439283f23dfcf6b98f76990 (0.01s)
    --- PASS: FuzzBn256Pair/cdf9fa61d740333e0097383fe304902207f1ba13 (0.02s)
    --- PASS: FuzzBn256Pair/cfb65d81ef2ce421260b4a560b6c01d686c3fe34 (0.02s)
    --- PASS: FuzzBn256Pair/d0e5cd9e58185a77a2ac28472f4cd30b412a2533 (0.00s)
    --- PASS: FuzzBn256Pair/d1725240097efd54784c8c4f4a471f1d7245bd5e (0.02s)
    --- PASS: FuzzBn256Pair/d32d5e6c58743d83b8cf9fea03ce85f011e43f82 (0.02s)
    --- PASS: FuzzBn256Pair/d40b2a9a0a6cce267e891512f91e91f2f8d5f4af (0.00s)
    --- PASS: FuzzBn256Pair/d564fdc2c440d1635fff25f807e78d4dff767b8d (0.02s)
    --- PASS: FuzzBn256Pair/d56c251dd46de467d5a733f79c2fa118cfc13566 (0.02s)
    --- PASS: FuzzBn256Pair/d6a74957fa968bf1d2265f06c80c6ffd1c079b01 (0.02s)
    --- PASS: FuzzBn256Pair/d6fb5d86f9ee3832b5a701126e048ac4264e4d4f (0.01s)
    --- PASS: FuzzBn256Pair/d72198896d6329f5f84f2bf7f8b3a18bb775c987 (0.01s)
    --- PASS: FuzzBn256Pair/d78981d10ff65fef5328a918e14aca3edcd0dc87 (0.00s)
    --- PASS: FuzzBn256Pair/d795bc591c03c34472dfdd18d659fcb2933be7f8 (0.02s)
    --- PASS: FuzzBn256Pair/d7ed95f66241b49d1a923da5647a984d88e683a7 (0.02s)
    --- PASS: FuzzBn256Pair/d85a0c3e840e6bf0621460397b12adf2f123c62e (0.01s)
    --- PASS: FuzzBn256Pair/d9fca5683ef41fc84a10c5e76075d4f0c5865657 (0.01s)
    --- PASS: FuzzBn256Pair/da86e597af1977de18d6689876cfc587e54e3a3f (0.00s)
    --- PASS: FuzzBn256Pair/dbe4c76ab72a5791182a14a0b5e9f8ef2339ebcb (0.02s)
    --- PASS: FuzzBn256Pair/dc87ef2e5c7070d4f1ef8469e6e8d256ac19f8e4 (0.01s)
    --- PASS: FuzzBn256Pair/de8663f18cd755278000acc609c1f8f214ad1262 (0.02s)
    --- PASS: FuzzBn256Pair/e128034983029e079ef93602eedd324ad6c49d54 (0.02s)
    --- PASS: FuzzBn256Pair/e368b9f2271b8cf367e7c2ea9329ac38389275e2 (0.01s)
    --- PASS: FuzzBn256Pair/e3903ca83350129ceac729f4795a76c128fd1f50 (0.02s)
    --- PASS: FuzzBn256Pair/e3a3de43993fbcbe4e88e9a0c3eb0fc225fdf58a (0.02s)
    --- PASS: FuzzBn256Pair/e3be37420a3cfb4c04b4330da0d6ebe5e5ff61cf (0.02s)
    --- PASS: FuzzBn256Pair/e4ed05b4bb4ef8ea9c4b2c60a597feeff5b7cb6b (0.01s)
    --- PASS: FuzzBn256Pair/ebab3f5c99726b59b305f2520a85f9496cc35d77 (0.00s)
    --- PASS: FuzzBn256Pair/ec56c231fdad66eb5c72c6a4a2ddb1961968f3d6 (0.02s)
    --- PASS: FuzzBn256Pair/ec90c9d882c85bfcaa8af471e08db41054a040d1 (0.02s)
    --- PASS: FuzzBn256Pair/edff7f80416aa5c025d8b0ba44ac28905da62110 (0.01s)
    --- PASS: FuzzBn256Pair/ee988e4cf728fea97f5ec260692985d6d4e7d8c4 (0.02s)
    --- PASS: FuzzBn256Pair/f202b89a27e96a19c24ebc4fb5006ce2cf63846f (0.00s)
    --- PASS: FuzzBn256Pair/f218a6e9e72f24cb6b67dd206c40e646835d2a5a (0.00s)
    --- PASS: FuzzBn256Pair/f31b2b1e68b2ddf8a5ff5949a358eb8e54073cde (0.02s)
    --- PASS: FuzzBn256Pair/f3ed01c1e1b70b46b52f19b461ccf450d04f571e (0.01s)
    --- PASS: FuzzBn256Pair/f4e04d11b04853c14c05fb8b9b0474d1440b7661 (0.02s)
    --- PASS: FuzzBn256Pair/f520068a6d99f3abc8cc53ba82ff678babe59f62 (0.00s)
    --- PASS: FuzzBn256Pair/f599422de718fbe14d6187c7cdfc955b716bcc47 (0.02s)
    --- PASS: FuzzBn256Pair/f5c3b85dd76112391dc0ca4827704cde0c2d506d (0.02s)
    --- PASS: FuzzBn256Pair/f8cf35997a03e6b84170fbe7c004bdd36fc34ff4 (0.02s)
    --- PASS: FuzzBn256Pair/fa2df0085aa2500c49b7e528ad49ed660aeeae49 (0.02s)
    --- PASS: FuzzBn256Pair/fd0f99467491c8bf1aa536d3188ea0a981960dcf (0.01s)
    --- PASS: FuzzBn256Pair/fe69e79ed392b1a0e1e7d098b7484b4f85035c5b (0.02s)
=== RUN   FuzzBn256UnmarshalG1
--- PASS: FuzzBn256UnmarshalG1 (0.00s)
=== RUN   FuzzBn256UnmarshalG2
--- PASS: FuzzBn256UnmarshalG2 (0.00s)
PASS
coverage: 65.5% of statements
ok  	github.com/morph-l2/go-ethereum/tests/fuzzers/bn256	18.806s	coverage: 65.5% of statements
