mode: set
github.com/morph-l2/go-ethereum/tests/fuzzers/bn256/bn256_fuzz.go:30.75,32.16 2 1
github.com/morph-l2/go-ethereum/tests/fuzzers/bn256/bn256_fuzz.go:32.16,35.3 1 1
github.com/morph-l2/go-ethereum/tests/fuzzers/bn256/bn256_fuzz.go:36.2,37.54 2 1
github.com/morph-l2/go-ethereum/tests/fuzzers/bn256/bn256_fuzz.go:37.54,38.72 1 0
github.com/morph-l2/go-ethereum/tests/fuzzers/bn256/bn256_fuzz.go:40.2,41.54 2 1
github.com/morph-l2/go-ethereum/tests/fuzzers/bn256/bn256_fuzz.go:41.54,42.71 1 0
github.com/morph-l2/go-ethereum/tests/fuzzers/bn256/bn256_fuzz.go:44.2,44.19 1 1
github.com/morph-l2/go-ethereum/tests/fuzzers/bn256/bn256_fuzz.go:47.75,49.16 2 1
github.com/morph-l2/go-ethereum/tests/fuzzers/bn256/bn256_fuzz.go:49.16,52.3 1 1
github.com/morph-l2/go-ethereum/tests/fuzzers/bn256/bn256_fuzz.go:53.2,54.54 2 1
github.com/morph-l2/go-ethereum/tests/fuzzers/bn256/bn256_fuzz.go:54.54,55.72 1 0
github.com/morph-l2/go-ethereum/tests/fuzzers/bn256/bn256_fuzz.go:57.2,58.54 2 1
github.com/morph-l2/go-ethereum/tests/fuzzers/bn256/bn256_fuzz.go:58.54,59.71 1 0
github.com/morph-l2/go-ethereum/tests/fuzzers/bn256/bn256_fuzz.go:61.2,61.19 1 1
github.com/morph-l2/go-ethereum/tests/fuzzers/bn256/bn256_fuzz.go:65.31,68.15 3 1
github.com/morph-l2/go-ethereum/tests/fuzzers/bn256/bn256_fuzz.go:68.15,70.3 1 1
github.com/morph-l2/go-ethereum/tests/fuzzers/bn256/bn256_fuzz.go:71.2,72.15 2 1
github.com/morph-l2/go-ethereum/tests/fuzzers/bn256/bn256_fuzz.go:72.15,74.3 1 1
github.com/morph-l2/go-ethereum/tests/fuzzers/bn256/bn256_fuzz.go:77.2,86.46 7 1
github.com/morph-l2/go-ethereum/tests/fuzzers/bn256/bn256_fuzz.go:86.46,87.43 1 0
github.com/morph-l2/go-ethereum/tests/fuzzers/bn256/bn256_fuzz.go:90.2,90.46 1 1
github.com/morph-l2/go-ethereum/tests/fuzzers/bn256/bn256_fuzz.go:90.46,91.42 1 0
github.com/morph-l2/go-ethereum/tests/fuzzers/bn256/bn256_fuzz.go:93.2,93.10 1 1
github.com/morph-l2/go-ethereum/tests/fuzzers/bn256/bn256_fuzz.go:98.31,101.15 3 1
github.com/morph-l2/go-ethereum/tests/fuzzers/bn256/bn256_fuzz.go:101.15,103.3 1 1
github.com/morph-l2/go-ethereum/tests/fuzzers/bn256/bn256_fuzz.go:105.2,106.20 2 1
github.com/morph-l2/go-ethereum/tests/fuzzers/bn256/bn256_fuzz.go:106.20,108.3 1 1
github.com/morph-l2/go-ethereum/tests/fuzzers/bn256/bn256_fuzz.go:109.2,109.21 1 1
github.com/morph-l2/go-ethereum/tests/fuzzers/bn256/bn256_fuzz.go:109.21,114.3 1 1
github.com/morph-l2/go-ethereum/tests/fuzzers/bn256/bn256_fuzz.go:115.2,127.46 9 1
github.com/morph-l2/go-ethereum/tests/fuzzers/bn256/bn256_fuzz.go:127.46,128.50 1 0
github.com/morph-l2/go-ethereum/tests/fuzzers/bn256/bn256_fuzz.go:130.2,130.46 1 1
github.com/morph-l2/go-ethereum/tests/fuzzers/bn256/bn256_fuzz.go:130.46,131.49 1 0
github.com/morph-l2/go-ethereum/tests/fuzzers/bn256/bn256_fuzz.go:133.2,133.10 1 1
github.com/morph-l2/go-ethereum/tests/fuzzers/bn256/bn256_fuzz.go:136.32,139.15 3 1
github.com/morph-l2/go-ethereum/tests/fuzzers/bn256/bn256_fuzz.go:139.15,141.3 1 1
github.com/morph-l2/go-ethereum/tests/fuzzers/bn256/bn256_fuzz.go:142.2,143.15 2 1
github.com/morph-l2/go-ethereum/tests/fuzzers/bn256/bn256_fuzz.go:143.15,145.3 1 1
github.com/morph-l2/go-ethereum/tests/fuzzers/bn256/bn256_fuzz.go:148.2,152.33 4 1
github.com/morph-l2/go-ethereum/tests/fuzzers/bn256/bn256_fuzz.go:152.33,153.47 1 0
github.com/morph-l2/go-ethereum/tests/fuzzers/bn256/bn256_fuzz.go:156.2,157.43 2 1
github.com/morph-l2/go-ethereum/tests/fuzzers/bn256/bn256_fuzz.go:157.43,158.46 1 0
github.com/morph-l2/go-ethereum/tests/fuzzers/bn256/bn256_fuzz.go:161.2,161.10 1 1
github.com/morph-l2/go-ethereum/tests/fuzzers/bn256/bn256_fuzz.go:164.40,174.47 7 0
github.com/morph-l2/go-ethereum/tests/fuzzers/bn256/bn256_fuzz.go:174.47,176.3 1 0
github.com/morph-l2/go-ethereum/tests/fuzzers/bn256/bn256_fuzz.go:177.2,177.47 1 0
github.com/morph-l2/go-ethereum/tests/fuzzers/bn256/bn256_fuzz.go:177.47,179.47 1 0
github.com/morph-l2/go-ethereum/tests/fuzzers/bn256/bn256_fuzz.go:179.47,180.51 1 0
github.com/morph-l2/go-ethereum/tests/fuzzers/bn256/bn256_fuzz.go:182.3,182.47 1 0
github.com/morph-l2/go-ethereum/tests/fuzzers/bn256/bn256_fuzz.go:182.47,183.50 1 0
github.com/morph-l2/go-ethereum/tests/fuzzers/bn256/bn256_fuzz.go:185.3,185.11 1 0
github.com/morph-l2/go-ethereum/tests/fuzzers/bn256/bn256_fuzz.go:186.8,187.79 1 0
github.com/morph-l2/go-ethereum/tests/fuzzers/bn256/bn256_fuzz.go:191.40,201.47 7 0
github.com/morph-l2/go-ethereum/tests/fuzzers/bn256/bn256_fuzz.go:201.47,203.3 1 0
github.com/morph-l2/go-ethereum/tests/fuzzers/bn256/bn256_fuzz.go:204.2,204.47 1 0
github.com/morph-l2/go-ethereum/tests/fuzzers/bn256/bn256_fuzz.go:204.47,206.47 1 0
github.com/morph-l2/go-ethereum/tests/fuzzers/bn256/bn256_fuzz.go:206.47,207.51 1 0
github.com/morph-l2/go-ethereum/tests/fuzzers/bn256/bn256_fuzz.go:209.3,209.47 1 0
github.com/morph-l2/go-ethereum/tests/fuzzers/bn256/bn256_fuzz.go:209.47,210.50 1 0
github.com/morph-l2/go-ethereum/tests/fuzzers/bn256/bn256_fuzz.go:212.3,212.11 1 0
github.com/morph-l2/go-ethereum/tests/fuzzers/bn256/bn256_fuzz.go:213.8,214.79 1 0
github.com/morph-l2/go-ethereum/tests/fuzzers/bn256/bn256_fuzz.go:222.64,235.61 10 1
github.com/morph-l2/go-ethereum/tests/fuzzers/bn256/bn256_fuzz.go:235.61,236.13 1 0
github.com/morph-l2/go-ethereum/tests/fuzzers/bn256/bn256_fuzz.go:238.2,240.13 2 1
