go: downloading github.com/deckarep/golang-set v1.8.0
go: downloading github.com/edsrzf/mmap-go v1.0.0
go: downloading github.com/hashicorp/golang-lru v0.5.5-0.20210104140557-80c98217689d
go: downloading github.com/gorilla/websocket v1.4.2
go: downloading github.com/VictoriaMetrics/fastcache v1.12.1
go: downloading github.com/syndtr/goleveldb v1.0.1-0.20210819022825-2ae1ddf74ef7
go: downloading github.com/holiman/bloomfilter/v2 v2.0.3
go: downloading github.com/golang/snappy v0.0.5-0.20220116011046-fa5810519dcb
go: downloading github.com/olekukonko/tablewriter v0.0.5
go: downloading github.com/prometheus/tsdb v0.7.1
go: downloading github.com/cespare/xxhash/v2 v2.2.0
go: downloading github.com/mattn/go-runewidth v0.0.13
go: downloading github.com/rivo/uniseg v0.2.0
go: downloading github.com/pkg/errors v0.9.1
=== RUN   FuzzDifficulty
=== RUN   FuzzDifficulty/016a5b692d18c8121e5f09bc3a0dcf7f323a03a0
=== RUN   FuzzDifficulty/022b4fb0e6d843b9395c33d3cbaaf3050eba9ecc
=== RUN   FuzzDifficulty/02fec97595766e1902a8ab557bc905e761be1bd5
=== RUN   FuzzDifficulty/0351b77d957777257f258ac0f576b4f1fd2ba21f
=== RUN   FuzzDifficulty/03e20140d3e25167793ce9eba1815a3972db1821
=== RUN   FuzzDifficulty/040acd6842ee4af2e239b0ad2751edc055820f9c
=== RUN   FuzzDifficulty/04891e33aca45ec08c3e991cce4d272b8f1ddecf
=== RUN   FuzzDifficulty/053fe2576ae6d4ee4a8322f1430846109c5cda36
=== RUN   FuzzDifficulty/065d1cdfda0f305988e053443732d7f166a516b8
=== RUN   FuzzDifficulty/076ca735330f49229c21a606d90de7245333f4a1
=== RUN   FuzzDifficulty/078f36e0e64769919e28ec4310bd9bb96ed2d4d4
=== RUN   FuzzDifficulty/078fb6138b234f7792d272b4f59f1bd275d01861
=== RUN   FuzzDifficulty/08a72cf12e77d4f40d6f6b9065b69a82012e9de5
=== RUN   FuzzDifficulty/105a120dd171b4236a02fee7011644452023115b
=== RUN   FuzzDifficulty/1538991c5e1cbdb3992ccbf7881b27bbb33ca99a
=== RUN   FuzzDifficulty/15693d2cff4f6d097e384e7a2c3bcf6362f984c6
=== RUN   FuzzDifficulty/163f1abd3709c0dabeec229edb8b0e587dff3c5f
=== RUN   FuzzDifficulty/16b3aceb71884496d42c418b5e4eb638ba1ea299
=== RUN   FuzzDifficulty/17425165edc30f2db07413aa0182691721939800
=== RUN   FuzzDifficulty/194283cd0f1ab1763dc32737bf3422524bd0c3b1
=== RUN   FuzzDifficulty/1a47e3fe40fa70767051710ffbb4c3d6f0cf507a
=== RUN   FuzzDifficulty/1b3082c8e0222106a0c30f3bfdcb92c1138fb72c
=== RUN   FuzzDifficulty/1bb9590886cab360b3cc4d6be9d84985fc4f61f6
=== RUN   FuzzDifficulty/1e37233bc18a17b3d4ea59c1573e470d9940d66e
=== RUN   FuzzDifficulty/1f4729e92469743478f5b5f8146a29e4d1940dcb
=== RUN   FuzzDifficulty/1f7527c4fab14d9d8b006b40a40a7e6c59003471
=== RUN   FuzzDifficulty/2154b3b045d92ca8112d100d28f779918ff3e9c4
=== RUN   FuzzDifficulty/2244c0fda360f554b1c372711fe03321e36683db
=== RUN   FuzzDifficulty/22ba192ed55cdbff1776c839b03144ce7f0c2515
=== RUN   FuzzDifficulty/25be64d23f6d811a204fae695ec89b07822218de
=== RUN   FuzzDifficulty/299b257de0457c2c06befaed40f7a79551d720f6
=== RUN   FuzzDifficulty/2db2b06e3718919082f23bc32d3999871ba48358
=== RUN   FuzzDifficulty/2e39bcbc674d13719764c769b4328220ba709fdb
=== RUN   FuzzDifficulty/2eed273d016dc5ae4fb3b062bb87024d653a8e55
=== RUN   FuzzDifficulty/2f204028469647c55b7800425bd1c726cba5db57
=== RUN   FuzzDifficulty/2f72d282da9bafb3b2d636690e4a2d073b9d43c1
=== RUN   FuzzDifficulty/30b8a0413de85f2b4258cadba76834e48eb38fc2
=== RUN   FuzzDifficulty/310a8a1853d0480c491a2c089640ed1ac3f62613
=== RUN   FuzzDifficulty/31b8120908c5235f8b21684247344527d45bea3c
=== RUN   FuzzDifficulty/31c01d44590af245c64f501c3aeab1600edc2362
=== RUN   FuzzDifficulty/31e5a591e87d8897d412691cb4897b8370951f11
=== RUN   FuzzDifficulty/32d2aed2d87d9e979f9ac81b3e7b7bb1779956dc
=== RUN   FuzzDifficulty/330a0b4845ae8f95397c9858144862830deb8d76
=== RUN   FuzzDifficulty/343476bb02e104230644606a0899587d57ddfcfa
=== RUN   FuzzDifficulty/34505dd6641747544aabb57b5de2fb41c487ae44
=== RUN   FuzzDifficulty/349e58a56466f823abbe753f712587c7b38c60af
=== RUN   FuzzDifficulty/349ebbf323641a42296f283a367fd7346ec5a1bd
=== RUN   FuzzDifficulty/34a31518d415d1e4079498a51c2b6889b70b98df
=== RUN   FuzzDifficulty/34b38cb18de5fc6c8a131370d35f52e965ccbadb
=== RUN   FuzzDifficulty/3551e5b52851145641d35ef408edb1125523a0d9
=== RUN   FuzzDifficulty/359b71b83f87c2b86bb4bd1590f373f89821ed0e
=== RUN   FuzzDifficulty/386f017424a86a7bc9a47d37d55ed040be28b055
=== RUN   FuzzDifficulty/41fa521688e1eaf63aff5c873be9ecef8e4d4642
=== RUN   FuzzDifficulty/448c000d3375de12ea1bba523978ce88e1964699
=== RUN   FuzzDifficulty/44a332a670f516728092023b54c2b39c2c336fb9
=== RUN   FuzzDifficulty/45e43db7c3f45e2f9f3ce0c5a9b22a1c4e6c8ca4
=== RUN   FuzzDifficulty/47b0e532495374e003b5f0803bbe00e9f17b9512
=== RUN   FuzzDifficulty/48b0345fea3b1b0a6f8c775eb0923ce7068c6de1
=== RUN   FuzzDifficulty/49575ea611681e3e1ab1bb8fdadfb05713c98b48
=== RUN   FuzzDifficulty/4c165eb98852264b75b4997587a9142bf115dba2
=== RUN   FuzzDifficulty/4ddafda618de179e302f0502846c22db01f55c88
=== RUN   FuzzDifficulty/4fdc28df43c88d71738a23566461816eef396771
=== RUN   FuzzDifficulty/5092e00f1239442fec2cb027c5b8809b396abe30
=== RUN   FuzzDifficulty/50c348b30ac82e8ecc5485ba660d85a5267da317
=== RUN   FuzzDifficulty/553528a7f4ce5910131e240746b196beb32c37e5
=== RUN   FuzzDifficulty/572ee9786edfb4f6c6924a78f33a1d3329c369f4
=== RUN   FuzzDifficulty/57471e84a8f65803ff0d849e2284a472072257f9
=== RUN   FuzzDifficulty/57ed6704ae9dd71f5cc93480223af58581fc5d3d
=== RUN   FuzzDifficulty/59905eca9ce76787cfe4c29929b0c8ff4b8cd3bc
=== RUN   FuzzDifficulty/59cd0d51b85e21ae628ebd9e6420e44897562495
=== RUN   FuzzDifficulty/5a0eb705210c132795a48eff4af56b9da1d791ee
=== RUN   FuzzDifficulty/5a3744fbb7935de46c106c91a2d3c8789c9da266
=== RUN   FuzzDifficulty/5a6d3e73dce12cb21f2fe0fddbdd3fc743d1e273
=== RUN   FuzzDifficulty/5afb8d9c935ffb99876f07a6464b41d2ad9118d3
=== RUN   FuzzDifficulty/5bd1e9d0e64349e8d9f5017f1dd6c964dc78e0f3
=== RUN   FuzzDifficulty/5caaa2c6dfb1ee0b10b6a3fabe856382ca52833b
=== RUN   FuzzDifficulty/5cc8701ab9307d547b29dda74313119436efed53
=== RUN   FuzzDifficulty/5d0fa59770421f802e59a0c4faebfcb0a337857a
=== RUN   FuzzDifficulty/5dff40b1816f530b8db50af35209902324727dc3
=== RUN   FuzzDifficulty/60f2dd19e2b30540366212dd580167adc0620eea
=== RUN   FuzzDifficulty/62ab5cca28b85972062830b41e88f1571685d0ab
=== RUN   FuzzDifficulty/63423991415fcd6523eab5434e5ace6d61bf6e04
=== RUN   FuzzDifficulty/6342b7852fcae00ee374ffca7ae8b2b584abe11a
=== RUN   FuzzDifficulty/64f2f3f5fc9ce7f0be6bed3fd1c4b3bee5b5bb29
=== RUN   FuzzDifficulty/66169fd52cf041b6c9b359bd6c1dff69b906b16e
=== RUN   FuzzDifficulty/66191eb17497f40bde3cfb689711121c4f505491
=== RUN   FuzzDifficulty/66d3f22413d4bf4804206201320a65a83df46a3a
=== RUN   FuzzDifficulty/67820b7734aba3ef02a39a03d1b096b3932212cf
=== RUN   FuzzDifficulty/678856aca96537c02b5317c37005f9dbce9da1b8
=== RUN   FuzzDifficulty/6907dae1a52444613f9e48191d61122af0bc636c
=== RUN   FuzzDifficulty/690d1b4077450828a810040f303730771a67b913
=== RUN   FuzzDifficulty/6a330ca3e443071608bf8b9bbf177f78c70a551f
=== RUN   FuzzDifficulty/6b9b7fbfa475c15bd18f72d9c393d4c329747c8f
=== RUN   FuzzDifficulty/6c5cc6e0ac725f46e97d5b7b747b73ca43252c7e
=== RUN   FuzzDifficulty/6c735adef18be55b0b021b36290e2a013359e0fa
=== RUN   FuzzDifficulty/6c967267001b0f74a1689192623cb6be4faef9f9
=== RUN   FuzzDifficulty/6d09a14b02e15297a9a65ff7e0b172a1d8ccc965
=== RUN   FuzzDifficulty/6f8cbc0e0b0c18f0f0c6d4fc36d9064a26ec05c8
=== RUN   FuzzDifficulty/701db452e77f29abea03ec90f9c00351f7d79bf9
=== RUN   FuzzDifficulty/71bb37fc64a17f3f29ef8017187f89d34c0792a2
=== RUN   FuzzDifficulty/72560f2de59be3cf48114d78f7521fe4f5ef5577
=== RUN   FuzzDifficulty/728f386e064a162db27592f4228d303f60803bcd
=== RUN   FuzzDifficulty/737408239ee577abfb7b1bdbcd132ebb13ef2280
=== RUN   FuzzDifficulty/73b74736664ad85828ce1be2e29fb4a68d24402b
=== RUN   FuzzDifficulty/754b370242b9d8ebab3b31829fa42ce9c0fa90e6
=== RUN   FuzzDifficulty/75c0f41eb5ed37c317ac63a1674f70ddde1cbbb4
=== RUN   FuzzDifficulty/75e243f01e9b2cb2cb93256be96ba4ff63c15654
=== RUN   FuzzDifficulty/761dafd3b9f1a70ae06425cd252a86f61c0b2afe
=== RUN   FuzzDifficulty/76d3f2272e284b0039882a21f7aa97a8c8ff5ced
=== RUN   FuzzDifficulty/774e6a979489881d43d415aff7bf7f7946e9e84a
=== RUN   FuzzDifficulty/77f8d8804257b1c23f0966f6adcf5d449b645a69
=== RUN   FuzzDifficulty/7c0ab4c771ae75c52548dc84c30fb454081030cd
=== RUN   FuzzDifficulty/7de640f878dd54705edc8c4cdbd2f0d859055194
=== RUN   FuzzDifficulty/7eba42a06e83a55369b66903bf8bc55ce8e55c23
=== RUN   FuzzDifficulty/7f5f9110967d940cdaa63f0659fbfe09ee484fab
=== RUN   FuzzDifficulty/7facec6e44afcab49440f7f48549e1c90da9246f
=== RUN   FuzzDifficulty/7fb19ebfbdfbc5f920fc0a5c20c8e58e03338418
=== RUN   FuzzDifficulty/808e4d16bcf42f0968d88a37e6b24988ff5d9e1b
=== RUN   FuzzDifficulty/821c03865615aa216c20c2927014ae38370a8e94
=== RUN   FuzzDifficulty/82f6795972f3ad00d6a05746a5f7580cf27462cc
=== RUN   FuzzDifficulty/8384a33e32c113441964316f5f900628faef5b34
=== RUN   FuzzDifficulty/83dc5e0c20fa35d3ee75c6a280bd7d7b242fcd98
=== RUN   FuzzDifficulty/84f4ad82795298f8c0cf9ed5b9cfc17b60f21a3b
=== RUN   FuzzDifficulty/85149e8c7925bbd6f19fb1ec311aa2fa8b9a2fc5
=== RUN   FuzzDifficulty/86a0896b3ad4dc0ac9bc66ed2ca27d42e911f479
=== RUN   FuzzDifficulty/870b1f6183b55bc22228f6b1d61c37ddaf277c8b
=== RUN   FuzzDifficulty/88712a7ce9a1351ea4feaa740ccd0a91601438c7
=== RUN   FuzzDifficulty/89e18b98c7ae08ed7e9bc796ec83ddb1bc36be51
=== RUN   FuzzDifficulty/8c5152adb45fa44ae00bbfca51984e334e76797a
=== RUN   FuzzDifficulty/8cbe57553fe9877e5ff497577a3ff18037baddd3
=== RUN   FuzzDifficulty/8d5a0aa5a82d94aa2cf05e27f935c8a2b4448c85
=== RUN   FuzzDifficulty/8d8927446f970fb30689986ddf9c314120da8833
=== RUN   FuzzDifficulty/8e488044dcf22c0a3d74b8e88e0f0d495725da41
=== RUN   FuzzDifficulty/9069ca78e7450a285173431b3e52c5c25299e473
=== RUN   FuzzDifficulty/90fae0d6ff74f8284d578d22e2faf43f20a99465
=== RUN   FuzzDifficulty/91291fad5e24d415b4f61bf4d3c5b4a6474e99f2
=== RUN   FuzzDifficulty/95c3b5b0d4da65daff6dc99f2456dae53d2e4971
=== RUN   FuzzDifficulty/9642851d8839b526aa62727748a450b2fb2ab259
=== RUN   FuzzDifficulty/97bdeee0adb208c0395c7be10addb617a8e00c37
=== RUN   FuzzDifficulty/98ffd769d5966a61b78dc34d745a528d884bb6c9
=== RUN   FuzzDifficulty/99f5a6016d3d5bf8cc8609f1acc2608c8786756a
=== RUN   FuzzDifficulty/9a72191c5794528be0b5b5f7506e0cacadb596c7
=== RUN   FuzzDifficulty/9b2d4134425a2c3cc1c990455f8168914da46d88
=== RUN   FuzzDifficulty/9bd4c1b3ea052556f1311c821099a97ebff814eb
=== RUN   FuzzDifficulty/9c288cc88817910f3dfbc93b64beb55b06757ddd
=== RUN   FuzzDifficulty/9dbe233ec99b7d4539da13c963943e7f5aec57e4
=== RUN   FuzzDifficulty/9ddfe57d8ec37afef695fa2a8d83d7016d06446f
=== RUN   FuzzDifficulty/9e2a000f0af0cd7c06bbe24d60033a475ae047e3
=== RUN   FuzzDifficulty/9eeb7d901a4c611b67b3d65aa13348d7bac6f183
=== RUN   FuzzDifficulty/a06890725699c53aa41f794ad4864dea7b9cabbd
=== RUN   FuzzDifficulty/a0dc89cf9a7551c496fd8719c7acd49c1e633adc
=== RUN   FuzzDifficulty/a4d78aadf0632dc524209b2d4bac505de91fe9ef
=== RUN   FuzzDifficulty/a5021bb4bf7fd1e4f98bdb8ee07ab68182d50c6a
=== RUN   FuzzDifficulty/a624e9ef6fe1e6908ac94659d542b9f2e4e52b9d
=== RUN   FuzzDifficulty/a7476daea339f8578f94bf1fbaed62930b1864e2
=== RUN   FuzzDifficulty/a8293563cf6537c036b48b803798131b7db7a531
=== RUN   FuzzDifficulty/a97694f7406ac00bde463761ce385779c9bfe1c4
=== RUN   FuzzDifficulty/ad77fad67f426cb083c13ee172df476455145df6
=== RUN   FuzzDifficulty/ae3d502005f52fffac33a4a2e82744087e5e60b1
=== RUN   FuzzDifficulty/aef2d5a8efd92a939681ba6e46019ef7a04cd57b
=== RUN   FuzzDifficulty/b1141b7ac96e0f9b6762def716b5c643c2b63f93
=== RUN   FuzzDifficulty/b1a11e16fda5cd28d9a2a95cbedf5f12b4c19f8a
=== RUN   FuzzDifficulty/b21d89a9129faca3ab13bf2ea973bab2d9052832
=== RUN   FuzzDifficulty/b3709d562c116760a3c5b61a0fd200537ef03964
=== RUN   FuzzDifficulty/b4196b9392163837f89f9667a38e946fb3b172d5
=== RUN   FuzzDifficulty/b48c5c1a78c3564a98af15714700570b16f94d81
=== RUN   FuzzDifficulty/b621f30298dcd5373751e6b91bb0fe06fcbba90c
=== RUN   FuzzDifficulty/b6934a1d6a9c889b365829073362c596a9b8e40d
=== RUN   FuzzDifficulty/b6b8b1a2d639da923f6e99e38177aae1f104e35c
=== RUN   FuzzDifficulty/b715f633e7004031ddea5ed4f9791025df1ce8c2
=== RUN   FuzzDifficulty/b7dce8a566abb48227e645c6bd6c24ed2a154ec2
=== RUN   FuzzDifficulty/ba2fada431324c686f63323dffaed8cc0fefa19a
=== RUN   FuzzDifficulty/bb5779c49a8449c5a35a2c29d7c8f47b26fa8230
=== RUN   FuzzDifficulty/bb86d65d6d824ecbef6b9e861640a2514a0ea2ee
=== RUN   FuzzDifficulty/bbc064fc9c2977f31f932ffb1a08cd84a2a5c4c9
=== RUN   FuzzDifficulty/bf93c6bb4552f6d3385811919230aa6b034fea1b
=== RUN   FuzzDifficulty/c23779eb0121afb8ce79749cdebab9c90ddda1ab
=== RUN   FuzzDifficulty/c2a8b77c7ee6d83ff856182d92fdc5fdfbfc1c27
=== RUN   FuzzDifficulty/c43db61b9f28d56ea2dbf8f44888ec8a5116b0c9
=== RUN   FuzzDifficulty/c49d5d207162eb1f7fe0d3731fbaa6352b14b96e
=== RUN   FuzzDifficulty/c50c33ad38fb4c0b9482c55c26b5d034afef1512
=== RUN   FuzzDifficulty/c60fdbe34b583f5560df726b78327ce0a3fbcb54
=== RUN   FuzzDifficulty/c93a5d2945bcf4852b1eb8152019349f12bb8784
=== RUN   FuzzDifficulty/cbfaed57092d293daf4dbb68ca71a66a7e3384d1
=== RUN   FuzzDifficulty/cc4caf847b47d6a9e24cc78745f82acf40c0e312
=== RUN   FuzzDifficulty/cc629d77c23b6457e540aec06c0294a135150b53
=== RUN   FuzzDifficulty/cd1a8bf0bf1741927cae973aecd7323116b885d2
=== RUN   FuzzDifficulty/cdb592c8c270b29913eefa405783226899e80ca0
=== RUN   FuzzDifficulty/cdcc803efd581b01b6ad47547364653037ccd326
=== RUN   FuzzDifficulty/ce1aee23113e4cd57195ca022e6d4b892a7ea9a1
=== RUN   FuzzDifficulty/ce7f0ceee26796b9e77c5069b50147e504aaea44
=== RUN   FuzzDifficulty/cee1b9329eb880752950b4d8ed2d04316ce33c17
=== RUN   FuzzDifficulty/cff611409efe8e54f1e478657b74ab3a8b46cf78
=== RUN   FuzzDifficulty/d06af8ef7df3092e62159382f1379f0cc2cb106f
=== RUN   FuzzDifficulty/d0707e3d3d82b0569b185106e90dd2983a963b97
=== RUN   FuzzDifficulty/d08f88df745fa7950b104e4a707a31cfce7b5841
=== RUN   FuzzDifficulty/d0ecae4d0190a90805ac7938922f0dad24fa63ad
=== RUN   FuzzDifficulty/d116b69d76a2badd3a918886bfaeb05876e64de3
=== RUN   FuzzDifficulty/d1f39aa4d9ce96ed28ae2e348de82f5b6c0692a7
=== RUN   FuzzDifficulty/d34cf80152be38bd1c5a9041b2e7afb0c64ce9cd
=== RUN   FuzzDifficulty/d4103bf17b9a893c7f3ac63b2a52ea9ca3531fe3
=== RUN   FuzzDifficulty/d669c44add361d5a2d1dd5eccd289efc4d202c5e
=== RUN   FuzzDifficulty/d73b361e08f80eae92aa8361f0d672da5b27cbf6
=== RUN   FuzzDifficulty/d7490ebe5ce02390473e934a755d32f1007d6d0c
=== RUN   FuzzDifficulty/d85e8abf78d0859597638149c0d972c01b0dd5a1
=== RUN   FuzzDifficulty/da66180699cf86a08be25d9bf73d22d048382d17
=== RUN   FuzzDifficulty/da8aad42db949e09d6d9b3ae29a84dd74ec0c673
=== RUN   FuzzDifficulty/daf98874ad478c1715de5944c64891cb12f44c73
=== RUN   FuzzDifficulty/dc03767aeb0176f500b6f0ce325de5407e39c02f
=== RUN   FuzzDifficulty/e0d850794b4d7d8488ae07b41298e73db62a2623
=== RUN   FuzzDifficulty/e2013b3b8fe77b6b146ee5d25ffbe112abfcafaa
=== RUN   FuzzDifficulty/e298736bc9440ee18419f8f9656445c1d1188bda
=== RUN   FuzzDifficulty/e34e3566d1a3843246e075eef949d29fe75c86e1
=== RUN   FuzzDifficulty/e362a7fbda194ba12b78f062d951fb623a8f6012
=== RUN   FuzzDifficulty/e40e90122913e88554b2e4fd394cca5b3c50c82d
=== RUN   FuzzDifficulty/e43efe8902632be4aed97ebcd6f62405601397d4
=== RUN   FuzzDifficulty/e6d752c0c0b2f2ff3284916d79f0360fd5a3bb3d
=== RUN   FuzzDifficulty/e71f2b84053ba81cf5ad512648067d8a35d8d609
=== RUN   FuzzDifficulty/e84fca333f6a82baf70ad498f96d2ea20f643de1
=== RUN   FuzzDifficulty/eb77ab1088f024d71d71960b07d79bc65dc45a83
=== RUN   FuzzDifficulty/ebecfb03b860bed8f5618def0aa57e74a618f661
=== RUN   FuzzDifficulty/ee5ecfe4dee27fe998787baa1ce7d9c6ba920077
=== RUN   FuzzDifficulty/f1f63f467ed2d2175c880dceb657644f8854e8c0
=== RUN   FuzzDifficulty/f2d15962cf7188b29a1932ffce5fd51465f77ac5
=== RUN   FuzzDifficulty/f4489f441616a8ebab7f737a20ed4d22cf3d77bd
=== RUN   FuzzDifficulty/f4de32f7adb1940058e47c65bf0f1e34844b10cf
=== RUN   FuzzDifficulty/f6f7944d2da3749b24a9b3b3462883f8a47ad7ee
=== RUN   FuzzDifficulty/f78c5bfb434b99850ca61bc9fffff3c82a231ece
=== RUN   FuzzDifficulty/f83cd6bf17bf4ad81a38beaa269d983a196e15a2
=== RUN   FuzzDifficulty/f87996da255acc5c8a4b3a75d0be2e2dceba347d
=== RUN   FuzzDifficulty/f87e41838944675aa4fbd76ce3989cfe29ae0001
=== RUN   FuzzDifficulty/f915a87d9af241dac9262ea3dd0b24e4cc70b893
=== RUN   FuzzDifficulty/f9b9d4e41b1af4aa66cf1c79b44d8474ce323036
=== RUN   FuzzDifficulty/f9bc48a63c13e386ab48af6a8c5428a10304fdd0
=== RUN   FuzzDifficulty/fcb79161cb33c1d653b3b3638a0a6827166a526b
=== RUN   FuzzDifficulty/fed9c52b8e4a2249241c369937822fa36a48110d
=== RUN   FuzzDifficulty/ff4766774abe2103bd8188a85da6a00561ef845a
=== RUN   FuzzDifficulty/ff55b51847daaba8eaead16c35cec29127d1bef8
=== RUN   FuzzDifficulty/ffeaec54f9c492f93aa5e23e973f930e4e3bf5e7
--- PASS: FuzzDifficulty (0.01s)
    --- PASS: FuzzDifficulty/016a5b692d18c8121e5f09bc3a0dcf7f323a03a0 (0.00s)
    --- PASS: FuzzDifficulty/022b4fb0e6d843b9395c33d3cbaaf3050eba9ecc (0.00s)
    --- PASS: FuzzDifficulty/02fec97595766e1902a8ab557bc905e761be1bd5 (0.00s)
    --- PASS: FuzzDifficulty/0351b77d957777257f258ac0f576b4f1fd2ba21f (0.00s)
    --- PASS: FuzzDifficulty/03e20140d3e25167793ce9eba1815a3972db1821 (0.00s)
    --- PASS: FuzzDifficulty/040acd6842ee4af2e239b0ad2751edc055820f9c (0.00s)
    --- PASS: FuzzDifficulty/04891e33aca45ec08c3e991cce4d272b8f1ddecf (0.00s)
    --- PASS: FuzzDifficulty/053fe2576ae6d4ee4a8322f1430846109c5cda36 (0.00s)
    --- PASS: FuzzDifficulty/065d1cdfda0f305988e053443732d7f166a516b8 (0.00s)
    --- PASS: FuzzDifficulty/076ca735330f49229c21a606d90de7245333f4a1 (0.00s)
    --- PASS: FuzzDifficulty/078f36e0e64769919e28ec4310bd9bb96ed2d4d4 (0.00s)
    --- PASS: FuzzDifficulty/078fb6138b234f7792d272b4f59f1bd275d01861 (0.00s)
    --- PASS: FuzzDifficulty/08a72cf12e77d4f40d6f6b9065b69a82012e9de5 (0.00s)
    --- PASS: FuzzDifficulty/105a120dd171b4236a02fee7011644452023115b (0.00s)
    --- PASS: FuzzDifficulty/1538991c5e1cbdb3992ccbf7881b27bbb33ca99a (0.00s)
    --- PASS: FuzzDifficulty/15693d2cff4f6d097e384e7a2c3bcf6362f984c6 (0.00s)
    --- PASS: FuzzDifficulty/163f1abd3709c0dabeec229edb8b0e587dff3c5f (0.00s)
    --- PASS: FuzzDifficulty/16b3aceb71884496d42c418b5e4eb638ba1ea299 (0.00s)
    --- PASS: FuzzDifficulty/17425165edc30f2db07413aa0182691721939800 (0.00s)
    --- PASS: FuzzDifficulty/194283cd0f1ab1763dc32737bf3422524bd0c3b1 (0.00s)
    --- PASS: FuzzDifficulty/1a47e3fe40fa70767051710ffbb4c3d6f0cf507a (0.00s)
    --- PASS: FuzzDifficulty/1b3082c8e0222106a0c30f3bfdcb92c1138fb72c (0.00s)
    --- PASS: FuzzDifficulty/1bb9590886cab360b3cc4d6be9d84985fc4f61f6 (0.00s)
    --- PASS: FuzzDifficulty/1e37233bc18a17b3d4ea59c1573e470d9940d66e (0.00s)
    --- PASS: FuzzDifficulty/1f4729e92469743478f5b5f8146a29e4d1940dcb (0.00s)
    --- PASS: FuzzDifficulty/1f7527c4fab14d9d8b006b40a40a7e6c59003471 (0.00s)
    --- PASS: FuzzDifficulty/2154b3b045d92ca8112d100d28f779918ff3e9c4 (0.00s)
    --- PASS: FuzzDifficulty/2244c0fda360f554b1c372711fe03321e36683db (0.00s)
    --- PASS: FuzzDifficulty/22ba192ed55cdbff1776c839b03144ce7f0c2515 (0.00s)
    --- PASS: FuzzDifficulty/25be64d23f6d811a204fae695ec89b07822218de (0.00s)
    --- PASS: FuzzDifficulty/299b257de0457c2c06befaed40f7a79551d720f6 (0.00s)
    --- PASS: FuzzDifficulty/2db2b06e3718919082f23bc32d3999871ba48358 (0.00s)
    --- PASS: FuzzDifficulty/2e39bcbc674d13719764c769b4328220ba709fdb (0.00s)
    --- PASS: FuzzDifficulty/2eed273d016dc5ae4fb3b062bb87024d653a8e55 (0.00s)
    --- PASS: FuzzDifficulty/2f204028469647c55b7800425bd1c726cba5db57 (0.00s)
    --- PASS: FuzzDifficulty/2f72d282da9bafb3b2d636690e4a2d073b9d43c1 (0.00s)
    --- PASS: FuzzDifficulty/30b8a0413de85f2b4258cadba76834e48eb38fc2 (0.00s)
    --- PASS: FuzzDifficulty/310a8a1853d0480c491a2c089640ed1ac3f62613 (0.00s)
    --- PASS: FuzzDifficulty/31b8120908c5235f8b21684247344527d45bea3c (0.00s)
    --- PASS: FuzzDifficulty/31c01d44590af245c64f501c3aeab1600edc2362 (0.00s)
    --- PASS: FuzzDifficulty/31e5a591e87d8897d412691cb4897b8370951f11 (0.00s)
    --- PASS: FuzzDifficulty/32d2aed2d87d9e979f9ac81b3e7b7bb1779956dc (0.00s)
    --- PASS: FuzzDifficulty/330a0b4845ae8f95397c9858144862830deb8d76 (0.00s)
    --- PASS: FuzzDifficulty/343476bb02e104230644606a0899587d57ddfcfa (0.00s)
    --- PASS: FuzzDifficulty/34505dd6641747544aabb57b5de2fb41c487ae44 (0.00s)
    --- PASS: FuzzDifficulty/349e58a56466f823abbe753f712587c7b38c60af (0.00s)
    --- PASS: FuzzDifficulty/349ebbf323641a42296f283a367fd7346ec5a1bd (0.00s)
    --- PASS: FuzzDifficulty/34a31518d415d1e4079498a51c2b6889b70b98df (0.00s)
    --- PASS: FuzzDifficulty/34b38cb18de5fc6c8a131370d35f52e965ccbadb (0.00s)
    --- PASS: FuzzDifficulty/3551e5b52851145641d35ef408edb1125523a0d9 (0.00s)
    --- PASS: FuzzDifficulty/359b71b83f87c2b86bb4bd1590f373f89821ed0e (0.00s)
    --- PASS: FuzzDifficulty/386f017424a86a7bc9a47d37d55ed040be28b055 (0.00s)
    --- PASS: FuzzDifficulty/41fa521688e1eaf63aff5c873be9ecef8e4d4642 (0.00s)
    --- PASS: FuzzDifficulty/448c000d3375de12ea1bba523978ce88e1964699 (0.00s)
    --- PASS: FuzzDifficulty/44a332a670f516728092023b54c2b39c2c336fb9 (0.00s)
    --- PASS: FuzzDifficulty/45e43db7c3f45e2f9f3ce0c5a9b22a1c4e6c8ca4 (0.00s)
    --- PASS: FuzzDifficulty/47b0e532495374e003b5f0803bbe00e9f17b9512 (0.00s)
    --- PASS: FuzzDifficulty/48b0345fea3b1b0a6f8c775eb0923ce7068c6de1 (0.00s)
    --- PASS: FuzzDifficulty/49575ea611681e3e1ab1bb8fdadfb05713c98b48 (0.00s)
    --- PASS: FuzzDifficulty/4c165eb98852264b75b4997587a9142bf115dba2 (0.00s)
    --- PASS: FuzzDifficulty/4ddafda618de179e302f0502846c22db01f55c88 (0.00s)
    --- PASS: FuzzDifficulty/4fdc28df43c88d71738a23566461816eef396771 (0.00s)
    --- PASS: FuzzDifficulty/5092e00f1239442fec2cb027c5b8809b396abe30 (0.00s)
    --- PASS: FuzzDifficulty/50c348b30ac82e8ecc5485ba660d85a5267da317 (0.00s)
    --- PASS: FuzzDifficulty/553528a7f4ce5910131e240746b196beb32c37e5 (0.00s)
    --- PASS: FuzzDifficulty/572ee9786edfb4f6c6924a78f33a1d3329c369f4 (0.00s)
    --- PASS: FuzzDifficulty/57471e84a8f65803ff0d849e2284a472072257f9 (0.00s)
    --- PASS: FuzzDifficulty/57ed6704ae9dd71f5cc93480223af58581fc5d3d (0.00s)
    --- PASS: FuzzDifficulty/59905eca9ce76787cfe4c29929b0c8ff4b8cd3bc (0.00s)
    --- PASS: FuzzDifficulty/59cd0d51b85e21ae628ebd9e6420e44897562495 (0.00s)
    --- PASS: FuzzDifficulty/5a0eb705210c132795a48eff4af56b9da1d791ee (0.00s)
    --- PASS: FuzzDifficulty/5a3744fbb7935de46c106c91a2d3c8789c9da266 (0.00s)
    --- PASS: FuzzDifficulty/5a6d3e73dce12cb21f2fe0fddbdd3fc743d1e273 (0.00s)
    --- PASS: FuzzDifficulty/5afb8d9c935ffb99876f07a6464b41d2ad9118d3 (0.00s)
    --- PASS: FuzzDifficulty/5bd1e9d0e64349e8d9f5017f1dd6c964dc78e0f3 (0.00s)
    --- PASS: FuzzDifficulty/5caaa2c6dfb1ee0b10b6a3fabe856382ca52833b (0.00s)
    --- PASS: FuzzDifficulty/5cc8701ab9307d547b29dda74313119436efed53 (0.00s)
    --- PASS: FuzzDifficulty/5d0fa59770421f802e59a0c4faebfcb0a337857a (0.00s)
    --- PASS: FuzzDifficulty/5dff40b1816f530b8db50af35209902324727dc3 (0.00s)
    --- PASS: FuzzDifficulty/60f2dd19e2b30540366212dd580167adc0620eea (0.00s)
    --- PASS: FuzzDifficulty/62ab5cca28b85972062830b41e88f1571685d0ab (0.00s)
    --- PASS: FuzzDifficulty/63423991415fcd6523eab5434e5ace6d61bf6e04 (0.00s)
    --- PASS: FuzzDifficulty/6342b7852fcae00ee374ffca7ae8b2b584abe11a (0.00s)
    --- PASS: FuzzDifficulty/64f2f3f5fc9ce7f0be6bed3fd1c4b3bee5b5bb29 (0.00s)
    --- PASS: FuzzDifficulty/66169fd52cf041b6c9b359bd6c1dff69b906b16e (0.00s)
    --- PASS: FuzzDifficulty/66191eb17497f40bde3cfb689711121c4f505491 (0.00s)
    --- PASS: FuzzDifficulty/66d3f22413d4bf4804206201320a65a83df46a3a (0.00s)
    --- PASS: FuzzDifficulty/67820b7734aba3ef02a39a03d1b096b3932212cf (0.00s)
    --- PASS: FuzzDifficulty/678856aca96537c02b5317c37005f9dbce9da1b8 (0.00s)
    --- PASS: FuzzDifficulty/6907dae1a52444613f9e48191d61122af0bc636c (0.00s)
    --- PASS: FuzzDifficulty/690d1b4077450828a810040f303730771a67b913 (0.00s)
    --- PASS: FuzzDifficulty/6a330ca3e443071608bf8b9bbf177f78c70a551f (0.00s)
    --- PASS: FuzzDifficulty/6b9b7fbfa475c15bd18f72d9c393d4c329747c8f (0.00s)
    --- PASS: FuzzDifficulty/6c5cc6e0ac725f46e97d5b7b747b73ca43252c7e (0.00s)
    --- PASS: FuzzDifficulty/6c735adef18be55b0b021b36290e2a013359e0fa (0.00s)
    --- PASS: FuzzDifficulty/6c967267001b0f74a1689192623cb6be4faef9f9 (0.00s)
    --- PASS: FuzzDifficulty/6d09a14b02e15297a9a65ff7e0b172a1d8ccc965 (0.00s)
    --- PASS: FuzzDifficulty/6f8cbc0e0b0c18f0f0c6d4fc36d9064a26ec05c8 (0.00s)
    --- PASS: FuzzDifficulty/701db452e77f29abea03ec90f9c00351f7d79bf9 (0.00s)
    --- PASS: FuzzDifficulty/71bb37fc64a17f3f29ef8017187f89d34c0792a2 (0.00s)
    --- PASS: FuzzDifficulty/72560f2de59be3cf48114d78f7521fe4f5ef5577 (0.00s)
    --- PASS: FuzzDifficulty/728f386e064a162db27592f4228d303f60803bcd (0.00s)
    --- PASS: FuzzDifficulty/737408239ee577abfb7b1bdbcd132ebb13ef2280 (0.00s)
    --- PASS: FuzzDifficulty/73b74736664ad85828ce1be2e29fb4a68d24402b (0.00s)
    --- PASS: FuzzDifficulty/754b370242b9d8ebab3b31829fa42ce9c0fa90e6 (0.00s)
    --- PASS: FuzzDifficulty/75c0f41eb5ed37c317ac63a1674f70ddde1cbbb4 (0.00s)
    --- PASS: FuzzDifficulty/75e243f01e9b2cb2cb93256be96ba4ff63c15654 (0.00s)
    --- PASS: FuzzDifficulty/761dafd3b9f1a70ae06425cd252a86f61c0b2afe (0.00s)
    --- PASS: FuzzDifficulty/76d3f2272e284b0039882a21f7aa97a8c8ff5ced (0.00s)
    --- PASS: FuzzDifficulty/774e6a979489881d43d415aff7bf7f7946e9e84a (0.00s)
    --- PASS: FuzzDifficulty/77f8d8804257b1c23f0966f6adcf5d449b645a69 (0.00s)
    --- PASS: FuzzDifficulty/7c0ab4c771ae75c52548dc84c30fb454081030cd (0.00s)
    --- PASS: FuzzDifficulty/7de640f878dd54705edc8c4cdbd2f0d859055194 (0.00s)
    --- PASS: FuzzDifficulty/7eba42a06e83a55369b66903bf8bc55ce8e55c23 (0.00s)
    --- PASS: FuzzDifficulty/7f5f9110967d940cdaa63f0659fbfe09ee484fab (0.00s)
    --- PASS: FuzzDifficulty/7facec6e44afcab49440f7f48549e1c90da9246f (0.00s)
    --- PASS: FuzzDifficulty/7fb19ebfbdfbc5f920fc0a5c20c8e58e03338418 (0.00s)
    --- PASS: FuzzDifficulty/808e4d16bcf42f0968d88a37e6b24988ff5d9e1b (0.00s)
    --- PASS: FuzzDifficulty/821c03865615aa216c20c2927014ae38370a8e94 (0.00s)
    --- PASS: FuzzDifficulty/82f6795972f3ad00d6a05746a5f7580cf27462cc (0.00s)
    --- PASS: FuzzDifficulty/8384a33e32c113441964316f5f900628faef5b34 (0.00s)
    --- PASS: FuzzDifficulty/83dc5e0c20fa35d3ee75c6a280bd7d7b242fcd98 (0.00s)
    --- PASS: FuzzDifficulty/84f4ad82795298f8c0cf9ed5b9cfc17b60f21a3b (0.00s)
    --- PASS: FuzzDifficulty/85149e8c7925bbd6f19fb1ec311aa2fa8b9a2fc5 (0.00s)
    --- PASS: FuzzDifficulty/86a0896b3ad4dc0ac9bc66ed2ca27d42e911f479 (0.00s)
    --- PASS: FuzzDifficulty/870b1f6183b55bc22228f6b1d61c37ddaf277c8b (0.00s)
    --- PASS: FuzzDifficulty/88712a7ce9a1351ea4feaa740ccd0a91601438c7 (0.00s)
    --- PASS: FuzzDifficulty/89e18b98c7ae08ed7e9bc796ec83ddb1bc36be51 (0.00s)
    --- PASS: FuzzDifficulty/8c5152adb45fa44ae00bbfca51984e334e76797a (0.00s)
    --- PASS: FuzzDifficulty/8cbe57553fe9877e5ff497577a3ff18037baddd3 (0.00s)
    --- PASS: FuzzDifficulty/8d5a0aa5a82d94aa2cf05e27f935c8a2b4448c85 (0.00s)
    --- PASS: FuzzDifficulty/8d8927446f970fb30689986ddf9c314120da8833 (0.00s)
    --- PASS: FuzzDifficulty/8e488044dcf22c0a3d74b8e88e0f0d495725da41 (0.00s)
    --- PASS: FuzzDifficulty/9069ca78e7450a285173431b3e52c5c25299e473 (0.00s)
    --- PASS: FuzzDifficulty/90fae0d6ff74f8284d578d22e2faf43f20a99465 (0.00s)
    --- PASS: FuzzDifficulty/91291fad5e24d415b4f61bf4d3c5b4a6474e99f2 (0.00s)
    --- PASS: FuzzDifficulty/95c3b5b0d4da65daff6dc99f2456dae53d2e4971 (0.00s)
    --- PASS: FuzzDifficulty/9642851d8839b526aa62727748a450b2fb2ab259 (0.00s)
    --- PASS: FuzzDifficulty/97bdeee0adb208c0395c7be10addb617a8e00c37 (0.00s)
    --- PASS: FuzzDifficulty/98ffd769d5966a61b78dc34d745a528d884bb6c9 (0.00s)
    --- PASS: FuzzDifficulty/99f5a6016d3d5bf8cc8609f1acc2608c8786756a (0.00s)
    --- PASS: FuzzDifficulty/9a72191c5794528be0b5b5f7506e0cacadb596c7 (0.00s)
    --- PASS: FuzzDifficulty/9b2d4134425a2c3cc1c990455f8168914da46d88 (0.00s)
    --- PASS: FuzzDifficulty/9bd4c1b3ea052556f1311c821099a97ebff814eb (0.00s)
    --- PASS: FuzzDifficulty/9c288cc88817910f3dfbc93b64beb55b06757ddd (0.00s)
    --- PASS: FuzzDifficulty/9dbe233ec99b7d4539da13c963943e7f5aec57e4 (0.00s)
    --- PASS: FuzzDifficulty/9ddfe57d8ec37afef695fa2a8d83d7016d06446f (0.00s)
    --- PASS: FuzzDifficulty/9e2a000f0af0cd7c06bbe24d60033a475ae047e3 (0.00s)
    --- PASS: FuzzDifficulty/9eeb7d901a4c611b67b3d65aa13348d7bac6f183 (0.00s)
    --- PASS: FuzzDifficulty/a06890725699c53aa41f794ad4864dea7b9cabbd (0.00s)
    --- PASS: FuzzDifficulty/a0dc89cf9a7551c496fd8719c7acd49c1e633adc (0.00s)
    --- PASS: FuzzDifficulty/a4d78aadf0632dc524209b2d4bac505de91fe9ef (0.00s)
    --- PASS: FuzzDifficulty/a5021bb4bf7fd1e4f98bdb8ee07ab68182d50c6a (0.00s)
    --- PASS: FuzzDifficulty/a624e9ef6fe1e6908ac94659d542b9f2e4e52b9d (0.00s)
    --- PASS: FuzzDifficulty/a7476daea339f8578f94bf1fbaed62930b1864e2 (0.00s)
    --- PASS: FuzzDifficulty/a8293563cf6537c036b48b803798131b7db7a531 (0.00s)
    --- PASS: FuzzDifficulty/a97694f7406ac00bde463761ce385779c9bfe1c4 (0.00s)
    --- PASS: FuzzDifficulty/ad77fad67f426cb083c13ee172df476455145df6 (0.00s)
    --- PASS: FuzzDifficulty/ae3d502005f52fffac33a4a2e82744087e5e60b1 (0.00s)
    --- PASS: FuzzDifficulty/aef2d5a8efd92a939681ba6e46019ef7a04cd57b (0.00s)
    --- PASS: FuzzDifficulty/b1141b7ac96e0f9b6762def716b5c643c2b63f93 (0.00s)
    --- PASS: FuzzDifficulty/b1a11e16fda5cd28d9a2a95cbedf5f12b4c19f8a (0.00s)
    --- PASS: FuzzDifficulty/b21d89a9129faca3ab13bf2ea973bab2d9052832 (0.00s)
    --- PASS: FuzzDifficulty/b3709d562c116760a3c5b61a0fd200537ef03964 (0.00s)
    --- PASS: FuzzDifficulty/b4196b9392163837f89f9667a38e946fb3b172d5 (0.00s)
    --- PASS: FuzzDifficulty/b48c5c1a78c3564a98af15714700570b16f94d81 (0.00s)
    --- PASS: FuzzDifficulty/b621f30298dcd5373751e6b91bb0fe06fcbba90c (0.00s)
    --- PASS: FuzzDifficulty/b6934a1d6a9c889b365829073362c596a9b8e40d (0.00s)
    --- PASS: FuzzDifficulty/b6b8b1a2d639da923f6e99e38177aae1f104e35c (0.00s)
    --- PASS: FuzzDifficulty/b715f633e7004031ddea5ed4f9791025df1ce8c2 (0.00s)
    --- PASS: FuzzDifficulty/b7dce8a566abb48227e645c6bd6c24ed2a154ec2 (0.00s)
    --- PASS: FuzzDifficulty/ba2fada431324c686f63323dffaed8cc0fefa19a (0.00s)
    --- PASS: FuzzDifficulty/bb5779c49a8449c5a35a2c29d7c8f47b26fa8230 (0.00s)
    --- PASS: FuzzDifficulty/bb86d65d6d824ecbef6b9e861640a2514a0ea2ee (0.00s)
    --- PASS: FuzzDifficulty/bbc064fc9c2977f31f932ffb1a08cd84a2a5c4c9 (0.00s)
    --- PASS: FuzzDifficulty/bf93c6bb4552f6d3385811919230aa6b034fea1b (0.00s)
    --- PASS: FuzzDifficulty/c23779eb0121afb8ce79749cdebab9c90ddda1ab (0.00s)
    --- PASS: FuzzDifficulty/c2a8b77c7ee6d83ff856182d92fdc5fdfbfc1c27 (0.00s)
    --- PASS: FuzzDifficulty/c43db61b9f28d56ea2dbf8f44888ec8a5116b0c9 (0.00s)
    --- PASS: FuzzDifficulty/c49d5d207162eb1f7fe0d3731fbaa6352b14b96e (0.00s)
    --- PASS: FuzzDifficulty/c50c33ad38fb4c0b9482c55c26b5d034afef1512 (0.00s)
    --- PASS: FuzzDifficulty/c60fdbe34b583f5560df726b78327ce0a3fbcb54 (0.00s)
    --- PASS: FuzzDifficulty/c93a5d2945bcf4852b1eb8152019349f12bb8784 (0.00s)
    --- PASS: FuzzDifficulty/cbfaed57092d293daf4dbb68ca71a66a7e3384d1 (0.00s)
    --- PASS: FuzzDifficulty/cc4caf847b47d6a9e24cc78745f82acf40c0e312 (0.00s)
    --- PASS: FuzzDifficulty/cc629d77c23b6457e540aec06c0294a135150b53 (0.00s)
    --- PASS: FuzzDifficulty/cd1a8bf0bf1741927cae973aecd7323116b885d2 (0.00s)
    --- PASS: FuzzDifficulty/cdb592c8c270b29913eefa405783226899e80ca0 (0.00s)
    --- PASS: FuzzDifficulty/cdcc803efd581b01b6ad47547364653037ccd326 (0.00s)
    --- PASS: FuzzDifficulty/ce1aee23113e4cd57195ca022e6d4b892a7ea9a1 (0.00s)
    --- PASS: FuzzDifficulty/ce7f0ceee26796b9e77c5069b50147e504aaea44 (0.00s)
    --- PASS: FuzzDifficulty/cee1b9329eb880752950b4d8ed2d04316ce33c17 (0.00s)
    --- PASS: FuzzDifficulty/cff611409efe8e54f1e478657b74ab3a8b46cf78 (0.00s)
    --- PASS: FuzzDifficulty/d06af8ef7df3092e62159382f1379f0cc2cb106f (0.00s)
    --- PASS: FuzzDifficulty/d0707e3d3d82b0569b185106e90dd2983a963b97 (0.00s)
    --- PASS: FuzzDifficulty/d08f88df745fa7950b104e4a707a31cfce7b5841 (0.00s)
    --- PASS: FuzzDifficulty/d0ecae4d0190a90805ac7938922f0dad24fa63ad (0.00s)
    --- PASS: FuzzDifficulty/d116b69d76a2badd3a918886bfaeb05876e64de3 (0.00s)
    --- PASS: FuzzDifficulty/d1f39aa4d9ce96ed28ae2e348de82f5b6c0692a7 (0.00s)
    --- PASS: FuzzDifficulty/d34cf80152be38bd1c5a9041b2e7afb0c64ce9cd (0.00s)
    --- PASS: FuzzDifficulty/d4103bf17b9a893c7f3ac63b2a52ea9ca3531fe3 (0.00s)
    --- PASS: FuzzDifficulty/d669c44add361d5a2d1dd5eccd289efc4d202c5e (0.00s)
    --- PASS: FuzzDifficulty/d73b361e08f80eae92aa8361f0d672da5b27cbf6 (0.00s)
    --- PASS: FuzzDifficulty/d7490ebe5ce02390473e934a755d32f1007d6d0c (0.00s)
    --- PASS: FuzzDifficulty/d85e8abf78d0859597638149c0d972c01b0dd5a1 (0.00s)
    --- PASS: FuzzDifficulty/da66180699cf86a08be25d9bf73d22d048382d17 (0.00s)
    --- PASS: FuzzDifficulty/da8aad42db949e09d6d9b3ae29a84dd74ec0c673 (0.00s)
    --- PASS: FuzzDifficulty/daf98874ad478c1715de5944c64891cb12f44c73 (0.00s)
    --- PASS: FuzzDifficulty/dc03767aeb0176f500b6f0ce325de5407e39c02f (0.00s)
    --- PASS: FuzzDifficulty/e0d850794b4d7d8488ae07b41298e73db62a2623 (0.00s)
    --- PASS: FuzzDifficulty/e2013b3b8fe77b6b146ee5d25ffbe112abfcafaa (0.00s)
    --- PASS: FuzzDifficulty/e298736bc9440ee18419f8f9656445c1d1188bda (0.00s)
    --- PASS: FuzzDifficulty/e34e3566d1a3843246e075eef949d29fe75c86e1 (0.00s)
    --- PASS: FuzzDifficulty/e362a7fbda194ba12b78f062d951fb623a8f6012 (0.00s)
    --- PASS: FuzzDifficulty/e40e90122913e88554b2e4fd394cca5b3c50c82d (0.00s)
    --- PASS: FuzzDifficulty/e43efe8902632be4aed97ebcd6f62405601397d4 (0.00s)
    --- PASS: FuzzDifficulty/e6d752c0c0b2f2ff3284916d79f0360fd5a3bb3d (0.00s)
    --- PASS: FuzzDifficulty/e71f2b84053ba81cf5ad512648067d8a35d8d609 (0.00s)
    --- PASS: FuzzDifficulty/e84fca333f6a82baf70ad498f96d2ea20f643de1 (0.00s)
    --- PASS: FuzzDifficulty/eb77ab1088f024d71d71960b07d79bc65dc45a83 (0.00s)
    --- PASS: FuzzDifficulty/ebecfb03b860bed8f5618def0aa57e74a618f661 (0.00s)
    --- PASS: FuzzDifficulty/ee5ecfe4dee27fe998787baa1ce7d9c6ba920077 (0.00s)
    --- PASS: FuzzDifficulty/f1f63f467ed2d2175c880dceb657644f8854e8c0 (0.00s)
    --- PASS: FuzzDifficulty/f2d15962cf7188b29a1932ffce5fd51465f77ac5 (0.00s)
    --- PASS: FuzzDifficulty/f4489f441616a8ebab7f737a20ed4d22cf3d77bd (0.00s)
    --- PASS: FuzzDifficulty/f4de32f7adb1940058e47c65bf0f1e34844b10cf (0.00s)
    --- PASS: FuzzDifficulty/f6f7944d2da3749b24a9b3b3462883f8a47ad7ee (0.00s)
    --- PASS: FuzzDifficulty/f78c5bfb434b99850ca61bc9fffff3c82a231ece (0.00s)
    --- PASS: FuzzDifficulty/f83cd6bf17bf4ad81a38beaa269d983a196e15a2 (0.00s)
    --- PASS: FuzzDifficulty/f87996da255acc5c8a4b3a75d0be2e2dceba347d (0.00s)
    --- PASS: FuzzDifficulty/f87e41838944675aa4fbd76ce3989cfe29ae0001 (0.00s)
    --- PASS: FuzzDifficulty/f915a87d9af241dac9262ea3dd0b24e4cc70b893 (0.00s)
    --- PASS: FuzzDifficulty/f9b9d4e41b1af4aa66cf1c79b44d8474ce323036 (0.00s)
    --- PASS: FuzzDifficulty/f9bc48a63c13e386ab48af6a8c5428a10304fdd0 (0.00s)
    --- PASS: FuzzDifficulty/fcb79161cb33c1d653b3b3638a0a6827166a526b (0.00s)
    --- PASS: FuzzDifficulty/fed9c52b8e4a2249241c369937822fa36a48110d (0.00s)
    --- PASS: FuzzDifficulty/ff4766774abe2103bd8188a85da6a00561ef845a (0.00s)
    --- PASS: FuzzDifficulty/ff55b51847daaba8eaead16c35cec29127d1bef8 (0.00s)
    --- PASS: FuzzDifficulty/ffeaec54f9c492f93aa5e23e973f930e4e3bf5e7 (0.00s)
PASS
coverage: 95.7% of statements
ok  	github.com/morph-l2/go-ethereum/tests/fuzzers/difficulty	0.052s	coverage: 95.7% of statements
	github.com/morph-l2/go-ethereum/tests/fuzzers/difficulty/debug		coverage: 0.0% of statements
