go: downloading github.com/google/uuid v1.3.0
go: downloading github.com/rjeczalik/notify v0.9.1
=== RUN   FuzzKeystore
=== RUN   FuzzKeystore/0144b939bf35aae0cd6930d909276fa8996f2032
=== RUN   FuzzKeystore/021b0d626e3755d80141f9a30fe8ef662e8c4469
=== RUN   FuzzKeystore/03603130b639261462d311566e0e00834f48c0fe
=== RUN   FuzzKeystore/04a4c5da2be62172f1e7f33857c871d841980154
=== RUN   FuzzKeystore/0502f284638ee05fc365e92f0e810fbd65296387
=== RUN   FuzzKeystore/05bc5ea277f864a3425e8b208626141027315fc1
=== RUN   FuzzKeystore/0617cd444069c43cc3f5999585b742c7be6a3042
=== RUN   FuzzKeystore/0a0ae679e71585f82097cf2ccce019fc8df94765
=== RUN   FuzzKeystore/0ace5d2a814c325d2daf8e946e7d99a387bf7b24
=== RUN   FuzzKeystore/0b8c40ad17099df1553b0fdb17b237c1d15afaa0
=== RUN   FuzzKeystore/0c6500a25c6f16666e2f7129c2c0603eb655edcb
=== RUN   FuzzKeystore/0c7135b3f3267c9874f5af320eecc4ee43babb13
=== RUN   FuzzKeystore/0d52b1ed7d24555bb6a53c8ece719a133ac4222c
=== RUN   FuzzKeystore/0e0642e6150ae99dd924511948e7f0abd78fd3a7
=== RUN   FuzzKeystore/0e48997a514e2704ee3c8178bfc27675492f217a
=== RUN   FuzzKeystore/0f1280aba08e9da30e5b195b90a8ba28828ef099
=== RUN   FuzzKeystore/1053aedfa0b41c1ccfc79d0a551ae37c9895018c
=== RUN   FuzzKeystore/1218fefc0ddbe154e67e7b8945e6b022031cd3ad
=== RUN   FuzzKeystore/121f5b4bb7c15c5a94539a9eb5024c71d1474f76
=== RUN   FuzzKeystore/12bcc8a6b62d5b11e9d2724c318f6d3516b16041
=== RUN   FuzzKeystore/1460fd3cf34b3243c2cf47a4f5c89bda9dcafd80
=== RUN   FuzzKeystore/155e0c88614d47fcc1aa72abda78139b95ba1bf2
=== RUN   FuzzKeystore/172450212bdc08f26d60192aab39bf1a2554a1e8
=== RUN   FuzzKeystore/174ec5e513d5144d582f0def3949e287d2651856
=== RUN   FuzzKeystore/1ad3490cbdfebf0c816bbd8b57f7a0bc9b815f5e
=== RUN   FuzzKeystore/1b00c18a4b001445579661608dd7a8ad032d5fcc
=== RUN   FuzzKeystore/1b6ca5bb9ac8cb56bf85c76d5ceded19778d906f
=== RUN   FuzzKeystore/1b9b2d2a5a1825168ef07218c31be2c7cba25899
=== RUN   FuzzKeystore/1ddc5e848cee083b86af568dca9710407f23c8ba
=== RUN   FuzzKeystore/1e2c5233f0df095564c137a2f583c6135e1cf458
=== RUN   FuzzKeystore/1f612042828baaa46113b63a6d4f279c2e958b66
=== RUN   FuzzKeystore/1f6d22a2e9f5584fd803235fb3ccac0fd1f162a8
=== RUN   FuzzKeystore/201b6c9fcab89d42f0a1d124f736b6f7bb943ac7
=== RUN   FuzzKeystore/2052dc46443d2ff4b09562b9d42892def321cc49
=== RUN   FuzzKeystore/2075cfd7f58cb29ca1d063a21bd868b0412c2a9a
=== RUN   FuzzKeystore/20d9e4665d5a7d55347c9552d57a815cd629583e
=== RUN   FuzzKeystore/216dcf8b42631403ec724da9a89b2b657a527a8e
=== RUN   FuzzKeystore/223b71f25bacad5a8a382f8f685a30be869cba1a
=== RUN   FuzzKeystore/2244379ddba65cc4a8f35a3d647105da04f68124
=== RUN   FuzzKeystore/25fee5f6240890f319d56716523d732b74e46701
=== RUN   FuzzKeystore/273f6518a400d183d7582f12d82b482808ded400
=== RUN   FuzzKeystore/2838fd5e5d0f2ff53a72bcc1690852b8339998de
=== RUN   FuzzKeystore/290612a46be468d7745945aa65ca86cf17bfb78e
=== RUN   FuzzKeystore/29390cf48ea381755e485bb9dad64572c4472992
=== RUN   FuzzKeystore/294480a6168a52df9bcded3d3531b0757c05f7bf
=== RUN   FuzzKeystore/2aa63d2f3690b4be283522d68577e065b5eb28c3
=== RUN   FuzzKeystore/2ae5130f3021506e0d9bde8d819b6720f56ecb9d
=== RUN   FuzzKeystore/2bd623fa3989bb2b6d6f16d750d7233eeacf8c01
=== RUN   FuzzKeystore/2ce99f0ddadc5167b1e030286412b30476e9a6e7
=== RUN   FuzzKeystore/2f5d6233f635aaeda1d5395a48448ae264a240af
=== RUN   FuzzKeystore/306e342d197488fd4b5f77c12f52424b0777c086
=== RUN   FuzzKeystore/30af0858d7ab624553652773997cbaf4d3b17876
=== RUN   FuzzKeystore/30c2d5063ff65329879f6817149e03dfd488c4c8
=== RUN   FuzzKeystore/30e3f8a6e240cb227c4e71a78dc89735493e5522
=== RUN   FuzzKeystore/31e4527ca935731c2b08dcccc63747251c41c344
=== RUN   FuzzKeystore/3206c059cd9bb1aad823c684407130282205213f
=== RUN   FuzzKeystore/32c1cb108e03946bdce843cda8fc065da338b60a
=== RUN   FuzzKeystore/32fe0144d50cd466a152a5f89fa23193e49ddde9
=== RUN   FuzzKeystore/3317a34d6f58e417b4ad587c328a313957ec2ec7
=== RUN   FuzzKeystore/337f0c7a536ce0d81bb0c96fc810c4c2accbf1de
=== RUN   FuzzKeystore/33d72ef6aa2d6ad87fa2e3e777b20fb0800a2b3f
=== RUN   FuzzKeystore/346d44c64bce5cf1794b8c7560af187966f233fa
=== RUN   FuzzKeystore/3473fd55f96542993443ec6134c71ba681c16176
=== RUN   FuzzKeystore/359209296d83814cdbbee5e18e485327bd4b5de7
=== RUN   FuzzKeystore/36ae7bfa15eea9804b7048a88c65b29ab283a9c1
=== RUN   FuzzKeystore/3800c9bb9415a0ec9dc2280b5e30f15b12fa925d
=== RUN   FuzzKeystore/3959a14bc8c606a0a66a038c6280944310c2c2bb
=== RUN   FuzzKeystore/39fa4981b1ef83847d49d2302584a7acf24db93d
=== RUN   FuzzKeystore/3a25335ab6e05fb7e1e4bb8769dec48e020f7a7d
=== RUN   FuzzKeystore/3b1abbebeaecc75281f515875b372803c4daf669
=== RUN   FuzzKeystore/3b8d439bd0bd21e8cc867afe3ddb07aa1f523085
=== RUN   FuzzKeystore/3c8f87a16e18c076bed0f02fe5f39182be3d86d5
=== RUN   FuzzKeystore/3d13e822f2d61077eb05bab5c8f93e0947f77667
=== RUN   FuzzKeystore/3d3c8aa5899410923c20ce4c3239327ca328e6a9
=== RUN   FuzzKeystore/3d603ab73628171b5b92abe7b604395815cf7409
=== RUN   FuzzKeystore/3d9e2c94dd8dc449835c81d66d728b31f529bcbb
=== RUN   FuzzKeystore/3eda69a34f2586fdf76ab150fd78eb3d9eb55e7e
=== RUN   FuzzKeystore/3f5f17c895809cb9e88eca1cbc96378f777c9bf2
=== RUN   FuzzKeystore/3fb97b13a32345f598f181285c7e4b766d61ae82
=== RUN   FuzzKeystore/3fbc33f31a6477bb37f4aab513df7a52a35263a0
=== RUN   FuzzKeystore/40de25d6e0b7b6e729f73996b7702e11f4494336
=== RUN   FuzzKeystore/41242c3949419fbe0871989731ef1a3ced537b0c
=== RUN   FuzzKeystore/43640b7dcdab34d2db2d70f2d1518dd77e51dcfa
=== RUN   FuzzKeystore/43688cba5c898e8ebed1be05944ffc37f26f86a9
=== RUN   FuzzKeystore/450d2c679e6139ab57e4a5145f3405d2a1ba6d43
=== RUN   FuzzKeystore/461f3418cc416244c0040511091dac4083964b50
=== RUN   FuzzKeystore/48cbf0e48ee75cc6b4456d55f6a17e03082fc0a6
=== RUN   FuzzKeystore/48f4275652543a5911393b0af740ec17679da4e2
=== RUN   FuzzKeystore/4a10b222b00ab74b619ee9d19726dfccbfccda62
=== RUN   FuzzKeystore/4be5e9dcc35c10b5a5fdbd71aeab896285f9fd5d
=== RUN   FuzzKeystore/4d11ddd2b071a692193ca58a9d979d5b8a39f6d2
=== RUN   FuzzKeystore/4d41bd2de2edd2b44772cf3894e1d2d9fb7e403d
=== RUN   FuzzKeystore/4dd1be63753c135ddc826e6ab9a2471da4bc572a
=== RUN   FuzzKeystore/4eed4e824aaed1593109ea8ce13941e1e54d878b
=== RUN   FuzzKeystore/5077ead843f55e7bc9075166dedf6c357b032698
=== RUN   FuzzKeystore/518f31f42b8e2880e697fed80b04ba9cdee34e56
=== RUN   FuzzKeystore/536a387f410fc5bbee16b7ab30433771339b9acb
=== RUN   FuzzKeystore/54ad1d5d739df67fdac48edb9461f1759b5065c0
=== RUN   FuzzKeystore/560aab9439e0b3cf3d83e598e11007754276736a
=== RUN   FuzzKeystore/57654d7193e474765e92f8e37673f8bdc0365be6
=== RUN   FuzzKeystore/57d7ac93b951374210a247bd42cef4c9e977faa0
=== RUN   FuzzKeystore/59254cabdea514696543c31eb9d5ffe86a4e0674
=== RUN   FuzzKeystore/59900cd4790243a658a9c79df8d90638ca9b8588
=== RUN   FuzzKeystore/5a35c4c6eb8b795823727d87f7a81a0e9db6b19f
=== RUN   FuzzKeystore/5aa177144596812322ab7cb4bc51e6a7dd84e6c1
=== RUN   FuzzKeystore/5ad03cc838cfc9b80112ceb66a266c04c81ee1ff
=== RUN   FuzzKeystore/5b507f40bd1920c919dcbcae885487e95b13402f
=== RUN   FuzzKeystore/5b953939a2562dc7c2be0bba39c3b28d1874e234
=== RUN   FuzzKeystore/5ba93c9db0cff93f52b521d7420e43f6eda2784f
=== RUN   FuzzKeystore/5dcd0f2b446629120755160b102a0e5c50d7e652
=== RUN   FuzzKeystore/60532534d4ebacae25c93f48ed28ec87b644759b
=== RUN   FuzzKeystore/611f131b694f934bd5496c23fbd23e47bee9d6dc
=== RUN   FuzzKeystore/621db51cb9fa73a603b8caed40f3932480c0572e
=== RUN   FuzzKeystore/62765f6dee4cc6eb38796c99a27cd2f78c1f1d49
=== RUN   FuzzKeystore/6277459c4c574b227f499df37e94fc178c1b9498
=== RUN   FuzzKeystore/67443d8caa59aff5e07a5b7d8ab0659ee46becfb
=== RUN   FuzzKeystore/675b7ad7b8fbdc2483959299964446b54e765b11
=== RUN   FuzzKeystore/68131e11f757f4be90f77e3fe10d247aa145954e
=== RUN   FuzzKeystore/688acc27d5668fe6a5b64a0d1f71f0df944fe807
=== RUN   FuzzKeystore/68a1f901f28c7b82f7d1fb6f41ca6258ebe15386
=== RUN   FuzzKeystore/6934348390a9ca64c55f3872c5db4fd0841d5d5f
=== RUN   FuzzKeystore/6a3c8cd397d45afb1662620990837dbd8fe037fa
=== RUN   FuzzKeystore/6a93421149cc28ae6d46f240d1e1ead87bdd5f9a
=== RUN   FuzzKeystore/6b4178eb2765909b12fb62a759a250ecb219d9cc
=== RUN   FuzzKeystore/6b598f189d4d1966eb6b34c46648cfc78808aec8
=== RUN   FuzzKeystore/6d63f63c1796ca200c2f12037875370ae59b41e2
=== RUN   FuzzKeystore/6df0b33d8a758449750340bdf10583348e4d07b4
=== RUN   FuzzKeystore/6ecaed8533ad77ee3ab20b8b2b9ca23c11a1ac52
=== RUN   FuzzKeystore/6fa71adb99f0f87cc0128d7b9e2c5a7e1b35a357
=== RUN   FuzzKeystore/707678cb8815d208be7642cafb17bf886a243fc3
=== RUN   FuzzKeystore/70f241287e7bacf2a093de1ad735c43a718a182d
=== RUN   FuzzKeystore/72f7176efb7a94807664a092f0a839d31f3bd38b
=== RUN   FuzzKeystore/7339256933fb1383852e80ebc7eb44570f9cd6ab
=== RUN   FuzzKeystore/7353d4036a6a9ce1f63b8fea6ec6f29e19ac641d
=== RUN   FuzzKeystore/742b70cf8e533ce1da4e13590ef85f4ef5aaaff7
=== RUN   FuzzKeystore/753b97ed92c9f79e589edc068c6be072dd04c0d1
=== RUN   FuzzKeystore/75a6421fcc2a06d4aada2e7bdb8e06a59af29103
=== RUN   FuzzKeystore/7714097d5e672eff7eb6e0b4a68eabfb0ffd5f63
=== RUN   FuzzKeystore/7743eb426605824ac001224debf0d3e3c8afbec9
=== RUN   FuzzKeystore/779cffc9d3b088d5a930056f39eb0c2f0ec4bda1
=== RUN   FuzzKeystore/7883d9f06a965e7a06c8d2da3f2aee3e7ebcf780
=== RUN   FuzzKeystore/792cfccd369d58082d9368956cc7c94158337558
=== RUN   FuzzKeystore/795918a84d57db070a5f8768dad3d4758313ef3f
=== RUN   FuzzKeystore/7991503c8c47b49d990b4d07667d7b287e25c245
=== RUN   FuzzKeystore/79dae65a649e9f9843909a366444ec6382c8d3a2
=== RUN   FuzzKeystore/7a38d137272a9f3681252f2dc023274f27614ade
=== RUN   FuzzKeystore/7a89633abb7234148ee8d284e02076f3c84ae078
=== RUN   FuzzKeystore/7af6f1c6c6a04b5f77368e5e53397aad23a61fa0
=== RUN   FuzzKeystore/7b63266ce37135e41ab20fea4646050fef13b103
=== RUN   FuzzKeystore/7b74bed8195111921dc24863f1ac8fc6162be9d0
=== RUN   FuzzKeystore/7be0c6a0f3dd39ce5b60d7eab4a577996eae5176
=== RUN   FuzzKeystore/7c41e0bd97c5e1b71f71c41b68f443a4666357b4
=== RUN   FuzzKeystore/7c70531747df17fa44686464aaf59896a1bcf7f9
=== RUN   FuzzKeystore/7cb14f58bf9a581213f9df5ce3e6de5f1483a776
=== RUN   FuzzKeystore/7d02405ce98ccd11398213f772cff42831239691
=== RUN   FuzzKeystore/7d28991f7324adefae155b500f6409fa773fcd8e
=== RUN   FuzzKeystore/7d56d42e6492ed6cf450f455570371755e59dfee
=== RUN   FuzzKeystore/7d8cb27adf289c2f3c610a3e32b593148d98b805
=== RUN   FuzzKeystore/7de06f78a2bb982362779a6d6ef373ddc996c4f7
=== RUN   FuzzKeystore/7eec2ff65739ceb1fd942bb2739eca4d81292199
=== RUN   FuzzKeystore/7f6e2fa511b4011f48444a0ab9474f089dab6598
=== RUN   FuzzKeystore/7f99a410e25e519c11c6ed3e4f31646aeeb2c746
=== RUN   FuzzKeystore/7fb3f71dbcb810a6ba286a20583f3d89ce0b1793
=== RUN   FuzzKeystore/80703fb3d59890d3b21d3066abeb6eca0dab712c
=== RUN   FuzzKeystore/80f3201e3306a3d51374da9903e7ab24fc076a72
=== RUN   FuzzKeystore/810232a4bd29ef8221ec641224dad697f1f96be4
=== RUN   FuzzKeystore/813aca713a2ed2c22e4871fb41b55a615b79f246
=== RUN   FuzzKeystore/8214f0c4f6433fa07702ad7a2db6e43e9a9cca6e
=== RUN   FuzzKeystore/83a4ec58260500d6aa2f7c986fe6e2b6557ed449
=== RUN   FuzzKeystore/841f94d6d12d8f49b68b9f73c46706b818dbe191
=== RUN   FuzzKeystore/85e5be69ce452da09b7ec8a3cbb5c580c325f9cb
=== RUN   FuzzKeystore/869fbc959bc2c258eaaec04c25f81d1854d617ce
=== RUN   FuzzKeystore/87380298f6d993cda98e88adca532c8c936da32f
=== RUN   FuzzKeystore/874ca8539e94bebaaa5fd16317b91e52ee98ed4c
=== RUN   FuzzKeystore/884d7487f420ef29f05555db69446511f02e4e83
=== RUN   FuzzKeystore/88852e3312fe051ddaf134c0ccc53799bfa6c983
=== RUN   FuzzKeystore/88f7277cd9ce5a0ae131c7cb326f7224044db144
=== RUN   FuzzKeystore/8bfc3a3b2feed1b6f191f5f2c573596412d0da0d
=== RUN   FuzzKeystore/8c9727e8479ac104dafd531f070140716835e73f
=== RUN   FuzzKeystore/8d0b3303a2733f62e4b40a278fff086ebc2f89eb
=== RUN   FuzzKeystore/8d6ec716d3cb908d24d4e0d20839b93719c91e36
=== RUN   FuzzKeystore/8f48effbb3eb9b566665a2b815a8b6748a3e3928
=== RUN   FuzzKeystore/8ffe261254165085a9ac4e50949a0fcf6cca5966
=== RUN   FuzzKeystore/903c638eae9905df0bea3a49453e665bb50769ef
=== RUN   FuzzKeystore/90422d11a5568c953a1c4cc3a39bd62090bf2500
=== RUN   FuzzKeystore/90acb0b5935271ec727de9b648dfb76958dbcb1e
=== RUN   FuzzKeystore/925b790e351bf36de4dce6cf6a3ca02662673d74
=== RUN   FuzzKeystore/93ee3e48cc296c0e2e0385754a364012a33682ca
=== RUN   FuzzKeystore/9561d1f2add8a416315355d9e931eb6171b32916
=== RUN   FuzzKeystore/95bb64477d90755b1857ad09567ffd11780a62d8
=== RUN   FuzzKeystore/98cf8e8531f2245991bb2089d1470d98401fc42c
=== RUN   FuzzKeystore/990b933b648853774c7563c75785189283e5c766
=== RUN   FuzzKeystore/9a54fb97c3498754bd9bd98f37b5e9a87b2453c4
=== RUN   FuzzKeystore/9b8a747b2cb3a4de921ec11cd2b2ef96ab2b03e5
=== RUN   FuzzKeystore/9ea51fae14658062c450a0e0c479ad4b08c20bb6
=== RUN   FuzzKeystore/9ed92bf356887ad23975fef6588ceb5670ba2692
=== RUN   FuzzKeystore/9f1a87bd9d20d899cb2348732a0cb149101c6ba6
=== RUN   FuzzKeystore/9faa0d97ae61e35450117b2aa7f86c9fab06b657
=== RUN   FuzzKeystore/9fff5e313143271c4c41f5f6e450be1339a9d118
=== RUN   FuzzKeystore/a0f8f2bf9fe6c22af9dc97d1872bb5853cdf499a
=== RUN   FuzzKeystore/a1b7aea7b5efecfc789e5849fcc5db40bece9131
=== RUN   FuzzKeystore/a21192d9dd7c6465cb8bfb70aa5b11fcf29a380b
=== RUN   FuzzKeystore/a33ea5940a692783f91d01bf32892167c55bbe13
=== RUN   FuzzKeystore/a41fed2c0730a362bee2c8b5f53050991856a29e
=== RUN   FuzzKeystore/a42e5b5cde0a9ec337526268af5f1144edc1e307
=== RUN   FuzzKeystore/a4517dae2dbf051bb16e2dce08a6a873ac80d807
=== RUN   FuzzKeystore/a4980e69786d1870db214736eb4777eaf02c563d
=== RUN   FuzzKeystore/a50835ae829305d8476b73ac6a1ce714805d931f
=== RUN   FuzzKeystore/a8900d866168be40a47b2084c144e9c5b936ec23
=== RUN   FuzzKeystore/a9b7db16d9bfae6178e9b9b1de71fb27b874aaa0
=== RUN   FuzzKeystore/aa569ca7d78425bae064b1b9491d21c4d0974653
=== RUN   FuzzKeystore/aa75f9f126b5d04952db8e93fca19871600f9509
=== RUN   FuzzKeystore/ab4a886f6da04749f220d83cdccceb0e2989a66c
=== RUN   FuzzKeystore/abc75c5d0fb11d852ae1fe15733038ee41a6a0c6
=== RUN   FuzzKeystore/abca11a0db072b79a621043fe2a1e78a2d7395a5
=== RUN   FuzzKeystore/ac4eff545e2a819e63a294d0649e428bf301657c
=== RUN   FuzzKeystore/acfb80ef220ff92a67e8853b6e10a705984ce030
=== RUN   FuzzKeystore/ad3bf85e62685b783ca3c2409d457a0143589ec8
=== RUN   FuzzKeystore/adc83b19e793491b1c6ea0fd8b46cd9f32e592fc
=== RUN   FuzzKeystore/b0861007e4ca7356eb074c1b8dc8a0989e369b65
=== RUN   FuzzKeystore/b19542d27b38de580bebb13201995bf0c6fcf34e
=== RUN   FuzzKeystore/b1c6a55d75c92e56ae4da3948a02a6cb929fe129
=== RUN   FuzzKeystore/b21a9311fb52c57a0e48f32873dc8e1081d0c988
=== RUN   FuzzKeystore/b3715205c16ddb61e8f9fcf29326a17f60f52793
=== RUN   FuzzKeystore/b5a5d6a0d3b10a4a0cca077f19288fe535eb705c
=== RUN   FuzzKeystore/b6483c242eb8bf9b33025c5bceef709536935e18
=== RUN   FuzzKeystore/b82872d22e746831344ccf4be3b2cbb52499d8d0
=== RUN   FuzzKeystore/b856a8a522203076fe23d635dc4e6b08553966bd
=== RUN   FuzzKeystore/b87f961004d6ab9fd2483ad4cad15e953c9cd1b6
=== RUN   FuzzKeystore/b92d4c23cc457a1ae41e6547d51ab8d8560b2019
=== RUN   FuzzKeystore/ba13f1fc31270ae2bb808aa4cf74dd152851ac32
=== RUN   FuzzKeystore/bbd4e99910423222ee5836c891bab8b5518fbffa
=== RUN   FuzzKeystore/bd4a2e7eb5cc05bda949c868ee20fc0be9435a05
=== RUN   FuzzKeystore/bedc2ffe6a34db487c6ed68ec6b5bb9989be846e
=== RUN   FuzzKeystore/befcd9055bc8dafbd93aeaaa532edf1006bae006
=== RUN   FuzzKeystore/bfd95cd698d61dab9d7f8b91a66507c69397f5ed
=== RUN   FuzzKeystore/c0ca5747e0a07ff7f7872c377a5fb5ff168731a4
=== RUN   FuzzKeystore/c10b563de6514530f1a57fc9946d7dff807107c5
=== RUN   FuzzKeystore/c20d7dec297e8fb72aa6beae7d268c9a13c5d479
=== RUN   FuzzKeystore/c25480947edafb3ac6225fad391687b8095d0b29
=== RUN   FuzzKeystore/c3a19b97ae315f92a16db48df5436d41262a3930
=== RUN   FuzzKeystore/c3a490c11dc8b7d16d43b39dafc78282913a6e2e
=== RUN   FuzzKeystore/c423cd06144344f2a319c4b76f1c7d716c3b9f37
=== RUN   FuzzKeystore/c597ba69958e79afc13e879f7d14d4672fdab445
=== RUN   FuzzKeystore/c5c6338a379730b8250ae9bb6f711f585ef3acb8
=== RUN   FuzzKeystore/c5e153734990b880fc4087fbba55c675823cf83d
=== RUN   FuzzKeystore/c6ecb194b0fbec8af6b8cd60623b53850411c00b
=== RUN   FuzzKeystore/c767f9e2683e8fc665652b121891302a93e2140a
=== RUN   FuzzKeystore/c78521559402a454410a71c48d0dec55ed1dbe78
=== RUN   FuzzKeystore/c8dd376a5b8f22624e73059b752466a417ed96be
=== RUN   FuzzKeystore/ca2810b4add1daa690ee06344b9780e5b0e68d5e
=== RUN   FuzzKeystore/ca2c101cecdf90070609b66f981e0d115baee575
=== RUN   FuzzKeystore/caceea4238b2b9e692f1aef6b11d07e92b284b43
=== RUN   FuzzKeystore/cb3537f469003eb7bd6cbcee832528f6e951da67
=== RUN   FuzzKeystore/cb6da45d87eaf94b44ae32e790efdf0da4a445f0
=== RUN   FuzzKeystore/cba168b9c209014edb3a75cfcd67b8f008d7460d
=== RUN   FuzzKeystore/cc06c2244a535b7b5cddcbf69a90cea8b0283b5e
=== RUN   FuzzKeystore/ce14020c85cbc8a667b2395926f09ddd63f4ac8c
=== RUN   FuzzKeystore/cfb03ce8ddfc64341b284d06d145604de63c0696
=== RUN   FuzzKeystore/d00ff4b8adf0f542c1406754d986f708abb5407b
=== RUN   FuzzKeystore/d0c1f5344fbc12b0acbde1fd512451455c635fce
=== RUN   FuzzKeystore/d10f4bd71c1ebe4162beb5b06392d437d0f5d43b
=== RUN   FuzzKeystore/d1b28e386516e89c8fc0830807a0aec3021c02fa
=== RUN   FuzzKeystore/d2b0aec889888940334f949d00c528b7a2782397
=== RUN   FuzzKeystore/d2b376ce7be8bc22d71b820390c54a79171d3bd5
=== RUN   FuzzKeystore/d4a7a671eea781bd530c1188c6e2b4d80a751cf3
=== RUN   FuzzKeystore/d4b5ed4644272fc86b1392cc853342716b763e21
=== RUN   FuzzKeystore/d4d52fd5010096bcadba6ca1e29c76e437ad789c
=== RUN   FuzzKeystore/d557386536749665d00c67723211e94a501e5e65
=== RUN   FuzzKeystore/d5b1b55eb63214aa34ded9d52e7f738a3d4b6465
=== RUN   FuzzKeystore/d6714b9e397ef93cb7aff29d3e4ff94db07ca52d
=== RUN   FuzzKeystore/d721388eb29db40beb54da2a304f6dc83afeea77
=== RUN   FuzzKeystore/d7c7a480ab5a18a0c756af763fa2c7c23005b49a
=== RUN   FuzzKeystore/d99aaa5b6780621087d196f3b6af9aea33cea6af
=== RUN   FuzzKeystore/d9b617ba802cdd7ca66ad1705a5b4faba2c09237
=== RUN   FuzzKeystore/da5799dd40db6e89c773e290e87c07bbae588877
=== RUN   FuzzKeystore/dadc019a058fd888367ce70431efa041165481e4
=== RUN   FuzzKeystore/db7638a63850b65da978eaaf3dea4736aaf2c87d
=== RUN   FuzzKeystore/dd2174aa86f077bb5d71861d98420b42e67b5d76
=== RUN   FuzzKeystore/ddbac85f7297b93126decb9711d9d6bd5426f141
=== RUN   FuzzKeystore/dddbe2c4094a419bade879964f542aa3e2698f1a
=== RUN   FuzzKeystore/deb10b1f0be3e883c48087677305f901246ab2df
=== RUN   FuzzKeystore/df4819fd5bf04422deaa058256880e49824a59a7
=== RUN   FuzzKeystore/e0f24c73b9523466945e0d9e2331edb830ffda85
=== RUN   FuzzKeystore/e0f9cc5112e7e0347fcbe36749bdb9c0e7a3ad00
=== RUN   FuzzKeystore/e202ac583f44f0cf9866fbbc4351faa85bb39594
=== RUN   FuzzKeystore/e23ee6468b4cc21ad91878b2ba77336a8eca40a4
=== RUN   FuzzKeystore/e41c0eedc55d3fb2af098339962dbd71a22e2180
=== RUN   FuzzKeystore/e4feed22a1ebafde155fa5ae810ebdef4f41b1d2
=== RUN   FuzzKeystore/e6690c997a827c6c60aa8397e88070d00b7c7c9a
=== RUN   FuzzKeystore/e7ac53a329bdc439df2a96fa554cdc77a609fdc7
=== RUN   FuzzKeystore/e7d0540f57ec70439720e94af0629cc4a9067491
=== RUN   FuzzKeystore/e7fd730f02bab8a8de97fb6119601708ef801e0a
=== RUN   FuzzKeystore/e9dfe843b05fa23f16dfe50611ad4ac81a7d0149
=== RUN   FuzzKeystore/ea3679b9f3b54ec4b8e085c0393c9469f473d2de
=== RUN   FuzzKeystore/eb5fa4baf13349697c75f27ef580cde568e5ba26
=== RUN   FuzzKeystore/ed3f626b4974dd6e64609b0f8ddbc5f579fbfbff
=== RUN   FuzzKeystore/ee054bf433655a5a2ad716ac6d16ff0f5e0e0d91
=== RUN   FuzzKeystore/ee4d09ae25880749976730625a21673cecf0b2b8
=== RUN   FuzzKeystore/f0ea4f48133d312c456263cee391a2c44ea8392f
=== RUN   FuzzKeystore/f17ce27b6bdbb15d38d765831d6e5f79b3a2e44c
=== RUN   FuzzKeystore/f2928b9c43474bb4c37dff173a7703084b080e5a
=== RUN   FuzzKeystore/f4249aea16cdf5ad8833ae7cb17ef0c3236fb5bf
=== RUN   FuzzKeystore/f461b2ac355a11196c6904439e9c64671c637068
=== RUN   FuzzKeystore/f503e033c1a5bb1f87bae2703a6b1afc8e572553
=== RUN   FuzzKeystore/f512cb61125cbc47c897a9b28c58f4d2cb25743a
=== RUN   FuzzKeystore/f7e24306686cc19ef771a2b548bf72cc2c09cf20
=== RUN   FuzzKeystore/f8cd4bb3bf63b4bcc9a4d316005b807ff6899145
=== RUN   FuzzKeystore/f981211d871748e5ba3c98ff440847643ca4c565
=== RUN   FuzzKeystore/faab35f6224843271f872cdc1f7def473683507b
=== RUN   FuzzKeystore/fbe4656c9bba361b7d5534eac02c475d126aa14e
=== RUN   FuzzKeystore/fd33edfee408dac396629d8ee59a3476da81778d
=== RUN   FuzzKeystore/fde29514f8e8d5612dbebee79a2a817023ea7412
=== RUN   FuzzKeystore/ffbb506a63a7afda72f08ee46292248bcff576c4
--- PASS: FuzzKeystore (49.95s)
    --- PASS: FuzzKeystore/0144b939bf35aae0cd6930d909276fa8996f2032 (0.16s)
    --- PASS: FuzzKeystore/021b0d626e3755d80141f9a30fe8ef662e8c4469 (0.16s)
    --- PASS: FuzzKeystore/03603130b639261462d311566e0e00834f48c0fe (0.16s)
    --- PASS: FuzzKeystore/04a4c5da2be62172f1e7f33857c871d841980154 (0.16s)
    --- PASS: FuzzKeystore/0502f284638ee05fc365e92f0e810fbd65296387 (0.16s)
    --- PASS: FuzzKeystore/05bc5ea277f864a3425e8b208626141027315fc1 (0.16s)
    --- PASS: FuzzKeystore/0617cd444069c43cc3f5999585b742c7be6a3042 (0.16s)
    --- PASS: FuzzKeystore/0a0ae679e71585f82097cf2ccce019fc8df94765 (0.16s)
    --- PASS: FuzzKeystore/0ace5d2a814c325d2daf8e946e7d99a387bf7b24 (0.16s)
    --- PASS: FuzzKeystore/0b8c40ad17099df1553b0fdb17b237c1d15afaa0 (0.16s)
    --- PASS: FuzzKeystore/0c6500a25c6f16666e2f7129c2c0603eb655edcb (0.16s)
    --- PASS: FuzzKeystore/0c7135b3f3267c9874f5af320eecc4ee43babb13 (0.16s)
    --- PASS: FuzzKeystore/0d52b1ed7d24555bb6a53c8ece719a133ac4222c (0.16s)
    --- PASS: FuzzKeystore/0e0642e6150ae99dd924511948e7f0abd78fd3a7 (0.16s)
    --- PASS: FuzzKeystore/0e48997a514e2704ee3c8178bfc27675492f217a (0.16s)
    --- PASS: FuzzKeystore/0f1280aba08e9da30e5b195b90a8ba28828ef099 (0.16s)
    --- PASS: FuzzKeystore/1053aedfa0b41c1ccfc79d0a551ae37c9895018c (0.16s)
    --- PASS: FuzzKeystore/1218fefc0ddbe154e67e7b8945e6b022031cd3ad (0.16s)
    --- PASS: FuzzKeystore/121f5b4bb7c15c5a94539a9eb5024c71d1474f76 (0.16s)
    --- PASS: FuzzKeystore/12bcc8a6b62d5b11e9d2724c318f6d3516b16041 (0.16s)
    --- PASS: FuzzKeystore/1460fd3cf34b3243c2cf47a4f5c89bda9dcafd80 (0.17s)
    --- PASS: FuzzKeystore/155e0c88614d47fcc1aa72abda78139b95ba1bf2 (0.16s)
    --- PASS: FuzzKeystore/172450212bdc08f26d60192aab39bf1a2554a1e8 (0.16s)
    --- PASS: FuzzKeystore/174ec5e513d5144d582f0def3949e287d2651856 (0.16s)
    --- PASS: FuzzKeystore/1ad3490cbdfebf0c816bbd8b57f7a0bc9b815f5e (0.16s)
    --- PASS: FuzzKeystore/1b00c18a4b001445579661608dd7a8ad032d5fcc (0.16s)
    --- PASS: FuzzKeystore/1b6ca5bb9ac8cb56bf85c76d5ceded19778d906f (0.16s)
    --- PASS: FuzzKeystore/1b9b2d2a5a1825168ef07218c31be2c7cba25899 (0.16s)
    --- PASS: FuzzKeystore/1ddc5e848cee083b86af568dca9710407f23c8ba (0.16s)
    --- PASS: FuzzKeystore/1e2c5233f0df095564c137a2f583c6135e1cf458 (0.16s)
    --- PASS: FuzzKeystore/1f612042828baaa46113b63a6d4f279c2e958b66 (0.16s)
    --- PASS: FuzzKeystore/1f6d22a2e9f5584fd803235fb3ccac0fd1f162a8 (0.16s)
    --- PASS: FuzzKeystore/201b6c9fcab89d42f0a1d124f736b6f7bb943ac7 (0.16s)
    --- PASS: FuzzKeystore/2052dc46443d2ff4b09562b9d42892def321cc49 (0.16s)
    --- PASS: FuzzKeystore/2075cfd7f58cb29ca1d063a21bd868b0412c2a9a (0.16s)
    --- PASS: FuzzKeystore/20d9e4665d5a7d55347c9552d57a815cd629583e (0.16s)
    --- PASS: FuzzKeystore/216dcf8b42631403ec724da9a89b2b657a527a8e (0.16s)
    --- PASS: FuzzKeystore/223b71f25bacad5a8a382f8f685a30be869cba1a (0.16s)
    --- PASS: FuzzKeystore/2244379ddba65cc4a8f35a3d647105da04f68124 (0.16s)
    --- PASS: FuzzKeystore/25fee5f6240890f319d56716523d732b74e46701 (0.16s)
    --- PASS: FuzzKeystore/273f6518a400d183d7582f12d82b482808ded400 (0.16s)
    --- PASS: FuzzKeystore/2838fd5e5d0f2ff53a72bcc1690852b8339998de (0.16s)
    --- PASS: FuzzKeystore/290612a46be468d7745945aa65ca86cf17bfb78e (0.16s)
    --- PASS: FuzzKeystore/29390cf48ea381755e485bb9dad64572c4472992 (0.16s)
    --- PASS: FuzzKeystore/294480a6168a52df9bcded3d3531b0757c05f7bf (0.16s)
    --- PASS: FuzzKeystore/2aa63d2f3690b4be283522d68577e065b5eb28c3 (0.16s)
    --- PASS: FuzzKeystore/2ae5130f3021506e0d9bde8d819b6720f56ecb9d (0.16s)
    --- PASS: FuzzKeystore/2bd623fa3989bb2b6d6f16d750d7233eeacf8c01 (0.16s)
    --- PASS: FuzzKeystore/2ce99f0ddadc5167b1e030286412b30476e9a6e7 (0.16s)
    --- PASS: FuzzKeystore/2f5d6233f635aaeda1d5395a48448ae264a240af (0.16s)
    --- PASS: FuzzKeystore/306e342d197488fd4b5f77c12f52424b0777c086 (0.16s)
    --- PASS: FuzzKeystore/30af0858d7ab624553652773997cbaf4d3b17876 (0.16s)
    --- PASS: FuzzKeystore/30c2d5063ff65329879f6817149e03dfd488c4c8 (0.16s)
    --- PASS: FuzzKeystore/30e3f8a6e240cb227c4e71a78dc89735493e5522 (0.16s)
    --- PASS: FuzzKeystore/31e4527ca935731c2b08dcccc63747251c41c344 (0.16s)
    --- PASS: FuzzKeystore/3206c059cd9bb1aad823c684407130282205213f (0.16s)
    --- PASS: FuzzKeystore/32c1cb108e03946bdce843cda8fc065da338b60a (0.16s)
    --- PASS: FuzzKeystore/32fe0144d50cd466a152a5f89fa23193e49ddde9 (0.16s)
    --- PASS: FuzzKeystore/3317a34d6f58e417b4ad587c328a313957ec2ec7 (0.16s)
    --- PASS: FuzzKeystore/337f0c7a536ce0d81bb0c96fc810c4c2accbf1de (0.16s)
    --- PASS: FuzzKeystore/33d72ef6aa2d6ad87fa2e3e777b20fb0800a2b3f (0.16s)
    --- PASS: FuzzKeystore/346d44c64bce5cf1794b8c7560af187966f233fa (0.16s)
    --- PASS: FuzzKeystore/3473fd55f96542993443ec6134c71ba681c16176 (0.16s)
    --- PASS: FuzzKeystore/359209296d83814cdbbee5e18e485327bd4b5de7 (0.16s)
    --- PASS: FuzzKeystore/36ae7bfa15eea9804b7048a88c65b29ab283a9c1 (0.16s)
    --- PASS: FuzzKeystore/3800c9bb9415a0ec9dc2280b5e30f15b12fa925d (0.17s)
    --- PASS: FuzzKeystore/3959a14bc8c606a0a66a038c6280944310c2c2bb (0.16s)
    --- PASS: FuzzKeystore/39fa4981b1ef83847d49d2302584a7acf24db93d (0.16s)
    --- PASS: FuzzKeystore/3a25335ab6e05fb7e1e4bb8769dec48e020f7a7d (0.16s)
    --- PASS: FuzzKeystore/3b1abbebeaecc75281f515875b372803c4daf669 (0.16s)
    --- PASS: FuzzKeystore/3b8d439bd0bd21e8cc867afe3ddb07aa1f523085 (0.16s)
    --- PASS: FuzzKeystore/3c8f87a16e18c076bed0f02fe5f39182be3d86d5 (0.16s)
    --- PASS: FuzzKeystore/3d13e822f2d61077eb05bab5c8f93e0947f77667 (0.16s)
    --- PASS: FuzzKeystore/3d3c8aa5899410923c20ce4c3239327ca328e6a9 (0.16s)
    --- PASS: FuzzKeystore/3d603ab73628171b5b92abe7b604395815cf7409 (0.16s)
    --- PASS: FuzzKeystore/3d9e2c94dd8dc449835c81d66d728b31f529bcbb (0.16s)
    --- PASS: FuzzKeystore/3eda69a34f2586fdf76ab150fd78eb3d9eb55e7e (0.16s)
    --- PASS: FuzzKeystore/3f5f17c895809cb9e88eca1cbc96378f777c9bf2 (0.16s)
    --- PASS: FuzzKeystore/3fb97b13a32345f598f181285c7e4b766d61ae82 (0.16s)
    --- PASS: FuzzKeystore/3fbc33f31a6477bb37f4aab513df7a52a35263a0 (0.16s)
    --- PASS: FuzzKeystore/40de25d6e0b7b6e729f73996b7702e11f4494336 (0.16s)
    --- PASS: FuzzKeystore/41242c3949419fbe0871989731ef1a3ced537b0c (0.16s)
    --- PASS: FuzzKeystore/43640b7dcdab34d2db2d70f2d1518dd77e51dcfa (0.16s)
    --- PASS: FuzzKeystore/43688cba5c898e8ebed1be05944ffc37f26f86a9 (0.16s)
    --- PASS: FuzzKeystore/450d2c679e6139ab57e4a5145f3405d2a1ba6d43 (0.16s)
    --- PASS: FuzzKeystore/461f3418cc416244c0040511091dac4083964b50 (0.16s)
    --- PASS: FuzzKeystore/48cbf0e48ee75cc6b4456d55f6a17e03082fc0a6 (0.16s)
    --- PASS: FuzzKeystore/48f4275652543a5911393b0af740ec17679da4e2 (0.16s)
    --- PASS: FuzzKeystore/4a10b222b00ab74b619ee9d19726dfccbfccda62 (0.16s)
    --- PASS: FuzzKeystore/4be5e9dcc35c10b5a5fdbd71aeab896285f9fd5d (0.16s)
    --- PASS: FuzzKeystore/4d11ddd2b071a692193ca58a9d979d5b8a39f6d2 (0.16s)
    --- PASS: FuzzKeystore/4d41bd2de2edd2b44772cf3894e1d2d9fb7e403d (0.16s)
    --- PASS: FuzzKeystore/4dd1be63753c135ddc826e6ab9a2471da4bc572a (0.16s)
    --- PASS: FuzzKeystore/4eed4e824aaed1593109ea8ce13941e1e54d878b (0.16s)
    --- PASS: FuzzKeystore/5077ead843f55e7bc9075166dedf6c357b032698 (0.16s)
    --- PASS: FuzzKeystore/518f31f42b8e2880e697fed80b04ba9cdee34e56 (0.16s)
    --- PASS: FuzzKeystore/536a387f410fc5bbee16b7ab30433771339b9acb (0.16s)
    --- PASS: FuzzKeystore/54ad1d5d739df67fdac48edb9461f1759b5065c0 (0.16s)
    --- PASS: FuzzKeystore/560aab9439e0b3cf3d83e598e11007754276736a (0.16s)
    --- PASS: FuzzKeystore/57654d7193e474765e92f8e37673f8bdc0365be6 (0.16s)
    --- PASS: FuzzKeystore/57d7ac93b951374210a247bd42cef4c9e977faa0 (0.16s)
    --- PASS: FuzzKeystore/59254cabdea514696543c31eb9d5ffe86a4e0674 (0.16s)
    --- PASS: FuzzKeystore/59900cd4790243a658a9c79df8d90638ca9b8588 (0.16s)
    --- PASS: FuzzKeystore/5a35c4c6eb8b795823727d87f7a81a0e9db6b19f (0.16s)
    --- PASS: FuzzKeystore/5aa177144596812322ab7cb4bc51e6a7dd84e6c1 (0.16s)
    --- PASS: FuzzKeystore/5ad03cc838cfc9b80112ceb66a266c04c81ee1ff (0.16s)
    --- PASS: FuzzKeystore/5b507f40bd1920c919dcbcae885487e95b13402f (0.16s)
    --- PASS: FuzzKeystore/5b953939a2562dc7c2be0bba39c3b28d1874e234 (0.16s)
    --- PASS: FuzzKeystore/5ba93c9db0cff93f52b521d7420e43f6eda2784f (0.16s)
    --- PASS: FuzzKeystore/5dcd0f2b446629120755160b102a0e5c50d7e652 (0.16s)
    --- PASS: FuzzKeystore/60532534d4ebacae25c93f48ed28ec87b644759b (0.16s)
    --- PASS: FuzzKeystore/611f131b694f934bd5496c23fbd23e47bee9d6dc (0.16s)
    --- PASS: FuzzKeystore/621db51cb9fa73a603b8caed40f3932480c0572e (0.16s)
    --- PASS: FuzzKeystore/62765f6dee4cc6eb38796c99a27cd2f78c1f1d49 (0.16s)
    --- PASS: FuzzKeystore/6277459c4c574b227f499df37e94fc178c1b9498 (0.16s)
    --- PASS: FuzzKeystore/67443d8caa59aff5e07a5b7d8ab0659ee46becfb (0.16s)
    --- PASS: FuzzKeystore/675b7ad7b8fbdc2483959299964446b54e765b11 (0.16s)
    --- PASS: FuzzKeystore/68131e11f757f4be90f77e3fe10d247aa145954e (0.16s)
    --- PASS: FuzzKeystore/688acc27d5668fe6a5b64a0d1f71f0df944fe807 (0.16s)
    --- PASS: FuzzKeystore/68a1f901f28c7b82f7d1fb6f41ca6258ebe15386 (0.16s)
    --- PASS: FuzzKeystore/6934348390a9ca64c55f3872c5db4fd0841d5d5f (0.16s)
    --- PASS: FuzzKeystore/6a3c8cd397d45afb1662620990837dbd8fe037fa (0.16s)
    --- PASS: FuzzKeystore/6a93421149cc28ae6d46f240d1e1ead87bdd5f9a (0.16s)
    --- PASS: FuzzKeystore/6b4178eb2765909b12fb62a759a250ecb219d9cc (0.16s)
    --- PASS: FuzzKeystore/6b598f189d4d1966eb6b34c46648cfc78808aec8 (0.16s)
    --- PASS: FuzzKeystore/6d63f63c1796ca200c2f12037875370ae59b41e2 (0.16s)
    --- PASS: FuzzKeystore/6df0b33d8a758449750340bdf10583348e4d07b4 (0.16s)
    --- PASS: FuzzKeystore/6ecaed8533ad77ee3ab20b8b2b9ca23c11a1ac52 (0.16s)
    --- PASS: FuzzKeystore/6fa71adb99f0f87cc0128d7b9e2c5a7e1b35a357 (0.16s)
    --- PASS: FuzzKeystore/707678cb8815d208be7642cafb17bf886a243fc3 (0.16s)
    --- PASS: FuzzKeystore/70f241287e7bacf2a093de1ad735c43a718a182d (0.16s)
    --- PASS: FuzzKeystore/72f7176efb7a94807664a092f0a839d31f3bd38b (0.16s)
    --- PASS: FuzzKeystore/7339256933fb1383852e80ebc7eb44570f9cd6ab (0.16s)
    --- PASS: FuzzKeystore/7353d4036a6a9ce1f63b8fea6ec6f29e19ac641d (0.16s)
    --- PASS: FuzzKeystore/742b70cf8e533ce1da4e13590ef85f4ef5aaaff7 (0.16s)
    --- PASS: FuzzKeystore/753b97ed92c9f79e589edc068c6be072dd04c0d1 (0.16s)
    --- PASS: FuzzKeystore/75a6421fcc2a06d4aada2e7bdb8e06a59af29103 (0.16s)
    --- PASS: FuzzKeystore/7714097d5e672eff7eb6e0b4a68eabfb0ffd5f63 (0.16s)
    --- PASS: FuzzKeystore/7743eb426605824ac001224debf0d3e3c8afbec9 (0.16s)
    --- PASS: FuzzKeystore/779cffc9d3b088d5a930056f39eb0c2f0ec4bda1 (0.16s)
    --- PASS: FuzzKeystore/7883d9f06a965e7a06c8d2da3f2aee3e7ebcf780 (0.16s)
    --- PASS: FuzzKeystore/792cfccd369d58082d9368956cc7c94158337558 (0.16s)
    --- PASS: FuzzKeystore/795918a84d57db070a5f8768dad3d4758313ef3f (0.16s)
    --- PASS: FuzzKeystore/7991503c8c47b49d990b4d07667d7b287e25c245 (0.16s)
    --- PASS: FuzzKeystore/79dae65a649e9f9843909a366444ec6382c8d3a2 (0.16s)
    --- PASS: FuzzKeystore/7a38d137272a9f3681252f2dc023274f27614ade (0.16s)
    --- PASS: FuzzKeystore/7a89633abb7234148ee8d284e02076f3c84ae078 (0.16s)
    --- PASS: FuzzKeystore/7af6f1c6c6a04b5f77368e5e53397aad23a61fa0 (0.16s)
    --- PASS: FuzzKeystore/7b63266ce37135e41ab20fea4646050fef13b103 (0.16s)
    --- PASS: FuzzKeystore/7b74bed8195111921dc24863f1ac8fc6162be9d0 (0.16s)
    --- PASS: FuzzKeystore/7be0c6a0f3dd39ce5b60d7eab4a577996eae5176 (0.16s)
    --- PASS: FuzzKeystore/7c41e0bd97c5e1b71f71c41b68f443a4666357b4 (0.16s)
    --- PASS: FuzzKeystore/7c70531747df17fa44686464aaf59896a1bcf7f9 (0.16s)
    --- PASS: FuzzKeystore/7cb14f58bf9a581213f9df5ce3e6de5f1483a776 (0.16s)
    --- PASS: FuzzKeystore/7d02405ce98ccd11398213f772cff42831239691 (0.16s)
    --- PASS: FuzzKeystore/7d28991f7324adefae155b500f6409fa773fcd8e (0.16s)
    --- PASS: FuzzKeystore/7d56d42e6492ed6cf450f455570371755e59dfee (0.16s)
    --- PASS: FuzzKeystore/7d8cb27adf289c2f3c610a3e32b593148d98b805 (0.16s)
    --- PASS: FuzzKeystore/7de06f78a2bb982362779a6d6ef373ddc996c4f7 (0.16s)
    --- PASS: FuzzKeystore/7eec2ff65739ceb1fd942bb2739eca4d81292199 (0.17s)
    --- PASS: FuzzKeystore/7f6e2fa511b4011f48444a0ab9474f089dab6598 (0.16s)
    --- PASS: FuzzKeystore/7f99a410e25e519c11c6ed3e4f31646aeeb2c746 (0.16s)
    --- PASS: FuzzKeystore/7fb3f71dbcb810a6ba286a20583f3d89ce0b1793 (0.16s)
    --- PASS: FuzzKeystore/80703fb3d59890d3b21d3066abeb6eca0dab712c (0.16s)
    --- PASS: FuzzKeystore/80f3201e3306a3d51374da9903e7ab24fc076a72 (0.16s)
    --- PASS: FuzzKeystore/810232a4bd29ef8221ec641224dad697f1f96be4 (0.16s)
    --- PASS: FuzzKeystore/813aca713a2ed2c22e4871fb41b55a615b79f246 (0.16s)
    --- PASS: FuzzKeystore/8214f0c4f6433fa07702ad7a2db6e43e9a9cca6e (0.16s)
    --- PASS: FuzzKeystore/83a4ec58260500d6aa2f7c986fe6e2b6557ed449 (0.16s)
    --- PASS: FuzzKeystore/841f94d6d12d8f49b68b9f73c46706b818dbe191 (0.16s)
    --- PASS: FuzzKeystore/85e5be69ce452da09b7ec8a3cbb5c580c325f9cb (0.16s)
    --- PASS: FuzzKeystore/869fbc959bc2c258eaaec04c25f81d1854d617ce (0.16s)
    --- PASS: FuzzKeystore/87380298f6d993cda98e88adca532c8c936da32f (0.16s)
    --- PASS: FuzzKeystore/874ca8539e94bebaaa5fd16317b91e52ee98ed4c (0.16s)
    --- PASS: FuzzKeystore/884d7487f420ef29f05555db69446511f02e4e83 (0.16s)
    --- PASS: FuzzKeystore/88852e3312fe051ddaf134c0ccc53799bfa6c983 (0.16s)
    --- PASS: FuzzKeystore/88f7277cd9ce5a0ae131c7cb326f7224044db144 (0.16s)
    --- PASS: FuzzKeystore/8bfc3a3b2feed1b6f191f5f2c573596412d0da0d (0.16s)
    --- PASS: FuzzKeystore/8c9727e8479ac104dafd531f070140716835e73f (0.16s)
    --- PASS: FuzzKeystore/8d0b3303a2733f62e4b40a278fff086ebc2f89eb (0.16s)
    --- PASS: FuzzKeystore/8d6ec716d3cb908d24d4e0d20839b93719c91e36 (0.16s)
    --- PASS: FuzzKeystore/8f48effbb3eb9b566665a2b815a8b6748a3e3928 (0.16s)
    --- PASS: FuzzKeystore/8ffe261254165085a9ac4e50949a0fcf6cca5966 (0.16s)
    --- PASS: FuzzKeystore/903c638eae9905df0bea3a49453e665bb50769ef (0.16s)
    --- PASS: FuzzKeystore/90422d11a5568c953a1c4cc3a39bd62090bf2500 (0.16s)
    --- PASS: FuzzKeystore/90acb0b5935271ec727de9b648dfb76958dbcb1e (0.16s)
    --- PASS: FuzzKeystore/925b790e351bf36de4dce6cf6a3ca02662673d74 (0.16s)
    --- PASS: FuzzKeystore/93ee3e48cc296c0e2e0385754a364012a33682ca (0.16s)
    --- PASS: FuzzKeystore/9561d1f2add8a416315355d9e931eb6171b32916 (0.16s)
    --- PASS: FuzzKeystore/95bb64477d90755b1857ad09567ffd11780a62d8 (0.16s)
    --- PASS: FuzzKeystore/98cf8e8531f2245991bb2089d1470d98401fc42c (0.16s)
    --- PASS: FuzzKeystore/990b933b648853774c7563c75785189283e5c766 (0.17s)
    --- PASS: FuzzKeystore/9a54fb97c3498754bd9bd98f37b5e9a87b2453c4 (0.16s)
    --- PASS: FuzzKeystore/9b8a747b2cb3a4de921ec11cd2b2ef96ab2b03e5 (0.16s)
    --- PASS: FuzzKeystore/9ea51fae14658062c450a0e0c479ad4b08c20bb6 (0.16s)
    --- PASS: FuzzKeystore/9ed92bf356887ad23975fef6588ceb5670ba2692 (0.16s)
    --- PASS: FuzzKeystore/9f1a87bd9d20d899cb2348732a0cb149101c6ba6 (0.16s)
    --- PASS: FuzzKeystore/9faa0d97ae61e35450117b2aa7f86c9fab06b657 (0.16s)
    --- PASS: FuzzKeystore/9fff5e313143271c4c41f5f6e450be1339a9d118 (0.16s)
    --- PASS: FuzzKeystore/a0f8f2bf9fe6c22af9dc97d1872bb5853cdf499a (0.16s)
    --- PASS: FuzzKeystore/a1b7aea7b5efecfc789e5849fcc5db40bece9131 (0.16s)
    --- PASS: FuzzKeystore/a21192d9dd7c6465cb8bfb70aa5b11fcf29a380b (0.16s)
    --- PASS: FuzzKeystore/a33ea5940a692783f91d01bf32892167c55bbe13 (0.16s)
    --- PASS: FuzzKeystore/a41fed2c0730a362bee2c8b5f53050991856a29e (0.16s)
    --- PASS: FuzzKeystore/a42e5b5cde0a9ec337526268af5f1144edc1e307 (0.16s)
    --- PASS: FuzzKeystore/a4517dae2dbf051bb16e2dce08a6a873ac80d807 (0.16s)
    --- PASS: FuzzKeystore/a4980e69786d1870db214736eb4777eaf02c563d (0.16s)
    --- PASS: FuzzKeystore/a50835ae829305d8476b73ac6a1ce714805d931f (0.16s)
    --- PASS: FuzzKeystore/a8900d866168be40a47b2084c144e9c5b936ec23 (0.16s)
    --- PASS: FuzzKeystore/a9b7db16d9bfae6178e9b9b1de71fb27b874aaa0 (0.16s)
    --- PASS: FuzzKeystore/aa569ca7d78425bae064b1b9491d21c4d0974653 (0.16s)
    --- PASS: FuzzKeystore/aa75f9f126b5d04952db8e93fca19871600f9509 (0.16s)
    --- PASS: FuzzKeystore/ab4a886f6da04749f220d83cdccceb0e2989a66c (0.16s)
    --- PASS: FuzzKeystore/abc75c5d0fb11d852ae1fe15733038ee41a6a0c6 (0.16s)
    --- PASS: FuzzKeystore/abca11a0db072b79a621043fe2a1e78a2d7395a5 (0.16s)
    --- PASS: FuzzKeystore/ac4eff545e2a819e63a294d0649e428bf301657c (0.16s)
    --- PASS: FuzzKeystore/acfb80ef220ff92a67e8853b6e10a705984ce030 (0.16s)
    --- PASS: FuzzKeystore/ad3bf85e62685b783ca3c2409d457a0143589ec8 (0.16s)
    --- PASS: FuzzKeystore/adc83b19e793491b1c6ea0fd8b46cd9f32e592fc (0.16s)
    --- PASS: FuzzKeystore/b0861007e4ca7356eb074c1b8dc8a0989e369b65 (0.16s)
    --- PASS: FuzzKeystore/b19542d27b38de580bebb13201995bf0c6fcf34e (0.16s)
    --- PASS: FuzzKeystore/b1c6a55d75c92e56ae4da3948a02a6cb929fe129 (0.16s)
    --- PASS: FuzzKeystore/b21a9311fb52c57a0e48f32873dc8e1081d0c988 (0.16s)
    --- PASS: FuzzKeystore/b3715205c16ddb61e8f9fcf29326a17f60f52793 (0.16s)
    --- PASS: FuzzKeystore/b5a5d6a0d3b10a4a0cca077f19288fe535eb705c (0.16s)
    --- PASS: FuzzKeystore/b6483c242eb8bf9b33025c5bceef709536935e18 (0.16s)
    --- PASS: FuzzKeystore/b82872d22e746831344ccf4be3b2cbb52499d8d0 (0.16s)
    --- PASS: FuzzKeystore/b856a8a522203076fe23d635dc4e6b08553966bd (0.16s)
    --- PASS: FuzzKeystore/b87f961004d6ab9fd2483ad4cad15e953c9cd1b6 (0.16s)
    --- PASS: FuzzKeystore/b92d4c23cc457a1ae41e6547d51ab8d8560b2019 (0.16s)
    --- PASS: FuzzKeystore/ba13f1fc31270ae2bb808aa4cf74dd152851ac32 (0.16s)
    --- PASS: FuzzKeystore/bbd4e99910423222ee5836c891bab8b5518fbffa (0.16s)
    --- PASS: FuzzKeystore/bd4a2e7eb5cc05bda949c868ee20fc0be9435a05 (0.16s)
    --- PASS: FuzzKeystore/bedc2ffe6a34db487c6ed68ec6b5bb9989be846e (0.16s)
    --- PASS: FuzzKeystore/befcd9055bc8dafbd93aeaaa532edf1006bae006 (0.16s)
    --- PASS: FuzzKeystore/bfd95cd698d61dab9d7f8b91a66507c69397f5ed (0.16s)
    --- PASS: FuzzKeystore/c0ca5747e0a07ff7f7872c377a5fb5ff168731a4 (0.16s)
    --- PASS: FuzzKeystore/c10b563de6514530f1a57fc9946d7dff807107c5 (0.16s)
    --- PASS: FuzzKeystore/c20d7dec297e8fb72aa6beae7d268c9a13c5d479 (0.16s)
    --- PASS: FuzzKeystore/c25480947edafb3ac6225fad391687b8095d0b29 (0.16s)
    --- PASS: FuzzKeystore/c3a19b97ae315f92a16db48df5436d41262a3930 (0.16s)
    --- PASS: FuzzKeystore/c3a490c11dc8b7d16d43b39dafc78282913a6e2e (0.16s)
    --- PASS: FuzzKeystore/c423cd06144344f2a319c4b76f1c7d716c3b9f37 (0.16s)
    --- PASS: FuzzKeystore/c597ba69958e79afc13e879f7d14d4672fdab445 (0.16s)
    --- PASS: FuzzKeystore/c5c6338a379730b8250ae9bb6f711f585ef3acb8 (0.16s)
    --- PASS: FuzzKeystore/c5e153734990b880fc4087fbba55c675823cf83d (0.16s)
    --- PASS: FuzzKeystore/c6ecb194b0fbec8af6b8cd60623b53850411c00b (0.16s)
    --- PASS: FuzzKeystore/c767f9e2683e8fc665652b121891302a93e2140a (0.16s)
    --- PASS: FuzzKeystore/c78521559402a454410a71c48d0dec55ed1dbe78 (0.16s)
    --- PASS: FuzzKeystore/c8dd376a5b8f22624e73059b752466a417ed96be (0.16s)
    --- PASS: FuzzKeystore/ca2810b4add1daa690ee06344b9780e5b0e68d5e (0.16s)
    --- PASS: FuzzKeystore/ca2c101cecdf90070609b66f981e0d115baee575 (0.16s)
    --- PASS: FuzzKeystore/caceea4238b2b9e692f1aef6b11d07e92b284b43 (0.16s)
    --- PASS: FuzzKeystore/cb3537f469003eb7bd6cbcee832528f6e951da67 (0.17s)
    --- PASS: FuzzKeystore/cb6da45d87eaf94b44ae32e790efdf0da4a445f0 (0.16s)
    --- PASS: FuzzKeystore/cba168b9c209014edb3a75cfcd67b8f008d7460d (0.16s)
    --- PASS: FuzzKeystore/cc06c2244a535b7b5cddcbf69a90cea8b0283b5e (0.16s)
    --- PASS: FuzzKeystore/ce14020c85cbc8a667b2395926f09ddd63f4ac8c (0.16s)
    --- PASS: FuzzKeystore/cfb03ce8ddfc64341b284d06d145604de63c0696 (0.16s)
    --- PASS: FuzzKeystore/d00ff4b8adf0f542c1406754d986f708abb5407b (0.16s)
    --- PASS: FuzzKeystore/d0c1f5344fbc12b0acbde1fd512451455c635fce (0.16s)
    --- PASS: FuzzKeystore/d10f4bd71c1ebe4162beb5b06392d437d0f5d43b (0.16s)
    --- PASS: FuzzKeystore/d1b28e386516e89c8fc0830807a0aec3021c02fa (0.16s)
    --- PASS: FuzzKeystore/d2b0aec889888940334f949d00c528b7a2782397 (0.16s)
    --- PASS: FuzzKeystore/d2b376ce7be8bc22d71b820390c54a79171d3bd5 (0.16s)
    --- PASS: FuzzKeystore/d4a7a671eea781bd530c1188c6e2b4d80a751cf3 (0.16s)
    --- PASS: FuzzKeystore/d4b5ed4644272fc86b1392cc853342716b763e21 (0.16s)
    --- PASS: FuzzKeystore/d4d52fd5010096bcadba6ca1e29c76e437ad789c (0.16s)
    --- PASS: FuzzKeystore/d557386536749665d00c67723211e94a501e5e65 (0.16s)
    --- PASS: FuzzKeystore/d5b1b55eb63214aa34ded9d52e7f738a3d4b6465 (0.17s)
    --- PASS: FuzzKeystore/d6714b9e397ef93cb7aff29d3e4ff94db07ca52d (0.16s)
    --- PASS: FuzzKeystore/d721388eb29db40beb54da2a304f6dc83afeea77 (0.16s)
    --- PASS: FuzzKeystore/d7c7a480ab5a18a0c756af763fa2c7c23005b49a (0.16s)
    --- PASS: FuzzKeystore/d99aaa5b6780621087d196f3b6af9aea33cea6af (0.16s)
    --- PASS: FuzzKeystore/d9b617ba802cdd7ca66ad1705a5b4faba2c09237 (0.16s)
    --- PASS: FuzzKeystore/da5799dd40db6e89c773e290e87c07bbae588877 (0.16s)
    --- PASS: FuzzKeystore/dadc019a058fd888367ce70431efa041165481e4 (0.16s)
    --- PASS: FuzzKeystore/db7638a63850b65da978eaaf3dea4736aaf2c87d (0.16s)
    --- PASS: FuzzKeystore/dd2174aa86f077bb5d71861d98420b42e67b5d76 (0.16s)
    --- PASS: FuzzKeystore/ddbac85f7297b93126decb9711d9d6bd5426f141 (0.16s)
    --- PASS: FuzzKeystore/dddbe2c4094a419bade879964f542aa3e2698f1a (0.16s)
    --- PASS: FuzzKeystore/deb10b1f0be3e883c48087677305f901246ab2df (0.19s)
    --- PASS: FuzzKeystore/df4819fd5bf04422deaa058256880e49824a59a7 (0.16s)
    --- PASS: FuzzKeystore/e0f24c73b9523466945e0d9e2331edb830ffda85 (0.16s)
    --- PASS: FuzzKeystore/e0f9cc5112e7e0347fcbe36749bdb9c0e7a3ad00 (0.16s)
    --- PASS: FuzzKeystore/e202ac583f44f0cf9866fbbc4351faa85bb39594 (0.16s)
    --- PASS: FuzzKeystore/e23ee6468b4cc21ad91878b2ba77336a8eca40a4 (0.16s)
    --- PASS: FuzzKeystore/e41c0eedc55d3fb2af098339962dbd71a22e2180 (0.16s)
    --- PASS: FuzzKeystore/e4feed22a1ebafde155fa5ae810ebdef4f41b1d2 (0.16s)
    --- PASS: FuzzKeystore/e6690c997a827c6c60aa8397e88070d00b7c7c9a (0.16s)
    --- PASS: FuzzKeystore/e7ac53a329bdc439df2a96fa554cdc77a609fdc7 (0.16s)
    --- PASS: FuzzKeystore/e7d0540f57ec70439720e94af0629cc4a9067491 (0.16s)
    --- PASS: FuzzKeystore/e7fd730f02bab8a8de97fb6119601708ef801e0a (0.16s)
    --- PASS: FuzzKeystore/e9dfe843b05fa23f16dfe50611ad4ac81a7d0149 (0.16s)
    --- PASS: FuzzKeystore/ea3679b9f3b54ec4b8e085c0393c9469f473d2de (0.16s)
    --- PASS: FuzzKeystore/eb5fa4baf13349697c75f27ef580cde568e5ba26 (0.16s)
    --- PASS: FuzzKeystore/ed3f626b4974dd6e64609b0f8ddbc5f579fbfbff (0.16s)
    --- PASS: FuzzKeystore/ee054bf433655a5a2ad716ac6d16ff0f5e0e0d91 (0.16s)
    --- PASS: FuzzKeystore/ee4d09ae25880749976730625a21673cecf0b2b8 (0.16s)
    --- PASS: FuzzKeystore/f0ea4f48133d312c456263cee391a2c44ea8392f (0.16s)
    --- PASS: FuzzKeystore/f17ce27b6bdbb15d38d765831d6e5f79b3a2e44c (0.16s)
    --- PASS: FuzzKeystore/f2928b9c43474bb4c37dff173a7703084b080e5a (0.16s)
    --- PASS: FuzzKeystore/f4249aea16cdf5ad8833ae7cb17ef0c3236fb5bf (0.16s)
    --- PASS: FuzzKeystore/f461b2ac355a11196c6904439e9c64671c637068 (0.16s)
    --- PASS: FuzzKeystore/f503e033c1a5bb1f87bae2703a6b1afc8e572553 (0.16s)
    --- PASS: FuzzKeystore/f512cb61125cbc47c897a9b28c58f4d2cb25743a (0.16s)
    --- PASS: FuzzKeystore/f7e24306686cc19ef771a2b548bf72cc2c09cf20 (0.16s)
    --- PASS: FuzzKeystore/f8cd4bb3bf63b4bcc9a4d316005b807ff6899145 (0.16s)
    --- PASS: FuzzKeystore/f981211d871748e5ba3c98ff440847643ca4c565 (0.16s)
    --- PASS: FuzzKeystore/faab35f6224843271f872cdc1f7def473683507b (0.16s)
    --- PASS: FuzzKeystore/fbe4656c9bba361b7d5534eac02c475d126aa14e (0.16s)
    --- PASS: FuzzKeystore/fd33edfee408dac396629d8ee59a3476da81778d (0.16s)
    --- PASS: FuzzKeystore/fde29514f8e8d5612dbebee79a2a817023ea7412 (0.16s)
    --- PASS: FuzzKeystore/ffbb506a63a7afda72f08ee46292248bcff576c4 (0.16s)
PASS
coverage: 75.0% of statements
ok  	github.com/morph-l2/go-ethereum/tests/fuzzers/keystore	49.972s	coverage: 75.0% of statements
