mode: set
github.com/morph-l2/go-ethereum/tests/fuzzers/les/debug/main.go:27.13,28.23 1 0
github.com/morph-l2/go-ethereum/tests/fuzzers/les/debug/main.go:28.23,33.3 4 0
github.com/morph-l2/go-ethereum/tests/fuzzers/les/debug/main.go:34.2,36.16 3 0
github.com/morph-l2/go-ethereum/tests/fuzzers/les/debug/main.go:36.16,39.3 2 0
github.com/morph-l2/go-ethereum/tests/fuzzers/les/debug/main.go:40.2,40.16 1 0
github.com/morph-l2/go-ethereum/tests/fuzzers/les/les-fuzzer.go:56.76,66.35 5 1
github.com/morph-l2/go-ethereum/tests/fuzzers/les/les-fuzzer.go:66.35,72.16 3 1
github.com/morph-l2/go-ethereum/tests/fuzzers/les/les-fuzzer.go:72.16,75.5 2 1
github.com/morph-l2/go-ethereum/tests/fuzzers/les/les-fuzzer.go:75.10,78.5 2 1
github.com/morph-l2/go-ethereum/tests/fuzzers/les/les-fuzzer.go:79.4,81.42 3 1
github.com/morph-l2/go-ethereum/tests/fuzzers/les/les-fuzzer.go:83.2,84.50 2 1
github.com/morph-l2/go-ethereum/tests/fuzzers/les/les-fuzzer.go:84.50,85.13 1 0
github.com/morph-l2/go-ethereum/tests/fuzzers/les/les-fuzzer.go:87.2,87.8 1 1
github.com/morph-l2/go-ethereum/tests/fuzzers/les/les-fuzzer.go:90.90,93.36 3 1
github.com/morph-l2/go-ethereum/tests/fuzzers/les/les-fuzzer.go:93.36,105.3 8 1
github.com/morph-l2/go-ethereum/tests/fuzzers/les/les-fuzzer.go:106.2,106.8 1 1
github.com/morph-l2/go-ethereum/tests/fuzzers/les/les-fuzzer.go:109.13,112.2 2 1
github.com/morph-l2/go-ethereum/tests/fuzzers/les/les-fuzzer.go:131.38,145.2 1 1
github.com/morph-l2/go-ethereum/tests/fuzzers/les/les-fuzzer.go:147.40,149.45 2 1
github.com/morph-l2/go-ethereum/tests/fuzzers/les/les-fuzzer.go:149.45,151.3 1 1
github.com/morph-l2/go-ethereum/tests/fuzzers/les/les-fuzzer.go:152.2,152.12 1 1
github.com/morph-l2/go-ethereum/tests/fuzzers/les/les-fuzzer.go:155.36,158.2 2 1
github.com/morph-l2/go-ethereum/tests/fuzzers/les/les-fuzzer.go:160.36,163.2 2 1
github.com/morph-l2/go-ethereum/tests/fuzzers/les/les-fuzzer.go:165.41,166.14 1 1
github.com/morph-l2/go-ethereum/tests/fuzzers/les/les-fuzzer.go:166.14,168.3 1 0
github.com/morph-l2/go-ethereum/tests/fuzzers/les/les-fuzzer.go:169.2,169.16 1 1
github.com/morph-l2/go-ethereum/tests/fuzzers/les/les-fuzzer.go:169.16,171.3 1 1
github.com/morph-l2/go-ethereum/tests/fuzzers/les/les-fuzzer.go:172.2,173.70 2 1
github.com/morph-l2/go-ethereum/tests/fuzzers/les/les-fuzzer.go:173.70,175.3 1 1
github.com/morph-l2/go-ethereum/tests/fuzzers/les/les-fuzzer.go:176.2,176.29 1 1
github.com/morph-l2/go-ethereum/tests/fuzzers/les/les-fuzzer.go:179.42,181.70 2 1
github.com/morph-l2/go-ethereum/tests/fuzzers/les/les-fuzzer.go:181.70,183.3 1 1
github.com/morph-l2/go-ethereum/tests/fuzzers/les/les-fuzzer.go:184.2,184.16 1 1
github.com/morph-l2/go-ethereum/tests/fuzzers/les/les-fuzzer.go:184.16,186.3 1 1
github.com/morph-l2/go-ethereum/tests/fuzzers/les/les-fuzzer.go:187.2,187.69 1 1
github.com/morph-l2/go-ethereum/tests/fuzzers/les/les-fuzzer.go:190.48,192.26 2 1
github.com/morph-l2/go-ethereum/tests/fuzzers/les/les-fuzzer.go:192.26,194.3 1 1
github.com/morph-l2/go-ethereum/tests/fuzzers/les/les-fuzzer.go:195.2,195.54 1 1
github.com/morph-l2/go-ethereum/tests/fuzzers/les/les-fuzzer.go:198.42,200.21 2 1
github.com/morph-l2/go-ethereum/tests/fuzzers/les/les-fuzzer.go:200.21,202.3 1 1
github.com/morph-l2/go-ethereum/tests/fuzzers/les/les-fuzzer.go:203.2,203.34 1 1
github.com/morph-l2/go-ethereum/tests/fuzzers/les/les-fuzzer.go:206.44,208.24 2 1
github.com/morph-l2/go-ethereum/tests/fuzzers/les/les-fuzzer.go:208.24,210.3 1 1
github.com/morph-l2/go-ethereum/tests/fuzzers/les/les-fuzzer.go:211.2,211.18 1 1
github.com/morph-l2/go-ethereum/tests/fuzzers/les/les-fuzzer.go:214.46,216.26 2 1
github.com/morph-l2/go-ethereum/tests/fuzzers/les/les-fuzzer.go:216.26,218.3 1 1
github.com/morph-l2/go-ethereum/tests/fuzzers/les/les-fuzzer.go:219.2,219.19 1 1
github.com/morph-l2/go-ethereum/tests/fuzzers/les/les-fuzzer.go:222.45,224.20 2 1
github.com/morph-l2/go-ethereum/tests/fuzzers/les/les-fuzzer.go:224.20,226.3 1 1
github.com/morph-l2/go-ethereum/tests/fuzzers/les/les-fuzzer.go:227.2,227.54 1 1
github.com/morph-l2/go-ethereum/tests/fuzzers/les/les-fuzzer.go:230.48,232.2 1 1
github.com/morph-l2/go-ethereum/tests/fuzzers/les/les-fuzzer.go:234.40,236.2 1 1
github.com/morph-l2/go-ethereum/tests/fuzzers/les/les-fuzzer.go:238.37,240.2 1 1
github.com/morph-l2/go-ethereum/tests/fuzzers/les/les-fuzzer.go:242.36,244.2 1 1
github.com/morph-l2/go-ethereum/tests/fuzzers/les/les-fuzzer.go:246.67,247.14 1 1
github.com/morph-l2/go-ethereum/tests/fuzzers/les/les-fuzzer.go:247.14,249.3 1 1
github.com/morph-l2/go-ethereum/tests/fuzzers/les/les-fuzzer.go:249.8,249.21 1 1
github.com/morph-l2/go-ethereum/tests/fuzzers/les/les-fuzzer.go:249.21,251.3 1 1
github.com/morph-l2/go-ethereum/tests/fuzzers/les/les-fuzzer.go:252.2,252.12 1 1
github.com/morph-l2/go-ethereum/tests/fuzzers/les/les-fuzzer.go:259.49,261.2 1 1
github.com/morph-l2/go-ethereum/tests/fuzzers/les/les-fuzzer.go:263.61,265.16 2 1
github.com/morph-l2/go-ethereum/tests/fuzzers/les/les-fuzzer.go:265.16,266.13 1 0
github.com/morph-l2/go-ethereum/tests/fuzzers/les/les-fuzzer.go:268.2,272.16 5 1
github.com/morph-l2/go-ethereum/tests/fuzzers/les/les-fuzzer.go:272.16,273.13 1 0
github.com/morph-l2/go-ethereum/tests/fuzzers/les/les-fuzzer.go:275.2,275.26 1 1
github.com/morph-l2/go-ethereum/tests/fuzzers/les/les-fuzzer.go:275.26,275.41 1 1
github.com/morph-l2/go-ethereum/tests/fuzzers/les/les-fuzzer.go:278.29,280.22 1 1
github.com/morph-l2/go-ethereum/tests/fuzzers/les/les-fuzzer.go:280.22,282.3 1 1
github.com/morph-l2/go-ethereum/tests/fuzzers/les/les-fuzzer.go:283.2,284.17 2 1
github.com/morph-l2/go-ethereum/tests/fuzzers/les/les-fuzzer.go:284.17,286.3 1 0
github.com/morph-l2/go-ethereum/tests/fuzzers/les/les-fuzzer.go:287.2,287.19 1 1
github.com/morph-l2/go-ethereum/tests/fuzzers/les/les-fuzzer.go:287.19,288.25 1 1
github.com/morph-l2/go-ethereum/tests/fuzzers/les/les-fuzzer.go:289.10,297.22 2 1
github.com/morph-l2/go-ethereum/tests/fuzzers/les/les-fuzzer.go:297.22,299.5 1 1
github.com/morph-l2/go-ethereum/tests/fuzzers/les/les-fuzzer.go:299.10,301.5 1 1
github.com/morph-l2/go-ethereum/tests/fuzzers/les/les-fuzzer.go:302.4,302.39 1 1
github.com/morph-l2/go-ethereum/tests/fuzzers/les/les-fuzzer.go:304.10,306.30 2 1
github.com/morph-l2/go-ethereum/tests/fuzzers/les/les-fuzzer.go:306.30,308.5 1 1
github.com/morph-l2/go-ethereum/tests/fuzzers/les/les-fuzzer.go:309.4,309.38 1 1
github.com/morph-l2/go-ethereum/tests/fuzzers/les/les-fuzzer.go:311.10,313.28 2 1
github.com/morph-l2/go-ethereum/tests/fuzzers/les/les-fuzzer.go:313.28,318.5 1 1
github.com/morph-l2/go-ethereum/tests/fuzzers/les/les-fuzzer.go:319.4,319.31 1 1
github.com/morph-l2/go-ethereum/tests/fuzzers/les/les-fuzzer.go:321.10,323.30 2 1
github.com/morph-l2/go-ethereum/tests/fuzzers/les/les-fuzzer.go:323.30,325.5 1 1
github.com/morph-l2/go-ethereum/tests/fuzzers/les/les-fuzzer.go:326.4,326.35 1 1
github.com/morph-l2/go-ethereum/tests/fuzzers/les/les-fuzzer.go:328.10,330.28 2 1
github.com/morph-l2/go-ethereum/tests/fuzzers/les/les-fuzzer.go:330.28,331.23 1 1
github.com/morph-l2/go-ethereum/tests/fuzzers/les/les-fuzzer.go:331.23,338.6 1 1
github.com/morph-l2/go-ethereum/tests/fuzzers/les/les-fuzzer.go:338.11,344.6 1 1
github.com/morph-l2/go-ethereum/tests/fuzzers/les/les-fuzzer.go:346.4,346.35 1 1
github.com/morph-l2/go-ethereum/tests/fuzzers/les/les-fuzzer.go:348.10,350.28 2 1
github.com/morph-l2/go-ethereum/tests/fuzzers/les/les-fuzzer.go:350.28,351.27 1 1
github.com/morph-l2/go-ethereum/tests/fuzzers/les/les-fuzzer.go:352.12,360.7 1 1
github.com/morph-l2/go-ethereum/tests/fuzzers/les/les-fuzzer.go:361.12,369.7 1 1
github.com/morph-l2/go-ethereum/tests/fuzzers/les/les-fuzzer.go:370.13,378.7 1 1
github.com/morph-l2/go-ethereum/tests/fuzzers/les/les-fuzzer.go:381.4,381.43 1 1
github.com/morph-l2/go-ethereum/tests/fuzzers/les/les-fuzzer.go:383.10,386.27 3 1
github.com/morph-l2/go-ethereum/tests/fuzzers/les/les-fuzzer.go:386.27,388.23 2 1
github.com/morph-l2/go-ethereum/tests/fuzzers/les/les-fuzzer.go:388.23,390.6 1 1
github.com/morph-l2/go-ethereum/tests/fuzzers/les/les-fuzzer.go:390.11,393.6 2 1
github.com/morph-l2/go-ethereum/tests/fuzzers/les/les-fuzzer.go:394.5,394.181 1 1
github.com/morph-l2/go-ethereum/tests/fuzzers/les/les-fuzzer.go:396.4,396.32 1 1
github.com/morph-l2/go-ethereum/tests/fuzzers/les/les-fuzzer.go:398.10,400.30 2 1
github.com/morph-l2/go-ethereum/tests/fuzzers/les/les-fuzzer.go:400.30,402.5 1 1
github.com/morph-l2/go-ethereum/tests/fuzzers/les/les-fuzzer.go:403.4,403.35 1 1
github.com/morph-l2/go-ethereum/tests/fuzzers/les/les-fuzzer.go:406.2,406.10 1 1
