=== RUN   FuzzRlp
=== RUN   FuzzRlp/00058b84748708908942c195599bd20b60a0877c
=== RUN   FuzzRlp/00d5ccec4dd4f530d8c921e6a37dd89fe5149ff6
=== RUN   FuzzRlp/00f628728a540bfbb0dd851e2282f8eff5564b67
=== RUN   FuzzRlp/013fdabfe01671c1d9b2ff6e217fea798257dd3a
=== RUN   FuzzRlp/0193cdc0ba5bbcbfd5e1658bff5feefed54c3986
=== RUN   FuzzRlp/02dc72e54479560246951b2faf06414e897c7568
=== RUN   FuzzRlp/036c96ffdf6f9e6c40d21cc75d2b7eb9cf01eb6e
=== RUN   FuzzRlp/03c116d23122c7635a46d1ea73d2f279d536bf93
=== RUN   FuzzRlp/044127546a0eb67b2fbdd47b53bba36b35d7f6f9
=== RUN   FuzzRlp/05ece01a848129b4fd551fdeb5ef5a035356527e
=== RUN   FuzzRlp/062fc5cadf903cde5042276cebbf4912e7e29d9f
=== RUN   FuzzRlp/0671490a31e541e25cfcfc8caf3ff972168ed548
=== RUN   FuzzRlp/06961f4bc3294a36eab3a82054e304712b2c88f3
=== RUN   FuzzRlp/07105078de91bead5e65c5fbfd2638dd731e8e3a
=== RUN   FuzzRlp/072007c504a410ef5d8270e69e244172b0deadf9
=== RUN   FuzzRlp/080ff98fd1163cb1c6fd6af67a31a485fa63fb0a
=== RUN   FuzzRlp/09409e093846d4e66a008ab0d24d54c08cf722e3
=== RUN   FuzzRlp/0a1c2567b213f7f9b7e295220295b80a6f96f3c7
=== RUN   FuzzRlp/0c74cdecb2d2cff50fec9ab538da50654265fd4d
=== RUN   FuzzRlp/0d1d264b5169527f7ddaeeb0bf9c97901a56c2a4
=== RUN   FuzzRlp/0d40dce99e10a04916b2af8d22b2cb61badf2085
=== RUN   FuzzRlp/0dc72e0fa74cac6498d0f0ff5f98ff825b3fcb73
=== RUN   FuzzRlp/0de5991e5fe5933937eb9de624880e9a857da40b
=== RUN   FuzzRlp/0ffdeda8e9c7b331ef628d21602ca21c7da2c7ea
=== RUN   FuzzRlp/102620ea2c46f320f0b57a47ab8e7f22050d9cb2
=== RUN   FuzzRlp/11141ac10cc620f0c7ac9170b6e19cdd16d597c8
=== RUN   FuzzRlp/115758c21623c5cb3554afc261436195c3449711
=== RUN   FuzzRlp/11dc2488aff2ae50a70baaedb012574ff5c90a2f
=== RUN   FuzzRlp/11ea082cb6afe68402cc8fca5081d16a253a0780
=== RUN   FuzzRlp/12841574f70c38baf7805958db6c45d2c7464d30
=== RUN   FuzzRlp/13148f79e778b270d62695995c96faabf5c8c6e2
=== RUN   FuzzRlp/13ac25a788e28e185213136c1e64ffcb1944378f
=== RUN   FuzzRlp/1444dc8e5cbf08116d90039837c07c97d7b579fc
=== RUN   FuzzRlp/14ad863858b02eddf0b6f9394c3106f5befaf65b
=== RUN   FuzzRlp/15506f3f944a0dd10f7f04d18ed8dfc92ece2db0
=== RUN   FuzzRlp/156e48e64115038c1e2758e9086e8c1267931648
=== RUN   FuzzRlp/15c98111b4e2671415a068d038fe5c03abd1350b
=== RUN   FuzzRlp/15e5e51733df33966ed5d95b23efb2d67e215a6f
=== RUN   FuzzRlp/170d8533dad98634383a87e639e05958bbf2e57f
=== RUN   FuzzRlp/17e33132b2b089c7f84de75220f144be908f7f0f
=== RUN   FuzzRlp/1854dde2c8079c63d008361e908e8b8c8992579e
=== RUN   FuzzRlp/18e2783d9cf7a99f02e7ed802f65b4369fc02dbb
=== RUN   FuzzRlp/18f88935ac7f2110b7462d8dc24e1a111e78d4bb
=== RUN   FuzzRlp/192e1b3fdcd708875907b18708a432f4ff4959e0
=== RUN   FuzzRlp/1a1d9001e414b323c66d62404b45cdbbdf7ea236
=== RUN   FuzzRlp/1aa99c7e675ea00078c36678b175a0ab627f904c
=== RUN   FuzzRlp/1abda6c4689d5b1e3a1a211ade32b037c188be29
=== RUN   FuzzRlp/1b5c6f3a91e15afdedaddfc2a409db3c011b51c5
=== RUN   FuzzRlp/1c37ead52b8ff7e093ef2c0bd773df31cc313b27
=== RUN   FuzzRlp/1d13a08007271c1674745f317d10e967abd08b34
=== RUN   FuzzRlp/1d542a114942de5bec7fe7f8ed5838b8f2e03a09
=== RUN   FuzzRlp/1dd3a319272f9d40a23672b363c1937c3eba7441
=== RUN   FuzzRlp/1e5beaace8183f58008d78eb09983396103875e4
=== RUN   FuzzRlp/1f43ae9032fc774f0f6a90fa4bfb866ba7530383
=== RUN   FuzzRlp/1fb6d1721a5f6367b12c34a3893fb361fd267f1d
=== RUN   FuzzRlp/1fbb629c02038557bfb09887519a5491ca0b3123
=== RUN   FuzzRlp/1fda0c125ba2698d3bce12a99506263bd749aee7
=== RUN   FuzzRlp/201581aa50cde7618f37d355364076b937f0c175
=== RUN   FuzzRlp/2080199518da2b48992a4e24220fd922360b0cfb
=== RUN   FuzzRlp/21e5cfd14914c4922d5dbc9269637170f5d040c0
=== RUN   FuzzRlp/22ba2a216eec83f5678c01f7dd0aaee985ca383a
=== RUN   FuzzRlp/22d8d52c8dbf4093cf0f31f8638563903b5070f0
=== RUN   FuzzRlp/231b54ce1e6419127ec34ae78f181ea940c479f2
=== RUN   FuzzRlp/2383e493b42c709dbfe6f60dc3a022fa597658f1
=== RUN   FuzzRlp/24aadc03c9221fa62a39a758775eee59d580557c
=== RUN   FuzzRlp/24b33ae2b1e84e397247ab28d5dfbf66f66059ee
=== RUN   FuzzRlp/24f1bae1ec5e8a910321cba574dd3d35085b6408
=== RUN   FuzzRlp/258f3ed65574b16365bcf8777f22262c6dc1cc90
=== RUN   FuzzRlp/25eeaff42f6ee6ebac55edecee7744d7e8ce94f6
=== RUN   FuzzRlp/2661531248cfb9d2e2362d8fa08bdaf761486483
=== RUN   FuzzRlp/26b3e64c3ae1e1beab1b5be8806bb6d0d3a9d531
=== RUN   FuzzRlp/271b4752786d6eb44a2901ccf87983fcdd6026cb
=== RUN   FuzzRlp/2946d6e79c2a9143a7ff8e28d0b1a586df46c510
=== RUN   FuzzRlp/295c04b279c5358afd243a3f0eb688e4f4424370
=== RUN   FuzzRlp/297d842a25614a91e978dba062f06fcbcf40fed7
=== RUN   FuzzRlp/2b021c6a440f1f31990170165b3cafeda6ab932f
=== RUN   FuzzRlp/2b3988da646fa943881786c043cc2546b6e60714
=== RUN   FuzzRlp/2b66feed931e950bbcd9e7836adf89a718e1b9d5
=== RUN   FuzzRlp/2bc8041b627f6213021f7b12e95da161f3f24b94
=== RUN   FuzzRlp/2be3f98d6b0e38aa24491db62ffdb9f4537008c1
=== RUN   FuzzRlp/2dcb8815e72db5c27a69301f72467885babf0632
=== RUN   FuzzRlp/2edc304c10509c526203e02a3cff90fdf0b18d8a
=== RUN   FuzzRlp/2eff28a83a23ccefcc0b4cbc66aab3e6f1c04c10
=== RUN   FuzzRlp/2f21a5aa413fcf55d2eb82a63ae585d68f626599
=== RUN   FuzzRlp/2f47d0a85dc2548c148d349791c416448ac012ad
=== RUN   FuzzRlp/2f9449b83ef90de4f807b4a69de57c46cd4882ec
=== RUN   FuzzRlp/2f988714bca2909f620c064fa765fb4127fe4560
=== RUN   FuzzRlp/2ffce26a5a58e1303d9e81b732cf5af486e77662
=== RUN   FuzzRlp/30e9b6fbc6a1945df34a5a45692d63fe1694a103
=== RUN   FuzzRlp/30fed1a59687c37eecb7b0728cbb5c4417c33d1c
=== RUN   FuzzRlp/3114407913c8687aade30dd919a9f08bca6593ab
=== RUN   FuzzRlp/311851cc03eb74677d645d85360a2e40dd747173
=== RUN   FuzzRlp/31edf763b65f5878a6bd1a9b9c1d39be6f3d0409
=== RUN   FuzzRlp/3220a0f61c92fa37ed5187cf0da6887c60408d83
=== RUN   FuzzRlp/3223dad553107371214cec9b46136bee78d08711
=== RUN   FuzzRlp/33283793135aff6ea11c4e5c8bf20bfe3dcba7d8
=== RUN   FuzzRlp/335e5ea950335142ac6439a06c253269a3d577c7
=== RUN   FuzzRlp/337bee6c82be2017c636cd8c3419ddc3dea95aa1
=== RUN   FuzzRlp/33a7ee418f0284b3228f27ef689359715cba89f2
=== RUN   FuzzRlp/34412faeea7df6f969e8aedf81f231c2d1957375
=== RUN   FuzzRlp/35517f2e1f4fd599ea63f5701b7a25fe29de4a52
=== RUN   FuzzRlp/359b256a309cb729ac7934838a0b3179c1a70206
=== RUN   FuzzRlp/36a0bdf0ec68c9667cb840c02e578876c862f350
=== RUN   FuzzRlp/372f9eb614cba6527279993c6b48714dedde1c92
=== RUN   FuzzRlp/37815f0d32968a8b10d8c40eee5523afb00a6601
=== RUN   FuzzRlp/37e9da4e9560a8e5178c527cbc62c3a6a78dd1ee
=== RUN   FuzzRlp/37fd786ae4a3a68047a7931a8db5e5974b27c30c
=== RUN   FuzzRlp/3976212c2fcfa4d80a7ff8357a298f22cc8140d3
=== RUN   FuzzRlp/399816554cc27490ca278ad5af80c94ef1772e5f
=== RUN   FuzzRlp/39aa336ca9bb7d2aaace03e47cf52199789ebf36
=== RUN   FuzzRlp/39ce1e96756bc3c99f1ee2d37693caa41096de40
=== RUN   FuzzRlp/3a9924e8b42b8e0e248be402e9ecb3ad6e8f7125
=== RUN   FuzzRlp/3afe29d302900601a02f271f2a5d573d1ec9f31e
=== RUN   FuzzRlp/3b12dd3d2ab09a0a022633d68fb6910d4ad404d9
=== RUN   FuzzRlp/3b3c0749745274e77331dc4d0e185b60d37ac812
=== RUN   FuzzRlp/3b75fb9aae3cb8762b6c5ce0b396d97661bf5f3d
=== RUN   FuzzRlp/3b9c297ed4f6f622519f3c8e606c9b4e3ba78520
=== RUN   FuzzRlp/3c673c237514e2e0476ef8051e5739edc6b83a2c
=== RUN   FuzzRlp/3ddb6e23db63bc4ee1b219b89ed4a212f0756b98
=== RUN   FuzzRlp/3e42e0bbfe056869cc4e99bbdb0a3679f4e9f5cf
=== RUN   FuzzRlp/3ebd94d10c4bcfd1dcd0adf6f88dbb8d0e523902
=== RUN   FuzzRlp/3f25cd360978b11edb4fe8061a6e6748b4b7fe0b
=== RUN   FuzzRlp/40101cb9f3faa8d86716aad9df9a59b3e605630d
=== RUN   FuzzRlp/4163392fe45b19cd233f0edae882153d7cff3a95
=== RUN   FuzzRlp/41868436535a4b22f2aba2879c1d879c2df0614d
=== RUN   FuzzRlp/426a3412ba7a19ea09b64de5e913b67732585634
=== RUN   FuzzRlp/43986ff044d8f484c29817011599083f2b0a327b
=== RUN   FuzzRlp/43c08bdbf07ee81981c5bb00d401fa73b68ce1ab
=== RUN   FuzzRlp/454ecb2026f6ea2aea5f07c43ee87500e84b2bd8
=== RUN   FuzzRlp/455fd4afdf55e13f2b35371d85a9c781703e31ba
=== RUN   FuzzRlp/45e86acbaac1a0556f2677b6fe77538d119415b1
=== RUN   FuzzRlp/466c5c7bb5c4aca46aca88be4b34b7a5fe6ddb2d
=== RUN   FuzzRlp/4692764315ede18f589880bc1da432ca4edd1a08
=== RUN   FuzzRlp/4720c592da3daed01c2bb8ce2b5d455caf206884
=== RUN   FuzzRlp/474c49aaf2481590e5303c92cb10424aad37178b
=== RUN   FuzzRlp/476bf7df41757f8c8ceb4358daf89eb52a003400
=== RUN   FuzzRlp/4808a377a028a74bdb523669eceedc8b2b574802
=== RUN   FuzzRlp/4811f91d503e677d0bf413e3e65ea5eb704cad8b
=== RUN   FuzzRlp/48dd9504edbdea156acd31b33d62b2371e263685
=== RUN   FuzzRlp/491ddd980037f95435cc7cd81efdd604bba0902b
=== RUN   FuzzRlp/499c7400b62d2e949d6f1787ba4b39e802e5be28
=== RUN   FuzzRlp/4ad975ac564da8c2fb60b804a10030c2c801f4e5
=== RUN   FuzzRlp/4ae23989494ac57ffca3d12b4975317f735b50a8
=== RUN   FuzzRlp/4b8da518077b2f98455cbd50278bccf3dcee04e3
=== RUN   FuzzRlp/4b981bbca5e00977bba94d366f882b525cfd80e8
=== RUN   FuzzRlp/4cebbddc0928bd09743e9347888e3dad9b83d42d
=== RUN   FuzzRlp/4d1b2f227f33739a10c21eae90a08bd3946147da
=== RUN   FuzzRlp/4d86b60f95b4325d83b1215cbe428caa3508244e
=== RUN   FuzzRlp/4dce038485669342cb21a95c31eb4fd2524b1e65
=== RUN   FuzzRlp/4e1005ebc4f92a66d69f114246f7be68ff6eb9c1
=== RUN   FuzzRlp/4eb818e48f4a81ca07c1d18cb91b2036886dd5e7
=== RUN   FuzzRlp/4ec8bc5d8bfd9080930c4c1fe7104cfe24796f58
=== RUN   FuzzRlp/4f0566e87eead7a924693555ac9496eea16b0d34
=== RUN   FuzzRlp/4f291d73e177a07378537a9b0b3467b842dc6f0d
=== RUN   FuzzRlp/4fba637a9bed99173620294443d57f9b32c6be6a
=== RUN   FuzzRlp/5010142297cbf1d26092acb938af2365e69bdcda
=== RUN   FuzzRlp/50bc895d51b25f26769384fe91c1cd9e2ed92b27
=== RUN   FuzzRlp/513678ee417e3851787006d25f63d15455193652
=== RUN   FuzzRlp/51c72230852536daad60c75223253b38479e93c2
=== RUN   FuzzRlp/52a95a6539616ba2ffdfde2bc53419f131fe0d27
=== RUN   FuzzRlp/52bccd20e3745ccee151b31962ba2372997ccc8d
=== RUN   FuzzRlp/52c5fd0756761adf39e8f4eb6d3fe4cda783af4f
=== RUN   FuzzRlp/55c47e52127f7a052f5e2a39f5ec998d0eef2936
=== RUN   FuzzRlp/56040df96f8dd7a3f2a08cab3edaa34f1add6ba2
=== RUN   FuzzRlp/56206a9c09064f95ddb61417d09999ee8d3094b8
=== RUN   FuzzRlp/5860b9fcbdacb4f1e216e9d3e5ee5a3df136538a
=== RUN   FuzzRlp/587c18032ea0e70371ace680d82e96d0601c3d89
=== RUN   FuzzRlp/58809c934c82954a0451ad3da7da63ded11734e3
=== RUN   FuzzRlp/59a45090b49ae0f5908302cb23dc5900c555f2b9
=== RUN   FuzzRlp/5a131645618a35f03fbc8349a2f198ea3827eff3
=== RUN   FuzzRlp/5a4fcc7a002507358eb6f909515677de1800882e
=== RUN   FuzzRlp/5a5a9da8b46dff2633b7fd5a27d8740edb7a07fe
=== RUN   FuzzRlp/5b0573fd32fac6da0b622876574b59e4d1d2a980
=== RUN   FuzzRlp/5b66af017f77eecb46c15ef40847c57be9fc4961
=== RUN   FuzzRlp/5c3b76ef32a9c18c6a803c73d76d5b67d6f250e5
=== RUN   FuzzRlp/5d1bee388c199532c762af2b3f0c1396e8b7df83
=== RUN   FuzzRlp/5e3f1216863feb9a5f4faf8c9b1029a89eef7e41
=== RUN   FuzzRlp/5eca1c33de33c37c5b5ed418476cf014e300e6bc
=== RUN   FuzzRlp/5ed6e8760a2924703db8cf9954be172e33668949
=== RUN   FuzzRlp/5f02c061a8a17c2e6bcb5955eb4c4aaf7d4888e4
=== RUN   FuzzRlp/5f36fce62f2c928642382a4f37ff15478d477ed2
=== RUN   FuzzRlp/602ae64d9935b4984c642f4f7ac5b3aebd216fc9
=== RUN   FuzzRlp/606e7f43cf6bbd4dd8804d7d6a4b13e67f937f44
=== RUN   FuzzRlp/60b0d07406ecb60b140631d7ba6abcf61fd0af65
=== RUN   FuzzRlp/60cc36aa0cae0100fd2aad69c9366830662f56c7
=== RUN   FuzzRlp/6140b2c26d03d61614516f65131092c4a9cb7997
=== RUN   FuzzRlp/622b428b02711d04007b73f1e86250878810c262
=== RUN   FuzzRlp/62467fb359d36c796fa96dc97ca980ac48443c7f
=== RUN   FuzzRlp/628c28c7c2fd5f56f87ee3ff30cad2995af8a309
=== RUN   FuzzRlp/6292f90c7e08362ea191298b9b39a5e2276d9d5f
=== RUN   FuzzRlp/630628095022ba16df96327cacfcb1cece7be6ab
=== RUN   FuzzRlp/63223db17d9fb87d87b97c3ad7b9c4f8e8ec7ff2
=== RUN   FuzzRlp/639d07ba48bbda7e5556626b9094202ac5c9967e
=== RUN   FuzzRlp/63c13aefef1e6bfd8956e10a2485a2d912c539bd
=== RUN   FuzzRlp/63cbe7139f0fe4cae413072423a97d6c0fb8701a
=== RUN   FuzzRlp/6414828d1e40d27b03269611e5954073ea7c09b4
=== RUN   FuzzRlp/64c8af4c5b8d40f638ad956a225d4f21a33c2009
=== RUN   FuzzRlp/653c6a5ec902668b808091c1e5e14110d2756dcf
=== RUN   FuzzRlp/6684fda32153f01a5acde776edd21ca88e9409fc
=== RUN   FuzzRlp/66de5c39b59e343459f0157994aa5fc9c69a9c39
=== RUN   FuzzRlp/6745621ceb6b6793eec1e7c0eba7b530fbc486f2
=== RUN   FuzzRlp/679cbf80e992638ca867ca2e6895d3f0f7a9d6c5
=== RUN   FuzzRlp/67d952307312f650a5aeff68b0309613782708e3
=== RUN   FuzzRlp/68450dff4ccb9c191be4b2b27ef4a00fd570eedb
=== RUN   FuzzRlp/68c0d0d94b84cc19884007b73cc58f9aa03741aa
=== RUN   FuzzRlp/691368acfc7841513b71e6927ae2c5adeef55e94
=== RUN   FuzzRlp/69542b44ee4eb39d219eea6cb749154f14ee7f38
=== RUN   FuzzRlp/6a3a6019d4972e214dbb27d7c9761ecbe65e8870
=== RUN   FuzzRlp/6a5b7c2d21ee2e3732c95a3cfdee3b2f56cc2366
=== RUN   FuzzRlp/6a7f2ad30b41830829560f13ba6ff771b468c566
=== RUN   FuzzRlp/6ab8b856ec8894f09702bdbd6e496dd8c0ea5a92
=== RUN   FuzzRlp/6b3b311b8a53b28c634e0a429f8f3ffb1557d1a9
=== RUN   FuzzRlp/6b5c9e13e91e91555661ac51a245fd9820c6587e
=== RUN   FuzzRlp/6bd04acc6633e1ff5b4382a60428d532bdb770e6
=== RUN   FuzzRlp/6c74389bea0c141150d8d1805bbeac6a7f49b080
=== RUN   FuzzRlp/6cf2a17daf771864b0bd230d6e2d493dfee7273b
=== RUN   FuzzRlp/6cf751afdd29a79f143e0fce7be93c6822d6a7b1
=== RUN   FuzzRlp/6e7074d56baff3a5bd961d03073ea52613aca5ed
=== RUN   FuzzRlp/70fee8a611e510a99eca2e0aeb0f00a03433ac10
=== RUN   FuzzRlp/72b6d5267d91a09ba7f667a54a783d57f692a318
=== RUN   FuzzRlp/72bba9d34724e778c2b28cb825577a691a0addf5
=== RUN   FuzzRlp/73572dd673b9ae920f9b4b5fd7a051833709e9c8
=== RUN   FuzzRlp/73b993d1e9aacf236e71950f113058f94ab14313
=== RUN   FuzzRlp/7402a20f7ca397bb837a9fed753ea2d15ac4754e
=== RUN   FuzzRlp/7414a9e86e03f98ebdaae858e7120ae2b05a4a55
=== RUN   FuzzRlp/7425c0ed93d4f858e18ed6c0e23479f932f52c3b
=== RUN   FuzzRlp/74e00f80cfb1e98233f8706b4ddd3f8ae669226c
=== RUN   FuzzRlp/758c571741600c029841e99f1bc0d24a4103339c
=== RUN   FuzzRlp/76f1953b4a410556015deaedd1784d2bf0cd0be1
=== RUN   FuzzRlp/7913c5d566ab4aa87db597eb85c6e54d8ef94d29
=== RUN   FuzzRlp/796d7cd87d822176b1c6c0412c1920734012b108
=== RUN   FuzzRlp/7bc78b8bc32d564ebc8112f7d93b88c4cfdfdd7f
=== RUN   FuzzRlp/7c225aaa0aa3c4d2e8ceb82d3325b77aea7dd8d5
=== RUN   FuzzRlp/7c70d1100479f3f86798546a954c6466aad361b2
=== RUN   FuzzRlp/7cc9b1ae014f6b5c8e3d3d299f36e07116817e9f
=== RUN   FuzzRlp/7d122e53102bc4dc08c297dc3642296f54c552ab
=== RUN   FuzzRlp/7db8f2c55b810d76b538bf3c8af84d66db3b5ee1
=== RUN   FuzzRlp/7e72892e941319be4f916f7d8c61940cb4992a21
=== RUN   FuzzRlp/7eb500b0322a45d66c175e9ac1188a19ddb08f8c
=== RUN   FuzzRlp/7f1b304f91c5b4d2df532a2a72a2b6297e75b54d
=== RUN   FuzzRlp/7fca612846b8d70a574e170f15abbd162c0fa082
=== RUN   FuzzRlp/816bca3e51774cf21985f3fa15dd38344543a2f0
=== RUN   FuzzRlp/817e18044ae90a87fa93bd43ad0aece1d293f969
=== RUN   FuzzRlp/81af98af5f6d0626211da6f11b4b872d95c25199
=== RUN   FuzzRlp/81c734e4947793c8eae0340488a6b3ec91cf511d
=== RUN   FuzzRlp/82e53a71fa4f101d56ba1a487136f40ea7fa27f2
=== RUN   FuzzRlp/837e08d01da50064ea57f02684475a17ae533bbc
=== RUN   FuzzRlp/83ca919def7d506e3177bec9a24ce75e9e1a696e
=== RUN   FuzzRlp/84f76ff468f647f5d673a77ac7277e1a7dc4b9b3
=== RUN   FuzzRlp/857363cae2666b14e52a5c512c54970820d68b3c
=== RUN   FuzzRlp/867d7829f3b90267ab3a53b83433366121603ea8
=== RUN   FuzzRlp/86cdf420d6a9c4da603367a85540023e88015e69
=== RUN   FuzzRlp/87231a4ddbb41bbee3f61022e81e40eed151554c
=== RUN   FuzzRlp/872a90a8104b58bd7d286971630d4a25f8a0db43
=== RUN   FuzzRlp/87defbbc5f6c04e31d2c3a0919dd8491565e9047
=== RUN   FuzzRlp/882d8908847f5ace950a857c5d3cd968d9427125
=== RUN   FuzzRlp/886f916ee261e9c3322544c9fc7392ef85958218
=== RUN   FuzzRlp/8a6131c88440af3212aa687a376287730d317ace
=== RUN   FuzzRlp/8a7f6981ae6f7cadc66a72ae49280d9d7d4f6212
=== RUN   FuzzRlp/8aa5961d275745c289b22cbc2ecc5412560eaa87
=== RUN   FuzzRlp/8c87c3bf457e8f6bbbd927d47f4f40e63008d16c
=== RUN   FuzzRlp/8d95ad6632d4823d970c67de219a62a923ce77c1
=== RUN   FuzzRlp/8ea2c8258d3f24df8d76facf18f438200534bd6b
=== RUN   FuzzRlp/8f0acc6e955a4b9bf52f09306916736b3a2f92bf
=== RUN   FuzzRlp/8fa96b1107f8bb54fb8079186260a16b6227a147
=== RUN   FuzzRlp/8ff1528ab1d4acdd34d530556af12eac82706bee
=== RUN   FuzzRlp/9069ca78e7450a285173431b3e52c5c25299e473
=== RUN   FuzzRlp/90a3759778a88cef38ccb23273c82f1dc7d4ea60
=== RUN   FuzzRlp/90f9cf5aef0e6495c7306c9d47f78191694f8570
=== RUN   FuzzRlp/9264b5308d14bf462e4596b8ccc1850cb1fc7fa1
=== RUN   FuzzRlp/929be6bcfe62c79ed887137adaca892b33977106
=== RUN   FuzzRlp/92b2856c1be129d8ea2d3ce3c0aa41d2a0b8e8f6
=== RUN   FuzzRlp/937763838ca083bf04196ce404307e66e90bf212
=== RUN   FuzzRlp/937c50eb19f9d702c91df7c3281e93d1e705b6eb
=== RUN   FuzzRlp/93fe0599aea78259cc53a6b487160fef8131441e
=== RUN   FuzzRlp/940a8c6d85fef79b55726f2840fea4bc28fc957f
=== RUN   FuzzRlp/950c0eef410529cd0b7c6e75edb73f6b580493c9
=== RUN   FuzzRlp/952e8bdc760b6b761ce599721d2f4207e1006d27
=== RUN   FuzzRlp/95636bdd100589611c9da493fb84897f29312d4d
=== RUN   FuzzRlp/95f1ea99c95109bac3c12213855cb4350a9e379d
=== RUN   FuzzRlp/966bf06266888f04e8e91022f0783f38fcabd018
=== RUN   FuzzRlp/96a902cf35bde785fecbda8c2fd6c38615f1eca9
=== RUN   FuzzRlp/9751633afc48127466e61239df42d1fcff9edb6f
=== RUN   FuzzRlp/97907bb5ed50970c3c43149bf45fec7a1f90b45e
=== RUN   FuzzRlp/97ec7ce560e8f149d4c0353e3fb7758e10f2ca6b
=== RUN   FuzzRlp/981c6abec0c0f489245cf56180268d0a199af3cd
=== RUN   FuzzRlp/985af8d8f88b4f3a64114fa052a9ce94a362f5be
=== RUN   FuzzRlp/98d91d97b15fa85de108980b580bba51b7569846
=== RUN   FuzzRlp/9947bee7b57b55936c7c34ce03b04c4594f6b5bc
=== RUN   FuzzRlp/99c37084131577cf6d5f65132b3a436dc56ed797
=== RUN   FuzzRlp/9a00cc128e58999724a7b7749e7302a72804316a
=== RUN   FuzzRlp/9afb9370e398fc86eeed7b14392f56cbddc8d226
=== RUN   FuzzRlp/9afd3ddd7fd87edf8c36bccc301fc6c217614e66
=== RUN   FuzzRlp/9b61df4e4618463609222771b3f74d4e38bf2cb6
=== RUN   FuzzRlp/9b880d2908797ca7442d9c5781cf6da471b9a50d
=== RUN   FuzzRlp/9da488b3a3a7936d882acbf7243a1ebc2af63330
=== RUN   FuzzRlp/9e5a9b9eb7c6c03252fa5cebf1127dc22e733be7
=== RUN   FuzzRlp/9f9f32fad240816d9a9c0c20dd713911cc68a081
=== RUN   FuzzRlp/9faa86f9cafc1b0329b489f98d7a7b84bd01da79
=== RUN   FuzzRlp/9fb843cbc872cbfca40149b5f6debb47ece9825a
=== RUN   FuzzRlp/9fd498f67c968bfbe03b28b0d4a9e052f40981f3
=== RUN   FuzzRlp/a10d81ad519ae5a022d97e32734e2311034ef2d3
=== RUN   FuzzRlp/a1e7d29cdeb8273187cd42749dc58ab1666f210b
=== RUN   FuzzRlp/a2112095287798a255704f77f67347ecf866cdd7
=== RUN   FuzzRlp/a2b78b7221b002f346555aae16cc6b09b93c3892
=== RUN   FuzzRlp/a37778c7a8bd1c42065927f0d4145aeacd1363db
=== RUN   FuzzRlp/a3cf8bf81860eba7bf2524fbf1b0e99aec25b0be
=== RUN   FuzzRlp/a3db20caae2097ec1a6d5271196efb1136a12c71
=== RUN   FuzzRlp/a423d522f4de219863206b877889c1f367f886dc
=== RUN   FuzzRlp/a4a0945d85c77eaed32785323441318ae5b6ec8f
=== RUN   FuzzRlp/a4da180dcf530a8794fbac5d4f35c98dd065e3e9
=== RUN   FuzzRlp/a56799acd13cc0b7eb1f4da14d49daa15aa6d5d0
=== RUN   FuzzRlp/a642c1090640275a91ef6e13d4930b7074a94578
=== RUN   FuzzRlp/a69c5a1b24f506c33ba24080dddc3dfc214a887e
=== RUN   FuzzRlp/a74c1ebe4ba0d4b91790f724770c2c68fd5eac3d
=== RUN   FuzzRlp/a84735c1c94bd100e70543b726b92778c0c86636
=== RUN   FuzzRlp/a85d9a80e99c68127fa0455638832e47bcb41596
=== RUN   FuzzRlp/a8954e3e6d00ce15da6ff9c6342128ce6fc458f2
=== RUN   FuzzRlp/a9a9892e173e78c8fb6fe58dc703c9c8c0cc4b51
=== RUN   FuzzRlp/aa1aafc4fe5cf082fb592e65ac4f87fa44846fd0
=== RUN   FuzzRlp/aae0b3f6b1ac61a79e391e557c7ee74b0afe39fa
=== RUN   FuzzRlp/ab1cd2aa603828dc45cf6776d297094859d86bfb
=== RUN   FuzzRlp/ac673aee1e902a76783d1479bef44fa0cbbb4304
=== RUN   FuzzRlp/ac6c00c47a06ceb9389b7f13b34361deffd6ab88
=== RUN   FuzzRlp/ace44d55fe23b023e5b1a292fb5b6704b912dc99
=== RUN   FuzzRlp/ad8c493776ae34a54e85707139f6d8fd13403ade
=== RUN   FuzzRlp/adc83b19e793491b1c6ea0fd8b46cd9f32e592fc
=== RUN   FuzzRlp/aee6c293c4360ce7116e4ca11fccc0f19aad186a
=== RUN   FuzzRlp/af93aca2c67c6b316d50ee9c92486b2a5bf9759b
=== RUN   FuzzRlp/afe1826cbe81bbac05b71a4af556e1ada804a3be
=== RUN   FuzzRlp/afef0c733212162616b9dca46b4675d14d4e2de7
=== RUN   FuzzRlp/b08396d552613dc89529932657908baeb7f2473c
=== RUN   FuzzRlp/b24acd145ad285b9914e26958d84880b3de95cf3
=== RUN   FuzzRlp/b28a9d4e18ed86087cbe048e4f1cd1bdd239e69d
=== RUN   FuzzRlp/b431a1092054302f700d149b3ebccd98604283ca
=== RUN   FuzzRlp/b47124f58e1c71aba84071e26c5255d0140d842e
=== RUN   FuzzRlp/b5bdcb7519c1bde25e666aa2da1abce75f5de31e
=== RUN   FuzzRlp/b686a11572827c2304d536adca2f4b0096750143
=== RUN   FuzzRlp/b6aaa0177440a5bf4c386bf378f4542f76e0292a
=== RUN   FuzzRlp/b6ed8d0f256627682544320adbdf064be25e10b5
=== RUN   FuzzRlp/b74987cf409a07df8cc8386a6dceb7523f3051a2
=== RUN   FuzzRlp/b87f758d8825cd97f9f449d439cc6029105bc3d4
=== RUN   FuzzRlp/b8e87dadfb4f4a32b9f01e1dc2f5e01253980952
=== RUN   FuzzRlp/b90b720e90dd95042a27fd3e3c0466db216f169c
=== RUN   FuzzRlp/b94ef05f3728c7f72dc88c7b8eda27eb3fb0a461
=== RUN   FuzzRlp/b9621e898100bcfcfcc527b73fce991fa709cf04
=== RUN   FuzzRlp/ba854e0a8f414c383129f9cf20bc3ccaf40c7a48
=== RUN   FuzzRlp/bc5d42bde0d0ff3ed03b060ab5780c35adf1f248
=== RUN   FuzzRlp/bcf6652253b7ac6eb4054f61d704a5c5f97dc667
=== RUN   FuzzRlp/bd0d2af8ef9d2b7fd0e6b823f51f5496af9fe8e8
=== RUN   FuzzRlp/be926d231fdf7fb68c1c4e503491d4602d6f59e0
=== RUN   FuzzRlp/bf2db6a9346a122a8b9f05e004bc0e0e7970972e
=== RUN   FuzzRlp/bf79e6649755b4f9e4fcba325ea83e991d5f16f9
=== RUN   FuzzRlp/c021b41c8f572a1a42da0727deb8e12824eb5ae0
=== RUN   FuzzRlp/c038277cab0b93dbf6aacacb0d4ad630414fd9ad
=== RUN   FuzzRlp/c03e58ef35b3a600471de298aa40edef2b609ea6
=== RUN   FuzzRlp/c07d035ef693be09e14cc01599179db5b1884977
=== RUN   FuzzRlp/c0b7709d63878dd00d094665a191e3845435740a
=== RUN   FuzzRlp/c0c6db86347b2be774df4e64bc31ddc32d2c4e88
=== RUN   FuzzRlp/c20878a9f388812691d5e4ded58aeb8bebef61ad
=== RUN   FuzzRlp/c24e8d770c512ee99719792e0a31cbbdb7c5af51
=== RUN   FuzzRlp/c2ab38f4b26869927c4df8b21ffb2a1d4c1dcf2a
=== RUN   FuzzRlp/c337cbf9a122ce9869645fb3010e2bf58f7e6da1
=== RUN   FuzzRlp/c3504f229b452b539b58f251a7aacb3005d248fb
=== RUN   FuzzRlp/c424eabaeffc4e37338a5785a6a1fa6c9f704b67
=== RUN   FuzzRlp/c59de53d7adab86004eecd82e7613641ab4faadf
=== RUN   FuzzRlp/c60335416bdee324aae70490e82816c17f9d3eaf
=== RUN   FuzzRlp/c6f3e1d8f9867bba0152a26fcb28f9e3da387ce4
=== RUN   FuzzRlp/c71741952f64a0cf26db5b95f3f2d261f75ad31f
=== RUN   FuzzRlp/c9360415f8a2a435d3d457afc2624e9fb20343e9
=== RUN   FuzzRlp/c9c85cd80e2b2926b8dd16500e3e3c5103513d5e
=== RUN   FuzzRlp/cbbcf063ca50d58cb1573f6b61f7bb3c81ebef01
=== RUN   FuzzRlp/cc42816883dffee7248b4a9f2ef793fc867d1c61
=== RUN   FuzzRlp/cdfd7b4a75700e049e56493ba529d9aff2ecc6e0
=== RUN   FuzzRlp/ceadbe6bf4f28fb32cf32d6b3922c9de7cbc89f1
=== RUN   FuzzRlp/d02af875ce0063231905fba00a21a03e8ee90586
=== RUN   FuzzRlp/d04899dc761bc85c8d2d7581ef127f3308888fbd
=== RUN   FuzzRlp/d24b85a608ebf9d9a68f2343c8b0fe5642b2c92f
=== RUN   FuzzRlp/d4459ce257ece26b1a2f30d5f682a6e8d68b5300
=== RUN   FuzzRlp/d4694ca9656f6d12da16813b80f920aa4d0db200
=== RUN   FuzzRlp/d4f6cf0df1bf4f6d74fd36d594d690f44c8a250a
=== RUN   FuzzRlp/d50395a82c97b0f7a7a914398cdad751c93cdfff
=== RUN   FuzzRlp/d6105c63cdf43c5aa6735d154da588133a21907e
=== RUN   FuzzRlp/d660c02ed8dfe94ced7444a6005c51c0a21aca53
=== RUN   FuzzRlp/d6a4792dec9511002b4a41e5c5bcd6aadd633911
=== RUN   FuzzRlp/d6e9e627e5581c1bbdcbaf13c70c65b1c7709003
=== RUN   FuzzRlp/d7a7311887106f003fecfaaf251d88544f13a432
=== RUN   FuzzRlp/d8c022faf025362bfc2852c263bd77f410474057
=== RUN   FuzzRlp/daed3a058e2ebd823ed05af8b7fd034c8ded3438
=== RUN   FuzzRlp/db415437efae054513a6fffadb2da23877981ec4
=== RUN   FuzzRlp/dbd59e755944153f0c31095a484febf7e110d2fe
=== RUN   FuzzRlp/dcebf4b93308fd91962cda16dced57dac014da8a
=== RUN   FuzzRlp/dcf9ce12ac176f2ed3c28b469a576e0fa47e5776
=== RUN   FuzzRlp/de1180c9e6bcdce34c701e70f8a647a61902c00f
=== RUN   FuzzRlp/e00671a08546c19cedde66252059188b6d528346
=== RUN   FuzzRlp/e0bbc960e5168c274cf165327373f198ea2cda94
=== RUN   FuzzRlp/e0e6596ca79cdb159e0a40c1da77f78e9109afb7
=== RUN   FuzzRlp/e18dd5da82aa5ef2d4b1febfb6b5041ced00f46e
=== RUN   FuzzRlp/e18fe552c2f0f7ce6b6c983d72f8c5ddcf1474d6
=== RUN   FuzzRlp/e1b0f07051dacd9be7d8b68a107c2f77cd4a80a9
=== RUN   FuzzRlp/e1e27ac50ea9953a0c6df4c9d8942b81ccf33cb6
=== RUN   FuzzRlp/e23f178b28d1ab7f5b11da9010ada841ec357cfb
=== RUN   FuzzRlp/e28f8ecd2baee51c72cd1022d80b0a54d0338308
=== RUN   FuzzRlp/e3a1edea13a3c690d658fbdb3f1c43e08a605ebd
=== RUN   FuzzRlp/e3a88ffd604a1002a497f911711043f62bf3d9d9
=== RUN   FuzzRlp/e418c99b6a7c140c62c55de20ba2c22532994b43
=== RUN   FuzzRlp/e420cca965c7804d229856b6b4603f5481d020c4
=== RUN   FuzzRlp/e4300f4fdd18f209ca082e3e7658bd3cf6747ca2
=== RUN   FuzzRlp/e599f7743a69b82dc677c0dad3b28b29e10e2fe4
=== RUN   FuzzRlp/e71516b51c4c6382f077cbc68edff9ae1c204ded
=== RUN   FuzzRlp/e82f4881d849e1c18548b76f0a0f5ead757ed380
=== RUN   FuzzRlp/e834e9e644aef707fded29d58ce69b5f26111060
=== RUN   FuzzRlp/e8d31024d7d459d999893bfbaef476992c0896cb
=== RUN   FuzzRlp/edd918c34c815b8e99c7dd24fd78c01bceaabc52
=== RUN   FuzzRlp/ede2cb9d0ade07b9337597251bd2e8104293d958
=== RUN   FuzzRlp/ee225f09bc798ae60e2e32b40e8993c9fedf69f4
=== RUN   FuzzRlp/ee35b357982bbb88d5afc36f5ee491f66d055eda
=== RUN   FuzzRlp/ee924da03cc7e232106bab55d3a303f322a8aa62
=== RUN   FuzzRlp/ef610f41ef9c9ac6608f2a8469f7d7fdbb7ad9e2
=== RUN   FuzzRlp/efbb4d8cc409d5ffbe5b50717ea1b9a1bc354939
=== RUN   FuzzRlp/efdaf5bb1ad730a950f5313fc086c0c78611e03e
=== RUN   FuzzRlp/f04cceb1428547dd37e32726c8f918ecd94ffd8f
=== RUN   FuzzRlp/f3550690b9589e0f8d5b05239903ca4fe31126f0
=== RUN   FuzzRlp/f386469188b92f1fc694b1c28cb998c9ebef0b50
=== RUN   FuzzRlp/f40e23633a42730ada45e862cf5d0fcfc935fba2
=== RUN   FuzzRlp/f66093aa34d08297f508e2ba35707764c600d29e
=== RUN   FuzzRlp/f690c7c6327b72d6b1d138e81ea6c146ed2db10c
=== RUN   FuzzRlp/f6b88b8d1bf26e6d3ac0ce062cc417aa0d0e6ead
=== RUN   FuzzRlp/f6d25cea3a1d972c9f9cf92a1fed36b9ff35ca1e
=== RUN   FuzzRlp/f70e044b22458997088a3acaa5f833d77b06fb7a
=== RUN   FuzzRlp/f8fe5910d7e59698634773d289fc23e609d8bc91
=== RUN   FuzzRlp/f93ff8c2b0e94ef7d18f7e2e3111a21dab896da9
=== RUN   FuzzRlp/f9a33e418219304dda8315010ee6355f7da92ee8
=== RUN   FuzzRlp/f9abe63b1af48c0ece923276ae3c9e8ecfeb080d
=== RUN   FuzzRlp/f9f7a0f786a0dae97fcb68252ad333a81d28f0c4
=== RUN   FuzzRlp/fa06c91618059e0f8fd73219627476adf4bdb1ee
=== RUN   FuzzRlp/fae23505bc529f3bc4e21cb4f7ff41b467a07f75
=== RUN   FuzzRlp/fb0fe3cacec2df032e7b0c02e33d9dfbb309337d
=== RUN   FuzzRlp/fb9b60a2a0accf91a6542b28825f84e2da34ef34
=== RUN   FuzzRlp/fbb1166ae1577e0132e8da1253c5e7ce9408c2c8
=== RUN   FuzzRlp/fc4d72f10d84fad810e36420622fe45f4beecfce
=== RUN   FuzzRlp/fcd901aeff02aecc1d8b4907a003dcc95be226bb
=== RUN   FuzzRlp/fcfb0ccd6279765c8b92d37e3ef9e297719bbafb
=== RUN   FuzzRlp/fd63bf59f394c5a70c51cefb6357a11e27ad3a33
=== RUN   FuzzRlp/fe3a060861fe7cce9a5f2b54356c953bff2567ef
=== RUN   FuzzRlp/fe48576adcb0098bae2e9afa57378e9bd260cc47
=== RUN   FuzzRlp/ffea6bb3ea93c034a1fb1d352e1664e40328e50e
=== RUN   FuzzRlp/fff3be0e1b061389cad97846555299723a161ea9
--- PASS: FuzzRlp (0.03s)
    --- PASS: FuzzRlp/00058b84748708908942c195599bd20b60a0877c (0.00s)
    --- PASS: FuzzRlp/00d5ccec4dd4f530d8c921e6a37dd89fe5149ff6 (0.00s)
    --- PASS: FuzzRlp/00f628728a540bfbb0dd851e2282f8eff5564b67 (0.00s)
    --- PASS: FuzzRlp/013fdabfe01671c1d9b2ff6e217fea798257dd3a (0.00s)
    --- PASS: FuzzRlp/0193cdc0ba5bbcbfd5e1658bff5feefed54c3986 (0.00s)
    --- PASS: FuzzRlp/02dc72e54479560246951b2faf06414e897c7568 (0.00s)
    --- PASS: FuzzRlp/036c96ffdf6f9e6c40d21cc75d2b7eb9cf01eb6e (0.00s)
    --- PASS: FuzzRlp/03c116d23122c7635a46d1ea73d2f279d536bf93 (0.00s)
    --- PASS: FuzzRlp/044127546a0eb67b2fbdd47b53bba36b35d7f6f9 (0.00s)
    --- PASS: FuzzRlp/05ece01a848129b4fd551fdeb5ef5a035356527e (0.00s)
    --- PASS: FuzzRlp/062fc5cadf903cde5042276cebbf4912e7e29d9f (0.00s)
    --- PASS: FuzzRlp/0671490a31e541e25cfcfc8caf3ff972168ed548 (0.00s)
    --- PASS: FuzzRlp/06961f4bc3294a36eab3a82054e304712b2c88f3 (0.00s)
    --- PASS: FuzzRlp/07105078de91bead5e65c5fbfd2638dd731e8e3a (0.00s)
    --- PASS: FuzzRlp/072007c504a410ef5d8270e69e244172b0deadf9 (0.00s)
    --- PASS: FuzzRlp/080ff98fd1163cb1c6fd6af67a31a485fa63fb0a (0.00s)
    --- PASS: FuzzRlp/09409e093846d4e66a008ab0d24d54c08cf722e3 (0.00s)
    --- PASS: FuzzRlp/0a1c2567b213f7f9b7e295220295b80a6f96f3c7 (0.00s)
    --- PASS: FuzzRlp/0c74cdecb2d2cff50fec9ab538da50654265fd4d (0.00s)
    --- PASS: FuzzRlp/0d1d264b5169527f7ddaeeb0bf9c97901a56c2a4 (0.00s)
    --- PASS: FuzzRlp/0d40dce99e10a04916b2af8d22b2cb61badf2085 (0.00s)
    --- PASS: FuzzRlp/0dc72e0fa74cac6498d0f0ff5f98ff825b3fcb73 (0.00s)
    --- PASS: FuzzRlp/0de5991e5fe5933937eb9de624880e9a857da40b (0.00s)
    --- PASS: FuzzRlp/0ffdeda8e9c7b331ef628d21602ca21c7da2c7ea (0.00s)
    --- PASS: FuzzRlp/102620ea2c46f320f0b57a47ab8e7f22050d9cb2 (0.00s)
    --- PASS: FuzzRlp/11141ac10cc620f0c7ac9170b6e19cdd16d597c8 (0.00s)
    --- PASS: FuzzRlp/115758c21623c5cb3554afc261436195c3449711 (0.00s)
    --- PASS: FuzzRlp/11dc2488aff2ae50a70baaedb012574ff5c90a2f (0.00s)
    --- PASS: FuzzRlp/11ea082cb6afe68402cc8fca5081d16a253a0780 (0.00s)
    --- PASS: FuzzRlp/12841574f70c38baf7805958db6c45d2c7464d30 (0.00s)
    --- PASS: FuzzRlp/13148f79e778b270d62695995c96faabf5c8c6e2 (0.00s)
    --- PASS: FuzzRlp/13ac25a788e28e185213136c1e64ffcb1944378f (0.00s)
    --- PASS: FuzzRlp/1444dc8e5cbf08116d90039837c07c97d7b579fc (0.00s)
    --- PASS: FuzzRlp/14ad863858b02eddf0b6f9394c3106f5befaf65b (0.00s)
    --- PASS: FuzzRlp/15506f3f944a0dd10f7f04d18ed8dfc92ece2db0 (0.00s)
    --- PASS: FuzzRlp/156e48e64115038c1e2758e9086e8c1267931648 (0.00s)
    --- PASS: FuzzRlp/15c98111b4e2671415a068d038fe5c03abd1350b (0.00s)
    --- PASS: FuzzRlp/15e5e51733df33966ed5d95b23efb2d67e215a6f (0.00s)
    --- PASS: FuzzRlp/170d8533dad98634383a87e639e05958bbf2e57f (0.00s)
    --- PASS: FuzzRlp/17e33132b2b089c7f84de75220f144be908f7f0f (0.00s)
    --- PASS: FuzzRlp/1854dde2c8079c63d008361e908e8b8c8992579e (0.00s)
    --- PASS: FuzzRlp/18e2783d9cf7a99f02e7ed802f65b4369fc02dbb (0.00s)
    --- PASS: FuzzRlp/18f88935ac7f2110b7462d8dc24e1a111e78d4bb (0.00s)
    --- PASS: FuzzRlp/192e1b3fdcd708875907b18708a432f4ff4959e0 (0.00s)
    --- PASS: FuzzRlp/1a1d9001e414b323c66d62404b45cdbbdf7ea236 (0.00s)
    --- PASS: FuzzRlp/1aa99c7e675ea00078c36678b175a0ab627f904c (0.00s)
    --- PASS: FuzzRlp/1abda6c4689d5b1e3a1a211ade32b037c188be29 (0.00s)
    --- PASS: FuzzRlp/1b5c6f3a91e15afdedaddfc2a409db3c011b51c5 (0.00s)
    --- PASS: FuzzRlp/1c37ead52b8ff7e093ef2c0bd773df31cc313b27 (0.00s)
    --- PASS: FuzzRlp/1d13a08007271c1674745f317d10e967abd08b34 (0.00s)
    --- PASS: FuzzRlp/1d542a114942de5bec7fe7f8ed5838b8f2e03a09 (0.00s)
    --- PASS: FuzzRlp/1dd3a319272f9d40a23672b363c1937c3eba7441 (0.00s)
    --- PASS: FuzzRlp/1e5beaace8183f58008d78eb09983396103875e4 (0.00s)
    --- PASS: FuzzRlp/1f43ae9032fc774f0f6a90fa4bfb866ba7530383 (0.00s)
    --- PASS: FuzzRlp/1fb6d1721a5f6367b12c34a3893fb361fd267f1d (0.00s)
    --- PASS: FuzzRlp/1fbb629c02038557bfb09887519a5491ca0b3123 (0.00s)
    --- PASS: FuzzRlp/1fda0c125ba2698d3bce12a99506263bd749aee7 (0.00s)
    --- PASS: FuzzRlp/201581aa50cde7618f37d355364076b937f0c175 (0.00s)
    --- PASS: FuzzRlp/2080199518da2b48992a4e24220fd922360b0cfb (0.00s)
    --- PASS: FuzzRlp/21e5cfd14914c4922d5dbc9269637170f5d040c0 (0.00s)
    --- PASS: FuzzRlp/22ba2a216eec83f5678c01f7dd0aaee985ca383a (0.00s)
    --- PASS: FuzzRlp/22d8d52c8dbf4093cf0f31f8638563903b5070f0 (0.00s)
    --- PASS: FuzzRlp/231b54ce1e6419127ec34ae78f181ea940c479f2 (0.00s)
    --- PASS: FuzzRlp/2383e493b42c709dbfe6f60dc3a022fa597658f1 (0.00s)
    --- PASS: FuzzRlp/24aadc03c9221fa62a39a758775eee59d580557c (0.00s)
    --- PASS: FuzzRlp/24b33ae2b1e84e397247ab28d5dfbf66f66059ee (0.00s)
    --- PASS: FuzzRlp/24f1bae1ec5e8a910321cba574dd3d35085b6408 (0.00s)
    --- PASS: FuzzRlp/258f3ed65574b16365bcf8777f22262c6dc1cc90 (0.00s)
    --- PASS: FuzzRlp/25eeaff42f6ee6ebac55edecee7744d7e8ce94f6 (0.00s)
    --- PASS: FuzzRlp/2661531248cfb9d2e2362d8fa08bdaf761486483 (0.00s)
    --- PASS: FuzzRlp/26b3e64c3ae1e1beab1b5be8806bb6d0d3a9d531 (0.00s)
    --- PASS: FuzzRlp/271b4752786d6eb44a2901ccf87983fcdd6026cb (0.00s)
    --- PASS: FuzzRlp/2946d6e79c2a9143a7ff8e28d0b1a586df46c510 (0.00s)
    --- PASS: FuzzRlp/295c04b279c5358afd243a3f0eb688e4f4424370 (0.00s)
    --- PASS: FuzzRlp/297d842a25614a91e978dba062f06fcbcf40fed7 (0.00s)
    --- PASS: FuzzRlp/2b021c6a440f1f31990170165b3cafeda6ab932f (0.00s)
    --- PASS: FuzzRlp/2b3988da646fa943881786c043cc2546b6e60714 (0.00s)
    --- PASS: FuzzRlp/2b66feed931e950bbcd9e7836adf89a718e1b9d5 (0.00s)
    --- PASS: FuzzRlp/2bc8041b627f6213021f7b12e95da161f3f24b94 (0.00s)
    --- PASS: FuzzRlp/2be3f98d6b0e38aa24491db62ffdb9f4537008c1 (0.00s)
    --- PASS: FuzzRlp/2dcb8815e72db5c27a69301f72467885babf0632 (0.00s)
    --- PASS: FuzzRlp/2edc304c10509c526203e02a3cff90fdf0b18d8a (0.00s)
    --- PASS: FuzzRlp/2eff28a83a23ccefcc0b4cbc66aab3e6f1c04c10 (0.00s)
    --- PASS: FuzzRlp/2f21a5aa413fcf55d2eb82a63ae585d68f626599 (0.00s)
    --- PASS: FuzzRlp/2f47d0a85dc2548c148d349791c416448ac012ad (0.00s)
    --- PASS: FuzzRlp/2f9449b83ef90de4f807b4a69de57c46cd4882ec (0.00s)
    --- PASS: FuzzRlp/2f988714bca2909f620c064fa765fb4127fe4560 (0.00s)
    --- PASS: FuzzRlp/2ffce26a5a58e1303d9e81b732cf5af486e77662 (0.00s)
    --- PASS: FuzzRlp/30e9b6fbc6a1945df34a5a45692d63fe1694a103 (0.00s)
    --- PASS: FuzzRlp/30fed1a59687c37eecb7b0728cbb5c4417c33d1c (0.00s)
    --- PASS: FuzzRlp/3114407913c8687aade30dd919a9f08bca6593ab (0.00s)
    --- PASS: FuzzRlp/311851cc03eb74677d645d85360a2e40dd747173 (0.00s)
    --- PASS: FuzzRlp/31edf763b65f5878a6bd1a9b9c1d39be6f3d0409 (0.00s)
    --- PASS: FuzzRlp/3220a0f61c92fa37ed5187cf0da6887c60408d83 (0.00s)
    --- PASS: FuzzRlp/3223dad553107371214cec9b46136bee78d08711 (0.00s)
    --- PASS: FuzzRlp/33283793135aff6ea11c4e5c8bf20bfe3dcba7d8 (0.00s)
    --- PASS: FuzzRlp/335e5ea950335142ac6439a06c253269a3d577c7 (0.00s)
    --- PASS: FuzzRlp/337bee6c82be2017c636cd8c3419ddc3dea95aa1 (0.00s)
    --- PASS: FuzzRlp/33a7ee418f0284b3228f27ef689359715cba89f2 (0.00s)
    --- PASS: FuzzRlp/34412faeea7df6f969e8aedf81f231c2d1957375 (0.00s)
    --- PASS: FuzzRlp/35517f2e1f4fd599ea63f5701b7a25fe29de4a52 (0.00s)
    --- PASS: FuzzRlp/359b256a309cb729ac7934838a0b3179c1a70206 (0.00s)
    --- PASS: FuzzRlp/36a0bdf0ec68c9667cb840c02e578876c862f350 (0.00s)
    --- PASS: FuzzRlp/372f9eb614cba6527279993c6b48714dedde1c92 (0.00s)
    --- PASS: FuzzRlp/37815f0d32968a8b10d8c40eee5523afb00a6601 (0.00s)
    --- PASS: FuzzRlp/37e9da4e9560a8e5178c527cbc62c3a6a78dd1ee (0.00s)
    --- PASS: FuzzRlp/37fd786ae4a3a68047a7931a8db5e5974b27c30c (0.00s)
    --- PASS: FuzzRlp/3976212c2fcfa4d80a7ff8357a298f22cc8140d3 (0.00s)
    --- PASS: FuzzRlp/399816554cc27490ca278ad5af80c94ef1772e5f (0.00s)
    --- PASS: FuzzRlp/39aa336ca9bb7d2aaace03e47cf52199789ebf36 (0.00s)
    --- PASS: FuzzRlp/39ce1e96756bc3c99f1ee2d37693caa41096de40 (0.00s)
    --- PASS: FuzzRlp/3a9924e8b42b8e0e248be402e9ecb3ad6e8f7125 (0.00s)
    --- PASS: FuzzRlp/3afe29d302900601a02f271f2a5d573d1ec9f31e (0.00s)
    --- PASS: FuzzRlp/3b12dd3d2ab09a0a022633d68fb6910d4ad404d9 (0.00s)
    --- PASS: FuzzRlp/3b3c0749745274e77331dc4d0e185b60d37ac812 (0.00s)
    --- PASS: FuzzRlp/3b75fb9aae3cb8762b6c5ce0b396d97661bf5f3d (0.00s)
    --- PASS: FuzzRlp/3b9c297ed4f6f622519f3c8e606c9b4e3ba78520 (0.00s)
    --- PASS: FuzzRlp/3c673c237514e2e0476ef8051e5739edc6b83a2c (0.00s)
    --- PASS: FuzzRlp/3ddb6e23db63bc4ee1b219b89ed4a212f0756b98 (0.00s)
    --- PASS: FuzzRlp/3e42e0bbfe056869cc4e99bbdb0a3679f4e9f5cf (0.00s)
    --- PASS: FuzzRlp/3ebd94d10c4bcfd1dcd0adf6f88dbb8d0e523902 (0.00s)
    --- PASS: FuzzRlp/3f25cd360978b11edb4fe8061a6e6748b4b7fe0b (0.00s)
    --- PASS: FuzzRlp/40101cb9f3faa8d86716aad9df9a59b3e605630d (0.00s)
    --- PASS: FuzzRlp/4163392fe45b19cd233f0edae882153d7cff3a95 (0.00s)
    --- PASS: FuzzRlp/41868436535a4b22f2aba2879c1d879c2df0614d (0.00s)
    --- PASS: FuzzRlp/426a3412ba7a19ea09b64de5e913b67732585634 (0.00s)
    --- PASS: FuzzRlp/43986ff044d8f484c29817011599083f2b0a327b (0.00s)
    --- PASS: FuzzRlp/43c08bdbf07ee81981c5bb00d401fa73b68ce1ab (0.00s)
    --- PASS: FuzzRlp/454ecb2026f6ea2aea5f07c43ee87500e84b2bd8 (0.00s)
    --- PASS: FuzzRlp/455fd4afdf55e13f2b35371d85a9c781703e31ba (0.00s)
    --- PASS: FuzzRlp/45e86acbaac1a0556f2677b6fe77538d119415b1 (0.00s)
    --- PASS: FuzzRlp/466c5c7bb5c4aca46aca88be4b34b7a5fe6ddb2d (0.00s)
    --- PASS: FuzzRlp/4692764315ede18f589880bc1da432ca4edd1a08 (0.00s)
    --- PASS: FuzzRlp/4720c592da3daed01c2bb8ce2b5d455caf206884 (0.00s)
    --- PASS: FuzzRlp/474c49aaf2481590e5303c92cb10424aad37178b (0.00s)
    --- PASS: FuzzRlp/476bf7df41757f8c8ceb4358daf89eb52a003400 (0.00s)
    --- PASS: FuzzRlp/4808a377a028a74bdb523669eceedc8b2b574802 (0.00s)
    --- PASS: FuzzRlp/4811f91d503e677d0bf413e3e65ea5eb704cad8b (0.00s)
    --- PASS: FuzzRlp/48dd9504edbdea156acd31b33d62b2371e263685 (0.00s)
    --- PASS: FuzzRlp/491ddd980037f95435cc7cd81efdd604bba0902b (0.00s)
    --- PASS: FuzzRlp/499c7400b62d2e949d6f1787ba4b39e802e5be28 (0.00s)
    --- PASS: FuzzRlp/4ad975ac564da8c2fb60b804a10030c2c801f4e5 (0.00s)
    --- PASS: FuzzRlp/4ae23989494ac57ffca3d12b4975317f735b50a8 (0.00s)
    --- PASS: FuzzRlp/4b8da518077b2f98455cbd50278bccf3dcee04e3 (0.00s)
    --- PASS: FuzzRlp/4b981bbca5e00977bba94d366f882b525cfd80e8 (0.00s)
    --- PASS: FuzzRlp/4cebbddc0928bd09743e9347888e3dad9b83d42d (0.00s)
    --- PASS: FuzzRlp/4d1b2f227f33739a10c21eae90a08bd3946147da (0.00s)
    --- PASS: FuzzRlp/4d86b60f95b4325d83b1215cbe428caa3508244e (0.00s)
    --- PASS: FuzzRlp/4dce038485669342cb21a95c31eb4fd2524b1e65 (0.00s)
    --- PASS: FuzzRlp/4e1005ebc4f92a66d69f114246f7be68ff6eb9c1 (0.00s)
    --- PASS: FuzzRlp/4eb818e48f4a81ca07c1d18cb91b2036886dd5e7 (0.00s)
    --- PASS: FuzzRlp/4ec8bc5d8bfd9080930c4c1fe7104cfe24796f58 (0.00s)
    --- PASS: FuzzRlp/4f0566e87eead7a924693555ac9496eea16b0d34 (0.00s)
    --- PASS: FuzzRlp/4f291d73e177a07378537a9b0b3467b842dc6f0d (0.00s)
    --- PASS: FuzzRlp/4fba637a9bed99173620294443d57f9b32c6be6a (0.00s)
    --- PASS: FuzzRlp/5010142297cbf1d26092acb938af2365e69bdcda (0.00s)
    --- PASS: FuzzRlp/50bc895d51b25f26769384fe91c1cd9e2ed92b27 (0.00s)
    --- PASS: FuzzRlp/513678ee417e3851787006d25f63d15455193652 (0.00s)
    --- PASS: FuzzRlp/51c72230852536daad60c75223253b38479e93c2 (0.00s)
    --- PASS: FuzzRlp/52a95a6539616ba2ffdfde2bc53419f131fe0d27 (0.00s)
    --- PASS: FuzzRlp/52bccd20e3745ccee151b31962ba2372997ccc8d (0.00s)
    --- PASS: FuzzRlp/52c5fd0756761adf39e8f4eb6d3fe4cda783af4f (0.00s)
    --- PASS: FuzzRlp/55c47e52127f7a052f5e2a39f5ec998d0eef2936 (0.00s)
    --- PASS: FuzzRlp/56040df96f8dd7a3f2a08cab3edaa34f1add6ba2 (0.00s)
    --- PASS: FuzzRlp/56206a9c09064f95ddb61417d09999ee8d3094b8 (0.00s)
    --- PASS: FuzzRlp/5860b9fcbdacb4f1e216e9d3e5ee5a3df136538a (0.00s)
    --- PASS: FuzzRlp/587c18032ea0e70371ace680d82e96d0601c3d89 (0.00s)
    --- PASS: FuzzRlp/58809c934c82954a0451ad3da7da63ded11734e3 (0.00s)
    --- PASS: FuzzRlp/59a45090b49ae0f5908302cb23dc5900c555f2b9 (0.00s)
    --- PASS: FuzzRlp/5a131645618a35f03fbc8349a2f198ea3827eff3 (0.00s)
    --- PASS: FuzzRlp/5a4fcc7a002507358eb6f909515677de1800882e (0.00s)
    --- PASS: FuzzRlp/5a5a9da8b46dff2633b7fd5a27d8740edb7a07fe (0.00s)
    --- PASS: FuzzRlp/5b0573fd32fac6da0b622876574b59e4d1d2a980 (0.00s)
    --- PASS: FuzzRlp/5b66af017f77eecb46c15ef40847c57be9fc4961 (0.00s)
    --- PASS: FuzzRlp/5c3b76ef32a9c18c6a803c73d76d5b67d6f250e5 (0.00s)
    --- PASS: FuzzRlp/5d1bee388c199532c762af2b3f0c1396e8b7df83 (0.00s)
    --- PASS: FuzzRlp/5e3f1216863feb9a5f4faf8c9b1029a89eef7e41 (0.00s)
    --- PASS: FuzzRlp/5eca1c33de33c37c5b5ed418476cf014e300e6bc (0.00s)
    --- PASS: FuzzRlp/5ed6e8760a2924703db8cf9954be172e33668949 (0.00s)
    --- PASS: FuzzRlp/5f02c061a8a17c2e6bcb5955eb4c4aaf7d4888e4 (0.00s)
    --- PASS: FuzzRlp/5f36fce62f2c928642382a4f37ff15478d477ed2 (0.00s)
    --- PASS: FuzzRlp/602ae64d9935b4984c642f4f7ac5b3aebd216fc9 (0.00s)
    --- PASS: FuzzRlp/606e7f43cf6bbd4dd8804d7d6a4b13e67f937f44 (0.00s)
    --- PASS: FuzzRlp/60b0d07406ecb60b140631d7ba6abcf61fd0af65 (0.00s)
    --- PASS: FuzzRlp/60cc36aa0cae0100fd2aad69c9366830662f56c7 (0.00s)
    --- PASS: FuzzRlp/6140b2c26d03d61614516f65131092c4a9cb7997 (0.00s)
    --- PASS: FuzzRlp/622b428b02711d04007b73f1e86250878810c262 (0.00s)
    --- PASS: FuzzRlp/62467fb359d36c796fa96dc97ca980ac48443c7f (0.00s)
    --- PASS: FuzzRlp/628c28c7c2fd5f56f87ee3ff30cad2995af8a309 (0.00s)
    --- PASS: FuzzRlp/6292f90c7e08362ea191298b9b39a5e2276d9d5f (0.00s)
    --- PASS: FuzzRlp/630628095022ba16df96327cacfcb1cece7be6ab (0.00s)
    --- PASS: FuzzRlp/63223db17d9fb87d87b97c3ad7b9c4f8e8ec7ff2 (0.00s)
    --- PASS: FuzzRlp/639d07ba48bbda7e5556626b9094202ac5c9967e (0.00s)
    --- PASS: FuzzRlp/63c13aefef1e6bfd8956e10a2485a2d912c539bd (0.00s)
    --- PASS: FuzzRlp/63cbe7139f0fe4cae413072423a97d6c0fb8701a (0.00s)
    --- PASS: FuzzRlp/6414828d1e40d27b03269611e5954073ea7c09b4 (0.00s)
    --- PASS: FuzzRlp/64c8af4c5b8d40f638ad956a225d4f21a33c2009 (0.00s)
    --- PASS: FuzzRlp/653c6a5ec902668b808091c1e5e14110d2756dcf (0.00s)
    --- PASS: FuzzRlp/6684fda32153f01a5acde776edd21ca88e9409fc (0.00s)
    --- PASS: FuzzRlp/66de5c39b59e343459f0157994aa5fc9c69a9c39 (0.00s)
    --- PASS: FuzzRlp/6745621ceb6b6793eec1e7c0eba7b530fbc486f2 (0.00s)
    --- PASS: FuzzRlp/679cbf80e992638ca867ca2e6895d3f0f7a9d6c5 (0.00s)
    --- PASS: FuzzRlp/67d952307312f650a5aeff68b0309613782708e3 (0.00s)
    --- PASS: FuzzRlp/68450dff4ccb9c191be4b2b27ef4a00fd570eedb (0.00s)
    --- PASS: FuzzRlp/68c0d0d94b84cc19884007b73cc58f9aa03741aa (0.00s)
    --- PASS: FuzzRlp/691368acfc7841513b71e6927ae2c5adeef55e94 (0.00s)
    --- PASS: FuzzRlp/69542b44ee4eb39d219eea6cb749154f14ee7f38 (0.00s)
    --- PASS: FuzzRlp/6a3a6019d4972e214dbb27d7c9761ecbe65e8870 (0.00s)
    --- PASS: FuzzRlp/6a5b7c2d21ee2e3732c95a3cfdee3b2f56cc2366 (0.00s)
    --- PASS: FuzzRlp/6a7f2ad30b41830829560f13ba6ff771b468c566 (0.00s)
    --- PASS: FuzzRlp/6ab8b856ec8894f09702bdbd6e496dd8c0ea5a92 (0.00s)
    --- PASS: FuzzRlp/6b3b311b8a53b28c634e0a429f8f3ffb1557d1a9 (0.00s)
    --- PASS: FuzzRlp/6b5c9e13e91e91555661ac51a245fd9820c6587e (0.00s)
    --- PASS: FuzzRlp/6bd04acc6633e1ff5b4382a60428d532bdb770e6 (0.00s)
    --- PASS: FuzzRlp/6c74389bea0c141150d8d1805bbeac6a7f49b080 (0.00s)
    --- PASS: FuzzRlp/6cf2a17daf771864b0bd230d6e2d493dfee7273b (0.00s)
    --- PASS: FuzzRlp/6cf751afdd29a79f143e0fce7be93c6822d6a7b1 (0.00s)
    --- PASS: FuzzRlp/6e7074d56baff3a5bd961d03073ea52613aca5ed (0.00s)
    --- PASS: FuzzRlp/70fee8a611e510a99eca2e0aeb0f00a03433ac10 (0.00s)
    --- PASS: FuzzRlp/72b6d5267d91a09ba7f667a54a783d57f692a318 (0.00s)
    --- PASS: FuzzRlp/72bba9d34724e778c2b28cb825577a691a0addf5 (0.00s)
    --- PASS: FuzzRlp/73572dd673b9ae920f9b4b5fd7a051833709e9c8 (0.00s)
    --- PASS: FuzzRlp/73b993d1e9aacf236e71950f113058f94ab14313 (0.00s)
    --- PASS: FuzzRlp/7402a20f7ca397bb837a9fed753ea2d15ac4754e (0.00s)
    --- PASS: FuzzRlp/7414a9e86e03f98ebdaae858e7120ae2b05a4a55 (0.00s)
    --- PASS: FuzzRlp/7425c0ed93d4f858e18ed6c0e23479f932f52c3b (0.00s)
    --- PASS: FuzzRlp/74e00f80cfb1e98233f8706b4ddd3f8ae669226c (0.00s)
    --- PASS: FuzzRlp/758c571741600c029841e99f1bc0d24a4103339c (0.00s)
    --- PASS: FuzzRlp/76f1953b4a410556015deaedd1784d2bf0cd0be1 (0.00s)
    --- PASS: FuzzRlp/7913c5d566ab4aa87db597eb85c6e54d8ef94d29 (0.00s)
    --- PASS: FuzzRlp/796d7cd87d822176b1c6c0412c1920734012b108 (0.00s)
    --- PASS: FuzzRlp/7bc78b8bc32d564ebc8112f7d93b88c4cfdfdd7f (0.00s)
    --- PASS: FuzzRlp/7c225aaa0aa3c4d2e8ceb82d3325b77aea7dd8d5 (0.00s)
    --- PASS: FuzzRlp/7c70d1100479f3f86798546a954c6466aad361b2 (0.00s)
    --- PASS: FuzzRlp/7cc9b1ae014f6b5c8e3d3d299f36e07116817e9f (0.00s)
    --- PASS: FuzzRlp/7d122e53102bc4dc08c297dc3642296f54c552ab (0.00s)
    --- PASS: FuzzRlp/7db8f2c55b810d76b538bf3c8af84d66db3b5ee1 (0.00s)
    --- PASS: FuzzRlp/7e72892e941319be4f916f7d8c61940cb4992a21 (0.00s)
    --- PASS: FuzzRlp/7eb500b0322a45d66c175e9ac1188a19ddb08f8c (0.00s)
    --- PASS: FuzzRlp/7f1b304f91c5b4d2df532a2a72a2b6297e75b54d (0.00s)
    --- PASS: FuzzRlp/7fca612846b8d70a574e170f15abbd162c0fa082 (0.00s)
    --- PASS: FuzzRlp/816bca3e51774cf21985f3fa15dd38344543a2f0 (0.00s)
    --- PASS: FuzzRlp/817e18044ae90a87fa93bd43ad0aece1d293f969 (0.00s)
    --- PASS: FuzzRlp/81af98af5f6d0626211da6f11b4b872d95c25199 (0.00s)
    --- PASS: FuzzRlp/81c734e4947793c8eae0340488a6b3ec91cf511d (0.00s)
    --- PASS: FuzzRlp/82e53a71fa4f101d56ba1a487136f40ea7fa27f2 (0.00s)
    --- PASS: FuzzRlp/837e08d01da50064ea57f02684475a17ae533bbc (0.00s)
    --- PASS: FuzzRlp/83ca919def7d506e3177bec9a24ce75e9e1a696e (0.00s)
    --- PASS: FuzzRlp/84f76ff468f647f5d673a77ac7277e1a7dc4b9b3 (0.00s)
    --- PASS: FuzzRlp/857363cae2666b14e52a5c512c54970820d68b3c (0.00s)
    --- PASS: FuzzRlp/867d7829f3b90267ab3a53b83433366121603ea8 (0.00s)
    --- PASS: FuzzRlp/86cdf420d6a9c4da603367a85540023e88015e69 (0.00s)
    --- PASS: FuzzRlp/87231a4ddbb41bbee3f61022e81e40eed151554c (0.00s)
    --- PASS: FuzzRlp/872a90a8104b58bd7d286971630d4a25f8a0db43 (0.00s)
    --- PASS: FuzzRlp/87defbbc5f6c04e31d2c3a0919dd8491565e9047 (0.00s)
    --- PASS: FuzzRlp/882d8908847f5ace950a857c5d3cd968d9427125 (0.00s)
    --- PASS: FuzzRlp/886f916ee261e9c3322544c9fc7392ef85958218 (0.00s)
    --- PASS: FuzzRlp/8a6131c88440af3212aa687a376287730d317ace (0.00s)
    --- PASS: FuzzRlp/8a7f6981ae6f7cadc66a72ae49280d9d7d4f6212 (0.00s)
    --- PASS: FuzzRlp/8aa5961d275745c289b22cbc2ecc5412560eaa87 (0.00s)
    --- PASS: FuzzRlp/8c87c3bf457e8f6bbbd927d47f4f40e63008d16c (0.00s)
    --- PASS: FuzzRlp/8d95ad6632d4823d970c67de219a62a923ce77c1 (0.00s)
    --- PASS: FuzzRlp/8ea2c8258d3f24df8d76facf18f438200534bd6b (0.00s)
    --- PASS: FuzzRlp/8f0acc6e955a4b9bf52f09306916736b3a2f92bf (0.00s)
    --- PASS: FuzzRlp/8fa96b1107f8bb54fb8079186260a16b6227a147 (0.00s)
    --- PASS: FuzzRlp/8ff1528ab1d4acdd34d530556af12eac82706bee (0.00s)
    --- PASS: FuzzRlp/9069ca78e7450a285173431b3e52c5c25299e473 (0.00s)
    --- PASS: FuzzRlp/90a3759778a88cef38ccb23273c82f1dc7d4ea60 (0.00s)
    --- PASS: FuzzRlp/90f9cf5aef0e6495c7306c9d47f78191694f8570 (0.00s)
    --- PASS: FuzzRlp/9264b5308d14bf462e4596b8ccc1850cb1fc7fa1 (0.00s)
    --- PASS: FuzzRlp/929be6bcfe62c79ed887137adaca892b33977106 (0.00s)
    --- PASS: FuzzRlp/92b2856c1be129d8ea2d3ce3c0aa41d2a0b8e8f6 (0.00s)
    --- PASS: FuzzRlp/937763838ca083bf04196ce404307e66e90bf212 (0.00s)
    --- PASS: FuzzRlp/937c50eb19f9d702c91df7c3281e93d1e705b6eb (0.00s)
    --- PASS: FuzzRlp/93fe0599aea78259cc53a6b487160fef8131441e (0.00s)
    --- PASS: FuzzRlp/940a8c6d85fef79b55726f2840fea4bc28fc957f (0.00s)
    --- PASS: FuzzRlp/950c0eef410529cd0b7c6e75edb73f6b580493c9 (0.00s)
    --- PASS: FuzzRlp/952e8bdc760b6b761ce599721d2f4207e1006d27 (0.00s)
    --- PASS: FuzzRlp/95636bdd100589611c9da493fb84897f29312d4d (0.00s)
    --- PASS: FuzzRlp/95f1ea99c95109bac3c12213855cb4350a9e379d (0.00s)
    --- PASS: FuzzRlp/966bf06266888f04e8e91022f0783f38fcabd018 (0.00s)
    --- PASS: FuzzRlp/96a902cf35bde785fecbda8c2fd6c38615f1eca9 (0.00s)
    --- PASS: FuzzRlp/9751633afc48127466e61239df42d1fcff9edb6f (0.00s)
    --- PASS: FuzzRlp/97907bb5ed50970c3c43149bf45fec7a1f90b45e (0.00s)
    --- PASS: FuzzRlp/97ec7ce560e8f149d4c0353e3fb7758e10f2ca6b (0.00s)
    --- PASS: FuzzRlp/981c6abec0c0f489245cf56180268d0a199af3cd (0.00s)
    --- PASS: FuzzRlp/985af8d8f88b4f3a64114fa052a9ce94a362f5be (0.00s)
    --- PASS: FuzzRlp/98d91d97b15fa85de108980b580bba51b7569846 (0.00s)
    --- PASS: FuzzRlp/9947bee7b57b55936c7c34ce03b04c4594f6b5bc (0.00s)
    --- PASS: FuzzRlp/99c37084131577cf6d5f65132b3a436dc56ed797 (0.00s)
    --- PASS: FuzzRlp/9a00cc128e58999724a7b7749e7302a72804316a (0.00s)
    --- PASS: FuzzRlp/9afb9370e398fc86eeed7b14392f56cbddc8d226 (0.00s)
    --- PASS: FuzzRlp/9afd3ddd7fd87edf8c36bccc301fc6c217614e66 (0.00s)
    --- PASS: FuzzRlp/9b61df4e4618463609222771b3f74d4e38bf2cb6 (0.00s)
    --- PASS: FuzzRlp/9b880d2908797ca7442d9c5781cf6da471b9a50d (0.00s)
    --- PASS: FuzzRlp/9da488b3a3a7936d882acbf7243a1ebc2af63330 (0.00s)
    --- PASS: FuzzRlp/9e5a9b9eb7c6c03252fa5cebf1127dc22e733be7 (0.00s)
    --- PASS: FuzzRlp/9f9f32fad240816d9a9c0c20dd713911cc68a081 (0.00s)
    --- PASS: FuzzRlp/9faa86f9cafc1b0329b489f98d7a7b84bd01da79 (0.00s)
    --- PASS: FuzzRlp/9fb843cbc872cbfca40149b5f6debb47ece9825a (0.00s)
    --- PASS: FuzzRlp/9fd498f67c968bfbe03b28b0d4a9e052f40981f3 (0.00s)
    --- PASS: FuzzRlp/a10d81ad519ae5a022d97e32734e2311034ef2d3 (0.00s)
    --- PASS: FuzzRlp/a1e7d29cdeb8273187cd42749dc58ab1666f210b (0.00s)
    --- PASS: FuzzRlp/a2112095287798a255704f77f67347ecf866cdd7 (0.00s)
    --- PASS: FuzzRlp/a2b78b7221b002f346555aae16cc6b09b93c3892 (0.00s)
    --- PASS: FuzzRlp/a37778c7a8bd1c42065927f0d4145aeacd1363db (0.00s)
    --- PASS: FuzzRlp/a3cf8bf81860eba7bf2524fbf1b0e99aec25b0be (0.00s)
    --- PASS: FuzzRlp/a3db20caae2097ec1a6d5271196efb1136a12c71 (0.00s)
    --- PASS: FuzzRlp/a423d522f4de219863206b877889c1f367f886dc (0.00s)
    --- PASS: FuzzRlp/a4a0945d85c77eaed32785323441318ae5b6ec8f (0.00s)
    --- PASS: FuzzRlp/a4da180dcf530a8794fbac5d4f35c98dd065e3e9 (0.00s)
    --- PASS: FuzzRlp/a56799acd13cc0b7eb1f4da14d49daa15aa6d5d0 (0.00s)
    --- PASS: FuzzRlp/a642c1090640275a91ef6e13d4930b7074a94578 (0.00s)
    --- PASS: FuzzRlp/a69c5a1b24f506c33ba24080dddc3dfc214a887e (0.00s)
    --- PASS: FuzzRlp/a74c1ebe4ba0d4b91790f724770c2c68fd5eac3d (0.00s)
    --- PASS: FuzzRlp/a84735c1c94bd100e70543b726b92778c0c86636 (0.00s)
    --- PASS: FuzzRlp/a85d9a80e99c68127fa0455638832e47bcb41596 (0.00s)
    --- PASS: FuzzRlp/a8954e3e6d00ce15da6ff9c6342128ce6fc458f2 (0.00s)
    --- PASS: FuzzRlp/a9a9892e173e78c8fb6fe58dc703c9c8c0cc4b51 (0.00s)
    --- PASS: FuzzRlp/aa1aafc4fe5cf082fb592e65ac4f87fa44846fd0 (0.00s)
    --- PASS: FuzzRlp/aae0b3f6b1ac61a79e391e557c7ee74b0afe39fa (0.00s)
    --- PASS: FuzzRlp/ab1cd2aa603828dc45cf6776d297094859d86bfb (0.00s)
    --- PASS: FuzzRlp/ac673aee1e902a76783d1479bef44fa0cbbb4304 (0.00s)
    --- PASS: FuzzRlp/ac6c00c47a06ceb9389b7f13b34361deffd6ab88 (0.00s)
    --- PASS: FuzzRlp/ace44d55fe23b023e5b1a292fb5b6704b912dc99 (0.00s)
    --- PASS: FuzzRlp/ad8c493776ae34a54e85707139f6d8fd13403ade (0.00s)
    --- PASS: FuzzRlp/adc83b19e793491b1c6ea0fd8b46cd9f32e592fc (0.00s)
    --- PASS: FuzzRlp/aee6c293c4360ce7116e4ca11fccc0f19aad186a (0.00s)
    --- PASS: FuzzRlp/af93aca2c67c6b316d50ee9c92486b2a5bf9759b (0.00s)
    --- PASS: FuzzRlp/afe1826cbe81bbac05b71a4af556e1ada804a3be (0.00s)
    --- PASS: FuzzRlp/afef0c733212162616b9dca46b4675d14d4e2de7 (0.00s)
    --- PASS: FuzzRlp/b08396d552613dc89529932657908baeb7f2473c (0.00s)
    --- PASS: FuzzRlp/b24acd145ad285b9914e26958d84880b3de95cf3 (0.00s)
    --- PASS: FuzzRlp/b28a9d4e18ed86087cbe048e4f1cd1bdd239e69d (0.00s)
    --- PASS: FuzzRlp/b431a1092054302f700d149b3ebccd98604283ca (0.00s)
    --- PASS: FuzzRlp/b47124f58e1c71aba84071e26c5255d0140d842e (0.00s)
    --- PASS: FuzzRlp/b5bdcb7519c1bde25e666aa2da1abce75f5de31e (0.00s)
    --- PASS: FuzzRlp/b686a11572827c2304d536adca2f4b0096750143 (0.00s)
    --- PASS: FuzzRlp/b6aaa0177440a5bf4c386bf378f4542f76e0292a (0.00s)
    --- PASS: FuzzRlp/b6ed8d0f256627682544320adbdf064be25e10b5 (0.00s)
    --- PASS: FuzzRlp/b74987cf409a07df8cc8386a6dceb7523f3051a2 (0.00s)
    --- PASS: FuzzRlp/b87f758d8825cd97f9f449d439cc6029105bc3d4 (0.00s)
    --- PASS: FuzzRlp/b8e87dadfb4f4a32b9f01e1dc2f5e01253980952 (0.00s)
    --- PASS: FuzzRlp/b90b720e90dd95042a27fd3e3c0466db216f169c (0.00s)
    --- PASS: FuzzRlp/b94ef05f3728c7f72dc88c7b8eda27eb3fb0a461 (0.00s)
    --- PASS: FuzzRlp/b9621e898100bcfcfcc527b73fce991fa709cf04 (0.00s)
    --- PASS: FuzzRlp/ba854e0a8f414c383129f9cf20bc3ccaf40c7a48 (0.00s)
    --- PASS: FuzzRlp/bc5d42bde0d0ff3ed03b060ab5780c35adf1f248 (0.00s)
    --- PASS: FuzzRlp/bcf6652253b7ac6eb4054f61d704a5c5f97dc667 (0.00s)
    --- PASS: FuzzRlp/bd0d2af8ef9d2b7fd0e6b823f51f5496af9fe8e8 (0.00s)
    --- PASS: FuzzRlp/be926d231fdf7fb68c1c4e503491d4602d6f59e0 (0.00s)
    --- PASS: FuzzRlp/bf2db6a9346a122a8b9f05e004bc0e0e7970972e (0.00s)
    --- PASS: FuzzRlp/bf79e6649755b4f9e4fcba325ea83e991d5f16f9 (0.00s)
    --- PASS: FuzzRlp/c021b41c8f572a1a42da0727deb8e12824eb5ae0 (0.00s)
    --- PASS: FuzzRlp/c038277cab0b93dbf6aacacb0d4ad630414fd9ad (0.00s)
    --- PASS: FuzzRlp/c03e58ef35b3a600471de298aa40edef2b609ea6 (0.00s)
    --- PASS: FuzzRlp/c07d035ef693be09e14cc01599179db5b1884977 (0.00s)
    --- PASS: FuzzRlp/c0b7709d63878dd00d094665a191e3845435740a (0.00s)
    --- PASS: FuzzRlp/c0c6db86347b2be774df4e64bc31ddc32d2c4e88 (0.00s)
    --- PASS: FuzzRlp/c20878a9f388812691d5e4ded58aeb8bebef61ad (0.00s)
    --- PASS: FuzzRlp/c24e8d770c512ee99719792e0a31cbbdb7c5af51 (0.00s)
    --- PASS: FuzzRlp/c2ab38f4b26869927c4df8b21ffb2a1d4c1dcf2a (0.00s)
    --- PASS: FuzzRlp/c337cbf9a122ce9869645fb3010e2bf58f7e6da1 (0.00s)
    --- PASS: FuzzRlp/c3504f229b452b539b58f251a7aacb3005d248fb (0.00s)
    --- PASS: FuzzRlp/c424eabaeffc4e37338a5785a6a1fa6c9f704b67 (0.00s)
    --- PASS: FuzzRlp/c59de53d7adab86004eecd82e7613641ab4faadf (0.00s)
    --- PASS: FuzzRlp/c60335416bdee324aae70490e82816c17f9d3eaf (0.00s)
    --- PASS: FuzzRlp/c6f3e1d8f9867bba0152a26fcb28f9e3da387ce4 (0.00s)
    --- PASS: FuzzRlp/c71741952f64a0cf26db5b95f3f2d261f75ad31f (0.00s)
    --- PASS: FuzzRlp/c9360415f8a2a435d3d457afc2624e9fb20343e9 (0.00s)
    --- PASS: FuzzRlp/c9c85cd80e2b2926b8dd16500e3e3c5103513d5e (0.00s)
    --- PASS: FuzzRlp/cbbcf063ca50d58cb1573f6b61f7bb3c81ebef01 (0.00s)
    --- PASS: FuzzRlp/cc42816883dffee7248b4a9f2ef793fc867d1c61 (0.00s)
    --- PASS: FuzzRlp/cdfd7b4a75700e049e56493ba529d9aff2ecc6e0 (0.00s)
    --- PASS: FuzzRlp/ceadbe6bf4f28fb32cf32d6b3922c9de7cbc89f1 (0.00s)
    --- PASS: FuzzRlp/d02af875ce0063231905fba00a21a03e8ee90586 (0.00s)
    --- PASS: FuzzRlp/d04899dc761bc85c8d2d7581ef127f3308888fbd (0.00s)
    --- PASS: FuzzRlp/d24b85a608ebf9d9a68f2343c8b0fe5642b2c92f (0.00s)
    --- PASS: FuzzRlp/d4459ce257ece26b1a2f30d5f682a6e8d68b5300 (0.00s)
    --- PASS: FuzzRlp/d4694ca9656f6d12da16813b80f920aa4d0db200 (0.00s)
    --- PASS: FuzzRlp/d4f6cf0df1bf4f6d74fd36d594d690f44c8a250a (0.00s)
    --- PASS: FuzzRlp/d50395a82c97b0f7a7a914398cdad751c93cdfff (0.00s)
    --- PASS: FuzzRlp/d6105c63cdf43c5aa6735d154da588133a21907e (0.00s)
    --- PASS: FuzzRlp/d660c02ed8dfe94ced7444a6005c51c0a21aca53 (0.00s)
    --- PASS: FuzzRlp/d6a4792dec9511002b4a41e5c5bcd6aadd633911 (0.00s)
    --- PASS: FuzzRlp/d6e9e627e5581c1bbdcbaf13c70c65b1c7709003 (0.00s)
    --- PASS: FuzzRlp/d7a7311887106f003fecfaaf251d88544f13a432 (0.00s)
    --- PASS: FuzzRlp/d8c022faf025362bfc2852c263bd77f410474057 (0.00s)
    --- PASS: FuzzRlp/daed3a058e2ebd823ed05af8b7fd034c8ded3438 (0.00s)
    --- PASS: FuzzRlp/db415437efae054513a6fffadb2da23877981ec4 (0.00s)
    --- PASS: FuzzRlp/dbd59e755944153f0c31095a484febf7e110d2fe (0.00s)
    --- PASS: FuzzRlp/dcebf4b93308fd91962cda16dced57dac014da8a (0.00s)
    --- PASS: FuzzRlp/dcf9ce12ac176f2ed3c28b469a576e0fa47e5776 (0.00s)
    --- PASS: FuzzRlp/de1180c9e6bcdce34c701e70f8a647a61902c00f (0.00s)
    --- PASS: FuzzRlp/e00671a08546c19cedde66252059188b6d528346 (0.00s)
    --- PASS: FuzzRlp/e0bbc960e5168c274cf165327373f198ea2cda94 (0.00s)
    --- PASS: FuzzRlp/e0e6596ca79cdb159e0a40c1da77f78e9109afb7 (0.00s)
    --- PASS: FuzzRlp/e18dd5da82aa5ef2d4b1febfb6b5041ced00f46e (0.00s)
    --- PASS: FuzzRlp/e18fe552c2f0f7ce6b6c983d72f8c5ddcf1474d6 (0.00s)
    --- PASS: FuzzRlp/e1b0f07051dacd9be7d8b68a107c2f77cd4a80a9 (0.00s)
    --- PASS: FuzzRlp/e1e27ac50ea9953a0c6df4c9d8942b81ccf33cb6 (0.00s)
    --- PASS: FuzzRlp/e23f178b28d1ab7f5b11da9010ada841ec357cfb (0.00s)
    --- PASS: FuzzRlp/e28f8ecd2baee51c72cd1022d80b0a54d0338308 (0.00s)
    --- PASS: FuzzRlp/e3a1edea13a3c690d658fbdb3f1c43e08a605ebd (0.00s)
    --- PASS: FuzzRlp/e3a88ffd604a1002a497f911711043f62bf3d9d9 (0.00s)
    --- PASS: FuzzRlp/e418c99b6a7c140c62c55de20ba2c22532994b43 (0.00s)
    --- PASS: FuzzRlp/e420cca965c7804d229856b6b4603f5481d020c4 (0.00s)
    --- PASS: FuzzRlp/e4300f4fdd18f209ca082e3e7658bd3cf6747ca2 (0.00s)
    --- PASS: FuzzRlp/e599f7743a69b82dc677c0dad3b28b29e10e2fe4 (0.00s)
    --- PASS: FuzzRlp/e71516b51c4c6382f077cbc68edff9ae1c204ded (0.00s)
    --- PASS: FuzzRlp/e82f4881d849e1c18548b76f0a0f5ead757ed380 (0.00s)
    --- PASS: FuzzRlp/e834e9e644aef707fded29d58ce69b5f26111060 (0.00s)
    --- PASS: FuzzRlp/e8d31024d7d459d999893bfbaef476992c0896cb (0.00s)
    --- PASS: FuzzRlp/edd918c34c815b8e99c7dd24fd78c01bceaabc52 (0.00s)
    --- PASS: FuzzRlp/ede2cb9d0ade07b9337597251bd2e8104293d958 (0.00s)
    --- PASS: FuzzRlp/ee225f09bc798ae60e2e32b40e8993c9fedf69f4 (0.00s)
    --- PASS: FuzzRlp/ee35b357982bbb88d5afc36f5ee491f66d055eda (0.00s)
    --- PASS: FuzzRlp/ee924da03cc7e232106bab55d3a303f322a8aa62 (0.00s)
    --- PASS: FuzzRlp/ef610f41ef9c9ac6608f2a8469f7d7fdbb7ad9e2 (0.00s)
    --- PASS: FuzzRlp/efbb4d8cc409d5ffbe5b50717ea1b9a1bc354939 (0.00s)
    --- PASS: FuzzRlp/efdaf5bb1ad730a950f5313fc086c0c78611e03e (0.00s)
    --- PASS: FuzzRlp/f04cceb1428547dd37e32726c8f918ecd94ffd8f (0.00s)
    --- PASS: FuzzRlp/f3550690b9589e0f8d5b05239903ca4fe31126f0 (0.00s)
    --- PASS: FuzzRlp/f386469188b92f1fc694b1c28cb998c9ebef0b50 (0.00s)
    --- PASS: FuzzRlp/f40e23633a42730ada45e862cf5d0fcfc935fba2 (0.00s)
    --- PASS: FuzzRlp/f66093aa34d08297f508e2ba35707764c600d29e (0.00s)
    --- PASS: FuzzRlp/f690c7c6327b72d6b1d138e81ea6c146ed2db10c (0.00s)
    --- PASS: FuzzRlp/f6b88b8d1bf26e6d3ac0ce062cc417aa0d0e6ead (0.00s)
    --- PASS: FuzzRlp/f6d25cea3a1d972c9f9cf92a1fed36b9ff35ca1e (0.00s)
    --- PASS: FuzzRlp/f70e044b22458997088a3acaa5f833d77b06fb7a (0.00s)
    --- PASS: FuzzRlp/f8fe5910d7e59698634773d289fc23e609d8bc91 (0.00s)
    --- PASS: FuzzRlp/f93ff8c2b0e94ef7d18f7e2e3111a21dab896da9 (0.00s)
    --- PASS: FuzzRlp/f9a33e418219304dda8315010ee6355f7da92ee8 (0.00s)
    --- PASS: FuzzRlp/f9abe63b1af48c0ece923276ae3c9e8ecfeb080d (0.00s)
    --- PASS: FuzzRlp/f9f7a0f786a0dae97fcb68252ad333a81d28f0c4 (0.00s)
    --- PASS: FuzzRlp/fa06c91618059e0f8fd73219627476adf4bdb1ee (0.00s)
    --- PASS: FuzzRlp/fae23505bc529f3bc4e21cb4f7ff41b467a07f75 (0.00s)
    --- PASS: FuzzRlp/fb0fe3cacec2df032e7b0c02e33d9dfbb309337d (0.00s)
    --- PASS: FuzzRlp/fb9b60a2a0accf91a6542b28825f84e2da34ef34 (0.00s)
    --- PASS: FuzzRlp/fbb1166ae1577e0132e8da1253c5e7ce9408c2c8 (0.00s)
    --- PASS: FuzzRlp/fc4d72f10d84fad810e36420622fe45f4beecfce (0.00s)
    --- PASS: FuzzRlp/fcd901aeff02aecc1d8b4907a003dcc95be226bb (0.00s)
    --- PASS: FuzzRlp/fcfb0ccd6279765c8b92d37e3ef9e297719bbafb (0.00s)
    --- PASS: FuzzRlp/fd63bf59f394c5a70c51cefb6357a11e27ad3a33 (0.00s)
    --- PASS: FuzzRlp/fe3a060861fe7cce9a5f2b54356c953bff2567ef (0.00s)
    --- PASS: FuzzRlp/fe48576adcb0098bae2e9afa57378e9bd260cc47 (0.00s)
    --- PASS: FuzzRlp/ffea6bb3ea93c034a1fb1d352e1664e40328e50e (0.00s)
    --- PASS: FuzzRlp/fff3be0e1b061389cad97846555299723a161ea9 (0.00s)
PASS
coverage: 93.6% of statements
ok  	github.com/morph-l2/go-ethereum/tests/fuzzers/rlp	0.048s	coverage: 93.6% of statements
