=== RUN   FuzzTrie
=== RUN   FuzzTrie/0055f3044f128ee5772165d4bf5c287327e62665
=== RUN   FuzzTrie/00ff74ab1e70be7f8d2a203921b5dfc8f270f43f
=== RUN   FuzzTrie/01d12746244c78c232424a8499a625b057602fd0
=== RUN   FuzzTrie/02b64d93a874a23e3fdb6b7590ca9cbebc26a45b
=== RUN   FuzzTrie/030695bbc54fbb007e9341570ffed4af996e317f
=== RUN   FuzzTrie/031842816cd22d6610877a948195ce2eab710af5
=== RUN   FuzzTrie/032dc1238efa78338b353b200a5027ecd6e0c9dd
=== RUN   FuzzTrie/034f5dec1da6b785dff8beac79da5d59bfa165b9
=== RUN   FuzzTrie/037ebf6918d6d07c422875b5092274409ae240d3
=== RUN   FuzzTrie/03d3dcde3cfdeec96d11e462535138d6822f9fd2
=== RUN   FuzzTrie/052f03ac0f6ece423c1f17314b794a8a9098c5a8
=== RUN   FuzzTrie/060a40750357c3ab53b0d90327b04765b5c62ea4
=== RUN   FuzzTrie/06bcdf94b8c43ca77fbea7621d3fdf25f9709350
=== RUN   FuzzTrie/0823fc7aa11a18a3d3c10211aee538c547e4b99c
=== RUN   FuzzTrie/091a1bbbd888d34f16347bab27b1678fbdc1cbfb
=== RUN   FuzzTrie/0a034cef9d07ab144c90b8753172f3ab2a1a9ca0
=== RUN   FuzzTrie/0ab290674159eb2d10ea6c69c670ed78a2ba6277
=== RUN   FuzzTrie/0ab437d8e747114486ddd40593755146e5f71f82
=== RUN   FuzzTrie/0ae3a33b35e5c7a7e374f7c1d6e29fed9bedee76
=== RUN   FuzzTrie/0bc1f3531f322402ab2692960d32710f272a71dd
=== RUN   FuzzTrie/0bd6401b77d5b93810fa42531016598576f08028
=== RUN   FuzzTrie/0c450589eed8861ff445ed5673a59f0dc6153ce6
=== RUN   FuzzTrie/0cf86b23f38a96056db699c35fa35b8a2a4cff51
=== RUN   FuzzTrie/0d4e6fe86fb7afa7e88f529b1895f211542d9072
=== RUN   FuzzTrie/0d9e7721760c5da7ed4e7d10ce30916fab041323
=== RUN   FuzzTrie/0daea69217df17d676448b50e349176686455b57
=== RUN   FuzzTrie/0e1ccadd7415bd34e228c9857d67181249d7aaf7
=== RUN   FuzzTrie/0e3b4a9c92ecb25824501650921352b5c0ed23d6
=== RUN   FuzzTrie/0f03eb89c9672d113c8549d5226a72a375be29ee
=== RUN   FuzzTrie/0f9e762868f579935d798615e53410453b18d7b2
=== RUN   FuzzTrie/0ff687c6b6527686d15dd615e34950eaac50f046
=== RUN   FuzzTrie/102c607d3df73b403fa365d84967b6c963af538d
=== RUN   FuzzTrie/106a1653ae835ef0b3b1e369b557833bfcb1ae04
=== RUN   FuzzTrie/10a23aec6a66118f4d6d5b4558ad31ef8fe8e0c5
=== RUN   FuzzTrie/10bedc961a2ce913a0825ec6eef65fe8428eca11
=== RUN   FuzzTrie/10c26c6bed799c41114d425a91b01a0afef7dea5
=== RUN   FuzzTrie/113868e86f69096a727bd0e4e9216542327d1e2b
=== RUN   FuzzTrie/1200108ab8ae97791b1d7994a84a5b81282cb715
=== RUN   FuzzTrie/1216aa524aef75e75aa9214fb78ad1ac3ba1e34b
=== RUN   FuzzTrie/14a17e2c386caacc00501ef875b85dcc7ef1b482
=== RUN   FuzzTrie/14ab4f4bee7c52eaef40c3ae547ec3d0967093af
=== RUN   FuzzTrie/1527b441145632ca28545b220e8686491ad7a212
=== RUN   FuzzTrie/1536f29174928d17ff7bbbd39e1dbb4f7a3a84d4
=== RUN   FuzzTrie/156884dbdb608c6766869b16ab016f58fc7d4bb6
=== RUN   FuzzTrie/15716befe3d7eb4c1d40fc29dcce5f26dcf71c7c
=== RUN   FuzzTrie/15fcfcb962f2683acc3cf90e5f509cbac37d7792
=== RUN   FuzzTrie/16a473a24c9ac27e50ad5f1fa9956e8a00b4b764
=== RUN   FuzzTrie/16c7f80216d48dce1df9c01aaaccc119f949d736
=== RUN   FuzzTrie/16f71c43e481039d54a68774cb0b9594ecf14f62
=== RUN   FuzzTrie/1708bda2f6d694adf86dfa25bf58215607fbe44e
=== RUN   FuzzTrie/1741a6c59164633ebaa27ad810a53cc43b8ae3d8
=== RUN   FuzzTrie/1759bacb447c26e31d9e44599fcc05ec43793dda
=== RUN   FuzzTrie/176c9d103fa296b0334840376bb4a4a18945890c
=== RUN   FuzzTrie/1849441d1cfc29a546b90344e00c646d95b91b37
=== RUN   FuzzTrie/187fad62156429597f8c9c8665722b4ca40ce3f2
=== RUN   FuzzTrie/18c782ad7174c659eaead340f4ddac9fd126fb55
=== RUN   FuzzTrie/1961b935d32746b2fcf3b595663ff7d188cfe4d7
=== RUN   FuzzTrie/199cedc170f599d62f0da40a22e2c08fac6e5641
=== RUN   FuzzTrie/1ac6e3958c1756d1da1832fea66f1232bd285186
=== RUN   FuzzTrie/1ad665d788f9298ff0df81fca805b6f980f62f1a
=== RUN   FuzzTrie/1b87bd85372ace3ceaf4e843fbcf71b76c1255ed
=== RUN   FuzzTrie/1b92f9355878afa4115eaaf74ab1753bc0eae5f2
=== RUN   FuzzTrie/1bc03d5e42d201e6c9c8d58381e30f73ef28f574
=== RUN   FuzzTrie/1be797138a714c845f3b6401fb4aaed7c89f8a05
=== RUN   FuzzTrie/1ef0ab01fcc1aa3872e4ee1f77d50432c13e7492
=== RUN   FuzzTrie/1f4f944551886ffcbfd0f74d8df346b4d27c8828
=== RUN   FuzzTrie/1f54767337bfcc7fb12b46ac0337d39888621a4b
=== RUN   FuzzTrie/21de6fd86ab34cbb7d7514ff8cb512ab6e28354c
=== RUN   FuzzTrie/22a61522cf5fd6048ce1e508404d323462714656
=== RUN   FuzzTrie/22cebcf13aac2d88be3987615de5bc4f94f10d8b
=== RUN   FuzzTrie/2416dc3f221815c55800396fd6b6d8071b615a38
=== RUN   FuzzTrie/24e0f920c8467ca94a9164ce3312162b85fd7b9a
=== RUN   FuzzTrie/24e72ae1bfec74d0cd532012eb5575ebd0978514
=== RUN   FuzzTrie/2594507718660990eab5aa8271e759d495c95793
=== RUN   FuzzTrie/2613ddec786ac1b7f33ac3a5653fa2de91860763
=== RUN   FuzzTrie/26342ed6d5e34743b63d758566512dee20c9fae1
=== RUN   FuzzTrie/2694c932e85353ae2d25ed48b00ca128f5da3b31
=== RUN   FuzzTrie/26f629c90af379dc3170386164e0296e9d0787eb
=== RUN   FuzzTrie/28aa6cf2b552a2912d28ddabf6d5958d2073053e
=== RUN   FuzzTrie/299438d912e320d7cab632f70b0ae3b9f5192364
=== RUN   FuzzTrie/29d20e646b4fb6dfe5ccab100d5ba845fd07c03c
=== RUN   FuzzTrie/2a74bd61ad68f44d8b9b202f76877bcb8dd93eb7
=== RUN   FuzzTrie/2b9c68b73ad6a20b0b5224d073be189a45a229e3
=== RUN   FuzzTrie/2bc660f0635547cdfab1dc25cf3219a13535d870
=== RUN   FuzzTrie/2bccb9958f1dac7193b643f1982c50684e6b079a
=== RUN   FuzzTrie/2c2da4d7e4522d27302c986cd67d00fde2585393
=== RUN   FuzzTrie/2c4480348ac8d89bb60c0109f7cb6b2b91729a57
=== RUN   FuzzTrie/2cc826075ee6c4053cee1243034ba6eed6bb116c
=== RUN   FuzzTrie/2d631ebe5cd63dea0d58aaf773326ebdd833b053
=== RUN   FuzzTrie/2e14aa981dfb770e4b9231f17b786d4bd0141cb1
=== RUN   FuzzTrie/2f132d8252705fa9eb322dce84be9af5d3d444f2
=== RUN   FuzzTrie/2f20df5c3a77d2355c8c05adaac5b630cdfe64f5
=== RUN   FuzzTrie/2f6e2c177ec3820246d7398ea55abc95cd5a0c8b
=== RUN   FuzzTrie/2fe42ddb122c43d85e2c7f12682c7f1b425d13d5
=== RUN   FuzzTrie/307de17ea8edca9ffcfffb4e47eac6381246600b
=== RUN   FuzzTrie/3089650de972e2221fa6607ba4c3f7529acb19c5
=== RUN   FuzzTrie/309daec3e09cc417199802f414db23536726ad51
=== RUN   FuzzTrie/3164ba5fbc4c7fa78fdf29aacac335772c1f152e
=== RUN   FuzzTrie/32d4805230f84daa2286c604ab3828fb6602bf78
=== RUN   FuzzTrie/3360af49aaddaa79aa0082aff836d8abfd809399
=== RUN   FuzzTrie/346322af46a10a0a675e26455a2f8cab62b7870e
=== RUN   FuzzTrie/3602622cf365fd27caeefe764d6d100a811852a1
=== RUN   FuzzTrie/36b79601a4c17010d80a45518304b77dec261331
=== RUN   FuzzTrie/36bca92cf088345e025c116a759c7c6c31e88fc2
=== RUN   FuzzTrie/37267fe24e4d6e8fa91b9056e906dded6d60a9a9
=== RUN   FuzzTrie/37ef4a498976cb99378b6c4a5c801a30a6dc387e
=== RUN   FuzzTrie/3862917cfe9702f8af186b529454f826f71301c2
=== RUN   FuzzTrie/386d9c1ca5963bac5b9a3acd0324470056d13156
=== RUN   FuzzTrie/38e0e82f3af434ed3feb647896a69a2b2497f406
=== RUN   FuzzTrie/3a425623bd9861cbb47cc3a26216ae8643d14cbb
=== RUN   FuzzTrie/3a483b9a58a283308ccd93417e39f6e731781bff
=== RUN   FuzzTrie/3a7f921c4e5f2ed19f787753ebfcce2685b7246a
=== RUN   FuzzTrie/3aa305ffb38753a2c31249c982ccffe675966556
=== RUN   FuzzTrie/3ab0eb6debe5f9685d316328fa56262b24505758
=== RUN   FuzzTrie/3b1d31698f67c70d509a2e7dae99d9a0bdafb580
=== RUN   FuzzTrie/3b6dba2053d45f694ba1f497ac71cce920b0e7e1
=== RUN   FuzzTrie/3be2eba1d840e9381f18693d5a172c27df13c01d
=== RUN   FuzzTrie/3cb729c75a02d73d7116e624835ae5d48b86e12e
=== RUN   FuzzTrie/3ccbea9e9dcee441a398f4020d4cff613c16c885
=== RUN   FuzzTrie/3ddc2e850287057f6337734fb5f4a58ad83fbf9d
=== RUN   FuzzTrie/3df3fc02c30372fef7cb9fe682a4b8be7ff776d7
=== RUN   FuzzTrie/3fe01268a82adf6e0bf452cadd99443c1e2d9a76
=== RUN   FuzzTrie/404c135af4d4072f57281affaf2444a6dddf2fe3
=== RUN   FuzzTrie/405474eaadbcd35b607743025f131dfb3b63c26b
=== RUN   FuzzTrie/40e228a0a7159ddff410479bd4285752a6b92491
=== RUN   FuzzTrie/41754673590fbb60b5c78e0520686a9ec1b86de2
=== RUN   FuzzTrie/41bc5756225bc911cee368f1f75d094e763177d7
=== RUN   FuzzTrie/41f583c266a0ca8701184731b773f712a8f75333
=== RUN   FuzzTrie/429f492e6007be853b001b52d27cb99f97ed1402
=== RUN   FuzzTrie/43e91dba690db95c7b51e941deeffa849fc69c20
=== RUN   FuzzTrie/446fb39a16f88ba75cc29ff1406757caaf50202c
=== RUN   FuzzTrie/449ee1171ad15a361bf95c88e5e4cc447870fe2a
=== RUN   FuzzTrie/44a9a89bb639ad84eff797c864c7580f51e1a3c9
=== RUN   FuzzTrie/44e839534028d519419b8e6c7259a27c5828ba1b
=== RUN   FuzzTrie/4541e75bfb7e0d39f62868830b603316955cb360
=== RUN   FuzzTrie/45d3aa9fa49008399e478501f24909e7d0e3e5a9
=== RUN   FuzzTrie/4625d6446a42a1035ffdf3dde80a205c615b8e55
=== RUN   FuzzTrie/465ecd4c8ca130f8ba06d111184662710a8ec63d
=== RUN   FuzzTrie/46ec156ee83670fea65fcdf0498c6fdb4334033d
=== RUN   FuzzTrie/474eb616851d52b128e911564e94fb14a619bde9
=== RUN   FuzzTrie/47b2b44cec3eedefd189eca7b7a882df3c712691
=== RUN   FuzzTrie/47d76856f06544dbb5d30a30945d48c0d510dd0f
=== RUN   FuzzTrie/483e87993ccd3f052df710c9acc579fc16c0521b
=== RUN   FuzzTrie/4909ff7ee2bfcd219b7cfb294c3de6392d6227b3
=== RUN   FuzzTrie/491c6d684172660b5ae84676e4875ac329a96a7c
=== RUN   FuzzTrie/491f62862c89f4afc009946c05dcf9e2ff157b49
=== RUN   FuzzTrie/4996c753aec4faa59faa4eeb251231accdebe67d
=== RUN   FuzzTrie/49fd6c92b2d6790499ea67e049bcbe67d4d3367e
=== RUN   FuzzTrie/4a6a4349f8ab8a1cf41bb0e5acec12e2c284c93c
=== RUN   FuzzTrie/4afc2f86a9a2a75066b2d74d979755d4ea96865e
=== RUN   FuzzTrie/4b1349df991b79486a74ef4724b6c2484216992e
=== RUN   FuzzTrie/4bb1ff7ddafc5fe9eaf8b6810a138e48b229fbf1
=== RUN   FuzzTrie/4c25c59559fb49d894fc929b49fc2b3a209d38c6
=== RUN   FuzzTrie/4c3c15829d0849523190d8f3ca0bed0ef0f0dd98
=== RUN   FuzzTrie/4c6f00cf9c738a7a01c55321ae87e8cbb5c72af1
=== RUN   FuzzTrie/4cd4388f31fd4b597639821b4a3dce630d3449a8
=== RUN   FuzzTrie/4d4e1aa8303a418e0e57f35da86efd46676d0d35
=== RUN   FuzzTrie/4e268853f2680809df477a5e10b3da92fbb9f123
=== RUN   FuzzTrie/4e8b6638f906be3070539655a1d12488ea4d4f07
=== RUN   FuzzTrie/4f2a66735a3574f294f56a9188fcbbe73e1c50f2
=== RUN   FuzzTrie/4f734efe9ea123f33bb01225f375524fff324940
=== RUN   FuzzTrie/4f9197a880858c25d458f6b5d3fa34047b6acb4d
=== RUN   FuzzTrie/4fc9d2cb3e655dfcb7ee69fe434de0d8b7fbc3a3
=== RUN   FuzzTrie/50476ba30d58eac2d454c0654ecd893373395cac
=== RUN   FuzzTrie/50a1d6aed77664e09ac7d0ae437f41b889ba418c
=== RUN   FuzzTrie/50a89c5f4fec91dd02c78d05c69e4b25287a7f83
=== RUN   FuzzTrie/511d7f853ecc273b13e7cc9861f0f1106efa9a47
=== RUN   FuzzTrie/51cf5e629efe47182779bce13af90cb80ecff9f7
=== RUN   FuzzTrie/51e3c8e502c42f64141c051251b20ce58380c5de
=== RUN   FuzzTrie/52801acc6905ee2f2aedbec555f9e103d6360282
=== RUN   FuzzTrie/52d456afd4c69c8d79cbd233bbb491a88bce048b
=== RUN   FuzzTrie/5306b05f21edb5b8cef4ff28fd82549e5cd64476
=== RUN   FuzzTrie/53aaef80321168fe47eaa52bc5ab0455cfba666a
=== RUN   FuzzTrie/54139ceebdf61fbf10cd9338c61be60e67b4f78f
=== RUN   FuzzTrie/545f3ffe2a6c2e94255bfea85817a2cf45380e8f
=== RUN   FuzzTrie/5463ca08519511a23a6978db4bc127d4cbdfa29c
=== RUN   FuzzTrie/547bf89032d43d9d7f28b952b60e34bab63420ea
=== RUN   FuzzTrie/54d2d26c25f0776cb417727c8e503e6189a82f93
=== RUN   FuzzTrie/5572671c312e928d0f98895ecc17c3d879586a5a
=== RUN   FuzzTrie/55982acca2489814fbecc4b9edc1a74a42f1debb
=== RUN   FuzzTrie/561d367537568fc7463acbee15470bf73857330b
=== RUN   FuzzTrie/56e56ef3ab2e69c41e1703e8fc06b2adc14f3b52
=== RUN   FuzzTrie/5748f4b7f48d5224b7e47b89bf50f161189131b8
=== RUN   FuzzTrie/57a20da5bfc1141faea8b0c54a0e029bf7065be3
=== RUN   FuzzTrie/58af0499bc38202fe72c4f248bcba02b2af6b918
=== RUN   FuzzTrie/58e137d45fe7ae36f0df7d2aa4bbe0320e27b5a4
=== RUN   FuzzTrie/58f78aea6f5c07dbe4ba4651e4d5fdaee73c5345
=== RUN   FuzzTrie/5906848663e3fc67dc281959a2a29a23eb62a9ae
=== RUN   FuzzTrie/590ee9a31e0ea55b82a280cd1c2fbbf866f3242f
=== RUN   FuzzTrie/59f7b0a61ff94f4184b1fda693ffea3b57c2eba9
=== RUN   FuzzTrie/5a73a6c22186afc1a9b9e72f6e559ea0ebc58728
=== RUN   FuzzTrie/5aad5726c96b409d86cec3a0ca98061ee48a02ff
=== RUN   FuzzTrie/5ac0fa10ca208f895dfc55fb5db5454fc577ced2
=== RUN   FuzzTrie/5b4fb484ea864c86ce91469d5d941f2ba1d0882a
=== RUN   FuzzTrie/5b739fd25a1c0e7f105bdd86d84d4539103d1e14
=== RUN   FuzzTrie/5c2cb20cb7cb0d0adc6fb03439e0c6decfbe7939
=== RUN   FuzzTrie/5c3b48a6d15e7327168e2684344dc007443e6c3b
=== RUN   FuzzTrie/5ce4101f787c4b9fa0a1844640122a5e8f08fa3b
=== RUN   FuzzTrie/5d7591df3518b54b41f007ba36f93221351a9359
=== RUN   FuzzTrie/5de17c69cb555622fd255af02c73dc3dd548f558
=== RUN   FuzzTrie/5e93ca09c449286557f39d02f48711167cb8a53e
=== RUN   FuzzTrie/5eb4963ef7a6fdb0509a0656bdcffcceceb3b3eb
=== RUN   FuzzTrie/5ec55fb3843c63c799ed1bc46a57fe2dd78fae3f
=== RUN   FuzzTrie/5ee1c127e6894756f1aed8a73f4d1d32e7aeee10
=== RUN   FuzzTrie/5f38763064c4b5363322e4ab84ad89a22458ca28
=== RUN   FuzzTrie/5faa39d7ecb1d655dccb1446f490ce8138e16e98
=== RUN   FuzzTrie/5fda9e90692a071280e035f099e687ae0bfe5b62
=== RUN   FuzzTrie/6053aa26b7ce7f1feb52cf07b9feb53158f2fee9
=== RUN   FuzzTrie/60c67ba97a7eedd1f5eee68075da9fe4a19748e3
=== RUN   FuzzTrie/6198236985e7ae9e93cbbe5a4cf78bbc4c9be85c
=== RUN   FuzzTrie/6215536db5606bce553845791f5b439ed241e1d9
=== RUN   FuzzTrie/62be16525da5025e30a4d566e01d76aaba5cd4b3
=== RUN   FuzzTrie/630ff0df7b7759fc74883ccaa77db452bdbb5066
=== RUN   FuzzTrie/63aff8c62e12e410d3e9b0754c0e71770a39d79d
=== RUN   FuzzTrie/63ee922e5ee873d8a64903e127029e810b8db3d6
=== RUN   FuzzTrie/64927555d65d1347ac43fa6e33efe20e86dca4cc
=== RUN   FuzzTrie/64e82f3e6e4d5c7cbcea26cd8cd24b9579bb99e5
=== RUN   FuzzTrie/6507e74e01b5003419a5942ea85683e7ae1bd2db
=== RUN   FuzzTrie/655bd1ef32d311ffce000f93f047675ae12f3042
=== RUN   FuzzTrie/658d198a9305ab9b2ad413c007bf1f3b81a51cbc
=== RUN   FuzzTrie/65c6da59daf1fc71d80acdc85c4605720a606e7b
=== RUN   FuzzTrie/66436b5583ef889327b4c1aa601582ad571ffdd7
=== RUN   FuzzTrie/6736f05eaff65ea6d0fca3125231268b0ecdc28b
=== RUN   FuzzTrie/67a0acdd783cdaa4a0038817742d6df2800d1c70
=== RUN   FuzzTrie/67f9ebfc1312a80343a056c9d8944f7402fc781b
=== RUN   FuzzTrie/68704b78c63500cf5e63f22dbbd42fb2a3283105
=== RUN   FuzzTrie/689c146616b9828bae787584800ae799514f8ba1
=== RUN   FuzzTrie/6a17775ea0a820f27098e18302d97c3f2637b5f6
=== RUN   FuzzTrie/6a7895b73d3310b59aab6b60d4051de9ab506884
=== RUN   FuzzTrie/6abcb7492ac3b67f339ab078e9f0135d92d5223d
=== RUN   FuzzTrie/6b45b0959468cd3abd4ef5186f7a3ef35c01b37d
=== RUN   FuzzTrie/6c5c8728558b81405e4bc389add369e726f0e86d
=== RUN   FuzzTrie/6c9e2da44223a52dd3ce427102428f56db0e1162
=== RUN   FuzzTrie/6e6198445e451411fbe070f61557a250fbdb8e21
=== RUN   FuzzTrie/6ee69b47b78ff68ef3d27ea4688f9cd3cfc74576
=== RUN   FuzzTrie/6f204f04d0da7e94a8464962bb5711d69315df5c
=== RUN   FuzzTrie/6f4ebe79e56add032e564d7d0d0f8eea6c3a5d39
=== RUN   FuzzTrie/6f77b261ae97dd5b7df7427ccdd439344a6d88fc
=== RUN   FuzzTrie/6fb040e351bf9d65138a977fab705202b2e5064a
=== RUN   FuzzTrie/706f31e1fec401ab4b7822f1f97cb60fd85f28e3
=== RUN   FuzzTrie/70d601fc2f1a5acdc0baa8fe3b0c5a87bb132ee1
=== RUN   FuzzTrie/71ba1ff16941c7a8ea0c73c4ba9a7f475dd93b1d
=== RUN   FuzzTrie/71bcb8220a801bde3430a09f9594649288552d8c
=== RUN   FuzzTrie/71c69e90bdb3e58424d2ddc78224f51c861b1416
=== RUN   FuzzTrie/71ef31855b21414b6016292d171c642226ce6d56
=== RUN   FuzzTrie/728755accba85e926cdb778cc2eb528d79b0114c
=== RUN   FuzzTrie/737fdd3b33a570892754c08bc940f86e93aa043e
=== RUN   FuzzTrie/73b4cd89473ce8821df51ff9ee4beabc798d0314
=== RUN   FuzzTrie/73d6dcf3e50d5512886bd20ceb9992f86a65beae
=== RUN   FuzzTrie/740ddd4892f1c24b09fae95bff927c43a105058e
=== RUN   FuzzTrie/742d851e28f59a5186b4c4bf7623fbab0f83c076
=== RUN   FuzzTrie/743529c831b2853c6c089748ace18ba5e73f6551
=== RUN   FuzzTrie/744d0b3f578d9b0c36fbb11ec123bc0cb86329a5
=== RUN   FuzzTrie/748e0768266fcb5cf89432a9fbca6d3ab4d86350
=== RUN   FuzzTrie/75ae3340df827a1000fe122e1274b6afbce5498e
=== RUN   FuzzTrie/75e5438b941175987c4ecb2b65d4fc0505eaf18d
=== RUN   FuzzTrie/7601b305a17ed2227578f3111046819b396b7ab2
=== RUN   FuzzTrie/7603b5a1a17fe8cdc10e4c397a626e63b6bd95b5
=== RUN   FuzzTrie/76a31bb8cc76cad4a2157b65cfecb3e163c8db3a
=== RUN   FuzzTrie/76cf96c31224cd6307a6a46f03d1eff052187d30
=== RUN   FuzzTrie/76f821e0f90c9927767023e35033e0b10e5bbb76
=== RUN   FuzzTrie/77265e7256cd982492f8c4811666af2384098139
=== RUN   FuzzTrie/77530c3beff3006b9b3df34ef1863c0fb7974756
=== RUN   FuzzTrie/787bea9919e13720cbc36e23c2ae37ba506e3354
=== RUN   FuzzTrie/7a13492eac6fea4c7ef4600c71f1d5b6fbc26651
=== RUN   FuzzTrie/7a21c2c9a6f5ed9ee4e5b2a12bf42ff288b804fa
=== RUN   FuzzTrie/7aa9bc6ce7f15e4c3fc61eb65fa12ac43612bd04
=== RUN   FuzzTrie/7b326d8ac08f3576a70627bcca999d51d3918e00
=== RUN   FuzzTrie/7b6501aef40af31d998256297b61528fc525f0c7
=== RUN   FuzzTrie/7c45e1be802de9e3bed448b67ea36b2e454654ab
=== RUN   FuzzTrie/7c9ad4297078c63903d36c838836415d7a0267a0
=== RUN   FuzzTrie/7cab06a3fd9255119234cc83defaf1e75e69a595
=== RUN   FuzzTrie/7cb379b8464abae7188904626516f12e3abfede1
=== RUN   FuzzTrie/7d292ba7ec7f1125c3bd34d8e12f87bff06528ed
=== RUN   FuzzTrie/7de19beab7ac2b21c7f2cee4988efa2fd78a7120
=== RUN   FuzzTrie/7e5bc19fca615f4af959d3f86329db066bddebb5
=== RUN   FuzzTrie/7e7685caa5bf17f768de7bc87be0b635985012a5
=== RUN   FuzzTrie/7fe63db72d954c4c436efedeb6c3f578a109f10b
=== RUN   FuzzTrie/7ffa176d6756fd42e53e08b15ebe55eec1ac4031
=== RUN   FuzzTrie/803e75a4a84a8e64a0fecf752ce7e4f5b938b7ac
=== RUN   FuzzTrie/807ff27a9ce90c8ffc29b3acb0757f7c5e538e3e
=== RUN   FuzzTrie/80d2ec32f5b7f14e79e594bf8fd09860ff0a5c52
=== RUN   FuzzTrie/80f4844975877def3166b158a572bcf4f858a52f
=== RUN   FuzzTrie/812f93dfda7594f90e1a7a2b76101df7707d004e
=== RUN   FuzzTrie/8139f1a701576d57a48705e0ab77a556ce836241
=== RUN   FuzzTrie/813cb4d88098da6f20232743660fe9c771b25864
=== RUN   FuzzTrie/81755d20237827a69a4178449c3289333f95e2d0
=== RUN   FuzzTrie/825d2f373ca0a79e9cf9262d7cf8a946002fda93
=== RUN   FuzzTrie/826cd840edf4512021fd5f96ce45ad836922bb50
=== RUN   FuzzTrie/837a69dc4ecc74cabbe83d3ebb9f88e02a56cdc7
=== RUN   FuzzTrie/838fc0f81ff3e180331d8cbc596acf2f7d2cc164
=== RUN   FuzzTrie/83a1f9dc64f42d8ac44a77e603b893ade3c04bd0
=== RUN   FuzzTrie/83df736c308b61ba4dc68e552746460e4e97d285
=== RUN   FuzzTrie/84bc67016d8eeb9e8773ad322301b3ff5594708e
=== RUN   FuzzTrie/84c4d7df1da840a548cefcfb055f7ce4b9caa2a6
=== RUN   FuzzTrie/84ce5cdec186a488a3d59aec06a04bac0e546cbb
=== RUN   FuzzTrie/851a18a9c5d3a8557adbca8752b195343270db8d
=== RUN   FuzzTrie/85c5bf9c8070df6e463acb766577c8c6cf2539a1
=== RUN   FuzzTrie/861be3614775c9afd780aa5cf6f9d9e2ccedbb31
=== RUN   FuzzTrie/8623c2ba5186f4da75197145d59445fc3606da16
=== RUN   FuzzTrie/86267c8bb326dac3f8d25dead8051a7a2550fa8f
=== RUN   FuzzTrie/8657737ac842c566e8c9b96cd00cb05c353e2349
=== RUN   FuzzTrie/866e6ffb666c44921e764b128b4a3aa15b71d1a2
=== RUN   FuzzTrie/86f051c12bb523f2652aedd992f5f249935f471e
=== RUN   FuzzTrie/875fbfe2fdb2f161bce46fdc2b4f87f047a52e88
=== RUN   FuzzTrie/87c08b5d89ec6ec450c82f8fe100633a0a525af5
=== RUN   FuzzTrie/8819ed61c104244ae7d2f779819973f8b0aacf78
=== RUN   FuzzTrie/884bdb04feb7a61da278be9a61fe5b99e9012d6d
=== RUN   FuzzTrie/896a17a10f3af25767b4e698a02e7bae2092862f
=== RUN   FuzzTrie/898404fdba9e86f17fe8be348e91a289fc573dba
=== RUN   FuzzTrie/8988d4912369e5a0c06d3c02c33e31ab95978bc7
=== RUN   FuzzTrie/8a378803b72dfabb18fd593e5257a41590d73350
=== RUN   FuzzTrie/8ae26814954451c1f92c515a6df2edeb1e0b8736
=== RUN   FuzzTrie/8bbe68f53c62e7ded058212fc9a2fd544405d232
=== RUN   FuzzTrie/8bee49f119328d452ee8f563ffacc35f81430266
=== RUN   FuzzTrie/8d3bdd165393346ae0a29daf9c2d5091635aceb4
=== RUN   FuzzTrie/8d4104da6552cd9cf8092b216964cda56e35b00b
=== RUN   FuzzTrie/8dab116e0a2f69b1bfce3c6b798def589c82b26f
=== RUN   FuzzTrie/8e18d1fe5ad9f0ada4ee03e1a514faeaa5f9913d
=== RUN   FuzzTrie/8eb50d495274b9542222a794e80687b677aad9ba
=== RUN   FuzzTrie/8f6f9fb1804624478a7381672cf8c19075467e90
=== RUN   FuzzTrie/9017c0d90187d00b11d18c2235e25ddf17ded699
=== RUN   FuzzTrie/908799a25dc91399efc78136ba8a282d2b49f6a0
=== RUN   FuzzTrie/911bcadf1799c6e07638669c622891fb2bbaa325
=== RUN   FuzzTrie/914365beb340d4db04016be6ec26f04d40330081
=== RUN   FuzzTrie/915526e269ddcd5820cd23f2182d08e69b84ac5e
=== RUN   FuzzTrie/91728fdfb7ccc2935c5bb4e382183148df3bc730
=== RUN   FuzzTrie/925dfb62e301985e3c5cc1d691a515a3662f7568
=== RUN   FuzzTrie/9300c3339b1841af13970ffdbcccacf7baa7f091
=== RUN   FuzzTrie/931827e482580d64aa9831fd445fadb38c7a19d3
=== RUN   FuzzTrie/93b077c90316b4e911da1805c43842f9a0bd571a
=== RUN   FuzzTrie/93f14acc4990b5b111c2a365d729a8a2f430dd47
=== RUN   FuzzTrie/945e2a1c0ce244b410294ae9c5199d0e89ca0b89
=== RUN   FuzzTrie/947df2ee47772f1a21a27cc14f01191369560133
=== RUN   FuzzTrie/94b55ebac266e5a7db9829323fbfb01574215bf0
=== RUN   FuzzTrie/955305f840c4407b7bbe6555eef4039e470acf0d
=== RUN   FuzzTrie/956fcd170ebf2af362a3667443046b72211151c4
=== RUN   FuzzTrie/958538b7b2816bd4658436394cdcffa4e2b9a111
=== RUN   FuzzTrie/9636ce3165c5fe41eaaea08a3b51384ea3f4772e
=== RUN   FuzzTrie/9652df2ed5bfec05eb9c9903a9b4da0cfe35b602
=== RUN   FuzzTrie/96b52c78707da454b3edd1a92f126f64a94828d8
=== RUN   FuzzTrie/97653bde6ebe020dc86dd59cd73e80dfbb36533e
=== RUN   FuzzTrie/97d30fec1ac039f12955fd0915da957a44542990
=== RUN   FuzzTrie/996a234bcafdf17388d1b9a686c53372ec13c86e
=== RUN   FuzzTrie/99b553d28aa33cbe3e5205085b857f36e7074f69
=== RUN   FuzzTrie/9b4112deac1b51c45704e5d02ac8552b5ade5cdb
=== RUN   FuzzTrie/9b53233072fe03c24c2dafd8ea4ea05346c0e5b9
=== RUN   FuzzTrie/9b99ca5a82629d86760451e0e2748586c96b1d86
=== RUN   FuzzTrie/9baaf14174e4fc994461292f8fa9004afee0eba2
=== RUN   FuzzTrie/9badf72e4077511d6b26b118959287a2ab5edbe6
=== RUN   FuzzTrie/9c1d3591f5f3aff5cd9b75b5e04322a2f834adc7
=== RUN   FuzzTrie/9d8dfc5c4c3c39bd7422e0cf16ebff273444402f
=== RUN   FuzzTrie/9e242a1526e57eb98fd4490f21ece90f6e682e9f
=== RUN   FuzzTrie/9f53f6ab101ccc7c2e231ad3664962ce0cc4bf3b
=== RUN   FuzzTrie/a049d1c5ef58d02f37499521a5e5b25f37e705e0
=== RUN   FuzzTrie/a0f8ce71ee5832718e46acf86f4bec46c5dbd530
=== RUN   FuzzTrie/a16c719b9c71ee162687d61ba2e585d143c61a39
=== RUN   FuzzTrie/a20b275e5b5615ed91056b662948f84e14abb331
=== RUN   FuzzTrie/a20bbb5835bdd0b8db7fa0c95300ba335141e7a3
=== RUN   FuzzTrie/a22f6350c5d8895badbcec2d5f3c351853385984
=== RUN   FuzzTrie/a2ef3403a71a0850a21ffec5d0341429573d1204
=== RUN   FuzzTrie/a309e0affd6ca31448b5a9302135891fa07700f2
=== RUN   FuzzTrie/a37aab906eb2d902ca74642cb4b0bd2336a9eccd
=== RUN   FuzzTrie/a4a473a6808f58336b651a5948f7eb25df6b2d9f
=== RUN   FuzzTrie/a4db6fd3d7b8c642fac6e4e10cd95866fcf88767
=== RUN   FuzzTrie/a53eb9edd65cd935f624c6a4f9a9ea0915fa9990
=== RUN   FuzzTrie/a54b40ee8912d49b53cb6377d2e2663c184543f8
=== RUN   FuzzTrie/a6bd80e178d85d7b27cbd1f19a12c39b76047fd5
=== RUN   FuzzTrie/a6dacd2b38e455ee2fe35c878578d7f925c30443
=== RUN   FuzzTrie/a706bcfe28ea1092ae571e29390a88d0c7761d1a
=== RUN   FuzzTrie/a7074e7390eb44e124dea6883bc4e33257fe6f5e
=== RUN   FuzzTrie/a7389e73c26033e0cb7aa426cdb0f1f53ea14ce6
=== RUN   FuzzTrie/a74f8f88696d05e043ea5a0fea326b76ce5ce5cb
=== RUN   FuzzTrie/a77f01a150c8d534406ba1d54d00af33d7372abd
=== RUN   FuzzTrie/a7bd3819a112e6acb5194b7a9b6366da8594ccb2
=== RUN   FuzzTrie/a81280c3f7ab65f9c962650449968b469425fe6f
=== RUN   FuzzTrie/a88f2a97fd09311c5e001011026af48b8e42baa6
=== RUN   FuzzTrie/a895fb297ed78fbcdb0756dfed48893cf6d20dac
=== RUN   FuzzTrie/a8f15965347fff6261d0893907501e2f5aa4758b
=== RUN   FuzzTrie/a9a19b96be0833fd171b75239236d3df5a7a6215
=== RUN   FuzzTrie/a9bed75229c9deaca4f5c37cee9f4f8e4da24551
=== RUN   FuzzTrie/a9e6a07d2498509c967cefcce4afc29b1c757c03
=== RUN   FuzzTrie/aa385510b5929d59bdcaf21ba8ec3a4579f7a7c7
=== RUN   FuzzTrie/aa755f37e854854510fe71a05281e9080829694f
=== RUN   FuzzTrie/ab1e322a994a8d47627040bd5f78263714c4673b
=== RUN   FuzzTrie/ab65246f250edf42e10523368701a88ab22f88b9
=== RUN   FuzzTrie/ac3fa598ed0b7c46f50628218c540196cc763561
=== RUN   FuzzTrie/aca2618e8c2aa8b5c507cbe88db8cafdb3710d0c
=== RUN   FuzzTrie/ad291ff1579f3c6182ca5034238b5d40de89b06f
=== RUN   FuzzTrie/adc83b19e793491b1c6ea0fd8b46cd9f32e592fc
=== RUN   FuzzTrie/ae245fdd38c32dd1bd0a32e14b91bf410e8683f3
=== RUN   FuzzTrie/aed3c61a71a3cffc48dc6b29631ca5442b404f18
=== RUN   FuzzTrie/af1d1224de34f15f4564945099d22bdc1b5ac951
=== RUN   FuzzTrie/af8aaaff82f4eebf52831e11cff6a273a8c81ae6
=== RUN   FuzzTrie/b04068b63e3b1b98c03f51ad3a8843f62c62e767
=== RUN   FuzzTrie/b09da401579d0639b772c97526ecc4d8168554a3
=== RUN   FuzzTrie/b119c058903a2095a260660342739b5d8f54dd07
=== RUN   FuzzTrie/b15470c416b8dc6fad2b47cb5a84b1e31a997da2
=== RUN   FuzzTrie/b1c5cdae333e18b577d7fb8c7298207d01ada001
=== RUN   FuzzTrie/b1f7f902b0fbffe3ec975788992499185d8931f6
=== RUN   FuzzTrie/b1fee9dcd54bf9550c8a48daa37bafc8c746ddab
=== RUN   FuzzTrie/b200697fb1200aafd9fd6359fd1d6d6894bdbd18
=== RUN   FuzzTrie/b26ec870c59b40a1d03a36fffc144c96b14998ad
=== RUN   FuzzTrie/b2c3518e0996ce802cfcb18015240556fec36e60
=== RUN   FuzzTrie/b3cc33df5b66c8575aade3de6038346ef935371e
=== RUN   FuzzTrie/b72faac98d102d89733903c14d3a7854fcd11cda
=== RUN   FuzzTrie/b76315d09d3ba3b1f7a86cd6f2d8e2b6cd47c485
=== RUN   FuzzTrie/b7c9a7bd728d4b93d76a8d0fff987faed009f688
=== RUN   FuzzTrie/b8682265ca20b54f38fdc4d3454a028a36ef889d
=== RUN   FuzzTrie/b8b1c4f71e5dabf183079b328e290495dd1c333e
=== RUN   FuzzTrie/b8bd4e12351e182629d9e93283963872c4d6e2f5
=== RUN   FuzzTrie/b9c8fce31c412dfc8ca614c848f45a8ecf985bd9
=== RUN   FuzzTrie/b9fc9443354357adc9448fc209d3b45c63c7f351
=== RUN   FuzzTrie/ba37cb578c15b57eb43b1e2f2417a9590f2e0d49
=== RUN   FuzzTrie/ba88465ab670341906b8d0006d964de55cb4d940
=== RUN   FuzzTrie/baf142d7a84b92f51205c8b634ce2aca82e43c47
=== RUN   FuzzTrie/bb2fac10cd03015321dd0d967b835ba654190333
=== RUN   FuzzTrie/bb596b7571b0f8154e41f1a5b66468876759d88a
=== RUN   FuzzTrie/bb7303dfb84949d85b1f7a719352d510352c2c72
=== RUN   FuzzTrie/bbd270c9c195df56515ec548208cf12352ac9cff
=== RUN   FuzzTrie/bc55b59bda2ae4971f6d40d52c8c8b24a89eb8a7
=== RUN   FuzzTrie/bc61ac4386d44e6ff0ca609bdc910e509fcdacec
=== RUN   FuzzTrie/bcee274ebc7399d2919e740ef5696e26761e2a0a
=== RUN   FuzzTrie/bd910a068ffd959b30b0e659bf882d1f4607cbf8
=== RUN   FuzzTrie/bdf160d2afeac5e220a3761be51be6ea269c99fb
=== RUN   FuzzTrie/be3ced41f2255e439a6735389239284b5af40b54
=== RUN   FuzzTrie/beed8e5d7092bc4275352ed9db310928b8846d86
=== RUN   FuzzTrie/c039a2f6fe259c89b3e7a5abf86bed552bb710cb
=== RUN   FuzzTrie/c0917f11e8dcd80922235de5cabadb62d0e498e5
=== RUN   FuzzTrie/c37908363bac31ce04fd2960e409e6a828a1d321
=== RUN   FuzzTrie/c48b1882557126d3b0ba4dda0fdde52b3a412e59
=== RUN   FuzzTrie/c498b2e0d87a2435f8cb467250ea340c10b3be06
=== RUN   FuzzTrie/c4fe60c501064e2574266ab6d95e4788af90a364
=== RUN   FuzzTrie/c5bc942a35f81e26a2ae3810787e8a98d222601c
=== RUN   FuzzTrie/c66784a9db3d7984694f138b677e3ec9e7e32f94
=== RUN   FuzzTrie/c745bc0211a0626ee72e5a17f5d147748ee71913
=== RUN   FuzzTrie/c7d7984c66a8782ad3adfe2ec4bec2ce6ef03cdc
=== RUN   FuzzTrie/c7e1b2d70736ca33cb6bd6a21f7c5bf27a987e9d
=== RUN   FuzzTrie/c820b06230ab6157dd554f9052034f75b933af94
=== RUN   FuzzTrie/c879ef67ab0774faecfc106c7a1087edb5a217e9
=== RUN   FuzzTrie/c8ed95b230974fcad893c60f9da3d15eb29b3cf0
=== RUN   FuzzTrie/c9d880d99d5108a4f2e6e6b72c0958234894b45c
=== RUN   FuzzTrie/c9ef70a41498cc175871b18ffc015cf57bd2c5d2
=== RUN   FuzzTrie/ca398638faa65cfbd9f6475b574d57419d27757f
=== RUN   FuzzTrie/cb7abc4036a19842adb5237982a48d62d15ac9e1
=== RUN   FuzzTrie/cbca83a01b5d2aeadf272a6e3dae01a2f94e17eb
=== RUN   FuzzTrie/ccfcc43b8e67a45ead3c5b81299ec7ac68b746b2
=== RUN   FuzzTrie/cd115d5d0a8daf30ef5c5543610bff4b0142cffc
=== RUN   FuzzTrie/ce1fc241e5df48ccd712e81a724607c11d39013b
=== RUN   FuzzTrie/ce3e32348c37614b1e7ded1543533c6c2f818c97
=== RUN   FuzzTrie/ce77720af5241ec126dc67aaf6ef8f3410c1d13b
=== RUN   FuzzTrie/cf53d79bf18d4ff7281bf8480008a9730a28c738
=== RUN   FuzzTrie/cfb62465219d216c634c68f8b8e814229aa55600
=== RUN   FuzzTrie/d00812d30ad98e7d3dc95343031c65963555ffa0
=== RUN   FuzzTrie/d055d0cbfd606dd334131afb8efb735d135c1ae6
=== RUN   FuzzTrie/d0cc8522933e5c0317c2167aef5a80eb24eff0a0
=== RUN   FuzzTrie/d1447d1645aeaafe68bafd4838c37d8fcfc6afaf
=== RUN   FuzzTrie/d1927170deab3d025c56ead6576da2cbfcc89932
=== RUN   FuzzTrie/d21fffd6d6e7e177523512c0d2504bc828170406
=== RUN   FuzzTrie/d2351aa3590ae429dc592f028801ec71610a2429
=== RUN   FuzzTrie/d262fbb525aaf03b3605327d8bcd64b700439611
=== RUN   FuzzTrie/d26a39fcdabc111cdd68eab64225190b2d056ee6
=== RUN   FuzzTrie/d291e113d34f1106756b0a4887c1e585bf29f30b
=== RUN   FuzzTrie/d30b6226d54728e19e461bb700ac98f8aab66e3d
=== RUN   FuzzTrie/d38ef1268d5c16d2db31e3691a5a48225b16435c
=== RUN   FuzzTrie/d64bfae65092f40d92c6cba3ea95e85a00050d5d
=== RUN   FuzzTrie/d6d7953c5fb06cd78fa3825cbff911adb31f82bf
=== RUN   FuzzTrie/d706fbe7cacfd74ccf276fa677f59a4000b3d1b7
=== RUN   FuzzTrie/d72b5020a08a1ec0d69d3ce35a0915dcb8cda47e
=== RUN   FuzzTrie/d74e7ec0e3260c544fe653197761626ee3802236
=== RUN   FuzzTrie/d7d79bae0f6eaa87892f36eb61b23cf45d593a6b
=== RUN   FuzzTrie/d81fbe9661d8036b3ea82023d677dda43e45a8f0
=== RUN   FuzzTrie/d8343bbb9a48ee2ae51f993514a4d8847e8d2903
=== RUN   FuzzTrie/d868ccd4ef7ff424582badc80b87d195d67e8c55
=== RUN   FuzzTrie/d87bdf82cf466790fd4fc5718b6e5e9d9edec74c
=== RUN   FuzzTrie/d8871b5c5fa1a937b75e1656d25fe5e7fd3f5ee1
=== RUN   FuzzTrie/d8b7de72f5273095696cbbe1be370be73361e8b7
=== RUN   FuzzTrie/da417afddc0b16062e3a4f68ec18010934cca248
=== RUN   FuzzTrie/da48d8cf8bddd68099e0a8bae97a4565b44ff5cc
=== RUN   FuzzTrie/db3a04d47a170507ea9a787fef7d56588df66e0d
=== RUN   FuzzTrie/dc0c24291611dcefeff2ae89e29baf2b7905f36d
=== RUN   FuzzTrie/de5dc47316e89b74019ccbd308f6e8d78ab510ee
=== RUN   FuzzTrie/dfacb70201c7ff26c9255f4824e382aa287de39a
=== RUN   FuzzTrie/e0a887b14c910ece720d378cc89c7b3e4269494d
=== RUN   FuzzTrie/e0d37aa82a1f92142470d70135d03d1248167f00
=== RUN   FuzzTrie/e0db656d5703d5ba486babc3f589da15ee4705b7
=== RUN   FuzzTrie/e2cda4765b5d29a9ed64ff14e87e8accd42ac424
=== RUN   FuzzTrie/e3270ab29edd15b12b6b02575130513d2ee9ac7b
=== RUN   FuzzTrie/e399acc9096d2006cd275c46365fd751367e5029
=== RUN   FuzzTrie/e3d538ccdde9781d538096b9129f1eb93950ea3a
=== RUN   FuzzTrie/e43eac3ca7ae21930bdddc76cf7fa60d7aed8112
=== RUN   FuzzTrie/e489b349870274b530da8b35ba7edbd010175e99
=== RUN   FuzzTrie/e4aeb4addedf998ef6af6bb40e2a015e907f3249
=== RUN   FuzzTrie/e4e5c0316992e471e5533596dc7edd323ae6282a
=== RUN   FuzzTrie/e50cd1826790c3ffc06c2d696fa0e4e31a8a5983
=== RUN   FuzzTrie/e57ee0f2cfcfccb5fd34f66df74de329b246d400
=== RUN   FuzzTrie/e5b5985016b2ac1a790ab67e05d23d35acbff07b
=== RUN   FuzzTrie/e692a645ddbd1a00884feb06f63e8f5d8b34f8d6
=== RUN   FuzzTrie/e6a576b3776a31f92844ad94c8f7433f0b6509b3
=== RUN   FuzzTrie/e6f981199ea47da6bc0166fa3df2d2e270d4dba0
=== RUN   FuzzTrie/e8c92fa253337c88b1d4e46e0ead3f81b7546919
=== RUN   FuzzTrie/e911c5da3203675957bf2f14511ee8d35d199db7
=== RUN   FuzzTrie/ea04cd02ca14085e2da433c1b482c76c3b3a6f2c
=== RUN   FuzzTrie/ea3e65eb15a74af138fe80133db9fbe4960d91ed
=== RUN   FuzzTrie/eaa5ebaebbba8c01d0233fb1b050ef59c2f1f834
=== RUN   FuzzTrie/ead9eb0c1dbc28b944bda700ac683c63534e346b
=== RUN   FuzzTrie/eb1031bad67fe30a45d5b9d427b257d5d70ee595
=== RUN   FuzzTrie/ec712c75a4169c5df4e4081e62cf1541aa302643
=== RUN   FuzzTrie/ec73be25fb28e3247b9bbceb6296fa5206a682b0
=== RUN   FuzzTrie/edbff630df4f410f13f890a22980fd89008ebbca
=== RUN   FuzzTrie/edc8304245b62eb4332be169f01b05a3815a0ccb
=== RUN   FuzzTrie/ede39b72afa3aff3980fb6de8d8ae09b60f120ae
=== RUN   FuzzTrie/eec92611973d268b16eeb9b243e88ecf0182917c
=== RUN   FuzzTrie/ef4d11115ace632a5ee95848a268fbf811d9bf22
=== RUN   FuzzTrie/efc3971099b6b9b429c85fbcccebe6c85f79e6a3
=== RUN   FuzzTrie/f01e713a65ff2c63cb560cf0b2b45e9af38bcd68
=== RUN   FuzzTrie/f1558180f980c001a94ba95c9987e6a99d762731
=== RUN   FuzzTrie/f1f46ddb797cb78f31b730aab84dcef0367295dc
=== RUN   FuzzTrie/f27b3deec4c4a29bf4baa2e0788dadaf2318b3e4
=== RUN   FuzzTrie/f54fdece32b80be4c08135fb5726218dc37fcf94
=== RUN   FuzzTrie/f5928971641bece421939ea1bb1fe1ada8993bbf
=== RUN   FuzzTrie/f5b349cbdb2a4ec4a16e9a529b904b8230a8b5eb
=== RUN   FuzzTrie/f5fd69c289dd238c1a0d12cb47f948ef6142ee46
=== RUN   FuzzTrie/f61fabf6f8d5fd881a3eac9223466f9aa22224e5
=== RUN   FuzzTrie/f64c301bc77b562cdcc6df320769389b2524b27e
=== RUN   FuzzTrie/f78ecb54cee772487c029166c10210882e475694
=== RUN   FuzzTrie/f91ae8cec679135f20310085e61470d8ddcdd3c2
=== RUN   FuzzTrie/f93b0dbd5cc8616b41a8aff392c1955f1560b659
=== RUN   FuzzTrie/f944e49333b476fd2694c813f21b4953e2de7a1e
=== RUN   FuzzTrie/f96564d6b54ac5981c62d8fe98ef8b9e9929275c
=== RUN   FuzzTrie/fae0fb940da90651ffd81b1e13de522212203bc6
=== RUN   FuzzTrie/fb1b05226caa6c0b05ad503a8e6d8567bfaa1c0d
=== RUN   FuzzTrie/fb64e69c0adb2f610aa6b7c51948448b5bb73bde
=== RUN   FuzzTrie/fb822d02077d022a7c493b2b2e29f2154e6e94f0
=== RUN   FuzzTrie/fb84bb83c17822420709125bbc9904d3369d5bac
=== RUN   FuzzTrie/fc830605e9c03d42d192ccbd9efed9ea13582fff
=== RUN   FuzzTrie/fdfbe689f70d70ea7a23994a0e84f8d9a2929b5d
=== RUN   FuzzTrie/fe6b60c21ad4664ee91dc19e0188397ede645963
=== RUN   FuzzTrie/ffd865de28c4a16ead4e9833fc71c622e84c125f
--- PASS: FuzzTrie (0.73s)
    --- PASS: FuzzTrie/0055f3044f128ee5772165d4bf5c287327e62665 (0.00s)
    --- PASS: FuzzTrie/00ff74ab1e70be7f8d2a203921b5dfc8f270f43f (0.00s)
    --- PASS: FuzzTrie/01d12746244c78c232424a8499a625b057602fd0 (0.00s)
    --- PASS: FuzzTrie/02b64d93a874a23e3fdb6b7590ca9cbebc26a45b (0.00s)
    --- PASS: FuzzTrie/030695bbc54fbb007e9341570ffed4af996e317f (0.00s)
    --- PASS: FuzzTrie/031842816cd22d6610877a948195ce2eab710af5 (0.00s)
    --- PASS: FuzzTrie/032dc1238efa78338b353b200a5027ecd6e0c9dd (0.00s)
    --- PASS: FuzzTrie/034f5dec1da6b785dff8beac79da5d59bfa165b9 (0.00s)
    --- PASS: FuzzTrie/037ebf6918d6d07c422875b5092274409ae240d3 (0.00s)
    --- PASS: FuzzTrie/03d3dcde3cfdeec96d11e462535138d6822f9fd2 (0.00s)
    --- PASS: FuzzTrie/052f03ac0f6ece423c1f17314b794a8a9098c5a8 (0.00s)
    --- PASS: FuzzTrie/060a40750357c3ab53b0d90327b04765b5c62ea4 (0.00s)
    --- PASS: FuzzTrie/06bcdf94b8c43ca77fbea7621d3fdf25f9709350 (0.00s)
    --- PASS: FuzzTrie/0823fc7aa11a18a3d3c10211aee538c547e4b99c (0.00s)
    --- PASS: FuzzTrie/091a1bbbd888d34f16347bab27b1678fbdc1cbfb (0.00s)
    --- PASS: FuzzTrie/0a034cef9d07ab144c90b8753172f3ab2a1a9ca0 (0.00s)
    --- PASS: FuzzTrie/0ab290674159eb2d10ea6c69c670ed78a2ba6277 (0.00s)
    --- PASS: FuzzTrie/0ab437d8e747114486ddd40593755146e5f71f82 (0.01s)
    --- PASS: FuzzTrie/0ae3a33b35e5c7a7e374f7c1d6e29fed9bedee76 (0.00s)
    --- PASS: FuzzTrie/0bc1f3531f322402ab2692960d32710f272a71dd (0.00s)
    --- PASS: FuzzTrie/0bd6401b77d5b93810fa42531016598576f08028 (0.00s)
    --- PASS: FuzzTrie/0c450589eed8861ff445ed5673a59f0dc6153ce6 (0.00s)
    --- PASS: FuzzTrie/0cf86b23f38a96056db699c35fa35b8a2a4cff51 (0.00s)
    --- PASS: FuzzTrie/0d4e6fe86fb7afa7e88f529b1895f211542d9072 (0.00s)
    --- PASS: FuzzTrie/0d9e7721760c5da7ed4e7d10ce30916fab041323 (0.00s)
    --- PASS: FuzzTrie/0daea69217df17d676448b50e349176686455b57 (0.00s)
    --- PASS: FuzzTrie/0e1ccadd7415bd34e228c9857d67181249d7aaf7 (0.00s)
    --- PASS: FuzzTrie/0e3b4a9c92ecb25824501650921352b5c0ed23d6 (0.00s)
    --- PASS: FuzzTrie/0f03eb89c9672d113c8549d5226a72a375be29ee (0.01s)
    --- PASS: FuzzTrie/0f9e762868f579935d798615e53410453b18d7b2 (0.00s)
    --- PASS: FuzzTrie/0ff687c6b6527686d15dd615e34950eaac50f046 (0.00s)
    --- PASS: FuzzTrie/102c607d3df73b403fa365d84967b6c963af538d (0.00s)
    --- PASS: FuzzTrie/106a1653ae835ef0b3b1e369b557833bfcb1ae04 (0.01s)
    --- PASS: FuzzTrie/10a23aec6a66118f4d6d5b4558ad31ef8fe8e0c5 (0.00s)
    --- PASS: FuzzTrie/10bedc961a2ce913a0825ec6eef65fe8428eca11 (0.00s)
    --- PASS: FuzzTrie/10c26c6bed799c41114d425a91b01a0afef7dea5 (0.00s)
    --- PASS: FuzzTrie/113868e86f69096a727bd0e4e9216542327d1e2b (0.00s)
    --- PASS: FuzzTrie/1200108ab8ae97791b1d7994a84a5b81282cb715 (0.00s)
    --- PASS: FuzzTrie/1216aa524aef75e75aa9214fb78ad1ac3ba1e34b (0.00s)
    --- PASS: FuzzTrie/14a17e2c386caacc00501ef875b85dcc7ef1b482 (0.00s)
    --- PASS: FuzzTrie/14ab4f4bee7c52eaef40c3ae547ec3d0967093af (0.00s)
    --- PASS: FuzzTrie/1527b441145632ca28545b220e8686491ad7a212 (0.00s)
    --- PASS: FuzzTrie/1536f29174928d17ff7bbbd39e1dbb4f7a3a84d4 (0.01s)
    --- PASS: FuzzTrie/156884dbdb608c6766869b16ab016f58fc7d4bb6 (0.00s)
    --- PASS: FuzzTrie/15716befe3d7eb4c1d40fc29dcce5f26dcf71c7c (0.00s)
    --- PASS: FuzzTrie/15fcfcb962f2683acc3cf90e5f509cbac37d7792 (0.00s)
    --- PASS: FuzzTrie/16a473a24c9ac27e50ad5f1fa9956e8a00b4b764 (0.00s)
    --- PASS: FuzzTrie/16c7f80216d48dce1df9c01aaaccc119f949d736 (0.00s)
    --- PASS: FuzzTrie/16f71c43e481039d54a68774cb0b9594ecf14f62 (0.00s)
    --- PASS: FuzzTrie/1708bda2f6d694adf86dfa25bf58215607fbe44e (0.00s)
    --- PASS: FuzzTrie/1741a6c59164633ebaa27ad810a53cc43b8ae3d8 (0.00s)
    --- PASS: FuzzTrie/1759bacb447c26e31d9e44599fcc05ec43793dda (0.00s)
    --- PASS: FuzzTrie/176c9d103fa296b0334840376bb4a4a18945890c (0.00s)
    --- PASS: FuzzTrie/1849441d1cfc29a546b90344e00c646d95b91b37 (0.00s)
    --- PASS: FuzzTrie/187fad62156429597f8c9c8665722b4ca40ce3f2 (0.00s)
    --- PASS: FuzzTrie/18c782ad7174c659eaead340f4ddac9fd126fb55 (0.00s)
    --- PASS: FuzzTrie/1961b935d32746b2fcf3b595663ff7d188cfe4d7 (0.00s)
    --- PASS: FuzzTrie/199cedc170f599d62f0da40a22e2c08fac6e5641 (0.03s)
    --- PASS: FuzzTrie/1ac6e3958c1756d1da1832fea66f1232bd285186 (0.00s)
    --- PASS: FuzzTrie/1ad665d788f9298ff0df81fca805b6f980f62f1a (0.00s)
    --- PASS: FuzzTrie/1b87bd85372ace3ceaf4e843fbcf71b76c1255ed (0.01s)
    --- PASS: FuzzTrie/1b92f9355878afa4115eaaf74ab1753bc0eae5f2 (0.00s)
    --- PASS: FuzzTrie/1bc03d5e42d201e6c9c8d58381e30f73ef28f574 (0.00s)
    --- PASS: FuzzTrie/1be797138a714c845f3b6401fb4aaed7c89f8a05 (0.00s)
    --- PASS: FuzzTrie/1ef0ab01fcc1aa3872e4ee1f77d50432c13e7492 (0.00s)
    --- PASS: FuzzTrie/1f4f944551886ffcbfd0f74d8df346b4d27c8828 (0.00s)
    --- PASS: FuzzTrie/1f54767337bfcc7fb12b46ac0337d39888621a4b (0.02s)
    --- PASS: FuzzTrie/21de6fd86ab34cbb7d7514ff8cb512ab6e28354c (0.00s)
    --- PASS: FuzzTrie/22a61522cf5fd6048ce1e508404d323462714656 (0.00s)
    --- PASS: FuzzTrie/22cebcf13aac2d88be3987615de5bc4f94f10d8b (0.00s)
    --- PASS: FuzzTrie/2416dc3f221815c55800396fd6b6d8071b615a38 (0.00s)
    --- PASS: FuzzTrie/24e0f920c8467ca94a9164ce3312162b85fd7b9a (0.00s)
    --- PASS: FuzzTrie/24e72ae1bfec74d0cd532012eb5575ebd0978514 (0.00s)
    --- PASS: FuzzTrie/2594507718660990eab5aa8271e759d495c95793 (0.00s)
    --- PASS: FuzzTrie/2613ddec786ac1b7f33ac3a5653fa2de91860763 (0.00s)
    --- PASS: FuzzTrie/26342ed6d5e34743b63d758566512dee20c9fae1 (0.01s)
    --- PASS: FuzzTrie/2694c932e85353ae2d25ed48b00ca128f5da3b31 (0.00s)
    --- PASS: FuzzTrie/26f629c90af379dc3170386164e0296e9d0787eb (0.00s)
    --- PASS: FuzzTrie/28aa6cf2b552a2912d28ddabf6d5958d2073053e (0.00s)
    --- PASS: FuzzTrie/299438d912e320d7cab632f70b0ae3b9f5192364 (0.00s)
    --- PASS: FuzzTrie/29d20e646b4fb6dfe5ccab100d5ba845fd07c03c (0.00s)
    --- PASS: FuzzTrie/2a74bd61ad68f44d8b9b202f76877bcb8dd93eb7 (0.01s)
    --- PASS: FuzzTrie/2b9c68b73ad6a20b0b5224d073be189a45a229e3 (0.00s)
    --- PASS: FuzzTrie/2bc660f0635547cdfab1dc25cf3219a13535d870 (0.00s)
    --- PASS: FuzzTrie/2bccb9958f1dac7193b643f1982c50684e6b079a (0.00s)
    --- PASS: FuzzTrie/2c2da4d7e4522d27302c986cd67d00fde2585393 (0.00s)
    --- PASS: FuzzTrie/2c4480348ac8d89bb60c0109f7cb6b2b91729a57 (0.00s)
    --- PASS: FuzzTrie/2cc826075ee6c4053cee1243034ba6eed6bb116c (0.00s)
    --- PASS: FuzzTrie/2d631ebe5cd63dea0d58aaf773326ebdd833b053 (0.00s)
    --- PASS: FuzzTrie/2e14aa981dfb770e4b9231f17b786d4bd0141cb1 (0.00s)
    --- PASS: FuzzTrie/2f132d8252705fa9eb322dce84be9af5d3d444f2 (0.00s)
    --- PASS: FuzzTrie/2f20df5c3a77d2355c8c05adaac5b630cdfe64f5 (0.00s)
    --- PASS: FuzzTrie/2f6e2c177ec3820246d7398ea55abc95cd5a0c8b (0.00s)
    --- PASS: FuzzTrie/2fe42ddb122c43d85e2c7f12682c7f1b425d13d5 (0.00s)
    --- PASS: FuzzTrie/307de17ea8edca9ffcfffb4e47eac6381246600b (0.00s)
    --- PASS: FuzzTrie/3089650de972e2221fa6607ba4c3f7529acb19c5 (0.00s)
    --- PASS: FuzzTrie/309daec3e09cc417199802f414db23536726ad51 (0.00s)
    --- PASS: FuzzTrie/3164ba5fbc4c7fa78fdf29aacac335772c1f152e (0.00s)
    --- PASS: FuzzTrie/32d4805230f84daa2286c604ab3828fb6602bf78 (0.00s)
    --- PASS: FuzzTrie/3360af49aaddaa79aa0082aff836d8abfd809399 (0.00s)
    --- PASS: FuzzTrie/346322af46a10a0a675e26455a2f8cab62b7870e (0.00s)
    --- PASS: FuzzTrie/3602622cf365fd27caeefe764d6d100a811852a1 (0.00s)
    --- PASS: FuzzTrie/36b79601a4c17010d80a45518304b77dec261331 (0.00s)
    --- PASS: FuzzTrie/36bca92cf088345e025c116a759c7c6c31e88fc2 (0.00s)
    --- PASS: FuzzTrie/37267fe24e4d6e8fa91b9056e906dded6d60a9a9 (0.00s)
    --- PASS: FuzzTrie/37ef4a498976cb99378b6c4a5c801a30a6dc387e (0.00s)
    --- PASS: FuzzTrie/3862917cfe9702f8af186b529454f826f71301c2 (0.00s)
    --- PASS: FuzzTrie/386d9c1ca5963bac5b9a3acd0324470056d13156 (0.01s)
    --- PASS: FuzzTrie/38e0e82f3af434ed3feb647896a69a2b2497f406 (0.00s)
    --- PASS: FuzzTrie/3a425623bd9861cbb47cc3a26216ae8643d14cbb (0.00s)
    --- PASS: FuzzTrie/3a483b9a58a283308ccd93417e39f6e731781bff (0.01s)
    --- PASS: FuzzTrie/3a7f921c4e5f2ed19f787753ebfcce2685b7246a (0.00s)
    --- PASS: FuzzTrie/3aa305ffb38753a2c31249c982ccffe675966556 (0.00s)
    --- PASS: FuzzTrie/3ab0eb6debe5f9685d316328fa56262b24505758 (0.00s)
    --- PASS: FuzzTrie/3b1d31698f67c70d509a2e7dae99d9a0bdafb580 (0.00s)
    --- PASS: FuzzTrie/3b6dba2053d45f694ba1f497ac71cce920b0e7e1 (0.00s)
    --- PASS: FuzzTrie/3be2eba1d840e9381f18693d5a172c27df13c01d (0.00s)
    --- PASS: FuzzTrie/3cb729c75a02d73d7116e624835ae5d48b86e12e (0.00s)
    --- PASS: FuzzTrie/3ccbea9e9dcee441a398f4020d4cff613c16c885 (0.00s)
    --- PASS: FuzzTrie/3ddc2e850287057f6337734fb5f4a58ad83fbf9d (0.00s)
    --- PASS: FuzzTrie/3df3fc02c30372fef7cb9fe682a4b8be7ff776d7 (0.00s)
    --- PASS: FuzzTrie/3fe01268a82adf6e0bf452cadd99443c1e2d9a76 (0.00s)
    --- PASS: FuzzTrie/404c135af4d4072f57281affaf2444a6dddf2fe3 (0.00s)
    --- PASS: FuzzTrie/405474eaadbcd35b607743025f131dfb3b63c26b (0.00s)
    --- PASS: FuzzTrie/40e228a0a7159ddff410479bd4285752a6b92491 (0.00s)
    --- PASS: FuzzTrie/41754673590fbb60b5c78e0520686a9ec1b86de2 (0.00s)
    --- PASS: FuzzTrie/41bc5756225bc911cee368f1f75d094e763177d7 (0.00s)
    --- PASS: FuzzTrie/41f583c266a0ca8701184731b773f712a8f75333 (0.00s)
    --- PASS: FuzzTrie/429f492e6007be853b001b52d27cb99f97ed1402 (0.00s)
    --- PASS: FuzzTrie/43e91dba690db95c7b51e941deeffa849fc69c20 (0.00s)
    --- PASS: FuzzTrie/446fb39a16f88ba75cc29ff1406757caaf50202c (0.00s)
    --- PASS: FuzzTrie/449ee1171ad15a361bf95c88e5e4cc447870fe2a (0.00s)
    --- PASS: FuzzTrie/44a9a89bb639ad84eff797c864c7580f51e1a3c9 (0.00s)
    --- PASS: FuzzTrie/44e839534028d519419b8e6c7259a27c5828ba1b (0.00s)
    --- PASS: FuzzTrie/4541e75bfb7e0d39f62868830b603316955cb360 (0.00s)
    --- PASS: FuzzTrie/45d3aa9fa49008399e478501f24909e7d0e3e5a9 (0.00s)
    --- PASS: FuzzTrie/4625d6446a42a1035ffdf3dde80a205c615b8e55 (0.00s)
    --- PASS: FuzzTrie/465ecd4c8ca130f8ba06d111184662710a8ec63d (0.01s)
    --- PASS: FuzzTrie/46ec156ee83670fea65fcdf0498c6fdb4334033d (0.00s)
    --- PASS: FuzzTrie/474eb616851d52b128e911564e94fb14a619bde9 (0.00s)
    --- PASS: FuzzTrie/47b2b44cec3eedefd189eca7b7a882df3c712691 (0.00s)
    --- PASS: FuzzTrie/47d76856f06544dbb5d30a30945d48c0d510dd0f (0.00s)
    --- PASS: FuzzTrie/483e87993ccd3f052df710c9acc579fc16c0521b (0.00s)
    --- PASS: FuzzTrie/4909ff7ee2bfcd219b7cfb294c3de6392d6227b3 (0.00s)
    --- PASS: FuzzTrie/491c6d684172660b5ae84676e4875ac329a96a7c (0.00s)
    --- PASS: FuzzTrie/491f62862c89f4afc009946c05dcf9e2ff157b49 (0.00s)
    --- PASS: FuzzTrie/4996c753aec4faa59faa4eeb251231accdebe67d (0.00s)
    --- PASS: FuzzTrie/49fd6c92b2d6790499ea67e049bcbe67d4d3367e (0.00s)
    --- PASS: FuzzTrie/4a6a4349f8ab8a1cf41bb0e5acec12e2c284c93c (0.00s)
    --- PASS: FuzzTrie/4afc2f86a9a2a75066b2d74d979755d4ea96865e (0.01s)
    --- PASS: FuzzTrie/4b1349df991b79486a74ef4724b6c2484216992e (0.00s)
    --- PASS: FuzzTrie/4bb1ff7ddafc5fe9eaf8b6810a138e48b229fbf1 (0.00s)
    --- PASS: FuzzTrie/4c25c59559fb49d894fc929b49fc2b3a209d38c6 (0.00s)
    --- PASS: FuzzTrie/4c3c15829d0849523190d8f3ca0bed0ef0f0dd98 (0.00s)
    --- PASS: FuzzTrie/4c6f00cf9c738a7a01c55321ae87e8cbb5c72af1 (0.00s)
    --- PASS: FuzzTrie/4cd4388f31fd4b597639821b4a3dce630d3449a8 (0.00s)
    --- PASS: FuzzTrie/4d4e1aa8303a418e0e57f35da86efd46676d0d35 (0.03s)
    --- PASS: FuzzTrie/4e268853f2680809df477a5e10b3da92fbb9f123 (0.00s)
    --- PASS: FuzzTrie/4e8b6638f906be3070539655a1d12488ea4d4f07 (0.00s)
    --- PASS: FuzzTrie/4f2a66735a3574f294f56a9188fcbbe73e1c50f2 (0.00s)
    --- PASS: FuzzTrie/4f734efe9ea123f33bb01225f375524fff324940 (0.00s)
    --- PASS: FuzzTrie/4f9197a880858c25d458f6b5d3fa34047b6acb4d (0.00s)
    --- PASS: FuzzTrie/4fc9d2cb3e655dfcb7ee69fe434de0d8b7fbc3a3 (0.00s)
    --- PASS: FuzzTrie/50476ba30d58eac2d454c0654ecd893373395cac (0.02s)
    --- PASS: FuzzTrie/50a1d6aed77664e09ac7d0ae437f41b889ba418c (0.01s)
    --- PASS: FuzzTrie/50a89c5f4fec91dd02c78d05c69e4b25287a7f83 (0.00s)
    --- PASS: FuzzTrie/511d7f853ecc273b13e7cc9861f0f1106efa9a47 (0.00s)
    --- PASS: FuzzTrie/51cf5e629efe47182779bce13af90cb80ecff9f7 (0.00s)
    --- PASS: FuzzTrie/51e3c8e502c42f64141c051251b20ce58380c5de (0.00s)
    --- PASS: FuzzTrie/52801acc6905ee2f2aedbec555f9e103d6360282 (0.00s)
    --- PASS: FuzzTrie/52d456afd4c69c8d79cbd233bbb491a88bce048b (0.00s)
    --- PASS: FuzzTrie/5306b05f21edb5b8cef4ff28fd82549e5cd64476 (0.00s)
    --- PASS: FuzzTrie/53aaef80321168fe47eaa52bc5ab0455cfba666a (0.00s)
    --- PASS: FuzzTrie/54139ceebdf61fbf10cd9338c61be60e67b4f78f (0.00s)
    --- PASS: FuzzTrie/545f3ffe2a6c2e94255bfea85817a2cf45380e8f (0.00s)
    --- PASS: FuzzTrie/5463ca08519511a23a6978db4bc127d4cbdfa29c (0.00s)
    --- PASS: FuzzTrie/547bf89032d43d9d7f28b952b60e34bab63420ea (0.00s)
    --- PASS: FuzzTrie/54d2d26c25f0776cb417727c8e503e6189a82f93 (0.00s)
    --- PASS: FuzzTrie/5572671c312e928d0f98895ecc17c3d879586a5a (0.00s)
    --- PASS: FuzzTrie/55982acca2489814fbecc4b9edc1a74a42f1debb (0.00s)
    --- PASS: FuzzTrie/561d367537568fc7463acbee15470bf73857330b (0.00s)
    --- PASS: FuzzTrie/56e56ef3ab2e69c41e1703e8fc06b2adc14f3b52 (0.00s)
    --- PASS: FuzzTrie/5748f4b7f48d5224b7e47b89bf50f161189131b8 (0.00s)
    --- PASS: FuzzTrie/57a20da5bfc1141faea8b0c54a0e029bf7065be3 (0.00s)
    --- PASS: FuzzTrie/58af0499bc38202fe72c4f248bcba02b2af6b918 (0.00s)
    --- PASS: FuzzTrie/58e137d45fe7ae36f0df7d2aa4bbe0320e27b5a4 (0.00s)
    --- PASS: FuzzTrie/58f78aea6f5c07dbe4ba4651e4d5fdaee73c5345 (0.00s)
    --- PASS: FuzzTrie/5906848663e3fc67dc281959a2a29a23eb62a9ae (0.00s)
    --- PASS: FuzzTrie/590ee9a31e0ea55b82a280cd1c2fbbf866f3242f (0.00s)
    --- PASS: FuzzTrie/59f7b0a61ff94f4184b1fda693ffea3b57c2eba9 (0.00s)
    --- PASS: FuzzTrie/5a73a6c22186afc1a9b9e72f6e559ea0ebc58728 (0.00s)
    --- PASS: FuzzTrie/5aad5726c96b409d86cec3a0ca98061ee48a02ff (0.00s)
    --- PASS: FuzzTrie/5ac0fa10ca208f895dfc55fb5db5454fc577ced2 (0.00s)
    --- PASS: FuzzTrie/5b4fb484ea864c86ce91469d5d941f2ba1d0882a (0.00s)
    --- PASS: FuzzTrie/5b739fd25a1c0e7f105bdd86d84d4539103d1e14 (0.00s)
    --- PASS: FuzzTrie/5c2cb20cb7cb0d0adc6fb03439e0c6decfbe7939 (0.00s)
    --- PASS: FuzzTrie/5c3b48a6d15e7327168e2684344dc007443e6c3b (0.01s)
    --- PASS: FuzzTrie/5ce4101f787c4b9fa0a1844640122a5e8f08fa3b (0.00s)
    --- PASS: FuzzTrie/5d7591df3518b54b41f007ba36f93221351a9359 (0.00s)
    --- PASS: FuzzTrie/5de17c69cb555622fd255af02c73dc3dd548f558 (0.00s)
    --- PASS: FuzzTrie/5e93ca09c449286557f39d02f48711167cb8a53e (0.00s)
    --- PASS: FuzzTrie/5eb4963ef7a6fdb0509a0656bdcffcceceb3b3eb (0.00s)
    --- PASS: FuzzTrie/5ec55fb3843c63c799ed1bc46a57fe2dd78fae3f (0.00s)
    --- PASS: FuzzTrie/5ee1c127e6894756f1aed8a73f4d1d32e7aeee10 (0.00s)
    --- PASS: FuzzTrie/5f38763064c4b5363322e4ab84ad89a22458ca28 (0.00s)
    --- PASS: FuzzTrie/5faa39d7ecb1d655dccb1446f490ce8138e16e98 (0.00s)
    --- PASS: FuzzTrie/5fda9e90692a071280e035f099e687ae0bfe5b62 (0.00s)
    --- PASS: FuzzTrie/6053aa26b7ce7f1feb52cf07b9feb53158f2fee9 (0.00s)
    --- PASS: FuzzTrie/60c67ba97a7eedd1f5eee68075da9fe4a19748e3 (0.00s)
    --- PASS: FuzzTrie/6198236985e7ae9e93cbbe5a4cf78bbc4c9be85c (0.00s)
    --- PASS: FuzzTrie/6215536db5606bce553845791f5b439ed241e1d9 (0.00s)
    --- PASS: FuzzTrie/62be16525da5025e30a4d566e01d76aaba5cd4b3 (0.00s)
    --- PASS: FuzzTrie/630ff0df7b7759fc74883ccaa77db452bdbb5066 (0.00s)
    --- PASS: FuzzTrie/63aff8c62e12e410d3e9b0754c0e71770a39d79d (0.00s)
    --- PASS: FuzzTrie/63ee922e5ee873d8a64903e127029e810b8db3d6 (0.00s)
    --- PASS: FuzzTrie/64927555d65d1347ac43fa6e33efe20e86dca4cc (0.00s)
    --- PASS: FuzzTrie/64e82f3e6e4d5c7cbcea26cd8cd24b9579bb99e5 (0.00s)
    --- PASS: FuzzTrie/6507e74e01b5003419a5942ea85683e7ae1bd2db (0.00s)
    --- PASS: FuzzTrie/655bd1ef32d311ffce000f93f047675ae12f3042 (0.00s)
    --- PASS: FuzzTrie/658d198a9305ab9b2ad413c007bf1f3b81a51cbc (0.00s)
    --- PASS: FuzzTrie/65c6da59daf1fc71d80acdc85c4605720a606e7b (0.00s)
    --- PASS: FuzzTrie/66436b5583ef889327b4c1aa601582ad571ffdd7 (0.00s)
    --- PASS: FuzzTrie/6736f05eaff65ea6d0fca3125231268b0ecdc28b (0.00s)
    --- PASS: FuzzTrie/67a0acdd783cdaa4a0038817742d6df2800d1c70 (0.00s)
    --- PASS: FuzzTrie/67f9ebfc1312a80343a056c9d8944f7402fc781b (0.00s)
    --- PASS: FuzzTrie/68704b78c63500cf5e63f22dbbd42fb2a3283105 (0.00s)
    --- PASS: FuzzTrie/689c146616b9828bae787584800ae799514f8ba1 (0.00s)
    --- PASS: FuzzTrie/6a17775ea0a820f27098e18302d97c3f2637b5f6 (0.00s)
    --- PASS: FuzzTrie/6a7895b73d3310b59aab6b60d4051de9ab506884 (0.00s)
    --- PASS: FuzzTrie/6abcb7492ac3b67f339ab078e9f0135d92d5223d (0.00s)
    --- PASS: FuzzTrie/6b45b0959468cd3abd4ef5186f7a3ef35c01b37d (0.00s)
    --- PASS: FuzzTrie/6c5c8728558b81405e4bc389add369e726f0e86d (0.00s)
    --- PASS: FuzzTrie/6c9e2da44223a52dd3ce427102428f56db0e1162 (0.00s)
    --- PASS: FuzzTrie/6e6198445e451411fbe070f61557a250fbdb8e21 (0.00s)
    --- PASS: FuzzTrie/6ee69b47b78ff68ef3d27ea4688f9cd3cfc74576 (0.00s)
    --- PASS: FuzzTrie/6f204f04d0da7e94a8464962bb5711d69315df5c (0.00s)
    --- PASS: FuzzTrie/6f4ebe79e56add032e564d7d0d0f8eea6c3a5d39 (0.00s)
    --- PASS: FuzzTrie/6f77b261ae97dd5b7df7427ccdd439344a6d88fc (0.00s)
    --- PASS: FuzzTrie/6fb040e351bf9d65138a977fab705202b2e5064a (0.00s)
    --- PASS: FuzzTrie/706f31e1fec401ab4b7822f1f97cb60fd85f28e3 (0.00s)
    --- PASS: FuzzTrie/70d601fc2f1a5acdc0baa8fe3b0c5a87bb132ee1 (0.00s)
    --- PASS: FuzzTrie/71ba1ff16941c7a8ea0c73c4ba9a7f475dd93b1d (0.00s)
    --- PASS: FuzzTrie/71bcb8220a801bde3430a09f9594649288552d8c (0.00s)
    --- PASS: FuzzTrie/71c69e90bdb3e58424d2ddc78224f51c861b1416 (0.00s)
    --- PASS: FuzzTrie/71ef31855b21414b6016292d171c642226ce6d56 (0.00s)
    --- PASS: FuzzTrie/728755accba85e926cdb778cc2eb528d79b0114c (0.00s)
    --- PASS: FuzzTrie/737fdd3b33a570892754c08bc940f86e93aa043e (0.00s)
    --- PASS: FuzzTrie/73b4cd89473ce8821df51ff9ee4beabc798d0314 (0.00s)
    --- PASS: FuzzTrie/73d6dcf3e50d5512886bd20ceb9992f86a65beae (0.01s)
    --- PASS: FuzzTrie/740ddd4892f1c24b09fae95bff927c43a105058e (0.00s)
    --- PASS: FuzzTrie/742d851e28f59a5186b4c4bf7623fbab0f83c076 (0.01s)
    --- PASS: FuzzTrie/743529c831b2853c6c089748ace18ba5e73f6551 (0.00s)
    --- PASS: FuzzTrie/744d0b3f578d9b0c36fbb11ec123bc0cb86329a5 (0.00s)
    --- PASS: FuzzTrie/748e0768266fcb5cf89432a9fbca6d3ab4d86350 (0.00s)
    --- PASS: FuzzTrie/75ae3340df827a1000fe122e1274b6afbce5498e (0.00s)
    --- PASS: FuzzTrie/75e5438b941175987c4ecb2b65d4fc0505eaf18d (0.00s)
    --- PASS: FuzzTrie/7601b305a17ed2227578f3111046819b396b7ab2 (0.00s)
    --- PASS: FuzzTrie/7603b5a1a17fe8cdc10e4c397a626e63b6bd95b5 (0.00s)
    --- PASS: FuzzTrie/76a31bb8cc76cad4a2157b65cfecb3e163c8db3a (0.00s)
    --- PASS: FuzzTrie/76cf96c31224cd6307a6a46f03d1eff052187d30 (0.00s)
    --- PASS: FuzzTrie/76f821e0f90c9927767023e35033e0b10e5bbb76 (0.00s)
    --- PASS: FuzzTrie/77265e7256cd982492f8c4811666af2384098139 (0.00s)
    --- PASS: FuzzTrie/77530c3beff3006b9b3df34ef1863c0fb7974756 (0.00s)
    --- PASS: FuzzTrie/787bea9919e13720cbc36e23c2ae37ba506e3354 (0.00s)
    --- PASS: FuzzTrie/7a13492eac6fea4c7ef4600c71f1d5b6fbc26651 (0.00s)
    --- PASS: FuzzTrie/7a21c2c9a6f5ed9ee4e5b2a12bf42ff288b804fa (0.00s)
    --- PASS: FuzzTrie/7aa9bc6ce7f15e4c3fc61eb65fa12ac43612bd04 (0.00s)
    --- PASS: FuzzTrie/7b326d8ac08f3576a70627bcca999d51d3918e00 (0.00s)
    --- PASS: FuzzTrie/7b6501aef40af31d998256297b61528fc525f0c7 (0.00s)
    --- PASS: FuzzTrie/7c45e1be802de9e3bed448b67ea36b2e454654ab (0.01s)
    --- PASS: FuzzTrie/7c9ad4297078c63903d36c838836415d7a0267a0 (0.00s)
    --- PASS: FuzzTrie/7cab06a3fd9255119234cc83defaf1e75e69a595 (0.00s)
    --- PASS: FuzzTrie/7cb379b8464abae7188904626516f12e3abfede1 (0.00s)
    --- PASS: FuzzTrie/7d292ba7ec7f1125c3bd34d8e12f87bff06528ed (0.00s)
    --- PASS: FuzzTrie/7de19beab7ac2b21c7f2cee4988efa2fd78a7120 (0.00s)
    --- PASS: FuzzTrie/7e5bc19fca615f4af959d3f86329db066bddebb5 (0.00s)
    --- PASS: FuzzTrie/7e7685caa5bf17f768de7bc87be0b635985012a5 (0.00s)
    --- PASS: FuzzTrie/7fe63db72d954c4c436efedeb6c3f578a109f10b (0.00s)
    --- PASS: FuzzTrie/7ffa176d6756fd42e53e08b15ebe55eec1ac4031 (0.00s)
    --- PASS: FuzzTrie/803e75a4a84a8e64a0fecf752ce7e4f5b938b7ac (0.00s)
    --- PASS: FuzzTrie/807ff27a9ce90c8ffc29b3acb0757f7c5e538e3e (0.00s)
    --- PASS: FuzzTrie/80d2ec32f5b7f14e79e594bf8fd09860ff0a5c52 (0.00s)
    --- PASS: FuzzTrie/80f4844975877def3166b158a572bcf4f858a52f (0.00s)
    --- PASS: FuzzTrie/812f93dfda7594f90e1a7a2b76101df7707d004e (0.00s)
    --- PASS: FuzzTrie/8139f1a701576d57a48705e0ab77a556ce836241 (0.00s)
    --- PASS: FuzzTrie/813cb4d88098da6f20232743660fe9c771b25864 (0.00s)
    --- PASS: FuzzTrie/81755d20237827a69a4178449c3289333f95e2d0 (0.00s)
    --- PASS: FuzzTrie/825d2f373ca0a79e9cf9262d7cf8a946002fda93 (0.00s)
    --- PASS: FuzzTrie/826cd840edf4512021fd5f96ce45ad836922bb50 (0.00s)
    --- PASS: FuzzTrie/837a69dc4ecc74cabbe83d3ebb9f88e02a56cdc7 (0.00s)
    --- PASS: FuzzTrie/838fc0f81ff3e180331d8cbc596acf2f7d2cc164 (0.00s)
    --- PASS: FuzzTrie/83a1f9dc64f42d8ac44a77e603b893ade3c04bd0 (0.01s)
    --- PASS: FuzzTrie/83df736c308b61ba4dc68e552746460e4e97d285 (0.00s)
    --- PASS: FuzzTrie/84bc67016d8eeb9e8773ad322301b3ff5594708e (0.00s)
    --- PASS: FuzzTrie/84c4d7df1da840a548cefcfb055f7ce4b9caa2a6 (0.00s)
    --- PASS: FuzzTrie/84ce5cdec186a488a3d59aec06a04bac0e546cbb (0.00s)
    --- PASS: FuzzTrie/851a18a9c5d3a8557adbca8752b195343270db8d (0.00s)
    --- PASS: FuzzTrie/85c5bf9c8070df6e463acb766577c8c6cf2539a1 (0.00s)
    --- PASS: FuzzTrie/861be3614775c9afd780aa5cf6f9d9e2ccedbb31 (0.00s)
    --- PASS: FuzzTrie/8623c2ba5186f4da75197145d59445fc3606da16 (0.00s)
    --- PASS: FuzzTrie/86267c8bb326dac3f8d25dead8051a7a2550fa8f (0.00s)
    --- PASS: FuzzTrie/8657737ac842c566e8c9b96cd00cb05c353e2349 (0.00s)
    --- PASS: FuzzTrie/866e6ffb666c44921e764b128b4a3aa15b71d1a2 (0.00s)
    --- PASS: FuzzTrie/86f051c12bb523f2652aedd992f5f249935f471e (0.00s)
    --- PASS: FuzzTrie/875fbfe2fdb2f161bce46fdc2b4f87f047a52e88 (0.00s)
    --- PASS: FuzzTrie/87c08b5d89ec6ec450c82f8fe100633a0a525af5 (0.00s)
    --- PASS: FuzzTrie/8819ed61c104244ae7d2f779819973f8b0aacf78 (0.00s)
    --- PASS: FuzzTrie/884bdb04feb7a61da278be9a61fe5b99e9012d6d (0.00s)
    --- PASS: FuzzTrie/896a17a10f3af25767b4e698a02e7bae2092862f (0.00s)
    --- PASS: FuzzTrie/898404fdba9e86f17fe8be348e91a289fc573dba (0.00s)
    --- PASS: FuzzTrie/8988d4912369e5a0c06d3c02c33e31ab95978bc7 (0.00s)
    --- PASS: FuzzTrie/8a378803b72dfabb18fd593e5257a41590d73350 (0.00s)
    --- PASS: FuzzTrie/8ae26814954451c1f92c515a6df2edeb1e0b8736 (0.01s)
    --- PASS: FuzzTrie/8bbe68f53c62e7ded058212fc9a2fd544405d232 (0.00s)
    --- PASS: FuzzTrie/8bee49f119328d452ee8f563ffacc35f81430266 (0.00s)
    --- PASS: FuzzTrie/8d3bdd165393346ae0a29daf9c2d5091635aceb4 (0.00s)
    --- PASS: FuzzTrie/8d4104da6552cd9cf8092b216964cda56e35b00b (0.00s)
    --- PASS: FuzzTrie/8dab116e0a2f69b1bfce3c6b798def589c82b26f (0.00s)
    --- PASS: FuzzTrie/8e18d1fe5ad9f0ada4ee03e1a514faeaa5f9913d (0.01s)
    --- PASS: FuzzTrie/8eb50d495274b9542222a794e80687b677aad9ba (0.00s)
    --- PASS: FuzzTrie/8f6f9fb1804624478a7381672cf8c19075467e90 (0.00s)
    --- PASS: FuzzTrie/9017c0d90187d00b11d18c2235e25ddf17ded699 (0.00s)
    --- PASS: FuzzTrie/908799a25dc91399efc78136ba8a282d2b49f6a0 (0.00s)
    --- PASS: FuzzTrie/911bcadf1799c6e07638669c622891fb2bbaa325 (0.01s)
    --- PASS: FuzzTrie/914365beb340d4db04016be6ec26f04d40330081 (0.00s)
    --- PASS: FuzzTrie/915526e269ddcd5820cd23f2182d08e69b84ac5e (0.00s)
    --- PASS: FuzzTrie/91728fdfb7ccc2935c5bb4e382183148df3bc730 (0.00s)
    --- PASS: FuzzTrie/925dfb62e301985e3c5cc1d691a515a3662f7568 (0.00s)
    --- PASS: FuzzTrie/9300c3339b1841af13970ffdbcccacf7baa7f091 (0.00s)
    --- PASS: FuzzTrie/931827e482580d64aa9831fd445fadb38c7a19d3 (0.00s)
    --- PASS: FuzzTrie/93b077c90316b4e911da1805c43842f9a0bd571a (0.00s)
    --- PASS: FuzzTrie/93f14acc4990b5b111c2a365d729a8a2f430dd47 (0.01s)
    --- PASS: FuzzTrie/945e2a1c0ce244b410294ae9c5199d0e89ca0b89 (0.00s)
    --- PASS: FuzzTrie/947df2ee47772f1a21a27cc14f01191369560133 (0.00s)
    --- PASS: FuzzTrie/94b55ebac266e5a7db9829323fbfb01574215bf0 (0.00s)
    --- PASS: FuzzTrie/955305f840c4407b7bbe6555eef4039e470acf0d (0.00s)
    --- PASS: FuzzTrie/956fcd170ebf2af362a3667443046b72211151c4 (0.00s)
    --- PASS: FuzzTrie/958538b7b2816bd4658436394cdcffa4e2b9a111 (0.00s)
    --- PASS: FuzzTrie/9636ce3165c5fe41eaaea08a3b51384ea3f4772e (0.00s)
    --- PASS: FuzzTrie/9652df2ed5bfec05eb9c9903a9b4da0cfe35b602 (0.00s)
    --- PASS: FuzzTrie/96b52c78707da454b3edd1a92f126f64a94828d8 (0.00s)
    --- PASS: FuzzTrie/97653bde6ebe020dc86dd59cd73e80dfbb36533e (0.00s)
    --- PASS: FuzzTrie/97d30fec1ac039f12955fd0915da957a44542990 (0.00s)
    --- PASS: FuzzTrie/996a234bcafdf17388d1b9a686c53372ec13c86e (0.00s)
    --- PASS: FuzzTrie/99b553d28aa33cbe3e5205085b857f36e7074f69 (0.00s)
    --- PASS: FuzzTrie/9b4112deac1b51c45704e5d02ac8552b5ade5cdb (0.00s)
    --- PASS: FuzzTrie/9b53233072fe03c24c2dafd8ea4ea05346c0e5b9 (0.00s)
    --- PASS: FuzzTrie/9b99ca5a82629d86760451e0e2748586c96b1d86 (0.00s)
    --- PASS: FuzzTrie/9baaf14174e4fc994461292f8fa9004afee0eba2 (0.00s)
    --- PASS: FuzzTrie/9badf72e4077511d6b26b118959287a2ab5edbe6 (0.00s)
    --- PASS: FuzzTrie/9c1d3591f5f3aff5cd9b75b5e04322a2f834adc7 (0.00s)
    --- PASS: FuzzTrie/9d8dfc5c4c3c39bd7422e0cf16ebff273444402f (0.00s)
    --- PASS: FuzzTrie/9e242a1526e57eb98fd4490f21ece90f6e682e9f (0.00s)
    --- PASS: FuzzTrie/9f53f6ab101ccc7c2e231ad3664962ce0cc4bf3b (0.00s)
    --- PASS: FuzzTrie/a049d1c5ef58d02f37499521a5e5b25f37e705e0 (0.00s)
    --- PASS: FuzzTrie/a0f8ce71ee5832718e46acf86f4bec46c5dbd530 (0.00s)
    --- PASS: FuzzTrie/a16c719b9c71ee162687d61ba2e585d143c61a39 (0.00s)
    --- PASS: FuzzTrie/a20b275e5b5615ed91056b662948f84e14abb331 (0.00s)
    --- PASS: FuzzTrie/a20bbb5835bdd0b8db7fa0c95300ba335141e7a3 (0.00s)
    --- PASS: FuzzTrie/a22f6350c5d8895badbcec2d5f3c351853385984 (0.00s)
    --- PASS: FuzzTrie/a2ef3403a71a0850a21ffec5d0341429573d1204 (0.00s)
    --- PASS: FuzzTrie/a309e0affd6ca31448b5a9302135891fa07700f2 (0.00s)
    --- PASS: FuzzTrie/a37aab906eb2d902ca74642cb4b0bd2336a9eccd (0.00s)
    --- PASS: FuzzTrie/a4a473a6808f58336b651a5948f7eb25df6b2d9f (0.00s)
    --- PASS: FuzzTrie/a4db6fd3d7b8c642fac6e4e10cd95866fcf88767 (0.00s)
    --- PASS: FuzzTrie/a53eb9edd65cd935f624c6a4f9a9ea0915fa9990 (0.00s)
    --- PASS: FuzzTrie/a54b40ee8912d49b53cb6377d2e2663c184543f8 (0.00s)
    --- PASS: FuzzTrie/a6bd80e178d85d7b27cbd1f19a12c39b76047fd5 (0.00s)
    --- PASS: FuzzTrie/a6dacd2b38e455ee2fe35c878578d7f925c30443 (0.02s)
    --- PASS: FuzzTrie/a706bcfe28ea1092ae571e29390a88d0c7761d1a (0.00s)
    --- PASS: FuzzTrie/a7074e7390eb44e124dea6883bc4e33257fe6f5e (0.00s)
    --- PASS: FuzzTrie/a7389e73c26033e0cb7aa426cdb0f1f53ea14ce6 (0.00s)
    --- PASS: FuzzTrie/a74f8f88696d05e043ea5a0fea326b76ce5ce5cb (0.00s)
    --- PASS: FuzzTrie/a77f01a150c8d534406ba1d54d00af33d7372abd (0.00s)
    --- PASS: FuzzTrie/a7bd3819a112e6acb5194b7a9b6366da8594ccb2 (0.00s)
    --- PASS: FuzzTrie/a81280c3f7ab65f9c962650449968b469425fe6f (0.00s)
    --- PASS: FuzzTrie/a88f2a97fd09311c5e001011026af48b8e42baa6 (0.00s)
    --- PASS: FuzzTrie/a895fb297ed78fbcdb0756dfed48893cf6d20dac (0.00s)
    --- PASS: FuzzTrie/a8f15965347fff6261d0893907501e2f5aa4758b (0.00s)
    --- PASS: FuzzTrie/a9a19b96be0833fd171b75239236d3df5a7a6215 (0.00s)
    --- PASS: FuzzTrie/a9bed75229c9deaca4f5c37cee9f4f8e4da24551 (0.00s)
    --- PASS: FuzzTrie/a9e6a07d2498509c967cefcce4afc29b1c757c03 (0.00s)
    --- PASS: FuzzTrie/aa385510b5929d59bdcaf21ba8ec3a4579f7a7c7 (0.00s)
    --- PASS: FuzzTrie/aa755f37e854854510fe71a05281e9080829694f (0.00s)
    --- PASS: FuzzTrie/ab1e322a994a8d47627040bd5f78263714c4673b (0.00s)
    --- PASS: FuzzTrie/ab65246f250edf42e10523368701a88ab22f88b9 (0.00s)
    --- PASS: FuzzTrie/ac3fa598ed0b7c46f50628218c540196cc763561 (0.00s)
    --- PASS: FuzzTrie/aca2618e8c2aa8b5c507cbe88db8cafdb3710d0c (0.00s)
    --- PASS: FuzzTrie/ad291ff1579f3c6182ca5034238b5d40de89b06f (0.00s)
    --- PASS: FuzzTrie/adc83b19e793491b1c6ea0fd8b46cd9f32e592fc (0.00s)
    --- PASS: FuzzTrie/ae245fdd38c32dd1bd0a32e14b91bf410e8683f3 (0.00s)
    --- PASS: FuzzTrie/aed3c61a71a3cffc48dc6b29631ca5442b404f18 (0.01s)
    --- PASS: FuzzTrie/af1d1224de34f15f4564945099d22bdc1b5ac951 (0.01s)
    --- PASS: FuzzTrie/af8aaaff82f4eebf52831e11cff6a273a8c81ae6 (0.00s)
    --- PASS: FuzzTrie/b04068b63e3b1b98c03f51ad3a8843f62c62e767 (0.00s)
    --- PASS: FuzzTrie/b09da401579d0639b772c97526ecc4d8168554a3 (0.01s)
    --- PASS: FuzzTrie/b119c058903a2095a260660342739b5d8f54dd07 (0.00s)
    --- PASS: FuzzTrie/b15470c416b8dc6fad2b47cb5a84b1e31a997da2 (0.00s)
    --- PASS: FuzzTrie/b1c5cdae333e18b577d7fb8c7298207d01ada001 (0.00s)
    --- PASS: FuzzTrie/b1f7f902b0fbffe3ec975788992499185d8931f6 (0.00s)
    --- PASS: FuzzTrie/b1fee9dcd54bf9550c8a48daa37bafc8c746ddab (0.00s)
    --- PASS: FuzzTrie/b200697fb1200aafd9fd6359fd1d6d6894bdbd18 (0.00s)
    --- PASS: FuzzTrie/b26ec870c59b40a1d03a36fffc144c96b14998ad (0.00s)
    --- PASS: FuzzTrie/b2c3518e0996ce802cfcb18015240556fec36e60 (0.00s)
    --- PASS: FuzzTrie/b3cc33df5b66c8575aade3de6038346ef935371e (0.00s)
    --- PASS: FuzzTrie/b72faac98d102d89733903c14d3a7854fcd11cda (0.00s)
    --- PASS: FuzzTrie/b76315d09d3ba3b1f7a86cd6f2d8e2b6cd47c485 (0.00s)
    --- PASS: FuzzTrie/b7c9a7bd728d4b93d76a8d0fff987faed009f688 (0.00s)
    --- PASS: FuzzTrie/b8682265ca20b54f38fdc4d3454a028a36ef889d (0.00s)
    --- PASS: FuzzTrie/b8b1c4f71e5dabf183079b328e290495dd1c333e (0.00s)
    --- PASS: FuzzTrie/b8bd4e12351e182629d9e93283963872c4d6e2f5 (0.00s)
    --- PASS: FuzzTrie/b9c8fce31c412dfc8ca614c848f45a8ecf985bd9 (0.00s)
    --- PASS: FuzzTrie/b9fc9443354357adc9448fc209d3b45c63c7f351 (0.03s)
    --- PASS: FuzzTrie/ba37cb578c15b57eb43b1e2f2417a9590f2e0d49 (0.01s)
    --- PASS: FuzzTrie/ba88465ab670341906b8d0006d964de55cb4d940 (0.00s)
    --- PASS: FuzzTrie/baf142d7a84b92f51205c8b634ce2aca82e43c47 (0.00s)
    --- PASS: FuzzTrie/bb2fac10cd03015321dd0d967b835ba654190333 (0.00s)
    --- PASS: FuzzTrie/bb596b7571b0f8154e41f1a5b66468876759d88a (0.00s)
    --- PASS: FuzzTrie/bb7303dfb84949d85b1f7a719352d510352c2c72 (0.00s)
    --- PASS: FuzzTrie/bbd270c9c195df56515ec548208cf12352ac9cff (0.00s)
    --- PASS: FuzzTrie/bc55b59bda2ae4971f6d40d52c8c8b24a89eb8a7 (0.00s)
    --- PASS: FuzzTrie/bc61ac4386d44e6ff0ca609bdc910e509fcdacec (0.00s)
    --- PASS: FuzzTrie/bcee274ebc7399d2919e740ef5696e26761e2a0a (0.00s)
    --- PASS: FuzzTrie/bd910a068ffd959b30b0e659bf882d1f4607cbf8 (0.00s)
    --- PASS: FuzzTrie/bdf160d2afeac5e220a3761be51be6ea269c99fb (0.01s)
    --- PASS: FuzzTrie/be3ced41f2255e439a6735389239284b5af40b54 (0.00s)
    --- PASS: FuzzTrie/beed8e5d7092bc4275352ed9db310928b8846d86 (0.00s)
    --- PASS: FuzzTrie/c039a2f6fe259c89b3e7a5abf86bed552bb710cb (0.00s)
    --- PASS: FuzzTrie/c0917f11e8dcd80922235de5cabadb62d0e498e5 (0.01s)
    --- PASS: FuzzTrie/c37908363bac31ce04fd2960e409e6a828a1d321 (0.00s)
    --- PASS: FuzzTrie/c48b1882557126d3b0ba4dda0fdde52b3a412e59 (0.00s)
    --- PASS: FuzzTrie/c498b2e0d87a2435f8cb467250ea340c10b3be06 (0.00s)
    --- PASS: FuzzTrie/c4fe60c501064e2574266ab6d95e4788af90a364 (0.00s)
    --- PASS: FuzzTrie/c5bc942a35f81e26a2ae3810787e8a98d222601c (0.00s)
    --- PASS: FuzzTrie/c66784a9db3d7984694f138b677e3ec9e7e32f94 (0.00s)
    --- PASS: FuzzTrie/c745bc0211a0626ee72e5a17f5d147748ee71913 (0.00s)
    --- PASS: FuzzTrie/c7d7984c66a8782ad3adfe2ec4bec2ce6ef03cdc (0.00s)
    --- PASS: FuzzTrie/c7e1b2d70736ca33cb6bd6a21f7c5bf27a987e9d (0.00s)
    --- PASS: FuzzTrie/c820b06230ab6157dd554f9052034f75b933af94 (0.00s)
    --- PASS: FuzzTrie/c879ef67ab0774faecfc106c7a1087edb5a217e9 (0.00s)
    --- PASS: FuzzTrie/c8ed95b230974fcad893c60f9da3d15eb29b3cf0 (0.00s)
    --- PASS: FuzzTrie/c9d880d99d5108a4f2e6e6b72c0958234894b45c (0.00s)
    --- PASS: FuzzTrie/c9ef70a41498cc175871b18ffc015cf57bd2c5d2 (0.00s)
    --- PASS: FuzzTrie/ca398638faa65cfbd9f6475b574d57419d27757f (0.00s)
    --- PASS: FuzzTrie/cb7abc4036a19842adb5237982a48d62d15ac9e1 (0.00s)
    --- PASS: FuzzTrie/cbca83a01b5d2aeadf272a6e3dae01a2f94e17eb (0.00s)
    --- PASS: FuzzTrie/ccfcc43b8e67a45ead3c5b81299ec7ac68b746b2 (0.00s)
    --- PASS: FuzzTrie/cd115d5d0a8daf30ef5c5543610bff4b0142cffc (0.00s)
    --- PASS: FuzzTrie/ce1fc241e5df48ccd712e81a724607c11d39013b (0.00s)
    --- PASS: FuzzTrie/ce3e32348c37614b1e7ded1543533c6c2f818c97 (0.00s)
    --- PASS: FuzzTrie/ce77720af5241ec126dc67aaf6ef8f3410c1d13b (0.02s)
    --- PASS: FuzzTrie/cf53d79bf18d4ff7281bf8480008a9730a28c738 (0.00s)
    --- PASS: FuzzTrie/cfb62465219d216c634c68f8b8e814229aa55600 (0.00s)
    --- PASS: FuzzTrie/d00812d30ad98e7d3dc95343031c65963555ffa0 (0.00s)
    --- PASS: FuzzTrie/d055d0cbfd606dd334131afb8efb735d135c1ae6 (0.00s)
    --- PASS: FuzzTrie/d0cc8522933e5c0317c2167aef5a80eb24eff0a0 (0.00s)
    --- PASS: FuzzTrie/d1447d1645aeaafe68bafd4838c37d8fcfc6afaf (0.00s)
    --- PASS: FuzzTrie/d1927170deab3d025c56ead6576da2cbfcc89932 (0.00s)
    --- PASS: FuzzTrie/d21fffd6d6e7e177523512c0d2504bc828170406 (0.00s)
    --- PASS: FuzzTrie/d2351aa3590ae429dc592f028801ec71610a2429 (0.00s)
    --- PASS: FuzzTrie/d262fbb525aaf03b3605327d8bcd64b700439611 (0.00s)
    --- PASS: FuzzTrie/d26a39fcdabc111cdd68eab64225190b2d056ee6 (0.00s)
    --- PASS: FuzzTrie/d291e113d34f1106756b0a4887c1e585bf29f30b (0.00s)
    --- PASS: FuzzTrie/d30b6226d54728e19e461bb700ac98f8aab66e3d (0.00s)
    --- PASS: FuzzTrie/d38ef1268d5c16d2db31e3691a5a48225b16435c (0.00s)
    --- PASS: FuzzTrie/d64bfae65092f40d92c6cba3ea95e85a00050d5d (0.00s)
    --- PASS: FuzzTrie/d6d7953c5fb06cd78fa3825cbff911adb31f82bf (0.00s)
    --- PASS: FuzzTrie/d706fbe7cacfd74ccf276fa677f59a4000b3d1b7 (0.00s)
    --- PASS: FuzzTrie/d72b5020a08a1ec0d69d3ce35a0915dcb8cda47e (0.00s)
    --- PASS: FuzzTrie/d74e7ec0e3260c544fe653197761626ee3802236 (0.00s)
    --- PASS: FuzzTrie/d7d79bae0f6eaa87892f36eb61b23cf45d593a6b (0.00s)
    --- PASS: FuzzTrie/d81fbe9661d8036b3ea82023d677dda43e45a8f0 (0.00s)
    --- PASS: FuzzTrie/d8343bbb9a48ee2ae51f993514a4d8847e8d2903 (0.00s)
    --- PASS: FuzzTrie/d868ccd4ef7ff424582badc80b87d195d67e8c55 (0.00s)
    --- PASS: FuzzTrie/d87bdf82cf466790fd4fc5718b6e5e9d9edec74c (0.03s)
    --- PASS: FuzzTrie/d8871b5c5fa1a937b75e1656d25fe5e7fd3f5ee1 (0.00s)
    --- PASS: FuzzTrie/d8b7de72f5273095696cbbe1be370be73361e8b7 (0.00s)
    --- PASS: FuzzTrie/da417afddc0b16062e3a4f68ec18010934cca248 (0.00s)
    --- PASS: FuzzTrie/da48d8cf8bddd68099e0a8bae97a4565b44ff5cc (0.00s)
    --- PASS: FuzzTrie/db3a04d47a170507ea9a787fef7d56588df66e0d (0.00s)
    --- PASS: FuzzTrie/dc0c24291611dcefeff2ae89e29baf2b7905f36d (0.00s)
    --- PASS: FuzzTrie/de5dc47316e89b74019ccbd308f6e8d78ab510ee (0.00s)
    --- PASS: FuzzTrie/dfacb70201c7ff26c9255f4824e382aa287de39a (0.00s)
    --- PASS: FuzzTrie/e0a887b14c910ece720d378cc89c7b3e4269494d (0.00s)
    --- PASS: FuzzTrie/e0d37aa82a1f92142470d70135d03d1248167f00 (0.00s)
    --- PASS: FuzzTrie/e0db656d5703d5ba486babc3f589da15ee4705b7 (0.00s)
    --- PASS: FuzzTrie/e2cda4765b5d29a9ed64ff14e87e8accd42ac424 (0.00s)
    --- PASS: FuzzTrie/e3270ab29edd15b12b6b02575130513d2ee9ac7b (0.00s)
    --- PASS: FuzzTrie/e399acc9096d2006cd275c46365fd751367e5029 (0.00s)
    --- PASS: FuzzTrie/e3d538ccdde9781d538096b9129f1eb93950ea3a (0.00s)
    --- PASS: FuzzTrie/e43eac3ca7ae21930bdddc76cf7fa60d7aed8112 (0.00s)
    --- PASS: FuzzTrie/e489b349870274b530da8b35ba7edbd010175e99 (0.00s)
    --- PASS: FuzzTrie/e4aeb4addedf998ef6af6bb40e2a015e907f3249 (0.00s)
    --- PASS: FuzzTrie/e4e5c0316992e471e5533596dc7edd323ae6282a (0.01s)
    --- PASS: FuzzTrie/e50cd1826790c3ffc06c2d696fa0e4e31a8a5983 (0.00s)
    --- PASS: FuzzTrie/e57ee0f2cfcfccb5fd34f66df74de329b246d400 (0.00s)
    --- PASS: FuzzTrie/e5b5985016b2ac1a790ab67e05d23d35acbff07b (0.00s)
    --- PASS: FuzzTrie/e692a645ddbd1a00884feb06f63e8f5d8b34f8d6 (0.00s)
    --- PASS: FuzzTrie/e6a576b3776a31f92844ad94c8f7433f0b6509b3 (0.00s)
    --- PASS: FuzzTrie/e6f981199ea47da6bc0166fa3df2d2e270d4dba0 (0.00s)
    --- PASS: FuzzTrie/e8c92fa253337c88b1d4e46e0ead3f81b7546919 (0.00s)
    --- PASS: FuzzTrie/e911c5da3203675957bf2f14511ee8d35d199db7 (0.00s)
    --- PASS: FuzzTrie/ea04cd02ca14085e2da433c1b482c76c3b3a6f2c (0.00s)
    --- PASS: FuzzTrie/ea3e65eb15a74af138fe80133db9fbe4960d91ed (0.00s)
    --- PASS: FuzzTrie/eaa5ebaebbba8c01d0233fb1b050ef59c2f1f834 (0.00s)
    --- PASS: FuzzTrie/ead9eb0c1dbc28b944bda700ac683c63534e346b (0.00s)
    --- PASS: FuzzTrie/eb1031bad67fe30a45d5b9d427b257d5d70ee595 (0.00s)
    --- PASS: FuzzTrie/ec712c75a4169c5df4e4081e62cf1541aa302643 (0.00s)
    --- PASS: FuzzTrie/ec73be25fb28e3247b9bbceb6296fa5206a682b0 (0.00s)
    --- PASS: FuzzTrie/edbff630df4f410f13f890a22980fd89008ebbca (0.00s)
    --- PASS: FuzzTrie/edc8304245b62eb4332be169f01b05a3815a0ccb (0.00s)
    --- PASS: FuzzTrie/ede39b72afa3aff3980fb6de8d8ae09b60f120ae (0.00s)
    --- PASS: FuzzTrie/eec92611973d268b16eeb9b243e88ecf0182917c (0.01s)
    --- PASS: FuzzTrie/ef4d11115ace632a5ee95848a268fbf811d9bf22 (0.01s)
    --- PASS: FuzzTrie/efc3971099b6b9b429c85fbcccebe6c85f79e6a3 (0.00s)
    --- PASS: FuzzTrie/f01e713a65ff2c63cb560cf0b2b45e9af38bcd68 (0.00s)
    --- PASS: FuzzTrie/f1558180f980c001a94ba95c9987e6a99d762731 (0.00s)
    --- PASS: FuzzTrie/f1f46ddb797cb78f31b730aab84dcef0367295dc (0.00s)
    --- PASS: FuzzTrie/f27b3deec4c4a29bf4baa2e0788dadaf2318b3e4 (0.00s)
    --- PASS: FuzzTrie/f54fdece32b80be4c08135fb5726218dc37fcf94 (0.00s)
    --- PASS: FuzzTrie/f5928971641bece421939ea1bb1fe1ada8993bbf (0.00s)
    --- PASS: FuzzTrie/f5b349cbdb2a4ec4a16e9a529b904b8230a8b5eb (0.00s)
    --- PASS: FuzzTrie/f5fd69c289dd238c1a0d12cb47f948ef6142ee46 (0.02s)
    --- PASS: FuzzTrie/f61fabf6f8d5fd881a3eac9223466f9aa22224e5 (0.00s)
    --- PASS: FuzzTrie/f64c301bc77b562cdcc6df320769389b2524b27e (0.00s)
    --- PASS: FuzzTrie/f78ecb54cee772487c029166c10210882e475694 (0.00s)
    --- PASS: FuzzTrie/f91ae8cec679135f20310085e61470d8ddcdd3c2 (0.00s)
    --- PASS: FuzzTrie/f93b0dbd5cc8616b41a8aff392c1955f1560b659 (0.00s)
    --- PASS: FuzzTrie/f944e49333b476fd2694c813f21b4953e2de7a1e (0.00s)
    --- PASS: FuzzTrie/f96564d6b54ac5981c62d8fe98ef8b9e9929275c (0.00s)
    --- PASS: FuzzTrie/fae0fb940da90651ffd81b1e13de522212203bc6 (0.00s)
    --- PASS: FuzzTrie/fb1b05226caa6c0b05ad503a8e6d8567bfaa1c0d (0.00s)
    --- PASS: FuzzTrie/fb64e69c0adb2f610aa6b7c51948448b5bb73bde (0.00s)
    --- PASS: FuzzTrie/fb822d02077d022a7c493b2b2e29f2154e6e94f0 (0.00s)
    --- PASS: FuzzTrie/fb84bb83c17822420709125bbc9904d3369d5bac (0.00s)
    --- PASS: FuzzTrie/fc830605e9c03d42d192ccbd9efed9ea13582fff (0.00s)
    --- PASS: FuzzTrie/fdfbe689f70d70ea7a23994a0e84f8d9a2929b5d (0.00s)
    --- PASS: FuzzTrie/fe6b60c21ad4664ee91dc19e0188397ede645963 (0.00s)
    --- PASS: FuzzTrie/ffd865de28c4a16ead4e9833fc71c622e84c125f (0.00s)
PASS
coverage: 88.1% of statements
ok  	github.com/morph-l2/go-ethereum/tests/fuzzers/trie	0.765s	coverage: 88.1% of statements
