=== RUN   FuzzTxfetcher
=== RUN   FuzzTxfetcher/0034367d40bc4c58811fef63468924239b6db900
=== RUN   FuzzTxfetcher/00ba48a2a548d6a9d4b46523ec790214e9123746
=== RUN   FuzzTxfetcher/01295ae043db84859d5dc60f35f1da883d7c7794
=== RUN   FuzzTxfetcher/01523bbd309fb63b668154bf48b2d8ebb173b800
=== RUN   FuzzTxfetcher/016022a606f81522acff0495755c9a87b5c719cb
=== RUN   FuzzTxfetcher/0165264a75f315aab18dd24288fa4241d703b2b7
=== RUN   FuzzTxfetcher/016a2b8756bcbaa635257bd0850db397deea434b
=== RUN   FuzzTxfetcher/01e1d4a77da08ec8f2c04b4a6fe4af51f1e6d3a9
=== RUN   FuzzTxfetcher/0217e7073d17c2786ceb2718fdab2ea6f9449a4b
=== RUN   FuzzTxfetcher/0313bed2dc798ed4f54217cc566d32cd5c33a5af
=== RUN   FuzzTxfetcher/0328390bfa956b9ef4e2ef880ed222e84e231e1a
=== RUN   FuzzTxfetcher/03d3a31a2001cf483f8e58eb3a646799bc96566a
=== RUN   FuzzTxfetcher/03fde53617fb8d7b163a804f8b190885c8276511
=== RUN   FuzzTxfetcher/041164f1435a7c2e6efa92f0600a4242879f16dd
=== RUN   FuzzTxfetcher/044efb80c82199daadd0f1a7aecb3edc9c1cf7d0
=== RUN   FuzzTxfetcher/057cef4b01640c47eb5d22342479aa7b97425e6a
=== RUN   FuzzTxfetcher/059d165cd5b672b566bfafa1f4bb472be81a4a2b
=== RUN   FuzzTxfetcher/05ecaf0c4ef70b652452fa94c33177a49eb5bf73
=== RUN   FuzzTxfetcher/06192830b3bab564daaaaa8365a60d930fde1e60
=== RUN   FuzzTxfetcher/06917059c9f0e316dd200bbad8834ab5ca6790e1
=== RUN   FuzzTxfetcher/069446ddbe83c6f7035d7ed3aef6356bfd3894bd
=== RUN   FuzzTxfetcher/071fac6226f60f94aaa20d66239d13ec8ff6d04b
=== RUN   FuzzTxfetcher/07467baf96a59086db19610364045972b89fb3f2
=== RUN   FuzzTxfetcher/07497975b7fe10e3687a87cc11a854ad6d5449af
=== RUN   FuzzTxfetcher/075e76df72e61c357a8053ef9be115df00597e51
=== RUN   FuzzTxfetcher/078e84c14d58e110c6aebbe648be7e02cca3e831
=== RUN   FuzzTxfetcher/07ac6578fa2357f186803d08a987bfd218f588b0
=== RUN   FuzzTxfetcher/07c91c75b94af571fcd77e004170a4fc1097e080
=== RUN   FuzzTxfetcher/07cef6788d31e2e2ff62b2fda376453312b6d68c
=== RUN   FuzzTxfetcher/08f388670494a23a5dfeb127f77aceb4be076714
=== RUN   FuzzTxfetcher/09a0e3307768102ca85c7952f9f2cc05fc946896
=== RUN   FuzzTxfetcher/09a705894ffb1d69ca762d3c6ff1e5e230ab5214
=== RUN   FuzzTxfetcher/0ad6cda93856e45df81338344b3dde4d9665702e
=== RUN   FuzzTxfetcher/0ad743f1479a078004de864cd89bec57b38e1a6f
=== RUN   FuzzTxfetcher/0afdbd66cc9a9b11388e5932ba7398909d21d4fe
=== RUN   FuzzTxfetcher/0ba73d220b8f1f0dda0e0e3ec56a385a6c26039b
=== RUN   FuzzTxfetcher/0be312aa6e78817a19ad86eca428b5a94676bd76
=== RUN   FuzzTxfetcher/0c0629590f4b9e441cb3ca13821a004a1fbced55
=== RUN   FuzzTxfetcher/0ce55f9767ca397a1173b7f10157bcd6f6cb8bd4
=== RUN   FuzzTxfetcher/0cfdc91aa553a2462fc056d914e2c7f7b3a20c3c
=== RUN   FuzzTxfetcher/0d2d9c3bc11a06e74c4338750b1163c91345fd62
=== RUN   FuzzTxfetcher/0d72ad03da56b2b37e5012f5a26b1f82d377958e
=== RUN   FuzzTxfetcher/0d72d2ef179ae1e789978a206cb22e264dceaf29
=== RUN   FuzzTxfetcher/0db4d4265bf33c07a72d9c4aae094797a6221212
=== RUN   FuzzTxfetcher/0e61c2e984d90b59485fe12db8748e32401d57b2
=== RUN   FuzzTxfetcher/0f6821ec7d4c14d1bc4d8e59507d6b24ff4da011
=== RUN   FuzzTxfetcher/0f6eb8ee86dc8f4297c073c1d19c30be38db1c73
=== RUN   FuzzTxfetcher/0fc9ed13c6c53443235f240f5cdd489bd52487f8
=== RUN   FuzzTxfetcher/1012200d0559a0b76bd7be677d9ef44ef9b9a595
=== RUN   FuzzTxfetcher/10678afbe4586c0980d721d16747ebe51559b2e0
=== RUN   FuzzTxfetcher/106c6e972f1244fde69f43a80f6c869e4cbddfbf
=== RUN   FuzzTxfetcher/109c89ae1195965c85442d511bdf5bdbc2b3ad40
=== RUN   FuzzTxfetcher/10b33d35d9e262f7d2e13dc0903d9109cb08da85
=== RUN   FuzzTxfetcher/10ba2b8406c40b274505b4faa9d07c3d7962439f
=== RUN   FuzzTxfetcher/11223af511184f1e1532de3c3138cdf67254261a
=== RUN   FuzzTxfetcher/12385aa56055f22df3dda23482305d420b593260
=== RUN   FuzzTxfetcher/12d440f9f316cd7d46f5bd746a2a6c630ae2b5ba
=== RUN   FuzzTxfetcher/1446b2bdc4e877f361de56c167f3afe8baa933d9
=== RUN   FuzzTxfetcher/146e6ce4cf2bd1aed09deb5236fcfa2476d5fc6c
=== RUN   FuzzTxfetcher/14758194c5f11f3a0d52cc4c6c431b291711db0b
=== RUN   FuzzTxfetcher/14bac615de60329b5515d1b602665e34fa97fb83
=== RUN   FuzzTxfetcher/14e798fb1cc216bfc3b27bce13ba310817269902
=== RUN   FuzzTxfetcher/1521db73be59841f3e1b24a67374abe31160c228
=== RUN   FuzzTxfetcher/1586aec620be6ef8375469e43066d23d272d1ef8
=== RUN   FuzzTxfetcher/170f12f091e07bc285b3451bda3885a30f0aa668
=== RUN   FuzzTxfetcher/176400f15ecbe1d3057c1b9f7190a2bf390aae28
=== RUN   FuzzTxfetcher/17c59b243d3fce6879efe17b4262feece92f8210
=== RUN   FuzzTxfetcher/1810c11239ce0fd0476da8ffc051f88157b369c2
=== RUN   FuzzTxfetcher/1847e840fd151b042165070bb3790380e0e1f9e7
=== RUN   FuzzTxfetcher/18ba4b92c1140b1415c33ee4830475f52a3dd0b8
=== RUN   FuzzTxfetcher/18f93a2ff87c8961a9bb850f4d4f3ba888422923
=== RUN   FuzzTxfetcher/19156814395f4509e8c6a976e9d0a832d3c80db1
=== RUN   FuzzTxfetcher/19a46fd21994e70c563e6abf92d0e0967dd4d319
=== RUN   FuzzTxfetcher/1b029c9c9b1beff4cc2ec79c2ebaa690e4a71c75
=== RUN   FuzzTxfetcher/1b254ff227ff26f87035ae269be923ca463263f5
=== RUN   FuzzTxfetcher/1bde3d88d1bbfc163b7313669a29a53b08abcbb0
=== RUN   FuzzTxfetcher/1bfeedd820f8563ca83501f355ac141518315412
=== RUN   FuzzTxfetcher/1d24d9ddd337e9ed554d777c6361332632da38b7
=== RUN   FuzzTxfetcher/1d46bb2eafda82c3646d75f89bfff4639d079843
=== RUN   FuzzTxfetcher/1d50b447f3364200dcc94fb7feec148ec21c8cac
=== RUN   FuzzTxfetcher/1d53b15add43c3933040f5b6a6999c64817f1886
=== RUN   FuzzTxfetcher/1dd079d55bb900b596946d14f9977615e8d37203
=== RUN   FuzzTxfetcher/1e6037967eda9e5a81b38b8b77d64913ffd35d95
=== RUN   FuzzTxfetcher/1e6b95c979e2a8e199a1d653c62ef5c8d4406293
=== RUN   FuzzTxfetcher/1f145bfaf377a27e978134ede4d4029e1f6d8ac4
=== RUN   FuzzTxfetcher/1f2d593858ce64df8c98292f7e31bcd8fd2e1de8
=== RUN   FuzzTxfetcher/1fc2daa70dee5dc71cff0d2202325aa45160263c
=== RUN   FuzzTxfetcher/20aa08b9358c9624a57f1af81fe80f959e9a4348
=== RUN   FuzzTxfetcher/20e8a140d398f32c39cfa2eff533fc61aeceedcd
=== RUN   FuzzTxfetcher/211965fedebbe273f0c22c007bc77c2ab8f4e6e5
=== RUN   FuzzTxfetcher/2150497f63bae12bd340f3718071a193b2685057
=== RUN   FuzzTxfetcher/21b28c184349dad03122f63638f472619e9336dc
=== RUN   FuzzTxfetcher/21ed4f1f10bf0dadc3ca714f545c3937710d1d37
=== RUN   FuzzTxfetcher/2269886cd3c3ee46e6499a6896e65f45902199b7
=== RUN   FuzzTxfetcher/229debf5ebefbb85b3187859cbe82dcc0ae096c2
=== RUN   FuzzTxfetcher/22ad0f44bff89e0b836075d32c0887210a30cd78
=== RUN   FuzzTxfetcher/22d6d4b80a800b5682c6f692b5ccf565da12db45
=== RUN   FuzzTxfetcher/232170ec0ce868c1065b2d7b21372c077b303849
=== RUN   FuzzTxfetcher/23ae7f049deb887bb7702b95d9e2647d42b7b1eb
=== RUN   FuzzTxfetcher/23bc2f73f8e0ad3fb75ded3906e3968bae19bdf6
=== RUN   FuzzTxfetcher/254dbf5a5d54f7c0f59d2e7e3e8ce0fccce46529
=== RUN   FuzzTxfetcher/25d749653e547aa7c16b77b2001a7da7b05187bf
=== RUN   FuzzTxfetcher/2704a10213091f38f5cc295c5887cf9d8ca6b2b3
=== RUN   FuzzTxfetcher/27700d1d5d05b507834092da6675f4ba5016471a
=== RUN   FuzzTxfetcher/278350f6ca765ad143d6684f0490d2e3d9d2f0b9
=== RUN   FuzzTxfetcher/284c3edf9290ba66f22c0295e5f334070c747fcd
=== RUN   FuzzTxfetcher/2982fbd286193eb57cafc728fee74662741e6d4f
=== RUN   FuzzTxfetcher/29b6526d5703b8d7e36e6b5f62eb43ecb23c1772
=== RUN   FuzzTxfetcher/29d1b3719b0294e6e5881b0c972e2a727126af7a
=== RUN   FuzzTxfetcher/2a277c11311a595e9a4719e690a0a5ec753d44e6
=== RUN   FuzzTxfetcher/2a5357d5c476448cdae795d02716fbb6e292601f
=== RUN   FuzzTxfetcher/2a6e3bcac5974510bec3763b61d67d26cba9bbee
=== RUN   FuzzTxfetcher/2b33ab21b0f2dc86e60b87a2613f5bcf5efc3285
=== RUN   FuzzTxfetcher/2ba562c128c8095d553283c138aad7f583f4bef5
=== RUN   FuzzTxfetcher/2be8a7efecda137c976052609bb09a373b2b950c
=== RUN   FuzzTxfetcher/2c178f7ec4cb8968e50a240defaa78673e3a15fb
=== RUN   FuzzTxfetcher/2c3f75ca88b826937d55c894305dc0f9fad28cde
=== RUN   FuzzTxfetcher/2c6a2842ab1510b8d8ef48d50d55fc721a4765af
=== RUN   FuzzTxfetcher/2cba04dab9385cc95e50e6efcce7dedd51d62fe7
=== RUN   FuzzTxfetcher/2cef71bc00025cd4f0d24f72197130c4e96f5ff1
=== RUN   FuzzTxfetcher/2dcab58a3c7d391d5cacaba1d2ae8eb97a55de0d
=== RUN   FuzzTxfetcher/2dcedea2fdc182d7ef28cc30cf520205b5b66882
=== RUN   FuzzTxfetcher/2e9c12fa87345afc966a19db579b0a1c2d297579
=== RUN   FuzzTxfetcher/2eb33db37047c9d2bed0d65f54908b5dfe196015
=== RUN   FuzzTxfetcher/2f43cfc83b24a8f178e51c820e0aebc8c11c0cfe
=== RUN   FuzzTxfetcher/2f6a720c110f50b89eba3723d3ff8d9d1c6cf2af
=== RUN   FuzzTxfetcher/2f95dc3d06d9ad7c031d9d382fc6d66c43cd73a5
=== RUN   FuzzTxfetcher/30bf86e1a67784fa4d34e4efa5381c66530b8eaf
=== RUN   FuzzTxfetcher/30d2988c6b18f8f6e75f20914d2a5f70c1e072f7
=== RUN   FuzzTxfetcher/314b4ec637c605703d773e70dc95fc6bf5482f9d
=== RUN   FuzzTxfetcher/3171dc1867c4acd99980f98cd06f321bab1ad580
=== RUN   FuzzTxfetcher/3228855954f3546ba5f84677f14ad36e2a87bc97
=== RUN   FuzzTxfetcher/328af104c461bad8d70680d0266b1e4314c93092
=== RUN   FuzzTxfetcher/32ffca844eeba8056704bff21339d3e66daca866
=== RUN   FuzzTxfetcher/335298d897b55a5f6e3015e43418b3d4aa37af05
=== RUN   FuzzTxfetcher/33e037ebcad790a368afa1fa6a1012a0a73e7638
=== RUN   FuzzTxfetcher/33f10459bbf89381036aa8d819600b448b8c45f7
=== RUN   FuzzTxfetcher/347d5803f2e736ab09fc1f3fecfbb2875900a7ef
=== RUN   FuzzTxfetcher/34aef8e713b37ee7202270e0387e9dc55c4e7b82
=== RUN   FuzzTxfetcher/34de3f512af36768a42b27cbf226c00be1d7ab73
=== RUN   FuzzTxfetcher/350a457d57ad5801847af7f48dcd5fb5f5d68620
=== RUN   FuzzTxfetcher/3512841b3280f5e209cde5b185e6fd8a36579659
=== RUN   FuzzTxfetcher/352b7759faaae5f4b1a1dc150e1070e0d1d741ce
=== RUN   FuzzTxfetcher/356133676b709a6616cdcfdf936a757181abd4ec
=== RUN   FuzzTxfetcher/35a5c0affbceb7a285d2b14ad423322842e5945c
=== RUN   FuzzTxfetcher/3608b5e2bf0be6ee54003eabb40701d389b72852
=== RUN   FuzzTxfetcher/3694d162f50e89b2dd5be6e0c5f435f5c32d4192
=== RUN   FuzzTxfetcher/378bad62a9509ad2f9d26f707702d19146fd5436
=== RUN   FuzzTxfetcher/3855e252f33b1163bcbcf4c2b741236335222bcd
=== RUN   FuzzTxfetcher/38f5af57a230c495961a867624c48bb088219543
=== RUN   FuzzTxfetcher/3946d8ec97e435b6d45905bfb09e583d05aa34ac
=== RUN   FuzzTxfetcher/399f17287387177a3157068200c5614e0c473afe
=== RUN   FuzzTxfetcher/3a905c181ff3188cb1c89c56f9866c93950e648e
=== RUN   FuzzTxfetcher/3b0be0e37c6afbcca0cfb8c2376fe40c07d4376a
=== RUN   FuzzTxfetcher/3b11c7ae227a80759ff914d1ea83c5e6e6b64166
=== RUN   FuzzTxfetcher/3b445b47286b6231867c36472a5d3e72881ba556
=== RUN   FuzzTxfetcher/3b51f1d41c4c6606fb39f7a75a5307ebd805b84b
=== RUN   FuzzTxfetcher/3b7af85c8c58e2468e55143470f4d37e3cc48821
=== RUN   FuzzTxfetcher/3bd7a85474fb7719493a966307220390f3e7025c
=== RUN   FuzzTxfetcher/3c404d0d06fa2b3e8b7e73f723841e5d8e1795ba
=== RUN   FuzzTxfetcher/3c575a4351e669d2700389b42be0f2aae80f60fa
=== RUN   FuzzTxfetcher/3c879ec318190a63011994d1fa0737fb0245b45b
=== RUN   FuzzTxfetcher/3c89a5f481957a4ff96e9728f3eba70482a0a57e
=== RUN   FuzzTxfetcher/3d3766d2570f149d60d2125a4e29769e96e66a94
=== RUN   FuzzTxfetcher/3da93c59cde322dbd9ba5de28f4266b4533fa761
=== RUN   FuzzTxfetcher/3de97c9043d6fc5abd13c4157e6ffb6ab157f88f
=== RUN   FuzzTxfetcher/3e9d894a7a2cc789ee51dee45e0e50ae73e705f6
=== RUN   FuzzTxfetcher/3eb0f03eda67a2718ae06c618a1b27d8c4890435
=== RUN   FuzzTxfetcher/3f492e46e56e22a8e6099037b96b06c660921029
=== RUN   FuzzTxfetcher/3f5477504a83ea7bdc81c24bbf994bdf1e1ef5b3
=== RUN   FuzzTxfetcher/3f8d0c140f5ae9b78dd3194c3d47eda40badc8e3
=== RUN   FuzzTxfetcher/3fa85942c78fff8662b9acbe28b517e6df2e0e8c
=== RUN   FuzzTxfetcher/3fe94711844d93853ff0c475680e836698ea7c45
=== RUN   FuzzTxfetcher/404219537f7b83c0870e28de33dc259af5dc83d8
=== RUN   FuzzTxfetcher/405059c7280d352f424929fb6d55785458b998e5
=== RUN   FuzzTxfetcher/4072ca1d0b784e053978d982ffb87d0e5efdf026
=== RUN   FuzzTxfetcher/40d8fe71c9abf53c16f032ef0c463b7ef077fbf0
=== RUN   FuzzTxfetcher/41506ae15214d095ea0f1659bbade1256f710bbf
=== RUN   FuzzTxfetcher/41ec8a32d36509dc386e74bc0a1cbf2d6dadc3a1
=== RUN   FuzzTxfetcher/4282332bbfefb65ed9dce2198a7f1208ff3646b2
=== RUN   FuzzTxfetcher/42a7ea90c03274685e27cb28ba2c4eb2c185dabe
=== RUN   FuzzTxfetcher/43122814f103fd047d0327a064ac7dac6785acba
=== RUN   FuzzTxfetcher/439216012004f9e2ef59fdd106aacc3e69190d75
=== RUN   FuzzTxfetcher/440ff25d9223b0c028c0cc1b69025fe5b18ab8df
=== RUN   FuzzTxfetcher/44a49280f1d9cb9066cbf5b767a42ed767e1ba4e
=== RUN   FuzzTxfetcher/44c902babdaed9bda3208d1adfe2d62f14e72ba4
=== RUN   FuzzTxfetcher/44e9a937d29bbc3068c9aa2bac0b95317e70d5d4
=== RUN   FuzzTxfetcher/459ece88b5557b8e14c1a093e3f3f4f6c519621d
=== RUN   FuzzTxfetcher/45a2e489760e92593f56e2bb3b4898a9a5d8c6eb
=== RUN   FuzzTxfetcher/45a9fcbbb1ad4e1279bb82e181bffd593dc8b155
=== RUN   FuzzTxfetcher/45bbe6885629435f4d3bef77f438747ad7f37835
=== RUN   FuzzTxfetcher/45d10c68885314adc564d9cbc4116eb3153adf5c
=== RUN   FuzzTxfetcher/46b286f2b8d882efe54e78a27e09aee0d1c19e6b
=== RUN   FuzzTxfetcher/4846e8081d534219264e20fe5af5c3c2fcfdcaa7
=== RUN   FuzzTxfetcher/4881765061e98e897e67c9c5741fb548b2a8503a
=== RUN   FuzzTxfetcher/48df31b30fb35d52a81a7bfa6afd6077dd4e6680
=== RUN   FuzzTxfetcher/4942e0153304751a9496cb74e1299fb3c39e30be
=== RUN   FuzzTxfetcher/49ca646938ff8c035f42983d710e13c373a7fb5f
=== RUN   FuzzTxfetcher/4a8fba25e000fdf69e708f384651f84cf64dc364
=== RUN   FuzzTxfetcher/4ae1434ee2cf82eb03a330fa87e235113cab0c31
=== RUN   FuzzTxfetcher/4b9b655ad8a60df98136e65a13477d46d759e627
=== RUN   FuzzTxfetcher/4cd5b98d8f612e33429770fac77371adb2d558f9
=== RUN   FuzzTxfetcher/4d5f645867a4c80184d1951dea59ea882919d3cb
=== RUN   FuzzTxfetcher/4e6d4129ae8f175c333eddc67485fa7fcf36beae
=== RUN   FuzzTxfetcher/4e849262130a8938c7afe552527e1ee317a25289
=== RUN   FuzzTxfetcher/4ecf9a9c605648bf15813af596414e61e3213342
=== RUN   FuzzTxfetcher/4fdc88a7e02b3eb7032b7f1b891a689b9eb07bd5
=== RUN   FuzzTxfetcher/4ff5856e9c3a4622a1908dd744fcc42713ebddd8
=== RUN   FuzzTxfetcher/50426ebf2714cd777ad859979d979f7f92f26879
=== RUN   FuzzTxfetcher/509699fb4e7fbcfe6fd940bef2da6aeff4dc401e
=== RUN   FuzzTxfetcher/50fab509605a2ec0a04947d275471a7a4bcbd638
=== RUN   FuzzTxfetcher/51772ce7e60503a1c25742d3aa0c8d62de6778ce
=== RUN   FuzzTxfetcher/51a2d473f5c838ef5d4e05e494f9bf1342e2e06f
=== RUN   FuzzTxfetcher/51ba671629307f6bcc41c52baea182560d755319
=== RUN   FuzzTxfetcher/51e28e4972b0cf45fdf67445bec828a06a38d817
=== RUN   FuzzTxfetcher/520f9c6619cd43f0bb1b7e68b1b10649f7969ea1
=== RUN   FuzzTxfetcher/521b5e619611be7de475a61e9553b4df61a20313
=== RUN   FuzzTxfetcher/52233c5382f7e28c4410b60c31f34c67b999f9b1
=== RUN   FuzzTxfetcher/523ef68af3a4fb6fa08c89fe699ec359ecf1126e
=== RUN   FuzzTxfetcher/525da8e7275cdf9cd733165b4b3005c966246fdc
=== RUN   FuzzTxfetcher/525ecf0c27b987a5b1f2a4268230a1c593f32742
=== RUN   FuzzTxfetcher/53ca9730fb59299c44cedc6c99a7ba7715341b99
=== RUN   FuzzTxfetcher/53e547e3341bbccadecd3bb1b6053ae9bb5da8d4
=== RUN   FuzzTxfetcher/54445bcc4afe5159b1108db87869f35faa387c45
=== RUN   FuzzTxfetcher/548479cd756f4945b628e690c5d9f544e8ae6998
=== RUN   FuzzTxfetcher/5488a968f4c27f8a42c90b1f71b8c413c7711988
=== RUN   FuzzTxfetcher/54d60238febcfa033a3c37a2a484a73e2cc7eaef
=== RUN   FuzzTxfetcher/551aedd5e2cb781c0ff6d846c160f91c408aa476
=== RUN   FuzzTxfetcher/55301f960a389bdd7ff775f781c8c2791f394e91
=== RUN   FuzzTxfetcher/55382782c3f9a165734d4e7bb8e937fbd26ebe18
=== RUN   FuzzTxfetcher/55dc7370b846388b7f930e5f20c60f20ad687316
=== RUN   FuzzTxfetcher/55f33b4cbe3ef40c2b3a6bd9942f0b01dae200a8
=== RUN   FuzzTxfetcher/5606de8726848d96a5cbd89e908aa73370feb394
=== RUN   FuzzTxfetcher/5697ac9cd33c8497440131c1f79e9ff05db69712
=== RUN   FuzzTxfetcher/56dd74979fd733ec73c8b73849d39e8f6845ef5a
=== RUN   FuzzTxfetcher/56fe9d28b982790cf6963186c1d2f735ba663fab
=== RUN   FuzzTxfetcher/5783866b319a4251bfe7161e51901a76c298b32b
=== RUN   FuzzTxfetcher/579d07c83838afccfa4e09adcfbf9986695fdb15
=== RUN   FuzzTxfetcher/57a1fe77bd6a95cf2e698bb78ae12f425fb8df69
=== RUN   FuzzTxfetcher/57ac166fdaa6dcb8aa18409c1aa648b586b782d3
=== RUN   FuzzTxfetcher/57b9b0d2edc558042463afb22af3e6871de1fd3a
=== RUN   FuzzTxfetcher/57ce13bbba40df25cd0d223eb4e50db3376c96e9
=== RUN   FuzzTxfetcher/57eeb95763130816acd25b757e1783e2cb472565
=== RUN   FuzzTxfetcher/57f3261b627d86cb18cd3a108b4f8d2ebc373774
=== RUN   FuzzTxfetcher/587a21bd99af3a265223f3760d81e6b57e5c406a
=== RUN   FuzzTxfetcher/58ba6ba8b5cc43729d05005f0ccc4f1c9d9b1779
=== RUN   FuzzTxfetcher/58bcd21e65c1bf62695d60c6563508514210ecd3
=== RUN   FuzzTxfetcher/58df782e2b475446a0891fb08f487938f31609d8
=== RUN   FuzzTxfetcher/58e29f7a374f5e6a96a0104fbc2a178e8175154a
=== RUN   FuzzTxfetcher/58f9aeb95b5104bf30559a8a5c5c44f2dcd100c4
=== RUN   FuzzTxfetcher/599cb13203fec333af7b82168824410b65c73be8
=== RUN   FuzzTxfetcher/5a4757dc3940f240a31a17386d307bd1e84f3aa0
=== RUN   FuzzTxfetcher/5a645e6e5fdbfb196d4d368f142a6efef36e4370
=== RUN   FuzzTxfetcher/5a80414d9157b50ba6daa2c8655b78909a4b2a15
=== RUN   FuzzTxfetcher/5adb9216ef40dd025a4aa9f8b2bb80f0ed22efb3
=== RUN   FuzzTxfetcher/5b3712c410b623f57035e56b101ae47583bc421c
=== RUN   FuzzTxfetcher/5ba713f9c288c755ee50feffe35c5747f297dafd
=== RUN   FuzzTxfetcher/5c518d92f502d78ee9025f66f66436306511faeb
=== RUN   FuzzTxfetcher/5d3c9ca0d2f650fe9a96672c1c11854947baa9f8
=== RUN   FuzzTxfetcher/5e0ccdfd65bbcabc9bdb4654fe61bf73db7faa76
=== RUN   FuzzTxfetcher/5e74bf644cdab3f21ad202c673f8d53dcbbc4440
=== RUN   FuzzTxfetcher/5ea6c806cd5fc06f6b29c10661b29d5e76ccb85d
=== RUN   FuzzTxfetcher/5f1b0c6180f035ebe3ced6aa436fe03d597c341e
=== RUN   FuzzTxfetcher/5f676e12f63cf2b673489ddc35f9c2ca1e23c26e
=== RUN   FuzzTxfetcher/5f8f6f5fd84777bdf1594218419469d9de3f35bd
=== RUN   FuzzTxfetcher/605ccee6f141133c5b631adac45734a1b49b82ee
=== RUN   FuzzTxfetcher/63047382c1f65c7150b2c0484529e4e1a2002e74
=== RUN   FuzzTxfetcher/6329a19278fcbc51c229a370402c50f3206bc69a
=== RUN   FuzzTxfetcher/637d43497f2c309d9ff63bab527da3e679617609
=== RUN   FuzzTxfetcher/640b0e7da1a9f172b012b042c9900539b94b791a
=== RUN   FuzzTxfetcher/6483c565c6edd4f31b98998152488ff08c0f01d5
=== RUN   FuzzTxfetcher/6511a35a3ee5349ad6faaae68cc5906bf7715eb8
=== RUN   FuzzTxfetcher/6586d073dc37c72774916533288cd94e88d76709
=== RUN   FuzzTxfetcher/65dbb85438adc63db3951dcf0bafcaf6cfbb0953
=== RUN   FuzzTxfetcher/665583f4b6ded5b588ce7a8ee8cafa9d1b836746
=== RUN   FuzzTxfetcher/66e61ad87eb73ffbe310ba5501d3552cfea3e676
=== RUN   FuzzTxfetcher/670c46a5f55b3c68e26c7ed8db2a664d8067f762
=== RUN   FuzzTxfetcher/67cdbd5fa9fbf34c7ac3f806e9ce8cc5fa0cc7b0
=== RUN   FuzzTxfetcher/67e93eee372b47e4494a2870f9c7a1b0db3d3ebd
=== RUN   FuzzTxfetcher/681e6fb107400c52e97f9fc19a12621732ba2d76
=== RUN   FuzzTxfetcher/6846821cedc55b6831eb291bcdda512f46e67b5b
=== RUN   FuzzTxfetcher/689c74188d4ffef47e330f10e739545218971a9f
=== RUN   FuzzTxfetcher/68ee29bc4086350bd72fa6fc5a86960c6bcd1df8
=== RUN   FuzzTxfetcher/69c7b1a6a803f16315e332cd18586ef923460770
=== RUN   FuzzTxfetcher/6ab263535e0eb4e74a7b9b8c1dbf9ad6a2ffbdfb
=== RUN   FuzzTxfetcher/6ac751b878281d8d46ad7f0f99a2e34882b48cf2
=== RUN   FuzzTxfetcher/6b591dc004f48aa011fc51c9ce50776d5e659e04
=== RUN   FuzzTxfetcher/6c7e7dbd5cf5a8fc48d390dd6c3d25573e8396e4
=== RUN   FuzzTxfetcher/6d8be5a9725e66aa9b0d81a6420e6aba890ab9e0
=== RUN   FuzzTxfetcher/6edd4eb8675495df0114a4052a0850a2efcd31a6
=== RUN   FuzzTxfetcher/6eddd39f7cfae6ef454ca2cf86bccdb75bcc57ca
=== RUN   FuzzTxfetcher/6ffe7ef5a80690e80ff01192ff57d3331380ada1
=== RUN   FuzzTxfetcher/700553bd216973d28371ecddc11d475375238ae8
=== RUN   FuzzTxfetcher/70360eda96febabf8b795d0924c5eaee72494076
=== RUN   FuzzTxfetcher/71ac40c49094ed4bbd44bccb2fc7e077afd34bd2
=== RUN   FuzzTxfetcher/721e1d26d0f745ce7abe65e5ddc278be0619e466
=== RUN   FuzzTxfetcher/722970fc8bff1c5382063c0dfd0da9241542765d
=== RUN   FuzzTxfetcher/7237c2ea41f7652db28dbe075e2a270862c56fcd
=== RUN   FuzzTxfetcher/72bef5e5873c834478ff3025765d806c5c2ab28c
=== RUN   FuzzTxfetcher/72ff6736217c6ed4fea7071f2f5e0396b5895161
=== RUN   FuzzTxfetcher/73a7d26e7e977c287467762593ddf4eca22d1d76
=== RUN   FuzzTxfetcher/73d359e4860ad7334e64f6f64a23a7444147e8fe
=== RUN   FuzzTxfetcher/73e07e7f78f4c0048dbc95a5d6d025396b9f3057
=== RUN   FuzzTxfetcher/757f4c86fc008717e84b3744fd3c5df36e1202a2
=== RUN   FuzzTxfetcher/7689bc558fe333a9ff456fe6cf3cc5389767ede1
=== RUN   FuzzTxfetcher/7766acce159e5da3e80970f1a1c06abe1c3e0977
=== RUN   FuzzTxfetcher/783277a9b7e45b0a7a133a1ea49cf227904ceb11
=== RUN   FuzzTxfetcher/79ac5b16dbcb39b4aa0b81055bc5b6f702a105a3
=== RUN   FuzzTxfetcher/7a79d96f46912f6b2ffe331d143cf4f964ac10cc
=== RUN   FuzzTxfetcher/7ab59335577cd8ee199c2f39a959cad49a75c1bd
=== RUN   FuzzTxfetcher/7b43dd5edd54bdeeff083259106797477671653f
=== RUN   FuzzTxfetcher/7c5d43ebd8be621d99c3276155892bdc5aaaa97a
=== RUN   FuzzTxfetcher/7da618400a2381f86dca0f5bcb034d4a30800a39
=== RUN   FuzzTxfetcher/7de0d07c1630ec1750f074f0272ea911b16d0662
=== RUN   FuzzTxfetcher/7e26d51c61c449890c5f3e1fed66fe1ddc5f66ca
=== RUN   FuzzTxfetcher/7f05f310116738b9a2e5f95c910dd2a1db615d5b
=== RUN   FuzzTxfetcher/7f89b3829de4d888b20f544016d631f45df6600e
=== RUN   FuzzTxfetcher/7fa6bc8a5031b2c4ea80754b94893f09edb9e48f
=== RUN   FuzzTxfetcher/7ff3e26446ebbf8412b7ebe984eb2274f34a7915
=== RUN   FuzzTxfetcher/81ff9b687389b016ed097c45bf7550c6c7d7f9cb
=== RUN   FuzzTxfetcher/82b70848b49c335281e6f5e35f48085aa3ceebbb
=== RUN   FuzzTxfetcher/82e940c1e32a4a1f7a800fbf86b9ad00a9044996
=== RUN   FuzzTxfetcher/8330da4800b83056eaa7377492463f99cfaed8cd
=== RUN   FuzzTxfetcher/83335fff3ae6b48fe14951de7698690f5f4ab0af
=== RUN   FuzzTxfetcher/83c92e4b39a161a4fc26baf43d035adeec44c357
=== RUN   FuzzTxfetcher/84099657a235e9670f418a0b9a59872831640e8b
=== RUN   FuzzTxfetcher/847aa604e255717fb2a1cfdd1575f2a0b84bbd47
=== RUN   FuzzTxfetcher/8487435728dbe1edad3651a5611bb37a83e007e6
=== RUN   FuzzTxfetcher/849fa389b5fe9ab400c5aa36f70243e1b6c150cb
=== RUN   FuzzTxfetcher/8557473dfc84372ded33ff3da02553843cf3ba5f
=== RUN   FuzzTxfetcher/857b34c40cb8c0aa022c607fc07bbf839cd47cf6
=== RUN   FuzzTxfetcher/8591da755c09eae420c0816f3c9115763a3e3134
=== RUN   FuzzTxfetcher/8661e33fa47797c120a2d4e64b9cfdc76b4ce416
=== RUN   FuzzTxfetcher/8666e8f7ef7b34c4592e3d5f5edfb1aa7b045a96
=== RUN   FuzzTxfetcher/86aae030cd0b5ccb33088de67c805ebd6f848ccc
=== RUN   FuzzTxfetcher/8716d5f1fdfd8b66b3de5a47dee6a82573806c1f
=== RUN   FuzzTxfetcher/8724e3058632f8281bdb7ee2e943da842210e48d
=== RUN   FuzzTxfetcher/873f3c8be07cfdf150064f1fbb3e4dee461a038a
=== RUN   FuzzTxfetcher/8748f781afa6f334a405792038e7c6aa2f71e3ef
=== RUN   FuzzTxfetcher/877b4469894535655206ec0f60f43890443244d3
=== RUN   FuzzTxfetcher/8785c70a214f6069c838065635e967ff3b368838
=== RUN   FuzzTxfetcher/88955656de1dcc36a97c0ddad92197b171609b29
=== RUN   FuzzTxfetcher/8a0287e92afd03a3ab5d1631df3bb9b2a056287f
=== RUN   FuzzTxfetcher/8aecae1656af9f6bc3c75ec7ea6e91a76a91db46
=== RUN   FuzzTxfetcher/8b897dbd986ce65112e3bd22c587dcc9e408db43
=== RUN   FuzzTxfetcher/8c5e59c3c7af47391e1563b2e62f0102ffb60f41
=== RUN   FuzzTxfetcher/8ca7466400f5560811ab8d0710a1398bfc1a290a
=== RUN   FuzzTxfetcher/8da7b028f93c269f41159f03496ff1c0a9283f66
=== RUN   FuzzTxfetcher/8def86708409e1c8780c8b02f19ca32a80e52f51
=== RUN   FuzzTxfetcher/8e6adba6b5ab4141e3bf2c65f944609f09433f30
=== RUN   FuzzTxfetcher/8e7f03cc03dddefe91ad3a50d1bd5268dda0a41b
=== RUN   FuzzTxfetcher/8ee90bffea2e6db51dcbc6fcf0238c3e71232496
=== RUN   FuzzTxfetcher/8ef6590dfdab5027a0e01f941356b6b599edc54c
=== RUN   FuzzTxfetcher/8f5f513c5277ae10eeb00831ea9798589df609cd
=== RUN   FuzzTxfetcher/8ff98d2e0bdbb116ebb318a122f3bb07f3dc3e35
=== RUN   FuzzTxfetcher/9041c3d170a39f1711aa9bac5d6ce6990fb7e9b1
=== RUN   FuzzTxfetcher/9069ca78e7450a285173431b3e52c5c25299e473
=== RUN   FuzzTxfetcher/90c602ad3ca15db1a4da5d64200ab344757bcad8
=== RUN   FuzzTxfetcher/90d7e5b7cf487faf5f2ae6eed59bd73c484e278a
=== RUN   FuzzTxfetcher/911796c2b32c7859997fe1c71b6a44b10dcadfbe
=== RUN   FuzzTxfetcher/9149c5655111bea9a9172adf51f6486ad3621cf5
=== RUN   FuzzTxfetcher/91659409956ac7654e0cee212d0d6e53de7f6878
=== RUN   FuzzTxfetcher/9238ac85cc3ab21ef5a32f12aef420f78c3df7f9
=== RUN   FuzzTxfetcher/931061034a37596d3cc57c2f5a7e777d844d0dcd
=== RUN   FuzzTxfetcher/9317d3884bbb681306a5c4f0fce06a004aad7b56
=== RUN   FuzzTxfetcher/9392e1a96a01aa3fe7fbb104118ec30a24dc16ab
=== RUN   FuzzTxfetcher/9447c2b06990091b8d29b0fbf80dfa57b740ce32
=== RUN   FuzzTxfetcher/951548053b49fc4e09ec4dcf5bbb6433e692d0d3
=== RUN   FuzzTxfetcher/958cd14259f089fd3ffaebf530ad23a10cc642dd
=== RUN   FuzzTxfetcher/963df1c95d119c53f0bb152d891bf34a9c5103ac
=== RUN   FuzzTxfetcher/9784e05c3004cdf131ae3a2d23e09be411ab1327
=== RUN   FuzzTxfetcher/97f61e457cf57c31fce05d424d11c34ca27f3f26
=== RUN   FuzzTxfetcher/99251eea5727920f2045b3631d24bb29edcdee14
=== RUN   FuzzTxfetcher/99a4c01497a232ce0304c4e0ab19a06b37ac25a0
=== RUN   FuzzTxfetcher/99fc89939eb66ac31787896d73af72499f208543
=== RUN   FuzzTxfetcher/9abfeea4d5ca2bd160fb5a5106c0a077cf171daa
=== RUN   FuzzTxfetcher/9b539c31e074f928c4298f846d521703a30d6cbc
=== RUN   FuzzTxfetcher/9b5ec94ec7b52c436c073ed3ad2ce0cfb54279f2
=== RUN   FuzzTxfetcher/9bc28dc0edc305de2aac05cf4c7c5119cc6a03ba
=== RUN   FuzzTxfetcher/9c6b3f48972f2278ac32204de9f61c316a294e24
=== RUN   FuzzTxfetcher/9cbec63d6bd573b8bad833de0c203f17ff8dc47a
=== RUN   FuzzTxfetcher/9cc55d2bd9676306e39fdf75b94a779e8be6a90d
=== RUN   FuzzTxfetcher/9d02e17dcf95ff126f630a13abeeb8dbee3e27af
=== RUN   FuzzTxfetcher/9d5bd3cfdca6288a05ce0568e192cfbe93a10335
=== RUN   FuzzTxfetcher/9d9b7b443151f83d90c00b7b1b2a22dcf82e726c
=== RUN   FuzzTxfetcher/9e09b77e15866d563df57609e2db435fbb4fc0f8
=== RUN   FuzzTxfetcher/9e2ecff47cd45afdd2ba0905cf0ba1b7786cfd82
=== RUN   FuzzTxfetcher/9e749b0e5df79b4ce9e4b4e177e344044cec3467
=== RUN   FuzzTxfetcher/9fb0f66b36512ef4e537d3e81cf9fe3552b79163
=== RUN   FuzzTxfetcher/9fb8ea5b91c68f5fe0e095f36bfe6b7ebfc313a1
=== RUN   FuzzTxfetcher/a093aff8bd187622240126da223a423e7fc53adf
=== RUN   FuzzTxfetcher/a0a1eb2e5b92dcb289932de57dd66e8830f6d5a7
=== RUN   FuzzTxfetcher/a126a8b0f94c07f4df8e9686e9635cf8602a9c11
=== RUN   FuzzTxfetcher/a128d81d67007d648ab86d54e5cbc92ff2dd4af8
=== RUN   FuzzTxfetcher/a188e01bebb2832bb82cb493165ffd315bd90696
=== RUN   FuzzTxfetcher/a1fd2087f01a387ad4d1dde1dedbffadeb94baea
=== RUN   FuzzTxfetcher/a2892c4090fb31345247cd854ede0aec10ffc60e
=== RUN   FuzzTxfetcher/a2a243d7ff3876670da987d77d2dd198b9c3e22e
=== RUN   FuzzTxfetcher/a3a1738da742e57867a9ca4ffc7728f4937d5b03
=== RUN   FuzzTxfetcher/a3b540ddc6d29b8b1bf52f7fc15516e74e3424e1
=== RUN   FuzzTxfetcher/a3ff6066906edae8c5f079e836a478fc67fb9428
=== RUN   FuzzTxfetcher/a418c46545a06d8fc03b5e10f8214bbdecda1bb9
=== RUN   FuzzTxfetcher/a447992958ef0dccaf40a967dd38ed21102f6227
=== RUN   FuzzTxfetcher/a4d2c34e9fe3615484abc22aaba916f628417b87
=== RUN   FuzzTxfetcher/a55acffefbedef8a05176df2d1f4aa0849aadb6d
=== RUN   FuzzTxfetcher/a5e9adc3102f8a3857be4e7b30b3a106cc25d67b
=== RUN   FuzzTxfetcher/a636ea0dfe0a661d00b0b00f2711aa894c39b0bf
=== RUN   FuzzTxfetcher/a65c52e026f15c4363f43b51b1b5ec1c15a643a4
=== RUN   FuzzTxfetcher/a7417cb83631ce4a4369eb3521356cae2b959449
=== RUN   FuzzTxfetcher/a7b4c729178c0f6321eede005f1da55c6f94636f
=== RUN   FuzzTxfetcher/a8dda2bd04d71608ff7f99038cc0d0d9618871ec
=== RUN   FuzzTxfetcher/a8e7145ecd42d538885fb30dfe55252297c14155
=== RUN   FuzzTxfetcher/a942eaddddff1b33cf6df7f4fed6a3845648ca96
=== RUN   FuzzTxfetcher/a94d3df2e50e8809c8a59b57fb799f5028ae3213
=== RUN   FuzzTxfetcher/a99387851f731ab2328c2096c656222215723e93
=== RUN   FuzzTxfetcher/ab1e40901ac98f40f255ac35e57f229bc1bcd2d7
=== RUN   FuzzTxfetcher/ab7d48c5667b8f0ed6e23f7ea05eed97b3f22fd2
=== RUN   FuzzTxfetcher/ab809ab8ea6d39731b04732a759834889beb61e6
=== RUN   FuzzTxfetcher/ac437165cff9f6730af0e0d42c0ea4d722a72c19
=== RUN   FuzzTxfetcher/ad72919a336505ea60ca69c640fc9493039806f4
=== RUN   FuzzTxfetcher/ada289c67dbb9039f37f4ab825f46b8c1eedf245
=== RUN   FuzzTxfetcher/adc83b19e793491b1c6ea0fd8b46cd9f32e592fc
=== RUN   FuzzTxfetcher/ae3eaa1ed06307c15197937dce64ba7f3d02d687
=== RUN   FuzzTxfetcher/af2640085ae74519839daa59d123c2090f54348e
=== RUN   FuzzTxfetcher/af92ea88abb0eee253bbba04dce767a72dae70d8
=== RUN   FuzzTxfetcher/b08481e4443e262eee8c070e5b040be58283bf90
=== RUN   FuzzTxfetcher/b0a16467170616031d4d6204ac45f37dc3fc13ec
=== RUN   FuzzTxfetcher/b1058681fc91e70192275b435ff8e287b8c51529
=== RUN   FuzzTxfetcher/b1413503a0a51400b8e5e0369fa770b6471bcb1a
=== RUN   FuzzTxfetcher/b14437e73656b9477ac5e57f4b96272c03238b95
=== RUN   FuzzTxfetcher/b15fcc7677b7027bebf67aab206699447764ea90
=== RUN   FuzzTxfetcher/b1824e3eb6ac7a16a8f73625717aa84f772496d1
=== RUN   FuzzTxfetcher/b20976e2c7a9dba1b3e845c13f215e8088c018d5
=== RUN   FuzzTxfetcher/b21a3fde9d2939812843f20a8cb5f8d08cd992e8
=== RUN   FuzzTxfetcher/b2955dff2346ca879e68ef314f2a8868e88b4e87
=== RUN   FuzzTxfetcher/b2aa627399c3629f4d034d26e80d854dcb6327ac
=== RUN   FuzzTxfetcher/b309874430f1549946eaf35238ee4b6c4b72b3af
=== RUN   FuzzTxfetcher/b3a05fef85f38b2ea32f910842fb3a5c09ec03ef
=== RUN   FuzzTxfetcher/b3f399b9d858f67d7d3ef6e26d602ea6857e548b
=== RUN   FuzzTxfetcher/b45d1593faf768409de602b4621641e389582b29
=== RUN   FuzzTxfetcher/b49a8ae3c4e62c9d274aece25bb9a7542679dd26
=== RUN   FuzzTxfetcher/b4e3efe6be386d905acfeaf99c2e5ecfba9a6e4e
=== RUN   FuzzTxfetcher/b52f4784d419bb9d259b8f164bb3801bbb7e562a
=== RUN   FuzzTxfetcher/b54d37aada5cb2970b7c98075b5fca58f458f216
=== RUN   FuzzTxfetcher/b5c5a71f75fb544da847ed73cd428a57079ea796
=== RUN   FuzzTxfetcher/b67e87de87f66a79e48a03ed2c64e3b6ece0685a
=== RUN   FuzzTxfetcher/b69fb463a4f9ebdc62a4cad1dffbba5458e2eb8c
=== RUN   FuzzTxfetcher/b744edaab5a7d21fab259d4b049aae2924413a36
=== RUN   FuzzTxfetcher/b7fc295cb00c834eaeea070da61a55157ee7ab95
=== RUN   FuzzTxfetcher/b879fb5da1726e52f5f6ac3c3c952748360b8624
=== RUN   FuzzTxfetcher/b8a20f9e3e374cb13cbf0d4d9af61c46f3a561b3
=== RUN   FuzzTxfetcher/b8a636dd5ba2cea78aa070f4f3ea7f35de945b43
=== RUN   FuzzTxfetcher/b9110e90153dac52b02d801885e70d3d26502d2f
=== RUN   FuzzTxfetcher/b97d0b18421f79a060c1b960ae5ebf937aa84a5c
=== RUN   FuzzTxfetcher/b9bc28ae701b583ab84a27dad202be72e3c38f66
=== RUN   FuzzTxfetcher/b9fb092a1fce7937e984f7cead4706c3f370cf79
=== RUN   FuzzTxfetcher/ba1acbab1893fb3b5e1297d8313a94982c6f95ea
=== RUN   FuzzTxfetcher/ba4835c8483de1d66d915b9684bce3ef6c50816d
=== RUN   FuzzTxfetcher/ba501112f82c33f3edf98b1589632c548cc57890
=== RUN   FuzzTxfetcher/bb2eae24fcd505b3b143a8eac2f7eac994486e1e
=== RUN   FuzzTxfetcher/bb589d0621e5472f470fa3425a234c74b1e202e8
=== RUN   FuzzTxfetcher/bb7afc245cb947d3a55ce4c1e3cc67abd953fb8c
=== RUN   FuzzTxfetcher/bb8a40688e0779245bfc2a8369e2096e2ee1102c
=== RUN   FuzzTxfetcher/bbd060259cb79e5cd41abcaff8faca578b26de37
=== RUN   FuzzTxfetcher/bbe6955276d47f74951db41914bea4675f962884
=== RUN   FuzzTxfetcher/bbf36d23d0ae38b45c92fc9ec637401b7888b394
=== RUN   FuzzTxfetcher/bccfa6819061ac3a093d111c57d1930daa0a773f
=== RUN   FuzzTxfetcher/bd6a678164b905af09694187bfe386a06c83ea4a
=== RUN   FuzzTxfetcher/be02cb6f74f6c56683a5d086229393925c31511d
=== RUN   FuzzTxfetcher/be8d7b062a3d8cf20b547f2a11e339b7924bd1eb
=== RUN   FuzzTxfetcher/bf0e9498927c9d06e108ff79b33403222aea8069
=== RUN   FuzzTxfetcher/bf173f91a81c65fc9fb87c58d92c575f35b227d5
=== RUN   FuzzTxfetcher/bfd5f2c814c5c52a9444652fd86221e97239113c
=== RUN   FuzzTxfetcher/c0b8a1445a82229fdafbd47bd78f43551d50e1ed
=== RUN   FuzzTxfetcher/c0bc2703a56e353251d4856cc295eb1a4f1be794
=== RUN   FuzzTxfetcher/c0bf397ad9e081da14a683b0aa550e49853eeebb
=== RUN   FuzzTxfetcher/c1410e430c42ff862f078da1da0f326c1460fbaa
=== RUN   FuzzTxfetcher/c1d08a52162a836376a68910fef6d03c4d67bd7d
=== RUN   FuzzTxfetcher/c442b5bf6c51e67af6e09447e21190dfd8ee2a5e
=== RUN   FuzzTxfetcher/c4b72b739bb47060ef45c6a6166b6c22236eec13
=== RUN   FuzzTxfetcher/c52022eae727ad73b1893022dc07038627b5925b
=== RUN   FuzzTxfetcher/c567c785fac5fd764e904a035618385956e7ab18
=== RUN   FuzzTxfetcher/c5a4d71800b86a556d983f33f4944eb378f78052
=== RUN   FuzzTxfetcher/c6478e939068998d4004748e46bfcc6ead2e35ba
=== RUN   FuzzTxfetcher/c684c45f5618e0c1d24a7ec02396c2a00809a90a
=== RUN   FuzzTxfetcher/c6bb19a4256b2cae0f27d0a747a00f0f2899c8f5
=== RUN   FuzzTxfetcher/c72e8ee82889bce407d65976c504fecd169a9a1b
=== RUN   FuzzTxfetcher/c7d508cb2d942e8006cdc6db6a617c6b1cf41b61
=== RUN   FuzzTxfetcher/c7e3f5063280469c001ccd831c46a246afe2de4f
=== RUN   FuzzTxfetcher/c92d08f4fa40f22ada3aa97d94e68f899d04a130
=== RUN   FuzzTxfetcher/c9600cd58705c5299c70a17bf794153a45a34bd7
=== RUN   FuzzTxfetcher/c9e8907f211f1588f7e7f186b397dd0d4377d4e8
=== RUN   FuzzTxfetcher/ca2b14fc6a6c6410b246ff3f7abefb260ac6f2b6
=== RUN   FuzzTxfetcher/caf3a0c15a831c51d8f16eb78a1f4aeb979a7a4c
=== RUN   FuzzTxfetcher/cb876be65035df8610c2ebfaa915ec50124184fc
=== RUN   FuzzTxfetcher/cc63eb4da7e4264eca8f32ff5ed5c5db72d39312
=== RUN   FuzzTxfetcher/cc89b8fe701da7f97215fe77653a264fcb2eceeb
=== RUN   FuzzTxfetcher/cc8f4193603a3158d39c5582a389929dc464c47f
=== RUN   FuzzTxfetcher/ccaafa36c46651595c129bedd137b2008d940923
=== RUN   FuzzTxfetcher/cccd397112355b1ed980d369311081d4c7dbc457
=== RUN   FuzzTxfetcher/cd32019e9fe2b299871decee6ef600f76671e608
=== RUN   FuzzTxfetcher/cdabc31a60468c9b9d0b35c1059235538077227f
=== RUN   FuzzTxfetcher/cf480f05a5bfa7d83bafc8f23e9d8992cbfcdfd5
=== RUN   FuzzTxfetcher/d011be6f4a109034a06c465023a142359d91a076
=== RUN   FuzzTxfetcher/d02a2452659192f248821f2a667d7ae15a8eccff
=== RUN   FuzzTxfetcher/d072696bd3de3066d2788950a33ccbda0d7871ef
=== RUN   FuzzTxfetcher/d07530217b3cbac1b7cac94e2051e4a6b72f532d
=== RUN   FuzzTxfetcher/d127c25a161d1262540484caa94f3c942c31fa8a
=== RUN   FuzzTxfetcher/d156a485058273bcd3c070db8c716dc496baf57c
=== RUN   FuzzTxfetcher/d1cc81490da9c011b26e2744a6da7726a5bb622c
=== RUN   FuzzTxfetcher/d1d71303d78b7da4b4ced2b81eb2b00c74b84c62
=== RUN   FuzzTxfetcher/d342c7992046ee09ae495e9ebd70cd1f38eaadec
=== RUN   FuzzTxfetcher/d3528c35b7016486bbf80e4aae1d65d947476aa9
=== RUN   FuzzTxfetcher/d361227eea60b454cd3f7e1ed32f63bde5df070e
=== RUN   FuzzTxfetcher/d37caeaaa466b4b49d872622bea40fd050fb3eef
=== RUN   FuzzTxfetcher/d390a5005460cb6e2d8b587b69ff4d459a6c719b
=== RUN   FuzzTxfetcher/d52b16ef1692d1166036113016c4e049907339cd
=== RUN   FuzzTxfetcher/d5c12dcbd9170b9e68be04c5b6deaa37a9f4fe2b
=== RUN   FuzzTxfetcher/d5d0b00b374a935cf55b86415c2547d30573c4e0
=== RUN   FuzzTxfetcher/d5ff7984416a39236bfe1db63985a1093fdb3149
=== RUN   FuzzTxfetcher/d66309e3cf828fea5b71d05544968834fd05e52d
=== RUN   FuzzTxfetcher/d6cac52251e64cb4d33df6d68de6bd2652e23949
=== RUN   FuzzTxfetcher/d6ce339d3c1b99dc9a067018446d149d5c820bbb
=== RUN   FuzzTxfetcher/d700f4ba52fb1d6d67e75c138c89884241ef9ee8
=== RUN   FuzzTxfetcher/d7989fae8d491ebe7d2f5e1ffd56d804a42305c3
=== RUN   FuzzTxfetcher/d818753d77284408f7e58e04abebf8fb3054dba8
=== RUN   FuzzTxfetcher/d81f636c45ea8dc14f277de7c2ba8c514347bed8
=== RUN   FuzzTxfetcher/d8704ea0f7fd65d9ae3cafaf8769f5e8b90f4f4b
=== RUN   FuzzTxfetcher/d8b49fd6676fc0de4332e6e1d2f4edc92b3afbd6
=== RUN   FuzzTxfetcher/d8eccc72cbad88a684ae8d8ba002bb034a360bce
=== RUN   FuzzTxfetcher/da0d2419be5b3e3c4eb41f3d943c45c480573f87
=== RUN   FuzzTxfetcher/da94733e68c7520fe3b8eeb6f62d4f60409b61ad
=== RUN   FuzzTxfetcher/da9cee7f3ae7be331c43284b306c0a179d6e24d8
=== RUN   FuzzTxfetcher/db2313e08f0f0e08b0bcba7f1763ea207e402599
=== RUN   FuzzTxfetcher/db4772ce06eedba7685652a1f1533c029877fb09
=== RUN   FuzzTxfetcher/db9b85694c11cad74e3ffb3646c13ed33eae05ab
=== RUN   FuzzTxfetcher/dbba8295811a57297266673220fcf77a1045adea
=== RUN   FuzzTxfetcher/dc6d3fde7e9f8437d6eb1c6b00e09c3446887f54
=== RUN   FuzzTxfetcher/dca0e681787362fb28b5519ea65f965c4b00e334
=== RUN   FuzzTxfetcher/dcb87e5ee07525270d1fad515b74ed6843c1233d
=== RUN   FuzzTxfetcher/dcc77953ab6937f3ef53a1745d50b902e52e0bbe
=== RUN   FuzzTxfetcher/dd89af8acddf90a654eb99069b099a2f9e32e886
=== RUN   FuzzTxfetcher/de6728cb36a816aa56c54eacd9501450b0e158ba
=== RUN   FuzzTxfetcher/de6b38c5758f77220af80c2687d66737e55aa0c6
=== RUN   FuzzTxfetcher/df0fcb717b598af8a8f40ca96694641a5c3f023b
=== RUN   FuzzTxfetcher/df5d154813f7f38211ee3f679628b7d638a8a818
=== RUN   FuzzTxfetcher/dff0baddbd12d4927b9fe8b1edb81c77d8a1a190
=== RUN   FuzzTxfetcher/e10bd22d9d3f0c1e916f22a73123b6306e3ebae2
=== RUN   FuzzTxfetcher/e14727d6df9c3423e893e02f440481e59b7780a2
=== RUN   FuzzTxfetcher/e14da1ac84aa80a21512691c0a50413b651f3527
=== RUN   FuzzTxfetcher/e1b4896b50889967c907a0750cc01cc153175c76
=== RUN   FuzzTxfetcher/e2283d894610f6b263a4b57b2aee5434fcece3d2
=== RUN   FuzzTxfetcher/e25e50cc61e668f9fa40f4aadd7d05c9346025e4
=== RUN   FuzzTxfetcher/e28765bfe29e454e1b43bb8f6fb1542ea70ed0a6
=== RUN   FuzzTxfetcher/e31acfb60ca03ebd3f1383621612563658336f81
=== RUN   FuzzTxfetcher/e3910d319ca909d433cc9f77682fa10fa59002f2
=== RUN   FuzzTxfetcher/e3fcc6d45a43585c72f40f788a390d3bfd809740
=== RUN   FuzzTxfetcher/e4083e48e25b9a2054f12eb54abd579d15d5a200
=== RUN   FuzzTxfetcher/e4962aad9ad28ac0e7806b93e0ca4f503b73d3d6
=== RUN   FuzzTxfetcher/e4d02bae62dd6b2bd02e14004ec7b0849db7a511
=== RUN   FuzzTxfetcher/e4d10703c09a00580c6d829222e8cb83132efdfc
=== RUN   FuzzTxfetcher/e565137658ce7c7a7d55a2a002c5e331c4ec2ab9
=== RUN   FuzzTxfetcher/e5bc9463bfa990def556ad7f2eaa64261084a8bb
=== RUN   FuzzTxfetcher/e5f90901668fa9364a6341b8cb1dbd3bdb2f7002
=== RUN   FuzzTxfetcher/e689ef9d4f18a95b1b1afc02b8af9028754a3dae
=== RUN   FuzzTxfetcher/e83cb144e2bf87381424e847fae2594c309b2a53
=== RUN   FuzzTxfetcher/e8f279ee7e5911ca8f6324b510d92e17dbf3ee01
=== RUN   FuzzTxfetcher/e943f6e9cfa24c456ffabec16e0ed639a9ddb592
=== RUN   FuzzTxfetcher/e952297e0863cabd21b8ed45c793316ad3e556bd
=== RUN   FuzzTxfetcher/e9a9a24b26c06607f38466f430876808913ba44d
=== RUN   FuzzTxfetcher/ea0adc6da226c4c7e64eba30010e9b3722caed79
=== RUN   FuzzTxfetcher/ea2e1abfa4aeea73e66e399383d85dc22b3c4a4c
=== RUN   FuzzTxfetcher/ea5761589af18888f97b41bbf5b550426338a192
=== RUN   FuzzTxfetcher/eb6d54b548e2c78a902439bd5ee0b2b59276211d
=== RUN   FuzzTxfetcher/ed238c90c4ab5e34757ec4149bbc20527e84ec61
=== RUN   FuzzTxfetcher/edb477390048964297c6369fe18324f4fdc01390
=== RUN   FuzzTxfetcher/edbc57caff2a2859ac2df90b411e001634dbcfe8
=== RUN   FuzzTxfetcher/edf99d319ab0fd614e236f2192057a98453c0eff
=== RUN   FuzzTxfetcher/edff841368690214c25044160b800e0ad92e078f
=== RUN   FuzzTxfetcher/ee575f5c0e910ad0ced75b78f09a1d4d741189df
=== RUN   FuzzTxfetcher/ee89d3dab6fcf20d1c4daf8c9e0a0e5887b850fa
=== RUN   FuzzTxfetcher/eeba06e8a15189637074cb5051d3ba287c840cb7
=== RUN   FuzzTxfetcher/ef199493cbb8c969aa5a9f09d3bee70bac5d4ace
=== RUN   FuzzTxfetcher/ef8cbc8503a0888f07ae54e9241d85951cd8805b
=== RUN   FuzzTxfetcher/f183fad2abae305d225d59613b44f43ed6f7b68d
=== RUN   FuzzTxfetcher/f1fbd6e90e4a36a1054fd053643fb381fe1fe7f4
=== RUN   FuzzTxfetcher/f2e5ace48b0d6074d4d9f4c956d571ed16f42c8b
=== RUN   FuzzTxfetcher/f350fce02d41e77563770aabe0878dc933bcf288
=== RUN   FuzzTxfetcher/f4474aedb02add1a4ae2daab4b17e4b416e6b296
=== RUN   FuzzTxfetcher/f4ab3a6efacb80e692e7ff76a4ca5849c0dd470b
=== RUN   FuzzTxfetcher/f59df26134f2ecd3822e2ce32a96e685d367092e
=== RUN   FuzzTxfetcher/f6850ca3203e182484d3a3281125da97fb0b6a6e
=== RUN   FuzzTxfetcher/f7487bfe50f117bed87e0f37eaedc9f61ee671eb
=== RUN   FuzzTxfetcher/f7be3f6b5ba2d3450cecaec34df864e1d3a738f3
=== RUN   FuzzTxfetcher/f7e47e799ff04e296768de846b34b4c772dd207f
=== RUN   FuzzTxfetcher/f7fa7d1accc858dd036e2124521dfdd16b9e72ba
=== RUN   FuzzTxfetcher/f8a02b18491daf9a996c0732b0fdc5a2b35331e5
=== RUN   FuzzTxfetcher/f92a5aea4f166876294921d805ad6a1d0a9c1f7c
=== RUN   FuzzTxfetcher/fa25f028051e198c75aacef6b09b60002237389d
=== RUN   FuzzTxfetcher/fadb1886536fd92b5c645234494ff10bc0cf09be
=== RUN   FuzzTxfetcher/fb05e6e23c08f55eef11b871cdb0c0f0655b1f0e
=== RUN   FuzzTxfetcher/fb15908e83e9a005e7a9ce26680c8a6728a115ba
=== RUN   FuzzTxfetcher/fb27c3bd1e6320fc99b45628dd0164432dc02a85
=== RUN   FuzzTxfetcher/fb59274d72f67f8710b93e148042f6bf0c782abf
=== RUN   FuzzTxfetcher/fbf938489f82914083b8007dba2bd02119be2f70
=== RUN   FuzzTxfetcher/fc0d60a300eb2fe348030126382bd7b8cf1ede15
=== RUN   FuzzTxfetcher/fc7ca22f7d8fb27e9e5df9ee26df38b9355e1d61
=== RUN   FuzzTxfetcher/fd8e31a68a044dc6e6e2cc39dc65d7e8f74a368e
=== RUN   FuzzTxfetcher/fdc86dd2fe49fc45db5a6508f1fbf5241bcdd7ab
=== RUN   FuzzTxfetcher/fdf741ec9be9bf75a1d51833188ec0a432888db2
=== RUN   FuzzTxfetcher/fe17a3b77ace115a9af5094b43ca3a1b6f21450f
=== RUN   FuzzTxfetcher/fea2c2ccde130163d23d2a7e918e798de2add066
=== RUN   FuzzTxfetcher/ffee488f6a563b3df9d43385421aa4a3c75f1dfa
--- PASS: FuzzTxfetcher (0.14s)
    --- PASS: FuzzTxfetcher/0034367d40bc4c58811fef63468924239b6db900 (0.00s)
    --- PASS: FuzzTxfetcher/00ba48a2a548d6a9d4b46523ec790214e9123746 (0.00s)
    --- PASS: FuzzTxfetcher/01295ae043db84859d5dc60f35f1da883d7c7794 (0.00s)
    --- PASS: FuzzTxfetcher/01523bbd309fb63b668154bf48b2d8ebb173b800 (0.00s)
    --- PASS: FuzzTxfetcher/016022a606f81522acff0495755c9a87b5c719cb (0.00s)
    --- PASS: FuzzTxfetcher/0165264a75f315aab18dd24288fa4241d703b2b7 (0.00s)
    --- PASS: FuzzTxfetcher/016a2b8756bcbaa635257bd0850db397deea434b (0.00s)
    --- PASS: FuzzTxfetcher/01e1d4a77da08ec8f2c04b4a6fe4af51f1e6d3a9 (0.00s)
    --- PASS: FuzzTxfetcher/0217e7073d17c2786ceb2718fdab2ea6f9449a4b (0.00s)
    --- PASS: FuzzTxfetcher/0313bed2dc798ed4f54217cc566d32cd5c33a5af (0.00s)
    --- PASS: FuzzTxfetcher/0328390bfa956b9ef4e2ef880ed222e84e231e1a (0.00s)
    --- PASS: FuzzTxfetcher/03d3a31a2001cf483f8e58eb3a646799bc96566a (0.00s)
    --- PASS: FuzzTxfetcher/03fde53617fb8d7b163a804f8b190885c8276511 (0.00s)
    --- PASS: FuzzTxfetcher/041164f1435a7c2e6efa92f0600a4242879f16dd (0.00s)
    --- PASS: FuzzTxfetcher/044efb80c82199daadd0f1a7aecb3edc9c1cf7d0 (0.00s)
    --- PASS: FuzzTxfetcher/057cef4b01640c47eb5d22342479aa7b97425e6a (0.00s)
    --- PASS: FuzzTxfetcher/059d165cd5b672b566bfafa1f4bb472be81a4a2b (0.00s)
    --- PASS: FuzzTxfetcher/05ecaf0c4ef70b652452fa94c33177a49eb5bf73 (0.00s)
    --- PASS: FuzzTxfetcher/06192830b3bab564daaaaa8365a60d930fde1e60 (0.00s)
    --- PASS: FuzzTxfetcher/06917059c9f0e316dd200bbad8834ab5ca6790e1 (0.00s)
    --- PASS: FuzzTxfetcher/069446ddbe83c6f7035d7ed3aef6356bfd3894bd (0.00s)
    --- PASS: FuzzTxfetcher/071fac6226f60f94aaa20d66239d13ec8ff6d04b (0.00s)
    --- PASS: FuzzTxfetcher/07467baf96a59086db19610364045972b89fb3f2 (0.00s)
    --- PASS: FuzzTxfetcher/07497975b7fe10e3687a87cc11a854ad6d5449af (0.00s)
    --- PASS: FuzzTxfetcher/075e76df72e61c357a8053ef9be115df00597e51 (0.00s)
    --- PASS: FuzzTxfetcher/078e84c14d58e110c6aebbe648be7e02cca3e831 (0.00s)
    --- PASS: FuzzTxfetcher/07ac6578fa2357f186803d08a987bfd218f588b0 (0.00s)
    --- PASS: FuzzTxfetcher/07c91c75b94af571fcd77e004170a4fc1097e080 (0.00s)
    --- PASS: FuzzTxfetcher/07cef6788d31e2e2ff62b2fda376453312b6d68c (0.00s)
    --- PASS: FuzzTxfetcher/08f388670494a23a5dfeb127f77aceb4be076714 (0.00s)
    --- PASS: FuzzTxfetcher/09a0e3307768102ca85c7952f9f2cc05fc946896 (0.00s)
    --- PASS: FuzzTxfetcher/09a705894ffb1d69ca762d3c6ff1e5e230ab5214 (0.00s)
    --- PASS: FuzzTxfetcher/0ad6cda93856e45df81338344b3dde4d9665702e (0.00s)
    --- PASS: FuzzTxfetcher/0ad743f1479a078004de864cd89bec57b38e1a6f (0.00s)
    --- PASS: FuzzTxfetcher/0afdbd66cc9a9b11388e5932ba7398909d21d4fe (0.00s)
    --- PASS: FuzzTxfetcher/0ba73d220b8f1f0dda0e0e3ec56a385a6c26039b (0.00s)
    --- PASS: FuzzTxfetcher/0be312aa6e78817a19ad86eca428b5a94676bd76 (0.00s)
    --- PASS: FuzzTxfetcher/0c0629590f4b9e441cb3ca13821a004a1fbced55 (0.00s)
    --- PASS: FuzzTxfetcher/0ce55f9767ca397a1173b7f10157bcd6f6cb8bd4 (0.00s)
    --- PASS: FuzzTxfetcher/0cfdc91aa553a2462fc056d914e2c7f7b3a20c3c (0.00s)
    --- PASS: FuzzTxfetcher/0d2d9c3bc11a06e74c4338750b1163c91345fd62 (0.00s)
    --- PASS: FuzzTxfetcher/0d72ad03da56b2b37e5012f5a26b1f82d377958e (0.00s)
    --- PASS: FuzzTxfetcher/0d72d2ef179ae1e789978a206cb22e264dceaf29 (0.00s)
    --- PASS: FuzzTxfetcher/0db4d4265bf33c07a72d9c4aae094797a6221212 (0.00s)
    --- PASS: FuzzTxfetcher/0e61c2e984d90b59485fe12db8748e32401d57b2 (0.00s)
    --- PASS: FuzzTxfetcher/0f6821ec7d4c14d1bc4d8e59507d6b24ff4da011 (0.00s)
    --- PASS: FuzzTxfetcher/0f6eb8ee86dc8f4297c073c1d19c30be38db1c73 (0.00s)
    --- PASS: FuzzTxfetcher/0fc9ed13c6c53443235f240f5cdd489bd52487f8 (0.00s)
    --- PASS: FuzzTxfetcher/1012200d0559a0b76bd7be677d9ef44ef9b9a595 (0.00s)
    --- PASS: FuzzTxfetcher/10678afbe4586c0980d721d16747ebe51559b2e0 (0.00s)
    --- PASS: FuzzTxfetcher/106c6e972f1244fde69f43a80f6c869e4cbddfbf (0.00s)
    --- PASS: FuzzTxfetcher/109c89ae1195965c85442d511bdf5bdbc2b3ad40 (0.00s)
    --- PASS: FuzzTxfetcher/10b33d35d9e262f7d2e13dc0903d9109cb08da85 (0.00s)
    --- PASS: FuzzTxfetcher/10ba2b8406c40b274505b4faa9d07c3d7962439f (0.00s)
    --- PASS: FuzzTxfetcher/11223af511184f1e1532de3c3138cdf67254261a (0.00s)
    --- PASS: FuzzTxfetcher/12385aa56055f22df3dda23482305d420b593260 (0.00s)
    --- PASS: FuzzTxfetcher/12d440f9f316cd7d46f5bd746a2a6c630ae2b5ba (0.00s)
    --- PASS: FuzzTxfetcher/1446b2bdc4e877f361de56c167f3afe8baa933d9 (0.00s)
    --- PASS: FuzzTxfetcher/146e6ce4cf2bd1aed09deb5236fcfa2476d5fc6c (0.00s)
    --- PASS: FuzzTxfetcher/14758194c5f11f3a0d52cc4c6c431b291711db0b (0.00s)
    --- PASS: FuzzTxfetcher/14bac615de60329b5515d1b602665e34fa97fb83 (0.00s)
    --- PASS: FuzzTxfetcher/14e798fb1cc216bfc3b27bce13ba310817269902 (0.00s)
    --- PASS: FuzzTxfetcher/1521db73be59841f3e1b24a67374abe31160c228 (0.00s)
    --- PASS: FuzzTxfetcher/1586aec620be6ef8375469e43066d23d272d1ef8 (0.00s)
    --- PASS: FuzzTxfetcher/170f12f091e07bc285b3451bda3885a30f0aa668 (0.00s)
    --- PASS: FuzzTxfetcher/176400f15ecbe1d3057c1b9f7190a2bf390aae28 (0.00s)
    --- PASS: FuzzTxfetcher/17c59b243d3fce6879efe17b4262feece92f8210 (0.00s)
    --- PASS: FuzzTxfetcher/1810c11239ce0fd0476da8ffc051f88157b369c2 (0.00s)
    --- PASS: FuzzTxfetcher/1847e840fd151b042165070bb3790380e0e1f9e7 (0.00s)
    --- PASS: FuzzTxfetcher/18ba4b92c1140b1415c33ee4830475f52a3dd0b8 (0.00s)
    --- PASS: FuzzTxfetcher/18f93a2ff87c8961a9bb850f4d4f3ba888422923 (0.00s)
    --- PASS: FuzzTxfetcher/19156814395f4509e8c6a976e9d0a832d3c80db1 (0.00s)
    --- PASS: FuzzTxfetcher/19a46fd21994e70c563e6abf92d0e0967dd4d319 (0.00s)
    --- PASS: FuzzTxfetcher/1b029c9c9b1beff4cc2ec79c2ebaa690e4a71c75 (0.00s)
    --- PASS: FuzzTxfetcher/1b254ff227ff26f87035ae269be923ca463263f5 (0.00s)
    --- PASS: FuzzTxfetcher/1bde3d88d1bbfc163b7313669a29a53b08abcbb0 (0.00s)
    --- PASS: FuzzTxfetcher/1bfeedd820f8563ca83501f355ac141518315412 (0.00s)
    --- PASS: FuzzTxfetcher/1d24d9ddd337e9ed554d777c6361332632da38b7 (0.00s)
    --- PASS: FuzzTxfetcher/1d46bb2eafda82c3646d75f89bfff4639d079843 (0.00s)
    --- PASS: FuzzTxfetcher/1d50b447f3364200dcc94fb7feec148ec21c8cac (0.00s)
    --- PASS: FuzzTxfetcher/1d53b15add43c3933040f5b6a6999c64817f1886 (0.00s)
    --- PASS: FuzzTxfetcher/1dd079d55bb900b596946d14f9977615e8d37203 (0.00s)
    --- PASS: FuzzTxfetcher/1e6037967eda9e5a81b38b8b77d64913ffd35d95 (0.00s)
    --- PASS: FuzzTxfetcher/1e6b95c979e2a8e199a1d653c62ef5c8d4406293 (0.00s)
    --- PASS: FuzzTxfetcher/1f145bfaf377a27e978134ede4d4029e1f6d8ac4 (0.00s)
    --- PASS: FuzzTxfetcher/1f2d593858ce64df8c98292f7e31bcd8fd2e1de8 (0.00s)
    --- PASS: FuzzTxfetcher/1fc2daa70dee5dc71cff0d2202325aa45160263c (0.00s)
    --- PASS: FuzzTxfetcher/20aa08b9358c9624a57f1af81fe80f959e9a4348 (0.00s)
    --- PASS: FuzzTxfetcher/20e8a140d398f32c39cfa2eff533fc61aeceedcd (0.00s)
    --- PASS: FuzzTxfetcher/211965fedebbe273f0c22c007bc77c2ab8f4e6e5 (0.00s)
    --- PASS: FuzzTxfetcher/2150497f63bae12bd340f3718071a193b2685057 (0.00s)
    --- PASS: FuzzTxfetcher/21b28c184349dad03122f63638f472619e9336dc (0.00s)
    --- PASS: FuzzTxfetcher/21ed4f1f10bf0dadc3ca714f545c3937710d1d37 (0.00s)
    --- PASS: FuzzTxfetcher/2269886cd3c3ee46e6499a6896e65f45902199b7 (0.00s)
    --- PASS: FuzzTxfetcher/229debf5ebefbb85b3187859cbe82dcc0ae096c2 (0.00s)
    --- PASS: FuzzTxfetcher/22ad0f44bff89e0b836075d32c0887210a30cd78 (0.00s)
    --- PASS: FuzzTxfetcher/22d6d4b80a800b5682c6f692b5ccf565da12db45 (0.00s)
    --- PASS: FuzzTxfetcher/232170ec0ce868c1065b2d7b21372c077b303849 (0.00s)
    --- PASS: FuzzTxfetcher/23ae7f049deb887bb7702b95d9e2647d42b7b1eb (0.00s)
    --- PASS: FuzzTxfetcher/23bc2f73f8e0ad3fb75ded3906e3968bae19bdf6 (0.00s)
    --- PASS: FuzzTxfetcher/254dbf5a5d54f7c0f59d2e7e3e8ce0fccce46529 (0.00s)
    --- PASS: FuzzTxfetcher/25d749653e547aa7c16b77b2001a7da7b05187bf (0.00s)
    --- PASS: FuzzTxfetcher/2704a10213091f38f5cc295c5887cf9d8ca6b2b3 (0.00s)
    --- PASS: FuzzTxfetcher/27700d1d5d05b507834092da6675f4ba5016471a (0.00s)
    --- PASS: FuzzTxfetcher/278350f6ca765ad143d6684f0490d2e3d9d2f0b9 (0.00s)
    --- PASS: FuzzTxfetcher/284c3edf9290ba66f22c0295e5f334070c747fcd (0.00s)
    --- PASS: FuzzTxfetcher/2982fbd286193eb57cafc728fee74662741e6d4f (0.00s)
    --- PASS: FuzzTxfetcher/29b6526d5703b8d7e36e6b5f62eb43ecb23c1772 (0.00s)
    --- PASS: FuzzTxfetcher/29d1b3719b0294e6e5881b0c972e2a727126af7a (0.00s)
    --- PASS: FuzzTxfetcher/2a277c11311a595e9a4719e690a0a5ec753d44e6 (0.00s)
    --- PASS: FuzzTxfetcher/2a5357d5c476448cdae795d02716fbb6e292601f (0.00s)
    --- PASS: FuzzTxfetcher/2a6e3bcac5974510bec3763b61d67d26cba9bbee (0.00s)
    --- PASS: FuzzTxfetcher/2b33ab21b0f2dc86e60b87a2613f5bcf5efc3285 (0.00s)
    --- PASS: FuzzTxfetcher/2ba562c128c8095d553283c138aad7f583f4bef5 (0.00s)
    --- PASS: FuzzTxfetcher/2be8a7efecda137c976052609bb09a373b2b950c (0.00s)
    --- PASS: FuzzTxfetcher/2c178f7ec4cb8968e50a240defaa78673e3a15fb (0.00s)
    --- PASS: FuzzTxfetcher/2c3f75ca88b826937d55c894305dc0f9fad28cde (0.00s)
    --- PASS: FuzzTxfetcher/2c6a2842ab1510b8d8ef48d50d55fc721a4765af (0.00s)
    --- PASS: FuzzTxfetcher/2cba04dab9385cc95e50e6efcce7dedd51d62fe7 (0.00s)
    --- PASS: FuzzTxfetcher/2cef71bc00025cd4f0d24f72197130c4e96f5ff1 (0.00s)
    --- PASS: FuzzTxfetcher/2dcab58a3c7d391d5cacaba1d2ae8eb97a55de0d (0.00s)
    --- PASS: FuzzTxfetcher/2dcedea2fdc182d7ef28cc30cf520205b5b66882 (0.00s)
    --- PASS: FuzzTxfetcher/2e9c12fa87345afc966a19db579b0a1c2d297579 (0.00s)
    --- PASS: FuzzTxfetcher/2eb33db37047c9d2bed0d65f54908b5dfe196015 (0.00s)
    --- PASS: FuzzTxfetcher/2f43cfc83b24a8f178e51c820e0aebc8c11c0cfe (0.00s)
    --- PASS: FuzzTxfetcher/2f6a720c110f50b89eba3723d3ff8d9d1c6cf2af (0.00s)
    --- PASS: FuzzTxfetcher/2f95dc3d06d9ad7c031d9d382fc6d66c43cd73a5 (0.00s)
    --- PASS: FuzzTxfetcher/30bf86e1a67784fa4d34e4efa5381c66530b8eaf (0.00s)
    --- PASS: FuzzTxfetcher/30d2988c6b18f8f6e75f20914d2a5f70c1e072f7 (0.00s)
    --- PASS: FuzzTxfetcher/314b4ec637c605703d773e70dc95fc6bf5482f9d (0.00s)
    --- PASS: FuzzTxfetcher/3171dc1867c4acd99980f98cd06f321bab1ad580 (0.00s)
    --- PASS: FuzzTxfetcher/3228855954f3546ba5f84677f14ad36e2a87bc97 (0.00s)
    --- PASS: FuzzTxfetcher/328af104c461bad8d70680d0266b1e4314c93092 (0.00s)
    --- PASS: FuzzTxfetcher/32ffca844eeba8056704bff21339d3e66daca866 (0.00s)
    --- PASS: FuzzTxfetcher/335298d897b55a5f6e3015e43418b3d4aa37af05 (0.00s)
    --- PASS: FuzzTxfetcher/33e037ebcad790a368afa1fa6a1012a0a73e7638 (0.00s)
    --- PASS: FuzzTxfetcher/33f10459bbf89381036aa8d819600b448b8c45f7 (0.00s)
    --- PASS: FuzzTxfetcher/347d5803f2e736ab09fc1f3fecfbb2875900a7ef (0.00s)
    --- PASS: FuzzTxfetcher/34aef8e713b37ee7202270e0387e9dc55c4e7b82 (0.00s)
    --- PASS: FuzzTxfetcher/34de3f512af36768a42b27cbf226c00be1d7ab73 (0.00s)
    --- PASS: FuzzTxfetcher/350a457d57ad5801847af7f48dcd5fb5f5d68620 (0.00s)
    --- PASS: FuzzTxfetcher/3512841b3280f5e209cde5b185e6fd8a36579659 (0.00s)
    --- PASS: FuzzTxfetcher/352b7759faaae5f4b1a1dc150e1070e0d1d741ce (0.00s)
    --- PASS: FuzzTxfetcher/356133676b709a6616cdcfdf936a757181abd4ec (0.00s)
    --- PASS: FuzzTxfetcher/35a5c0affbceb7a285d2b14ad423322842e5945c (0.00s)
    --- PASS: FuzzTxfetcher/3608b5e2bf0be6ee54003eabb40701d389b72852 (0.00s)
    --- PASS: FuzzTxfetcher/3694d162f50e89b2dd5be6e0c5f435f5c32d4192 (0.00s)
    --- PASS: FuzzTxfetcher/378bad62a9509ad2f9d26f707702d19146fd5436 (0.00s)
    --- PASS: FuzzTxfetcher/3855e252f33b1163bcbcf4c2b741236335222bcd (0.00s)
    --- PASS: FuzzTxfetcher/38f5af57a230c495961a867624c48bb088219543 (0.00s)
    --- PASS: FuzzTxfetcher/3946d8ec97e435b6d45905bfb09e583d05aa34ac (0.00s)
    --- PASS: FuzzTxfetcher/399f17287387177a3157068200c5614e0c473afe (0.00s)
    --- PASS: FuzzTxfetcher/3a905c181ff3188cb1c89c56f9866c93950e648e (0.00s)
    --- PASS: FuzzTxfetcher/3b0be0e37c6afbcca0cfb8c2376fe40c07d4376a (0.00s)
    --- PASS: FuzzTxfetcher/3b11c7ae227a80759ff914d1ea83c5e6e6b64166 (0.00s)
    --- PASS: FuzzTxfetcher/3b445b47286b6231867c36472a5d3e72881ba556 (0.00s)
    --- PASS: FuzzTxfetcher/3b51f1d41c4c6606fb39f7a75a5307ebd805b84b (0.00s)
    --- PASS: FuzzTxfetcher/3b7af85c8c58e2468e55143470f4d37e3cc48821 (0.00s)
    --- PASS: FuzzTxfetcher/3bd7a85474fb7719493a966307220390f3e7025c (0.00s)
    --- PASS: FuzzTxfetcher/3c404d0d06fa2b3e8b7e73f723841e5d8e1795ba (0.00s)
    --- PASS: FuzzTxfetcher/3c575a4351e669d2700389b42be0f2aae80f60fa (0.00s)
    --- PASS: FuzzTxfetcher/3c879ec318190a63011994d1fa0737fb0245b45b (0.00s)
    --- PASS: FuzzTxfetcher/3c89a5f481957a4ff96e9728f3eba70482a0a57e (0.00s)
    --- PASS: FuzzTxfetcher/3d3766d2570f149d60d2125a4e29769e96e66a94 (0.00s)
    --- PASS: FuzzTxfetcher/3da93c59cde322dbd9ba5de28f4266b4533fa761 (0.00s)
    --- PASS: FuzzTxfetcher/3de97c9043d6fc5abd13c4157e6ffb6ab157f88f (0.00s)
    --- PASS: FuzzTxfetcher/3e9d894a7a2cc789ee51dee45e0e50ae73e705f6 (0.00s)
    --- PASS: FuzzTxfetcher/3eb0f03eda67a2718ae06c618a1b27d8c4890435 (0.00s)
    --- PASS: FuzzTxfetcher/3f492e46e56e22a8e6099037b96b06c660921029 (0.00s)
    --- PASS: FuzzTxfetcher/3f5477504a83ea7bdc81c24bbf994bdf1e1ef5b3 (0.00s)
    --- PASS: FuzzTxfetcher/3f8d0c140f5ae9b78dd3194c3d47eda40badc8e3 (0.00s)
    --- PASS: FuzzTxfetcher/3fa85942c78fff8662b9acbe28b517e6df2e0e8c (0.00s)
    --- PASS: FuzzTxfetcher/3fe94711844d93853ff0c475680e836698ea7c45 (0.00s)
    --- PASS: FuzzTxfetcher/404219537f7b83c0870e28de33dc259af5dc83d8 (0.00s)
    --- PASS: FuzzTxfetcher/405059c7280d352f424929fb6d55785458b998e5 (0.00s)
    --- PASS: FuzzTxfetcher/4072ca1d0b784e053978d982ffb87d0e5efdf026 (0.00s)
    --- PASS: FuzzTxfetcher/40d8fe71c9abf53c16f032ef0c463b7ef077fbf0 (0.00s)
    --- PASS: FuzzTxfetcher/41506ae15214d095ea0f1659bbade1256f710bbf (0.00s)
    --- PASS: FuzzTxfetcher/41ec8a32d36509dc386e74bc0a1cbf2d6dadc3a1 (0.00s)
    --- PASS: FuzzTxfetcher/4282332bbfefb65ed9dce2198a7f1208ff3646b2 (0.00s)
    --- PASS: FuzzTxfetcher/42a7ea90c03274685e27cb28ba2c4eb2c185dabe (0.00s)
    --- PASS: FuzzTxfetcher/43122814f103fd047d0327a064ac7dac6785acba (0.00s)
    --- PASS: FuzzTxfetcher/439216012004f9e2ef59fdd106aacc3e69190d75 (0.00s)
    --- PASS: FuzzTxfetcher/440ff25d9223b0c028c0cc1b69025fe5b18ab8df (0.00s)
    --- PASS: FuzzTxfetcher/44a49280f1d9cb9066cbf5b767a42ed767e1ba4e (0.00s)
    --- PASS: FuzzTxfetcher/44c902babdaed9bda3208d1adfe2d62f14e72ba4 (0.00s)
    --- PASS: FuzzTxfetcher/44e9a937d29bbc3068c9aa2bac0b95317e70d5d4 (0.00s)
    --- PASS: FuzzTxfetcher/459ece88b5557b8e14c1a093e3f3f4f6c519621d (0.00s)
    --- PASS: FuzzTxfetcher/45a2e489760e92593f56e2bb3b4898a9a5d8c6eb (0.00s)
    --- PASS: FuzzTxfetcher/45a9fcbbb1ad4e1279bb82e181bffd593dc8b155 (0.00s)
    --- PASS: FuzzTxfetcher/45bbe6885629435f4d3bef77f438747ad7f37835 (0.00s)
    --- PASS: FuzzTxfetcher/45d10c68885314adc564d9cbc4116eb3153adf5c (0.00s)
    --- PASS: FuzzTxfetcher/46b286f2b8d882efe54e78a27e09aee0d1c19e6b (0.00s)
    --- PASS: FuzzTxfetcher/4846e8081d534219264e20fe5af5c3c2fcfdcaa7 (0.00s)
    --- PASS: FuzzTxfetcher/4881765061e98e897e67c9c5741fb548b2a8503a (0.00s)
    --- PASS: FuzzTxfetcher/48df31b30fb35d52a81a7bfa6afd6077dd4e6680 (0.00s)
    --- PASS: FuzzTxfetcher/4942e0153304751a9496cb74e1299fb3c39e30be (0.00s)
    --- PASS: FuzzTxfetcher/49ca646938ff8c035f42983d710e13c373a7fb5f (0.00s)
    --- PASS: FuzzTxfetcher/4a8fba25e000fdf69e708f384651f84cf64dc364 (0.00s)
    --- PASS: FuzzTxfetcher/4ae1434ee2cf82eb03a330fa87e235113cab0c31 (0.00s)
    --- PASS: FuzzTxfetcher/4b9b655ad8a60df98136e65a13477d46d759e627 (0.00s)
    --- PASS: FuzzTxfetcher/4cd5b98d8f612e33429770fac77371adb2d558f9 (0.00s)
    --- PASS: FuzzTxfetcher/4d5f645867a4c80184d1951dea59ea882919d3cb (0.00s)
    --- PASS: FuzzTxfetcher/4e6d4129ae8f175c333eddc67485fa7fcf36beae (0.00s)
    --- PASS: FuzzTxfetcher/4e849262130a8938c7afe552527e1ee317a25289 (0.00s)
    --- PASS: FuzzTxfetcher/4ecf9a9c605648bf15813af596414e61e3213342 (0.00s)
    --- PASS: FuzzTxfetcher/4fdc88a7e02b3eb7032b7f1b891a689b9eb07bd5 (0.00s)
    --- PASS: FuzzTxfetcher/4ff5856e9c3a4622a1908dd744fcc42713ebddd8 (0.00s)
    --- PASS: FuzzTxfetcher/50426ebf2714cd777ad859979d979f7f92f26879 (0.00s)
    --- PASS: FuzzTxfetcher/509699fb4e7fbcfe6fd940bef2da6aeff4dc401e (0.00s)
    --- PASS: FuzzTxfetcher/50fab509605a2ec0a04947d275471a7a4bcbd638 (0.00s)
    --- PASS: FuzzTxfetcher/51772ce7e60503a1c25742d3aa0c8d62de6778ce (0.00s)
    --- PASS: FuzzTxfetcher/51a2d473f5c838ef5d4e05e494f9bf1342e2e06f (0.00s)
    --- PASS: FuzzTxfetcher/51ba671629307f6bcc41c52baea182560d755319 (0.00s)
    --- PASS: FuzzTxfetcher/51e28e4972b0cf45fdf67445bec828a06a38d817 (0.00s)
    --- PASS: FuzzTxfetcher/520f9c6619cd43f0bb1b7e68b1b10649f7969ea1 (0.00s)
    --- PASS: FuzzTxfetcher/521b5e619611be7de475a61e9553b4df61a20313 (0.00s)
    --- PASS: FuzzTxfetcher/52233c5382f7e28c4410b60c31f34c67b999f9b1 (0.00s)
    --- PASS: FuzzTxfetcher/523ef68af3a4fb6fa08c89fe699ec359ecf1126e (0.00s)
    --- PASS: FuzzTxfetcher/525da8e7275cdf9cd733165b4b3005c966246fdc (0.00s)
    --- PASS: FuzzTxfetcher/525ecf0c27b987a5b1f2a4268230a1c593f32742 (0.00s)
    --- PASS: FuzzTxfetcher/53ca9730fb59299c44cedc6c99a7ba7715341b99 (0.00s)
    --- PASS: FuzzTxfetcher/53e547e3341bbccadecd3bb1b6053ae9bb5da8d4 (0.00s)
    --- PASS: FuzzTxfetcher/54445bcc4afe5159b1108db87869f35faa387c45 (0.00s)
    --- PASS: FuzzTxfetcher/548479cd756f4945b628e690c5d9f544e8ae6998 (0.00s)
    --- PASS: FuzzTxfetcher/5488a968f4c27f8a42c90b1f71b8c413c7711988 (0.00s)
    --- PASS: FuzzTxfetcher/54d60238febcfa033a3c37a2a484a73e2cc7eaef (0.00s)
    --- PASS: FuzzTxfetcher/551aedd5e2cb781c0ff6d846c160f91c408aa476 (0.00s)
    --- PASS: FuzzTxfetcher/55301f960a389bdd7ff775f781c8c2791f394e91 (0.00s)
    --- PASS: FuzzTxfetcher/55382782c3f9a165734d4e7bb8e937fbd26ebe18 (0.00s)
    --- PASS: FuzzTxfetcher/55dc7370b846388b7f930e5f20c60f20ad687316 (0.00s)
    --- PASS: FuzzTxfetcher/55f33b4cbe3ef40c2b3a6bd9942f0b01dae200a8 (0.00s)
    --- PASS: FuzzTxfetcher/5606de8726848d96a5cbd89e908aa73370feb394 (0.00s)
    --- PASS: FuzzTxfetcher/5697ac9cd33c8497440131c1f79e9ff05db69712 (0.00s)
    --- PASS: FuzzTxfetcher/56dd74979fd733ec73c8b73849d39e8f6845ef5a (0.00s)
    --- PASS: FuzzTxfetcher/56fe9d28b982790cf6963186c1d2f735ba663fab (0.00s)
    --- PASS: FuzzTxfetcher/5783866b319a4251bfe7161e51901a76c298b32b (0.00s)
    --- PASS: FuzzTxfetcher/579d07c83838afccfa4e09adcfbf9986695fdb15 (0.00s)
    --- PASS: FuzzTxfetcher/57a1fe77bd6a95cf2e698bb78ae12f425fb8df69 (0.00s)
    --- PASS: FuzzTxfetcher/57ac166fdaa6dcb8aa18409c1aa648b586b782d3 (0.00s)
    --- PASS: FuzzTxfetcher/57b9b0d2edc558042463afb22af3e6871de1fd3a (0.00s)
    --- PASS: FuzzTxfetcher/57ce13bbba40df25cd0d223eb4e50db3376c96e9 (0.00s)
    --- PASS: FuzzTxfetcher/57eeb95763130816acd25b757e1783e2cb472565 (0.00s)
    --- PASS: FuzzTxfetcher/57f3261b627d86cb18cd3a108b4f8d2ebc373774 (0.00s)
    --- PASS: FuzzTxfetcher/587a21bd99af3a265223f3760d81e6b57e5c406a (0.00s)
    --- PASS: FuzzTxfetcher/58ba6ba8b5cc43729d05005f0ccc4f1c9d9b1779 (0.00s)
    --- PASS: FuzzTxfetcher/58bcd21e65c1bf62695d60c6563508514210ecd3 (0.00s)
    --- PASS: FuzzTxfetcher/58df782e2b475446a0891fb08f487938f31609d8 (0.00s)
    --- PASS: FuzzTxfetcher/58e29f7a374f5e6a96a0104fbc2a178e8175154a (0.00s)
    --- PASS: FuzzTxfetcher/58f9aeb95b5104bf30559a8a5c5c44f2dcd100c4 (0.00s)
    --- PASS: FuzzTxfetcher/599cb13203fec333af7b82168824410b65c73be8 (0.00s)
    --- PASS: FuzzTxfetcher/5a4757dc3940f240a31a17386d307bd1e84f3aa0 (0.00s)
    --- PASS: FuzzTxfetcher/5a645e6e5fdbfb196d4d368f142a6efef36e4370 (0.00s)
    --- PASS: FuzzTxfetcher/5a80414d9157b50ba6daa2c8655b78909a4b2a15 (0.00s)
    --- PASS: FuzzTxfetcher/5adb9216ef40dd025a4aa9f8b2bb80f0ed22efb3 (0.00s)
    --- PASS: FuzzTxfetcher/5b3712c410b623f57035e56b101ae47583bc421c (0.00s)
    --- PASS: FuzzTxfetcher/5ba713f9c288c755ee50feffe35c5747f297dafd (0.00s)
    --- PASS: FuzzTxfetcher/5c518d92f502d78ee9025f66f66436306511faeb (0.00s)
    --- PASS: FuzzTxfetcher/5d3c9ca0d2f650fe9a96672c1c11854947baa9f8 (0.00s)
    --- PASS: FuzzTxfetcher/5e0ccdfd65bbcabc9bdb4654fe61bf73db7faa76 (0.00s)
    --- PASS: FuzzTxfetcher/5e74bf644cdab3f21ad202c673f8d53dcbbc4440 (0.00s)
    --- PASS: FuzzTxfetcher/5ea6c806cd5fc06f6b29c10661b29d5e76ccb85d (0.00s)
    --- PASS: FuzzTxfetcher/5f1b0c6180f035ebe3ced6aa436fe03d597c341e (0.00s)
    --- PASS: FuzzTxfetcher/5f676e12f63cf2b673489ddc35f9c2ca1e23c26e (0.00s)
    --- PASS: FuzzTxfetcher/5f8f6f5fd84777bdf1594218419469d9de3f35bd (0.00s)
    --- PASS: FuzzTxfetcher/605ccee6f141133c5b631adac45734a1b49b82ee (0.00s)
    --- PASS: FuzzTxfetcher/63047382c1f65c7150b2c0484529e4e1a2002e74 (0.00s)
    --- PASS: FuzzTxfetcher/6329a19278fcbc51c229a370402c50f3206bc69a (0.00s)
    --- PASS: FuzzTxfetcher/637d43497f2c309d9ff63bab527da3e679617609 (0.00s)
    --- PASS: FuzzTxfetcher/640b0e7da1a9f172b012b042c9900539b94b791a (0.00s)
    --- PASS: FuzzTxfetcher/6483c565c6edd4f31b98998152488ff08c0f01d5 (0.00s)
    --- PASS: FuzzTxfetcher/6511a35a3ee5349ad6faaae68cc5906bf7715eb8 (0.00s)
    --- PASS: FuzzTxfetcher/6586d073dc37c72774916533288cd94e88d76709 (0.00s)
    --- PASS: FuzzTxfetcher/65dbb85438adc63db3951dcf0bafcaf6cfbb0953 (0.00s)
    --- PASS: FuzzTxfetcher/665583f4b6ded5b588ce7a8ee8cafa9d1b836746 (0.00s)
    --- PASS: FuzzTxfetcher/66e61ad87eb73ffbe310ba5501d3552cfea3e676 (0.00s)
    --- PASS: FuzzTxfetcher/670c46a5f55b3c68e26c7ed8db2a664d8067f762 (0.00s)
    --- PASS: FuzzTxfetcher/67cdbd5fa9fbf34c7ac3f806e9ce8cc5fa0cc7b0 (0.00s)
    --- PASS: FuzzTxfetcher/67e93eee372b47e4494a2870f9c7a1b0db3d3ebd (0.00s)
    --- PASS: FuzzTxfetcher/681e6fb107400c52e97f9fc19a12621732ba2d76 (0.00s)
    --- PASS: FuzzTxfetcher/6846821cedc55b6831eb291bcdda512f46e67b5b (0.00s)
    --- PASS: FuzzTxfetcher/689c74188d4ffef47e330f10e739545218971a9f (0.00s)
    --- PASS: FuzzTxfetcher/68ee29bc4086350bd72fa6fc5a86960c6bcd1df8 (0.00s)
    --- PASS: FuzzTxfetcher/69c7b1a6a803f16315e332cd18586ef923460770 (0.00s)
    --- PASS: FuzzTxfetcher/6ab263535e0eb4e74a7b9b8c1dbf9ad6a2ffbdfb (0.00s)
    --- PASS: FuzzTxfetcher/6ac751b878281d8d46ad7f0f99a2e34882b48cf2 (0.00s)
    --- PASS: FuzzTxfetcher/6b591dc004f48aa011fc51c9ce50776d5e659e04 (0.00s)
    --- PASS: FuzzTxfetcher/6c7e7dbd5cf5a8fc48d390dd6c3d25573e8396e4 (0.00s)
    --- PASS: FuzzTxfetcher/6d8be5a9725e66aa9b0d81a6420e6aba890ab9e0 (0.00s)
    --- PASS: FuzzTxfetcher/6edd4eb8675495df0114a4052a0850a2efcd31a6 (0.00s)
    --- PASS: FuzzTxfetcher/6eddd39f7cfae6ef454ca2cf86bccdb75bcc57ca (0.00s)
    --- PASS: FuzzTxfetcher/6ffe7ef5a80690e80ff01192ff57d3331380ada1 (0.00s)
    --- PASS: FuzzTxfetcher/700553bd216973d28371ecddc11d475375238ae8 (0.00s)
    --- PASS: FuzzTxfetcher/70360eda96febabf8b795d0924c5eaee72494076 (0.00s)
    --- PASS: FuzzTxfetcher/71ac40c49094ed4bbd44bccb2fc7e077afd34bd2 (0.00s)
    --- PASS: FuzzTxfetcher/721e1d26d0f745ce7abe65e5ddc278be0619e466 (0.00s)
    --- PASS: FuzzTxfetcher/722970fc8bff1c5382063c0dfd0da9241542765d (0.00s)
    --- PASS: FuzzTxfetcher/7237c2ea41f7652db28dbe075e2a270862c56fcd (0.00s)
    --- PASS: FuzzTxfetcher/72bef5e5873c834478ff3025765d806c5c2ab28c (0.00s)
    --- PASS: FuzzTxfetcher/72ff6736217c6ed4fea7071f2f5e0396b5895161 (0.00s)
    --- PASS: FuzzTxfetcher/73a7d26e7e977c287467762593ddf4eca22d1d76 (0.00s)
    --- PASS: FuzzTxfetcher/73d359e4860ad7334e64f6f64a23a7444147e8fe (0.00s)
    --- PASS: FuzzTxfetcher/73e07e7f78f4c0048dbc95a5d6d025396b9f3057 (0.00s)
    --- PASS: FuzzTxfetcher/757f4c86fc008717e84b3744fd3c5df36e1202a2 (0.00s)
    --- PASS: FuzzTxfetcher/7689bc558fe333a9ff456fe6cf3cc5389767ede1 (0.00s)
    --- PASS: FuzzTxfetcher/7766acce159e5da3e80970f1a1c06abe1c3e0977 (0.00s)
    --- PASS: FuzzTxfetcher/783277a9b7e45b0a7a133a1ea49cf227904ceb11 (0.00s)
    --- PASS: FuzzTxfetcher/79ac5b16dbcb39b4aa0b81055bc5b6f702a105a3 (0.00s)
    --- PASS: FuzzTxfetcher/7a79d96f46912f6b2ffe331d143cf4f964ac10cc (0.00s)
    --- PASS: FuzzTxfetcher/7ab59335577cd8ee199c2f39a959cad49a75c1bd (0.00s)
    --- PASS: FuzzTxfetcher/7b43dd5edd54bdeeff083259106797477671653f (0.00s)
    --- PASS: FuzzTxfetcher/7c5d43ebd8be621d99c3276155892bdc5aaaa97a (0.00s)
    --- PASS: FuzzTxfetcher/7da618400a2381f86dca0f5bcb034d4a30800a39 (0.00s)
    --- PASS: FuzzTxfetcher/7de0d07c1630ec1750f074f0272ea911b16d0662 (0.00s)
    --- PASS: FuzzTxfetcher/7e26d51c61c449890c5f3e1fed66fe1ddc5f66ca (0.00s)
    --- PASS: FuzzTxfetcher/7f05f310116738b9a2e5f95c910dd2a1db615d5b (0.00s)
    --- PASS: FuzzTxfetcher/7f89b3829de4d888b20f544016d631f45df6600e (0.00s)
    --- PASS: FuzzTxfetcher/7fa6bc8a5031b2c4ea80754b94893f09edb9e48f (0.00s)
    --- PASS: FuzzTxfetcher/7ff3e26446ebbf8412b7ebe984eb2274f34a7915 (0.00s)
    --- PASS: FuzzTxfetcher/81ff9b687389b016ed097c45bf7550c6c7d7f9cb (0.00s)
    --- PASS: FuzzTxfetcher/82b70848b49c335281e6f5e35f48085aa3ceebbb (0.00s)
    --- PASS: FuzzTxfetcher/82e940c1e32a4a1f7a800fbf86b9ad00a9044996 (0.00s)
    --- PASS: FuzzTxfetcher/8330da4800b83056eaa7377492463f99cfaed8cd (0.00s)
    --- PASS: FuzzTxfetcher/83335fff3ae6b48fe14951de7698690f5f4ab0af (0.00s)
    --- PASS: FuzzTxfetcher/83c92e4b39a161a4fc26baf43d035adeec44c357 (0.00s)
    --- PASS: FuzzTxfetcher/84099657a235e9670f418a0b9a59872831640e8b (0.00s)
    --- PASS: FuzzTxfetcher/847aa604e255717fb2a1cfdd1575f2a0b84bbd47 (0.00s)
    --- PASS: FuzzTxfetcher/8487435728dbe1edad3651a5611bb37a83e007e6 (0.00s)
    --- PASS: FuzzTxfetcher/849fa389b5fe9ab400c5aa36f70243e1b6c150cb (0.00s)
    --- PASS: FuzzTxfetcher/8557473dfc84372ded33ff3da02553843cf3ba5f (0.00s)
    --- PASS: FuzzTxfetcher/857b34c40cb8c0aa022c607fc07bbf839cd47cf6 (0.00s)
    --- PASS: FuzzTxfetcher/8591da755c09eae420c0816f3c9115763a3e3134 (0.00s)
    --- PASS: FuzzTxfetcher/8661e33fa47797c120a2d4e64b9cfdc76b4ce416 (0.00s)
    --- PASS: FuzzTxfetcher/8666e8f7ef7b34c4592e3d5f5edfb1aa7b045a96 (0.00s)
    --- PASS: FuzzTxfetcher/86aae030cd0b5ccb33088de67c805ebd6f848ccc (0.00s)
    --- PASS: FuzzTxfetcher/8716d5f1fdfd8b66b3de5a47dee6a82573806c1f (0.00s)
    --- PASS: FuzzTxfetcher/8724e3058632f8281bdb7ee2e943da842210e48d (0.00s)
    --- PASS: FuzzTxfetcher/873f3c8be07cfdf150064f1fbb3e4dee461a038a (0.00s)
    --- PASS: FuzzTxfetcher/8748f781afa6f334a405792038e7c6aa2f71e3ef (0.00s)
    --- PASS: FuzzTxfetcher/877b4469894535655206ec0f60f43890443244d3 (0.00s)
    --- PASS: FuzzTxfetcher/8785c70a214f6069c838065635e967ff3b368838 (0.00s)
    --- PASS: FuzzTxfetcher/88955656de1dcc36a97c0ddad92197b171609b29 (0.00s)
    --- PASS: FuzzTxfetcher/8a0287e92afd03a3ab5d1631df3bb9b2a056287f (0.00s)
    --- PASS: FuzzTxfetcher/8aecae1656af9f6bc3c75ec7ea6e91a76a91db46 (0.00s)
    --- PASS: FuzzTxfetcher/8b897dbd986ce65112e3bd22c587dcc9e408db43 (0.00s)
    --- PASS: FuzzTxfetcher/8c5e59c3c7af47391e1563b2e62f0102ffb60f41 (0.00s)
    --- PASS: FuzzTxfetcher/8ca7466400f5560811ab8d0710a1398bfc1a290a (0.00s)
    --- PASS: FuzzTxfetcher/8da7b028f93c269f41159f03496ff1c0a9283f66 (0.00s)
    --- PASS: FuzzTxfetcher/8def86708409e1c8780c8b02f19ca32a80e52f51 (0.00s)
    --- PASS: FuzzTxfetcher/8e6adba6b5ab4141e3bf2c65f944609f09433f30 (0.00s)
    --- PASS: FuzzTxfetcher/8e7f03cc03dddefe91ad3a50d1bd5268dda0a41b (0.00s)
    --- PASS: FuzzTxfetcher/8ee90bffea2e6db51dcbc6fcf0238c3e71232496 (0.00s)
    --- PASS: FuzzTxfetcher/8ef6590dfdab5027a0e01f941356b6b599edc54c (0.00s)
    --- PASS: FuzzTxfetcher/8f5f513c5277ae10eeb00831ea9798589df609cd (0.00s)
    --- PASS: FuzzTxfetcher/8ff98d2e0bdbb116ebb318a122f3bb07f3dc3e35 (0.00s)
    --- PASS: FuzzTxfetcher/9041c3d170a39f1711aa9bac5d6ce6990fb7e9b1 (0.00s)
    --- PASS: FuzzTxfetcher/9069ca78e7450a285173431b3e52c5c25299e473 (0.00s)
    --- PASS: FuzzTxfetcher/90c602ad3ca15db1a4da5d64200ab344757bcad8 (0.00s)
    --- PASS: FuzzTxfetcher/90d7e5b7cf487faf5f2ae6eed59bd73c484e278a (0.00s)
    --- PASS: FuzzTxfetcher/911796c2b32c7859997fe1c71b6a44b10dcadfbe (0.00s)
    --- PASS: FuzzTxfetcher/9149c5655111bea9a9172adf51f6486ad3621cf5 (0.00s)
    --- PASS: FuzzTxfetcher/91659409956ac7654e0cee212d0d6e53de7f6878 (0.00s)
    --- PASS: FuzzTxfetcher/9238ac85cc3ab21ef5a32f12aef420f78c3df7f9 (0.00s)
    --- PASS: FuzzTxfetcher/931061034a37596d3cc57c2f5a7e777d844d0dcd (0.00s)
    --- PASS: FuzzTxfetcher/9317d3884bbb681306a5c4f0fce06a004aad7b56 (0.00s)
    --- PASS: FuzzTxfetcher/9392e1a96a01aa3fe7fbb104118ec30a24dc16ab (0.00s)
    --- PASS: FuzzTxfetcher/9447c2b06990091b8d29b0fbf80dfa57b740ce32 (0.00s)
    --- PASS: FuzzTxfetcher/951548053b49fc4e09ec4dcf5bbb6433e692d0d3 (0.00s)
    --- PASS: FuzzTxfetcher/958cd14259f089fd3ffaebf530ad23a10cc642dd (0.00s)
    --- PASS: FuzzTxfetcher/963df1c95d119c53f0bb152d891bf34a9c5103ac (0.00s)
    --- PASS: FuzzTxfetcher/9784e05c3004cdf131ae3a2d23e09be411ab1327 (0.00s)
    --- PASS: FuzzTxfetcher/97f61e457cf57c31fce05d424d11c34ca27f3f26 (0.00s)
    --- PASS: FuzzTxfetcher/99251eea5727920f2045b3631d24bb29edcdee14 (0.00s)
    --- PASS: FuzzTxfetcher/99a4c01497a232ce0304c4e0ab19a06b37ac25a0 (0.00s)
    --- PASS: FuzzTxfetcher/99fc89939eb66ac31787896d73af72499f208543 (0.00s)
    --- PASS: FuzzTxfetcher/9abfeea4d5ca2bd160fb5a5106c0a077cf171daa (0.00s)
    --- PASS: FuzzTxfetcher/9b539c31e074f928c4298f846d521703a30d6cbc (0.00s)
    --- PASS: FuzzTxfetcher/9b5ec94ec7b52c436c073ed3ad2ce0cfb54279f2 (0.00s)
    --- PASS: FuzzTxfetcher/9bc28dc0edc305de2aac05cf4c7c5119cc6a03ba (0.00s)
    --- PASS: FuzzTxfetcher/9c6b3f48972f2278ac32204de9f61c316a294e24 (0.00s)
    --- PASS: FuzzTxfetcher/9cbec63d6bd573b8bad833de0c203f17ff8dc47a (0.00s)
    --- PASS: FuzzTxfetcher/9cc55d2bd9676306e39fdf75b94a779e8be6a90d (0.00s)
    --- PASS: FuzzTxfetcher/9d02e17dcf95ff126f630a13abeeb8dbee3e27af (0.00s)
    --- PASS: FuzzTxfetcher/9d5bd3cfdca6288a05ce0568e192cfbe93a10335 (0.00s)
    --- PASS: FuzzTxfetcher/9d9b7b443151f83d90c00b7b1b2a22dcf82e726c (0.00s)
    --- PASS: FuzzTxfetcher/9e09b77e15866d563df57609e2db435fbb4fc0f8 (0.00s)
    --- PASS: FuzzTxfetcher/9e2ecff47cd45afdd2ba0905cf0ba1b7786cfd82 (0.00s)
    --- PASS: FuzzTxfetcher/9e749b0e5df79b4ce9e4b4e177e344044cec3467 (0.00s)
    --- PASS: FuzzTxfetcher/9fb0f66b36512ef4e537d3e81cf9fe3552b79163 (0.00s)
    --- PASS: FuzzTxfetcher/9fb8ea5b91c68f5fe0e095f36bfe6b7ebfc313a1 (0.00s)
    --- PASS: FuzzTxfetcher/a093aff8bd187622240126da223a423e7fc53adf (0.00s)
    --- PASS: FuzzTxfetcher/a0a1eb2e5b92dcb289932de57dd66e8830f6d5a7 (0.00s)
    --- PASS: FuzzTxfetcher/a126a8b0f94c07f4df8e9686e9635cf8602a9c11 (0.00s)
    --- PASS: FuzzTxfetcher/a128d81d67007d648ab86d54e5cbc92ff2dd4af8 (0.00s)
    --- PASS: FuzzTxfetcher/a188e01bebb2832bb82cb493165ffd315bd90696 (0.00s)
    --- PASS: FuzzTxfetcher/a1fd2087f01a387ad4d1dde1dedbffadeb94baea (0.00s)
    --- PASS: FuzzTxfetcher/a2892c4090fb31345247cd854ede0aec10ffc60e (0.00s)
    --- PASS: FuzzTxfetcher/a2a243d7ff3876670da987d77d2dd198b9c3e22e (0.00s)
    --- PASS: FuzzTxfetcher/a3a1738da742e57867a9ca4ffc7728f4937d5b03 (0.00s)
    --- PASS: FuzzTxfetcher/a3b540ddc6d29b8b1bf52f7fc15516e74e3424e1 (0.00s)
    --- PASS: FuzzTxfetcher/a3ff6066906edae8c5f079e836a478fc67fb9428 (0.00s)
    --- PASS: FuzzTxfetcher/a418c46545a06d8fc03b5e10f8214bbdecda1bb9 (0.00s)
    --- PASS: FuzzTxfetcher/a447992958ef0dccaf40a967dd38ed21102f6227 (0.00s)
    --- PASS: FuzzTxfetcher/a4d2c34e9fe3615484abc22aaba916f628417b87 (0.00s)
    --- PASS: FuzzTxfetcher/a55acffefbedef8a05176df2d1f4aa0849aadb6d (0.00s)
    --- PASS: FuzzTxfetcher/a5e9adc3102f8a3857be4e7b30b3a106cc25d67b (0.00s)
    --- PASS: FuzzTxfetcher/a636ea0dfe0a661d00b0b00f2711aa894c39b0bf (0.00s)
    --- PASS: FuzzTxfetcher/a65c52e026f15c4363f43b51b1b5ec1c15a643a4 (0.00s)
    --- PASS: FuzzTxfetcher/a7417cb83631ce4a4369eb3521356cae2b959449 (0.00s)
    --- PASS: FuzzTxfetcher/a7b4c729178c0f6321eede005f1da55c6f94636f (0.00s)
    --- PASS: FuzzTxfetcher/a8dda2bd04d71608ff7f99038cc0d0d9618871ec (0.00s)
    --- PASS: FuzzTxfetcher/a8e7145ecd42d538885fb30dfe55252297c14155 (0.00s)
    --- PASS: FuzzTxfetcher/a942eaddddff1b33cf6df7f4fed6a3845648ca96 (0.00s)
    --- PASS: FuzzTxfetcher/a94d3df2e50e8809c8a59b57fb799f5028ae3213 (0.00s)
    --- PASS: FuzzTxfetcher/a99387851f731ab2328c2096c656222215723e93 (0.00s)
    --- PASS: FuzzTxfetcher/ab1e40901ac98f40f255ac35e57f229bc1bcd2d7 (0.00s)
    --- PASS: FuzzTxfetcher/ab7d48c5667b8f0ed6e23f7ea05eed97b3f22fd2 (0.00s)
    --- PASS: FuzzTxfetcher/ab809ab8ea6d39731b04732a759834889beb61e6 (0.00s)
    --- PASS: FuzzTxfetcher/ac437165cff9f6730af0e0d42c0ea4d722a72c19 (0.00s)
    --- PASS: FuzzTxfetcher/ad72919a336505ea60ca69c640fc9493039806f4 (0.00s)
    --- PASS: FuzzTxfetcher/ada289c67dbb9039f37f4ab825f46b8c1eedf245 (0.00s)
    --- PASS: FuzzTxfetcher/adc83b19e793491b1c6ea0fd8b46cd9f32e592fc (0.00s)
    --- PASS: FuzzTxfetcher/ae3eaa1ed06307c15197937dce64ba7f3d02d687 (0.00s)
    --- PASS: FuzzTxfetcher/af2640085ae74519839daa59d123c2090f54348e (0.00s)
    --- PASS: FuzzTxfetcher/af92ea88abb0eee253bbba04dce767a72dae70d8 (0.00s)
    --- PASS: FuzzTxfetcher/b08481e4443e262eee8c070e5b040be58283bf90 (0.00s)
    --- PASS: FuzzTxfetcher/b0a16467170616031d4d6204ac45f37dc3fc13ec (0.00s)
    --- PASS: FuzzTxfetcher/b1058681fc91e70192275b435ff8e287b8c51529 (0.00s)
    --- PASS: FuzzTxfetcher/b1413503a0a51400b8e5e0369fa770b6471bcb1a (0.00s)
    --- PASS: FuzzTxfetcher/b14437e73656b9477ac5e57f4b96272c03238b95 (0.00s)
    --- PASS: FuzzTxfetcher/b15fcc7677b7027bebf67aab206699447764ea90 (0.00s)
    --- PASS: FuzzTxfetcher/b1824e3eb6ac7a16a8f73625717aa84f772496d1 (0.00s)
    --- PASS: FuzzTxfetcher/b20976e2c7a9dba1b3e845c13f215e8088c018d5 (0.00s)
    --- PASS: FuzzTxfetcher/b21a3fde9d2939812843f20a8cb5f8d08cd992e8 (0.00s)
    --- PASS: FuzzTxfetcher/b2955dff2346ca879e68ef314f2a8868e88b4e87 (0.00s)
    --- PASS: FuzzTxfetcher/b2aa627399c3629f4d034d26e80d854dcb6327ac (0.00s)
    --- PASS: FuzzTxfetcher/b309874430f1549946eaf35238ee4b6c4b72b3af (0.00s)
    --- PASS: FuzzTxfetcher/b3a05fef85f38b2ea32f910842fb3a5c09ec03ef (0.00s)
    --- PASS: FuzzTxfetcher/b3f399b9d858f67d7d3ef6e26d602ea6857e548b (0.00s)
    --- PASS: FuzzTxfetcher/b45d1593faf768409de602b4621641e389582b29 (0.00s)
    --- PASS: FuzzTxfetcher/b49a8ae3c4e62c9d274aece25bb9a7542679dd26 (0.00s)
    --- PASS: FuzzTxfetcher/b4e3efe6be386d905acfeaf99c2e5ecfba9a6e4e (0.00s)
    --- PASS: FuzzTxfetcher/b52f4784d419bb9d259b8f164bb3801bbb7e562a (0.00s)
    --- PASS: FuzzTxfetcher/b54d37aada5cb2970b7c98075b5fca58f458f216 (0.00s)
    --- PASS: FuzzTxfetcher/b5c5a71f75fb544da847ed73cd428a57079ea796 (0.00s)
    --- PASS: FuzzTxfetcher/b67e87de87f66a79e48a03ed2c64e3b6ece0685a (0.00s)
    --- PASS: FuzzTxfetcher/b69fb463a4f9ebdc62a4cad1dffbba5458e2eb8c (0.00s)
    --- PASS: FuzzTxfetcher/b744edaab5a7d21fab259d4b049aae2924413a36 (0.00s)
    --- PASS: FuzzTxfetcher/b7fc295cb00c834eaeea070da61a55157ee7ab95 (0.00s)
    --- PASS: FuzzTxfetcher/b879fb5da1726e52f5f6ac3c3c952748360b8624 (0.00s)
    --- PASS: FuzzTxfetcher/b8a20f9e3e374cb13cbf0d4d9af61c46f3a561b3 (0.00s)
    --- PASS: FuzzTxfetcher/b8a636dd5ba2cea78aa070f4f3ea7f35de945b43 (0.00s)
    --- PASS: FuzzTxfetcher/b9110e90153dac52b02d801885e70d3d26502d2f (0.00s)
    --- PASS: FuzzTxfetcher/b97d0b18421f79a060c1b960ae5ebf937aa84a5c (0.00s)
    --- PASS: FuzzTxfetcher/b9bc28ae701b583ab84a27dad202be72e3c38f66 (0.00s)
    --- PASS: FuzzTxfetcher/b9fb092a1fce7937e984f7cead4706c3f370cf79 (0.00s)
    --- PASS: FuzzTxfetcher/ba1acbab1893fb3b5e1297d8313a94982c6f95ea (0.00s)
    --- PASS: FuzzTxfetcher/ba4835c8483de1d66d915b9684bce3ef6c50816d (0.00s)
    --- PASS: FuzzTxfetcher/ba501112f82c33f3edf98b1589632c548cc57890 (0.00s)
    --- PASS: FuzzTxfetcher/bb2eae24fcd505b3b143a8eac2f7eac994486e1e (0.00s)
    --- PASS: FuzzTxfetcher/bb589d0621e5472f470fa3425a234c74b1e202e8 (0.00s)
    --- PASS: FuzzTxfetcher/bb7afc245cb947d3a55ce4c1e3cc67abd953fb8c (0.00s)
    --- PASS: FuzzTxfetcher/bb8a40688e0779245bfc2a8369e2096e2ee1102c (0.00s)
    --- PASS: FuzzTxfetcher/bbd060259cb79e5cd41abcaff8faca578b26de37 (0.00s)
    --- PASS: FuzzTxfetcher/bbe6955276d47f74951db41914bea4675f962884 (0.00s)
    --- PASS: FuzzTxfetcher/bbf36d23d0ae38b45c92fc9ec637401b7888b394 (0.00s)
    --- PASS: FuzzTxfetcher/bccfa6819061ac3a093d111c57d1930daa0a773f (0.00s)
    --- PASS: FuzzTxfetcher/bd6a678164b905af09694187bfe386a06c83ea4a (0.00s)
    --- PASS: FuzzTxfetcher/be02cb6f74f6c56683a5d086229393925c31511d (0.00s)
    --- PASS: FuzzTxfetcher/be8d7b062a3d8cf20b547f2a11e339b7924bd1eb (0.00s)
    --- PASS: FuzzTxfetcher/bf0e9498927c9d06e108ff79b33403222aea8069 (0.00s)
    --- PASS: FuzzTxfetcher/bf173f91a81c65fc9fb87c58d92c575f35b227d5 (0.00s)
    --- PASS: FuzzTxfetcher/bfd5f2c814c5c52a9444652fd86221e97239113c (0.00s)
    --- PASS: FuzzTxfetcher/c0b8a1445a82229fdafbd47bd78f43551d50e1ed (0.00s)
    --- PASS: FuzzTxfetcher/c0bc2703a56e353251d4856cc295eb1a4f1be794 (0.00s)
    --- PASS: FuzzTxfetcher/c0bf397ad9e081da14a683b0aa550e49853eeebb (0.00s)
    --- PASS: FuzzTxfetcher/c1410e430c42ff862f078da1da0f326c1460fbaa (0.00s)
    --- PASS: FuzzTxfetcher/c1d08a52162a836376a68910fef6d03c4d67bd7d (0.00s)
    --- PASS: FuzzTxfetcher/c442b5bf6c51e67af6e09447e21190dfd8ee2a5e (0.00s)
    --- PASS: FuzzTxfetcher/c4b72b739bb47060ef45c6a6166b6c22236eec13 (0.00s)
    --- PASS: FuzzTxfetcher/c52022eae727ad73b1893022dc07038627b5925b (0.00s)
    --- PASS: FuzzTxfetcher/c567c785fac5fd764e904a035618385956e7ab18 (0.00s)
    --- PASS: FuzzTxfetcher/c5a4d71800b86a556d983f33f4944eb378f78052 (0.00s)
    --- PASS: FuzzTxfetcher/c6478e939068998d4004748e46bfcc6ead2e35ba (0.00s)
    --- PASS: FuzzTxfetcher/c684c45f5618e0c1d24a7ec02396c2a00809a90a (0.00s)
    --- PASS: FuzzTxfetcher/c6bb19a4256b2cae0f27d0a747a00f0f2899c8f5 (0.00s)
    --- PASS: FuzzTxfetcher/c72e8ee82889bce407d65976c504fecd169a9a1b (0.00s)
    --- PASS: FuzzTxfetcher/c7d508cb2d942e8006cdc6db6a617c6b1cf41b61 (0.00s)
    --- PASS: FuzzTxfetcher/c7e3f5063280469c001ccd831c46a246afe2de4f (0.00s)
    --- PASS: FuzzTxfetcher/c92d08f4fa40f22ada3aa97d94e68f899d04a130 (0.00s)
    --- PASS: FuzzTxfetcher/c9600cd58705c5299c70a17bf794153a45a34bd7 (0.00s)
    --- PASS: FuzzTxfetcher/c9e8907f211f1588f7e7f186b397dd0d4377d4e8 (0.00s)
    --- PASS: FuzzTxfetcher/ca2b14fc6a6c6410b246ff3f7abefb260ac6f2b6 (0.00s)
    --- PASS: FuzzTxfetcher/caf3a0c15a831c51d8f16eb78a1f4aeb979a7a4c (0.00s)
    --- PASS: FuzzTxfetcher/cb876be65035df8610c2ebfaa915ec50124184fc (0.00s)
    --- PASS: FuzzTxfetcher/cc63eb4da7e4264eca8f32ff5ed5c5db72d39312 (0.00s)
    --- PASS: FuzzTxfetcher/cc89b8fe701da7f97215fe77653a264fcb2eceeb (0.00s)
    --- PASS: FuzzTxfetcher/cc8f4193603a3158d39c5582a389929dc464c47f (0.00s)
    --- PASS: FuzzTxfetcher/ccaafa36c46651595c129bedd137b2008d940923 (0.00s)
    --- PASS: FuzzTxfetcher/cccd397112355b1ed980d369311081d4c7dbc457 (0.00s)
    --- PASS: FuzzTxfetcher/cd32019e9fe2b299871decee6ef600f76671e608 (0.00s)
    --- PASS: FuzzTxfetcher/cdabc31a60468c9b9d0b35c1059235538077227f (0.00s)
    --- PASS: FuzzTxfetcher/cf480f05a5bfa7d83bafc8f23e9d8992cbfcdfd5 (0.00s)
    --- PASS: FuzzTxfetcher/d011be6f4a109034a06c465023a142359d91a076 (0.00s)
    --- PASS: FuzzTxfetcher/d02a2452659192f248821f2a667d7ae15a8eccff (0.00s)
    --- PASS: FuzzTxfetcher/d072696bd3de3066d2788950a33ccbda0d7871ef (0.00s)
    --- PASS: FuzzTxfetcher/d07530217b3cbac1b7cac94e2051e4a6b72f532d (0.00s)
    --- PASS: FuzzTxfetcher/d127c25a161d1262540484caa94f3c942c31fa8a (0.00s)
    --- PASS: FuzzTxfetcher/d156a485058273bcd3c070db8c716dc496baf57c (0.00s)
    --- PASS: FuzzTxfetcher/d1cc81490da9c011b26e2744a6da7726a5bb622c (0.00s)
    --- PASS: FuzzTxfetcher/d1d71303d78b7da4b4ced2b81eb2b00c74b84c62 (0.00s)
    --- PASS: FuzzTxfetcher/d342c7992046ee09ae495e9ebd70cd1f38eaadec (0.00s)
    --- PASS: FuzzTxfetcher/d3528c35b7016486bbf80e4aae1d65d947476aa9 (0.00s)
    --- PASS: FuzzTxfetcher/d361227eea60b454cd3f7e1ed32f63bde5df070e (0.00s)
    --- PASS: FuzzTxfetcher/d37caeaaa466b4b49d872622bea40fd050fb3eef (0.00s)
    --- PASS: FuzzTxfetcher/d390a5005460cb6e2d8b587b69ff4d459a6c719b (0.00s)
    --- PASS: FuzzTxfetcher/d52b16ef1692d1166036113016c4e049907339cd (0.00s)
    --- PASS: FuzzTxfetcher/d5c12dcbd9170b9e68be04c5b6deaa37a9f4fe2b (0.00s)
    --- PASS: FuzzTxfetcher/d5d0b00b374a935cf55b86415c2547d30573c4e0 (0.00s)
    --- PASS: FuzzTxfetcher/d5ff7984416a39236bfe1db63985a1093fdb3149 (0.00s)
    --- PASS: FuzzTxfetcher/d66309e3cf828fea5b71d05544968834fd05e52d (0.00s)
    --- PASS: FuzzTxfetcher/d6cac52251e64cb4d33df6d68de6bd2652e23949 (0.00s)
    --- PASS: FuzzTxfetcher/d6ce339d3c1b99dc9a067018446d149d5c820bbb (0.00s)
    --- PASS: FuzzTxfetcher/d700f4ba52fb1d6d67e75c138c89884241ef9ee8 (0.00s)
    --- PASS: FuzzTxfetcher/d7989fae8d491ebe7d2f5e1ffd56d804a42305c3 (0.00s)
    --- PASS: FuzzTxfetcher/d818753d77284408f7e58e04abebf8fb3054dba8 (0.00s)
    --- PASS: FuzzTxfetcher/d81f636c45ea8dc14f277de7c2ba8c514347bed8 (0.00s)
    --- PASS: FuzzTxfetcher/d8704ea0f7fd65d9ae3cafaf8769f5e8b90f4f4b (0.00s)
    --- PASS: FuzzTxfetcher/d8b49fd6676fc0de4332e6e1d2f4edc92b3afbd6 (0.00s)
    --- PASS: FuzzTxfetcher/d8eccc72cbad88a684ae8d8ba002bb034a360bce (0.00s)
    --- PASS: FuzzTxfetcher/da0d2419be5b3e3c4eb41f3d943c45c480573f87 (0.00s)
    --- PASS: FuzzTxfetcher/da94733e68c7520fe3b8eeb6f62d4f60409b61ad (0.00s)
    --- PASS: FuzzTxfetcher/da9cee7f3ae7be331c43284b306c0a179d6e24d8 (0.00s)
    --- PASS: FuzzTxfetcher/db2313e08f0f0e08b0bcba7f1763ea207e402599 (0.00s)
    --- PASS: FuzzTxfetcher/db4772ce06eedba7685652a1f1533c029877fb09 (0.00s)
    --- PASS: FuzzTxfetcher/db9b85694c11cad74e3ffb3646c13ed33eae05ab (0.00s)
    --- PASS: FuzzTxfetcher/dbba8295811a57297266673220fcf77a1045adea (0.00s)
    --- PASS: FuzzTxfetcher/dc6d3fde7e9f8437d6eb1c6b00e09c3446887f54 (0.00s)
    --- PASS: FuzzTxfetcher/dca0e681787362fb28b5519ea65f965c4b00e334 (0.00s)
    --- PASS: FuzzTxfetcher/dcb87e5ee07525270d1fad515b74ed6843c1233d (0.00s)
    --- PASS: FuzzTxfetcher/dcc77953ab6937f3ef53a1745d50b902e52e0bbe (0.00s)
    --- PASS: FuzzTxfetcher/dd89af8acddf90a654eb99069b099a2f9e32e886 (0.00s)
    --- PASS: FuzzTxfetcher/de6728cb36a816aa56c54eacd9501450b0e158ba (0.00s)
    --- PASS: FuzzTxfetcher/de6b38c5758f77220af80c2687d66737e55aa0c6 (0.00s)
    --- PASS: FuzzTxfetcher/df0fcb717b598af8a8f40ca96694641a5c3f023b (0.00s)
    --- PASS: FuzzTxfetcher/df5d154813f7f38211ee3f679628b7d638a8a818 (0.00s)
    --- PASS: FuzzTxfetcher/dff0baddbd12d4927b9fe8b1edb81c77d8a1a190 (0.00s)
    --- PASS: FuzzTxfetcher/e10bd22d9d3f0c1e916f22a73123b6306e3ebae2 (0.00s)
    --- PASS: FuzzTxfetcher/e14727d6df9c3423e893e02f440481e59b7780a2 (0.00s)
    --- PASS: FuzzTxfetcher/e14da1ac84aa80a21512691c0a50413b651f3527 (0.00s)
    --- PASS: FuzzTxfetcher/e1b4896b50889967c907a0750cc01cc153175c76 (0.00s)
    --- PASS: FuzzTxfetcher/e2283d894610f6b263a4b57b2aee5434fcece3d2 (0.00s)
    --- PASS: FuzzTxfetcher/e25e50cc61e668f9fa40f4aadd7d05c9346025e4 (0.00s)
    --- PASS: FuzzTxfetcher/e28765bfe29e454e1b43bb8f6fb1542ea70ed0a6 (0.00s)
    --- PASS: FuzzTxfetcher/e31acfb60ca03ebd3f1383621612563658336f81 (0.00s)
    --- PASS: FuzzTxfetcher/e3910d319ca909d433cc9f77682fa10fa59002f2 (0.00s)
    --- PASS: FuzzTxfetcher/e3fcc6d45a43585c72f40f788a390d3bfd809740 (0.00s)
    --- PASS: FuzzTxfetcher/e4083e48e25b9a2054f12eb54abd579d15d5a200 (0.00s)
    --- PASS: FuzzTxfetcher/e4962aad9ad28ac0e7806b93e0ca4f503b73d3d6 (0.00s)
    --- PASS: FuzzTxfetcher/e4d02bae62dd6b2bd02e14004ec7b0849db7a511 (0.00s)
    --- PASS: FuzzTxfetcher/e4d10703c09a00580c6d829222e8cb83132efdfc (0.00s)
    --- PASS: FuzzTxfetcher/e565137658ce7c7a7d55a2a002c5e331c4ec2ab9 (0.00s)
    --- PASS: FuzzTxfetcher/e5bc9463bfa990def556ad7f2eaa64261084a8bb (0.00s)
    --- PASS: FuzzTxfetcher/e5f90901668fa9364a6341b8cb1dbd3bdb2f7002 (0.00s)
    --- PASS: FuzzTxfetcher/e689ef9d4f18a95b1b1afc02b8af9028754a3dae (0.00s)
    --- PASS: FuzzTxfetcher/e83cb144e2bf87381424e847fae2594c309b2a53 (0.00s)
    --- PASS: FuzzTxfetcher/e8f279ee7e5911ca8f6324b510d92e17dbf3ee01 (0.00s)
    --- PASS: FuzzTxfetcher/e943f6e9cfa24c456ffabec16e0ed639a9ddb592 (0.00s)
    --- PASS: FuzzTxfetcher/e952297e0863cabd21b8ed45c793316ad3e556bd (0.00s)
    --- PASS: FuzzTxfetcher/e9a9a24b26c06607f38466f430876808913ba44d (0.00s)
    --- PASS: FuzzTxfetcher/ea0adc6da226c4c7e64eba30010e9b3722caed79 (0.00s)
    --- PASS: FuzzTxfetcher/ea2e1abfa4aeea73e66e399383d85dc22b3c4a4c (0.00s)
    --- PASS: FuzzTxfetcher/ea5761589af18888f97b41bbf5b550426338a192 (0.00s)
    --- PASS: FuzzTxfetcher/eb6d54b548e2c78a902439bd5ee0b2b59276211d (0.00s)
    --- PASS: FuzzTxfetcher/ed238c90c4ab5e34757ec4149bbc20527e84ec61 (0.00s)
    --- PASS: FuzzTxfetcher/edb477390048964297c6369fe18324f4fdc01390 (0.00s)
    --- PASS: FuzzTxfetcher/edbc57caff2a2859ac2df90b411e001634dbcfe8 (0.00s)
    --- PASS: FuzzTxfetcher/edf99d319ab0fd614e236f2192057a98453c0eff (0.00s)
    --- PASS: FuzzTxfetcher/edff841368690214c25044160b800e0ad92e078f (0.00s)
    --- PASS: FuzzTxfetcher/ee575f5c0e910ad0ced75b78f09a1d4d741189df (0.00s)
    --- PASS: FuzzTxfetcher/ee89d3dab6fcf20d1c4daf8c9e0a0e5887b850fa (0.00s)
    --- PASS: FuzzTxfetcher/eeba06e8a15189637074cb5051d3ba287c840cb7 (0.00s)
    --- PASS: FuzzTxfetcher/ef199493cbb8c969aa5a9f09d3bee70bac5d4ace (0.00s)
    --- PASS: FuzzTxfetcher/ef8cbc8503a0888f07ae54e9241d85951cd8805b (0.00s)
    --- PASS: FuzzTxfetcher/f183fad2abae305d225d59613b44f43ed6f7b68d (0.00s)
    --- PASS: FuzzTxfetcher/f1fbd6e90e4a36a1054fd053643fb381fe1fe7f4 (0.00s)
    --- PASS: FuzzTxfetcher/f2e5ace48b0d6074d4d9f4c956d571ed16f42c8b (0.00s)
    --- PASS: FuzzTxfetcher/f350fce02d41e77563770aabe0878dc933bcf288 (0.00s)
    --- PASS: FuzzTxfetcher/f4474aedb02add1a4ae2daab4b17e4b416e6b296 (0.00s)
    --- PASS: FuzzTxfetcher/f4ab3a6efacb80e692e7ff76a4ca5849c0dd470b (0.00s)
    --- PASS: FuzzTxfetcher/f59df26134f2ecd3822e2ce32a96e685d367092e (0.00s)
    --- PASS: FuzzTxfetcher/f6850ca3203e182484d3a3281125da97fb0b6a6e (0.00s)
    --- PASS: FuzzTxfetcher/f7487bfe50f117bed87e0f37eaedc9f61ee671eb (0.00s)
    --- PASS: FuzzTxfetcher/f7be3f6b5ba2d3450cecaec34df864e1d3a738f3 (0.00s)
    --- PASS: FuzzTxfetcher/f7e47e799ff04e296768de846b34b4c772dd207f (0.00s)
    --- PASS: FuzzTxfetcher/f7fa7d1accc858dd036e2124521dfdd16b9e72ba (0.00s)
    --- PASS: FuzzTxfetcher/f8a02b18491daf9a996c0732b0fdc5a2b35331e5 (0.00s)
    --- PASS: FuzzTxfetcher/f92a5aea4f166876294921d805ad6a1d0a9c1f7c (0.00s)
    --- PASS: FuzzTxfetcher/fa25f028051e198c75aacef6b09b60002237389d (0.00s)
    --- PASS: FuzzTxfetcher/fadb1886536fd92b5c645234494ff10bc0cf09be (0.00s)
    --- PASS: FuzzTxfetcher/fb05e6e23c08f55eef11b871cdb0c0f0655b1f0e (0.00s)
    --- PASS: FuzzTxfetcher/fb15908e83e9a005e7a9ce26680c8a6728a115ba (0.00s)
    --- PASS: FuzzTxfetcher/fb27c3bd1e6320fc99b45628dd0164432dc02a85 (0.00s)
    --- PASS: FuzzTxfetcher/fb59274d72f67f8710b93e148042f6bf0c782abf (0.00s)
    --- PASS: FuzzTxfetcher/fbf938489f82914083b8007dba2bd02119be2f70 (0.00s)
    --- PASS: FuzzTxfetcher/fc0d60a300eb2fe348030126382bd7b8cf1ede15 (0.00s)
    --- PASS: FuzzTxfetcher/fc7ca22f7d8fb27e9e5df9ee26df38b9355e1d61 (0.00s)
    --- PASS: FuzzTxfetcher/fd8e31a68a044dc6e6e2cc39dc65d7e8f74a368e (0.00s)
    --- PASS: FuzzTxfetcher/fdc86dd2fe49fc45db5a6508f1fbf5241bcdd7ab (0.00s)
    --- PASS: FuzzTxfetcher/fdf741ec9be9bf75a1d51833188ec0a432888db2 (0.00s)
    --- PASS: FuzzTxfetcher/fe17a3b77ace115a9af5094b43ca3a1b6f21450f (0.00s)
    --- PASS: FuzzTxfetcher/fea2c2ccde130163d23d2a7e918e798de2add066 (0.00s)
    --- PASS: FuzzTxfetcher/ffee488f6a563b3df9d43385421aa4a3c75f1dfa (0.00s)
PASS
coverage: 89.8% of statements
ok  	github.com/morph-l2/go-ethereum/tests/fuzzers/txfetcher	0.222s	coverage: 89.8% of statements
